2019-01-15 02:34:50,597 - INFO - #########################
2019-01-15 02:34:50,598 - INFO - 
2019-01-15 02:34:50,598 - INFO - Starting a new sweep, grouping news by: High_YES_1_1_1
2019-01-15 02:34:55,252 - INFO - Starting a new sweep with market features: basic
2019-01-15 02:34:55,252 - INFO - Starting a new sweep, features before the publication are: included
2019-01-15 02:34:55,252 - INFO - Starting a new sweep, delay in between buying-selling is: 0_30
2019-01-15 02:34:55,252 - INFO - Starting a new sweep for grid mode: basic
2019-01-15 02:34:55,252 - INFO - List of dynamic market fields: ['volatility_60_0_before', 'pips_agg_60_0_before', 'datetime', 'pips_candle_max_0_30_after']
2019-01-15 02:34:55,384 - INFO - X columns for the classification model: ['High', 'pe_worse', 'fe_accurate', 'weekday', 'num_news', 'fe_worse', 'pe_accurate', 'year', 'week', 'previous_error_diff_deviation', 'previous_error_diff_outlier_class', 'new_id', 'pips_agg_60_0_before', 'pe_better', 'volatility_60_0_before', 'forecast_error_diff_deviation', 'fe_better', 'forecast_error_diff_outlier_class']
2019-01-15 02:34:55,384 - INFO - y dependent variable: reaction_max_0_30_after
2019-01-15 02:34:55,395 - INFO - Starting KNeighborsClassifier
2019-01-15 02:35:03,597 - INFO - Starting SVC - rbf
/anaconda3/lib/python3.6/site-packages/sklearn/metrics/classification.py:1143: UndefinedMetricWarning: Precision and F-score are ill-defined and being set to 0.0 in labels with no predicted samples.
  'precision', 'predicted', average, warn_for)
2019-01-15 02:35:12,967 - INFO - Starting DecisionTreeClassifier
2019-01-15 02:35:14,555 - INFO - Starting RandomForestClassifier
2019-01-15 02:37:46,127 - INFO - Starting XGBClassifier
2019-01-15 02:37:47,583 - INFO - Starting GradientBoostingClassifier
2019-01-15 02:37:51,606 - INFO - Starting AdaBoostClassifier
2019-01-15 02:37:56,870 - INFO - X columns for the regression model: ['High', 'pe_worse', 'fe_accurate', 'weekday', 'num_news', 'fe_worse', 'pe_accurate', 'year', 'week', 'previous_error_diff_deviation', 'previous_error_diff_outlier_class', 'new_id', 'pips_agg_60_0_before', 'pe_better', 'volatility_60_0_before', 'forecast_error_diff_deviation', 'fe_better', 'forecast_error_diff_outlier_class']
2019-01-15 02:37:56,876 - INFO - Starting KNeighborsRegressor
/anaconda3/lib/python3.6/site-packages/sklearn/model_selection/_search.py:841: DeprecationWarning: The default of the `iid` parameter will change from True to False in version 0.22 and will be removed in 0.24. This will change numeric results when test-set sizes are unequal.
  DeprecationWarning)
2019-01-15 02:38:03,703 - INFO - Starting SVR - rbf
/anaconda3/lib/python3.6/site-packages/sklearn/model_selection/_search.py:841: DeprecationWarning: The default of the `iid` parameter will change from True to False in version 0.22 and will be removed in 0.24. This will change numeric results when test-set sizes are unequal.
  DeprecationWarning)
2019-01-15 02:38:12,899 - INFO - Starting DecisionTreeRegressor
/anaconda3/lib/python3.6/site-packages/sklearn/model_selection/_search.py:841: DeprecationWarning: The default of the `iid` parameter will change from True to False in version 0.22 and will be removed in 0.24. This will change numeric results when test-set sizes are unequal.
  DeprecationWarning)
2019-01-15 02:38:14,984 - INFO - Starting RandomForestRegressor
2019-01-15 02:47:44,640 - INFO - #########################
2019-01-15 02:47:44,640 - INFO - 
2019-01-15 02:47:44,640 - INFO - Starting a new sweep, grouping news by: High_YES_1_1_1
2019-01-15 02:47:49,691 - INFO - Starting a new sweep with market features: basic
2019-01-15 02:47:49,691 - INFO - Starting a new sweep, features before the publication are: included
2019-01-15 02:47:49,691 - INFO - Starting a new sweep, delay in between buying-selling is: 0_30
2019-01-15 02:47:49,692 - INFO - Starting a new sweep for grid mode: basic
2019-01-15 02:47:49,692 - INFO - List of dynamic market fields: ['volatility_60_0_before', 'pips_agg_60_0_before', 'datetime', 'pips_candle_max_0_30_after']
2019-01-15 02:47:49,937 - INFO - X columns for the classification model: ['fe_better', 'forecast_error_diff_deviation', 'previous_error_diff_outlier_class', 'week', 'volatility_60_0_before', 'new_id', 'fe_accurate', 'pips_agg_60_0_before', 'num_news', 'forecast_error_diff_outlier_class', 'High', 'pe_accurate', 'fe_worse', 'previous_error_diff_deviation', 'pe_better', 'pe_worse', 'weekday', 'year']
2019-01-15 02:47:49,937 - INFO - y dependent variable: reaction_max_0_30_after
2019-01-15 02:47:49,960 - INFO - Starting KNeighborsClassifier
2019-01-15 02:47:58,527 - INFO - Starting SVC - rbf
/anaconda3/lib/python3.6/site-packages/sklearn/metrics/classification.py:1143: UndefinedMetricWarning: Precision and F-score are ill-defined and being set to 0.0 in labels with no predicted samples.
  'precision', 'predicted', average, warn_for)
2019-01-15 02:48:08,299 - INFO - Starting DecisionTreeClassifier
2019-01-15 02:48:10,019 - INFO - Starting RandomForestClassifier
2019-01-15 02:50:37,959 - INFO - Starting XGBClassifier
2019-01-15 02:50:39,070 - INFO - Starting GradientBoostingClassifier
2019-01-15 02:50:42,572 - INFO - Starting AdaBoostClassifier
2019-01-15 02:50:48,491 - INFO - X columns for the regression model: ['fe_better', 'forecast_error_diff_deviation', 'previous_error_diff_outlier_class', 'week', 'volatility_60_0_before', 'new_id', 'fe_accurate', 'pips_agg_60_0_before', 'num_news', 'forecast_error_diff_outlier_class', 'High', 'pe_accurate', 'fe_worse', 'previous_error_diff_deviation', 'pe_better', 'pe_worse', 'weekday', 'year']
2019-01-15 02:50:48,498 - INFO - Starting KNeighborsRegressor
/anaconda3/lib/python3.6/site-packages/sklearn/model_selection/_search.py:841: DeprecationWarning: The default of the `iid` parameter will change from True to False in version 0.22 and will be removed in 0.24. This will change numeric results when test-set sizes are unequal.
  DeprecationWarning)
2019-01-15 02:50:55,578 - INFO - Starting SVR - rbf
/anaconda3/lib/python3.6/site-packages/sklearn/model_selection/_search.py:841: DeprecationWarning: The default of the `iid` parameter will change from True to False in version 0.22 and will be removed in 0.24. This will change numeric results when test-set sizes are unequal.
  DeprecationWarning)
2019-01-15 02:51:04,428 - INFO - Starting DecisionTreeRegressor
/anaconda3/lib/python3.6/site-packages/sklearn/model_selection/_search.py:841: DeprecationWarning: The default of the `iid` parameter will change from True to False in version 0.22 and will be removed in 0.24. This will change numeric results when test-set sizes are unequal.
  DeprecationWarning)
2019-01-15 02:51:05,878 - INFO - Starting RandomForestRegressor
/anaconda3/lib/python3.6/site-packages/sklearn/model_selection/_search.py:841: DeprecationWarning: The default of the `iid` parameter will change from True to False in version 0.22 and will be removed in 0.24. This will change numeric results when test-set sizes are unequal.
  DeprecationWarning)
2019-01-15 02:54:02,657 - INFO - Starting XGBRegressor
/anaconda3/lib/python3.6/site-packages/sklearn/model_selection/_search.py:841: DeprecationWarning: The default of the `iid` parameter will change from True to False in version 0.22 and will be removed in 0.24. This will change numeric results when test-set sizes are unequal.
  DeprecationWarning)
2019-01-15 02:54:03,799 - INFO - Starting GradientBoostingRegressor
/anaconda3/lib/python3.6/site-packages/sklearn/model_selection/_search.py:841: DeprecationWarning: The default of the `iid` parameter will change from True to False in version 0.22 and will be removed in 0.24. This will change numeric results when test-set sizes are unequal.
  DeprecationWarning)
2019-01-15 02:54:05,818 - INFO - Starting AdaBoostRegressor
/anaconda3/lib/python3.6/site-packages/sklearn/model_selection/_search.py:841: DeprecationWarning: The default of the `iid` parameter will change from True to False in version 0.22 and will be removed in 0.24. This will change numeric results when test-set sizes are unequal.
  DeprecationWarning)
2019-01-15 02:54:09,810 - INFO - sweep done in: 6.34 min
2019-01-15 02:54:09,812 - INFO - Starting a new sweep for grid mode: basic
2019-01-15 02:54:09,813 - INFO - List of dynamic market fields: ['volatility_60_0_before', 'pips_agg_60_0_before', 'datetime', 'pips_candle_min_0_30_after']
2019-01-15 02:54:10,235 - INFO - X columns for the classification model: ['fe_better', 'forecast_error_diff_deviation', 'previous_error_diff_outlier_class', 'week', 'volatility_60_0_before', 'new_id', 'fe_accurate', 'pips_agg_60_0_before', 'num_news', 'forecast_error_diff_outlier_class', 'High', 'pe_accurate', 'fe_worse', 'previous_error_diff_deviation', 'pe_better', 'pe_worse', 'weekday', 'year']
2019-01-15 02:54:10,235 - INFO - y dependent variable: reaction_min_0_30_after
2019-01-15 02:54:10,259 - INFO - Starting KNeighborsClassifier
2019-01-15 02:54:18,311 - INFO - Starting SVC - rbf
/anaconda3/lib/python3.6/site-packages/sklearn/metrics/classification.py:1143: UndefinedMetricWarning: Precision and F-score are ill-defined and being set to 0.0 in labels with no predicted samples.
  'precision', 'predicted', average, warn_for)
2019-01-15 02:54:27,573 - INFO - Starting DecisionTreeClassifier
2019-01-15 02:54:29,168 - INFO - Starting RandomForestClassifier
2019-01-15 02:56:54,984 - INFO - Starting XGBClassifier
2019-01-15 02:56:56,084 - INFO - Starting GradientBoostingClassifier
2019-01-15 02:56:59,287 - INFO - Starting AdaBoostClassifier
2019-01-15 02:57:11,328 - INFO - #########################
2019-01-15 02:57:11,328 - INFO - 
2019-01-15 02:57:11,328 - INFO - Starting a new sweep, grouping news by: ALL_NO_1_1_1
2019-01-15 02:57:11,379 - INFO - #########################
2019-01-15 02:57:11,380 - INFO - 
2019-01-15 02:57:11,380 - INFO - Starting a new sweep, grouping news by: ALL_NO_1_1_1
2019-01-15 02:57:11,402 - INFO - #########################
2019-01-15 02:57:11,403 - INFO - 
2019-01-15 02:57:11,403 - INFO - Starting a new sweep, grouping news by: ALL_NO_1_1_1
2019-01-15 02:57:11,470 - INFO - #########################
2019-01-15 02:57:11,471 - INFO - 
2019-01-15 02:57:11,471 - INFO - Starting a new sweep, grouping news by: ALL_NO_1_1_1
2019-01-15 02:57:11,548 - INFO - #########################
2019-01-15 02:57:11,549 - INFO - 
2019-01-15 02:57:11,549 - INFO - Starting a new sweep, grouping news by: ALL_NO_1_1_1
2019-01-15 02:57:11,553 - INFO - #########################
2019-01-15 02:57:11,554 - INFO - 
2019-01-15 02:57:11,554 - INFO - Starting a new sweep, grouping news by: ALL_NO_1_1_1
2019-01-15 02:57:11,583 - INFO - #########################
2019-01-15 02:57:11,584 - INFO - 
2019-01-15 02:57:11,584 - INFO - Starting a new sweep, grouping news by: ALL_NO_1_1_1
2019-01-15 02:57:11,737 - INFO - #########################
2019-01-15 02:57:11,737 - INFO - 
2019-01-15 02:57:11,737 - INFO - Starting a new sweep, grouping news by: ALL_NO_1_1_1
2019-01-15 02:57:11,895 - INFO - #########################
2019-01-15 02:57:11,898 - INFO - 
2019-01-15 02:57:11,898 - INFO - Starting a new sweep, grouping news by: ALL_NO_1_1_1
2019-01-15 02:57:11,970 - INFO - #########################
2019-01-15 02:57:11,970 - INFO - 
2019-01-15 02:57:11,970 - INFO - Starting a new sweep, grouping news by: ALL_NO_1_1_1
2019-01-15 02:57:12,036 - INFO - #########################
2019-01-15 02:57:12,036 - INFO - 
2019-01-15 02:57:12,037 - INFO - Starting a new sweep, grouping news by: ALL_NO_1_1_1
2019-01-15 02:57:12,178 - INFO - #########################
2019-01-15 02:57:12,178 - INFO - 
2019-01-15 02:57:12,178 - INFO - Starting a new sweep, grouping news by: ALL_NO_1_1_1
2019-01-15 02:57:27,914 - INFO - X columns for the regression model: ['fe_better', 'forecast_error_diff_deviation', 'previous_error_diff_outlier_class', 'week', 'volatility_60_0_before', 'new_id', 'fe_accurate', 'pips_agg_60_0_before', 'num_news', 'forecast_error_diff_outlier_class', 'High', 'pe_accurate', 'fe_worse', 'previous_error_diff_deviation', 'pe_better', 'pe_worse', 'weekday', 'year']
2019-01-15 02:57:27,956 - INFO - Starting KNeighborsRegressor
2019-01-15 02:58:06,594 - INFO - Starting SVR - rbf
