2019-01-15 02:43:15,425 - INFO - Reading dukascopy file...
2019-01-15 02:43:36,190 - INFO - Processing year: 2007 for news from: USD in the pair: EURUSD
2019-01-15 02:43:55,165 - INFO - Processed year: 2007 for news from: USD in the pair: EURUSD
2019-01-15 02:43:55,165 - INFO - Processing year: 2008 for news from: USD in the pair: EURUSD
2019-01-15 02:43:55,335 - ERROR - These 3 news extracted from forexfactory have nan in some columns
2019-01-15 02:43:55,338 - ERROR - [[1103 'Reject' 'USD' Timestamp('2008-09-29 13:42:00') 'Pass' 'accurate'
  'High' 'Economic Stabilization Bill Vote' nan 'accurate' 40 1
  Timestamp('2008-09-29 17:40:00+0000', tz='GMT')]
 [1159 'Pass' 'USD' Timestamp('2008-10-01 21:35:00') 'Pass' 'accurate'
  'High' 'Economic Stabilization Bill Vote' nan 'accurate' 40 1
  Timestamp('2008-10-02 01:35:00+0000', tz='GMT')]
 [1194 'Pass' 'USD' Timestamp('2008-10-03 13:23:00') 'Pass' 'accurate'
  'High' 'Economic Stabilization Bill Vote' nan 'accurate' 40 1
  Timestamp('2008-10-03 17:25:00+0000', tz='GMT')]]
2019-01-15 02:43:55,341 - ERROR - Removed these rows from the dataframe
2019-01-15 02:44:12,030 - INFO - Processed year: 2008 for news from: USD in the pair: EURUSD
2019-01-15 02:44:12,030 - INFO - Processing year: 2009 for news from: USD in the pair: EURUSD
2019-01-15 02:44:30,175 - INFO - Processed year: 2009 for news from: USD in the pair: EURUSD
2019-01-15 02:44:30,175 - INFO - Processing year: 2010 for news from: USD in the pair: EURUSD
2019-01-15 02:44:30,350 - ERROR - These 1 news extracted from forexfactory have nan in some columns
2019-01-15 02:44:30,352 - ERROR - [[4191 'Pass' 'USD' Timestamp('2010-01-28 15:59:00') 'Pass' 'accurate'
  'High' 'Fed Chairman Nomination Vote' nan 'accurate' 5 0
  Timestamp('2010-01-28 21:00:00+0000', tz='GMT')]]
2019-01-15 02:44:30,355 - ERROR - Removed these rows from the dataframe
2019-01-15 02:44:47,005 - INFO - Processed year: 2010 for news from: USD in the pair: EURUSD
2019-01-15 02:44:47,005 - INFO - Processing year: 2011 for news from: USD in the pair: EURUSD
2019-01-15 02:45:04,305 - INFO - Processed year: 2011 for news from: USD in the pair: EURUSD
2019-01-15 02:45:04,305 - INFO - Processing year: 2012 for news from: USD in the pair: EURUSD
2019-01-15 02:45:21,624 - INFO - Processed year: 2012 for news from: USD in the pair: EURUSD
2019-01-15 02:45:21,624 - INFO - Processing year: 2013 for news from: USD in the pair: EURUSD
2019-01-15 02:45:38,708 - INFO - Processed year: 2013 for news from: USD in the pair: EURUSD
2019-01-15 02:45:38,709 - INFO - Processing year: 2014 for news from: USD in the pair: EURUSD
2019-01-15 02:45:38,903 - ERROR - These 1 news extracted from forexfactory have nan in some columns
2019-01-15 02:45:38,906 - ERROR - [[4316 'Pass' 'USD' Timestamp('2014-01-06 18:00:00') 'Pass' 'accurate'
  'High' 'Fed Chairman Nomination Vote' nan 'accurate' 2 0
  Timestamp('2014-01-06 23:00:00+0000', tz='GMT')]]
2019-01-15 02:45:38,910 - ERROR - Removed these rows from the dataframe
2019-01-15 02:45:55,837 - INFO - Processed year: 2014 for news from: USD in the pair: EURUSD
2019-01-15 02:45:55,837 - INFO - Processing year: 2015 for news from: USD in the pair: EURUSD
2019-01-15 02:46:13,039 - INFO - Processed year: 2015 for news from: USD in the pair: EURUSD
2019-01-15 02:46:13,040 - INFO - Processing year: 2016 for news from: USD in the pair: EURUSD
2019-01-15 02:46:30,134 - INFO - Processed year: 2016 for news from: USD in the pair: EURUSD
2019-01-15 02:46:30,134 - INFO - Processing year: 2017 for news from: USD in the pair: EURUSD
2019-01-15 02:46:47,324 - INFO - Processed year: 2017 for news from: USD in the pair: EURUSD
2019-01-15 02:46:47,324 - INFO - Processing year: 2018 for news from: USD in the pair: EURUSD
2019-01-15 02:47:04,293 - INFO - Processed year: 2018 for news from: USD in the pair: EURUSD
2019-01-15 02:47:04,294 - INFO - Compute deviation with actual values from the previous publication
2019-01-15 02:47:08,882 - INFO - Adding deviation ratio + outlier flag between forecast and actual
2019-01-15 02:47:10,249 - INFO - mean and std were zero but this value is != 0. Ratio: -1.1
2019-01-15 02:47:10,605 - INFO - mean and std were zero but this value is != 0. Ratio: -1.1
2019-01-15 02:47:11,045 - INFO - mean and std were zero but this value is != 0. Ratio: 1.1
2019-01-15 02:47:12,623 - INFO - mean and std were zero but this value is != 0. Ratio: -1.1
2019-01-15 02:47:12,903 - INFO - mean and std were zero but this value is != 0. Ratio: -1.25
2019-01-15 02:47:12,904 - INFO - mean and std were zero but this value is != 0. Ratio: -1.25
2019-01-15 02:47:13,101 - INFO - mean and std were zero but this value is != 0. Ratio: 1.1
2019-01-15 02:47:13,112 - INFO - mean and std were zero but this value is != 0. Ratio: 1.1
2019-01-15 02:47:13,118 - INFO - mean and std were zero but this value is != 0. Ratio: -1.1
2019-01-15 02:47:13,121 - INFO - mean and std were zero but this value is != 0. Ratio: 1.1
2019-01-15 02:47:14,969 - INFO - mean and std were zero but this value is != 0. Ratio: -1.1
2019-01-15 02:47:15,797 - INFO - Adding correction ratio + outlier flag for previous published values
2019-01-15 02:47:15,948 - INFO - mean and std were zero but this value is != 0. Ratio: -1.1
2019-01-15 02:47:16,565 - INFO - mean and std were zero but this value is != 0. Ratio: -2.0
2019-01-15 02:47:16,567 - INFO - mean and std were zero but this value is != 0. Ratio: -2.0
2019-01-15 02:47:16,570 - INFO - mean and std were zero but this value is != 0. Ratio: -3.0
2019-01-15 02:47:17,149 - INFO - mean and std were zero but this value is != 0. Ratio: 1.1
2019-01-15 02:47:17,153 - INFO - mean and std were zero but this value is != 0. Ratio: 1.1
2019-01-15 02:47:17,156 - INFO - mean and std were zero but this value is != 0. Ratio: -1.1
2019-01-15 02:47:17,235 - INFO - mean and std were zero but this value is != 0. Ratio: -2.9
2019-01-15 02:47:17,238 - INFO - mean and std were zero but this value is != 0. Ratio: -1.2
2019-01-15 02:47:17,240 - INFO - mean and std were zero but this value is != 0. Ratio: -1.1
2019-01-15 02:47:17,243 - INFO - mean and std were zero but this value is != 0. Ratio: -2.3
2019-01-15 02:47:17,245 - INFO - mean and std were zero but this value is != 0. Ratio: -1.2
2019-01-15 02:47:17,424 - INFO - mean and std were zero but this value is != 0. Ratio: -1.3
2019-01-15 02:47:17,519 - INFO - mean and std were zero but this value is != 0. Ratio: -1.3
2019-01-15 02:47:17,615 - INFO - mean and std were zero but this value is != 0. Ratio: 4.8
2019-01-15 02:47:17,943 - INFO - mean and std were zero but this value is != 0. Ratio: 2.0
2019-01-15 02:47:17,944 - INFO - mean and std were zero but this value is != 0. Ratio: -2.0
2019-01-15 02:47:17,948 - INFO - mean and std were zero but this value is != 0. Ratio: -2.0
2019-01-15 02:47:17,949 - INFO - mean and std were zero but this value is != 0. Ratio: -2.0
2019-01-15 02:47:17,955 - INFO - mean and std were zero but this value is != 0. Ratio: -2.0
2019-01-15 02:47:17,958 - INFO - mean and std were zero but this value is != 0. Ratio: -2.0
2019-01-15 02:47:17,963 - INFO - mean and std were zero but this value is != 0. Ratio: 2.0
2019-01-15 02:47:17,968 - INFO - mean and std were zero but this value is != 0. Ratio: -2.0
2019-01-15 02:47:18,144 - INFO - mean and std were zero but this value is != 0. Ratio: -1.01
2019-01-15 02:47:18,144 - INFO - mean and std were zero but this value is != 0. Ratio: 1.05
2019-01-15 02:47:18,146 - INFO - mean and std were zero but this value is != 0. Ratio: -1.01
2019-01-15 02:47:18,146 - INFO - mean and std were zero but this value is != 0. Ratio: -1.01
2019-01-15 02:47:18,148 - INFO - mean and std were zero but this value is != 0. Ratio: -1.01
2019-01-15 02:47:18,149 - INFO - mean and std were zero but this value is != 0. Ratio: 1.03
2019-01-15 02:47:18,151 - INFO - mean and std were zero but this value is != 0. Ratio: -1.01
2019-01-15 02:47:18,153 - INFO - mean and std were zero but this value is != 0. Ratio: -1.01
2019-01-15 02:47:18,153 - INFO - mean and std were zero but this value is != 0. Ratio: -1.01
2019-01-15 02:47:18,154 - INFO - mean and std were zero but this value is != 0. Ratio: -1.01
2019-01-15 02:47:18,154 - INFO - mean and std were zero but this value is != 0. Ratio: -1.02
2019-01-15 02:47:18,154 - INFO - mean and std were zero but this value is != 0. Ratio: -1.01
2019-01-15 02:47:18,155 - INFO - mean and std were zero but this value is != 0. Ratio: -1.01
2019-01-15 02:47:18,155 - INFO - mean and std were zero but this value is != 0. Ratio: -1.01
2019-01-15 02:47:18,156 - INFO - mean and std were zero but this value is != 0. Ratio: -1.01
2019-01-15 02:47:18,156 - INFO - mean and std were zero but this value is != 0. Ratio: -1.02
2019-01-15 02:47:18,157 - INFO - mean and std were zero but this value is != 0. Ratio: -1.01
2019-01-15 02:47:18,158 - INFO - mean and std were zero but this value is != 0. Ratio: -1.03
2019-01-15 02:47:18,159 - INFO - mean and std were zero but this value is != 0. Ratio: -1.01
2019-01-15 02:47:18,159 - INFO - mean and std were zero but this value is != 0. Ratio: -1.01
2019-01-15 02:47:18,160 - INFO - mean and std were zero but this value is != 0. Ratio: -1.01
2019-01-15 02:47:18,160 - INFO - mean and std were zero but this value is != 0. Ratio: -1.01
2019-01-15 02:47:18,160 - INFO - mean and std were zero but this value is != 0. Ratio: -1.01
2019-01-15 02:47:18,160 - INFO - mean and std were zero but this value is != 0. Ratio: -1.02
2019-01-15 02:47:18,161 - INFO - mean and std were zero but this value is != 0. Ratio: -1.02
2019-01-15 02:47:18,162 - INFO - mean and std were zero but this value is != 0. Ratio: -1.01
2019-01-15 02:47:18,162 - INFO - mean and std were zero but this value is != 0. Ratio: -1.01
2019-01-15 02:47:18,163 - INFO - mean and std were zero but this value is != 0. Ratio: 1.03
2019-01-15 02:47:18,164 - INFO - mean and std were zero but this value is != 0. Ratio: -1.01
2019-01-15 02:47:18,165 - INFO - mean and std were zero but this value is != 0. Ratio: -1.03
2019-01-15 02:47:18,166 - INFO - mean and std were zero but this value is != 0. Ratio: -1.01
2019-01-15 02:47:18,166 - INFO - mean and std were zero but this value is != 0. Ratio: -1.01
2019-01-15 02:47:18,167 - INFO - mean and std were zero but this value is != 0. Ratio: 1.03
2019-01-15 02:47:18,170 - INFO - mean and std were zero but this value is != 0. Ratio: 1.03
2019-01-15 02:47:18,267 - INFO - mean and std were zero but this value is != 0. Ratio: -1.1
2019-01-15 02:47:18,270 - INFO - mean and std were zero but this value is != 0. Ratio: 1.1
2019-01-15 02:47:18,371 - INFO - mean and std were zero but this value is != 0. Ratio: -1.02
2019-01-15 02:47:18,371 - INFO - mean and std were zero but this value is != 0. Ratio: -1.01
2019-01-15 02:47:18,371 - INFO - mean and std were zero but this value is != 0. Ratio: 1.06
2019-01-15 02:47:18,372 - INFO - mean and std were zero but this value is != 0. Ratio: -1.02
2019-01-15 02:47:18,373 - INFO - mean and std were zero but this value is != 0. Ratio: -1.03
2019-01-15 02:47:18,374 - INFO - mean and std were zero but this value is != 0. Ratio: -1.01
2019-01-15 02:47:18,375 - INFO - mean and std were zero but this value is != 0. Ratio: -1.02
2019-01-15 02:47:18,375 - INFO - mean and std were zero but this value is != 0. Ratio: -1.02
2019-01-15 02:47:18,375 - INFO - mean and std were zero but this value is != 0. Ratio: 1.04
2019-01-15 02:47:18,376 - INFO - mean and std were zero but this value is != 0. Ratio: -1.01
2019-01-15 02:47:18,376 - INFO - mean and std were zero but this value is != 0. Ratio: -1.02
2019-01-15 02:47:18,380 - INFO - mean and std were zero but this value is != 0. Ratio: -1.01
2019-01-15 02:47:18,380 - INFO - mean and std were zero but this value is != 0. Ratio: -1.02
2019-01-15 02:47:18,381 - INFO - mean and std were zero but this value is != 0. Ratio: -1.02
2019-01-15 02:47:18,383 - INFO - mean and std were zero but this value is != 0. Ratio: -1.02
2019-01-15 02:47:18,383 - INFO - mean and std were zero but this value is != 0. Ratio: 1.05
2019-01-15 02:47:18,385 - INFO - mean and std were zero but this value is != 0. Ratio: 1.03
2019-01-15 02:47:18,387 - INFO - mean and std were zero but this value is != 0. Ratio: -1.02
2019-01-15 02:47:18,387 - INFO - mean and std were zero but this value is != 0. Ratio: -1.01
2019-01-15 02:47:18,388 - INFO - mean and std were zero but this value is != 0. Ratio: -1.02
2019-01-15 02:47:18,388 - INFO - mean and std were zero but this value is != 0. Ratio: -1.01
2019-01-15 02:47:18,388 - INFO - mean and std were zero but this value is != 0. Ratio: -1.02
2019-01-15 02:47:18,389 - INFO - mean and std were zero but this value is != 0. Ratio: -1.01
2019-01-15 02:47:18,389 - INFO - mean and std were zero but this value is != 0. Ratio: 1.05
2019-01-15 02:47:18,392 - INFO - mean and std were zero but this value is != 0. Ratio: -1.01
2019-01-15 02:47:18,883 - INFO - mean and std were zero but this value is != 0. Ratio: -1.01
2019-01-15 02:47:18,884 - INFO - mean and std were zero but this value is != 0. Ratio: -1.02
2019-01-15 02:47:18,884 - INFO - mean and std were zero but this value is != 0. Ratio: -1.01
2019-01-15 02:47:18,885 - INFO - mean and std were zero but this value is != 0. Ratio: -1.01
2019-01-15 02:47:18,885 - INFO - mean and std were zero but this value is != 0. Ratio: -1.02
2019-01-15 02:47:18,885 - INFO - mean and std were zero but this value is != 0. Ratio: -1.04
2019-01-15 02:47:18,887 - INFO - mean and std were zero but this value is != 0. Ratio: -1.05
2019-01-15 02:47:18,889 - INFO - mean and std were zero but this value is != 0. Ratio: -1.01
2019-01-15 02:47:18,889 - INFO - mean and std were zero but this value is != 0. Ratio: -1.02
2019-01-15 02:47:18,889 - INFO - mean and std were zero but this value is != 0. Ratio: -1.11
2019-01-15 02:47:18,895 - INFO - mean and std were zero but this value is != 0. Ratio: -1.02
2019-01-15 02:47:18,895 - INFO - mean and std were zero but this value is != 0. Ratio: -1.01
2019-01-15 02:47:18,896 - INFO - mean and std were zero but this value is != 0. Ratio: -1.01
2019-01-15 02:47:18,896 - INFO - mean and std were zero but this value is != 0. Ratio: -1.01
2019-01-15 02:47:18,896 - INFO - mean and std were zero but this value is != 0. Ratio: -1.01
2019-01-15 02:47:18,896 - INFO - mean and std were zero but this value is != 0. Ratio: -1.01
2019-01-15 02:47:18,897 - INFO - mean and std were zero but this value is != 0. Ratio: 1.03
2019-01-15 02:47:18,901 - INFO - mean and std were zero but this value is != 0. Ratio: -1.01
2019-01-15 02:47:18,902 - INFO - mean and std were zero but this value is != 0. Ratio: -1.02
2019-01-15 02:47:18,902 - INFO - mean and std were zero but this value is != 0. Ratio: -1.02
2019-01-15 02:47:18,902 - INFO - mean and std were zero but this value is != 0. Ratio: -1.03
2019-01-15 02:47:18,903 - INFO - mean and std were zero but this value is != 0. Ratio: -1.02
2019-01-15 02:47:18,904 - INFO - mean and std were zero but this value is != 0. Ratio: -1.01
2019-01-15 02:47:19,309 - INFO - mean and std were zero but this value is != 0. Ratio: -1.1
2019-01-15 02:47:19,312 - INFO - mean and std were zero but this value is != 0. Ratio: -1.2
2019-01-15 02:47:19,318 - INFO - mean and std were zero but this value is != 0. Ratio: -1.1
2019-01-15 02:47:20,033 - INFO - mean and std were zero but this value is != 0. Ratio: -1.75
2019-01-15 02:47:20,034 - INFO - mean and std were zero but this value is != 0. Ratio: -1.5
2019-01-15 02:47:20,229 - INFO - mean and std were zero but this value is != 0. Ratio: -1.1
2019-01-15 02:47:20,231 - INFO - mean and std were zero but this value is != 0. Ratio: 1.1
2019-01-15 02:47:20,233 - INFO - mean and std were zero but this value is != 0. Ratio: -1.1
2019-01-15 02:47:20,234 - INFO - mean and std were zero but this value is != 0. Ratio: 1.1
2019-01-15 02:47:20,237 - INFO - mean and std were zero but this value is != 0. Ratio: 1.1
2019-01-15 02:47:20,238 - INFO - mean and std were zero but this value is != 0. Ratio: 1.1
2019-01-15 02:47:20,245 - INFO - mean and std were zero but this value is != 0. Ratio: 1.1
2019-01-15 02:47:20,248 - INFO - mean and std were zero but this value is != 0. Ratio: -1.1
2019-01-15 02:47:20,460 - INFO - mean and std were zero but this value is != 0. Ratio: 1.1
2019-01-15 02:47:20,466 - INFO - mean and std were zero but this value is != 0. Ratio: -1.1
2019-01-15 02:47:20,470 - INFO - mean and std were zero but this value is != 0. Ratio: 1.1
2019-01-15 02:47:20,477 - INFO - mean and std were zero but this value is != 0. Ratio: -1.1
2019-01-15 02:47:20,694 - INFO - mean and std were zero but this value is != 0. Ratio: 2.6
2019-01-15 02:47:21,113 - INFO - mean and std were zero but this value is != 0. Ratio: 1.1
2019-01-15 02:47:21,115 - INFO - mean and std were zero but this value is != 0. Ratio: 1.1
2019-01-15 02:47:21,122 - INFO - mean and std were zero but this value is != 0. Ratio: 1.1
2019-01-15 02:47:21,127 - INFO - mean and std were zero but this value is != 0. Ratio: -1.1
2019-01-15 02:47:21,440 - INFO - mean and std were zero but this value is != 0. Ratio: -1.7
2019-01-15 02:47:22,981 - INFO - Adding deviation ratio + outlier flags for forecast and actual, including previous values
2019-01-15 02:47:24,740 - INFO - mean and std were zero but this value is != 0. Ratio: -1.1
2019-01-15 02:47:25,196 - INFO - mean and std were zero but this value is != 0. Ratio: 1.1
2019-01-15 02:47:26,762 - INFO - mean and std were zero but this value is != 0. Ratio: -1.1
2019-01-15 02:47:27,047 - INFO - mean and std were zero but this value is != 0. Ratio: -1.25
2019-01-15 02:47:27,048 - INFO - mean and std were zero but this value is != 0. Ratio: -1.5
2019-01-15 02:47:27,247 - INFO - mean and std were zero but this value is != 0. Ratio: -1.1
2019-01-15 02:47:27,257 - INFO - mean and std were zero but this value is != 0. Ratio: 1.1
2019-01-15 02:47:27,265 - INFO - mean and std were zero but this value is != 0. Ratio: -1.1
2019-01-15 02:47:27,268 - INFO - mean and std were zero but this value is != 0. Ratio: 1.1
2019-01-15 02:47:31,826 - INFO - End
