2018-11-04 21:16:29,223 - INFO - Scraping data for link: calendar.php?week=oct21.2018
2018-11-04 21:16:31,586 - INFO - Scraping data for link: calendar.php?week=oct14.2018
2018-11-04 21:16:32,954 - INFO - Scraping data for link: calendar.php?week=oct7.2018
2018-11-04 21:16:34,179 - INFO - Scraping data for link: calendar.php?week=sep30.2018
2018-11-04 21:16:35,828 - INFO - Scraping data for link: calendar.php?week=sep23.2018
2018-11-04 21:16:37,129 - INFO - Scraping data for link: calendar.php?week=sep16.2018
2018-11-04 21:16:38,461 - INFO - Scraping data for link: calendar.php?week=sep9.2018
2018-11-04 21:16:40,125 - INFO - Scraping data for link: calendar.php?week=sep2.2018
2018-11-04 21:16:41,620 - INFO - Scraping data for link: calendar.php?week=aug26.2018
2018-11-04 21:16:43,055 - INFO - Scraping data for link: calendar.php?week=aug19.2018
2018-11-04 21:16:44,264 - INFO - Scraping data for link: calendar.php?week=aug12.2018
2018-11-04 21:16:45,849 - INFO - Scraping data for link: calendar.php?week=aug5.2018
2018-11-04 21:16:47,376 - INFO - Scraping data for link: calendar.php?week=jul29.2018
2018-11-04 21:16:48,785 - INFO - Scraping data for link: calendar.php?week=jul22.2018
2018-11-04 21:16:50,030 - INFO - Scraping data for link: calendar.php?week=jul15.2018
2018-11-04 21:16:51,356 - INFO - Scraping data for link: calendar.php?week=jul8.2018
2018-11-04 21:16:52,641 - INFO - Scraping data for link: calendar.php?week=jul1.2018
2018-11-04 21:16:53,913 - INFO - Scraping data for link: calendar.php?week=jun24.2018
2018-11-04 21:16:55,375 - INFO - Scraping data for link: calendar.php?week=jun17.2018
2018-11-04 21:16:57,019 - INFO - Scraping data for link: calendar.php?week=jun10.2018
2018-11-04 21:16:58,468 - INFO - Scraping data for link: calendar.php?week=jun3.2018
2018-11-04 21:17:00,422 - INFO - Scraping data for link: calendar.php?week=may27.2018
2018-11-04 21:17:01,946 - INFO - Scraping data for link: calendar.php?week=may20.2018
2018-11-04 21:17:04,385 - INFO - Scraping data for link: calendar.php?week=may13.2018
2018-11-04 21:17:05,914 - INFO - Scraping data for link: calendar.php?week=may6.2018
2018-11-04 21:17:07,793 - INFO - Scraping data for link: calendar.php?week=apr29.2018
2018-11-04 21:17:09,633 - INFO - Scraping data for link: calendar.php?week=apr22.2018
2018-11-04 21:17:12,415 - INFO - Scraping data for link: calendar.php?week=apr15.2018
2018-11-04 21:17:13,908 - INFO - Scraping data for link: calendar.php?week=apr8.2018
2018-11-04 21:17:15,343 - INFO - Scraping data for link: calendar.php?week=apr1.2018
2018-11-04 21:17:17,437 - INFO - Scraping data for link: calendar.php?week=mar25.2018
2018-11-04 21:17:19,091 - INFO - Scraping data for link: calendar.php?week=mar18.2018
2018-11-04 21:17:20,631 - INFO - Scraping data for link: calendar.php?week=mar11.2018
2018-11-04 21:17:22,324 - INFO - Scraping data for link: calendar.php?week=mar4.2018
2018-11-04 21:17:23,872 - INFO - Scraping data for link: calendar.php?week=feb25.2018
2018-11-04 21:17:25,429 - INFO - Scraping data for link: calendar.php?week=feb18.2018
2018-11-04 21:17:26,805 - INFO - Scraping data for link: calendar.php?week=feb11.2018
2018-11-04 21:17:28,391 - INFO - Scraping data for link: calendar.php?week=feb4.2018
2018-11-04 21:17:30,026 - INFO - Scraping data for link: calendar.php?week=jan28.2018
2018-11-04 21:17:31,715 - INFO - Scraping data for link: calendar.php?week=jan21.2018
2018-11-04 21:17:33,508 - INFO - Scraping data for link: calendar.php?week=jan14.2018
2018-11-04 21:17:34,914 - INFO - Scraping data for link: calendar.php?week=jan7.2018
2018-11-04 21:17:36,378 - INFO - Scraping data for link: calendar.php?week=dec31.2017
2018-11-04 21:17:37,864 - INFO - Successfully retrieved data for year: 2018
2018-11-04 21:17:37,923 - INFO - Scraping data for link: calendar.php?week=dec24.2017
2018-11-04 21:17:39,258 - INFO - Scraping data for link: calendar.php?week=dec17.2017
2018-11-04 21:17:40,998 - INFO - Scraping data for link: calendar.php?week=dec10.2017
2018-11-04 21:17:42,543 - INFO - Scraping data for link: calendar.php?week=dec3.2017
2018-11-04 21:17:44,014 - INFO - Scraping data for link: calendar.php?week=nov26.2017
2018-11-04 21:17:45,834 - INFO - Scraping data for link: calendar.php?week=nov19.2017
2018-11-04 21:17:47,223 - INFO - Scraping data for link: calendar.php?week=nov12.2017
2018-11-04 21:17:48,674 - INFO - Scraping data for link: calendar.php?week=nov5.2017
2018-11-04 21:17:50,145 - INFO - Scraping data for link: calendar.php?week=oct29.2017
2018-11-04 21:17:51,685 - INFO - Scraping data for link: calendar.php?week=oct22.2017
2018-11-04 21:17:53,055 - INFO - Scraping data for link: calendar.php?week=oct15.2017
2018-11-04 21:17:54,555 - INFO - Scraping data for link: calendar.php?week=oct8.2017
2018-11-04 21:17:55,958 - INFO - Scraping data for link: calendar.php?week=oct1.2017
2018-11-04 21:17:57,408 - INFO - Scraping data for link: calendar.php?week=sep24.2017
2018-11-04 21:17:59,036 - INFO - Scraping data for link: calendar.php?week=sep17.2017
2018-11-04 21:18:00,480 - INFO - Scraping data for link: calendar.php?week=sep10.2017
2018-11-04 21:18:01,885 - INFO - Scraping data for link: calendar.php?week=sep3.2017
2018-11-04 21:18:03,425 - INFO - Scraping data for link: calendar.php?week=aug27.2017
2018-11-04 21:18:04,881 - INFO - Scraping data for link: calendar.php?week=aug20.2017
2018-11-04 21:18:06,416 - INFO - Scraping data for link: calendar.php?week=aug13.2017
2018-11-04 21:18:07,896 - INFO - Scraping data for link: calendar.php?week=aug6.2017
2018-11-04 21:18:09,323 - INFO - Scraping data for link: calendar.php?week=jul30.2017
2018-11-04 21:18:10,941 - INFO - Scraping data for link: calendar.php?week=jul23.2017
2018-11-04 21:18:12,575 - INFO - Scraping data for link: calendar.php?week=jul16.2017
2018-11-04 21:18:13,960 - INFO - Scraping data for link: calendar.php?week=jul9.2017
2018-11-04 21:18:15,741 - INFO - Scraping data for link: calendar.php?week=jul2.2017
2018-11-04 21:18:17,198 - INFO - Scraping data for link: calendar.php?week=jun25.2017
2018-11-04 21:18:18,934 - INFO - Scraping data for link: calendar.php?week=jun18.2017
2018-11-04 21:18:20,489 - INFO - Scraping data for link: calendar.php?week=jun11.2017
2018-11-04 21:18:22,102 - INFO - Scraping data for link: calendar.php?week=jun4.2017
2018-11-04 21:18:23,562 - INFO - Scraping data for link: calendar.php?week=may28.2017
2018-11-04 21:18:25,226 - INFO - Scraping data for link: calendar.php?week=may21.2017
2018-11-04 21:18:26,662 - INFO - Scraping data for link: calendar.php?week=may14.2017
2018-11-04 21:18:28,129 - INFO - Scraping data for link: calendar.php?week=may7.2017
2018-11-04 21:18:29,621 - INFO - Scraping data for link: calendar.php?week=apr30.2017
2018-11-04 21:18:31,089 - INFO - Scraping data for link: calendar.php?week=apr23.2017
2018-11-04 21:18:32,623 - INFO - Scraping data for link: calendar.php?week=apr16.2017
2018-11-04 21:18:33,978 - INFO - Scraping data for link: calendar.php?week=apr9.2017
2018-11-04 21:18:35,405 - INFO - Scraping data for link: calendar.php?week=apr2.2017
2018-11-04 21:18:37,070 - INFO - Scraping data for link: calendar.php?week=mar26.2017
2018-11-04 21:18:38,711 - INFO - Scraping data for link: calendar.php?week=mar19.2017
2018-11-04 21:18:40,129 - INFO - Scraping data for link: calendar.php?week=mar12.2017
2018-11-04 21:18:41,575 - INFO - Scraping data for link: calendar.php?week=mar5.2017
2018-11-04 21:18:42,997 - INFO - Scraping data for link: calendar.php?week=feb26.2017
2018-11-04 21:18:44,724 - INFO - Scraping data for link: calendar.php?week=feb19.2017
2018-11-04 21:18:46,085 - INFO - Scraping data for link: calendar.php?week=feb12.2017
2018-11-04 21:18:47,469 - INFO - Scraping data for link: calendar.php?week=feb5.2017
2018-11-04 21:18:48,950 - INFO - Scraping data for link: calendar.php?week=jan29.2017
2018-11-04 21:18:50,505 - INFO - Scraping data for link: calendar.php?week=jan22.2017
2018-11-04 21:18:51,923 - INFO - Scraping data for link: calendar.php?week=jan15.2017
2018-11-04 21:18:53,337 - INFO - Scraping data for link: calendar.php?week=jan8.2017
2018-11-04 21:18:54,967 - INFO - Scraping data for link: calendar.php?week=jan1.2017
2018-11-04 21:18:56,481 - INFO - Successfully retrieved data for year: 2017
2018-11-04 21:18:56,545 - INFO - Scraping data for link: calendar.php?week=dec25.2016
2018-11-04 21:18:57,827 - INFO - Scraping data for link: calendar.php?week=dec18.2016
2018-11-04 21:18:59,194 - INFO - Scraping data for link: calendar.php?week=dec11.2016
2018-11-04 21:19:00,918 - INFO - Scraping data for link: calendar.php?week=dec4.2016
2018-11-04 21:19:02,494 - INFO - Scraping data for link: calendar.php?week=nov27.2016
2018-11-04 21:19:03,960 - INFO - Scraping data for link: calendar.php?week=nov20.2016
2018-11-04 21:19:05,344 - INFO - Scraping data for link: calendar.php?week=nov13.2016
2018-11-04 21:19:06,806 - INFO - Scraping data for link: calendar.php?week=nov6.2016
2018-11-04 21:19:08,537 - INFO - Scraping data for link: calendar.php?week=oct30.2016
2018-11-04 21:19:10,464 - INFO - Scraping data for link: calendar.php?week=oct23.2016
2018-11-04 21:19:12,059 - INFO - Scraping data for link: calendar.php?week=oct16.2016
2018-11-04 21:19:13,532 - INFO - Scraping data for link: calendar.php?week=oct9.2016
2018-11-04 21:19:14,940 - INFO - Scraping data for link: calendar.php?week=oct2.2016
2018-11-04 21:19:16,421 - INFO - Scraping data for link: calendar.php?week=sep25.2016
2018-11-04 21:19:18,123 - INFO - Scraping data for link: calendar.php?week=sep18.2016
2018-11-04 21:19:19,509 - INFO - Scraping data for link: calendar.php?week=sep11.2016
2018-11-04 21:19:20,990 - INFO - Scraping data for link: calendar.php?week=sep4.2016
2018-11-04 21:19:22,502 - INFO - Scraping data for link: calendar.php?week=aug28.2016
2018-11-04 21:19:24,085 - INFO - Scraping data for link: calendar.php?week=aug21.2016
2018-11-04 21:19:25,528 - INFO - Scraping data for link: calendar.php?week=aug14.2016
2018-11-04 21:19:27,008 - INFO - Scraping data for link: calendar.php?week=aug7.2016
2018-11-04 21:19:28,453 - INFO - Scraping data for link: calendar.php?week=jul31.2016
2018-11-04 21:19:29,926 - INFO - Scraping data for link: calendar.php?week=jul24.2016
2018-11-04 21:19:31,503 - INFO - Scraping data for link: calendar.php?week=jul17.2016
2018-11-04 21:19:33,033 - INFO - Scraping data for link: calendar.php?week=jul10.2016
2018-11-04 21:19:34,431 - INFO - Scraping data for link: calendar.php?week=jul3.2016
2018-11-04 21:19:35,933 - INFO - Scraping data for link: calendar.php?week=jun26.2016
2018-11-04 21:19:37,387 - INFO - Scraping data for link: calendar.php?week=jun19.2016
2018-11-04 21:19:38,767 - INFO - Scraping data for link: calendar.php?week=jun12.2016
2018-11-04 21:19:40,235 - INFO - Scraping data for link: calendar.php?week=jun5.2016
2018-11-04 21:19:41,624 - INFO - Scraping data for link: calendar.php?week=may29.2016
2018-11-04 21:19:43,265 - INFO - Scraping data for link: calendar.php?week=may22.2016
2018-11-04 21:19:44,695 - INFO - Scraping data for link: calendar.php?week=may15.2016
2018-11-04 21:19:46,164 - INFO - Scraping data for link: calendar.php?week=may8.2016
2018-11-04 21:19:47,860 - INFO - Scraping data for link: calendar.php?week=may1.2016
2018-11-04 21:19:49,319 - INFO - Scraping data for link: calendar.php?week=apr24.2016
2018-11-04 21:19:50,807 - INFO - Scraping data for link: calendar.php?week=apr17.2016
2018-11-04 21:19:52,212 - INFO - Scraping data for link: calendar.php?week=apr10.2016
2018-11-04 21:19:53,642 - INFO - Scraping data for link: calendar.php?week=apr3.2016
2018-11-04 21:19:55,086 - INFO - Scraping data for link: calendar.php?week=mar27.2016
2018-11-04 21:19:56,694 - INFO - Scraping data for link: calendar.php?week=mar20.2016
2018-11-04 21:19:58,192 - INFO - Scraping data for link: calendar.php?week=mar13.2016
2018-11-04 21:19:59,756 - INFO - Scraping data for link: calendar.php?week=mar6.2016
2018-11-04 21:20:01,250 - INFO - Scraping data for link: calendar.php?week=feb28.2016
2018-11-04 21:20:02,758 - INFO - Scraping data for link: calendar.php?week=feb21.2016
2018-11-04 21:20:04,195 - INFO - Scraping data for link: calendar.php?week=feb14.2016
2018-11-04 21:20:05,658 - INFO - Scraping data for link: calendar.php?week=feb7.2016
2018-11-04 21:20:07,061 - INFO - Scraping data for link: calendar.php?week=jan31.2016
2018-11-04 21:20:08,706 - INFO - Scraping data for link: calendar.php?week=jan24.2016
2018-11-04 21:20:10,191 - INFO - Scraping data for link: calendar.php?week=jan17.2016
2018-11-04 21:20:11,723 - INFO - Scraping data for link: calendar.php?week=jan10.2016
2018-11-04 21:20:13,337 - INFO - Scraping data for link: calendar.php?week=jan3.2016
2018-11-04 21:20:14,939 - INFO - Scraping data for link: calendar.php?week=dec27.2015
2018-11-04 21:20:16,178 - INFO - Successfully retrieved data for year: 2016
2018-11-04 21:20:16,232 - INFO - Scraping data for link: calendar.php?week=dec20.2015
2018-11-04 21:20:17,629 - INFO - Scraping data for link: calendar.php?week=dec13.2015
2018-11-04 21:20:19,208 - INFO - Scraping data for link: calendar.php?week=dec6.2015
2018-11-04 21:20:20,643 - INFO - Scraping data for link: calendar.php?week=nov29.2015
2018-11-04 21:20:22,281 - INFO - Scraping data for link: calendar.php?week=nov22.2015
2018-11-04 21:20:23,643 - INFO - Scraping data for link: calendar.php?week=nov15.2015
2018-11-04 21:20:25,236 - INFO - Scraping data for link: calendar.php?week=nov8.2015
2018-11-04 21:20:26,659 - INFO - Scraping data for link: calendar.php?week=nov1.2015
2018-11-04 21:20:28,227 - INFO - Scraping data for link: calendar.php?week=oct25.2015
2018-11-04 21:20:29,733 - INFO - Scraping data for link: calendar.php?week=oct18.2015
2018-11-04 21:20:31,132 - INFO - Scraping data for link: calendar.php?week=oct11.2015
2018-11-04 21:20:32,574 - INFO - Scraping data for link: calendar.php?week=oct4.2015
2018-11-04 21:20:34,070 - INFO - Scraping data for link: calendar.php?week=sep27.2015
2018-11-04 21:20:35,540 - INFO - Scraping data for link: calendar.php?week=sep20.2015
2018-11-04 21:20:36,938 - INFO - Scraping data for link: calendar.php?week=sep13.2015
2018-11-04 21:20:38,403 - INFO - Scraping data for link: calendar.php?week=sep6.2015
2018-11-04 21:20:39,979 - INFO - Scraping data for link: calendar.php?week=aug30.2015
2018-11-04 21:20:41,769 - INFO - Scraping data for link: calendar.php?week=aug23.2015
2018-11-04 21:20:43,183 - INFO - Scraping data for link: calendar.php?week=aug16.2015
2018-11-04 21:20:44,633 - INFO - Scraping data for link: calendar.php?week=aug9.2015
2018-11-04 21:20:46,153 - INFO - Scraping data for link: calendar.php?week=aug2.2015
2018-11-04 21:20:47,719 - INFO - Scraping data for link: calendar.php?week=jul26.2015
2018-11-04 21:20:49,127 - INFO - Scraping data for link: calendar.php?week=jul19.2015
2018-11-04 21:20:50,512 - INFO - Scraping data for link: calendar.php?week=jul12.2015
2018-11-04 21:20:52,003 - INFO - Scraping data for link: calendar.php?week=jul5.2015
2018-11-04 21:20:53,960 - INFO - Scraping data for link: calendar.php?week=jun28.2015
2018-11-04 21:20:55,484 - INFO - Scraping data for link: calendar.php?week=jun21.2015
2018-11-04 21:20:56,884 - INFO - Scraping data for link: calendar.php?week=jun14.2015
2018-11-04 21:20:58,387 - INFO - Scraping data for link: calendar.php?week=jun7.2015
2018-11-04 21:21:00,110 - INFO - Scraping data for link: calendar.php?week=may31.2015
2018-11-04 21:21:02,133 - INFO - Scraping data for link: calendar.php?week=may24.2015
2018-11-04 21:21:03,642 - INFO - Scraping data for link: calendar.php?week=may17.2015
2018-11-04 21:21:05,155 - INFO - Scraping data for link: calendar.php?week=may10.2015
2018-11-04 21:21:06,864 - INFO - Scraping data for link: calendar.php?week=may3.2015
2018-11-04 21:21:09,044 - INFO - Scraping data for link: calendar.php?week=apr26.2015
2018-11-04 21:21:10,501 - INFO - Scraping data for link: calendar.php?week=apr19.2015
2018-11-04 21:21:11,970 - INFO - Scraping data for link: calendar.php?week=apr12.2015
2018-11-04 21:21:13,536 - INFO - Scraping data for link: calendar.php?week=apr5.2015
2018-11-04 21:21:14,942 - INFO - Scraping data for link: calendar.php?week=mar29.2015
2018-11-04 21:21:16,430 - INFO - Scraping data for link: calendar.php?week=mar22.2015
2018-11-04 21:21:17,837 - INFO - Scraping data for link: calendar.php?week=mar15.2015
2018-11-04 21:21:19,268 - INFO - Scraping data for link: calendar.php?week=mar8.2015
2018-11-04 21:21:21,007 - INFO - Scraping data for link: calendar.php?week=mar1.2015
2018-11-04 21:21:22,552 - INFO - Scraping data for link: calendar.php?week=feb22.2015
2018-11-04 21:21:24,041 - INFO - Scraping data for link: calendar.php?week=feb15.2015
2018-11-04 21:21:25,882 - INFO - Scraping data for link: calendar.php?week=feb8.2015
2018-11-04 21:21:27,287 - INFO - Scraping data for link: calendar.php?week=feb1.2015
2018-11-04 21:21:28,898 - INFO - Scraping data for link: calendar.php?week=jan25.2015
2018-11-04 21:21:30,346 - INFO - Scraping data for link: calendar.php?week=jan18.2015
2018-11-04 21:21:31,869 - INFO - Scraping data for link: calendar.php?week=jan11.2015
2018-11-04 21:21:34,034 - INFO - Scraping data for link: calendar.php?week=jan4.2015
2018-11-04 21:21:35,558 - INFO - Scraping data for link: calendar.php?week=dec28.2014
2018-11-04 21:21:36,832 - INFO - Successfully retrieved data for year: 2015
2018-11-04 21:21:36,882 - INFO - Scraping data for link: calendar.php?week=dec21.2014
2018-11-04 21:21:38,372 - INFO - Scraping data for link: calendar.php?week=dec14.2014
2018-11-04 21:21:40,221 - INFO - Scraping data for link: calendar.php?week=dec7.2014
2018-11-04 21:21:41,974 - INFO - Scraping data for link: calendar.php?week=nov30.2014
2018-11-04 21:21:44,086 - INFO - Scraping data for link: calendar.php?week=nov23.2014
2018-11-04 21:21:45,529 - INFO - Scraping data for link: calendar.php?week=nov16.2014
2018-11-04 21:21:47,076 - INFO - Scraping data for link: calendar.php?week=nov9.2014
2018-11-04 21:21:48,731 - INFO - Scraping data for link: calendar.php?week=nov2.2014
2018-11-04 21:21:50,326 - INFO - Scraping data for link: calendar.php?week=oct26.2014
2018-11-04 21:21:51,956 - INFO - Scraping data for link: calendar.php?week=oct19.2014
2018-11-04 21:21:54,400 - INFO - Scraping data for link: calendar.php?week=oct12.2014
2018-11-04 21:21:55,975 - INFO - Scraping data for link: calendar.php?week=oct5.2014
2018-11-04 21:21:57,570 - INFO - Scraping data for link: calendar.php?week=sep28.2014
2018-11-04 21:21:59,133 - INFO - Scraping data for link: calendar.php?week=sep21.2014
2018-11-04 21:22:00,492 - INFO - Scraping data for link: calendar.php?week=sep14.2014
2018-11-04 21:22:03,650 - INFO - Scraping data for link: calendar.php?week=sep7.2014
2018-11-04 21:22:05,285 - INFO - Scraping data for link: calendar.php?week=aug31.2014
2018-11-04 21:22:06,790 - INFO - Scraping data for link: calendar.php?week=aug24.2014
2018-11-04 21:22:08,287 - INFO - Scraping data for link: calendar.php?week=aug17.2014
2018-11-04 21:22:09,912 - INFO - Scraping data for link: calendar.php?week=aug10.2014
2018-11-04 21:22:11,807 - INFO - Scraping data for link: calendar.php?week=aug3.2014
2018-11-04 21:22:13,729 - INFO - Scraping data for link: calendar.php?week=jul27.2014
2018-11-04 21:22:15,186 - INFO - Scraping data for link: calendar.php?week=jul20.2014
2018-11-04 21:22:16,664 - INFO - Scraping data for link: calendar.php?week=jul13.2014
2018-11-04 21:22:18,109 - INFO - Scraping data for link: calendar.php?week=jul6.2014
2018-11-04 21:22:19,475 - INFO - Scraping data for link: calendar.php?week=jun29.2014
2018-11-04 21:22:21,177 - INFO - Scraping data for link: calendar.php?week=jun22.2014
2018-11-04 21:22:22,604 - INFO - Scraping data for link: calendar.php?week=jun15.2014
2018-11-04 21:22:24,049 - INFO - Scraping data for link: calendar.php?week=jun8.2014
2018-11-04 21:22:25,515 - INFO - Scraping data for link: calendar.php?week=jun1.2014
2018-11-04 21:22:27,191 - INFO - Scraping data for link: calendar.php?week=may25.2014
2018-11-04 21:22:28,623 - INFO - Scraping data for link: calendar.php?week=may18.2014
2018-11-04 21:22:30,024 - INFO - Scraping data for link: calendar.php?week=may11.2014
2018-11-04 21:22:31,856 - INFO - Scraping data for link: calendar.php?week=may4.2014
2018-11-04 21:22:33,329 - INFO - Scraping data for link: calendar.php?week=apr27.2014
2018-11-04 21:22:34,965 - INFO - Scraping data for link: calendar.php?week=apr20.2014
2018-11-04 21:22:36,300 - INFO - Scraping data for link: calendar.php?week=apr13.2014
2018-11-04 21:22:37,730 - INFO - Scraping data for link: calendar.php?week=apr6.2014
2018-11-04 21:22:39,251 - INFO - Scraping data for link: calendar.php?week=mar30.2014
2018-11-04 21:22:40,780 - INFO - Scraping data for link: calendar.php?week=mar23.2014
2018-11-04 21:22:42,141 - INFO - Scraping data for link: calendar.php?week=mar16.2014
2018-11-04 21:22:43,636 - INFO - Scraping data for link: calendar.php?week=mar9.2014
2018-11-04 21:22:45,060 - INFO - Scraping data for link: calendar.php?week=mar2.2014
2018-11-04 21:22:46,665 - INFO - Scraping data for link: calendar.php?week=feb23.2014
2018-11-04 21:22:48,143 - INFO - Scraping data for link: calendar.php?week=feb16.2014
2018-11-04 21:22:49,594 - INFO - Scraping data for link: calendar.php?week=feb9.2014
2018-11-04 21:22:51,162 - INFO - Scraping data for link: calendar.php?week=feb2.2014
2018-11-04 21:22:52,736 - INFO - Scraping data for link: calendar.php?week=jan26.2014
2018-11-04 21:22:54,333 - INFO - Scraping data for link: calendar.php?week=jan19.2014
2018-11-04 21:22:55,779 - INFO - Scraping data for link: calendar.php?week=jan12.2014
2018-11-04 21:22:57,256 - INFO - Scraping data for link: calendar.php?week=jan5.2014
2018-11-04 21:22:58,945 - INFO - Scraping data for link: calendar.php?week=dec29.2013
2018-11-04 21:23:00,372 - INFO - Successfully retrieved data for year: 2014
2018-11-04 21:23:00,426 - INFO - Scraping data for link: calendar.php?week=dec22.2013
2018-11-04 21:23:01,840 - INFO - Scraping data for link: calendar.php?week=dec15.2013
2018-11-04 21:23:03,397 - INFO - Scraping data for link: calendar.php?week=dec8.2013
2018-11-04 21:23:04,879 - INFO - Scraping data for link: calendar.php?week=dec1.2013
2018-11-04 21:23:06,440 - INFO - Scraping data for link: calendar.php?week=nov24.2013
2018-11-04 21:23:08,018 - INFO - Scraping data for link: calendar.php?week=nov17.2013
2018-11-04 21:23:09,646 - INFO - Scraping data for link: calendar.php?week=nov10.2013
2018-11-04 21:23:11,256 - INFO - Scraping data for link: calendar.php?week=nov3.2013
2018-11-04 21:23:12,845 - INFO - Scraping data for link: calendar.php?week=oct27.2013
2018-11-04 21:23:14,279 - INFO - Scraping data for link: calendar.php?week=oct20.2013
2018-11-04 21:23:15,678 - INFO - Scraping data for link: calendar.php?week=oct13.2013
2018-11-04 21:23:17,433 - INFO - Scraping data for link: calendar.php?week=oct6.2013
2018-11-04 21:23:18,838 - INFO - Scraping data for link: calendar.php?week=sep29.2013
2018-11-04 21:23:20,491 - INFO - Scraping data for link: calendar.php?week=sep22.2013
2018-11-04 21:23:22,445 - INFO - Scraping data for link: calendar.php?week=sep15.2013
2018-11-04 21:23:23,852 - INFO - Scraping data for link: calendar.php?week=sep8.2013
2018-11-04 21:23:25,392 - INFO - Scraping data for link: calendar.php?week=sep1.2013
2018-11-04 21:23:27,140 - INFO - Scraping data for link: calendar.php?week=aug25.2013
2018-11-04 21:23:28,548 - INFO - Scraping data for link: calendar.php?week=aug18.2013
2018-11-04 21:23:29,858 - INFO - Scraping data for link: calendar.php?week=aug11.2013
2018-11-04 21:23:31,435 - INFO - Scraping data for link: calendar.php?week=aug4.2013
2018-11-04 21:23:32,962 - INFO - Scraping data for link: calendar.php?week=jul28.2013
2018-11-04 21:23:34,519 - INFO - Scraping data for link: calendar.php?week=jul21.2013
2018-11-04 21:23:35,850 - INFO - Scraping data for link: calendar.php?week=jul14.2013
2018-11-04 21:23:37,216 - INFO - Scraping data for link: calendar.php?week=jul7.2013
2018-11-04 21:23:38,722 - INFO - Scraping data for link: calendar.php?week=jun30.2013
2018-11-04 21:23:40,278 - INFO - Scraping data for link: calendar.php?week=jun23.2013
2018-11-04 21:23:41,912 - INFO - Scraping data for link: calendar.php?week=jun16.2013
2018-11-04 21:23:43,539 - INFO - Scraping data for link: calendar.php?week=jun9.2013
2018-11-04 21:23:44,966 - INFO - Scraping data for link: calendar.php?week=jun2.2013
2018-11-04 21:23:46,460 - INFO - Scraping data for link: calendar.php?week=may26.2013
2018-11-04 21:23:47,880 - INFO - Scraping data for link: calendar.php?week=may19.2013
2018-11-04 21:23:49,263 - INFO - Scraping data for link: calendar.php?week=may12.2013
2018-11-04 21:23:50,729 - INFO - Scraping data for link: calendar.php?week=may5.2013
2018-11-04 21:23:52,454 - INFO - Scraping data for link: calendar.php?week=apr28.2013
2018-11-04 21:23:53,876 - INFO - Scraping data for link: calendar.php?week=apr21.2013
2018-11-04 21:23:55,214 - INFO - Scraping data for link: calendar.php?week=apr14.2013
2018-11-04 21:23:56,768 - INFO - Scraping data for link: calendar.php?week=apr7.2013
2018-11-04 21:23:58,246 - INFO - Scraping data for link: calendar.php?week=mar31.2013
2018-11-04 21:23:59,801 - INFO - Scraping data for link: calendar.php?week=mar24.2013
2018-11-04 21:24:01,206 - INFO - Scraping data for link: calendar.php?week=mar17.2013
2018-11-04 21:24:02,707 - INFO - Scraping data for link: calendar.php?week=mar10.2013
2018-11-04 21:24:04,289 - INFO - Scraping data for link: calendar.php?week=mar3.2013
2018-11-04 21:24:05,799 - INFO - Scraping data for link: calendar.php?week=feb24.2013
2018-11-04 21:24:07,256 - INFO - Scraping data for link: calendar.php?week=feb17.2013
2018-11-04 21:24:08,701 - INFO - Scraping data for link: calendar.php?week=feb10.2013
2018-11-04 21:24:10,063 - INFO - Scraping data for link: calendar.php?week=feb3.2013
2018-11-04 21:24:11,855 - INFO - Scraping data for link: calendar.php?week=jan27.2013
2018-11-04 21:24:13,276 - INFO - Scraping data for link: calendar.php?week=jan20.2013
2018-11-04 21:24:14,675 - INFO - Scraping data for link: calendar.php?week=jan13.2013
2018-11-04 21:24:16,260 - INFO - Scraping data for link: calendar.php?week=jan6.2013
2018-11-04 21:24:17,842 - INFO - Scraping data for link: calendar.php?week=dec30.2012
2018-11-04 21:24:19,203 - INFO - Successfully retrieved data for year: 2013
2018-11-04 21:24:19,249 - INFO - Scraping data for link: calendar.php?week=dec23.2012
2018-11-04 21:24:20,520 - INFO - Scraping data for link: calendar.php?week=dec16.2012
2018-11-04 21:24:22,117 - INFO - Scraping data for link: calendar.php?week=dec9.2012
2018-11-04 21:24:23,647 - INFO - Scraping data for link: calendar.php?week=dec2.2012
2018-11-04 21:24:25,222 - INFO - Scraping data for link: calendar.php?week=nov25.2012
2018-11-04 21:24:26,676 - INFO - Scraping data for link: calendar.php?week=nov18.2012
2018-11-04 21:24:28,047 - INFO - Scraping data for link: calendar.php?week=nov11.2012
2018-11-04 21:24:29,604 - INFO - Scraping data for link: calendar.php?week=nov4.2012
2018-11-04 21:24:31,097 - INFO - Scraping data for link: calendar.php?week=oct28.2012
2018-11-04 21:24:32,532 - INFO - Scraping data for link: calendar.php?week=oct21.2012
2018-11-04 21:24:34,032 - INFO - Scraping data for link: calendar.php?week=oct14.2012
2018-11-04 21:24:35,567 - INFO - Scraping data for link: calendar.php?week=oct7.2012
2018-11-04 21:24:36,963 - INFO - Scraping data for link: calendar.php?week=sep30.2012
2018-11-04 21:24:38,570 - INFO - Scraping data for link: calendar.php?week=sep23.2012
2018-11-04 21:24:39,963 - INFO - Scraping data for link: calendar.php?week=sep16.2012
2018-11-04 21:24:41,409 - INFO - Scraping data for link: calendar.php?week=sep9.2012
2018-11-04 21:24:42,980 - INFO - Scraping data for link: calendar.php?week=sep2.2012
2018-11-04 21:24:44,466 - INFO - Scraping data for link: calendar.php?week=aug26.2012
2018-11-04 21:24:45,903 - INFO - Scraping data for link: calendar.php?week=aug19.2012
2018-11-04 21:24:47,155 - INFO - Scraping data for link: calendar.php?week=aug12.2012
2018-11-04 21:24:48,581 - INFO - Scraping data for link: calendar.php?week=aug5.2012
2018-11-04 21:24:50,061 - INFO - Scraping data for link: calendar.php?week=jul29.2012
2018-11-04 21:24:51,567 - INFO - Scraping data for link: calendar.php?week=jul22.2012
2018-11-04 21:24:52,999 - INFO - Scraping data for link: calendar.php?week=jul15.2012
2018-11-04 21:24:54,372 - INFO - Scraping data for link: calendar.php?week=jul8.2012
2018-11-04 21:24:55,971 - INFO - Scraping data for link: calendar.php?week=jul1.2012
2018-11-04 21:24:58,090 - INFO - Scraping data for link: calendar.php?week=jun24.2012
2018-11-04 21:24:59,700 - INFO - Scraping data for link: calendar.php?week=jun17.2012
2018-11-04 21:25:01,125 - INFO - Scraping data for link: calendar.php?week=jun10.2012
2018-11-04 21:25:02,554 - INFO - Scraping data for link: calendar.php?week=jun3.2012
2018-11-04 21:25:04,253 - INFO - Scraping data for link: calendar.php?week=may27.2012
2018-11-04 21:25:05,703 - INFO - Scraping data for link: calendar.php?week=may20.2012
2018-11-04 21:25:07,187 - INFO - Scraping data for link: calendar.php?week=may13.2012
2018-11-04 21:25:08,807 - INFO - Scraping data for link: calendar.php?week=may6.2012
2018-11-04 21:25:10,385 - INFO - Scraping data for link: calendar.php?week=apr29.2012
2018-11-04 21:25:11,987 - INFO - Scraping data for link: calendar.php?week=apr22.2012
2018-11-04 21:25:13,476 - INFO - Scraping data for link: calendar.php?week=apr15.2012
2018-11-04 21:25:14,957 - INFO - Scraping data for link: calendar.php?week=apr8.2012
2018-11-04 21:25:16,497 - INFO - Scraping data for link: calendar.php?week=apr1.2012
2018-11-04 21:25:18,082 - INFO - Scraping data for link: calendar.php?week=mar25.2012
2018-11-04 21:25:19,624 - INFO - Scraping data for link: calendar.php?week=mar18.2012
2018-11-04 21:25:21,071 - INFO - Scraping data for link: calendar.php?week=mar11.2012
2018-11-04 21:25:22,523 - INFO - Scraping data for link: calendar.php?week=mar4.2012
2018-11-04 21:25:24,221 - INFO - Scraping data for link: calendar.php?week=feb26.2012
2018-11-04 21:25:25,748 - INFO - Scraping data for link: calendar.php?week=feb19.2012
2018-11-04 21:25:27,108 - INFO - Scraping data for link: calendar.php?week=feb12.2012
2018-11-04 21:25:28,562 - INFO - Scraping data for link: calendar.php?week=feb5.2012
2018-11-04 21:25:29,974 - INFO - Scraping data for link: calendar.php?week=jan29.2012
2018-11-04 21:25:31,607 - INFO - Scraping data for link: calendar.php?week=jan22.2012
2018-11-04 21:25:33,108 - INFO - Scraping data for link: calendar.php?week=jan15.2012
2018-11-04 21:25:34,512 - INFO - Scraping data for link: calendar.php?week=jan8.2012
2018-11-04 21:25:35,910 - INFO - Scraping data for link: calendar.php?week=jan1.2012
2018-11-04 21:25:37,596 - INFO - Successfully retrieved data for year: 2012
2018-11-04 21:25:37,653 - INFO - Scraping data for link: calendar.php?week=dec25.2011
2018-11-04 21:25:38,982 - INFO - Scraping data for link: calendar.php?week=dec18.2011
2018-11-04 21:25:40,381 - INFO - Scraping data for link: calendar.php?week=dec11.2011
2018-11-04 21:25:41,896 - INFO - Scraping data for link: calendar.php?week=dec4.2011
2018-11-04 21:25:43,501 - INFO - Scraping data for link: calendar.php?week=nov27.2011
2018-11-04 21:25:45,248 - INFO - Scraping data for link: calendar.php?week=nov20.2011
2018-11-04 21:25:46,949 - INFO - Scraping data for link: calendar.php?week=nov13.2011
2018-11-04 21:25:48,483 - INFO - Scraping data for link: calendar.php?week=nov6.2011
2018-11-04 21:25:50,005 - INFO - Scraping data for link: calendar.php?week=oct30.2011
2018-11-04 21:25:51,833 - INFO - Scraping data for link: calendar.php?week=oct23.2011
2018-11-04 21:25:53,332 - INFO - Scraping data for link: calendar.php?week=oct16.2011
2018-11-04 21:25:54,801 - INFO - Scraping data for link: calendar.php?week=oct9.2011
2018-11-04 21:25:56,324 - INFO - Scraping data for link: calendar.php?week=oct2.2011
2018-11-04 21:25:57,979 - INFO - Scraping data for link: calendar.php?week=sep25.2011
2018-11-04 21:25:59,471 - INFO - Scraping data for link: calendar.php?week=sep18.2011
2018-11-04 21:26:01,380 - INFO - Scraping data for link: calendar.php?week=sep11.2011
2018-11-04 21:26:02,832 - INFO - Scraping data for link: calendar.php?week=sep4.2011
2018-11-04 21:26:04,419 - INFO - Scraping data for link: calendar.php?week=aug28.2011
2018-11-04 21:26:06,155 - INFO - Scraping data for link: calendar.php?week=aug21.2011
2018-11-04 21:26:07,663 - INFO - Scraping data for link: calendar.php?week=aug14.2011
2018-11-04 21:26:09,040 - INFO - Scraping data for link: calendar.php?week=aug7.2011
2018-11-04 21:26:10,489 - INFO - Scraping data for link: calendar.php?week=jul31.2011
2018-11-04 21:26:12,448 - INFO - Scraping data for link: calendar.php?week=jul24.2011
2018-11-04 21:26:14,000 - INFO - Scraping data for link: calendar.php?week=jul17.2011
2018-11-04 21:26:15,371 - INFO - Scraping data for link: calendar.php?week=jul10.2011
2018-11-04 21:26:17,321 - INFO - Scraping data for link: calendar.php?week=jul3.2011
2018-11-04 21:26:18,937 - INFO - Scraping data for link: calendar.php?week=jun26.2011
2018-11-04 21:26:20,423 - INFO - Scraping data for link: calendar.php?week=jun19.2011
2018-11-04 21:26:21,852 - INFO - Scraping data for link: calendar.php?week=jun12.2011
2018-11-04 21:26:23,486 - INFO - Scraping data for link: calendar.php?week=jun5.2011
2018-11-04 21:26:25,295 - INFO - Scraping data for link: calendar.php?week=may29.2011
2018-11-04 21:26:27,415 - INFO - Scraping data for link: calendar.php?week=may22.2011
2018-11-04 21:26:28,823 - INFO - Scraping data for link: calendar.php?week=may15.2011
2018-11-04 21:26:30,243 - INFO - Scraping data for link: calendar.php?week=may8.2011
2018-11-04 21:26:31,920 - INFO - Scraping data for link: calendar.php?week=may1.2011
2018-11-04 21:26:33,409 - INFO - Scraping data for link: calendar.php?week=apr24.2011
2018-11-04 21:26:34,931 - INFO - Scraping data for link: calendar.php?week=apr17.2011
2018-11-04 21:26:36,366 - INFO - Scraping data for link: calendar.php?week=apr10.2011
2018-11-04 21:26:37,961 - INFO - Scraping data for link: calendar.php?week=apr3.2011
2018-11-04 21:26:39,466 - INFO - Scraping data for link: calendar.php?week=mar27.2011
2018-11-04 21:26:40,897 - INFO - Scraping data for link: calendar.php?week=mar20.2011
2018-11-04 21:26:42,282 - INFO - Scraping data for link: calendar.php?week=mar13.2011
2018-11-04 21:26:43,914 - INFO - Scraping data for link: calendar.php?week=mar6.2011
2018-11-04 21:26:45,399 - INFO - Scraping data for link: calendar.php?week=feb27.2011
2018-11-04 21:26:46,942 - INFO - Scraping data for link: calendar.php?week=feb20.2011
2018-11-04 21:26:48,292 - INFO - Scraping data for link: calendar.php?week=feb13.2011
2018-11-04 21:26:49,808 - INFO - Scraping data for link: calendar.php?week=feb6.2011
2018-11-04 21:26:51,417 - INFO - Scraping data for link: calendar.php?week=jan30.2011
2018-11-04 21:26:52,944 - INFO - Scraping data for link: calendar.php?week=jan23.2011
2018-11-04 21:26:54,399 - INFO - Scraping data for link: calendar.php?week=jan16.2011
2018-11-04 21:26:56,131 - INFO - Scraping data for link: calendar.php?week=jan9.2011
2018-11-04 21:26:57,555 - INFO - Scraping data for link: calendar.php?week=jan2.2011
2018-11-04 21:26:59,037 - INFO - Scraping data for link: calendar.php?week=dec26.2010
2018-11-04 21:27:00,487 - INFO - Successfully retrieved data for year: 2011
2018-11-04 21:27:00,535 - INFO - Scraping data for link: calendar.php?week=dec19.2010
2018-11-04 21:27:03,871 - INFO - Scraping data for link: calendar.php?week=dec12.2010
2018-11-04 21:27:05,320 - INFO - Scraping data for link: calendar.php?week=dec5.2010
2018-11-04 21:27:07,024 - INFO - Scraping data for link: calendar.php?week=nov28.2010
2018-11-04 21:27:08,766 - INFO - Scraping data for link: calendar.php?week=nov21.2010
2018-11-04 21:27:10,256 - INFO - Scraping data for link: calendar.php?week=nov14.2010
2018-11-04 21:27:11,863 - INFO - Scraping data for link: calendar.php?week=nov7.2010
2018-11-04 21:27:13,342 - INFO - Scraping data for link: calendar.php?week=oct31.2010
2018-11-04 21:27:15,092 - INFO - Scraping data for link: calendar.php?week=oct24.2010
2018-11-04 21:27:16,565 - INFO - Scraping data for link: calendar.php?week=oct17.2010
2018-11-04 21:27:18,075 - INFO - Scraping data for link: calendar.php?week=oct10.2010
2018-11-04 21:27:19,746 - INFO - Scraping data for link: calendar.php?week=oct3.2010
2018-11-04 21:27:21,186 - INFO - Scraping data for link: calendar.php?week=sep26.2010
2018-11-04 21:27:22,725 - INFO - Scraping data for link: calendar.php?week=sep19.2010
2018-11-04 21:27:24,243 - INFO - Scraping data for link: calendar.php?week=sep12.2010
2018-11-04 21:27:25,629 - INFO - Scraping data for link: calendar.php?week=sep5.2010
2018-11-04 21:27:27,096 - INFO - Scraping data for link: calendar.php?week=aug29.2010
2018-11-04 21:27:28,560 - INFO - Scraping data for link: calendar.php?week=aug22.2010
2018-11-04 21:27:30,098 - INFO - Scraping data for link: calendar.php?week=aug15.2010
2018-11-04 21:27:31,611 - INFO - Scraping data for link: calendar.php?week=aug8.2010
2018-11-04 21:27:33,171 - INFO - Scraping data for link: calendar.php?week=aug1.2010
2018-11-04 21:27:34,698 - INFO - Scraping data for link: calendar.php?week=jul25.2010
2018-11-04 21:27:36,254 - INFO - Scraping data for link: calendar.php?week=jul18.2010
2018-11-04 21:27:37,588 - INFO - Scraping data for link: calendar.php?week=jul11.2010
2018-11-04 21:27:39,325 - INFO - Scraping data for link: calendar.php?week=jul4.2010
2018-11-04 21:27:40,840 - INFO - Scraping data for link: calendar.php?week=jun27.2010
2018-11-04 21:27:42,369 - INFO - Scraping data for link: calendar.php?week=jun20.2010
2018-11-04 21:27:43,726 - INFO - Scraping data for link: calendar.php?week=jun13.2010
2018-11-04 21:27:45,275 - INFO - Scraping data for link: calendar.php?week=jun6.2010
2018-11-04 21:27:46,732 - INFO - Scraping data for link: calendar.php?week=may30.2010
2018-11-04 21:27:48,251 - INFO - Scraping data for link: calendar.php?week=may23.2010
2018-11-04 21:27:49,927 - INFO - Scraping data for link: calendar.php?week=may16.2010
2018-11-04 21:27:51,396 - INFO - Scraping data for link: calendar.php?week=may9.2010
2018-11-04 21:27:52,976 - INFO - Scraping data for link: calendar.php?week=may2.2010
2018-11-04 21:27:54,447 - INFO - Scraping data for link: calendar.php?week=apr25.2010
2018-11-04 21:27:55,871 - INFO - Scraping data for link: calendar.php?week=apr18.2010
2018-11-04 21:27:57,487 - INFO - Scraping data for link: calendar.php?week=apr11.2010
2018-11-04 21:27:59,125 - INFO - Scraping data for link: calendar.php?week=apr4.2010
2018-11-04 21:28:00,793 - INFO - Scraping data for link: calendar.php?week=mar28.2010
2018-11-04 21:28:02,454 - INFO - Scraping data for link: calendar.php?week=mar21.2010
2018-11-04 21:28:03,849 - INFO - Scraping data for link: calendar.php?week=mar14.2010
2018-11-04 21:28:05,370 - INFO - Scraping data for link: calendar.php?week=mar7.2010
2018-11-04 21:28:06,921 - INFO - Scraping data for link: calendar.php?week=feb28.2010
2018-11-04 21:28:08,357 - INFO - Scraping data for link: calendar.php?week=feb21.2010
2018-11-04 21:28:09,813 - INFO - Scraping data for link: calendar.php?week=feb14.2010
2018-11-04 21:28:11,331 - INFO - Scraping data for link: calendar.php?week=feb7.2010
2018-11-04 21:28:12,784 - INFO - Scraping data for link: calendar.php?week=jan31.2010
2018-11-04 21:28:14,327 - INFO - Scraping data for link: calendar.php?week=jan24.2010
2018-11-04 21:28:15,861 - INFO - Scraping data for link: calendar.php?week=jan17.2010
2018-11-04 21:28:17,384 - INFO - Scraping data for link: calendar.php?week=jan10.2010
2018-11-04 21:28:18,953 - INFO - Scraping data for link: calendar.php?week=jan3.2010
2018-11-04 21:28:20,493 - INFO - Scraping data for link: calendar.php?week=dec27.2009
2018-11-04 21:28:21,922 - INFO - Successfully retrieved data for year: 2010
2018-11-04 21:28:21,998 - INFO - Scraping data for link: calendar.php?week=dec20.2009
2018-11-04 21:28:23,573 - INFO - Scraping data for link: calendar.php?week=dec13.2009
2018-11-04 21:28:25,093 - INFO - Scraping data for link: calendar.php?week=dec6.2009
2018-11-04 21:28:26,679 - INFO - Scraping data for link: calendar.php?week=nov29.2009
2018-11-04 21:28:28,214 - INFO - Scraping data for link: calendar.php?week=nov22.2009
2018-11-04 21:28:29,647 - INFO - Scraping data for link: calendar.php?week=nov15.2009
2018-11-04 21:28:31,050 - INFO - Scraping data for link: calendar.php?week=nov8.2009
2018-11-04 21:28:32,628 - INFO - Scraping data for link: calendar.php?week=nov1.2009
2018-11-04 21:28:34,123 - INFO - Scraping data for link: calendar.php?week=oct25.2009
2018-11-04 21:28:35,621 - INFO - Scraping data for link: calendar.php?week=oct18.2009
2018-11-04 21:28:37,019 - INFO - Scraping data for link: calendar.php?week=oct11.2009
2018-11-04 21:28:38,569 - INFO - Scraping data for link: calendar.php?week=oct4.2009
2018-11-04 21:28:40,335 - INFO - Scraping data for link: calendar.php?week=sep27.2009
2018-11-04 21:28:42,002 - INFO - Scraping data for link: calendar.php?week=sep20.2009
2018-11-04 21:28:43,334 - INFO - Scraping data for link: calendar.php?week=sep13.2009
2018-11-04 21:28:44,799 - INFO - Scraping data for link: calendar.php?week=sep6.2009
2018-11-04 21:28:46,429 - INFO - Scraping data for link: calendar.php?week=aug30.2009
2018-11-04 21:28:47,998 - INFO - Scraping data for link: calendar.php?week=aug23.2009
2018-11-04 21:28:49,363 - INFO - Scraping data for link: calendar.php?week=aug16.2009
2018-11-04 21:28:50,719 - INFO - Scraping data for link: calendar.php?week=aug9.2009
2018-11-04 21:28:52,275 - INFO - Scraping data for link: calendar.php?week=aug2.2009
2018-11-04 21:28:53,874 - INFO - Scraping data for link: calendar.php?week=jul26.2009
2018-11-04 21:28:55,251 - INFO - Scraping data for link: calendar.php?week=jul19.2009
2018-11-04 21:28:56,622 - INFO - Scraping data for link: calendar.php?week=jul12.2009
2018-11-04 21:28:58,138 - INFO - Scraping data for link: calendar.php?week=jul5.2009
2018-11-04 21:28:59,549 - INFO - Scraping data for link: calendar.php?week=jun28.2009
2018-11-04 21:29:01,124 - INFO - Scraping data for link: calendar.php?week=jun21.2009
2018-11-04 21:29:02,536 - INFO - Scraping data for link: calendar.php?week=jun14.2009
2018-11-04 21:29:03,992 - INFO - Scraping data for link: calendar.php?week=jun7.2009
2018-11-04 21:29:05,531 - INFO - Scraping data for link: calendar.php?week=may31.2009
2018-11-04 21:29:07,032 - INFO - Scraping data for link: calendar.php?week=may24.2009
2018-11-04 21:29:08,417 - INFO - Scraping data for link: calendar.php?week=may17.2009
2018-11-04 21:29:10,084 - INFO - Scraping data for link: calendar.php?week=may10.2009
2018-11-04 21:29:11,580 - INFO - Scraping data for link: calendar.php?week=may3.2009
2018-11-04 21:29:13,419 - INFO - Scraping data for link: calendar.php?week=apr26.2009
2018-11-04 21:29:14,832 - INFO - Scraping data for link: calendar.php?week=apr19.2009
2018-11-04 21:29:16,334 - INFO - Scraping data for link: calendar.php?week=apr12.2009
2018-11-04 21:29:17,794 - INFO - Scraping data for link: calendar.php?week=apr5.2009
2018-11-04 21:29:19,248 - INFO - Scraping data for link: calendar.php?week=mar29.2009
2018-11-04 21:29:20,700 - INFO - Scraping data for link: calendar.php?week=mar22.2009
2018-11-04 21:29:22,240 - INFO - Scraping data for link: calendar.php?week=mar15.2009
2018-11-04 21:29:23,727 - INFO - Scraping data for link: calendar.php?week=mar8.2009
2018-11-04 21:29:25,301 - INFO - Scraping data for link: calendar.php?week=mar1.2009
2018-11-04 21:29:26,921 - INFO - Scraping data for link: calendar.php?week=feb22.2009
2018-11-04 21:29:28,513 - INFO - Scraping data for link: calendar.php?week=feb15.2009
2018-11-04 21:29:30,090 - INFO - Scraping data for link: calendar.php?week=feb8.2009
2018-11-04 21:29:31,576 - INFO - Scraping data for link: calendar.php?week=feb1.2009
2018-11-04 21:29:33,007 - INFO - Scraping data for link: calendar.php?week=jan25.2009
2018-11-04 21:29:34,512 - INFO - Scraping data for link: calendar.php?week=jan18.2009
2018-11-04 21:29:36,031 - INFO - Scraping data for link: calendar.php?week=jan11.2009
2018-11-04 21:29:37,548 - INFO - Scraping data for link: calendar.php?week=jan4.2009
2018-11-04 21:29:39,058 - INFO - Scraping data for link: calendar.php?week=dec28.2008
2018-11-04 21:29:40,506 - INFO - Successfully retrieved data for year: 2009
2018-11-04 21:29:40,567 - INFO - Scraping data for link: calendar.php?week=dec21.2008
2018-11-04 21:29:41,925 - INFO - Scraping data for link: calendar.php?week=dec14.2008
2018-11-04 21:29:43,441 - INFO - Scraping data for link: calendar.php?week=dec7.2008
2018-11-04 21:29:44,951 - INFO - Scraping data for link: calendar.php?week=nov30.2008
2018-11-04 21:29:46,493 - INFO - Scraping data for link: calendar.php?week=nov23.2008
2018-11-04 21:29:47,958 - INFO - Scraping data for link: calendar.php?week=nov16.2008
2018-11-04 21:29:49,637 - INFO - Scraping data for link: calendar.php?week=nov9.2008
2018-11-04 21:29:51,347 - INFO - Scraping data for link: calendar.php?week=nov2.2008
2018-11-04 21:29:52,813 - INFO - Scraping data for link: calendar.php?week=oct26.2008
2018-11-04 21:29:54,151 - INFO - Scraping data for link: calendar.php?week=oct19.2008
2018-11-04 21:29:55,813 - INFO - Scraping data for link: calendar.php?week=oct12.2008
2018-11-04 21:29:57,347 - INFO - Scraping data for link: calendar.php?week=oct5.2008
2018-11-04 21:29:58,731 - INFO - Scraping data for link: calendar.php?week=sep28.2008
2018-11-04 21:30:00,237 - INFO - Scraping data for link: calendar.php?week=sep21.2008
2018-11-04 21:30:01,601 - INFO - Scraping data for link: calendar.php?week=sep14.2008
2018-11-04 21:30:03,227 - INFO - Scraping data for link: calendar.php?week=sep7.2008
2018-11-04 21:30:04,715 - INFO - Scraping data for link: calendar.php?week=aug31.2008
2018-11-04 21:30:06,123 - INFO - Scraping data for link: calendar.php?week=aug24.2008
2018-11-04 21:30:07,458 - INFO - Scraping data for link: calendar.php?week=aug17.2008
2018-11-04 21:30:08,896 - INFO - Scraping data for link: calendar.php?week=aug10.2008
2018-11-04 21:30:10,437 - INFO - Scraping data for link: calendar.php?week=aug3.2008
2018-11-04 21:30:11,919 - INFO - Scraping data for link: calendar.php?week=jul27.2008
2018-11-04 21:30:13,338 - INFO - Scraping data for link: calendar.php?week=jul20.2008
2018-11-04 21:30:14,779 - INFO - Scraping data for link: calendar.php?week=jul13.2008
2018-11-04 21:30:16,269 - INFO - Scraping data for link: calendar.php?week=jul6.2008
2018-11-04 21:30:17,804 - INFO - Scraping data for link: calendar.php?week=jun29.2008
2018-11-04 21:30:19,458 - INFO - Scraping data for link: calendar.php?week=jun22.2008
2018-11-04 21:30:20,888 - INFO - Scraping data for link: calendar.php?week=jun15.2008
2018-11-04 21:30:22,399 - INFO - Scraping data for link: calendar.php?week=jun8.2008
2018-11-04 21:30:24,115 - INFO - Scraping data for link: calendar.php?week=jun1.2008
2018-11-04 21:30:25,574 - INFO - Scraping data for link: calendar.php?week=may25.2008
2018-11-04 21:30:27,110 - INFO - Scraping data for link: calendar.php?week=may18.2008
2018-11-04 21:30:28,469 - INFO - Scraping data for link: calendar.php?week=may11.2008
2018-11-04 21:30:30,045 - INFO - Scraping data for link: calendar.php?week=may4.2008
2018-11-04 21:30:31,704 - INFO - Scraping data for link: calendar.php?week=apr27.2008
2018-11-04 21:30:33,284 - INFO - Scraping data for link: calendar.php?week=apr20.2008
2018-11-04 21:30:34,689 - INFO - Scraping data for link: calendar.php?week=apr13.2008
2018-11-04 21:30:36,089 - INFO - Scraping data for link: calendar.php?week=apr6.2008
2018-11-04 21:30:37,589 - INFO - Scraping data for link: calendar.php?week=mar30.2008
2018-11-04 21:30:39,110 - INFO - Scraping data for link: calendar.php?week=mar23.2008
2018-11-04 21:30:40,480 - INFO - Scraping data for link: calendar.php?week=mar16.2008
2018-11-04 21:30:42,139 - INFO - Scraping data for link: calendar.php?week=mar9.2008
2018-11-04 21:30:43,678 - INFO - Scraping data for link: calendar.php?week=mar2.2008
2018-11-04 21:30:45,126 - INFO - Scraping data for link: calendar.php?week=feb24.2008
2018-11-04 21:30:46,838 - INFO - Scraping data for link: calendar.php?week=feb17.2008
2018-11-04 21:30:48,202 - INFO - Scraping data for link: calendar.php?week=feb10.2008
2018-11-04 21:30:49,753 - INFO - Scraping data for link: calendar.php?week=feb3.2008
2018-11-04 21:30:51,236 - INFO - Scraping data for link: calendar.php?week=jan27.2008
2018-11-04 21:30:52,619 - INFO - Scraping data for link: calendar.php?week=jan20.2008
2018-11-04 21:30:54,020 - INFO - Scraping data for link: calendar.php?week=jan13.2008
2018-11-04 21:30:55,656 - INFO - Scraping data for link: calendar.php?week=jan6.2008
2018-11-04 21:30:57,090 - INFO - Scraping data for link: calendar.php?week=dec30.2007
2018-11-04 21:30:58,445 - INFO - Successfully retrieved data for year: 2008
2018-11-04 21:30:58,501 - INFO - Scraping data for link: calendar.php?week=dec23.2007
2018-11-04 21:30:59,839 - INFO - Scraping data for link: calendar.php?week=dec16.2007
2018-11-04 21:31:02,146 - INFO - Scraping data for link: calendar.php?week=dec9.2007
2018-11-04 21:31:03,760 - INFO - Scraping data for link: calendar.php?week=dec2.2007
2018-11-04 21:31:05,228 - INFO - Scraping data for link: calendar.php?week=nov25.2007
2018-11-04 21:31:06,613 - INFO - Scraping data for link: calendar.php?week=nov18.2007
2018-11-04 21:31:07,924 - INFO - Scraping data for link: calendar.php?week=nov11.2007
2018-11-04 21:31:09,700 - INFO - Scraping data for link: calendar.php?week=nov4.2007
2018-11-04 21:31:11,605 - INFO - Scraping data for link: calendar.php?week=oct28.2007
2018-11-04 21:31:13,073 - INFO - Scraping data for link: calendar.php?week=oct21.2007
2018-11-04 21:31:14,451 - INFO - Scraping data for link: calendar.php?week=oct14.2007
2018-11-04 21:31:15,807 - INFO - Scraping data for link: calendar.php?week=oct7.2007
2018-11-04 21:31:17,508 - INFO - Scraping data for link: calendar.php?week=sep30.2007
2018-11-04 21:31:18,969 - INFO - Scraping data for link: calendar.php?week=sep23.2007
2018-11-04 21:31:20,598 - INFO - Scraping data for link: calendar.php?week=sep16.2007
2018-11-04 21:31:21,976 - INFO - Scraping data for link: calendar.php?week=sep9.2007
2018-11-04 21:31:23,660 - INFO - Scraping data for link: calendar.php?week=sep2.2007
2018-11-04 21:31:25,094 - INFO - Scraping data for link: calendar.php?week=aug26.2007
2018-11-04 21:31:26,586 - INFO - Scraping data for link: calendar.php?week=aug19.2007
2018-11-04 21:31:27,940 - INFO - Scraping data for link: calendar.php?week=aug12.2007
2018-11-04 21:31:29,563 - INFO - Scraping data for link: calendar.php?week=aug5.2007
2018-11-04 21:31:30,898 - INFO - Scraping data for link: calendar.php?week=jul29.2007
2018-11-04 21:31:32,356 - INFO - Scraping data for link: calendar.php?week=jul22.2007
2018-11-04 21:31:33,645 - INFO - Scraping data for link: calendar.php?week=jul15.2007
2018-11-04 21:31:35,026 - INFO - Scraping data for link: calendar.php?week=jul8.2007
2018-11-04 21:31:36,549 - INFO - Scraping data for link: calendar.php?week=jul1.2007
2018-11-04 21:31:38,021 - INFO - Scraping data for link: calendar.php?week=jun24.2007
2018-11-04 21:31:39,494 - INFO - Scraping data for link: calendar.php?week=jun17.2007
2018-11-04 21:31:41,143 - INFO - Scraping data for link: calendar.php?week=jun10.2007
2018-11-04 21:31:42,800 - INFO - Scraping data for link: calendar.php?week=jun3.2007
2018-11-04 21:31:44,207 - INFO - Scraping data for link: calendar.php?week=may27.2007
2018-11-04 21:31:45,747 - INFO - Scraping data for link: calendar.php?week=may20.2007
2018-11-04 21:31:47,071 - INFO - Scraping data for link: calendar.php?week=may13.2007
2018-11-04 21:31:48,493 - INFO - Scraping data for link: calendar.php?week=may6.2007
2018-11-04 21:31:50,135 - INFO - Scraping data for link: calendar.php?week=apr29.2007
2018-11-04 21:31:51,628 - INFO - Scraping data for link: calendar.php?week=apr22.2007
2018-11-04 21:31:53,059 - INFO - Scraping data for link: calendar.php?week=apr15.2007
2018-11-04 21:31:54,630 - INFO - Scraping data for link: calendar.php?week=apr8.2007
2018-11-04 21:31:56,051 - INFO - Scraping data for link: calendar.php?week=apr1.2007
2018-11-04 21:31:57,448 - INFO - Scraping data for link: calendar.php?week=mar25.2007
2018-11-04 21:31:58,848 - INFO - Scraping data for link: calendar.php?week=mar18.2007
2018-11-04 21:32:00,296 - INFO - Scraping data for link: calendar.php?week=mar11.2007
2018-11-04 21:32:01,763 - INFO - Scraping data for link: calendar.php?week=mar4.2007
2018-11-04 21:32:04,384 - INFO - Scraping data for link: calendar.php?week=feb25.2007
2018-11-04 21:32:06,015 - INFO - Scraping data for link: calendar.php?week=feb18.2007
2018-11-04 21:32:07,378 - INFO - Scraping data for link: calendar.php?week=feb11.2007
2018-11-04 21:32:09,086 - INFO - Scraping data for link: calendar.php?week=feb4.2007
2018-11-04 21:32:10,520 - INFO - Scraping data for link: calendar.php?week=jan28.2007
2018-11-04 21:32:12,083 - INFO - Scraping data for link: calendar.php?week=jan21.2007
2018-11-04 21:32:14,515 - INFO - Scraping data for link: calendar.php?week=jan14.2007
2018-11-04 21:32:16,150 - INFO - Scraping data for link: calendar.php?week=jan7.2007
2018-11-04 21:32:17,646 - INFO - Scraping data for link: calendar.php?week=dec31.2006
2018-11-04 21:32:18,814 - INFO - No more data available in the server
