2019-01-07 02:03:44,730 - INFO - #########################
2019-01-07 02:03:44,731 - INFO - 
2019-01-07 02:03:44,731 - INFO - Starting a new sweep, grouping news by: ALL_NO_1_1_1
2019-01-07 02:04:40,643 - INFO - Starting a new sweep with market features: basic
2019-01-07 02:04:40,643 - INFO - Starting a new sweep, features before the publication are: included
2019-01-07 02:04:40,643 - INFO - Starting a new sweep, delay in between buying-selling is: 60_180
2019-01-07 02:04:40,643 - INFO - Starting a new sweep for grid mode: basic
2019-01-07 02:04:40,644 - INFO - List of dynamic market fields: ['volatility_0_5_after', 'pips_agg_0_5_after', 'volatility_5_10_after', 'pips_agg_5_10_after', 'volatility_10_15_after', 'pips_agg_10_15_after', 'volatility_15_20_after', 'pips_agg_15_20_after', 'volatility_20_25_after', 'pips_agg_20_25_after', 'volatility_25_30_after', 'pips_agg_25_30_after', 'volatility_0_30_after', 'pips_agg_0_30_after', 'volatility_0_60_after', 'pips_agg_0_60_after', 'volatility_60_0_before', 'pips_agg_60_0_before', 'datetime', 'pips_agg_0_180_after']
2019-01-07 02:04:42,133 - INFO - X columns for the classification model: ['volatility_25_30_after', 'Low', 'pe_better', 'volatility_15_20_after', 'pips_agg_0_30_after', 'previous_error_diff_deviation', 'fe_accurate', 'Medium', 'volatility_0_60_after', 'week', 'High', 'pips_agg_20_25_after', 'forecast_error_diff_outlier_class', 'previous_error_diff_outlier_class', 'pips_agg_5_10_after', 'pips_agg_15_20_after', 'forecast_error_diff_deviation', 'volatility_20_25_after', 'fe_better', 'pe_worse', 'weekday', 'pips_agg_10_15_after', 'volatility_5_10_after', 'pips_agg_25_30_after', 'year', 'num_news', 'new_id', 'volatility_0_30_after', 'pips_agg_0_5_after', 'volatility_0_5_after', 'volatility_60_0_before', 'fe_worse', 'pips_agg_0_60_after', 'pips_agg_60_0_before', 'pe_accurate', 'volatility_10_15_after']
2019-01-07 02:04:42,253 - INFO - Starting KNeighborsClassifier
2019-01-07 02:10:22,738 - INFO - Starting SVC - rbf
2019-01-07 02:18:29,353 - INFO - Starting DecisionTreeClassifier
2019-01-07 02:18:57,454 - INFO - Starting RandomForestClassifier
2019-01-07 02:36:40,614 - INFO - Starting XGBClassifier
2019-01-07 02:37:32,511 - INFO - Starting GradientBoostingClassifier
2019-01-07 02:39:55,958 - INFO - Starting AdaBoostClassifier
2019-01-07 02:40:39,587 - INFO - X columns for the regression model: ['volatility_25_30_after', 'Low', 'pe_better', 'volatility_15_20_after', 'pips_agg_0_30_after', 'previous_error_diff_deviation', 'fe_accurate', 'Medium', 'volatility_0_60_after', 'week', 'High', 'pips_agg_20_25_after', 'forecast_error_diff_outlier_class', 'previous_error_diff_outlier_class', 'pips_agg_5_10_after', 'pips_agg_15_20_after', 'forecast_error_diff_deviation', 'volatility_20_25_after', 'fe_better', 'pe_worse', 'weekday', 'pips_agg_10_15_after', 'volatility_5_10_after', 'pips_agg_25_30_after', 'year', 'num_news', 'new_id', 'volatility_0_30_after', 'pips_agg_0_5_after', 'volatility_0_5_after', 'volatility_60_0_before', 'fe_worse', 'pips_agg_0_60_after', 'pips_agg_60_0_before', 'pe_accurate', 'volatility_10_15_after']
2019-01-07 02:40:39,702 - INFO - Starting KNeighborsRegressor
2019-01-07 02:46:22,291 - INFO - Starting SVR - rbf
2019-01-07 02:52:01,821 - INFO - Starting DecisionTreeRegressor
2019-01-07 02:52:29,936 - INFO - Starting RandomForestRegressor
2019-01-07 03:40:07,459 - INFO - Starting XGBRegressor
2019-01-07 03:40:24,701 - INFO - Starting GradientBoostingRegressor
2019-01-07 03:41:07,600 - INFO - Starting AdaBoostRegressor
2019-01-07 03:41:42,925 - INFO - sweep done in: 97.04 min
2019-01-07 03:41:42,935 - INFO - Starting a new sweep with market features: all
2019-01-07 03:41:42,936 - INFO - Starting a new sweep, features before the publication are: included
2019-01-07 03:41:42,936 - INFO - Starting a new sweep, delay in between buying-selling is: 60_180
2019-01-07 03:41:42,936 - INFO - Starting a new sweep for grid mode: basic
2019-01-07 03:41:42,936 - INFO - List of dynamic market fields: ['volatility_0_5_after', 'pips_agg_0_5_after', 'pips_candle_0_5_after', 'volatility_5_10_after', 'pips_agg_5_10_after', 'pips_candle_5_10_after', 'volatility_10_15_after', 'pips_agg_10_15_after', 'pips_candle_10_15_after', 'volatility_15_20_after', 'pips_agg_15_20_after', 'pips_candle_15_20_after', 'volatility_20_25_after', 'pips_agg_20_25_after', 'pips_candle_20_25_after', 'volatility_25_30_after', 'pips_agg_25_30_after', 'pips_candle_25_30_after', 'volatility_0_30_after', 'pips_agg_0_30_after', 'volatility_0_60_after', 'pips_agg_0_60_after', 'volatility_60_0_before', 'pips_agg_60_0_before', 'datetime', 'pips_agg_0_180_after']
2019-01-07 03:41:44,684 - INFO - X columns for the classification model: ['volatility_25_30_after', 'Low', 'pe_better', 'pips_candle_5_10_after', 'pips_candle_20_25_after', 'pips_candle_0_5_after', 'volatility_15_20_after', 'pips_agg_0_30_after', 'previous_error_diff_deviation', 'fe_accurate', 'Medium', 'pips_candle_10_15_after', 'volatility_0_60_after', 'week', 'High', 'pips_agg_20_25_after', 'forecast_error_diff_outlier_class', 'previous_error_diff_outlier_class', 'pips_agg_5_10_after', 'pips_candle_15_20_after', 'pips_agg_15_20_after', 'forecast_error_diff_deviation', 'volatility_20_25_after', 'fe_better', 'pe_worse', 'weekday', 'pips_agg_10_15_after', 'volatility_5_10_after', 'pips_agg_25_30_after', 'year', 'num_news', 'new_id', 'volatility_0_30_after', 'pips_candle_25_30_after', 'pips_agg_0_5_after', 'volatility_0_5_after', 'volatility_60_0_before', 'fe_worse', 'pips_agg_0_60_after', 'pips_agg_60_0_before', 'pe_accurate', 'volatility_10_15_after']
2019-01-07 03:41:44,830 - INFO - Starting KNeighborsClassifier
2019-01-07 03:48:46,561 - INFO - Starting SVC - rbf
2019-01-07 03:57:34,972 - INFO - Starting DecisionTreeClassifier
2019-01-07 03:58:09,819 - INFO - Starting RandomForestClassifier
2019-01-07 04:16:44,274 - INFO - Starting XGBClassifier
2019-01-07 04:17:37,492 - INFO - Starting GradientBoostingClassifier
2019-01-07 04:20:46,284 - INFO - Starting AdaBoostClassifier
2019-01-07 04:21:38,635 - INFO - X columns for the regression model: ['volatility_25_30_after', 'Low', 'pe_better', 'pips_candle_5_10_after', 'pips_candle_20_25_after', 'pips_candle_0_5_after', 'volatility_15_20_after', 'pips_agg_0_30_after', 'previous_error_diff_deviation', 'fe_accurate', 'Medium', 'pips_candle_10_15_after', 'volatility_0_60_after', 'week', 'High', 'pips_agg_20_25_after', 'forecast_error_diff_outlier_class', 'previous_error_diff_outlier_class', 'pips_agg_5_10_after', 'pips_candle_15_20_after', 'pips_agg_15_20_after', 'forecast_error_diff_deviation', 'volatility_20_25_after', 'fe_better', 'pe_worse', 'weekday', 'pips_agg_10_15_after', 'volatility_5_10_after', 'pips_agg_25_30_after', 'year', 'num_news', 'new_id', 'volatility_0_30_after', 'pips_candle_25_30_after', 'pips_agg_0_5_after', 'volatility_0_5_after', 'volatility_60_0_before', 'fe_worse', 'pips_agg_0_60_after', 'pips_agg_60_0_before', 'pe_accurate', 'volatility_10_15_after']
2019-01-07 04:21:38,782 - INFO - Starting KNeighborsRegressor
2019-01-07 04:28:36,786 - INFO - Starting SVR - rbf
2019-01-07 04:34:54,877 - INFO - Starting DecisionTreeRegressor
2019-01-07 04:35:28,718 - INFO - Starting RandomForestRegressor
2019-01-07 05:31:37,656 - INFO - Starting XGBRegressor
2019-01-07 05:31:57,301 - INFO - Starting GradientBoostingRegressor
2019-01-07 05:32:44,751 - INFO - Starting AdaBoostRegressor
2019-01-07 05:33:38,457 - INFO - sweep done in: 111.93 min
2019-01-07 05:33:38,460 - INFO - #########################
2019-01-07 05:33:38,460 - INFO - 
2019-01-07 05:33:38,460 - INFO - Starting a new sweep, grouping news by: ALL_NO_3_2_1
2019-01-07 05:34:32,587 - INFO - Starting a new sweep with market features: basic
2019-01-07 05:34:32,587 - INFO - Starting a new sweep, features before the publication are: included
2019-01-07 05:34:32,587 - INFO - Starting a new sweep, delay in between buying-selling is: 60_180
2019-01-07 05:34:32,587 - INFO - Starting a new sweep for grid mode: basic
2019-01-07 05:34:32,588 - INFO - List of dynamic market fields: ['volatility_0_5_after', 'pips_agg_0_5_after', 'volatility_5_10_after', 'pips_agg_5_10_after', 'volatility_10_15_after', 'pips_agg_10_15_after', 'volatility_15_20_after', 'pips_agg_15_20_after', 'volatility_20_25_after', 'pips_agg_20_25_after', 'volatility_25_30_after', 'pips_agg_25_30_after', 'volatility_0_30_after', 'pips_agg_0_30_after', 'volatility_0_60_after', 'pips_agg_0_60_after', 'volatility_60_0_before', 'pips_agg_60_0_before', 'datetime', 'pips_agg_0_180_after']
2019-01-07 05:34:33,980 - INFO - X columns for the classification model: ['volatility_25_30_after', 'Low', 'pe_better', 'volatility_15_20_after', 'pips_agg_0_30_after', 'previous_error_diff_deviation', 'fe_accurate', 'Medium', 'volatility_0_60_after', 'week', 'High', 'pips_agg_20_25_after', 'forecast_error_diff_outlier_class', 'previous_error_diff_outlier_class', 'pips_agg_5_10_after', 'pips_agg_15_20_after', 'forecast_error_diff_deviation', 'volatility_20_25_after', 'fe_better', 'pe_worse', 'weekday', 'pips_agg_10_15_after', 'volatility_5_10_after', 'pips_agg_25_30_after', 'year', 'num_news', 'new_id', 'volatility_0_30_after', 'pips_agg_0_5_after', 'volatility_0_5_after', 'volatility_60_0_before', 'fe_worse', 'pips_agg_0_60_after', 'pips_agg_60_0_before', 'pe_accurate', 'volatility_10_15_after']
2019-01-07 05:34:34,133 - INFO - Starting KNeighborsClassifier
2019-01-07 05:39:58,883 - INFO - Starting SVC - rbf
2019-01-07 05:47:43,920 - INFO - Starting DecisionTreeClassifier
2019-01-07 05:48:13,628 - INFO - Starting RandomForestClassifier
2019-01-07 06:06:44,910 - INFO - Starting XGBClassifier
2019-01-07 06:07:36,431 - INFO - Starting GradientBoostingClassifier
2019-01-07 06:10:02,399 - INFO - Starting AdaBoostClassifier
2019-01-07 06:10:45,841 - INFO - X columns for the regression model: ['volatility_25_30_after', 'Low', 'pe_better', 'volatility_15_20_after', 'pips_agg_0_30_after', 'previous_error_diff_deviation', 'fe_accurate', 'Medium', 'volatility_0_60_after', 'week', 'High', 'pips_agg_20_25_after', 'forecast_error_diff_outlier_class', 'previous_error_diff_outlier_class', 'pips_agg_5_10_after', 'pips_agg_15_20_after', 'forecast_error_diff_deviation', 'volatility_20_25_after', 'fe_better', 'pe_worse', 'weekday', 'pips_agg_10_15_after', 'volatility_5_10_after', 'pips_agg_25_30_after', 'year', 'num_news', 'new_id', 'volatility_0_30_after', 'pips_agg_0_5_after', 'volatility_0_5_after', 'volatility_60_0_before', 'fe_worse', 'pips_agg_0_60_after', 'pips_agg_60_0_before', 'pe_accurate', 'volatility_10_15_after']
2019-01-07 06:10:45,964 - INFO - Starting KNeighborsRegressor
2019-01-07 06:16:08,506 - INFO - Starting SVR - rbf
2019-01-07 06:21:40,253 - INFO - Starting DecisionTreeRegressor
2019-01-07 06:22:09,529 - INFO - Starting RandomForestRegressor
2019-01-07 07:11:26,012 - INFO - Starting XGBRegressor
2019-01-07 07:11:42,845 - INFO - Starting GradientBoostingRegressor
2019-01-07 07:12:22,181 - INFO - Starting AdaBoostRegressor
2019-01-07 07:12:54,015 - INFO - sweep done in: 98.36 min
2019-01-07 07:12:54,019 - INFO - Starting a new sweep with market features: all
2019-01-07 07:12:54,020 - INFO - Starting a new sweep, features before the publication are: included
2019-01-07 07:12:54,020 - INFO - Starting a new sweep, delay in between buying-selling is: 60_180
2019-01-07 07:12:54,020 - INFO - Starting a new sweep for grid mode: basic
2019-01-07 07:12:54,020 - INFO - List of dynamic market fields: ['volatility_0_5_after', 'pips_agg_0_5_after', 'pips_candle_0_5_after', 'volatility_5_10_after', 'pips_agg_5_10_after', 'pips_candle_5_10_after', 'volatility_10_15_after', 'pips_agg_10_15_after', 'pips_candle_10_15_after', 'volatility_15_20_after', 'pips_agg_15_20_after', 'pips_candle_15_20_after', 'volatility_20_25_after', 'pips_agg_20_25_after', 'pips_candle_20_25_after', 'volatility_25_30_after', 'pips_agg_25_30_after', 'pips_candle_25_30_after', 'volatility_0_30_after', 'pips_agg_0_30_after', 'volatility_0_60_after', 'pips_agg_0_60_after', 'volatility_60_0_before', 'pips_agg_60_0_before', 'datetime', 'pips_agg_0_180_after']
2019-01-07 07:12:55,633 - INFO - X columns for the classification model: ['volatility_25_30_after', 'Low', 'pe_better', 'pips_candle_5_10_after', 'pips_candle_20_25_after', 'pips_candle_0_5_after', 'volatility_15_20_after', 'pips_agg_0_30_after', 'previous_error_diff_deviation', 'fe_accurate', 'Medium', 'pips_candle_10_15_after', 'volatility_0_60_after', 'week', 'High', 'pips_agg_20_25_after', 'forecast_error_diff_outlier_class', 'previous_error_diff_outlier_class', 'pips_agg_5_10_after', 'pips_candle_15_20_after', 'pips_agg_15_20_after', 'forecast_error_diff_deviation', 'volatility_20_25_after', 'fe_better', 'pe_worse', 'weekday', 'pips_agg_10_15_after', 'volatility_5_10_after', 'pips_agg_25_30_after', 'year', 'num_news', 'new_id', 'volatility_0_30_after', 'pips_candle_25_30_after', 'pips_agg_0_5_after', 'volatility_0_5_after', 'volatility_60_0_before', 'fe_worse', 'pips_agg_0_60_after', 'pips_agg_60_0_before', 'pe_accurate', 'volatility_10_15_after']
2019-01-07 07:12:55,785 - INFO - Starting KNeighborsClassifier
2019-01-07 07:19:41,208 - INFO - Starting SVC - rbf
2019-01-07 07:28:29,245 - INFO - Starting DecisionTreeClassifier
2019-01-07 07:29:04,522 - INFO - Starting RandomForestClassifier
2019-01-07 07:48:08,407 - INFO - Starting XGBClassifier
2019-01-07 07:49:07,163 - INFO - Starting GradientBoostingClassifier
2019-01-07 07:51:44,868 - INFO - Starting AdaBoostClassifier
2019-01-07 07:52:33,501 - INFO - X columns for the regression model: ['volatility_25_30_after', 'Low', 'pe_better', 'pips_candle_5_10_after', 'pips_candle_20_25_after', 'pips_candle_0_5_after', 'volatility_15_20_after', 'pips_agg_0_30_after', 'previous_error_diff_deviation', 'fe_accurate', 'Medium', 'pips_candle_10_15_after', 'volatility_0_60_after', 'week', 'High', 'pips_agg_20_25_after', 'forecast_error_diff_outlier_class', 'previous_error_diff_outlier_class', 'pips_agg_5_10_after', 'pips_candle_15_20_after', 'pips_agg_15_20_after', 'forecast_error_diff_deviation', 'volatility_20_25_after', 'fe_better', 'pe_worse', 'weekday', 'pips_agg_10_15_after', 'volatility_5_10_after', 'pips_agg_25_30_after', 'year', 'num_news', 'new_id', 'volatility_0_30_after', 'pips_candle_25_30_after', 'pips_agg_0_5_after', 'volatility_0_5_after', 'volatility_60_0_before', 'fe_worse', 'pips_agg_0_60_after', 'pips_agg_60_0_before', 'pe_accurate', 'volatility_10_15_after']
2019-01-07 07:52:33,634 - INFO - Starting KNeighborsRegressor
2019-01-07 07:59:00,543 - INFO - Starting SVR - rbf
2019-01-07 08:05:11,370 - INFO - Starting DecisionTreeRegressor
2019-01-07 08:05:45,953 - INFO - Starting RandomForestRegressor
2019-01-07 09:02:51,043 - INFO - Starting XGBRegressor
2019-01-07 09:03:10,700 - INFO - Starting GradientBoostingRegressor
2019-01-07 09:03:57,881 - INFO - Starting AdaBoostRegressor
2019-01-07 09:04:46,464 - INFO - sweep done in: 111.87 min
2019-01-07 09:04:46,468 - INFO - #########################
2019-01-07 09:04:46,468 - INFO - 
2019-01-07 09:04:46,468 - INFO - Starting a new sweep, grouping news by: ALL_YES_1_1_1
2019-01-07 09:05:41,578 - INFO - Starting a new sweep with market features: basic
2019-01-07 09:05:41,578 - INFO - Starting a new sweep, features before the publication are: included
2019-01-07 09:05:41,578 - INFO - Starting a new sweep, delay in between buying-selling is: 60_180
2019-01-07 09:05:41,579 - INFO - Starting a new sweep for grid mode: basic
2019-01-07 09:05:41,579 - INFO - List of dynamic market fields: ['volatility_0_5_after', 'pips_agg_0_5_after', 'volatility_5_10_after', 'pips_agg_5_10_after', 'volatility_10_15_after', 'pips_agg_10_15_after', 'volatility_15_20_after', 'pips_agg_15_20_after', 'volatility_20_25_after', 'pips_agg_20_25_after', 'volatility_25_30_after', 'pips_agg_25_30_after', 'volatility_0_30_after', 'pips_agg_0_30_after', 'volatility_0_60_after', 'pips_agg_0_60_after', 'volatility_60_0_before', 'pips_agg_60_0_before', 'datetime', 'pips_agg_0_180_after']
2019-01-07 09:05:42,772 - INFO - X columns for the classification model: ['volatility_25_30_after', 'Low', 'pe_better', 'volatility_15_20_after', 'pips_agg_0_30_after', 'previous_error_diff_deviation', 'fe_accurate', 'Medium', 'volatility_0_60_after', 'week', 'High', 'pips_agg_20_25_after', 'forecast_error_diff_outlier_class', 'previous_error_diff_outlier_class', 'pips_agg_5_10_after', 'pips_agg_15_20_after', 'forecast_error_diff_deviation', 'volatility_20_25_after', 'fe_better', 'pe_worse', 'weekday', 'pips_agg_10_15_after', 'volatility_5_10_after', 'pips_agg_25_30_after', 'year', 'num_news', 'new_id', 'volatility_0_30_after', 'pips_agg_0_5_after', 'volatility_0_5_after', 'volatility_60_0_before', 'fe_worse', 'pips_agg_0_60_after', 'pips_agg_60_0_before', 'pe_accurate', 'volatility_10_15_after']
2019-01-07 09:05:42,852 - INFO - Starting KNeighborsClassifier
2019-01-07 09:10:03,810 - INFO - Starting SVC - rbf
2019-01-07 09:13:42,646 - INFO - Starting DecisionTreeClassifier
2019-01-07 09:14:02,641 - INFO - Starting RandomForestClassifier
2019-01-07 09:27:14,496 - INFO - Starting XGBClassifier
2019-01-07 09:27:46,427 - INFO - Starting GradientBoostingClassifier
2019-01-07 09:29:18,472 - INFO - Starting AdaBoostClassifier
2019-01-07 09:29:48,444 - INFO - X columns for the regression model: ['volatility_25_30_after', 'Low', 'pe_better', 'volatility_15_20_after', 'pips_agg_0_30_after', 'previous_error_diff_deviation', 'fe_accurate', 'Medium', 'volatility_0_60_after', 'week', 'High', 'pips_agg_20_25_after', 'forecast_error_diff_outlier_class', 'previous_error_diff_outlier_class', 'pips_agg_5_10_after', 'pips_agg_15_20_after', 'forecast_error_diff_deviation', 'volatility_20_25_after', 'fe_better', 'pe_worse', 'weekday', 'pips_agg_10_15_after', 'volatility_5_10_after', 'pips_agg_25_30_after', 'year', 'num_news', 'new_id', 'volatility_0_30_after', 'pips_agg_0_5_after', 'volatility_0_5_after', 'volatility_60_0_before', 'fe_worse', 'pips_agg_0_60_after', 'pips_agg_60_0_before', 'pe_accurate', 'volatility_10_15_after']
2019-01-07 09:29:48,524 - INFO - Starting KNeighborsRegressor
2019-01-07 09:33:37,092 - INFO - Starting SVR - rbf
2019-01-07 09:36:19,127 - INFO - Starting DecisionTreeRegressor
2019-01-07 09:36:38,785 - INFO - Starting RandomForestRegressor
2019-01-07 10:05:06,510 - INFO - Starting XGBRegressor
2019-01-07 10:05:15,219 - INFO - Starting GradientBoostingRegressor
2019-01-07 10:05:34,419 - INFO - Starting AdaBoostRegressor
2019-01-07 10:05:59,485 - INFO - sweep done in: 60.30 min
2019-01-07 10:05:59,491 - INFO - Starting a new sweep with market features: all
2019-01-07 10:05:59,491 - INFO - Starting a new sweep, features before the publication are: included
2019-01-07 10:05:59,492 - INFO - Starting a new sweep, delay in between buying-selling is: 60_180
2019-01-07 10:05:59,492 - INFO - Starting a new sweep for grid mode: basic
2019-01-07 10:05:59,492 - INFO - List of dynamic market fields: ['volatility_0_5_after', 'pips_agg_0_5_after', 'pips_candle_0_5_after', 'volatility_5_10_after', 'pips_agg_5_10_after', 'pips_candle_5_10_after', 'volatility_10_15_after', 'pips_agg_10_15_after', 'pips_candle_10_15_after', 'volatility_15_20_after', 'pips_agg_15_20_after', 'pips_candle_15_20_after', 'volatility_20_25_after', 'pips_agg_20_25_after', 'pips_candle_20_25_after', 'volatility_25_30_after', 'pips_agg_25_30_after', 'pips_candle_25_30_after', 'volatility_0_30_after', 'pips_agg_0_30_after', 'volatility_0_60_after', 'pips_agg_0_60_after', 'volatility_60_0_before', 'pips_agg_60_0_before', 'datetime', 'pips_agg_0_180_after']
2019-01-07 10:06:00,376 - INFO - X columns for the classification model: ['volatility_25_30_after', 'Low', 'pe_better', 'pips_candle_5_10_after', 'pips_candle_20_25_after', 'pips_candle_0_5_after', 'volatility_15_20_after', 'pips_agg_0_30_after', 'previous_error_diff_deviation', 'fe_accurate', 'Medium', 'pips_candle_10_15_after', 'volatility_0_60_after', 'week', 'High', 'pips_agg_20_25_after', 'forecast_error_diff_outlier_class', 'previous_error_diff_outlier_class', 'pips_agg_5_10_after', 'pips_candle_15_20_after', 'pips_agg_15_20_after', 'forecast_error_diff_deviation', 'volatility_20_25_after', 'fe_better', 'pe_worse', 'weekday', 'pips_agg_10_15_after', 'volatility_5_10_after', 'pips_agg_25_30_after', 'year', 'num_news', 'new_id', 'volatility_0_30_after', 'pips_candle_25_30_after', 'pips_agg_0_5_after', 'volatility_0_5_after', 'volatility_60_0_before', 'fe_worse', 'pips_agg_0_60_after', 'pips_agg_60_0_before', 'pe_accurate', 'volatility_10_15_after']
2019-01-07 10:06:00,442 - INFO - Starting KNeighborsClassifier
2019-01-07 10:09:49,580 - INFO - Starting SVC - rbf
2019-01-07 10:12:48,977 - INFO - Starting DecisionTreeClassifier
2019-01-07 10:13:06,136 - INFO - Starting RandomForestClassifier
2019-01-07 10:22:53,005 - INFO - Starting XGBClassifier
2019-01-07 10:23:18,924 - INFO - Starting GradientBoostingClassifier
2019-01-07 10:24:34,068 - INFO - Starting AdaBoostClassifier
2019-01-07 10:24:59,265 - INFO - X columns for the regression model: ['volatility_25_30_after', 'Low', 'pe_better', 'pips_candle_5_10_after', 'pips_candle_20_25_after', 'pips_candle_0_5_after', 'volatility_15_20_after', 'pips_agg_0_30_after', 'previous_error_diff_deviation', 'fe_accurate', 'Medium', 'pips_candle_10_15_after', 'volatility_0_60_after', 'week', 'High', 'pips_agg_20_25_after', 'forecast_error_diff_outlier_class', 'previous_error_diff_outlier_class', 'pips_agg_5_10_after', 'pips_candle_15_20_after', 'pips_agg_15_20_after', 'forecast_error_diff_deviation', 'volatility_20_25_after', 'fe_better', 'pe_worse', 'weekday', 'pips_agg_10_15_after', 'volatility_5_10_after', 'pips_agg_25_30_after', 'year', 'num_news', 'new_id', 'volatility_0_30_after', 'pips_candle_25_30_after', 'pips_agg_0_5_after', 'volatility_0_5_after', 'volatility_60_0_before', 'fe_worse', 'pips_agg_0_60_after', 'pips_agg_60_0_before', 'pe_accurate', 'volatility_10_15_after']
2019-01-07 10:24:59,330 - INFO - Starting KNeighborsRegressor
2019-01-07 10:28:23,742 - INFO - Starting SVR - rbf
2019-01-07 10:30:40,664 - INFO - Starting DecisionTreeRegressor
2019-01-07 10:30:58,171 - INFO - Starting RandomForestRegressor
2019-01-07 10:58:59,328 - INFO - Starting XGBRegressor
2019-01-07 10:59:08,838 - INFO - Starting GradientBoostingRegressor
2019-01-07 10:59:31,533 - INFO - Starting AdaBoostRegressor
2019-01-07 11:00:04,443 - INFO - sweep done in: 54.08 min
2019-01-07 11:00:04,449 - INFO - #########################
2019-01-07 11:00:04,450 - INFO - 
2019-01-07 11:00:04,450 - INFO - Starting a new sweep, grouping news by: ALL_YES_3_2_1
2019-01-07 11:00:48,261 - INFO - Starting a new sweep with market features: basic
2019-01-07 11:00:48,261 - INFO - Starting a new sweep, features before the publication are: included
2019-01-07 11:00:48,261 - INFO - Starting a new sweep, delay in between buying-selling is: 60_180
2019-01-07 11:00:48,261 - INFO - Starting a new sweep for grid mode: basic
2019-01-07 11:00:48,261 - INFO - List of dynamic market fields: ['volatility_0_5_after', 'pips_agg_0_5_after', 'volatility_5_10_after', 'pips_agg_5_10_after', 'volatility_10_15_after', 'pips_agg_10_15_after', 'volatility_15_20_after', 'pips_agg_15_20_after', 'volatility_20_25_after', 'pips_agg_20_25_after', 'volatility_25_30_after', 'pips_agg_25_30_after', 'volatility_0_30_after', 'pips_agg_0_30_after', 'volatility_0_60_after', 'pips_agg_0_60_after', 'volatility_60_0_before', 'pips_agg_60_0_before', 'datetime', 'pips_agg_0_180_after']
2019-01-07 11:00:49,144 - INFO - X columns for the classification model: ['volatility_25_30_after', 'Low', 'pe_better', 'volatility_15_20_after', 'pips_agg_0_30_after', 'previous_error_diff_deviation', 'fe_accurate', 'Medium', 'volatility_0_60_after', 'week', 'High', 'pips_agg_20_25_after', 'forecast_error_diff_outlier_class', 'previous_error_diff_outlier_class', 'pips_agg_5_10_after', 'pips_agg_15_20_after', 'forecast_error_diff_deviation', 'volatility_20_25_after', 'fe_better', 'pe_worse', 'weekday', 'pips_agg_10_15_after', 'volatility_5_10_after', 'pips_agg_25_30_after', 'year', 'num_news', 'new_id', 'volatility_0_30_after', 'pips_agg_0_5_after', 'volatility_0_5_after', 'volatility_60_0_before', 'fe_worse', 'pips_agg_0_60_after', 'pips_agg_60_0_before', 'pe_accurate', 'volatility_10_15_after']
2019-01-07 11:00:49,222 - INFO - Starting KNeighborsClassifier
2019-01-07 11:04:51,803 - INFO - Starting SVC - rbf
2019-01-07 11:07:56,274 - INFO - Starting DecisionTreeClassifier
2019-01-07 11:08:11,425 - INFO - Starting RandomForestClassifier
2019-01-07 11:17:47,456 - INFO - Starting XGBClassifier
2019-01-07 11:18:16,477 - INFO - Starting GradientBoostingClassifier
2019-01-07 11:19:22,139 - INFO - Starting AdaBoostClassifier
2019-01-07 11:19:44,006 - INFO - X columns for the regression model: ['volatility_25_30_after', 'Low', 'pe_better', 'volatility_15_20_after', 'pips_agg_0_30_after', 'previous_error_diff_deviation', 'fe_accurate', 'Medium', 'volatility_0_60_after', 'week', 'High', 'pips_agg_20_25_after', 'forecast_error_diff_outlier_class', 'previous_error_diff_outlier_class', 'pips_agg_5_10_after', 'pips_agg_15_20_after', 'forecast_error_diff_deviation', 'volatility_20_25_after', 'fe_better', 'pe_worse', 'weekday', 'pips_agg_10_15_after', 'volatility_5_10_after', 'pips_agg_25_30_after', 'year', 'num_news', 'new_id', 'volatility_0_30_after', 'pips_agg_0_5_after', 'volatility_0_5_after', 'volatility_60_0_before', 'fe_worse', 'pips_agg_0_60_after', 'pips_agg_60_0_before', 'pe_accurate', 'volatility_10_15_after']
2019-01-07 11:19:44,068 - INFO - Starting KNeighborsRegressor
2019-01-07 11:23:56,813 - INFO - Starting SVR - rbf
2019-01-07 11:26:29,914 - INFO - Starting DecisionTreeRegressor
2019-01-07 11:26:48,753 - INFO - Starting RandomForestRegressor
2019-01-07 11:53:52,564 - INFO - Starting XGBRegressor
2019-01-07 11:54:03,151 - INFO - Starting GradientBoostingRegressor
2019-01-07 11:54:26,493 - INFO - Starting AdaBoostRegressor
2019-01-07 11:54:45,881 - INFO - sweep done in: 53.96 min
2019-01-07 11:54:45,893 - INFO - Starting a new sweep with market features: all
2019-01-07 11:54:45,893 - INFO - Starting a new sweep, features before the publication are: included
2019-01-07 11:54:45,894 - INFO - Starting a new sweep, delay in between buying-selling is: 60_180
2019-01-07 11:54:45,895 - INFO - Starting a new sweep for grid mode: basic
2019-01-07 11:54:45,895 - INFO - List of dynamic market fields: ['volatility_0_5_after', 'pips_agg_0_5_after', 'pips_candle_0_5_after', 'volatility_5_10_after', 'pips_agg_5_10_after', 'pips_candle_5_10_after', 'volatility_10_15_after', 'pips_agg_10_15_after', 'pips_candle_10_15_after', 'volatility_15_20_after', 'pips_agg_15_20_after', 'pips_candle_15_20_after', 'volatility_20_25_after', 'pips_agg_20_25_after', 'pips_candle_20_25_after', 'volatility_25_30_after', 'pips_agg_25_30_after', 'pips_candle_25_30_after', 'volatility_0_30_after', 'pips_agg_0_30_after', 'volatility_0_60_after', 'pips_agg_0_60_after', 'volatility_60_0_before', 'pips_agg_60_0_before', 'datetime', 'pips_agg_0_180_after']
2019-01-07 11:54:46,993 - INFO - X columns for the classification model: ['volatility_25_30_after', 'Low', 'pe_better', 'pips_candle_5_10_after', 'pips_candle_20_25_after', 'pips_candle_0_5_after', 'volatility_15_20_after', 'pips_agg_0_30_after', 'previous_error_diff_deviation', 'fe_accurate', 'Medium', 'pips_candle_10_15_after', 'volatility_0_60_after', 'week', 'High', 'pips_agg_20_25_after', 'forecast_error_diff_outlier_class', 'previous_error_diff_outlier_class', 'pips_agg_5_10_after', 'pips_candle_15_20_after', 'pips_agg_15_20_after', 'forecast_error_diff_deviation', 'volatility_20_25_after', 'fe_better', 'pe_worse', 'weekday', 'pips_agg_10_15_after', 'volatility_5_10_after', 'pips_agg_25_30_after', 'year', 'num_news', 'new_id', 'volatility_0_30_after', 'pips_candle_25_30_after', 'pips_agg_0_5_after', 'volatility_0_5_after', 'volatility_60_0_before', 'fe_worse', 'pips_agg_0_60_after', 'pips_agg_60_0_before', 'pe_accurate', 'volatility_10_15_after']
2019-01-07 11:54:47,069 - INFO - Starting KNeighborsClassifier
2019-01-07 11:58:48,326 - INFO - Starting SVC - rbf
2019-01-07 12:02:28,568 - INFO - Starting DecisionTreeClassifier
2019-01-07 12:02:49,854 - INFO - Starting RandomForestClassifier
2019-01-07 12:14:17,614 - INFO - Starting XGBClassifier
2019-01-07 12:14:47,022 - INFO - Starting GradientBoostingClassifier
2019-01-07 12:16:20,421 - INFO - Starting AdaBoostClassifier
2019-01-07 12:16:51,318 - INFO - X columns for the regression model: ['volatility_25_30_after', 'Low', 'pe_better', 'pips_candle_5_10_after', 'pips_candle_20_25_after', 'pips_candle_0_5_after', 'volatility_15_20_after', 'pips_agg_0_30_after', 'previous_error_diff_deviation', 'fe_accurate', 'Medium', 'pips_candle_10_15_after', 'volatility_0_60_after', 'week', 'High', 'pips_agg_20_25_after', 'forecast_error_diff_outlier_class', 'previous_error_diff_outlier_class', 'pips_agg_5_10_after', 'pips_candle_15_20_after', 'pips_agg_15_20_after', 'forecast_error_diff_deviation', 'volatility_20_25_after', 'fe_better', 'pe_worse', 'weekday', 'pips_agg_10_15_after', 'volatility_5_10_after', 'pips_agg_25_30_after', 'year', 'num_news', 'new_id', 'volatility_0_30_after', 'pips_candle_25_30_after', 'pips_agg_0_5_after', 'volatility_0_5_after', 'volatility_60_0_before', 'fe_worse', 'pips_agg_0_60_after', 'pips_agg_60_0_before', 'pe_accurate', 'volatility_10_15_after']
2019-01-07 12:16:51,405 - INFO - Starting KNeighborsRegressor
2019-01-07 12:21:11,919 - INFO - Starting SVR - rbf
2019-01-07 12:23:44,809 - INFO - Starting DecisionTreeRegressor
2019-01-07 12:24:04,957 - INFO - Starting RandomForestRegressor
2019-01-07 12:52:48,945 - INFO - Starting XGBRegressor
2019-01-07 12:52:59,354 - INFO - Starting GradientBoostingRegressor
2019-01-07 12:53:20,615 - INFO - Starting AdaBoostRegressor
2019-01-07 12:53:55,639 - INFO - sweep done in: 59.16 min
2019-01-07 12:53:55,645 - INFO - #########################
2019-01-07 12:53:55,645 - INFO - 
2019-01-07 12:53:55,645 - INFO - Starting a new sweep, grouping news by: High_NO_1_1_1
2019-01-07 12:54:08,278 - INFO - Starting a new sweep with market features: basic
2019-01-07 12:54:08,278 - INFO - Starting a new sweep, features before the publication are: included
2019-01-07 12:54:08,278 - INFO - Starting a new sweep, delay in between buying-selling is: 60_180
2019-01-07 12:54:08,278 - INFO - Starting a new sweep for grid mode: basic
2019-01-07 12:54:08,279 - INFO - List of dynamic market fields: ['volatility_0_5_after', 'pips_agg_0_5_after', 'volatility_5_10_after', 'pips_agg_5_10_after', 'volatility_10_15_after', 'pips_agg_10_15_after', 'volatility_15_20_after', 'pips_agg_15_20_after', 'volatility_20_25_after', 'pips_agg_20_25_after', 'volatility_25_30_after', 'pips_agg_25_30_after', 'volatility_0_30_after', 'pips_agg_0_30_after', 'volatility_0_60_after', 'pips_agg_0_60_after', 'volatility_60_0_before', 'pips_agg_60_0_before', 'datetime', 'pips_agg_0_180_after']
2019-01-07 12:54:08,825 - INFO - X columns for the classification model: ['volatility_25_30_after', 'pe_better', 'volatility_15_20_after', 'pips_agg_0_30_after', 'previous_error_diff_deviation', 'fe_accurate', 'volatility_0_60_after', 'week', 'High', 'pips_agg_20_25_after', 'forecast_error_diff_outlier_class', 'previous_error_diff_outlier_class', 'pips_agg_5_10_after', 'pips_agg_15_20_after', 'forecast_error_diff_deviation', 'volatility_20_25_after', 'fe_better', 'pe_worse', 'weekday', 'pips_agg_10_15_after', 'volatility_5_10_after', 'pips_agg_25_30_after', 'year', 'num_news', 'new_id', 'volatility_0_30_after', 'pips_agg_0_5_after', 'volatility_0_5_after', 'volatility_60_0_before', 'fe_worse', 'pips_agg_0_60_after', 'pips_agg_60_0_before', 'pe_accurate', 'volatility_10_15_after']
2019-01-07 12:54:08,879 - INFO - Starting KNeighborsClassifier
2019-01-07 12:54:50,585 - INFO - Starting SVC - rbf
2019-01-07 12:55:46,054 - INFO - Starting DecisionTreeClassifier
2019-01-07 12:55:56,052 - INFO - Starting RandomForestClassifier
2019-01-07 13:04:21,844 - INFO - Starting XGBClassifier
2019-01-07 13:04:39,338 - INFO - Starting GradientBoostingClassifier
2019-01-07 13:05:37,286 - INFO - Starting AdaBoostClassifier
2019-01-07 13:05:56,355 - INFO - X columns for the regression model: ['volatility_25_30_after', 'pe_better', 'volatility_15_20_after', 'pips_agg_0_30_after', 'previous_error_diff_deviation', 'fe_accurate', 'volatility_0_60_after', 'week', 'High', 'pips_agg_20_25_after', 'forecast_error_diff_outlier_class', 'previous_error_diff_outlier_class', 'pips_agg_5_10_after', 'pips_agg_15_20_after', 'forecast_error_diff_deviation', 'volatility_20_25_after', 'fe_better', 'pe_worse', 'weekday', 'pips_agg_10_15_after', 'volatility_5_10_after', 'pips_agg_25_30_after', 'year', 'num_news', 'new_id', 'volatility_0_30_after', 'pips_agg_0_5_after', 'volatility_0_5_after', 'volatility_60_0_before', 'fe_worse', 'pips_agg_0_60_after', 'pips_agg_60_0_before', 'pe_accurate', 'volatility_10_15_after']
2019-01-07 13:05:56,398 - INFO - Starting KNeighborsRegressor
2019-01-07 13:06:31,310 - INFO - Starting SVR - rbf
2019-01-07 13:07:07,605 - INFO - Starting DecisionTreeRegressor
2019-01-07 13:07:15,995 - INFO - Starting RandomForestRegressor
2019-01-07 13:20:24,402 - INFO - Starting XGBRegressor
2019-01-07 13:20:29,175 - INFO - Starting GradientBoostingRegressor
2019-01-07 13:20:39,029 - INFO - Starting AdaBoostRegressor
2019-01-07 13:20:56,297 - INFO - sweep done in: 26.80 min
2019-01-07 13:20:56,303 - INFO - Starting a new sweep with market features: all
2019-01-07 13:20:56,304 - INFO - Starting a new sweep, features before the publication are: included
2019-01-07 13:20:56,304 - INFO - Starting a new sweep, delay in between buying-selling is: 60_180
2019-01-07 13:20:56,304 - INFO - Starting a new sweep for grid mode: basic
2019-01-07 13:20:56,304 - INFO - List of dynamic market fields: ['volatility_0_5_after', 'pips_agg_0_5_after', 'pips_candle_0_5_after', 'volatility_5_10_after', 'pips_agg_5_10_after', 'pips_candle_5_10_after', 'volatility_10_15_after', 'pips_agg_10_15_after', 'pips_candle_10_15_after', 'volatility_15_20_after', 'pips_agg_15_20_after', 'pips_candle_15_20_after', 'volatility_20_25_after', 'pips_agg_20_25_after', 'pips_candle_20_25_after', 'volatility_25_30_after', 'pips_agg_25_30_after', 'pips_candle_25_30_after', 'volatility_0_30_after', 'pips_agg_0_30_after', 'volatility_0_60_after', 'pips_agg_0_60_after', 'volatility_60_0_before', 'pips_agg_60_0_before', 'datetime', 'pips_agg_0_180_after']
2019-01-07 13:20:56,832 - INFO - X columns for the classification model: ['volatility_25_30_after', 'pe_better', 'pips_candle_5_10_after', 'pips_candle_20_25_after', 'pips_candle_0_5_after', 'volatility_15_20_after', 'pips_agg_0_30_after', 'previous_error_diff_deviation', 'fe_accurate', 'volatility_0_60_after', 'pips_candle_10_15_after', 'week', 'High', 'pips_agg_20_25_after', 'forecast_error_diff_outlier_class', 'previous_error_diff_outlier_class', 'pips_agg_5_10_after', 'pips_candle_15_20_after', 'pips_agg_15_20_after', 'forecast_error_diff_deviation', 'volatility_20_25_after', 'fe_better', 'pe_worse', 'weekday', 'pips_agg_10_15_after', 'volatility_5_10_after', 'pips_agg_25_30_after', 'year', 'num_news', 'new_id', 'volatility_0_30_after', 'pips_candle_25_30_after', 'pips_agg_0_5_after', 'volatility_0_5_after', 'volatility_60_0_before', 'fe_worse', 'pips_agg_0_60_after', 'pips_agg_60_0_before', 'pe_accurate', 'volatility_10_15_after']
2019-01-07 13:20:56,880 - INFO - Starting KNeighborsClassifier
2019-01-07 13:21:34,867 - INFO - Starting SVC - rbf
2019-01-07 13:22:24,754 - INFO - Starting DecisionTreeClassifier
2019-01-07 13:22:34,055 - INFO - Starting RandomForestClassifier
2019-01-07 13:29:23,120 - INFO - Starting XGBClassifier
2019-01-07 13:29:38,583 - INFO - Starting GradientBoostingClassifier
2019-01-07 13:30:27,139 - INFO - Starting AdaBoostClassifier
2019-01-07 13:30:43,163 - INFO - X columns for the regression model: ['volatility_25_30_after', 'pe_better', 'pips_candle_5_10_after', 'pips_candle_20_25_after', 'pips_candle_0_5_after', 'volatility_15_20_after', 'pips_agg_0_30_after', 'previous_error_diff_deviation', 'fe_accurate', 'volatility_0_60_after', 'pips_candle_10_15_after', 'week', 'High', 'pips_agg_20_25_after', 'forecast_error_diff_outlier_class', 'previous_error_diff_outlier_class', 'pips_agg_5_10_after', 'pips_candle_15_20_after', 'pips_agg_15_20_after', 'forecast_error_diff_deviation', 'volatility_20_25_after', 'fe_better', 'pe_worse', 'weekday', 'pips_agg_10_15_after', 'volatility_5_10_after', 'pips_agg_25_30_after', 'year', 'num_news', 'new_id', 'volatility_0_30_after', 'pips_candle_25_30_after', 'pips_agg_0_5_after', 'volatility_0_5_after', 'volatility_60_0_before', 'fe_worse', 'pips_agg_0_60_after', 'pips_agg_60_0_before', 'pe_accurate', 'volatility_10_15_after']
2019-01-07 13:30:43,200 - INFO - Starting KNeighborsRegressor
2019-01-07 13:31:19,838 - INFO - Starting SVR - rbf
2019-01-07 13:31:57,463 - INFO - Starting DecisionTreeRegressor
2019-01-07 13:32:06,288 - INFO - Starting RandomForestRegressor
2019-01-07 13:47:09,392 - INFO - Starting XGBRegressor
2019-01-07 13:47:15,130 - INFO - Starting GradientBoostingRegressor
2019-01-07 13:47:26,686 - INFO - Starting AdaBoostRegressor
2019-01-07 13:47:44,922 - INFO - sweep done in: 26.81 min
2019-01-07 13:47:44,929 - INFO - #########################
2019-01-07 13:47:44,930 - INFO - 
2019-01-07 13:47:44,930 - INFO - Starting a new sweep, grouping news by: High_YES_1_1_1
2019-01-07 13:47:54,722 - INFO - Starting a new sweep with market features: basic
2019-01-07 13:47:54,722 - INFO - Starting a new sweep, features before the publication are: included
2019-01-07 13:47:54,722 - INFO - Starting a new sweep, delay in between buying-selling is: 60_180
2019-01-07 13:47:54,722 - INFO - Starting a new sweep for grid mode: basic
2019-01-07 13:47:54,722 - INFO - List of dynamic market fields: ['volatility_0_5_after', 'pips_agg_0_5_after', 'volatility_5_10_after', 'pips_agg_5_10_after', 'volatility_10_15_after', 'pips_agg_10_15_after', 'volatility_15_20_after', 'pips_agg_15_20_after', 'volatility_20_25_after', 'pips_agg_20_25_after', 'volatility_25_30_after', 'pips_agg_25_30_after', 'volatility_0_30_after', 'pips_agg_0_30_after', 'volatility_0_60_after', 'pips_agg_0_60_after', 'volatility_60_0_before', 'pips_agg_60_0_before', 'datetime', 'pips_agg_0_180_after']
2019-01-07 13:47:55,107 - INFO - X columns for the classification model: ['volatility_25_30_after', 'pe_better', 'volatility_15_20_after', 'pips_agg_0_30_after', 'previous_error_diff_deviation', 'fe_accurate', 'volatility_0_60_after', 'week', 'High', 'pips_agg_20_25_after', 'forecast_error_diff_outlier_class', 'previous_error_diff_outlier_class', 'pips_agg_5_10_after', 'pips_agg_15_20_after', 'forecast_error_diff_deviation', 'volatility_20_25_after', 'fe_better', 'pe_worse', 'weekday', 'pips_agg_10_15_after', 'volatility_5_10_after', 'pips_agg_25_30_after', 'year', 'num_news', 'new_id', 'volatility_0_30_after', 'pips_agg_0_5_after', 'volatility_0_5_after', 'volatility_60_0_before', 'fe_worse', 'pips_agg_0_60_after', 'pips_agg_60_0_before', 'pe_accurate', 'volatility_10_15_after']
2019-01-07 13:47:55,128 - INFO - Starting KNeighborsClassifier
2019-01-07 13:48:24,443 - INFO - Starting SVC - rbf
2019-01-07 13:48:52,375 - INFO - Starting DecisionTreeClassifier
2019-01-07 13:48:58,079 - INFO - Starting RandomForestClassifier
2019-01-07 13:53:58,352 - INFO - Starting XGBClassifier
2019-01-07 13:54:05,661 - INFO - Starting GradientBoostingClassifier
2019-01-07 13:54:28,177 - INFO - Starting AdaBoostClassifier
2019-01-07 13:54:36,972 - INFO - X columns for the regression model: ['volatility_25_30_after', 'pe_better', 'volatility_15_20_after', 'pips_agg_0_30_after', 'previous_error_diff_deviation', 'fe_accurate', 'volatility_0_60_after', 'week', 'High', 'pips_agg_20_25_after', 'forecast_error_diff_outlier_class', 'previous_error_diff_outlier_class', 'pips_agg_5_10_after', 'pips_agg_15_20_after', 'forecast_error_diff_deviation', 'volatility_20_25_after', 'fe_better', 'pe_worse', 'weekday', 'pips_agg_10_15_after', 'volatility_5_10_after', 'pips_agg_25_30_after', 'year', 'num_news', 'new_id', 'volatility_0_30_after', 'pips_agg_0_5_after', 'volatility_0_5_after', 'volatility_60_0_before', 'fe_worse', 'pips_agg_0_60_after', 'pips_agg_60_0_before', 'pe_accurate', 'volatility_10_15_after']
2019-01-07 13:54:36,987 - INFO - Starting KNeighborsRegressor
2019-01-07 13:54:56,439 - INFO - Starting SVR - rbf
2019-01-07 13:55:10,507 - INFO - Starting DecisionTreeRegressor
2019-01-07 13:55:14,191 - INFO - Starting RandomForestRegressor
2019-01-07 14:01:44,299 - INFO - Starting XGBRegressor
2019-01-07 14:01:46,917 - INFO - Starting GradientBoostingRegressor
2019-01-07 14:01:51,932 - INFO - Starting AdaBoostRegressor
2019-01-07 14:02:01,274 - INFO - sweep done in: 14.11 min
2019-01-07 14:02:01,280 - INFO - Starting a new sweep with market features: all
2019-01-07 14:02:01,280 - INFO - Starting a new sweep, features before the publication are: included
2019-01-07 14:02:01,280 - INFO - Starting a new sweep, delay in between buying-selling is: 60_180
2019-01-07 14:02:01,280 - INFO - Starting a new sweep for grid mode: basic
2019-01-07 14:02:01,281 - INFO - List of dynamic market fields: ['volatility_0_5_after', 'pips_agg_0_5_after', 'pips_candle_0_5_after', 'volatility_5_10_after', 'pips_agg_5_10_after', 'pips_candle_5_10_after', 'volatility_10_15_after', 'pips_agg_10_15_after', 'pips_candle_10_15_after', 'volatility_15_20_after', 'pips_agg_15_20_after', 'pips_candle_15_20_after', 'volatility_20_25_after', 'pips_agg_20_25_after', 'pips_candle_20_25_after', 'volatility_25_30_after', 'pips_agg_25_30_after', 'pips_candle_25_30_after', 'volatility_0_30_after', 'pips_agg_0_30_after', 'volatility_0_60_after', 'pips_agg_0_60_after', 'volatility_60_0_before', 'pips_agg_60_0_before', 'datetime', 'pips_agg_0_180_after']
2019-01-07 14:02:01,525 - INFO - X columns for the classification model: ['volatility_25_30_after', 'pe_better', 'pips_candle_5_10_after', 'pips_candle_20_25_after', 'pips_candle_0_5_after', 'volatility_15_20_after', 'pips_agg_0_30_after', 'previous_error_diff_deviation', 'fe_accurate', 'volatility_0_60_after', 'pips_candle_10_15_after', 'week', 'High', 'pips_agg_20_25_after', 'forecast_error_diff_outlier_class', 'previous_error_diff_outlier_class', 'pips_agg_5_10_after', 'pips_candle_15_20_after', 'pips_agg_15_20_after', 'forecast_error_diff_deviation', 'volatility_20_25_after', 'fe_better', 'pe_worse', 'weekday', 'pips_agg_10_15_after', 'volatility_5_10_after', 'pips_agg_25_30_after', 'year', 'num_news', 'new_id', 'volatility_0_30_after', 'pips_candle_25_30_after', 'pips_agg_0_5_after', 'volatility_0_5_after', 'volatility_60_0_before', 'fe_worse', 'pips_agg_0_60_after', 'pips_agg_60_0_before', 'pe_accurate', 'volatility_10_15_after']
2019-01-07 14:02:01,543 - INFO - Starting KNeighborsClassifier
2019-01-07 14:02:25,002 - INFO - Starting SVC - rbf
2019-01-07 14:02:45,170 - INFO - Starting DecisionTreeClassifier
2019-01-07 14:02:49,487 - INFO - Starting RandomForestClassifier
2019-01-07 14:06:44,945 - INFO - Starting XGBClassifier
2019-01-07 14:06:53,417 - INFO - Starting GradientBoostingClassifier
2019-01-07 14:07:18,807 - INFO - Starting AdaBoostClassifier
2019-01-07 14:07:28,458 - INFO - X columns for the regression model: ['volatility_25_30_after', 'pe_better', 'pips_candle_5_10_after', 'pips_candle_20_25_after', 'pips_candle_0_5_after', 'volatility_15_20_after', 'pips_agg_0_30_after', 'previous_error_diff_deviation', 'fe_accurate', 'volatility_0_60_after', 'pips_candle_10_15_after', 'week', 'High', 'pips_agg_20_25_after', 'forecast_error_diff_outlier_class', 'previous_error_diff_outlier_class', 'pips_agg_5_10_after', 'pips_candle_15_20_after', 'pips_agg_15_20_after', 'forecast_error_diff_deviation', 'volatility_20_25_after', 'fe_better', 'pe_worse', 'weekday', 'pips_agg_10_15_after', 'volatility_5_10_after', 'pips_agg_25_30_after', 'year', 'num_news', 'new_id', 'volatility_0_30_after', 'pips_candle_25_30_after', 'pips_agg_0_5_after', 'volatility_0_5_after', 'volatility_60_0_before', 'fe_worse', 'pips_agg_0_60_after', 'pips_agg_60_0_before', 'pe_accurate', 'volatility_10_15_after']
2019-01-07 14:07:28,482 - INFO - Starting KNeighborsRegressor
2019-01-07 14:07:51,274 - INFO - Starting SVR - rbf
2019-01-07 14:08:07,158 - INFO - Starting DecisionTreeRegressor
2019-01-07 14:08:11,502 - INFO - Starting RandomForestRegressor
2019-01-07 14:15:43,120 - INFO - Starting XGBRegressor
2019-01-07 14:15:46,005 - INFO - Starting GradientBoostingRegressor
2019-01-07 14:15:51,774 - INFO - Starting AdaBoostRegressor
2019-01-07 14:16:01,228 - INFO - sweep done in: 14.00 min
