2019-01-07 02:03:44,579 - INFO - #########################
2019-01-07 02:03:44,579 - INFO - 
2019-01-07 02:03:44,579 - INFO - Starting a new sweep, grouping news by: ALL_NO_1_1_1
2019-01-07 02:04:40,920 - INFO - Starting a new sweep with market features: basic
2019-01-07 02:04:40,920 - INFO - Starting a new sweep, features before the publication are: included
2019-01-07 02:04:40,921 - INFO - Starting a new sweep, delay in between buying-selling is: 0_60
2019-01-07 02:04:40,921 - INFO - Starting a new sweep for grid mode: basic
2019-01-07 02:04:40,921 - INFO - List of dynamic market fields: ['volatility_60_0_before', 'pips_agg_60_0_before', 'datetime', 'pips_agg_0_60_after']
2019-01-07 02:04:41,885 - INFO - X columns for the classification model: ['previous_error_diff_outlier_class', 'previous_error_diff_deviation', 'forecast_error_diff_deviation', 'year', 'Medium', 'pe_worse', 'High', 'pe_better', 'weekday', 'num_news', 'volatility_60_0_before', 'week', 'pe_accurate', 'fe_worse', 'new_id', 'fe_accurate', 'fe_better', 'forecast_error_diff_outlier_class', 'Low', 'pips_agg_60_0_before']
2019-01-07 02:04:41,943 - INFO - Starting KNeighborsClassifier
2019-01-07 02:06:29,776 - INFO - Starting SVC - rbf
2019-01-07 02:12:24,492 - INFO - Starting DecisionTreeClassifier
2019-01-07 02:12:42,241 - INFO - Starting RandomForestClassifier
2019-01-07 02:27:01,654 - INFO - Starting XGBClassifier
2019-01-07 02:27:30,593 - INFO - Starting GradientBoostingClassifier
2019-01-07 02:28:55,420 - INFO - Starting AdaBoostClassifier
2019-01-07 02:29:23,262 - INFO - X columns for the regression model: ['previous_error_diff_outlier_class', 'previous_error_diff_deviation', 'forecast_error_diff_deviation', 'year', 'Medium', 'pe_worse', 'High', 'pe_better', 'weekday', 'num_news', 'volatility_60_0_before', 'week', 'pe_accurate', 'fe_worse', 'new_id', 'fe_accurate', 'fe_better', 'forecast_error_diff_outlier_class', 'Low', 'pips_agg_60_0_before']
2019-01-07 02:29:23,330 - INFO - Starting KNeighborsRegressor
2019-01-07 02:30:56,012 - INFO - Starting SVR - rbf
2019-01-07 02:34:53,956 - INFO - Starting DecisionTreeRegressor
2019-01-07 02:35:09,535 - INFO - Starting RandomForestRegressor
2019-01-07 03:00:29,233 - INFO - Starting XGBRegressor
2019-01-07 03:00:38,571 - INFO - Starting GradientBoostingRegressor
2019-01-07 03:00:56,488 - INFO - Starting AdaBoostRegressor
2019-01-07 03:01:20,093 - INFO - sweep done in: 56.65 min
2019-01-07 03:01:20,096 - INFO - Starting a new sweep with market features: all
2019-01-07 03:01:20,096 - INFO - Starting a new sweep, features before the publication are: included
2019-01-07 03:01:20,096 - INFO - Starting a new sweep, delay in between buying-selling is: 0_60
2019-01-07 03:01:20,096 - INFO - Starting a new sweep for grid mode: basic
2019-01-07 03:01:20,097 - INFO - List of dynamic market fields: ['volatility_60_0_before', 'pips_agg_60_0_before', 'datetime', 'pips_agg_0_60_after']
2019-01-07 03:01:21,023 - INFO - X columns for the classification model: ['previous_error_diff_outlier_class', 'previous_error_diff_deviation', 'forecast_error_diff_deviation', 'year', 'Medium', 'pe_worse', 'High', 'pe_better', 'weekday', 'num_news', 'volatility_60_0_before', 'week', 'pe_accurate', 'fe_worse', 'new_id', 'fe_accurate', 'fe_better', 'forecast_error_diff_outlier_class', 'Low', 'pips_agg_60_0_before']
2019-01-07 03:01:21,082 - INFO - Starting KNeighborsClassifier
2019-01-07 03:02:56,136 - INFO - Starting SVC - rbf
2019-01-07 03:08:20,394 - INFO - Starting DecisionTreeClassifier
2019-01-07 03:08:36,174 - INFO - Starting RandomForestClassifier
2019-01-07 03:22:08,635 - INFO - Starting XGBClassifier
2019-01-07 03:22:37,226 - INFO - Starting GradientBoostingClassifier
2019-01-07 03:24:01,104 - INFO - Starting AdaBoostClassifier
2019-01-07 03:24:28,518 - INFO - X columns for the regression model: ['previous_error_diff_outlier_class', 'previous_error_diff_deviation', 'forecast_error_diff_deviation', 'year', 'Medium', 'pe_worse', 'High', 'pe_better', 'weekday', 'num_news', 'volatility_60_0_before', 'week', 'pe_accurate', 'fe_worse', 'new_id', 'fe_accurate', 'fe_better', 'forecast_error_diff_outlier_class', 'Low', 'pips_agg_60_0_before']
2019-01-07 03:24:28,580 - INFO - Starting KNeighborsRegressor
2019-01-07 03:25:56,472 - INFO - Starting SVR - rbf
2019-01-07 03:29:54,365 - INFO - Starting DecisionTreeRegressor
2019-01-07 03:30:09,664 - INFO - Starting RandomForestRegressor
2019-01-07 03:55:35,516 - INFO - Starting XGBRegressor
2019-01-07 03:55:45,374 - INFO - Starting GradientBoostingRegressor
2019-01-07 03:56:04,809 - INFO - Starting AdaBoostRegressor
2019-01-07 03:56:30,634 - INFO - sweep done in: 55.18 min
2019-01-07 03:56:30,649 - INFO - #########################
2019-01-07 03:56:30,650 - INFO - 
2019-01-07 03:56:30,650 - INFO - Starting a new sweep, grouping news by: ALL_NO_3_2_1
2019-01-07 03:57:31,192 - INFO - Starting a new sweep with market features: basic
2019-01-07 03:57:31,192 - INFO - Starting a new sweep, features before the publication are: included
2019-01-07 03:57:31,192 - INFO - Starting a new sweep, delay in between buying-selling is: 0_60
2019-01-07 03:57:31,192 - INFO - Starting a new sweep for grid mode: basic
2019-01-07 03:57:31,193 - INFO - List of dynamic market fields: ['volatility_60_0_before', 'pips_agg_60_0_before', 'datetime', 'pips_agg_0_60_after']
2019-01-07 03:57:32,123 - INFO - X columns for the classification model: ['previous_error_diff_outlier_class', 'previous_error_diff_deviation', 'forecast_error_diff_deviation', 'year', 'Medium', 'pe_worse', 'High', 'pe_better', 'weekday', 'num_news', 'volatility_60_0_before', 'week', 'pe_accurate', 'fe_worse', 'new_id', 'fe_accurate', 'fe_better', 'forecast_error_diff_outlier_class', 'Low', 'pips_agg_60_0_before']
2019-01-07 03:57:32,257 - INFO - Starting KNeighborsClassifier
2019-01-07 03:59:35,548 - INFO - Starting SVC - rbf
2019-01-07 04:04:59,395 - INFO - Starting DecisionTreeClassifier
2019-01-07 04:05:15,822 - INFO - Starting RandomForestClassifier
2019-01-07 04:19:41,657 - INFO - Starting XGBClassifier
2019-01-07 04:20:12,135 - INFO - Starting GradientBoostingClassifier
2019-01-07 04:21:48,915 - INFO - Starting AdaBoostClassifier
2019-01-07 04:22:22,141 - INFO - X columns for the regression model: ['previous_error_diff_outlier_class', 'previous_error_diff_deviation', 'forecast_error_diff_deviation', 'year', 'Medium', 'pe_worse', 'High', 'pe_better', 'weekday', 'num_news', 'volatility_60_0_before', 'week', 'pe_accurate', 'fe_worse', 'new_id', 'fe_accurate', 'fe_better', 'forecast_error_diff_outlier_class', 'Low', 'pips_agg_60_0_before']
2019-01-07 04:22:22,221 - INFO - Starting KNeighborsRegressor
2019-01-07 04:24:44,489 - INFO - Starting SVR - rbf
2019-01-07 04:28:53,049 - INFO - Starting DecisionTreeRegressor
2019-01-07 04:29:10,695 - INFO - Starting RandomForestRegressor
2019-01-07 04:55:32,198 - INFO - Starting XGBRegressor
2019-01-07 04:55:41,652 - INFO - Starting GradientBoostingRegressor
2019-01-07 04:56:00,477 - INFO - Starting AdaBoostRegressor
2019-01-07 04:56:27,424 - INFO - sweep done in: 58.94 min
2019-01-07 04:56:27,427 - INFO - Starting a new sweep with market features: all
2019-01-07 04:56:27,428 - INFO - Starting a new sweep, features before the publication are: included
2019-01-07 04:56:27,428 - INFO - Starting a new sweep, delay in between buying-selling is: 0_60
2019-01-07 04:56:27,428 - INFO - Starting a new sweep for grid mode: basic
2019-01-07 04:56:27,428 - INFO - List of dynamic market fields: ['volatility_60_0_before', 'pips_agg_60_0_before', 'datetime', 'pips_agg_0_60_after']
2019-01-07 04:56:28,333 - INFO - X columns for the classification model: ['previous_error_diff_outlier_class', 'previous_error_diff_deviation', 'forecast_error_diff_deviation', 'year', 'Medium', 'pe_worse', 'High', 'pe_better', 'weekday', 'num_news', 'volatility_60_0_before', 'week', 'pe_accurate', 'fe_worse', 'new_id', 'fe_accurate', 'fe_better', 'forecast_error_diff_outlier_class', 'Low', 'pips_agg_60_0_before']
2019-01-07 04:56:28,415 - INFO - Starting KNeighborsClassifier
2019-01-07 04:58:24,906 - INFO - Starting SVC - rbf
2019-01-07 05:03:48,643 - INFO - Starting DecisionTreeClassifier
2019-01-07 05:04:05,003 - INFO - Starting RandomForestClassifier
2019-01-07 05:18:01,088 - INFO - Starting XGBClassifier
2019-01-07 05:18:30,869 - INFO - Starting GradientBoostingClassifier
2019-01-07 05:19:58,800 - INFO - Starting AdaBoostClassifier
2019-01-07 05:20:28,220 - INFO - X columns for the regression model: ['previous_error_diff_outlier_class', 'previous_error_diff_deviation', 'forecast_error_diff_deviation', 'year', 'Medium', 'pe_worse', 'High', 'pe_better', 'weekday', 'num_news', 'volatility_60_0_before', 'week', 'pe_accurate', 'fe_worse', 'new_id', 'fe_accurate', 'fe_better', 'forecast_error_diff_outlier_class', 'Low', 'pips_agg_60_0_before']
2019-01-07 05:20:28,282 - INFO - Starting KNeighborsRegressor
2019-01-07 05:22:25,669 - INFO - Starting SVR - rbf
2019-01-07 05:26:29,868 - INFO - Starting DecisionTreeRegressor
2019-01-07 05:26:46,954 - INFO - Starting RandomForestRegressor
2019-01-07 05:53:38,861 - INFO - Starting XGBRegressor
2019-01-07 05:53:48,539 - INFO - Starting GradientBoostingRegressor
2019-01-07 05:54:07,731 - INFO - Starting AdaBoostRegressor
2019-01-07 05:54:35,250 - INFO - sweep done in: 58.13 min
2019-01-07 05:54:35,257 - INFO - #########################
2019-01-07 05:54:35,258 - INFO - 
2019-01-07 05:54:35,258 - INFO - Starting a new sweep, grouping news by: ALL_YES_1_1_1
2019-01-07 05:55:29,604 - INFO - Starting a new sweep with market features: basic
2019-01-07 05:55:29,604 - INFO - Starting a new sweep, features before the publication are: included
2019-01-07 05:55:29,604 - INFO - Starting a new sweep, delay in between buying-selling is: 0_60
2019-01-07 05:55:29,604 - INFO - Starting a new sweep for grid mode: basic
2019-01-07 05:55:29,605 - INFO - List of dynamic market fields: ['volatility_60_0_before', 'pips_agg_60_0_before', 'datetime', 'pips_agg_0_60_after']
2019-01-07 05:55:30,428 - INFO - X columns for the classification model: ['previous_error_diff_outlier_class', 'previous_error_diff_deviation', 'forecast_error_diff_deviation', 'year', 'Medium', 'pe_worse', 'High', 'pe_better', 'weekday', 'num_news', 'volatility_60_0_before', 'week', 'pe_accurate', 'fe_worse', 'new_id', 'fe_accurate', 'fe_better', 'forecast_error_diff_outlier_class', 'Low', 'pips_agg_60_0_before']
2019-01-07 05:55:30,483 - INFO - Starting KNeighborsClassifier
2019-01-07 05:57:11,795 - INFO - Starting SVC - rbf
2019-01-07 06:00:11,546 - INFO - Starting DecisionTreeClassifier
2019-01-07 06:00:23,180 - INFO - Starting RandomForestClassifier
2019-01-07 06:11:21,780 - INFO - Starting XGBClassifier
2019-01-07 06:11:42,961 - INFO - Starting GradientBoostingClassifier
2019-01-07 06:12:44,478 - INFO - Starting AdaBoostClassifier
2019-01-07 06:13:06,252 - INFO - X columns for the regression model: ['previous_error_diff_outlier_class', 'previous_error_diff_deviation', 'forecast_error_diff_deviation', 'year', 'Medium', 'pe_worse', 'High', 'pe_better', 'weekday', 'num_news', 'volatility_60_0_before', 'week', 'pe_accurate', 'fe_worse', 'new_id', 'fe_accurate', 'fe_better', 'forecast_error_diff_outlier_class', 'Low', 'pips_agg_60_0_before']
2019-01-07 06:13:06,300 - INFO - Starting KNeighborsRegressor
2019-01-07 06:14:46,491 - INFO - Starting SVR - rbf
2019-01-07 06:16:55,660 - INFO - Starting DecisionTreeRegressor
2019-01-07 06:17:07,121 - INFO - Starting RandomForestRegressor
2019-01-07 06:33:28,459 - INFO - Starting XGBRegressor
2019-01-07 06:33:35,086 - INFO - Starting GradientBoostingRegressor
2019-01-07 06:33:47,309 - INFO - Starting AdaBoostRegressor
2019-01-07 06:34:02,766 - INFO - sweep done in: 38.55 min
2019-01-07 06:34:02,776 - INFO - Starting a new sweep with market features: all
2019-01-07 06:34:02,776 - INFO - Starting a new sweep, features before the publication are: included
2019-01-07 06:34:02,776 - INFO - Starting a new sweep, delay in between buying-selling is: 0_60
2019-01-07 06:34:02,779 - INFO - Starting a new sweep for grid mode: basic
2019-01-07 06:34:02,779 - INFO - List of dynamic market fields: ['volatility_60_0_before', 'pips_agg_60_0_before', 'datetime', 'pips_agg_0_60_after']
2019-01-07 06:34:03,492 - INFO - X columns for the classification model: ['previous_error_diff_outlier_class', 'previous_error_diff_deviation', 'forecast_error_diff_deviation', 'year', 'Medium', 'pe_worse', 'High', 'pe_better', 'weekday', 'num_news', 'volatility_60_0_before', 'week', 'pe_accurate', 'fe_worse', 'new_id', 'fe_accurate', 'fe_better', 'forecast_error_diff_outlier_class', 'Low', 'pips_agg_60_0_before']
2019-01-07 06:34:03,550 - INFO - Starting KNeighborsClassifier
2019-01-07 06:35:39,236 - INFO - Starting SVC - rbf
2019-01-07 06:38:34,913 - INFO - Starting DecisionTreeClassifier
2019-01-07 06:38:45,661 - INFO - Starting RandomForestClassifier
2019-01-07 06:49:12,321 - INFO - Starting XGBClassifier
2019-01-07 06:49:32,597 - INFO - Starting GradientBoostingClassifier
2019-01-07 06:50:32,337 - INFO - Starting AdaBoostClassifier
2019-01-07 06:50:53,233 - INFO - X columns for the regression model: ['previous_error_diff_outlier_class', 'previous_error_diff_deviation', 'forecast_error_diff_deviation', 'year', 'Medium', 'pe_worse', 'High', 'pe_better', 'weekday', 'num_news', 'volatility_60_0_before', 'week', 'pe_accurate', 'fe_worse', 'new_id', 'fe_accurate', 'fe_better', 'forecast_error_diff_outlier_class', 'Low', 'pips_agg_60_0_before']
2019-01-07 06:50:53,286 - INFO - Starting KNeighborsRegressor
2019-01-07 06:52:28,410 - INFO - Starting SVR - rbf
2019-01-07 06:54:35,364 - INFO - Starting DecisionTreeRegressor
2019-01-07 06:54:46,406 - INFO - Starting RandomForestRegressor
2019-01-07 07:11:13,654 - INFO - Starting XGBRegressor
2019-01-07 07:11:20,365 - INFO - Starting GradientBoostingRegressor
2019-01-07 07:11:32,728 - INFO - Starting AdaBoostRegressor
2019-01-07 07:11:48,358 - INFO - sweep done in: 37.76 min
2019-01-07 07:11:48,371 - INFO - #########################
2019-01-07 07:11:48,371 - INFO - 
2019-01-07 07:11:48,371 - INFO - Starting a new sweep, grouping news by: ALL_YES_3_2_1
2019-01-07 07:12:43,619 - INFO - Starting a new sweep with market features: basic
2019-01-07 07:12:43,619 - INFO - Starting a new sweep, features before the publication are: included
2019-01-07 07:12:43,619 - INFO - Starting a new sweep, delay in between buying-selling is: 0_60
2019-01-07 07:12:43,619 - INFO - Starting a new sweep for grid mode: basic
2019-01-07 07:12:43,619 - INFO - List of dynamic market fields: ['volatility_60_0_before', 'pips_agg_60_0_before', 'datetime', 'pips_agg_0_60_after']
2019-01-07 07:12:44,421 - INFO - X columns for the classification model: ['previous_error_diff_outlier_class', 'previous_error_diff_deviation', 'forecast_error_diff_deviation', 'year', 'Medium', 'pe_worse', 'High', 'pe_better', 'weekday', 'num_news', 'volatility_60_0_before', 'week', 'pe_accurate', 'fe_worse', 'new_id', 'fe_accurate', 'fe_better', 'forecast_error_diff_outlier_class', 'Low', 'pips_agg_60_0_before']
2019-01-07 07:12:44,477 - INFO - Starting KNeighborsClassifier
2019-01-07 07:14:52,394 - INFO - Starting SVC - rbf
2019-01-07 07:17:54,731 - INFO - Starting DecisionTreeClassifier
2019-01-07 07:18:06,248 - INFO - Starting RandomForestClassifier
2019-01-07 07:29:58,035 - INFO - Starting XGBClassifier
2019-01-07 07:30:18,415 - INFO - Starting GradientBoostingClassifier
2019-01-07 07:31:20,720 - INFO - Starting AdaBoostClassifier
2019-01-07 07:31:43,005 - INFO - X columns for the regression model: ['previous_error_diff_outlier_class', 'previous_error_diff_deviation', 'forecast_error_diff_deviation', 'year', 'Medium', 'pe_worse', 'High', 'pe_better', 'weekday', 'num_news', 'volatility_60_0_before', 'week', 'pe_accurate', 'fe_worse', 'new_id', 'fe_accurate', 'fe_better', 'forecast_error_diff_outlier_class', 'Low', 'pips_agg_60_0_before']
2019-01-07 07:31:43,064 - INFO - Starting KNeighborsRegressor
2019-01-07 07:33:45,651 - INFO - Starting SVR - rbf
2019-01-07 07:35:51,672 - INFO - Starting DecisionTreeRegressor
2019-01-07 07:36:03,242 - INFO - Starting RandomForestRegressor
2019-01-07 07:53:17,148 - INFO - Starting XGBRegressor
2019-01-07 07:53:24,209 - INFO - Starting GradientBoostingRegressor
2019-01-07 07:53:37,314 - INFO - Starting AdaBoostRegressor
2019-01-07 07:53:56,222 - INFO - sweep done in: 41.21 min
2019-01-07 07:53:56,234 - INFO - Starting a new sweep with market features: all
2019-01-07 07:53:56,234 - INFO - Starting a new sweep, features before the publication are: included
2019-01-07 07:53:56,234 - INFO - Starting a new sweep, delay in between buying-selling is: 0_60
2019-01-07 07:53:56,234 - INFO - Starting a new sweep for grid mode: basic
2019-01-07 07:53:56,234 - INFO - List of dynamic market fields: ['volatility_60_0_before', 'pips_agg_60_0_before', 'datetime', 'pips_agg_0_60_after']
2019-01-07 07:53:56,898 - INFO - X columns for the classification model: ['previous_error_diff_outlier_class', 'previous_error_diff_deviation', 'forecast_error_diff_deviation', 'year', 'Medium', 'pe_worse', 'High', 'pe_better', 'weekday', 'num_news', 'volatility_60_0_before', 'week', 'pe_accurate', 'fe_worse', 'new_id', 'fe_accurate', 'fe_better', 'forecast_error_diff_outlier_class', 'Low', 'pips_agg_60_0_before']
2019-01-07 07:53:56,936 - INFO - Starting KNeighborsClassifier
2019-01-07 07:56:04,854 - INFO - Starting SVC - rbf
2019-01-07 07:59:06,953 - INFO - Starting DecisionTreeClassifier
2019-01-07 07:59:19,071 - INFO - Starting RandomForestClassifier
2019-01-07 08:10:49,278 - INFO - Starting XGBClassifier
2019-01-07 08:11:08,694 - INFO - Starting GradientBoostingClassifier
2019-01-07 08:12:09,914 - INFO - Starting AdaBoostClassifier
2019-01-07 08:12:31,580 - INFO - X columns for the regression model: ['previous_error_diff_outlier_class', 'previous_error_diff_deviation', 'forecast_error_diff_deviation', 'year', 'Medium', 'pe_worse', 'High', 'pe_better', 'weekday', 'num_news', 'volatility_60_0_before', 'week', 'pe_accurate', 'fe_worse', 'new_id', 'fe_accurate', 'fe_better', 'forecast_error_diff_outlier_class', 'Low', 'pips_agg_60_0_before']
2019-01-07 08:12:31,621 - INFO - Starting KNeighborsRegressor
2019-01-07 08:14:27,624 - INFO - Starting SVR - rbf
2019-01-07 08:16:30,362 - INFO - Starting DecisionTreeRegressor
2019-01-07 08:16:41,193 - INFO - Starting RandomForestRegressor
2019-01-07 08:33:24,622 - INFO - Starting XGBRegressor
2019-01-07 08:33:31,417 - INFO - Starting GradientBoostingRegressor
2019-01-07 08:33:44,092 - INFO - Starting AdaBoostRegressor
2019-01-07 08:34:02,403 - INFO - sweep done in: 40.10 min
2019-01-07 08:34:02,409 - INFO - #########################
2019-01-07 08:34:02,409 - INFO - 
2019-01-07 08:34:02,409 - INFO - Starting a new sweep, grouping news by: High_NO_1_1_1
2019-01-07 08:34:16,213 - INFO - Starting a new sweep with market features: basic
2019-01-07 08:34:16,213 - INFO - Starting a new sweep, features before the publication are: included
2019-01-07 08:34:16,214 - INFO - Starting a new sweep, delay in between buying-selling is: 0_60
2019-01-07 08:34:16,214 - INFO - Starting a new sweep for grid mode: basic
2019-01-07 08:34:16,214 - INFO - List of dynamic market fields: ['volatility_60_0_before', 'pips_agg_60_0_before', 'datetime', 'pips_agg_0_60_after']
2019-01-07 08:34:16,628 - INFO - X columns for the classification model: ['previous_error_diff_outlier_class', 'previous_error_diff_deviation', 'forecast_error_diff_deviation', 'year', 'pe_worse', 'High', 'pe_better', 'weekday', 'num_news', 'volatility_60_0_before', 'week', 'pe_accurate', 'fe_worse', 'new_id', 'fe_accurate', 'fe_better', 'forecast_error_diff_outlier_class', 'pips_agg_60_0_before']
2019-01-07 08:34:16,661 - INFO - Starting KNeighborsClassifier
2019-01-07 08:34:43,589 - INFO - Starting SVC - rbf
2019-01-07 08:35:31,229 - INFO - Starting DecisionTreeClassifier
2019-01-07 08:35:37,238 - INFO - Starting RandomForestClassifier
2019-01-07 08:43:50,625 - INFO - Starting XGBClassifier
2019-01-07 08:44:01,823 - INFO - Starting GradientBoostingClassifier
2019-01-07 08:44:42,430 - INFO - Starting AdaBoostClassifier
2019-01-07 08:44:59,354 - INFO - X columns for the regression model: ['previous_error_diff_outlier_class', 'previous_error_diff_deviation', 'forecast_error_diff_deviation', 'year', 'pe_worse', 'High', 'pe_better', 'weekday', 'num_news', 'volatility_60_0_before', 'week', 'pe_accurate', 'fe_worse', 'new_id', 'fe_accurate', 'fe_better', 'forecast_error_diff_outlier_class', 'pips_agg_60_0_before']
2019-01-07 08:44:59,374 - INFO - Starting KNeighborsRegressor
2019-01-07 08:45:25,163 - INFO - Starting SVR - rbf
2019-01-07 08:46:01,859 - INFO - Starting DecisionTreeRegressor
2019-01-07 08:46:07,836 - INFO - Starting RandomForestRegressor
2019-01-07 08:56:14,236 - INFO - Starting XGBRegressor
2019-01-07 08:56:17,892 - INFO - Starting GradientBoostingRegressor
2019-01-07 08:56:25,076 - INFO - Starting AdaBoostRegressor
2019-01-07 08:56:33,376 - INFO - sweep done in: 22.29 min
2019-01-07 08:56:33,386 - INFO - Starting a new sweep with market features: all
2019-01-07 08:56:33,387 - INFO - Starting a new sweep, features before the publication are: included
2019-01-07 08:56:33,387 - INFO - Starting a new sweep, delay in between buying-selling is: 0_60
2019-01-07 08:56:33,387 - INFO - Starting a new sweep for grid mode: basic
2019-01-07 08:56:33,387 - INFO - List of dynamic market fields: ['volatility_60_0_before', 'pips_agg_60_0_before', 'datetime', 'pips_agg_0_60_after']
2019-01-07 08:56:33,846 - INFO - X columns for the classification model: ['previous_error_diff_outlier_class', 'previous_error_diff_deviation', 'forecast_error_diff_deviation', 'year', 'pe_worse', 'High', 'pe_better', 'weekday', 'num_news', 'volatility_60_0_before', 'week', 'pe_accurate', 'fe_worse', 'new_id', 'fe_accurate', 'fe_better', 'forecast_error_diff_outlier_class', 'pips_agg_60_0_before']
2019-01-07 08:56:33,873 - INFO - Starting KNeighborsClassifier
2019-01-07 08:57:00,559 - INFO - Starting SVC - rbf
2019-01-07 08:57:48,099 - INFO - Starting DecisionTreeClassifier
2019-01-07 08:57:54,087 - INFO - Starting RandomForestClassifier
2019-01-07 09:06:13,183 - INFO - Starting XGBClassifier
2019-01-07 09:06:25,094 - INFO - Starting GradientBoostingClassifier
2019-01-07 09:07:07,338 - INFO - Starting AdaBoostClassifier
2019-01-07 09:07:25,416 - INFO - X columns for the regression model: ['previous_error_diff_outlier_class', 'previous_error_diff_deviation', 'forecast_error_diff_deviation', 'year', 'pe_worse', 'High', 'pe_better', 'weekday', 'num_news', 'volatility_60_0_before', 'week', 'pe_accurate', 'fe_worse', 'new_id', 'fe_accurate', 'fe_better', 'forecast_error_diff_outlier_class', 'pips_agg_60_0_before']
2019-01-07 09:07:25,452 - INFO - Starting KNeighborsRegressor
2019-01-07 09:07:51,806 - INFO - Starting SVR - rbf
2019-01-07 09:08:29,301 - INFO - Starting DecisionTreeRegressor
2019-01-07 09:08:35,374 - INFO - Starting RandomForestRegressor
2019-01-07 09:18:58,088 - INFO - Starting XGBRegressor
2019-01-07 09:19:01,724 - INFO - Starting GradientBoostingRegressor
2019-01-07 09:19:08,891 - INFO - Starting AdaBoostRegressor
2019-01-07 09:19:17,202 - INFO - sweep done in: 22.73 min
2019-01-07 09:19:17,208 - INFO - #########################
2019-01-07 09:19:17,209 - INFO - 
2019-01-07 09:19:17,209 - INFO - Starting a new sweep, grouping news by: High_YES_1_1_1
2019-01-07 09:19:31,485 - INFO - Starting a new sweep with market features: basic
2019-01-07 09:19:31,485 - INFO - Starting a new sweep, features before the publication are: included
2019-01-07 09:19:31,485 - INFO - Starting a new sweep, delay in between buying-selling is: 0_60
2019-01-07 09:19:31,485 - INFO - Starting a new sweep for grid mode: basic
2019-01-07 09:19:31,485 - INFO - List of dynamic market fields: ['volatility_60_0_before', 'pips_agg_60_0_before', 'datetime', 'pips_agg_0_60_after']
2019-01-07 09:19:31,819 - INFO - X columns for the classification model: ['previous_error_diff_outlier_class', 'previous_error_diff_deviation', 'forecast_error_diff_deviation', 'year', 'pe_worse', 'High', 'pe_better', 'weekday', 'num_news', 'volatility_60_0_before', 'week', 'pe_accurate', 'fe_worse', 'new_id', 'fe_accurate', 'fe_better', 'forecast_error_diff_outlier_class', 'pips_agg_60_0_before']
2019-01-07 09:19:31,834 - INFO - Starting KNeighborsClassifier
2019-01-07 09:19:54,944 - INFO - Starting SVC - rbf
2019-01-07 09:20:25,414 - INFO - Starting DecisionTreeClassifier
2019-01-07 09:20:30,077 - INFO - Starting RandomForestClassifier
2019-01-07 09:27:43,953 - INFO - Starting XGBClassifier
2019-01-07 09:27:52,246 - INFO - Starting GradientBoostingClassifier
2019-01-07 09:28:24,622 - INFO - Starting AdaBoostClassifier
2019-01-07 09:28:38,510 - INFO - X columns for the regression model: ['previous_error_diff_outlier_class', 'previous_error_diff_deviation', 'forecast_error_diff_deviation', 'year', 'pe_worse', 'High', 'pe_better', 'weekday', 'num_news', 'volatility_60_0_before', 'week', 'pe_accurate', 'fe_worse', 'new_id', 'fe_accurate', 'fe_better', 'forecast_error_diff_outlier_class', 'pips_agg_60_0_before']
2019-01-07 09:28:38,524 - INFO - Starting KNeighborsRegressor
2019-01-07 09:29:00,576 - INFO - Starting SVR - rbf
2019-01-07 09:29:23,846 - INFO - Starting DecisionTreeRegressor
2019-01-07 09:29:28,339 - INFO - Starting RandomForestRegressor
2019-01-07 09:37:52,959 - INFO - Starting XGBRegressor
2019-01-07 09:37:55,871 - INFO - Starting GradientBoostingRegressor
2019-01-07 09:38:01,595 - INFO - Starting AdaBoostRegressor
2019-01-07 09:38:11,821 - INFO - sweep done in: 18.67 min
2019-01-07 09:38:11,827 - INFO - Starting a new sweep with market features: all
2019-01-07 09:38:11,828 - INFO - Starting a new sweep, features before the publication are: included
2019-01-07 09:38:11,848 - INFO - Starting a new sweep, delay in between buying-selling is: 0_60
2019-01-07 09:38:11,848 - INFO - Starting a new sweep for grid mode: basic
2019-01-07 09:38:11,848 - INFO - List of dynamic market fields: ['volatility_60_0_before', 'pips_agg_60_0_before', 'datetime', 'pips_agg_0_60_after']
2019-01-07 09:38:12,172 - INFO - X columns for the classification model: ['previous_error_diff_outlier_class', 'previous_error_diff_deviation', 'forecast_error_diff_deviation', 'year', 'pe_worse', 'High', 'pe_better', 'weekday', 'num_news', 'volatility_60_0_before', 'week', 'pe_accurate', 'fe_worse', 'new_id', 'fe_accurate', 'fe_better', 'forecast_error_diff_outlier_class', 'pips_agg_60_0_before']
2019-01-07 09:38:12,202 - INFO - Starting KNeighborsClassifier
2019-01-07 09:38:35,938 - INFO - Starting SVC - rbf
2019-01-07 09:39:06,939 - INFO - Starting DecisionTreeClassifier
2019-01-07 09:39:11,774 - INFO - Starting RandomForestClassifier
2019-01-07 09:46:41,984 - INFO - Starting XGBClassifier
2019-01-07 09:46:50,189 - INFO - Starting GradientBoostingClassifier
2019-01-07 09:47:22,860 - INFO - Starting AdaBoostClassifier
2019-01-07 09:47:36,307 - INFO - X columns for the regression model: ['previous_error_diff_outlier_class', 'previous_error_diff_deviation', 'forecast_error_diff_deviation', 'year', 'pe_worse', 'High', 'pe_better', 'weekday', 'num_news', 'volatility_60_0_before', 'week', 'pe_accurate', 'fe_worse', 'new_id', 'fe_accurate', 'fe_better', 'forecast_error_diff_outlier_class', 'pips_agg_60_0_before']
2019-01-07 09:47:36,326 - INFO - Starting KNeighborsRegressor
2019-01-07 09:47:58,107 - INFO - Starting SVR - rbf
2019-01-07 09:48:21,497 - INFO - Starting DecisionTreeRegressor
2019-01-07 09:48:25,929 - INFO - Starting RandomForestRegressor
2019-01-07 09:56:31,197 - INFO - Starting XGBRegressor
2019-01-07 09:56:34,062 - INFO - Starting GradientBoostingRegressor
2019-01-07 09:56:39,494 - INFO - Starting AdaBoostRegressor
2019-01-07 09:56:49,015 - INFO - sweep done in: 18.62 min
