2019-01-07 02:03:44,836 - INFO - #########################
2019-01-07 02:03:44,837 - INFO - 
2019-01-07 02:03:44,837 - INFO - Starting a new sweep, grouping news by: ALL_NO_1_1_1
2019-01-07 02:04:41,062 - INFO - Starting a new sweep with market features: basic
2019-01-07 02:04:41,062 - INFO - Starting a new sweep, features before the publication are: included
2019-01-07 02:04:41,062 - INFO - Starting a new sweep, delay in between buying-selling is: 60_120
2019-01-07 02:04:41,062 - INFO - Starting a new sweep for grid mode: basic
2019-01-07 02:04:41,063 - INFO - List of dynamic market fields: ['volatility_0_5_after', 'pips_agg_0_5_after', 'volatility_5_10_after', 'pips_agg_5_10_after', 'volatility_10_15_after', 'pips_agg_10_15_after', 'volatility_15_20_after', 'pips_agg_15_20_after', 'volatility_20_25_after', 'pips_agg_20_25_after', 'volatility_25_30_after', 'pips_agg_25_30_after', 'volatility_0_30_after', 'pips_agg_0_30_after', 'volatility_0_60_after', 'pips_agg_0_60_after', 'volatility_60_0_before', 'pips_agg_60_0_before', 'datetime', 'pips_agg_0_120_after']
2019-01-07 02:04:42,575 - INFO - X columns for the classification model: ['pe_better', 'previous_error_diff_deviation', 'volatility_5_10_after', 'volatility_10_15_after', 'forecast_error_diff_outlier_class', 'previous_error_diff_outlier_class', 'pips_agg_25_30_after', 'Low', 'pips_agg_60_0_before', 'pips_agg_5_10_after', 'volatility_20_25_after', 'volatility_0_5_after', 'pips_agg_0_5_after', 'volatility_60_0_before', 'volatility_15_20_after', 'pips_agg_10_15_after', 'fe_accurate', 'pips_agg_0_30_after', 'fe_better', 'pips_agg_15_20_after', 'pe_accurate', 'week', 'fe_worse', 'weekday', 'pips_agg_20_25_after', 'volatility_25_30_after', 'forecast_error_diff_deviation', 'new_id', 'Medium', 'year', 'pips_agg_0_60_after', 'pe_worse', 'volatility_0_60_after', 'High', 'volatility_0_30_after', 'num_news']
2019-01-07 02:04:42,691 - INFO - Starting KNeighborsClassifier
2019-01-07 02:10:24,884 - INFO - Starting SVC - rbf
2019-01-07 02:18:32,269 - INFO - Starting DecisionTreeClassifier
2019-01-07 02:19:00,232 - INFO - Starting RandomForestClassifier
2019-01-07 02:36:44,040 - INFO - Starting XGBClassifier
2019-01-07 02:37:32,528 - INFO - Starting GradientBoostingClassifier
2019-01-07 02:39:56,729 - INFO - Starting AdaBoostClassifier
2019-01-07 02:40:39,340 - INFO - X columns for the regression model: ['pe_better', 'previous_error_diff_deviation', 'volatility_5_10_after', 'volatility_10_15_after', 'forecast_error_diff_outlier_class', 'previous_error_diff_outlier_class', 'pips_agg_25_30_after', 'Low', 'pips_agg_60_0_before', 'pips_agg_5_10_after', 'volatility_20_25_after', 'volatility_0_5_after', 'pips_agg_0_5_after', 'volatility_60_0_before', 'volatility_15_20_after', 'pips_agg_10_15_after', 'fe_accurate', 'pips_agg_0_30_after', 'fe_better', 'pips_agg_15_20_after', 'pe_accurate', 'week', 'fe_worse', 'weekday', 'pips_agg_20_25_after', 'volatility_25_30_after', 'forecast_error_diff_deviation', 'new_id', 'Medium', 'year', 'pips_agg_0_60_after', 'pe_worse', 'volatility_0_60_after', 'High', 'volatility_0_30_after', 'num_news']
2019-01-07 02:40:39,467 - INFO - Starting KNeighborsRegressor
2019-01-07 02:46:22,319 - INFO - Starting SVR - rbf
2019-01-07 02:52:05,376 - INFO - Starting DecisionTreeRegressor
2019-01-07 02:52:33,383 - INFO - Starting RandomForestRegressor
2019-01-07 03:40:23,309 - INFO - Starting XGBRegressor
2019-01-07 03:40:40,620 - INFO - Starting GradientBoostingRegressor
2019-01-07 03:41:22,697 - INFO - Starting AdaBoostRegressor
2019-01-07 03:42:19,626 - INFO - sweep done in: 97.64 min
2019-01-07 03:42:19,640 - INFO - Starting a new sweep with market features: all
2019-01-07 03:42:19,641 - INFO - Starting a new sweep, features before the publication are: included
2019-01-07 03:42:19,641 - INFO - Starting a new sweep, delay in between buying-selling is: 60_120
2019-01-07 03:42:19,641 - INFO - Starting a new sweep for grid mode: basic
2019-01-07 03:42:19,641 - INFO - List of dynamic market fields: ['volatility_0_5_after', 'pips_agg_0_5_after', 'pips_candle_0_5_after', 'volatility_5_10_after', 'pips_agg_5_10_after', 'pips_candle_5_10_after', 'volatility_10_15_after', 'pips_agg_10_15_after', 'pips_candle_10_15_after', 'volatility_15_20_after', 'pips_agg_15_20_after', 'pips_candle_15_20_after', 'volatility_20_25_after', 'pips_agg_20_25_after', 'pips_candle_20_25_after', 'volatility_25_30_after', 'pips_agg_25_30_after', 'pips_candle_25_30_after', 'volatility_0_30_after', 'pips_agg_0_30_after', 'volatility_0_60_after', 'pips_agg_0_60_after', 'volatility_60_0_before', 'pips_agg_60_0_before', 'datetime', 'pips_agg_0_120_after']
2019-01-07 03:42:21,344 - INFO - X columns for the classification model: ['pe_better', 'previous_error_diff_deviation', 'volatility_5_10_after', 'volatility_10_15_after', 'forecast_error_diff_outlier_class', 'previous_error_diff_outlier_class', 'pips_agg_25_30_after', 'pips_candle_20_25_after', 'pips_candle_25_30_after', 'Low', 'pips_agg_60_0_before', 'pips_agg_5_10_after', 'volatility_20_25_after', 'pips_candle_0_5_after', 'volatility_0_5_after', 'pips_agg_0_5_after', 'volatility_60_0_before', 'volatility_15_20_after', 'pips_agg_10_15_after', 'fe_accurate', 'pips_agg_0_30_after', 'fe_better', 'pips_candle_15_20_after', 'pips_agg_15_20_after', 'pe_accurate', 'week', 'fe_worse', 'weekday', 'pips_agg_20_25_after', 'volatility_25_30_after', 'forecast_error_diff_deviation', 'new_id', 'Medium', 'year', 'pips_agg_0_60_after', 'pe_worse', 'volatility_0_60_after', 'pips_candle_10_15_after', 'pips_candle_5_10_after', 'High', 'volatility_0_30_after', 'num_news']
2019-01-07 03:42:21,556 - INFO - Starting KNeighborsClassifier
2019-01-07 03:49:21,758 - INFO - Starting SVC - rbf
2019-01-07 03:58:11,648 - INFO - Starting DecisionTreeClassifier
2019-01-07 03:58:45,932 - INFO - Starting RandomForestClassifier
2019-01-07 04:17:14,586 - INFO - Starting XGBClassifier
2019-01-07 04:18:11,254 - INFO - Starting GradientBoostingClassifier
2019-01-07 04:21:15,638 - INFO - Starting AdaBoostClassifier
2019-01-07 04:22:07,307 - INFO - X columns for the regression model: ['pe_better', 'previous_error_diff_deviation', 'volatility_5_10_after', 'volatility_10_15_after', 'forecast_error_diff_outlier_class', 'previous_error_diff_outlier_class', 'pips_agg_25_30_after', 'pips_candle_20_25_after', 'pips_candle_25_30_after', 'Low', 'pips_agg_60_0_before', 'pips_agg_5_10_after', 'volatility_20_25_after', 'pips_candle_0_5_after', 'volatility_0_5_after', 'pips_agg_0_5_after', 'volatility_60_0_before', 'volatility_15_20_after', 'pips_agg_10_15_after', 'fe_accurate', 'pips_agg_0_30_after', 'fe_better', 'pips_candle_15_20_after', 'pips_agg_15_20_after', 'pe_accurate', 'week', 'fe_worse', 'weekday', 'pips_agg_20_25_after', 'volatility_25_30_after', 'forecast_error_diff_deviation', 'new_id', 'Medium', 'year', 'pips_agg_0_60_after', 'pe_worse', 'volatility_0_60_after', 'pips_candle_10_15_after', 'pips_candle_5_10_after', 'High', 'volatility_0_30_after', 'num_news']
2019-01-07 04:22:07,459 - INFO - Starting KNeighborsRegressor
2019-01-07 04:29:06,835 - INFO - Starting SVR - rbf
2019-01-07 04:35:26,912 - INFO - Starting DecisionTreeRegressor
2019-01-07 04:36:00,018 - INFO - Starting RandomForestRegressor
2019-01-07 05:32:22,502 - INFO - Starting XGBRegressor
2019-01-07 05:32:42,108 - INFO - Starting GradientBoostingRegressor
2019-01-07 05:33:26,474 - INFO - Starting AdaBoostRegressor
2019-01-07 05:34:33,265 - INFO - sweep done in: 112.23 min
2019-01-07 05:34:33,268 - INFO - #########################
2019-01-07 05:34:33,268 - INFO - 
2019-01-07 05:34:33,268 - INFO - Starting a new sweep, grouping news by: ALL_NO_3_2_1
2019-01-07 05:35:27,109 - INFO - Starting a new sweep with market features: basic
2019-01-07 05:35:27,109 - INFO - Starting a new sweep, features before the publication are: included
2019-01-07 05:35:27,109 - INFO - Starting a new sweep, delay in between buying-selling is: 60_120
2019-01-07 05:35:27,109 - INFO - Starting a new sweep for grid mode: basic
2019-01-07 05:35:27,110 - INFO - List of dynamic market fields: ['volatility_0_5_after', 'pips_agg_0_5_after', 'volatility_5_10_after', 'pips_agg_5_10_after', 'volatility_10_15_after', 'pips_agg_10_15_after', 'volatility_15_20_after', 'pips_agg_15_20_after', 'volatility_20_25_after', 'pips_agg_20_25_after', 'volatility_25_30_after', 'pips_agg_25_30_after', 'volatility_0_30_after', 'pips_agg_0_30_after', 'volatility_0_60_after', 'pips_agg_0_60_after', 'volatility_60_0_before', 'pips_agg_60_0_before', 'datetime', 'pips_agg_0_120_after']
2019-01-07 05:35:28,494 - INFO - X columns for the classification model: ['pe_better', 'previous_error_diff_deviation', 'volatility_5_10_after', 'volatility_10_15_after', 'forecast_error_diff_outlier_class', 'previous_error_diff_outlier_class', 'pips_agg_25_30_after', 'Low', 'pips_agg_60_0_before', 'pips_agg_5_10_after', 'volatility_20_25_after', 'volatility_0_5_after', 'pips_agg_0_5_after', 'volatility_60_0_before', 'volatility_15_20_after', 'pips_agg_10_15_after', 'fe_accurate', 'pips_agg_0_30_after', 'fe_better', 'pips_agg_15_20_after', 'pe_accurate', 'week', 'fe_worse', 'weekday', 'pips_agg_20_25_after', 'volatility_25_30_after', 'forecast_error_diff_deviation', 'new_id', 'Medium', 'year', 'pips_agg_0_60_after', 'pe_worse', 'volatility_0_60_after', 'High', 'volatility_0_30_after', 'num_news']
2019-01-07 05:35:28,624 - INFO - Starting KNeighborsClassifier
2019-01-07 05:40:58,372 - INFO - Starting SVC - rbf
2019-01-07 05:48:43,674 - INFO - Starting DecisionTreeClassifier
2019-01-07 05:49:12,866 - INFO - Starting RandomForestClassifier
2019-01-07 06:07:43,366 - INFO - Starting XGBClassifier
2019-01-07 06:08:32,047 - INFO - Starting GradientBoostingClassifier
2019-01-07 06:10:54,205 - INFO - Starting AdaBoostClassifier
2019-01-07 06:11:37,322 - INFO - X columns for the regression model: ['pe_better', 'previous_error_diff_deviation', 'volatility_5_10_after', 'volatility_10_15_after', 'forecast_error_diff_outlier_class', 'previous_error_diff_outlier_class', 'pips_agg_25_30_after', 'Low', 'pips_agg_60_0_before', 'pips_agg_5_10_after', 'volatility_20_25_after', 'volatility_0_5_after', 'pips_agg_0_5_after', 'volatility_60_0_before', 'volatility_15_20_after', 'pips_agg_10_15_after', 'fe_accurate', 'pips_agg_0_30_after', 'fe_better', 'pips_agg_15_20_after', 'pe_accurate', 'week', 'fe_worse', 'weekday', 'pips_agg_20_25_after', 'volatility_25_30_after', 'forecast_error_diff_deviation', 'new_id', 'Medium', 'year', 'pips_agg_0_60_after', 'pe_worse', 'volatility_0_60_after', 'High', 'volatility_0_30_after', 'num_news']
2019-01-07 06:11:37,443 - INFO - Starting KNeighborsRegressor
2019-01-07 06:17:08,425 - INFO - Starting SVR - rbf
2019-01-07 06:22:39,697 - INFO - Starting DecisionTreeRegressor
2019-01-07 06:23:08,225 - INFO - Starting RandomForestRegressor
2019-01-07 07:12:39,251 - INFO - Starting XGBRegressor
2019-01-07 07:12:56,668 - INFO - Starting GradientBoostingRegressor
2019-01-07 07:13:36,626 - INFO - Starting AdaBoostRegressor
2019-01-07 07:14:35,787 - INFO - sweep done in: 99.14 min
2019-01-07 07:14:35,790 - INFO - Starting a new sweep with market features: all
2019-01-07 07:14:35,790 - INFO - Starting a new sweep, features before the publication are: included
2019-01-07 07:14:35,790 - INFO - Starting a new sweep, delay in between buying-selling is: 60_120
2019-01-07 07:14:35,791 - INFO - Starting a new sweep for grid mode: basic
2019-01-07 07:14:35,791 - INFO - List of dynamic market fields: ['volatility_0_5_after', 'pips_agg_0_5_after', 'pips_candle_0_5_after', 'volatility_5_10_after', 'pips_agg_5_10_after', 'pips_candle_5_10_after', 'volatility_10_15_after', 'pips_agg_10_15_after', 'pips_candle_10_15_after', 'volatility_15_20_after', 'pips_agg_15_20_after', 'pips_candle_15_20_after', 'volatility_20_25_after', 'pips_agg_20_25_after', 'pips_candle_20_25_after', 'volatility_25_30_after', 'pips_agg_25_30_after', 'pips_candle_25_30_after', 'volatility_0_30_after', 'pips_agg_0_30_after', 'volatility_0_60_after', 'pips_agg_0_60_after', 'volatility_60_0_before', 'pips_agg_60_0_before', 'datetime', 'pips_agg_0_120_after']
2019-01-07 07:14:37,665 - INFO - X columns for the classification model: ['pe_better', 'previous_error_diff_deviation', 'volatility_5_10_after', 'volatility_10_15_after', 'forecast_error_diff_outlier_class', 'previous_error_diff_outlier_class', 'pips_agg_25_30_after', 'pips_candle_20_25_after', 'pips_candle_25_30_after', 'Low', 'pips_agg_60_0_before', 'pips_agg_5_10_after', 'volatility_20_25_after', 'pips_candle_0_5_after', 'volatility_0_5_after', 'pips_agg_0_5_after', 'volatility_60_0_before', 'volatility_15_20_after', 'pips_agg_10_15_after', 'fe_accurate', 'pips_agg_0_30_after', 'fe_better', 'pips_candle_15_20_after', 'pips_agg_15_20_after', 'pe_accurate', 'week', 'fe_worse', 'weekday', 'pips_agg_20_25_after', 'volatility_25_30_after', 'forecast_error_diff_deviation', 'new_id', 'Medium', 'year', 'pips_agg_0_60_after', 'pe_worse', 'volatility_0_60_after', 'pips_candle_10_15_after', 'pips_candle_5_10_after', 'High', 'volatility_0_30_after', 'num_news']
2019-01-07 07:14:37,820 - INFO - Starting KNeighborsClassifier
2019-01-07 07:21:31,367 - INFO - Starting SVC - rbf
2019-01-07 07:30:15,791 - INFO - Starting DecisionTreeClassifier
2019-01-07 07:30:51,138 - INFO - Starting RandomForestClassifier
2019-01-07 07:49:47,706 - INFO - Starting XGBClassifier
2019-01-07 07:50:47,250 - INFO - Starting GradientBoostingClassifier
2019-01-07 07:53:26,388 - INFO - Starting AdaBoostClassifier
2019-01-07 07:54:15,259 - INFO - X columns for the regression model: ['pe_better', 'previous_error_diff_deviation', 'volatility_5_10_after', 'volatility_10_15_after', 'forecast_error_diff_outlier_class', 'previous_error_diff_outlier_class', 'pips_agg_25_30_after', 'pips_candle_20_25_after', 'pips_candle_25_30_after', 'Low', 'pips_agg_60_0_before', 'pips_agg_5_10_after', 'volatility_20_25_after', 'pips_candle_0_5_after', 'volatility_0_5_after', 'pips_agg_0_5_after', 'volatility_60_0_before', 'volatility_15_20_after', 'pips_agg_10_15_after', 'fe_accurate', 'pips_agg_0_30_after', 'fe_better', 'pips_candle_15_20_after', 'pips_agg_15_20_after', 'pe_accurate', 'week', 'fe_worse', 'weekday', 'pips_agg_20_25_after', 'volatility_25_30_after', 'forecast_error_diff_deviation', 'new_id', 'Medium', 'year', 'pips_agg_0_60_after', 'pe_worse', 'volatility_0_60_after', 'pips_candle_10_15_after', 'pips_candle_5_10_after', 'High', 'volatility_0_30_after', 'num_news']
2019-01-07 07:54:15,396 - INFO - Starting KNeighborsRegressor
2019-01-07 08:00:59,323 - INFO - Starting SVR - rbf
2019-01-07 08:07:09,371 - INFO - Starting DecisionTreeRegressor
2019-01-07 08:07:42,772 - INFO - Starting RandomForestRegressor
2019-01-07 09:04:59,738 - INFO - Starting XGBRegressor
2019-01-07 09:05:19,464 - INFO - Starting GradientBoostingRegressor
2019-01-07 09:06:08,632 - INFO - Starting AdaBoostRegressor
2019-01-07 09:07:15,393 - INFO - sweep done in: 112.66 min
2019-01-07 09:07:15,396 - INFO - #########################
2019-01-07 09:07:15,397 - INFO - 
2019-01-07 09:07:15,397 - INFO - Starting a new sweep, grouping news by: ALL_YES_1_1_1
2019-01-07 09:08:09,635 - INFO - Starting a new sweep with market features: basic
2019-01-07 09:08:09,636 - INFO - Starting a new sweep, features before the publication are: included
2019-01-07 09:08:09,636 - INFO - Starting a new sweep, delay in between buying-selling is: 60_120
2019-01-07 09:08:09,636 - INFO - Starting a new sweep for grid mode: basic
2019-01-07 09:08:09,636 - INFO - List of dynamic market fields: ['volatility_0_5_after', 'pips_agg_0_5_after', 'volatility_5_10_after', 'pips_agg_5_10_after', 'volatility_10_15_after', 'pips_agg_10_15_after', 'volatility_15_20_after', 'pips_agg_15_20_after', 'volatility_20_25_after', 'pips_agg_20_25_after', 'volatility_25_30_after', 'pips_agg_25_30_after', 'volatility_0_30_after', 'pips_agg_0_30_after', 'volatility_0_60_after', 'pips_agg_0_60_after', 'volatility_60_0_before', 'pips_agg_60_0_before', 'datetime', 'pips_agg_0_120_after']
2019-01-07 09:08:10,693 - INFO - X columns for the classification model: ['pe_better', 'previous_error_diff_deviation', 'volatility_5_10_after', 'volatility_10_15_after', 'forecast_error_diff_outlier_class', 'previous_error_diff_outlier_class', 'pips_agg_25_30_after', 'Low', 'pips_agg_60_0_before', 'pips_agg_5_10_after', 'volatility_20_25_after', 'volatility_0_5_after', 'pips_agg_0_5_after', 'volatility_60_0_before', 'volatility_15_20_after', 'pips_agg_10_15_after', 'fe_accurate', 'pips_agg_0_30_after', 'fe_better', 'pips_agg_15_20_after', 'pe_accurate', 'week', 'fe_worse', 'weekday', 'pips_agg_20_25_after', 'volatility_25_30_after', 'forecast_error_diff_deviation', 'new_id', 'Medium', 'year', 'pips_agg_0_60_after', 'pe_worse', 'volatility_0_60_after', 'High', 'volatility_0_30_after', 'num_news']
2019-01-07 09:08:10,771 - INFO - Starting KNeighborsClassifier
2019-01-07 09:12:13,486 - INFO - Starting SVC - rbf
2019-01-07 09:15:40,770 - INFO - Starting DecisionTreeClassifier
2019-01-07 09:16:00,284 - INFO - Starting RandomForestClassifier
2019-01-07 09:29:11,654 - INFO - Starting XGBClassifier
2019-01-07 09:29:45,630 - INFO - Starting GradientBoostingClassifier
2019-01-07 09:31:18,964 - INFO - Starting AdaBoostClassifier
2019-01-07 09:31:49,546 - INFO - X columns for the regression model: ['pe_better', 'previous_error_diff_deviation', 'volatility_5_10_after', 'volatility_10_15_after', 'forecast_error_diff_outlier_class', 'previous_error_diff_outlier_class', 'pips_agg_25_30_after', 'Low', 'pips_agg_60_0_before', 'pips_agg_5_10_after', 'volatility_20_25_after', 'volatility_0_5_after', 'pips_agg_0_5_after', 'volatility_60_0_before', 'volatility_15_20_after', 'pips_agg_10_15_after', 'fe_accurate', 'pips_agg_0_30_after', 'fe_better', 'pips_agg_15_20_after', 'pe_accurate', 'week', 'fe_worse', 'weekday', 'pips_agg_20_25_after', 'volatility_25_30_after', 'forecast_error_diff_deviation', 'new_id', 'Medium', 'year', 'pips_agg_0_60_after', 'pe_worse', 'volatility_0_60_after', 'High', 'volatility_0_30_after', 'num_news']
2019-01-07 09:31:49,646 - INFO - Starting KNeighborsRegressor
2019-01-07 09:35:45,657 - INFO - Starting SVR - rbf
2019-01-07 09:38:24,659 - INFO - Starting DecisionTreeRegressor
2019-01-07 09:38:44,126 - INFO - Starting RandomForestRegressor
2019-01-07 10:06:48,320 - INFO - Starting XGBRegressor
2019-01-07 10:06:57,252 - INFO - Starting GradientBoostingRegressor
2019-01-07 10:07:15,607 - INFO - Starting AdaBoostRegressor
2019-01-07 10:07:43,717 - INFO - sweep done in: 59.57 min
2019-01-07 10:07:43,724 - INFO - Starting a new sweep with market features: all
2019-01-07 10:07:43,724 - INFO - Starting a new sweep, features before the publication are: included
2019-01-07 10:07:43,724 - INFO - Starting a new sweep, delay in between buying-selling is: 60_120
2019-01-07 10:07:43,724 - INFO - Starting a new sweep for grid mode: basic
2019-01-07 10:07:43,724 - INFO - List of dynamic market fields: ['volatility_0_5_after', 'pips_agg_0_5_after', 'pips_candle_0_5_after', 'volatility_5_10_after', 'pips_agg_5_10_after', 'pips_candle_5_10_after', 'volatility_10_15_after', 'pips_agg_10_15_after', 'pips_candle_10_15_after', 'volatility_15_20_after', 'pips_agg_15_20_after', 'pips_candle_15_20_after', 'volatility_20_25_after', 'pips_agg_20_25_after', 'pips_candle_20_25_after', 'volatility_25_30_after', 'pips_agg_25_30_after', 'pips_candle_25_30_after', 'volatility_0_30_after', 'pips_agg_0_30_after', 'volatility_0_60_after', 'pips_agg_0_60_after', 'volatility_60_0_before', 'pips_agg_60_0_before', 'datetime', 'pips_agg_0_120_after']
2019-01-07 10:07:44,750 - INFO - X columns for the classification model: ['pe_better', 'previous_error_diff_deviation', 'volatility_5_10_after', 'volatility_10_15_after', 'forecast_error_diff_outlier_class', 'previous_error_diff_outlier_class', 'pips_agg_25_30_after', 'pips_candle_20_25_after', 'pips_candle_25_30_after', 'Low', 'pips_agg_60_0_before', 'pips_agg_5_10_after', 'volatility_20_25_after', 'pips_candle_0_5_after', 'volatility_0_5_after', 'pips_agg_0_5_after', 'volatility_60_0_before', 'volatility_15_20_after', 'pips_agg_10_15_after', 'fe_accurate', 'pips_agg_0_30_after', 'fe_better', 'pips_candle_15_20_after', 'pips_agg_15_20_after', 'pe_accurate', 'week', 'fe_worse', 'weekday', 'pips_agg_20_25_after', 'volatility_25_30_after', 'forecast_error_diff_deviation', 'new_id', 'Medium', 'year', 'pips_agg_0_60_after', 'pe_worse', 'volatility_0_60_after', 'pips_candle_10_15_after', 'pips_candle_5_10_after', 'High', 'volatility_0_30_after', 'num_news']
2019-01-07 10:07:44,832 - INFO - Starting KNeighborsClassifier
2019-01-07 10:11:36,814 - INFO - Starting SVC - rbf
2019-01-07 10:14:25,040 - INFO - Starting DecisionTreeClassifier
2019-01-07 10:14:42,190 - INFO - Starting RandomForestClassifier
2019-01-07 10:24:23,425 - INFO - Starting XGBClassifier
2019-01-07 10:24:51,750 - INFO - Starting GradientBoostingClassifier
2019-01-07 10:26:08,088 - INFO - Starting AdaBoostClassifier
2019-01-07 10:26:32,841 - INFO - X columns for the regression model: ['pe_better', 'previous_error_diff_deviation', 'volatility_5_10_after', 'volatility_10_15_after', 'forecast_error_diff_outlier_class', 'previous_error_diff_outlier_class', 'pips_agg_25_30_after', 'pips_candle_20_25_after', 'pips_candle_25_30_after', 'Low', 'pips_agg_60_0_before', 'pips_agg_5_10_after', 'volatility_20_25_after', 'pips_candle_0_5_after', 'volatility_0_5_after', 'pips_agg_0_5_after', 'volatility_60_0_before', 'volatility_15_20_after', 'pips_agg_10_15_after', 'fe_accurate', 'pips_agg_0_30_after', 'fe_better', 'pips_candle_15_20_after', 'pips_agg_15_20_after', 'pe_accurate', 'week', 'fe_worse', 'weekday', 'pips_agg_20_25_after', 'volatility_25_30_after', 'forecast_error_diff_deviation', 'new_id', 'Medium', 'year', 'pips_agg_0_60_after', 'pe_worse', 'volatility_0_60_after', 'pips_candle_10_15_after', 'pips_candle_5_10_after', 'High', 'volatility_0_30_after', 'num_news']
2019-01-07 10:26:32,906 - INFO - Starting KNeighborsRegressor
2019-01-07 10:30:17,750 - INFO - Starting SVR - rbf
2019-01-07 10:32:28,926 - INFO - Starting DecisionTreeRegressor
2019-01-07 10:32:44,870 - INFO - Starting RandomForestRegressor
2019-01-07 11:01:01,994 - INFO - Starting XGBRegressor
2019-01-07 11:01:14,211 - INFO - Starting GradientBoostingRegressor
2019-01-07 11:01:39,727 - INFO - Starting AdaBoostRegressor
2019-01-07 11:02:24,071 - INFO - sweep done in: 54.67 min
2019-01-07 11:02:24,082 - INFO - #########################
2019-01-07 11:02:24,082 - INFO - 
2019-01-07 11:02:24,082 - INFO - Starting a new sweep, grouping news by: ALL_YES_3_2_1
2019-01-07 11:03:11,900 - INFO - Starting a new sweep with market features: basic
2019-01-07 11:03:11,900 - INFO - Starting a new sweep, features before the publication are: included
2019-01-07 11:03:11,901 - INFO - Starting a new sweep, delay in between buying-selling is: 60_120
2019-01-07 11:03:11,901 - INFO - Starting a new sweep for grid mode: basic
2019-01-07 11:03:11,901 - INFO - List of dynamic market fields: ['volatility_0_5_after', 'pips_agg_0_5_after', 'volatility_5_10_after', 'pips_agg_5_10_after', 'volatility_10_15_after', 'pips_agg_10_15_after', 'volatility_15_20_after', 'pips_agg_15_20_after', 'volatility_20_25_after', 'pips_agg_20_25_after', 'volatility_25_30_after', 'pips_agg_25_30_after', 'volatility_0_30_after', 'pips_agg_0_30_after', 'volatility_0_60_after', 'pips_agg_0_60_after', 'volatility_60_0_before', 'pips_agg_60_0_before', 'datetime', 'pips_agg_0_120_after']
2019-01-07 11:03:13,019 - INFO - X columns for the classification model: ['pe_better', 'previous_error_diff_deviation', 'volatility_5_10_after', 'volatility_10_15_after', 'forecast_error_diff_outlier_class', 'previous_error_diff_outlier_class', 'pips_agg_25_30_after', 'Low', 'pips_agg_60_0_before', 'pips_agg_5_10_after', 'volatility_20_25_after', 'volatility_0_5_after', 'pips_agg_0_5_after', 'volatility_60_0_before', 'volatility_15_20_after', 'pips_agg_10_15_after', 'fe_accurate', 'pips_agg_0_30_after', 'fe_better', 'pips_agg_15_20_after', 'pe_accurate', 'week', 'fe_worse', 'weekday', 'pips_agg_20_25_after', 'volatility_25_30_after', 'forecast_error_diff_deviation', 'new_id', 'Medium', 'year', 'pips_agg_0_60_after', 'pe_worse', 'volatility_0_60_after', 'High', 'volatility_0_30_after', 'num_news']
2019-01-07 11:03:13,092 - INFO - Starting KNeighborsClassifier
2019-01-07 11:07:22,411 - INFO - Starting SVC - rbf
2019-01-07 11:09:52,661 - INFO - Starting DecisionTreeClassifier
2019-01-07 11:10:06,483 - INFO - Starting RandomForestClassifier
2019-01-07 11:19:45,692 - INFO - Starting XGBClassifier
2019-01-07 11:20:11,163 - INFO - Starting GradientBoostingClassifier
2019-01-07 11:21:26,729 - INFO - Starting AdaBoostClassifier
2019-01-07 11:21:56,192 - INFO - X columns for the regression model: ['pe_better', 'previous_error_diff_deviation', 'volatility_5_10_after', 'volatility_10_15_after', 'forecast_error_diff_outlier_class', 'previous_error_diff_outlier_class', 'pips_agg_25_30_after', 'Low', 'pips_agg_60_0_before', 'pips_agg_5_10_after', 'volatility_20_25_after', 'volatility_0_5_after', 'pips_agg_0_5_after', 'volatility_60_0_before', 'volatility_15_20_after', 'pips_agg_10_15_after', 'fe_accurate', 'pips_agg_0_30_after', 'fe_better', 'pips_agg_15_20_after', 'pe_accurate', 'week', 'fe_worse', 'weekday', 'pips_agg_20_25_after', 'volatility_25_30_after', 'forecast_error_diff_deviation', 'new_id', 'Medium', 'year', 'pips_agg_0_60_after', 'pe_worse', 'volatility_0_60_after', 'High', 'volatility_0_30_after', 'num_news']
2019-01-07 11:21:56,286 - INFO - Starting KNeighborsRegressor
2019-01-07 11:26:51,546 - INFO - Starting SVR - rbf
2019-01-07 11:28:56,912 - INFO - Starting DecisionTreeRegressor
2019-01-07 11:29:11,846 - INFO - Starting RandomForestRegressor
2019-01-07 11:56:16,261 - INFO - Starting XGBRegressor
2019-01-07 11:56:25,533 - INFO - Starting GradientBoostingRegressor
2019-01-07 11:56:45,275 - INFO - Starting AdaBoostRegressor
2019-01-07 11:57:15,501 - INFO - sweep done in: 54.06 min
2019-01-07 11:57:15,514 - INFO - Starting a new sweep with market features: all
2019-01-07 11:57:15,514 - INFO - Starting a new sweep, features before the publication are: included
2019-01-07 11:57:15,514 - INFO - Starting a new sweep, delay in between buying-selling is: 60_120
2019-01-07 11:57:15,514 - INFO - Starting a new sweep for grid mode: basic
2019-01-07 11:57:15,515 - INFO - List of dynamic market fields: ['volatility_0_5_after', 'pips_agg_0_5_after', 'pips_candle_0_5_after', 'volatility_5_10_after', 'pips_agg_5_10_after', 'pips_candle_5_10_after', 'volatility_10_15_after', 'pips_agg_10_15_after', 'pips_candle_10_15_after', 'volatility_15_20_after', 'pips_agg_15_20_after', 'pips_candle_15_20_after', 'volatility_20_25_after', 'pips_agg_20_25_after', 'pips_candle_20_25_after', 'volatility_25_30_after', 'pips_agg_25_30_after', 'pips_candle_25_30_after', 'volatility_0_30_after', 'pips_agg_0_30_after', 'volatility_0_60_after', 'pips_agg_0_60_after', 'volatility_60_0_before', 'pips_agg_60_0_before', 'datetime', 'pips_agg_0_120_after']
2019-01-07 11:57:16,391 - INFO - X columns for the classification model: ['pe_better', 'previous_error_diff_deviation', 'volatility_5_10_after', 'volatility_10_15_after', 'forecast_error_diff_outlier_class', 'previous_error_diff_outlier_class', 'pips_agg_25_30_after', 'pips_candle_20_25_after', 'pips_candle_25_30_after', 'Low', 'pips_agg_60_0_before', 'pips_agg_5_10_after', 'volatility_20_25_after', 'pips_candle_0_5_after', 'volatility_0_5_after', 'pips_agg_0_5_after', 'volatility_60_0_before', 'volatility_15_20_after', 'pips_agg_10_15_after', 'fe_accurate', 'pips_agg_0_30_after', 'fe_better', 'pips_candle_15_20_after', 'pips_agg_15_20_after', 'pe_accurate', 'week', 'fe_worse', 'weekday', 'pips_agg_20_25_after', 'volatility_25_30_after', 'forecast_error_diff_deviation', 'new_id', 'Medium', 'year', 'pips_agg_0_60_after', 'pe_worse', 'volatility_0_60_after', 'pips_candle_10_15_after', 'pips_candle_5_10_after', 'High', 'volatility_0_30_after', 'num_news']
2019-01-07 11:57:16,463 - INFO - Starting KNeighborsClassifier
2019-01-07 12:02:05,504 - INFO - Starting SVC - rbf
2019-01-07 12:05:27,150 - INFO - Starting DecisionTreeClassifier
2019-01-07 12:05:47,100 - INFO - Starting RandomForestClassifier
2019-01-07 12:17:03,379 - INFO - Starting XGBClassifier
2019-01-07 12:17:31,025 - INFO - Starting GradientBoostingClassifier
2019-01-07 12:18:54,580 - INFO - Starting AdaBoostClassifier
2019-01-07 12:19:23,453 - INFO - X columns for the regression model: ['pe_better', 'previous_error_diff_deviation', 'volatility_5_10_after', 'volatility_10_15_after', 'forecast_error_diff_outlier_class', 'previous_error_diff_outlier_class', 'pips_agg_25_30_after', 'pips_candle_20_25_after', 'pips_candle_25_30_after', 'Low', 'pips_agg_60_0_before', 'pips_agg_5_10_after', 'volatility_20_25_after', 'pips_candle_0_5_after', 'volatility_0_5_after', 'pips_agg_0_5_after', 'volatility_60_0_before', 'volatility_15_20_after', 'pips_agg_10_15_after', 'fe_accurate', 'pips_agg_0_30_after', 'fe_better', 'pips_candle_15_20_after', 'pips_agg_15_20_after', 'pe_accurate', 'week', 'fe_worse', 'weekday', 'pips_agg_20_25_after', 'volatility_25_30_after', 'forecast_error_diff_deviation', 'new_id', 'Medium', 'year', 'pips_agg_0_60_after', 'pe_worse', 'volatility_0_60_after', 'pips_candle_10_15_after', 'pips_candle_5_10_after', 'High', 'volatility_0_30_after', 'num_news']
2019-01-07 12:19:23,519 - INFO - Starting KNeighborsRegressor
2019-01-07 12:24:24,751 - INFO - Starting SVR - rbf
2019-01-07 12:26:43,660 - INFO - Starting DecisionTreeRegressor
2019-01-07 12:26:59,693 - INFO - Starting RandomForestRegressor
2019-01-07 12:56:01,345 - INFO - Starting XGBRegressor
2019-01-07 12:56:13,680 - INFO - Starting GradientBoostingRegressor
2019-01-07 12:56:41,859 - INFO - Starting AdaBoostRegressor
2019-01-07 12:57:22,667 - INFO - sweep done in: 60.12 min
2019-01-07 12:57:22,677 - INFO - #########################
2019-01-07 12:57:22,678 - INFO - 
2019-01-07 12:57:22,678 - INFO - Starting a new sweep, grouping news by: High_NO_1_1_1
2019-01-07 12:57:35,497 - INFO - Starting a new sweep with market features: basic
2019-01-07 12:57:35,497 - INFO - Starting a new sweep, features before the publication are: included
2019-01-07 12:57:35,497 - INFO - Starting a new sweep, delay in between buying-selling is: 60_120
2019-01-07 12:57:35,497 - INFO - Starting a new sweep for grid mode: basic
2019-01-07 12:57:35,498 - INFO - List of dynamic market fields: ['volatility_0_5_after', 'pips_agg_0_5_after', 'volatility_5_10_after', 'pips_agg_5_10_after', 'volatility_10_15_after', 'pips_agg_10_15_after', 'volatility_15_20_after', 'pips_agg_15_20_after', 'volatility_20_25_after', 'pips_agg_20_25_after', 'volatility_25_30_after', 'pips_agg_25_30_after', 'volatility_0_30_after', 'pips_agg_0_30_after', 'volatility_0_60_after', 'pips_agg_0_60_after', 'volatility_60_0_before', 'pips_agg_60_0_before', 'datetime', 'pips_agg_0_120_after']
2019-01-07 12:57:36,065 - INFO - X columns for the classification model: ['pe_better', 'previous_error_diff_deviation', 'volatility_5_10_after', 'volatility_10_15_after', 'forecast_error_diff_outlier_class', 'previous_error_diff_outlier_class', 'pips_agg_25_30_after', 'pips_agg_60_0_before', 'pips_agg_5_10_after', 'volatility_20_25_after', 'volatility_0_5_after', 'pips_agg_0_5_after', 'volatility_60_0_before', 'volatility_15_20_after', 'pips_agg_10_15_after', 'fe_accurate', 'pips_agg_0_30_after', 'fe_better', 'pips_agg_15_20_after', 'pe_accurate', 'week', 'fe_worse', 'weekday', 'pips_agg_20_25_after', 'volatility_25_30_after', 'forecast_error_diff_deviation', 'new_id', 'year', 'pips_agg_0_60_after', 'pe_worse', 'volatility_0_60_after', 'High', 'volatility_0_30_after', 'num_news']
2019-01-07 12:57:36,114 - INFO - Starting KNeighborsClassifier
2019-01-07 12:58:19,121 - INFO - Starting SVC - rbf
2019-01-07 12:59:11,565 - INFO - Starting DecisionTreeClassifier
2019-01-07 12:59:19,098 - INFO - Starting RandomForestClassifier
2019-01-07 13:07:25,981 - INFO - Starting XGBClassifier
2019-01-07 13:07:38,536 - INFO - Starting GradientBoostingClassifier
2019-01-07 13:08:22,719 - INFO - Starting AdaBoostClassifier
2019-01-07 13:08:37,097 - INFO - X columns for the regression model: ['pe_better', 'previous_error_diff_deviation', 'volatility_5_10_after', 'volatility_10_15_after', 'forecast_error_diff_outlier_class', 'previous_error_diff_outlier_class', 'pips_agg_25_30_after', 'pips_agg_60_0_before', 'pips_agg_5_10_after', 'volatility_20_25_after', 'volatility_0_5_after', 'pips_agg_0_5_after', 'volatility_60_0_before', 'volatility_15_20_after', 'pips_agg_10_15_after', 'fe_accurate', 'pips_agg_0_30_after', 'fe_better', 'pips_agg_15_20_after', 'pe_accurate', 'week', 'fe_worse', 'weekday', 'pips_agg_20_25_after', 'volatility_25_30_after', 'forecast_error_diff_deviation', 'new_id', 'year', 'pips_agg_0_60_after', 'pe_worse', 'volatility_0_60_after', 'High', 'volatility_0_30_after', 'num_news']
2019-01-07 13:08:37,127 - INFO - Starting KNeighborsRegressor
2019-01-07 13:09:09,738 - INFO - Starting SVR - rbf
2019-01-07 13:09:42,711 - INFO - Starting DecisionTreeRegressor
2019-01-07 13:09:50,085 - INFO - Starting RandomForestRegressor
2019-01-07 13:22:56,295 - INFO - Starting XGBRegressor
2019-01-07 13:23:01,038 - INFO - Starting GradientBoostingRegressor
2019-01-07 13:23:10,899 - INFO - Starting AdaBoostRegressor
2019-01-07 13:23:29,443 - INFO - sweep done in: 25.90 min
2019-01-07 13:23:29,449 - INFO - Starting a new sweep with market features: all
2019-01-07 13:23:29,449 - INFO - Starting a new sweep, features before the publication are: included
2019-01-07 13:23:29,450 - INFO - Starting a new sweep, delay in between buying-selling is: 60_120
2019-01-07 13:23:29,450 - INFO - Starting a new sweep for grid mode: basic
2019-01-07 13:23:29,450 - INFO - List of dynamic market fields: ['volatility_0_5_after', 'pips_agg_0_5_after', 'pips_candle_0_5_after', 'volatility_5_10_after', 'pips_agg_5_10_after', 'pips_candle_5_10_after', 'volatility_10_15_after', 'pips_agg_10_15_after', 'pips_candle_10_15_after', 'volatility_15_20_after', 'pips_agg_15_20_after', 'pips_candle_15_20_after', 'volatility_20_25_after', 'pips_agg_20_25_after', 'pips_candle_20_25_after', 'volatility_25_30_after', 'pips_agg_25_30_after', 'pips_candle_25_30_after', 'volatility_0_30_after', 'pips_agg_0_30_after', 'volatility_0_60_after', 'pips_agg_0_60_after', 'volatility_60_0_before', 'pips_agg_60_0_before', 'datetime', 'pips_agg_0_120_after']
2019-01-07 13:23:30,100 - INFO - X columns for the classification model: ['pe_better', 'previous_error_diff_deviation', 'volatility_5_10_after', 'volatility_10_15_after', 'forecast_error_diff_outlier_class', 'previous_error_diff_outlier_class', 'pips_agg_25_30_after', 'pips_candle_20_25_after', 'pips_candle_25_30_after', 'pips_agg_60_0_before', 'pips_agg_5_10_after', 'volatility_20_25_after', 'pips_candle_0_5_after', 'volatility_0_5_after', 'pips_agg_0_5_after', 'volatility_60_0_before', 'volatility_15_20_after', 'pips_agg_10_15_after', 'fe_accurate', 'pips_agg_0_30_after', 'fe_better', 'pips_candle_15_20_after', 'pips_agg_15_20_after', 'pe_accurate', 'week', 'fe_worse', 'weekday', 'pips_agg_20_25_after', 'volatility_25_30_after', 'forecast_error_diff_deviation', 'new_id', 'year', 'pips_agg_0_60_after', 'pe_worse', 'volatility_0_60_after', 'pips_candle_10_15_after', 'pips_candle_5_10_after', 'High', 'volatility_0_30_after', 'num_news']
2019-01-07 13:23:30,166 - INFO - Starting KNeighborsClassifier
2019-01-07 13:24:07,905 - INFO - Starting SVC - rbf
2019-01-07 13:24:54,731 - INFO - Starting DecisionTreeClassifier
2019-01-07 13:25:03,489 - INFO - Starting RandomForestClassifier
2019-01-07 13:31:48,803 - INFO - Starting XGBClassifier
2019-01-07 13:32:03,618 - INFO - Starting GradientBoostingClassifier
2019-01-07 13:32:52,297 - INFO - Starting AdaBoostClassifier
2019-01-07 13:33:11,981 - INFO - X columns for the regression model: ['pe_better', 'previous_error_diff_deviation', 'volatility_5_10_after', 'volatility_10_15_after', 'forecast_error_diff_outlier_class', 'previous_error_diff_outlier_class', 'pips_agg_25_30_after', 'pips_candle_20_25_after', 'pips_candle_25_30_after', 'pips_agg_60_0_before', 'pips_agg_5_10_after', 'volatility_20_25_after', 'pips_candle_0_5_after', 'volatility_0_5_after', 'pips_agg_0_5_after', 'volatility_60_0_before', 'volatility_15_20_after', 'pips_agg_10_15_after', 'fe_accurate', 'pips_agg_0_30_after', 'fe_better', 'pips_candle_15_20_after', 'pips_agg_15_20_after', 'pe_accurate', 'week', 'fe_worse', 'weekday', 'pips_agg_20_25_after', 'volatility_25_30_after', 'forecast_error_diff_deviation', 'new_id', 'year', 'pips_agg_0_60_after', 'pe_worse', 'volatility_0_60_after', 'pips_candle_10_15_after', 'pips_candle_5_10_after', 'High', 'volatility_0_30_after', 'num_news']
2019-01-07 13:33:12,017 - INFO - Starting KNeighborsRegressor
2019-01-07 13:33:49,009 - INFO - Starting SVR - rbf
2019-01-07 13:34:27,144 - INFO - Starting DecisionTreeRegressor
2019-01-07 13:34:35,755 - INFO - Starting RandomForestRegressor
2019-01-07 13:49:28,605 - INFO - Starting XGBRegressor
2019-01-07 13:49:34,006 - INFO - Starting GradientBoostingRegressor
2019-01-07 13:49:46,015 - INFO - Starting AdaBoostRegressor
2019-01-07 13:50:09,789 - INFO - sweep done in: 26.67 min
2019-01-07 13:50:09,846 - INFO - #########################
2019-01-07 13:50:09,846 - INFO - 
2019-01-07 13:50:09,846 - INFO - Starting a new sweep, grouping news by: High_YES_1_1_1
2019-01-07 13:50:20,604 - INFO - Starting a new sweep with market features: basic
2019-01-07 13:50:20,604 - INFO - Starting a new sweep, features before the publication are: included
2019-01-07 13:50:20,604 - INFO - Starting a new sweep, delay in between buying-selling is: 60_120
2019-01-07 13:50:20,605 - INFO - Starting a new sweep for grid mode: basic
2019-01-07 13:50:20,605 - INFO - List of dynamic market fields: ['volatility_0_5_after', 'pips_agg_0_5_after', 'volatility_5_10_after', 'pips_agg_5_10_after', 'volatility_10_15_after', 'pips_agg_10_15_after', 'volatility_15_20_after', 'pips_agg_15_20_after', 'volatility_20_25_after', 'pips_agg_20_25_after', 'volatility_25_30_after', 'pips_agg_25_30_after', 'volatility_0_30_after', 'pips_agg_0_30_after', 'volatility_0_60_after', 'pips_agg_0_60_after', 'volatility_60_0_before', 'pips_agg_60_0_before', 'datetime', 'pips_agg_0_120_after']
2019-01-07 13:50:20,999 - INFO - X columns for the classification model: ['pe_better', 'previous_error_diff_deviation', 'volatility_5_10_after', 'volatility_10_15_after', 'forecast_error_diff_outlier_class', 'previous_error_diff_outlier_class', 'pips_agg_25_30_after', 'pips_agg_60_0_before', 'pips_agg_5_10_after', 'volatility_20_25_after', 'volatility_0_5_after', 'pips_agg_0_5_after', 'volatility_60_0_before', 'volatility_15_20_after', 'pips_agg_10_15_after', 'fe_accurate', 'pips_agg_0_30_after', 'fe_better', 'pips_agg_15_20_after', 'pe_accurate', 'week', 'fe_worse', 'weekday', 'pips_agg_20_25_after', 'volatility_25_30_after', 'forecast_error_diff_deviation', 'new_id', 'year', 'pips_agg_0_60_after', 'pe_worse', 'volatility_0_60_after', 'High', 'volatility_0_30_after', 'num_news']
2019-01-07 13:50:21,029 - INFO - Starting KNeighborsClassifier
2019-01-07 13:50:53,365 - INFO - Starting SVC - rbf
2019-01-07 13:51:17,554 - INFO - Starting DecisionTreeClassifier
2019-01-07 13:51:23,267 - INFO - Starting RandomForestClassifier
2019-01-07 13:55:28,957 - INFO - Starting XGBClassifier
2019-01-07 13:55:36,379 - INFO - Starting GradientBoostingClassifier
2019-01-07 13:55:58,420 - INFO - Starting AdaBoostClassifier
2019-01-07 13:56:07,075 - INFO - X columns for the regression model: ['pe_better', 'previous_error_diff_deviation', 'volatility_5_10_after', 'volatility_10_15_after', 'forecast_error_diff_outlier_class', 'previous_error_diff_outlier_class', 'pips_agg_25_30_after', 'pips_agg_60_0_before', 'pips_agg_5_10_after', 'volatility_20_25_after', 'volatility_0_5_after', 'pips_agg_0_5_after', 'volatility_60_0_before', 'volatility_15_20_after', 'pips_agg_10_15_after', 'fe_accurate', 'pips_agg_0_30_after', 'fe_better', 'pips_agg_15_20_after', 'pe_accurate', 'week', 'fe_worse', 'weekday', 'pips_agg_20_25_after', 'volatility_25_30_after', 'forecast_error_diff_deviation', 'new_id', 'year', 'pips_agg_0_60_after', 'pe_worse', 'volatility_0_60_after', 'High', 'volatility_0_30_after', 'num_news']
2019-01-07 13:56:07,093 - INFO - Starting KNeighborsRegressor
2019-01-07 13:56:26,451 - INFO - Starting SVR - rbf
2019-01-07 13:56:40,085 - INFO - Starting DecisionTreeRegressor
2019-01-07 13:56:43,825 - INFO - Starting RandomForestRegressor
2019-01-07 14:03:16,034 - INFO - Starting XGBRegressor
2019-01-07 14:03:18,667 - INFO - Starting GradientBoostingRegressor
2019-01-07 14:03:23,704 - INFO - Starting AdaBoostRegressor
2019-01-07 14:03:33,846 - INFO - sweep done in: 13.22 min
2019-01-07 14:03:33,850 - INFO - Starting a new sweep with market features: all
2019-01-07 14:03:33,850 - INFO - Starting a new sweep, features before the publication are: included
2019-01-07 14:03:33,850 - INFO - Starting a new sweep, delay in between buying-selling is: 60_120
2019-01-07 14:03:33,850 - INFO - Starting a new sweep for grid mode: basic
2019-01-07 14:03:33,850 - INFO - List of dynamic market fields: ['volatility_0_5_after', 'pips_agg_0_5_after', 'pips_candle_0_5_after', 'volatility_5_10_after', 'pips_agg_5_10_after', 'pips_candle_5_10_after', 'volatility_10_15_after', 'pips_agg_10_15_after', 'pips_candle_10_15_after', 'volatility_15_20_after', 'pips_agg_15_20_after', 'pips_candle_15_20_after', 'volatility_20_25_after', 'pips_agg_20_25_after', 'pips_candle_20_25_after', 'volatility_25_30_after', 'pips_agg_25_30_after', 'pips_candle_25_30_after', 'volatility_0_30_after', 'pips_agg_0_30_after', 'volatility_0_60_after', 'pips_agg_0_60_after', 'volatility_60_0_before', 'pips_agg_60_0_before', 'datetime', 'pips_agg_0_120_after']
2019-01-07 14:03:34,147 - INFO - X columns for the classification model: ['pe_better', 'previous_error_diff_deviation', 'volatility_5_10_after', 'volatility_10_15_after', 'forecast_error_diff_outlier_class', 'previous_error_diff_outlier_class', 'pips_agg_25_30_after', 'pips_candle_20_25_after', 'pips_candle_25_30_after', 'pips_agg_60_0_before', 'pips_agg_5_10_after', 'volatility_20_25_after', 'pips_candle_0_5_after', 'volatility_0_5_after', 'pips_agg_0_5_after', 'volatility_60_0_before', 'volatility_15_20_after', 'pips_agg_10_15_after', 'fe_accurate', 'pips_agg_0_30_after', 'fe_better', 'pips_candle_15_20_after', 'pips_agg_15_20_after', 'pe_accurate', 'week', 'fe_worse', 'weekday', 'pips_agg_20_25_after', 'volatility_25_30_after', 'forecast_error_diff_deviation', 'new_id', 'year', 'pips_agg_0_60_after', 'pe_worse', 'volatility_0_60_after', 'pips_candle_10_15_after', 'pips_candle_5_10_after', 'High', 'volatility_0_30_after', 'num_news']
2019-01-07 14:03:34,166 - INFO - Starting KNeighborsClassifier
2019-01-07 14:03:57,609 - INFO - Starting SVC - rbf
2019-01-07 14:04:16,393 - INFO - Starting DecisionTreeClassifier
2019-01-07 14:04:20,744 - INFO - Starting RandomForestClassifier
2019-01-07 14:08:17,751 - INFO - Starting XGBClassifier
2019-01-07 14:08:26,321 - INFO - Starting GradientBoostingClassifier
2019-01-07 14:08:51,444 - INFO - Starting AdaBoostClassifier
2019-01-07 14:09:00,489 - INFO - X columns for the regression model: ['pe_better', 'previous_error_diff_deviation', 'volatility_5_10_after', 'volatility_10_15_after', 'forecast_error_diff_outlier_class', 'previous_error_diff_outlier_class', 'pips_agg_25_30_after', 'pips_candle_20_25_after', 'pips_candle_25_30_after', 'pips_agg_60_0_before', 'pips_agg_5_10_after', 'volatility_20_25_after', 'pips_candle_0_5_after', 'volatility_0_5_after', 'pips_agg_0_5_after', 'volatility_60_0_before', 'volatility_15_20_after', 'pips_agg_10_15_after', 'fe_accurate', 'pips_agg_0_30_after', 'fe_better', 'pips_candle_15_20_after', 'pips_agg_15_20_after', 'pe_accurate', 'week', 'fe_worse', 'weekday', 'pips_agg_20_25_after', 'volatility_25_30_after', 'forecast_error_diff_deviation', 'new_id', 'year', 'pips_agg_0_60_after', 'pe_worse', 'volatility_0_60_after', 'pips_candle_10_15_after', 'pips_candle_5_10_after', 'High', 'volatility_0_30_after', 'num_news']
2019-01-07 14:09:00,508 - INFO - Starting KNeighborsRegressor
2019-01-07 14:09:23,128 - INFO - Starting SVR - rbf
2019-01-07 14:09:38,899 - INFO - Starting DecisionTreeRegressor
2019-01-07 14:09:43,119 - INFO - Starting RandomForestRegressor
2019-01-07 14:16:53,872 - INFO - Starting XGBRegressor
2019-01-07 14:16:55,964 - INFO - Starting GradientBoostingRegressor
2019-01-07 14:17:00,054 - INFO - Starting AdaBoostRegressor
2019-01-07 14:17:07,922 - INFO - sweep done in: 13.57 min
