2019-01-13 14:37:44,736 - INFO - #########################
2019-01-13 14:37:44,737 - INFO - 
2019-01-13 14:37:44,737 - INFO - Starting a new sweep, grouping news by: ALL_NO_1_1_1
2019-01-13 14:39:24,210 - INFO - Starting a new sweep with market features: basic
2019-01-13 14:39:24,210 - INFO - Starting a new sweep, features before the publication are: included
2019-01-13 14:39:24,210 - INFO - Starting a new sweep, delay in between buying-selling is: 60_120
2019-01-13 14:39:24,210 - INFO - Starting a new sweep for grid mode: basic
2019-01-13 14:39:24,211 - INFO - List of dynamic market fields: ['volatility_0_5_after', 'pips_candle_0_5_after', 'volatility_5_10_after', 'pips_candle_5_10_after', 'volatility_10_15_after', 'pips_candle_10_15_after', 'volatility_15_20_after', 'pips_candle_15_20_after', 'volatility_20_25_after', 'pips_candle_20_25_after', 'volatility_25_30_after', 'pips_candle_25_30_after', 'volatility_30_60_after', 'pips_candle_30_60_after', 'volatility_60_0_before', 'pips_agg_60_0_before', 'datetime', 'pips_candle_max_60_120_after']
2019-01-13 14:39:27,027 - INFO - X columns for the classification model: ['volatility_30_60_after', 'Medium', 'pips_candle_20_25_after', 'pips_agg_60_0_before', 'forecast_error_diff_deviation', 'pips_candle_30_60_after', 'pips_candle_15_20_after', 'volatility_20_25_after', 'week', 'volatility_25_30_after', 'weekday', 'volatility_15_20_after', 'pips_candle_5_10_after', 'previous_error_diff_deviation', 'volatility_60_0_before', 'volatility_5_10_after', 'Low', 'previous_error_diff_outlier_class', 'pips_candle_10_15_after', 'volatility_10_15_after', 'pe_accurate', 'new_id', 'fe_accurate', 'year', 'fe_better', 'pips_candle_25_30_after', 'num_news', 'pe_worse', 'fe_worse', 'forecast_error_diff_outlier_class', 'pips_candle_0_5_after', 'pe_better', 'High', 'volatility_0_5_after']
2019-01-13 14:39:27,027 - INFO - y dependent variable: reaction_max_60_120_after
2019-01-13 14:39:27,284 - INFO - Starting KNeighborsClassifier
2019-01-13 14:49:01,436 - INFO - Starting SVC - rbf
2019-01-13 14:59:28,015 - INFO - Starting DecisionTreeClassifier
2019-01-13 15:00:15,205 - INFO - Starting RandomForestClassifier
2019-01-13 15:30:02,793 - INFO - Starting XGBClassifier
2019-01-13 15:30:31,530 - INFO - Starting GradientBoostingClassifier
2019-01-13 15:31:51,069 - INFO - Starting AdaBoostClassifier
2019-01-13 15:33:01,158 - INFO - X columns for the regression model: ['volatility_30_60_after', 'Medium', 'pips_candle_20_25_after', 'pips_agg_60_0_before', 'forecast_error_diff_deviation', 'pips_candle_30_60_after', 'pips_candle_15_20_after', 'volatility_20_25_after', 'week', 'volatility_25_30_after', 'weekday', 'volatility_15_20_after', 'pips_candle_5_10_after', 'previous_error_diff_deviation', 'volatility_60_0_before', 'volatility_5_10_after', 'Low', 'previous_error_diff_outlier_class', 'pips_candle_10_15_after', 'volatility_10_15_after', 'pe_accurate', 'new_id', 'fe_accurate', 'year', 'fe_better', 'pips_candle_25_30_after', 'num_news', 'pe_worse', 'fe_worse', 'forecast_error_diff_outlier_class', 'pips_candle_0_5_after', 'pe_better', 'High', 'volatility_0_5_after']
2019-01-13 15:33:01,370 - INFO - Starting KNeighborsRegressor
2019-01-13 15:43:37,652 - INFO - Starting SVR - rbf
2019-01-13 15:54:22,436 - INFO - Starting DecisionTreeRegressor
2019-01-13 15:55:11,002 - INFO - Starting RandomForestRegressor
2019-01-13 17:08:16,029 - INFO - Starting XGBRegressor
2019-01-13 17:08:44,215 - INFO - Starting GradientBoostingRegressor
2019-01-13 17:09:48,544 - INFO - Starting AdaBoostRegressor
2019-01-13 17:11:07,624 - INFO - sweep done in: 151.72 min
2019-01-13 17:11:07,627 - INFO - Starting a new sweep for grid mode: basic
2019-01-13 17:11:07,627 - INFO - List of dynamic market fields: ['volatility_0_5_after', 'pips_candle_0_5_after', 'volatility_5_10_after', 'pips_candle_5_10_after', 'volatility_10_15_after', 'pips_candle_10_15_after', 'volatility_15_20_after', 'pips_candle_15_20_after', 'volatility_20_25_after', 'pips_candle_20_25_after', 'volatility_25_30_after', 'pips_candle_25_30_after', 'volatility_30_60_after', 'pips_candle_30_60_after', 'volatility_60_0_before', 'pips_agg_60_0_before', 'datetime', 'pips_candle_min_60_120_after']
2019-01-13 17:11:09,982 - INFO - X columns for the classification model: ['volatility_30_60_after', 'Medium', 'pips_candle_20_25_after', 'pips_agg_60_0_before', 'forecast_error_diff_deviation', 'pips_candle_30_60_after', 'pips_candle_15_20_after', 'volatility_20_25_after', 'week', 'volatility_25_30_after', 'weekday', 'volatility_15_20_after', 'pips_candle_5_10_after', 'previous_error_diff_deviation', 'volatility_60_0_before', 'volatility_5_10_after', 'Low', 'previous_error_diff_outlier_class', 'pips_candle_10_15_after', 'volatility_10_15_after', 'pe_accurate', 'new_id', 'fe_accurate', 'year', 'fe_better', 'pips_candle_25_30_after', 'num_news', 'pe_worse', 'fe_worse', 'forecast_error_diff_outlier_class', 'pips_candle_0_5_after', 'pe_better', 'High', 'volatility_0_5_after']
2019-01-13 17:11:09,982 - INFO - y dependent variable: reaction_min_60_120_after
2019-01-13 17:11:10,188 - INFO - Starting KNeighborsClassifier
2019-01-13 17:19:57,694 - INFO - Starting SVC - rbf
2019-01-13 17:29:38,835 - INFO - Starting DecisionTreeClassifier
2019-01-13 17:30:24,075 - INFO - Starting RandomForestClassifier
2019-01-13 17:58:35,179 - INFO - Starting XGBClassifier
2019-01-13 17:59:03,463 - INFO - Starting GradientBoostingClassifier
2019-01-13 18:00:16,946 - INFO - Starting AdaBoostClassifier
2019-01-13 18:01:26,338 - INFO - X columns for the regression model: ['volatility_30_60_after', 'Medium', 'pips_candle_20_25_after', 'pips_agg_60_0_before', 'forecast_error_diff_deviation', 'pips_candle_30_60_after', 'pips_candle_15_20_after', 'volatility_20_25_after', 'week', 'volatility_25_30_after', 'weekday', 'volatility_15_20_after', 'pips_candle_5_10_after', 'previous_error_diff_deviation', 'volatility_60_0_before', 'volatility_5_10_after', 'Low', 'previous_error_diff_outlier_class', 'pips_candle_10_15_after', 'volatility_10_15_after', 'pe_accurate', 'new_id', 'fe_accurate', 'year', 'fe_better', 'pips_candle_25_30_after', 'num_news', 'pe_worse', 'fe_worse', 'forecast_error_diff_outlier_class', 'pips_candle_0_5_after', 'pe_better', 'High', 'volatility_0_5_after']
2019-01-13 18:01:26,539 - INFO - Starting KNeighborsRegressor
2019-01-13 18:10:03,221 - INFO - Starting SVR - rbf
2019-01-13 18:19:32,235 - INFO - Starting DecisionTreeRegressor
2019-01-13 18:20:16,399 - INFO - Starting RandomForestRegressor
2019-01-13 19:33:33,194 - INFO - Starting XGBRegressor
2019-01-13 19:34:00,132 - INFO - Starting GradientBoostingRegressor
2019-01-13 19:34:58,570 - INFO - Starting AdaBoostRegressor
2019-01-13 19:36:29,825 - INFO - sweep done in: 145.37 min
2019-01-13 19:36:29,828 - INFO - Starting a new sweep with market features: all
2019-01-13 19:36:29,829 - INFO - Starting a new sweep, features before the publication are: included
2019-01-13 19:36:29,829 - INFO - Starting a new sweep, delay in between buying-selling is: 60_120
2019-01-13 19:36:29,829 - INFO - Starting a new sweep for grid mode: basic
2019-01-13 19:36:29,829 - INFO - List of dynamic market fields: ['volatility_0_5_after', 'pips_candle_0_5_after', 'volatility_5_10_after', 'pips_candle_5_10_after', 'volatility_10_15_after', 'pips_candle_10_15_after', 'volatility_15_20_after', 'pips_candle_15_20_after', 'volatility_20_25_after', 'pips_candle_20_25_after', 'volatility_25_30_after', 'pips_candle_25_30_after', 'volatility_30_60_after', 'pips_candle_30_60_after', 'pips_candle_max_30_60_after', 'pips_candle_min_30_60_after', 'volatility_60_0_before', 'pips_agg_60_0_before', 'datetime', 'pips_candle_max_60_120_after']
2019-01-13 19:36:32,282 - INFO - X columns for the classification model: ['pips_candle_max_30_60_after', 'volatility_30_60_after', 'Medium', 'pips_candle_20_25_after', 'pips_agg_60_0_before', 'forecast_error_diff_deviation', 'pips_candle_30_60_after', 'pips_candle_15_20_after', 'volatility_20_25_after', 'week', 'volatility_25_30_after', 'weekday', 'volatility_15_20_after', 'pips_candle_5_10_after', 'previous_error_diff_deviation', 'volatility_60_0_before', 'volatility_5_10_after', 'Low', 'previous_error_diff_outlier_class', 'pips_candle_10_15_after', 'volatility_10_15_after', 'pe_accurate', 'new_id', 'fe_accurate', 'year', 'fe_better', 'pips_candle_25_30_after', 'num_news', 'pe_worse', 'fe_worse', 'pips_candle_min_30_60_after', 'forecast_error_diff_outlier_class', 'pips_candle_0_5_after', 'pe_better', 'High', 'volatility_0_5_after']
2019-01-13 19:36:32,282 - INFO - y dependent variable: reaction_max_60_120_after
2019-01-13 19:36:32,494 - INFO - Starting KNeighborsClassifier
2019-01-13 19:45:44,795 - INFO - Starting SVC - rbf
2019-01-13 19:56:03,898 - INFO - Starting DecisionTreeClassifier
2019-01-13 19:56:53,231 - INFO - Starting RandomForestClassifier
2019-01-13 20:29:43,803 - INFO - Starting XGBClassifier
2019-01-13 20:30:14,694 - INFO - Starting GradientBoostingClassifier
2019-01-13 20:31:35,011 - INFO - Starting AdaBoostClassifier
2019-01-13 20:32:52,025 - INFO - X columns for the regression model: ['pips_candle_max_30_60_after', 'volatility_30_60_after', 'Medium', 'pips_candle_20_25_after', 'pips_agg_60_0_before', 'forecast_error_diff_deviation', 'pips_candle_30_60_after', 'pips_candle_15_20_after', 'volatility_20_25_after', 'week', 'volatility_25_30_after', 'weekday', 'volatility_15_20_after', 'pips_candle_5_10_after', 'previous_error_diff_deviation', 'volatility_60_0_before', 'volatility_5_10_after', 'Low', 'previous_error_diff_outlier_class', 'pips_candle_10_15_after', 'volatility_10_15_after', 'pe_accurate', 'new_id', 'fe_accurate', 'year', 'fe_better', 'pips_candle_25_30_after', 'num_news', 'pe_worse', 'fe_worse', 'pips_candle_min_30_60_after', 'forecast_error_diff_outlier_class', 'pips_candle_0_5_after', 'pe_better', 'High', 'volatility_0_5_after']
2019-01-13 20:32:52,241 - INFO - Starting KNeighborsRegressor
2019-01-13 20:42:32,923 - INFO - Starting SVR - rbf
2019-01-13 20:53:42,633 - INFO - Starting DecisionTreeRegressor
2019-01-13 20:54:37,381 - INFO - Starting RandomForestRegressor
