2019-01-15 02:57:11,470 - INFO - #########################
2019-01-15 02:57:11,471 - INFO - 
2019-01-15 02:57:11,471 - INFO - Starting a new sweep, grouping news by: ALL_NO_1_1_1
2019-01-15 02:59:09,293 - INFO - Starting a new sweep with market features: basic
2019-01-15 02:59:09,293 - INFO - Starting a new sweep, features before the publication are: included
2019-01-15 02:59:09,293 - INFO - Starting a new sweep, delay in between buying-selling is: 0_180
2019-01-15 02:59:09,293 - INFO - Starting a new sweep for grid mode: basic
2019-01-15 02:59:09,294 - INFO - List of dynamic market fields: ['volatility_60_0_before', 'pips_agg_60_0_before', 'datetime', 'pips_candle_max_0_180_after']
2019-01-15 02:59:11,454 - INFO - X columns for the classification model: ['forecast_error_diff_outlier_class', 'previous_error_diff_deviation', 'fe_better', 'pe_accurate', 'weekday', 'fe_worse', 'Medium', 'pips_agg_60_0_before', 'High', 'previous_error_diff_outlier_class', 'forecast_error_diff_deviation', 'year', 'volatility_60_0_before', 'pe_worse', 'new_id', 'week', 'pe_better', 'num_news', 'Low', 'fe_accurate']
2019-01-15 02:59:11,454 - INFO - y dependent variable: reaction_max_0_180_after
2019-01-15 02:59:11,627 - INFO - Starting KNeighborsClassifier
2019-01-15 03:02:57,786 - INFO - Starting SVC - rbf
2019-01-15 03:11:12,636 - INFO - Starting DecisionTreeClassifier
2019-01-15 03:11:45,985 - INFO - Starting RandomForestClassifier
2019-01-15 03:38:04,263 - INFO - Starting XGBClassifier
2019-01-15 03:38:22,494 - INFO - Starting GradientBoostingClassifier
2019-01-15 03:39:08,026 - INFO - Starting AdaBoostClassifier
2019-01-15 03:39:57,571 - INFO - X columns for the regression model: ['forecast_error_diff_outlier_class', 'previous_error_diff_deviation', 'fe_better', 'pe_accurate', 'weekday', 'fe_worse', 'Medium', 'pips_agg_60_0_before', 'High', 'previous_error_diff_outlier_class', 'forecast_error_diff_deviation', 'year', 'volatility_60_0_before', 'pe_worse', 'new_id', 'week', 'pe_better', 'num_news', 'Low', 'fe_accurate']
2019-01-15 03:39:57,675 - INFO - Starting KNeighborsRegressor
2019-01-15 03:42:52,942 - INFO - Starting SVR - rbf
2019-01-15 03:50:19,122 - INFO - Starting DecisionTreeRegressor
2019-01-15 03:50:49,002 - INFO - Starting RandomForestRegressor
2019-01-15 04:35:55,347 - INFO - Starting XGBRegressor
2019-01-15 04:36:12,509 - INFO - Starting GradientBoostingRegressor
2019-01-15 04:36:46,101 - INFO - Starting AdaBoostRegressor
2019-01-15 04:37:40,839 - INFO - sweep done in: 98.53 min
2019-01-15 04:37:40,846 - INFO - Starting a new sweep for grid mode: basic
2019-01-15 04:37:40,846 - INFO - List of dynamic market fields: ['volatility_60_0_before', 'pips_agg_60_0_before', 'datetime', 'pips_candle_min_0_180_after']
2019-01-15 04:37:42,396 - INFO - X columns for the classification model: ['forecast_error_diff_outlier_class', 'previous_error_diff_deviation', 'fe_better', 'pe_accurate', 'weekday', 'fe_worse', 'Medium', 'pips_agg_60_0_before', 'High', 'previous_error_diff_outlier_class', 'forecast_error_diff_deviation', 'year', 'volatility_60_0_before', 'pe_worse', 'new_id', 'week', 'pe_better', 'num_news', 'Low', 'fe_accurate']
2019-01-15 04:37:42,396 - INFO - y dependent variable: reaction_min_0_180_after
2019-01-15 04:37:42,513 - INFO - Starting KNeighborsClassifier
2019-01-15 04:40:25,694 - INFO - Starting SVC - rbf
2019-01-15 04:47:17,009 - INFO - Starting DecisionTreeClassifier
2019-01-15 04:47:44,848 - INFO - Starting RandomForestClassifier
2019-01-15 05:10:41,972 - INFO - Starting XGBClassifier
2019-01-15 05:11:00,847 - INFO - Starting GradientBoostingClassifier
2019-01-15 05:11:43,701 - INFO - Starting AdaBoostClassifier
2019-01-15 05:12:30,861 - INFO - X columns for the regression model: ['forecast_error_diff_outlier_class', 'previous_error_diff_deviation', 'fe_better', 'pe_accurate', 'weekday', 'fe_worse', 'Medium', 'pips_agg_60_0_before', 'High', 'previous_error_diff_outlier_class', 'forecast_error_diff_deviation', 'year', 'volatility_60_0_before', 'pe_worse', 'new_id', 'week', 'pe_better', 'num_news', 'Low', 'fe_accurate']
2019-01-15 05:12:30,965 - INFO - Starting KNeighborsRegressor
2019-01-15 05:15:05,224 - INFO - Starting SVR - rbf
2019-01-15 05:21:58,085 - INFO - Starting DecisionTreeRegressor
2019-01-15 05:22:26,377 - INFO - Starting RandomForestRegressor
2019-01-15 06:04:31,345 - INFO - Starting XGBRegressor
2019-01-15 06:04:49,898 - INFO - Starting GradientBoostingRegressor
2019-01-15 06:05:24,441 - INFO - Starting AdaBoostRegressor
2019-01-15 06:05:44,498 - INFO - sweep done in: 88.06 min
2019-01-15 06:05:44,506 - INFO - #########################
2019-01-15 06:05:44,506 - INFO - 
2019-01-15 06:05:44,506 - INFO - Starting a new sweep, grouping news by: ALL_NO_3_2_1
2019-01-15 06:07:21,427 - INFO - Starting a new sweep with market features: basic
2019-01-15 06:07:21,428 - INFO - Starting a new sweep, features before the publication are: included
2019-01-15 06:07:21,428 - INFO - Starting a new sweep, delay in between buying-selling is: 0_180
2019-01-15 06:07:21,428 - INFO - Starting a new sweep for grid mode: basic
2019-01-15 06:07:21,430 - INFO - List of dynamic market fields: ['volatility_60_0_before', 'pips_agg_60_0_before', 'datetime', 'pips_candle_max_0_180_after']
2019-01-15 06:07:23,171 - INFO - X columns for the classification model: ['forecast_error_diff_outlier_class', 'previous_error_diff_deviation', 'fe_better', 'pe_accurate', 'weekday', 'fe_worse', 'Medium', 'pips_agg_60_0_before', 'High', 'previous_error_diff_outlier_class', 'forecast_error_diff_deviation', 'year', 'volatility_60_0_before', 'pe_worse', 'new_id', 'week', 'pe_better', 'num_news', 'Low', 'fe_accurate']
2019-01-15 06:07:23,171 - INFO - y dependent variable: reaction_max_0_180_after
2019-01-15 06:07:23,308 - INFO - Starting KNeighborsClassifier
2019-01-15 06:10:28,019 - INFO - Starting SVC - rbf
2019-01-15 06:17:37,860 - INFO - Starting DecisionTreeClassifier
2019-01-15 06:18:08,627 - INFO - Starting RandomForestClassifier
2019-01-15 06:42:52,045 - INFO - Starting XGBClassifier
2019-01-15 06:43:10,046 - INFO - Starting GradientBoostingClassifier
2019-01-15 06:43:52,796 - INFO - Starting AdaBoostClassifier
2019-01-15 06:44:39,251 - INFO - X columns for the regression model: ['forecast_error_diff_outlier_class', 'previous_error_diff_deviation', 'fe_better', 'pe_accurate', 'weekday', 'fe_worse', 'Medium', 'pips_agg_60_0_before', 'High', 'previous_error_diff_outlier_class', 'forecast_error_diff_deviation', 'year', 'volatility_60_0_before', 'pe_worse', 'new_id', 'week', 'pe_better', 'num_news', 'Low', 'fe_accurate']
2019-01-15 06:44:39,395 - INFO - Starting KNeighborsRegressor
2019-01-15 06:47:25,597 - INFO - Starting SVR - rbf
2019-01-15 06:54:16,056 - INFO - Starting DecisionTreeRegressor
2019-01-15 06:54:43,793 - INFO - Starting RandomForestRegressor
2019-01-15 07:38:15,401 - INFO - Starting XGBRegressor
2019-01-15 07:38:33,294 - INFO - Starting GradientBoostingRegressor
2019-01-15 07:39:08,549 - INFO - Starting AdaBoostRegressor
2019-01-15 07:40:07,229 - INFO - sweep done in: 92.76 min
2019-01-15 07:40:07,253 - INFO - Starting a new sweep for grid mode: basic
2019-01-15 07:40:07,253 - INFO - List of dynamic market fields: ['volatility_60_0_before', 'pips_agg_60_0_before', 'datetime', 'pips_candle_min_0_180_after']
2019-01-15 07:40:09,002 - INFO - X columns for the classification model: ['forecast_error_diff_outlier_class', 'previous_error_diff_deviation', 'fe_better', 'pe_accurate', 'weekday', 'fe_worse', 'Medium', 'pips_agg_60_0_before', 'High', 'previous_error_diff_outlier_class', 'forecast_error_diff_deviation', 'year', 'volatility_60_0_before', 'pe_worse', 'new_id', 'week', 'pe_better', 'num_news', 'Low', 'fe_accurate']
2019-01-15 07:40:09,003 - INFO - y dependent variable: reaction_min_0_180_after
2019-01-15 07:40:09,131 - INFO - Starting KNeighborsClassifier
2019-01-15 07:43:11,576 - INFO - Starting SVC - rbf
2019-01-15 07:50:25,574 - INFO - Starting DecisionTreeClassifier
2019-01-15 07:50:55,632 - INFO - Starting RandomForestClassifier
2019-01-15 08:15:23,735 - INFO - Starting XGBClassifier
2019-01-15 08:15:43,243 - INFO - Starting GradientBoostingClassifier
2019-01-15 08:16:27,768 - INFO - Starting AdaBoostClassifier
2019-01-15 08:17:16,551 - INFO - X columns for the regression model: ['forecast_error_diff_outlier_class', 'previous_error_diff_deviation', 'fe_better', 'pe_accurate', 'weekday', 'fe_worse', 'Medium', 'pips_agg_60_0_before', 'High', 'previous_error_diff_outlier_class', 'forecast_error_diff_deviation', 'year', 'volatility_60_0_before', 'pe_worse', 'new_id', 'week', 'pe_better', 'num_news', 'Low', 'fe_accurate']
2019-01-15 08:17:16,697 - INFO - Starting KNeighborsRegressor
2019-01-15 08:20:24,145 - INFO - Starting SVR - rbf
2019-01-15 08:27:22,142 - INFO - Starting DecisionTreeRegressor
2019-01-15 08:27:50,752 - INFO - Starting RandomForestRegressor
2019-01-15 09:12:25,129 - INFO - Starting XGBRegressor
2019-01-15 09:12:42,663 - INFO - Starting GradientBoostingRegressor
2019-01-15 09:13:17,246 - INFO - Starting AdaBoostRegressor
2019-01-15 09:13:45,315 - INFO - sweep done in: 93.63 min
2019-01-15 09:13:45,322 - INFO - #########################
2019-01-15 09:13:45,323 - INFO - 
2019-01-15 09:13:45,323 - INFO - Starting a new sweep, grouping news by: ALL_YES_1_1_1
2019-01-15 09:15:19,373 - INFO - Starting a new sweep with market features: basic
2019-01-15 09:15:19,373 - INFO - Starting a new sweep, features before the publication are: included
2019-01-15 09:15:19,373 - INFO - Starting a new sweep, delay in between buying-selling is: 0_180
2019-01-15 09:15:19,373 - INFO - Starting a new sweep for grid mode: basic
2019-01-15 09:15:19,374 - INFO - List of dynamic market fields: ['volatility_60_0_before', 'pips_agg_60_0_before', 'datetime', 'pips_candle_max_0_180_after']
2019-01-15 09:15:20,697 - INFO - X columns for the classification model: ['forecast_error_diff_outlier_class', 'previous_error_diff_deviation', 'fe_better', 'pe_accurate', 'weekday', 'fe_worse', 'Medium', 'pips_agg_60_0_before', 'High', 'previous_error_diff_outlier_class', 'forecast_error_diff_deviation', 'year', 'volatility_60_0_before', 'pe_worse', 'new_id', 'week', 'pe_better', 'num_news', 'Low', 'fe_accurate']
2019-01-15 09:15:20,697 - INFO - y dependent variable: reaction_max_0_180_after
2019-01-15 09:15:20,799 - INFO - Starting KNeighborsClassifier
2019-01-15 09:17:16,786 - INFO - Starting SVC - rbf
2019-01-15 09:21:16,858 - INFO - Starting DecisionTreeClassifier
2019-01-15 09:21:35,926 - INFO - Starting RandomForestClassifier
2019-01-15 09:39:31,601 - INFO - Starting XGBClassifier
2019-01-15 09:39:45,030 - INFO - Starting GradientBoostingClassifier
2019-01-15 09:40:15,181 - INFO - Starting AdaBoostClassifier
2019-01-15 09:40:51,921 - INFO - X columns for the regression model: ['forecast_error_diff_outlier_class', 'previous_error_diff_deviation', 'fe_better', 'pe_accurate', 'weekday', 'fe_worse', 'Medium', 'pips_agg_60_0_before', 'High', 'previous_error_diff_outlier_class', 'forecast_error_diff_deviation', 'year', 'volatility_60_0_before', 'pe_worse', 'new_id', 'week', 'pe_better', 'num_news', 'Low', 'fe_accurate']
2019-01-15 09:40:52,021 - INFO - Starting KNeighborsRegressor
2019-01-15 09:42:42,274 - INFO - Starting SVR - rbf
2019-01-15 09:46:13,276 - INFO - Starting DecisionTreeRegressor
2019-01-15 09:46:31,535 - INFO - Starting RandomForestRegressor
2019-01-15 10:14:29,561 - INFO - Starting XGBRegressor
2019-01-15 10:14:41,794 - INFO - Starting GradientBoostingRegressor
2019-01-15 10:15:03,445 - INFO - Starting AdaBoostRegressor
2019-01-15 10:15:37,080 - INFO - sweep done in: 60.30 min
2019-01-15 10:15:37,084 - INFO - Starting a new sweep for grid mode: basic
2019-01-15 10:15:37,084 - INFO - List of dynamic market fields: ['volatility_60_0_before', 'pips_agg_60_0_before', 'datetime', 'pips_candle_min_0_180_after']
2019-01-15 10:15:38,462 - INFO - X columns for the classification model: ['forecast_error_diff_outlier_class', 'previous_error_diff_deviation', 'fe_better', 'pe_accurate', 'weekday', 'fe_worse', 'Medium', 'pips_agg_60_0_before', 'High', 'previous_error_diff_outlier_class', 'forecast_error_diff_deviation', 'year', 'volatility_60_0_before', 'pe_worse', 'new_id', 'week', 'pe_better', 'num_news', 'Low', 'fe_accurate']
2019-01-15 10:15:38,463 - INFO - y dependent variable: reaction_min_0_180_after
2019-01-15 10:15:38,536 - INFO - Starting KNeighborsClassifier
2019-01-15 10:17:33,376 - INFO - Starting SVC - rbf
2019-01-15 10:21:34,859 - INFO - Starting DecisionTreeClassifier
2019-01-15 10:21:53,880 - INFO - Starting RandomForestClassifier
2019-01-15 10:40:27,936 - INFO - Starting XGBClassifier
2019-01-15 10:40:41,365 - INFO - Starting GradientBoostingClassifier
2019-01-15 10:41:12,672 - INFO - Starting AdaBoostClassifier
2019-01-15 10:41:52,876 - INFO - X columns for the regression model: ['forecast_error_diff_outlier_class', 'previous_error_diff_deviation', 'fe_better', 'pe_accurate', 'weekday', 'fe_worse', 'Medium', 'pips_agg_60_0_before', 'High', 'previous_error_diff_outlier_class', 'forecast_error_diff_deviation', 'year', 'volatility_60_0_before', 'pe_worse', 'new_id', 'week', 'pe_better', 'num_news', 'Low', 'fe_accurate']
2019-01-15 10:41:52,967 - INFO - Starting KNeighborsRegressor
2019-01-15 10:44:00,975 - INFO - Starting SVR - rbf
2019-01-15 10:47:46,981 - INFO - Starting DecisionTreeRegressor
2019-01-15 10:48:07,614 - INFO - Starting RandomForestRegressor
2019-01-15 11:15:51,019 - INFO - Starting XGBRegressor
2019-01-15 11:16:03,308 - INFO - Starting GradientBoostingRegressor
2019-01-15 11:16:25,708 - INFO - Starting AdaBoostRegressor
2019-01-15 11:16:40,087 - INFO - sweep done in: 61.05 min
2019-01-15 11:16:40,091 - INFO - #########################
2019-01-15 11:16:40,091 - INFO - 
2019-01-15 11:16:40,091 - INFO - Starting a new sweep, grouping news by: ALL_YES_3_2_1
2019-01-15 11:18:14,639 - INFO - Starting a new sweep with market features: basic
2019-01-15 11:18:14,639 - INFO - Starting a new sweep, features before the publication are: included
2019-01-15 11:18:14,639 - INFO - Starting a new sweep, delay in between buying-selling is: 0_180
2019-01-15 11:18:14,662 - INFO - Starting a new sweep for grid mode: basic
2019-01-15 11:18:14,663 - INFO - List of dynamic market fields: ['volatility_60_0_before', 'pips_agg_60_0_before', 'datetime', 'pips_candle_max_0_180_after']
2019-01-15 11:18:15,816 - INFO - X columns for the classification model: ['forecast_error_diff_outlier_class', 'previous_error_diff_deviation', 'fe_better', 'pe_accurate', 'weekday', 'fe_worse', 'Medium', 'pips_agg_60_0_before', 'High', 'previous_error_diff_outlier_class', 'forecast_error_diff_deviation', 'year', 'volatility_60_0_before', 'pe_worse', 'new_id', 'week', 'pe_better', 'num_news', 'Low', 'fe_accurate']
2019-01-15 11:18:15,816 - INFO - y dependent variable: reaction_max_0_180_after
2019-01-15 11:18:15,946 - INFO - Starting KNeighborsClassifier
2019-01-15 11:20:37,893 - INFO - Starting SVC - rbf
2019-01-15 11:24:40,347 - INFO - Starting DecisionTreeClassifier
2019-01-15 11:25:00,124 - INFO - Starting RandomForestClassifier
2019-01-15 11:43:47,857 - INFO - Starting XGBClassifier
2019-01-15 11:44:01,353 - INFO - Starting GradientBoostingClassifier
2019-01-15 11:44:32,621 - INFO - Starting AdaBoostClassifier
2019-01-15 11:45:09,293 - INFO - X columns for the regression model: ['forecast_error_diff_outlier_class', 'previous_error_diff_deviation', 'fe_better', 'pe_accurate', 'weekday', 'fe_worse', 'Medium', 'pips_agg_60_0_before', 'High', 'previous_error_diff_outlier_class', 'forecast_error_diff_deviation', 'year', 'volatility_60_0_before', 'pe_worse', 'new_id', 'week', 'pe_better', 'num_news', 'Low', 'fe_accurate']
2019-01-15 11:45:09,365 - INFO - Starting KNeighborsRegressor
2019-01-15 11:47:26,295 - INFO - Starting SVR - rbf
2019-01-15 11:50:56,877 - INFO - Starting DecisionTreeRegressor
2019-01-15 11:51:15,518 - INFO - Starting RandomForestRegressor
2019-01-15 12:20:25,172 - INFO - Starting XGBRegressor
2019-01-15 12:20:37,966 - INFO - Starting GradientBoostingRegressor
2019-01-15 12:21:02,905 - INFO - Starting AdaBoostRegressor
2019-01-15 12:21:34,054 - INFO - sweep done in: 63.32 min
2019-01-15 12:21:34,088 - INFO - Starting a new sweep for grid mode: basic
2019-01-15 12:21:34,088 - INFO - List of dynamic market fields: ['volatility_60_0_before', 'pips_agg_60_0_before', 'datetime', 'pips_candle_min_0_180_after']
2019-01-15 12:21:35,519 - INFO - X columns for the classification model: ['forecast_error_diff_outlier_class', 'previous_error_diff_deviation', 'fe_better', 'pe_accurate', 'weekday', 'fe_worse', 'Medium', 'pips_agg_60_0_before', 'High', 'previous_error_diff_outlier_class', 'forecast_error_diff_deviation', 'year', 'volatility_60_0_before', 'pe_worse', 'new_id', 'week', 'pe_better', 'num_news', 'Low', 'fe_accurate']
2019-01-15 12:21:35,519 - INFO - y dependent variable: reaction_min_0_180_after
2019-01-15 12:21:35,643 - INFO - Starting KNeighborsClassifier
2019-01-15 12:24:00,052 - INFO - Starting SVC - rbf
2019-01-15 12:28:00,165 - INFO - Starting DecisionTreeClassifier
2019-01-15 12:28:19,614 - INFO - Starting RandomForestClassifier
2019-01-15 12:46:38,813 - INFO - Starting XGBClassifier
2019-01-15 12:46:51,507 - INFO - Starting GradientBoostingClassifier
2019-01-15 12:47:22,846 - INFO - Starting AdaBoostClassifier
2019-01-15 12:47:59,599 - INFO - X columns for the regression model: ['forecast_error_diff_outlier_class', 'previous_error_diff_deviation', 'fe_better', 'pe_accurate', 'weekday', 'fe_worse', 'Medium', 'pips_agg_60_0_before', 'High', 'previous_error_diff_outlier_class', 'forecast_error_diff_deviation', 'year', 'volatility_60_0_before', 'pe_worse', 'new_id', 'week', 'pe_better', 'num_news', 'Low', 'fe_accurate']
2019-01-15 12:47:59,687 - INFO - Starting KNeighborsRegressor
2019-01-15 12:50:17,124 - INFO - Starting SVR - rbf
2019-01-15 12:53:51,544 - INFO - Starting DecisionTreeRegressor
2019-01-15 12:54:10,688 - INFO - Starting RandomForestRegressor
2019-01-15 13:23:48,237 - INFO - Starting XGBRegressor
2019-01-15 13:24:00,784 - INFO - Starting GradientBoostingRegressor
2019-01-15 13:24:24,174 - INFO - Starting AdaBoostRegressor
2019-01-15 13:24:46,239 - INFO - sweep done in: 63.20 min
2019-01-15 13:24:46,249 - INFO - #########################
2019-01-15 13:24:46,249 - INFO - 
2019-01-15 13:24:46,249 - INFO - Starting a new sweep, grouping news by: High_NO_1_1_1
2019-01-15 13:25:10,939 - INFO - Starting a new sweep with market features: basic
2019-01-15 13:25:10,939 - INFO - Starting a new sweep, features before the publication are: included
2019-01-15 13:25:10,939 - INFO - Starting a new sweep, delay in between buying-selling is: 0_180
2019-01-15 13:25:10,939 - INFO - Starting a new sweep for grid mode: basic
2019-01-15 13:25:10,940 - INFO - List of dynamic market fields: ['volatility_60_0_before', 'pips_agg_60_0_before', 'datetime', 'pips_candle_max_0_180_after']
2019-01-15 13:25:11,703 - INFO - X columns for the classification model: ['forecast_error_diff_outlier_class', 'previous_error_diff_deviation', 'fe_better', 'pe_accurate', 'weekday', 'fe_worse', 'pips_agg_60_0_before', 'High', 'previous_error_diff_outlier_class', 'forecast_error_diff_deviation', 'year', 'volatility_60_0_before', 'pe_worse', 'new_id', 'week', 'pe_better', 'num_news', 'fe_accurate']
2019-01-15 13:25:11,704 - INFO - y dependent variable: reaction_max_0_180_after
2019-01-15 13:25:11,741 - INFO - Starting KNeighborsClassifier
2019-01-15 13:25:54,868 - INFO - Starting SVC - rbf
2019-01-15 13:27:01,302 - INFO - Starting DecisionTreeClassifier
2019-01-15 13:27:11,806 - INFO - Starting RandomForestClassifier
2019-01-15 13:41:03,610 - INFO - Starting XGBClassifier
2019-01-15 13:41:10,955 - INFO - Starting GradientBoostingClassifier
2019-01-15 13:41:30,155 - INFO - Starting AdaBoostClassifier
2019-01-15 13:41:56,101 - INFO - X columns for the regression model: ['forecast_error_diff_outlier_class', 'previous_error_diff_deviation', 'fe_better', 'pe_accurate', 'weekday', 'fe_worse', 'pips_agg_60_0_before', 'High', 'previous_error_diff_outlier_class', 'forecast_error_diff_deviation', 'year', 'volatility_60_0_before', 'pe_worse', 'new_id', 'week', 'pe_better', 'num_news', 'fe_accurate']
2019-01-15 13:41:56,138 - INFO - Starting KNeighborsRegressor
2019-01-15 13:42:36,785 - INFO - Starting SVR - rbf
2019-01-15 13:43:38,929 - INFO - Starting DecisionTreeRegressor
2019-01-15 13:43:48,939 - INFO - Starting RandomForestRegressor
2019-01-15 14:01:22,986 - INFO - Starting XGBRegressor
2019-01-15 14:01:29,804 - INFO - Starting GradientBoostingRegressor
2019-01-15 14:01:43,013 - INFO - Starting AdaBoostRegressor
2019-01-15 14:02:04,287 - INFO - sweep done in: 36.89 min
2019-01-15 14:02:04,309 - INFO - Starting a new sweep for grid mode: basic
2019-01-15 14:02:04,310 - INFO - List of dynamic market fields: ['volatility_60_0_before', 'pips_agg_60_0_before', 'datetime', 'pips_candle_min_0_180_after']
2019-01-15 14:02:05,307 - INFO - X columns for the classification model: ['forecast_error_diff_outlier_class', 'previous_error_diff_deviation', 'fe_better', 'pe_accurate', 'weekday', 'fe_worse', 'pips_agg_60_0_before', 'High', 'previous_error_diff_outlier_class', 'forecast_error_diff_deviation', 'year', 'volatility_60_0_before', 'pe_worse', 'new_id', 'week', 'pe_better', 'num_news', 'fe_accurate']
2019-01-15 14:02:05,307 - INFO - y dependent variable: reaction_min_0_180_after
2019-01-15 14:02:05,374 - INFO - Starting KNeighborsClassifier
2019-01-15 14:02:49,669 - INFO - Starting SVC - rbf
2019-01-15 14:03:59,542 - INFO - Starting DecisionTreeClassifier
2019-01-15 14:04:10,372 - INFO - Starting RandomForestClassifier
2019-01-15 14:18:15,184 - INFO - Starting XGBClassifier
2019-01-15 14:18:22,527 - INFO - Starting GradientBoostingClassifier
2019-01-15 14:18:41,847 - INFO - Starting AdaBoostClassifier
2019-01-15 14:19:10,520 - INFO - X columns for the regression model: ['forecast_error_diff_outlier_class', 'previous_error_diff_deviation', 'fe_better', 'pe_accurate', 'weekday', 'fe_worse', 'pips_agg_60_0_before', 'High', 'previous_error_diff_outlier_class', 'forecast_error_diff_deviation', 'year', 'volatility_60_0_before', 'pe_worse', 'new_id', 'week', 'pe_better', 'num_news', 'fe_accurate']
2019-01-15 14:19:10,557 - INFO - Starting KNeighborsRegressor
2019-01-15 14:19:51,318 - INFO - Starting SVR - rbf
2019-01-15 14:20:54,657 - INFO - Starting DecisionTreeRegressor
2019-01-15 14:21:05,047 - INFO - Starting RandomForestRegressor
2019-01-15 14:39:01,266 - INFO - Starting XGBRegressor
2019-01-15 14:39:07,959 - INFO - Starting GradientBoostingRegressor
2019-01-15 14:39:21,297 - INFO - Starting AdaBoostRegressor
2019-01-15 14:39:39,656 - INFO - sweep done in: 37.59 min
2019-01-15 14:39:39,693 - INFO - #########################
2019-01-15 14:39:39,693 - INFO - 
2019-01-15 14:39:39,693 - INFO - Starting a new sweep, grouping news by: High_YES_1_1_1
2019-01-15 14:40:04,484 - INFO - Starting a new sweep with market features: basic
2019-01-15 14:40:04,485 - INFO - Starting a new sweep, features before the publication are: included
2019-01-15 14:40:04,485 - INFO - Starting a new sweep, delay in between buying-selling is: 0_180
2019-01-15 14:40:04,485 - INFO - Starting a new sweep for grid mode: basic
2019-01-15 14:40:04,485 - INFO - List of dynamic market fields: ['volatility_60_0_before', 'pips_agg_60_0_before', 'datetime', 'pips_candle_max_0_180_after']
2019-01-15 14:40:05,197 - INFO - X columns for the classification model: ['forecast_error_diff_outlier_class', 'previous_error_diff_deviation', 'fe_better', 'pe_accurate', 'weekday', 'fe_worse', 'pips_agg_60_0_before', 'High', 'previous_error_diff_outlier_class', 'forecast_error_diff_deviation', 'year', 'volatility_60_0_before', 'pe_worse', 'new_id', 'week', 'pe_better', 'num_news', 'fe_accurate']
2019-01-15 14:40:05,198 - INFO - y dependent variable: reaction_max_0_180_after
2019-01-15 14:40:05,245 - INFO - Starting KNeighborsClassifier
2019-01-15 14:40:40,160 - INFO - Starting SVC - rbf
2019-01-15 14:41:22,292 - INFO - Starting DecisionTreeClassifier
2019-01-15 14:41:30,369 - INFO - Starting RandomForestClassifier
2019-01-15 14:53:59,184 - INFO - Starting XGBClassifier
2019-01-15 14:54:04,762 - INFO - Starting GradientBoostingClassifier
2019-01-15 14:54:20,814 - INFO - Starting AdaBoostClassifier
2019-01-15 14:54:43,759 - INFO - X columns for the regression model: ['forecast_error_diff_outlier_class', 'previous_error_diff_deviation', 'fe_better', 'pe_accurate', 'weekday', 'fe_worse', 'pips_agg_60_0_before', 'High', 'previous_error_diff_outlier_class', 'forecast_error_diff_deviation', 'year', 'volatility_60_0_before', 'pe_worse', 'new_id', 'week', 'pe_better', 'num_news', 'fe_accurate']
2019-01-15 14:54:43,800 - INFO - Starting KNeighborsRegressor
2019-01-15 14:55:16,657 - INFO - Starting SVR - rbf
2019-01-15 14:55:56,895 - INFO - Starting DecisionTreeRegressor
2019-01-15 14:56:04,676 - INFO - Starting RandomForestRegressor
2019-01-15 15:10:14,339 - INFO - Starting XGBRegressor
2019-01-15 15:10:19,989 - INFO - Starting GradientBoostingRegressor
2019-01-15 15:10:30,163 - INFO - Starting AdaBoostRegressor
2019-01-15 15:10:45,352 - INFO - sweep done in: 30.68 min
2019-01-15 15:10:45,376 - INFO - Starting a new sweep for grid mode: basic
2019-01-15 15:10:45,376 - INFO - List of dynamic market fields: ['volatility_60_0_before', 'pips_agg_60_0_before', 'datetime', 'pips_candle_min_0_180_after']
2019-01-15 15:10:46,067 - INFO - X columns for the classification model: ['forecast_error_diff_outlier_class', 'previous_error_diff_deviation', 'fe_better', 'pe_accurate', 'weekday', 'fe_worse', 'pips_agg_60_0_before', 'High', 'previous_error_diff_outlier_class', 'forecast_error_diff_deviation', 'year', 'volatility_60_0_before', 'pe_worse', 'new_id', 'week', 'pe_better', 'num_news', 'fe_accurate']
2019-01-15 15:10:46,067 - INFO - y dependent variable: reaction_min_0_180_after
2019-01-15 15:10:46,101 - INFO - Starting KNeighborsClassifier
2019-01-15 15:11:21,397 - INFO - Starting SVC - rbf
2019-01-15 15:12:06,874 - INFO - Starting DecisionTreeClassifier
2019-01-15 15:12:15,233 - INFO - Starting RandomForestClassifier
2019-01-15 15:25:19,766 - INFO - Starting XGBClassifier
2019-01-15 15:25:25,044 - INFO - Starting GradientBoostingClassifier
2019-01-15 15:25:41,342 - INFO - Starting AdaBoostClassifier
2019-01-15 15:26:06,808 - INFO - X columns for the regression model: ['forecast_error_diff_outlier_class', 'previous_error_diff_deviation', 'fe_better', 'pe_accurate', 'weekday', 'fe_worse', 'pips_agg_60_0_before', 'High', 'previous_error_diff_outlier_class', 'forecast_error_diff_deviation', 'year', 'volatility_60_0_before', 'pe_worse', 'new_id', 'week', 'pe_better', 'num_news', 'fe_accurate']
2019-01-15 15:26:06,842 - INFO - Starting KNeighborsRegressor
2019-01-15 15:26:39,588 - INFO - Starting SVR - rbf
2019-01-15 15:27:19,694 - INFO - Starting DecisionTreeRegressor
2019-01-15 15:27:27,597 - INFO - Starting RandomForestRegressor
2019-01-15 15:41:37,757 - INFO - Starting XGBRegressor
2019-01-15 15:41:43,150 - INFO - Starting GradientBoostingRegressor
2019-01-15 15:41:53,699 - INFO - Starting AdaBoostRegressor
2019-01-15 15:42:00,818 - INFO - sweep done in: 31.26 min
