2019-01-15 02:57:11,737 - INFO - #########################
2019-01-15 02:57:11,737 - INFO - 
2019-01-15 02:57:11,737 - INFO - Starting a new sweep, grouping news by: ALL_NO_1_1_1
2019-01-15 02:59:07,775 - INFO - Starting a new sweep with market features: basic
2019-01-15 02:59:07,775 - INFO - Starting a new sweep, features before the publication are: included
2019-01-15 02:59:07,775 - INFO - Starting a new sweep, delay in between buying-selling is: 30_180
2019-01-15 02:59:07,775 - INFO - Starting a new sweep for grid mode: basic
2019-01-15 02:59:07,775 - INFO - List of dynamic market fields: ['volatility_0_5_after', 'pips_candle_0_5_after', 'volatility_5_10_after', 'pips_candle_5_10_after', 'volatility_10_15_after', 'pips_candle_10_15_after', 'volatility_15_20_after', 'pips_candle_15_20_after', 'volatility_20_25_after', 'pips_candle_20_25_after', 'volatility_25_30_after', 'pips_candle_25_30_after', 'volatility_60_0_before', 'pips_agg_60_0_before', 'datetime', 'pips_candle_max_30_180_after']
2019-01-15 02:59:10,424 - INFO - X columns for the classification model: ['fe_worse', 'volatility_20_25_after', 'pips_candle_5_10_after', 'Low', 'volatility_15_20_after', 'forecast_error_diff_outlier_class', 'fe_better', 'previous_error_diff_deviation', 'pe_accurate', 'new_id', 'volatility_0_5_after', 'pips_candle_20_25_after', 'forecast_error_diff_deviation', 'volatility_10_15_after', 'Medium', 'year', 'weekday', 'pips_candle_25_30_after', 'pe_worse', 'High', 'pips_candle_0_5_after', 'pips_candle_15_20_after', 'pips_agg_60_0_before', 'week', 'pips_candle_10_15_after', 'num_news', 'volatility_60_0_before', 'volatility_25_30_after', 'fe_accurate', 'volatility_5_10_after', 'previous_error_diff_outlier_class', 'pe_better']
2019-01-15 02:59:10,504 - INFO - y dependent variable: reaction_max_30_180_after
2019-01-15 02:59:10,725 - INFO - Starting KNeighborsClassifier
2019-01-15 03:08:21,053 - INFO - Starting SVC - rbf
2019-01-15 03:19:23,653 - INFO - Starting DecisionTreeClassifier
2019-01-15 03:20:10,968 - INFO - Starting RandomForestClassifier
2019-01-15 03:49:45,229 - INFO - Starting XGBClassifier
2019-01-15 03:50:15,654 - INFO - Starting GradientBoostingClassifier
2019-01-15 03:51:25,298 - INFO - Starting AdaBoostClassifier
2019-01-15 03:52:32,569 - INFO - X columns for the regression model: ['fe_worse', 'volatility_20_25_after', 'pips_candle_5_10_after', 'Low', 'volatility_15_20_after', 'forecast_error_diff_outlier_class', 'fe_better', 'previous_error_diff_deviation', 'pe_accurate', 'new_id', 'volatility_0_5_after', 'pips_candle_20_25_after', 'forecast_error_diff_deviation', 'volatility_10_15_after', 'Medium', 'year', 'weekday', 'pips_candle_25_30_after', 'pe_worse', 'High', 'pips_candle_0_5_after', 'pips_candle_15_20_after', 'pips_agg_60_0_before', 'week', 'pips_candle_10_15_after', 'num_news', 'volatility_60_0_before', 'volatility_25_30_after', 'fe_accurate', 'volatility_5_10_after', 'previous_error_diff_outlier_class', 'pe_better']
2019-01-15 03:52:32,767 - INFO - Starting KNeighborsRegressor
2019-01-15 04:00:08,214 - INFO - Starting SVR - rbf
2019-01-15 04:10:14,669 - INFO - Starting DecisionTreeRegressor
2019-01-15 04:11:00,933 - INFO - Starting RandomForestRegressor
2019-01-15 05:19:06,649 - INFO - Starting XGBRegressor
2019-01-15 05:19:32,698 - INFO - Starting GradientBoostingRegressor
2019-01-15 05:20:31,287 - INFO - Starting AdaBoostRegressor
2019-01-15 05:21:54,165 - INFO - sweep done in: 142.77 min
2019-01-15 05:21:54,167 - INFO - Starting a new sweep for grid mode: basic
2019-01-15 05:21:54,168 - INFO - List of dynamic market fields: ['volatility_0_5_after', 'pips_candle_0_5_after', 'volatility_5_10_after', 'pips_candle_5_10_after', 'volatility_10_15_after', 'pips_candle_10_15_after', 'volatility_15_20_after', 'pips_candle_15_20_after', 'volatility_20_25_after', 'pips_candle_20_25_after', 'volatility_25_30_after', 'pips_candle_25_30_after', 'volatility_60_0_before', 'pips_agg_60_0_before', 'datetime', 'pips_candle_min_30_180_after']
2019-01-15 05:21:56,593 - INFO - X columns for the classification model: ['fe_worse', 'volatility_20_25_after', 'pips_candle_5_10_after', 'Low', 'volatility_15_20_after', 'forecast_error_diff_outlier_class', 'fe_better', 'previous_error_diff_deviation', 'pe_accurate', 'new_id', 'volatility_0_5_after', 'pips_candle_20_25_after', 'forecast_error_diff_deviation', 'volatility_10_15_after', 'Medium', 'year', 'weekday', 'pips_candle_25_30_after', 'pe_worse', 'High', 'pips_candle_0_5_after', 'pips_candle_15_20_after', 'pips_agg_60_0_before', 'week', 'pips_candle_10_15_after', 'num_news', 'volatility_60_0_before', 'volatility_25_30_after', 'fe_accurate', 'volatility_5_10_after', 'previous_error_diff_outlier_class', 'pe_better']
2019-01-15 05:21:56,593 - INFO - y dependent variable: reaction_min_30_180_after
2019-01-15 05:21:56,787 - INFO - Starting KNeighborsClassifier
2019-01-15 05:28:46,929 - INFO - Starting SVC - rbf
2019-01-15 05:38:23,971 - INFO - Starting DecisionTreeClassifier
2019-01-15 05:39:07,258 - INFO - Starting RandomForestClassifier
2019-01-15 06:06:21,764 - INFO - Starting XGBClassifier
2019-01-15 06:06:50,077 - INFO - Starting GradientBoostingClassifier
2019-01-15 06:08:01,707 - INFO - Starting AdaBoostClassifier
2019-01-15 06:09:08,614 - INFO - X columns for the regression model: ['fe_worse', 'volatility_20_25_after', 'pips_candle_5_10_after', 'Low', 'volatility_15_20_after', 'forecast_error_diff_outlier_class', 'fe_better', 'previous_error_diff_deviation', 'pe_accurate', 'new_id', 'volatility_0_5_after', 'pips_candle_20_25_after', 'forecast_error_diff_deviation', 'volatility_10_15_after', 'Medium', 'year', 'weekday', 'pips_candle_25_30_after', 'pe_worse', 'High', 'pips_candle_0_5_after', 'pips_candle_15_20_after', 'pips_agg_60_0_before', 'week', 'pips_candle_10_15_after', 'num_news', 'volatility_60_0_before', 'volatility_25_30_after', 'fe_accurate', 'volatility_5_10_after', 'previous_error_diff_outlier_class', 'pe_better']
2019-01-15 06:09:08,814 - INFO - Starting KNeighborsRegressor
2019-01-15 06:16:34,538 - INFO - Starting SVR - rbf
2019-01-15 06:25:49,232 - INFO - Starting DecisionTreeRegressor
2019-01-15 06:26:31,585 - INFO - Starting RandomForestRegressor
2019-01-15 07:33:24,802 - INFO - Starting XGBRegressor
2019-01-15 07:33:51,724 - INFO - Starting GradientBoostingRegressor
2019-01-15 07:34:44,109 - INFO - Starting AdaBoostRegressor
2019-01-15 07:35:52,030 - INFO - sweep done in: 133.96 min
2019-01-15 07:35:52,058 - INFO - Starting a new sweep with market features: all
2019-01-15 07:35:52,058 - INFO - Starting a new sweep, features before the publication are: included
2019-01-15 07:35:52,058 - INFO - Starting a new sweep, delay in between buying-selling is: 30_180
2019-01-15 07:35:52,058 - INFO - Starting a new sweep for grid mode: basic
2019-01-15 07:35:52,058 - INFO - List of dynamic market fields: ['volatility_0_5_after', 'pips_candle_0_5_after', 'volatility_5_10_after', 'pips_candle_5_10_after', 'volatility_10_15_after', 'pips_candle_10_15_after', 'volatility_15_20_after', 'pips_candle_15_20_after', 'volatility_20_25_after', 'pips_candle_20_25_after', 'volatility_25_30_after', 'pips_candle_25_30_after', 'volatility_60_0_before', 'pips_agg_60_0_before', 'datetime', 'pips_candle_max_30_180_after']
2019-01-15 07:35:54,171 - INFO - X columns for the classification model: ['fe_worse', 'volatility_20_25_after', 'pips_candle_5_10_after', 'Low', 'volatility_15_20_after', 'forecast_error_diff_outlier_class', 'fe_better', 'previous_error_diff_deviation', 'pe_accurate', 'new_id', 'volatility_0_5_after', 'pips_candle_20_25_after', 'forecast_error_diff_deviation', 'volatility_10_15_after', 'Medium', 'year', 'weekday', 'pips_candle_25_30_after', 'pe_worse', 'High', 'pips_candle_0_5_after', 'pips_candle_15_20_after', 'pips_agg_60_0_before', 'week', 'pips_candle_10_15_after', 'num_news', 'volatility_60_0_before', 'volatility_25_30_after', 'fe_accurate', 'volatility_5_10_after', 'previous_error_diff_outlier_class', 'pe_better']
2019-01-15 07:35:54,171 - INFO - y dependent variable: reaction_max_30_180_after
2019-01-15 07:35:54,366 - INFO - Starting KNeighborsClassifier
2019-01-15 07:42:29,327 - INFO - Starting SVC - rbf
2019-01-15 07:52:30,170 - INFO - Starting DecisionTreeClassifier
2019-01-15 07:53:13,421 - INFO - Starting RandomForestClassifier
2019-01-15 08:21:05,699 - INFO - Starting XGBClassifier
2019-01-15 08:21:34,247 - INFO - Starting GradientBoostingClassifier
2019-01-15 08:22:37,973 - INFO - Starting AdaBoostClassifier
2019-01-15 08:23:42,649 - INFO - X columns for the regression model: ['fe_worse', 'volatility_20_25_after', 'pips_candle_5_10_after', 'Low', 'volatility_15_20_after', 'forecast_error_diff_outlier_class', 'fe_better', 'previous_error_diff_deviation', 'pe_accurate', 'new_id', 'volatility_0_5_after', 'pips_candle_20_25_after', 'forecast_error_diff_deviation', 'volatility_10_15_after', 'Medium', 'year', 'weekday', 'pips_candle_25_30_after', 'pe_worse', 'High', 'pips_candle_0_5_after', 'pips_candle_15_20_after', 'pips_agg_60_0_before', 'week', 'pips_candle_10_15_after', 'num_news', 'volatility_60_0_before', 'volatility_25_30_after', 'fe_accurate', 'volatility_5_10_after', 'previous_error_diff_outlier_class', 'pe_better']
2019-01-15 08:23:42,823 - INFO - Starting KNeighborsRegressor
2019-01-15 08:31:08,492 - INFO - Starting SVR - rbf
2019-01-15 08:40:13,303 - INFO - Starting DecisionTreeRegressor
2019-01-15 08:40:55,022 - INFO - Starting RandomForestRegressor
2019-01-15 09:47:54,906 - INFO - Starting XGBRegressor
2019-01-15 09:48:20,746 - INFO - Starting GradientBoostingRegressor
2019-01-15 09:49:15,169 - INFO - Starting AdaBoostRegressor
2019-01-15 09:50:33,022 - INFO - sweep done in: 134.68 min
2019-01-15 09:50:33,025 - INFO - Starting a new sweep for grid mode: basic
2019-01-15 09:50:33,025 - INFO - List of dynamic market fields: ['volatility_0_5_after', 'pips_candle_0_5_after', 'volatility_5_10_after', 'pips_candle_5_10_after', 'volatility_10_15_after', 'pips_candle_10_15_after', 'volatility_15_20_after', 'pips_candle_15_20_after', 'volatility_20_25_after', 'pips_candle_20_25_after', 'volatility_25_30_after', 'pips_candle_25_30_after', 'volatility_60_0_before', 'pips_agg_60_0_before', 'datetime', 'pips_candle_min_30_180_after']
2019-01-15 09:50:35,368 - INFO - X columns for the classification model: ['fe_worse', 'volatility_20_25_after', 'pips_candle_5_10_after', 'Low', 'volatility_15_20_after', 'forecast_error_diff_outlier_class', 'fe_better', 'previous_error_diff_deviation', 'pe_accurate', 'new_id', 'volatility_0_5_after', 'pips_candle_20_25_after', 'forecast_error_diff_deviation', 'volatility_10_15_after', 'Medium', 'year', 'weekday', 'pips_candle_25_30_after', 'pe_worse', 'High', 'pips_candle_0_5_after', 'pips_candle_15_20_after', 'pips_agg_60_0_before', 'week', 'pips_candle_10_15_after', 'num_news', 'volatility_60_0_before', 'volatility_25_30_after', 'fe_accurate', 'volatility_5_10_after', 'previous_error_diff_outlier_class', 'pe_better']
2019-01-15 09:50:35,369 - INFO - y dependent variable: reaction_min_30_180_after
2019-01-15 09:50:35,555 - INFO - Starting KNeighborsClassifier
2019-01-15 09:57:07,861 - INFO - Starting SVC - rbf
2019-01-15 10:06:26,379 - INFO - Starting DecisionTreeClassifier
2019-01-15 10:07:08,975 - INFO - Starting RandomForestClassifier
2019-01-15 10:34:10,205 - INFO - Starting XGBClassifier
2019-01-15 10:34:38,456 - INFO - Starting GradientBoostingClassifier
2019-01-15 10:35:48,281 - INFO - Starting AdaBoostClassifier
2019-01-15 10:36:54,773 - INFO - X columns for the regression model: ['fe_worse', 'volatility_20_25_after', 'pips_candle_5_10_after', 'Low', 'volatility_15_20_after', 'forecast_error_diff_outlier_class', 'fe_better', 'previous_error_diff_deviation', 'pe_accurate', 'new_id', 'volatility_0_5_after', 'pips_candle_20_25_after', 'forecast_error_diff_deviation', 'volatility_10_15_after', 'Medium', 'year', 'weekday', 'pips_candle_25_30_after', 'pe_worse', 'High', 'pips_candle_0_5_after', 'pips_candle_15_20_after', 'pips_agg_60_0_before', 'week', 'pips_candle_10_15_after', 'num_news', 'volatility_60_0_before', 'volatility_25_30_after', 'fe_accurate', 'volatility_5_10_after', 'previous_error_diff_outlier_class', 'pe_better']
2019-01-15 10:36:54,931 - INFO - Starting KNeighborsRegressor
2019-01-15 10:44:28,517 - INFO - Starting SVR - rbf
2019-01-15 10:53:52,577 - INFO - Starting DecisionTreeRegressor
2019-01-15 10:54:34,230 - INFO - Starting RandomForestRegressor
2019-01-15 12:01:33,300 - INFO - Starting XGBRegressor
2019-01-15 12:02:00,300 - INFO - Starting GradientBoostingRegressor
2019-01-15 12:02:52,720 - INFO - Starting AdaBoostRegressor
2019-01-15 12:04:00,202 - INFO - sweep done in: 133.45 min
2019-01-15 12:04:00,234 - INFO - #########################
2019-01-15 12:04:00,234 - INFO - 
2019-01-15 12:04:00,234 - INFO - Starting a new sweep, grouping news by: ALL_NO_3_2_1
2019-01-15 12:05:34,234 - INFO - Starting a new sweep with market features: basic
2019-01-15 12:05:34,234 - INFO - Starting a new sweep, features before the publication are: included
2019-01-15 12:05:34,234 - INFO - Starting a new sweep, delay in between buying-selling is: 30_180
2019-01-15 12:05:34,234 - INFO - Starting a new sweep for grid mode: basic
2019-01-15 12:05:34,234 - INFO - List of dynamic market fields: ['volatility_0_5_after', 'pips_candle_0_5_after', 'volatility_5_10_after', 'pips_candle_5_10_after', 'volatility_10_15_after', 'pips_candle_10_15_after', 'volatility_15_20_after', 'pips_candle_15_20_after', 'volatility_20_25_after', 'pips_candle_20_25_after', 'volatility_25_30_after', 'pips_candle_25_30_after', 'volatility_60_0_before', 'pips_agg_60_0_before', 'datetime', 'pips_candle_max_30_180_after']
2019-01-15 12:05:36,535 - INFO - X columns for the classification model: ['fe_worse', 'volatility_20_25_after', 'pips_candle_5_10_after', 'Low', 'volatility_15_20_after', 'forecast_error_diff_outlier_class', 'fe_better', 'previous_error_diff_deviation', 'pe_accurate', 'new_id', 'volatility_0_5_after', 'pips_candle_20_25_after', 'forecast_error_diff_deviation', 'volatility_10_15_after', 'Medium', 'year', 'weekday', 'pips_candle_25_30_after', 'pe_worse', 'High', 'pips_candle_0_5_after', 'pips_candle_15_20_after', 'pips_agg_60_0_before', 'week', 'pips_candle_10_15_after', 'num_news', 'volatility_60_0_before', 'volatility_25_30_after', 'fe_accurate', 'volatility_5_10_after', 'previous_error_diff_outlier_class', 'pe_better']
2019-01-15 12:05:36,535 - INFO - y dependent variable: reaction_max_30_180_after
2019-01-15 12:05:36,768 - INFO - Starting KNeighborsClassifier
2019-01-15 12:12:12,682 - INFO - Starting SVC - rbf
2019-01-15 12:21:45,391 - INFO - Starting DecisionTreeClassifier
2019-01-15 12:22:28,927 - INFO - Starting RandomForestClassifier
2019-01-15 12:49:44,035 - INFO - Starting XGBClassifier
2019-01-15 12:50:09,225 - INFO - Starting GradientBoostingClassifier
2019-01-15 12:51:13,691 - INFO - Starting AdaBoostClassifier
2019-01-15 12:52:18,863 - INFO - X columns for the regression model: ['fe_worse', 'volatility_20_25_after', 'pips_candle_5_10_after', 'Low', 'volatility_15_20_after', 'forecast_error_diff_outlier_class', 'fe_better', 'previous_error_diff_deviation', 'pe_accurate', 'new_id', 'volatility_0_5_after', 'pips_candle_20_25_after', 'forecast_error_diff_deviation', 'volatility_10_15_after', 'Medium', 'year', 'weekday', 'pips_candle_25_30_after', 'pe_worse', 'High', 'pips_candle_0_5_after', 'pips_candle_15_20_after', 'pips_agg_60_0_before', 'week', 'pips_candle_10_15_after', 'num_news', 'volatility_60_0_before', 'volatility_25_30_after', 'fe_accurate', 'volatility_5_10_after', 'previous_error_diff_outlier_class', 'pe_better']
2019-01-15 12:52:19,052 - INFO - Starting KNeighborsRegressor
2019-01-15 12:59:17,564 - INFO - Starting SVR - rbf
2019-01-15 13:08:25,041 - INFO - Starting DecisionTreeRegressor
2019-01-15 13:09:10,016 - INFO - Starting RandomForestRegressor
2019-01-15 14:18:43,646 - INFO - Starting XGBRegressor
2019-01-15 14:19:09,435 - INFO - Starting GradientBoostingRegressor
2019-01-15 14:20:04,060 - INFO - Starting AdaBoostRegressor
2019-01-15 14:21:04,189 - INFO - sweep done in: 135.50 min
2019-01-15 14:21:04,225 - INFO - Starting a new sweep for grid mode: basic
2019-01-15 14:21:04,225 - INFO - List of dynamic market fields: ['volatility_0_5_after', 'pips_candle_0_5_after', 'volatility_5_10_after', 'pips_candle_5_10_after', 'volatility_10_15_after', 'pips_candle_10_15_after', 'volatility_15_20_after', 'pips_candle_15_20_after', 'volatility_20_25_after', 'pips_candle_20_25_after', 'volatility_25_30_after', 'pips_candle_25_30_after', 'volatility_60_0_before', 'pips_agg_60_0_before', 'datetime', 'pips_candle_min_30_180_after']
2019-01-15 14:21:06,448 - INFO - X columns for the classification model: ['fe_worse', 'volatility_20_25_after', 'pips_candle_5_10_after', 'Low', 'volatility_15_20_after', 'forecast_error_diff_outlier_class', 'fe_better', 'previous_error_diff_deviation', 'pe_accurate', 'new_id', 'volatility_0_5_after', 'pips_candle_20_25_after', 'forecast_error_diff_deviation', 'volatility_10_15_after', 'Medium', 'year', 'weekday', 'pips_candle_25_30_after', 'pe_worse', 'High', 'pips_candle_0_5_after', 'pips_candle_15_20_after', 'pips_agg_60_0_before', 'week', 'pips_candle_10_15_after', 'num_news', 'volatility_60_0_before', 'volatility_25_30_after', 'fe_accurate', 'volatility_5_10_after', 'previous_error_diff_outlier_class', 'pe_better']
2019-01-15 14:21:06,448 - INFO - y dependent variable: reaction_min_30_180_after
2019-01-15 14:21:06,636 - INFO - Starting KNeighborsClassifier
2019-01-15 14:27:52,445 - INFO - Starting SVC - rbf
2019-01-15 14:37:14,900 - INFO - Starting DecisionTreeClassifier
2019-01-15 14:37:58,098 - INFO - Starting RandomForestClassifier
2019-01-15 15:05:02,699 - INFO - Starting XGBClassifier
2019-01-15 15:05:30,666 - INFO - Starting GradientBoostingClassifier
2019-01-15 15:06:35,749 - INFO - Starting AdaBoostClassifier
2019-01-15 15:07:39,527 - INFO - X columns for the regression model: ['fe_worse', 'volatility_20_25_after', 'pips_candle_5_10_after', 'Low', 'volatility_15_20_after', 'forecast_error_diff_outlier_class', 'fe_better', 'previous_error_diff_deviation', 'pe_accurate', 'new_id', 'volatility_0_5_after', 'pips_candle_20_25_after', 'forecast_error_diff_deviation', 'volatility_10_15_after', 'Medium', 'year', 'weekday', 'pips_candle_25_30_after', 'pe_worse', 'High', 'pips_candle_0_5_after', 'pips_candle_15_20_after', 'pips_agg_60_0_before', 'week', 'pips_candle_10_15_after', 'num_news', 'volatility_60_0_before', 'volatility_25_30_after', 'fe_accurate', 'volatility_5_10_after', 'previous_error_diff_outlier_class', 'pe_better']
2019-01-15 15:07:39,723 - INFO - Starting KNeighborsRegressor
2019-01-15 15:14:12,360 - INFO - Starting SVR - rbf
2019-01-15 15:23:10,215 - INFO - Starting DecisionTreeRegressor
2019-01-15 15:23:52,538 - INFO - Starting RandomForestRegressor
2019-01-15 16:16:06,299 - INFO - Starting XGBRegressor
2019-01-15 16:16:24,035 - INFO - Starting GradientBoostingRegressor
2019-01-15 16:17:01,795 - INFO - Starting AdaBoostRegressor
2019-01-15 16:17:45,390 - INFO - sweep done in: 116.69 min
2019-01-15 16:17:45,395 - INFO - Starting a new sweep with market features: all
2019-01-15 16:17:45,396 - INFO - Starting a new sweep, features before the publication are: included
2019-01-15 16:17:45,396 - INFO - Starting a new sweep, delay in between buying-selling is: 30_180
2019-01-15 16:17:45,396 - INFO - Starting a new sweep for grid mode: basic
2019-01-15 16:17:45,396 - INFO - List of dynamic market fields: ['volatility_0_5_after', 'pips_candle_0_5_after', 'volatility_5_10_after', 'pips_candle_5_10_after', 'volatility_10_15_after', 'pips_candle_10_15_after', 'volatility_15_20_after', 'pips_candle_15_20_after', 'volatility_20_25_after', 'pips_candle_20_25_after', 'volatility_25_30_after', 'pips_candle_25_30_after', 'volatility_60_0_before', 'pips_agg_60_0_before', 'datetime', 'pips_candle_max_30_180_after']
2019-01-15 16:17:47,047 - INFO - X columns for the classification model: ['fe_worse', 'volatility_20_25_after', 'pips_candle_5_10_after', 'Low', 'volatility_15_20_after', 'forecast_error_diff_outlier_class', 'fe_better', 'previous_error_diff_deviation', 'pe_accurate', 'new_id', 'volatility_0_5_after', 'pips_candle_20_25_after', 'forecast_error_diff_deviation', 'volatility_10_15_after', 'Medium', 'year', 'weekday', 'pips_candle_25_30_after', 'pe_worse', 'High', 'pips_candle_0_5_after', 'pips_candle_15_20_after', 'pips_agg_60_0_before', 'week', 'pips_candle_10_15_after', 'num_news', 'volatility_60_0_before', 'volatility_25_30_after', 'fe_accurate', 'volatility_5_10_after', 'previous_error_diff_outlier_class', 'pe_better']
2019-01-15 16:17:47,047 - INFO - y dependent variable: reaction_max_30_180_after
2019-01-15 16:17:47,188 - INFO - Starting KNeighborsClassifier
2019-01-15 16:22:18,765 - INFO - Starting SVC - rbf
2019-01-15 16:28:29,869 - INFO - Starting DecisionTreeClassifier
2019-01-15 16:28:57,641 - INFO - Starting RandomForestClassifier
2019-01-15 16:45:07,412 - INFO - Starting XGBClassifier
2019-01-15 16:45:22,190 - INFO - Starting GradientBoostingClassifier
2019-01-15 16:45:59,199 - INFO - Starting AdaBoostClassifier
2019-01-15 16:46:36,385 - INFO - X columns for the regression model: ['fe_worse', 'volatility_20_25_after', 'pips_candle_5_10_after', 'Low', 'volatility_15_20_after', 'forecast_error_diff_outlier_class', 'fe_better', 'previous_error_diff_deviation', 'pe_accurate', 'new_id', 'volatility_0_5_after', 'pips_candle_20_25_after', 'forecast_error_diff_deviation', 'volatility_10_15_after', 'Medium', 'year', 'weekday', 'pips_candle_25_30_after', 'pe_worse', 'High', 'pips_candle_0_5_after', 'pips_candle_15_20_after', 'pips_agg_60_0_before', 'week', 'pips_candle_10_15_after', 'num_news', 'volatility_60_0_before', 'volatility_25_30_after', 'fe_accurate', 'volatility_5_10_after', 'previous_error_diff_outlier_class', 'pe_better']
2019-01-15 16:46:36,502 - INFO - Starting KNeighborsRegressor
2019-01-15 16:50:40,132 - INFO - Starting SVR - rbf
2019-01-15 16:56:08,196 - INFO - Starting DecisionTreeRegressor
2019-01-15 16:56:33,369 - INFO - Starting RandomForestRegressor
2019-01-15 17:37:42,481 - INFO - Starting XGBRegressor
2019-01-15 17:37:58,257 - INFO - Starting GradientBoostingRegressor
2019-01-15 17:38:32,052 - INFO - Starting AdaBoostRegressor
2019-01-15 17:39:08,819 - INFO - sweep done in: 81.39 min
2019-01-15 17:39:08,829 - INFO - Starting a new sweep for grid mode: basic
2019-01-15 17:39:08,829 - INFO - List of dynamic market fields: ['volatility_0_5_after', 'pips_candle_0_5_after', 'volatility_5_10_after', 'pips_candle_5_10_after', 'volatility_10_15_after', 'pips_candle_10_15_after', 'volatility_15_20_after', 'pips_candle_15_20_after', 'volatility_20_25_after', 'pips_candle_20_25_after', 'volatility_25_30_after', 'pips_candle_25_30_after', 'volatility_60_0_before', 'pips_agg_60_0_before', 'datetime', 'pips_candle_min_30_180_after']
2019-01-15 17:39:10,359 - INFO - X columns for the classification model: ['fe_worse', 'volatility_20_25_after', 'pips_candle_5_10_after', 'Low', 'volatility_15_20_after', 'forecast_error_diff_outlier_class', 'fe_better', 'previous_error_diff_deviation', 'pe_accurate', 'new_id', 'volatility_0_5_after', 'pips_candle_20_25_after', 'forecast_error_diff_deviation', 'volatility_10_15_after', 'Medium', 'year', 'weekday', 'pips_candle_25_30_after', 'pe_worse', 'High', 'pips_candle_0_5_after', 'pips_candle_15_20_after', 'pips_agg_60_0_before', 'week', 'pips_candle_10_15_after', 'num_news', 'volatility_60_0_before', 'volatility_25_30_after', 'fe_accurate', 'volatility_5_10_after', 'previous_error_diff_outlier_class', 'pe_better']
2019-01-15 17:39:10,359 - INFO - y dependent variable: reaction_min_30_180_after
2019-01-15 17:39:10,471 - INFO - Starting KNeighborsClassifier
2019-01-15 17:44:15,008 - INFO - Starting SVC - rbf
2019-01-15 17:50:16,694 - INFO - Starting DecisionTreeClassifier
2019-01-15 17:50:42,594 - INFO - Starting RandomForestClassifier
2019-01-15 18:06:47,467 - INFO - Starting XGBClassifier
2019-01-15 18:07:03,915 - INFO - Starting GradientBoostingClassifier
2019-01-15 18:07:42,761 - INFO - Starting AdaBoostClassifier
2019-01-15 18:08:20,923 - INFO - X columns for the regression model: ['fe_worse', 'volatility_20_25_after', 'pips_candle_5_10_after', 'Low', 'volatility_15_20_after', 'forecast_error_diff_outlier_class', 'fe_better', 'previous_error_diff_deviation', 'pe_accurate', 'new_id', 'volatility_0_5_after', 'pips_candle_20_25_after', 'forecast_error_diff_deviation', 'volatility_10_15_after', 'Medium', 'year', 'weekday', 'pips_candle_25_30_after', 'pe_worse', 'High', 'pips_candle_0_5_after', 'pips_candle_15_20_after', 'pips_agg_60_0_before', 'week', 'pips_candle_10_15_after', 'num_news', 'volatility_60_0_before', 'volatility_25_30_after', 'fe_accurate', 'volatility_5_10_after', 'previous_error_diff_outlier_class', 'pe_better']
2019-01-15 18:08:21,028 - INFO - Starting KNeighborsRegressor
2019-01-15 18:12:24,858 - INFO - Starting SVR - rbf
2019-01-15 18:17:54,564 - INFO - Starting DecisionTreeRegressor
2019-01-15 18:18:20,005 - INFO - Starting RandomForestRegressor
2019-01-15 18:59:23,260 - INFO - Starting XGBRegressor
2019-01-15 18:59:39,416 - INFO - Starting GradientBoostingRegressor
2019-01-15 19:00:12,418 - INFO - Starting AdaBoostRegressor
2019-01-15 19:00:52,602 - INFO - sweep done in: 81.73 min
2019-01-15 19:00:52,612 - INFO - #########################
2019-01-15 19:00:52,612 - INFO - 
2019-01-15 19:00:52,612 - INFO - Starting a new sweep, grouping news by: ALL_YES_1_1_1
2019-01-15 19:01:47,871 - INFO - Starting a new sweep with market features: basic
2019-01-15 19:01:47,871 - INFO - Starting a new sweep, features before the publication are: included
2019-01-15 19:01:47,872 - INFO - Starting a new sweep, delay in between buying-selling is: 30_180
2019-01-15 19:01:47,872 - INFO - Starting a new sweep for grid mode: basic
2019-01-15 19:01:47,872 - INFO - List of dynamic market fields: ['volatility_0_5_after', 'pips_candle_0_5_after', 'volatility_5_10_after', 'pips_candle_5_10_after', 'volatility_10_15_after', 'pips_candle_10_15_after', 'volatility_15_20_after', 'pips_candle_15_20_after', 'volatility_20_25_after', 'pips_candle_20_25_after', 'volatility_25_30_after', 'pips_candle_25_30_after', 'volatility_60_0_before', 'pips_agg_60_0_before', 'datetime', 'pips_candle_max_30_180_after']
2019-01-15 19:01:49,056 - INFO - X columns for the classification model: ['fe_worse', 'volatility_20_25_after', 'pips_candle_5_10_after', 'Low', 'volatility_15_20_after', 'forecast_error_diff_outlier_class', 'fe_better', 'previous_error_diff_deviation', 'pe_accurate', 'new_id', 'volatility_0_5_after', 'pips_candle_20_25_after', 'forecast_error_diff_deviation', 'volatility_10_15_after', 'Medium', 'year', 'weekday', 'pips_candle_25_30_after', 'pe_worse', 'High', 'pips_candle_0_5_after', 'pips_candle_15_20_after', 'pips_agg_60_0_before', 'week', 'pips_candle_10_15_after', 'num_news', 'volatility_60_0_before', 'volatility_25_30_after', 'fe_accurate', 'volatility_5_10_after', 'previous_error_diff_outlier_class', 'pe_better']
2019-01-15 19:01:49,057 - INFO - y dependent variable: reaction_max_30_180_after
2019-01-15 19:01:49,131 - INFO - Starting KNeighborsClassifier
2019-01-15 19:04:59,923 - INFO - Starting SVC - rbf
2019-01-15 19:07:55,757 - INFO - Starting DecisionTreeClassifier
2019-01-15 19:08:13,214 - INFO - Starting RandomForestClassifier
2019-01-15 19:21:07,969 - INFO - Starting XGBClassifier
2019-01-15 19:21:18,389 - INFO - Starting GradientBoostingClassifier
2019-01-15 19:21:43,370 - INFO - Starting AdaBoostClassifier
2019-01-15 19:22:10,939 - INFO - X columns for the regression model: ['fe_worse', 'volatility_20_25_after', 'pips_candle_5_10_after', 'Low', 'volatility_15_20_after', 'forecast_error_diff_outlier_class', 'fe_better', 'previous_error_diff_deviation', 'pe_accurate', 'new_id', 'volatility_0_5_after', 'pips_candle_20_25_after', 'forecast_error_diff_deviation', 'volatility_10_15_after', 'Medium', 'year', 'weekday', 'pips_candle_25_30_after', 'pe_worse', 'High', 'pips_candle_0_5_after', 'pips_candle_15_20_after', 'pips_agg_60_0_before', 'week', 'pips_candle_10_15_after', 'num_news', 'volatility_60_0_before', 'volatility_25_30_after', 'fe_accurate', 'volatility_5_10_after', 'previous_error_diff_outlier_class', 'pe_better']
2019-01-15 19:22:11,012 - INFO - Starting KNeighborsRegressor
2019-01-15 19:25:15,672 - INFO - Starting SVR - rbf
2019-01-15 19:27:57,683 - INFO - Starting DecisionTreeRegressor
2019-01-15 19:28:14,503 - INFO - Starting RandomForestRegressor
2019-01-15 19:53:58,548 - INFO - Starting XGBRegressor
2019-01-15 19:54:09,353 - INFO - Starting GradientBoostingRegressor
2019-01-15 19:54:30,661 - INFO - Starting AdaBoostRegressor
2019-01-15 19:54:57,766 - INFO - sweep done in: 53.16 min
2019-01-15 19:54:57,778 - INFO - Starting a new sweep for grid mode: basic
2019-01-15 19:54:57,779 - INFO - List of dynamic market fields: ['volatility_0_5_after', 'pips_candle_0_5_after', 'volatility_5_10_after', 'pips_candle_5_10_after', 'volatility_10_15_after', 'pips_candle_10_15_after', 'volatility_15_20_after', 'pips_candle_15_20_after', 'volatility_20_25_after', 'pips_candle_20_25_after', 'volatility_25_30_after', 'pips_candle_25_30_after', 'volatility_60_0_before', 'pips_agg_60_0_before', 'datetime', 'pips_candle_min_30_180_after']
2019-01-15 19:54:58,723 - INFO - X columns for the classification model: ['fe_worse', 'volatility_20_25_after', 'pips_candle_5_10_after', 'Low', 'volatility_15_20_after', 'forecast_error_diff_outlier_class', 'fe_better', 'previous_error_diff_deviation', 'pe_accurate', 'new_id', 'volatility_0_5_after', 'pips_candle_20_25_after', 'forecast_error_diff_deviation', 'volatility_10_15_after', 'Medium', 'year', 'weekday', 'pips_candle_25_30_after', 'pe_worse', 'High', 'pips_candle_0_5_after', 'pips_candle_15_20_after', 'pips_agg_60_0_before', 'week', 'pips_candle_10_15_after', 'num_news', 'volatility_60_0_before', 'volatility_25_30_after', 'fe_accurate', 'volatility_5_10_after', 'previous_error_diff_outlier_class', 'pe_better']
2019-01-15 19:54:58,724 - INFO - y dependent variable: reaction_min_30_180_after
2019-01-15 19:54:58,813 - INFO - Starting KNeighborsClassifier
2019-01-15 19:57:56,355 - INFO - Starting SVC - rbf
2019-01-15 20:00:50,032 - INFO - Starting DecisionTreeClassifier
2019-01-15 20:01:07,222 - INFO - Starting RandomForestClassifier
2019-01-15 20:13:28,175 - INFO - Starting XGBClassifier
2019-01-15 20:13:39,638 - INFO - Starting GradientBoostingClassifier
2019-01-15 20:14:05,637 - INFO - Starting AdaBoostClassifier
2019-01-15 20:14:36,030 - INFO - X columns for the regression model: ['fe_worse', 'volatility_20_25_after', 'pips_candle_5_10_after', 'Low', 'volatility_15_20_after', 'forecast_error_diff_outlier_class', 'fe_better', 'previous_error_diff_deviation', 'pe_accurate', 'new_id', 'volatility_0_5_after', 'pips_candle_20_25_after', 'forecast_error_diff_deviation', 'volatility_10_15_after', 'Medium', 'year', 'weekday', 'pips_candle_25_30_after', 'pe_worse', 'High', 'pips_candle_0_5_after', 'pips_candle_15_20_after', 'pips_agg_60_0_before', 'week', 'pips_candle_10_15_after', 'num_news', 'volatility_60_0_before', 'volatility_25_30_after', 'fe_accurate', 'volatility_5_10_after', 'previous_error_diff_outlier_class', 'pe_better']
2019-01-15 20:14:36,096 - INFO - Starting KNeighborsRegressor
2019-01-15 20:18:05,401 - INFO - Starting SVR - rbf
2019-01-15 20:20:46,274 - INFO - Starting DecisionTreeRegressor
2019-01-15 20:21:03,049 - INFO - Starting RandomForestRegressor
2019-01-15 20:47:04,784 - INFO - Starting XGBRegressor
2019-01-15 20:47:15,503 - INFO - Starting GradientBoostingRegressor
2019-01-15 20:47:36,333 - INFO - Starting AdaBoostRegressor
2019-01-15 20:48:05,483 - INFO - sweep done in: 53.13 min
2019-01-15 20:48:05,502 - INFO - Starting a new sweep with market features: all
2019-01-15 20:48:05,502 - INFO - Starting a new sweep, features before the publication are: included
2019-01-15 20:48:05,502 - INFO - Starting a new sweep, delay in between buying-selling is: 30_180
2019-01-15 20:48:05,503 - INFO - Starting a new sweep for grid mode: basic
2019-01-15 20:48:05,503 - INFO - List of dynamic market fields: ['volatility_0_5_after', 'pips_candle_0_5_after', 'volatility_5_10_after', 'pips_candle_5_10_after', 'volatility_10_15_after', 'pips_candle_10_15_after', 'volatility_15_20_after', 'pips_candle_15_20_after', 'volatility_20_25_after', 'pips_candle_20_25_after', 'volatility_25_30_after', 'pips_candle_25_30_after', 'volatility_60_0_before', 'pips_agg_60_0_before', 'datetime', 'pips_candle_max_30_180_after']
2019-01-15 20:48:06,499 - INFO - X columns for the classification model: ['fe_worse', 'volatility_20_25_after', 'pips_candle_5_10_after', 'Low', 'volatility_15_20_after', 'forecast_error_diff_outlier_class', 'fe_better', 'previous_error_diff_deviation', 'pe_accurate', 'new_id', 'volatility_0_5_after', 'pips_candle_20_25_after', 'forecast_error_diff_deviation', 'volatility_10_15_after', 'Medium', 'year', 'weekday', 'pips_candle_25_30_after', 'pe_worse', 'High', 'pips_candle_0_5_after', 'pips_candle_15_20_after', 'pips_agg_60_0_before', 'week', 'pips_candle_10_15_after', 'num_news', 'volatility_60_0_before', 'volatility_25_30_after', 'fe_accurate', 'volatility_5_10_after', 'previous_error_diff_outlier_class', 'pe_better']
2019-01-15 20:48:06,500 - INFO - y dependent variable: reaction_max_30_180_after
2019-01-15 20:48:06,592 - INFO - Starting KNeighborsClassifier
2019-01-15 20:51:01,074 - INFO - Starting SVC - rbf
2019-01-15 20:53:56,016 - INFO - Starting DecisionTreeClassifier
2019-01-15 20:54:13,142 - INFO - Starting RandomForestClassifier
2019-01-15 21:06:18,671 - INFO - Starting XGBClassifier
2019-01-15 21:06:29,758 - INFO - Starting GradientBoostingClassifier
2019-01-15 21:06:55,173 - INFO - Starting AdaBoostClassifier
2019-01-15 21:07:23,828 - INFO - X columns for the regression model: ['fe_worse', 'volatility_20_25_after', 'pips_candle_5_10_after', 'Low', 'volatility_15_20_after', 'forecast_error_diff_outlier_class', 'fe_better', 'previous_error_diff_deviation', 'pe_accurate', 'new_id', 'volatility_0_5_after', 'pips_candle_20_25_after', 'forecast_error_diff_deviation', 'volatility_10_15_after', 'Medium', 'year', 'weekday', 'pips_candle_25_30_after', 'pe_worse', 'High', 'pips_candle_0_5_after', 'pips_candle_15_20_after', 'pips_agg_60_0_before', 'week', 'pips_candle_10_15_after', 'num_news', 'volatility_60_0_before', 'volatility_25_30_after', 'fe_accurate', 'volatility_5_10_after', 'previous_error_diff_outlier_class', 'pe_better']
2019-01-15 21:07:23,901 - INFO - Starting KNeighborsRegressor
2019-01-15 21:10:56,032 - INFO - Starting SVR - rbf
2019-01-15 21:13:45,457 - INFO - Starting DecisionTreeRegressor
2019-01-15 21:14:02,475 - INFO - Starting RandomForestRegressor
2019-01-15 21:40:11,702 - INFO - Starting XGBRegressor
2019-01-15 21:40:22,811 - INFO - Starting GradientBoostingRegressor
2019-01-15 21:40:44,966 - INFO - Starting AdaBoostRegressor
2019-01-15 21:41:12,931 - INFO - sweep done in: 53.12 min
2019-01-15 21:41:12,947 - INFO - Starting a new sweep for grid mode: basic
2019-01-15 21:41:12,947 - INFO - List of dynamic market fields: ['volatility_0_5_after', 'pips_candle_0_5_after', 'volatility_5_10_after', 'pips_candle_5_10_after', 'volatility_10_15_after', 'pips_candle_10_15_after', 'volatility_15_20_after', 'pips_candle_15_20_after', 'volatility_20_25_after', 'pips_candle_20_25_after', 'volatility_25_30_after', 'pips_candle_25_30_after', 'volatility_60_0_before', 'pips_agg_60_0_before', 'datetime', 'pips_candle_min_30_180_after']
2019-01-15 21:41:13,977 - INFO - X columns for the classification model: ['fe_worse', 'volatility_20_25_after', 'pips_candle_5_10_after', 'Low', 'volatility_15_20_after', 'forecast_error_diff_outlier_class', 'fe_better', 'previous_error_diff_deviation', 'pe_accurate', 'new_id', 'volatility_0_5_after', 'pips_candle_20_25_after', 'forecast_error_diff_deviation', 'volatility_10_15_after', 'Medium', 'year', 'weekday', 'pips_candle_25_30_after', 'pe_worse', 'High', 'pips_candle_0_5_after', 'pips_candle_15_20_after', 'pips_agg_60_0_before', 'week', 'pips_candle_10_15_after', 'num_news', 'volatility_60_0_before', 'volatility_25_30_after', 'fe_accurate', 'volatility_5_10_after', 'previous_error_diff_outlier_class', 'pe_better']
2019-01-15 21:41:13,977 - INFO - y dependent variable: reaction_min_30_180_after
2019-01-15 21:41:14,116 - INFO - Starting KNeighborsClassifier
2019-01-15 21:44:12,043 - INFO - Starting SVC - rbf
2019-01-15 21:47:04,969 - INFO - Starting DecisionTreeClassifier
2019-01-15 21:47:22,265 - INFO - Starting RandomForestClassifier
2019-01-15 21:59:28,985 - INFO - Starting XGBClassifier
2019-01-15 21:59:39,987 - INFO - Starting GradientBoostingClassifier
2019-01-15 22:00:04,914 - INFO - Starting AdaBoostClassifier
2019-01-15 22:00:32,873 - INFO - X columns for the regression model: ['fe_worse', 'volatility_20_25_after', 'pips_candle_5_10_after', 'Low', 'volatility_15_20_after', 'forecast_error_diff_outlier_class', 'fe_better', 'previous_error_diff_deviation', 'pe_accurate', 'new_id', 'volatility_0_5_after', 'pips_candle_20_25_after', 'forecast_error_diff_deviation', 'volatility_10_15_after', 'Medium', 'year', 'weekday', 'pips_candle_25_30_after', 'pe_worse', 'High', 'pips_candle_0_5_after', 'pips_candle_15_20_after', 'pips_agg_60_0_before', 'week', 'pips_candle_10_15_after', 'num_news', 'volatility_60_0_before', 'volatility_25_30_after', 'fe_accurate', 'volatility_5_10_after', 'previous_error_diff_outlier_class', 'pe_better']
2019-01-15 22:00:32,952 - INFO - Starting KNeighborsRegressor
2019-01-15 22:03:39,485 - INFO - Starting SVR - rbf
2019-01-15 22:06:27,639 - INFO - Starting DecisionTreeRegressor
2019-01-15 22:06:45,090 - INFO - Starting RandomForestRegressor
2019-01-15 22:33:10,358 - INFO - Starting XGBRegressor
2019-01-15 22:33:21,885 - INFO - Starting GradientBoostingRegressor
2019-01-15 22:33:43,523 - INFO - Starting AdaBoostRegressor
2019-01-15 22:34:13,429 - INFO - sweep done in: 53.01 min
2019-01-15 22:34:13,436 - INFO - #########################
2019-01-15 22:34:13,436 - INFO - 
2019-01-15 22:34:13,437 - INFO - Starting a new sweep, grouping news by: ALL_YES_3_2_1
2019-01-15 22:35:08,958 - INFO - Starting a new sweep with market features: basic
2019-01-15 22:35:08,958 - INFO - Starting a new sweep, features before the publication are: included
2019-01-15 22:35:08,958 - INFO - Starting a new sweep, delay in between buying-selling is: 30_180
2019-01-15 22:35:08,959 - INFO - Starting a new sweep for grid mode: basic
2019-01-15 22:35:08,959 - INFO - List of dynamic market fields: ['volatility_0_5_after', 'pips_candle_0_5_after', 'volatility_5_10_after', 'pips_candle_5_10_after', 'volatility_10_15_after', 'pips_candle_10_15_after', 'volatility_15_20_after', 'pips_candle_15_20_after', 'volatility_20_25_after', 'pips_candle_20_25_after', 'volatility_25_30_after', 'pips_candle_25_30_after', 'volatility_60_0_before', 'pips_agg_60_0_before', 'datetime', 'pips_candle_max_30_180_after']
2019-01-15 22:35:10,007 - INFO - X columns for the classification model: ['fe_worse', 'volatility_20_25_after', 'pips_candle_5_10_after', 'Low', 'volatility_15_20_after', 'forecast_error_diff_outlier_class', 'fe_better', 'previous_error_diff_deviation', 'pe_accurate', 'new_id', 'volatility_0_5_after', 'pips_candle_20_25_after', 'forecast_error_diff_deviation', 'volatility_10_15_after', 'Medium', 'year', 'weekday', 'pips_candle_25_30_after', 'pe_worse', 'High', 'pips_candle_0_5_after', 'pips_candle_15_20_after', 'pips_agg_60_0_before', 'week', 'pips_candle_10_15_after', 'num_news', 'volatility_60_0_before', 'volatility_25_30_after', 'fe_accurate', 'volatility_5_10_after', 'previous_error_diff_outlier_class', 'pe_better']
2019-01-15 22:35:10,009 - INFO - y dependent variable: reaction_max_30_180_after
2019-01-15 22:35:10,100 - INFO - Starting KNeighborsClassifier
2019-01-15 22:38:16,589 - INFO - Starting SVC - rbf
2019-01-15 22:41:12,372 - INFO - Starting DecisionTreeClassifier
2019-01-15 22:41:29,884 - INFO - Starting RandomForestClassifier
2019-01-15 22:53:47,863 - INFO - Starting XGBClassifier
2019-01-15 22:53:58,284 - INFO - Starting GradientBoostingClassifier
2019-01-15 22:54:23,625 - INFO - Starting AdaBoostClassifier
2019-01-15 22:54:51,482 - INFO - X columns for the regression model: ['fe_worse', 'volatility_20_25_after', 'pips_candle_5_10_after', 'Low', 'volatility_15_20_after', 'forecast_error_diff_outlier_class', 'fe_better', 'previous_error_diff_deviation', 'pe_accurate', 'new_id', 'volatility_0_5_after', 'pips_candle_20_25_after', 'forecast_error_diff_deviation', 'volatility_10_15_after', 'Medium', 'year', 'weekday', 'pips_candle_25_30_after', 'pe_worse', 'High', 'pips_candle_0_5_after', 'pips_candle_15_20_after', 'pips_agg_60_0_before', 'week', 'pips_candle_10_15_after', 'num_news', 'volatility_60_0_before', 'volatility_25_30_after', 'fe_accurate', 'volatility_5_10_after', 'previous_error_diff_outlier_class', 'pe_better']
2019-01-15 22:54:51,566 - INFO - Starting KNeighborsRegressor
2019-01-15 22:57:54,211 - INFO - Starting SVR - rbf
2019-01-15 23:00:33,499 - INFO - Starting DecisionTreeRegressor
2019-01-15 23:00:50,377 - INFO - Starting RandomForestRegressor
2019-01-15 23:27:44,931 - INFO - Starting XGBRegressor
2019-01-15 23:27:56,359 - INFO - Starting GradientBoostingRegressor
2019-01-15 23:28:19,034 - INFO - Starting AdaBoostRegressor
2019-01-15 23:28:40,547 - INFO - sweep done in: 53.53 min
2019-01-15 23:28:40,561 - INFO - Starting a new sweep for grid mode: basic
2019-01-15 23:28:40,561 - INFO - List of dynamic market fields: ['volatility_0_5_after', 'pips_candle_0_5_after', 'volatility_5_10_after', 'pips_candle_5_10_after', 'volatility_10_15_after', 'pips_candle_10_15_after', 'volatility_15_20_after', 'pips_candle_15_20_after', 'volatility_20_25_after', 'pips_candle_20_25_after', 'volatility_25_30_after', 'pips_candle_25_30_after', 'volatility_60_0_before', 'pips_agg_60_0_before', 'datetime', 'pips_candle_min_30_180_after']
2019-01-15 23:28:41,604 - INFO - X columns for the classification model: ['fe_worse', 'volatility_20_25_after', 'pips_candle_5_10_after', 'Low', 'volatility_15_20_after', 'forecast_error_diff_outlier_class', 'fe_better', 'previous_error_diff_deviation', 'pe_accurate', 'new_id', 'volatility_0_5_after', 'pips_candle_20_25_after', 'forecast_error_diff_deviation', 'volatility_10_15_after', 'Medium', 'year', 'weekday', 'pips_candle_25_30_after', 'pe_worse', 'High', 'pips_candle_0_5_after', 'pips_candle_15_20_after', 'pips_agg_60_0_before', 'week', 'pips_candle_10_15_after', 'num_news', 'volatility_60_0_before', 'volatility_25_30_after', 'fe_accurate', 'volatility_5_10_after', 'previous_error_diff_outlier_class', 'pe_better']
2019-01-15 23:28:41,604 - INFO - y dependent variable: reaction_min_30_180_after
2019-01-15 23:28:41,691 - INFO - Starting KNeighborsClassifier
2019-01-15 23:32:26,994 - INFO - Starting SVC - rbf
2019-01-15 23:35:22,146 - INFO - Starting DecisionTreeClassifier
2019-01-15 23:35:39,568 - INFO - Starting RandomForestClassifier
2019-01-15 23:47:56,869 - INFO - Starting XGBClassifier
2019-01-15 23:48:07,325 - INFO - Starting GradientBoostingClassifier
2019-01-15 23:48:32,656 - INFO - Starting AdaBoostClassifier
2019-01-15 23:49:00,595 - INFO - X columns for the regression model: ['fe_worse', 'volatility_20_25_after', 'pips_candle_5_10_after', 'Low', 'volatility_15_20_after', 'forecast_error_diff_outlier_class', 'fe_better', 'previous_error_diff_deviation', 'pe_accurate', 'new_id', 'volatility_0_5_after', 'pips_candle_20_25_after', 'forecast_error_diff_deviation', 'volatility_10_15_after', 'Medium', 'year', 'weekday', 'pips_candle_25_30_after', 'pe_worse', 'High', 'pips_candle_0_5_after', 'pips_candle_15_20_after', 'pips_agg_60_0_before', 'week', 'pips_candle_10_15_after', 'num_news', 'volatility_60_0_before', 'volatility_25_30_after', 'fe_accurate', 'volatility_5_10_after', 'previous_error_diff_outlier_class', 'pe_better']
2019-01-15 23:49:00,665 - INFO - Starting KNeighborsRegressor
2019-01-15 23:52:05,245 - INFO - Starting SVR - rbf
2019-01-15 23:54:44,684 - INFO - Starting DecisionTreeRegressor
2019-01-15 23:55:01,606 - INFO - Starting RandomForestRegressor
2019-01-16 00:21:50,664 - INFO - Starting XGBRegressor
2019-01-16 00:22:01,507 - INFO - Starting GradientBoostingRegressor
2019-01-16 00:22:23,102 - INFO - Starting AdaBoostRegressor
2019-01-16 00:22:50,269 - INFO - sweep done in: 54.16 min
2019-01-16 00:22:50,278 - INFO - Starting a new sweep with market features: all
2019-01-16 00:22:50,278 - INFO - Starting a new sweep, features before the publication are: included
2019-01-16 00:22:50,278 - INFO - Starting a new sweep, delay in between buying-selling is: 30_180
2019-01-16 00:22:50,279 - INFO - Starting a new sweep for grid mode: basic
2019-01-16 00:22:50,279 - INFO - List of dynamic market fields: ['volatility_0_5_after', 'pips_candle_0_5_after', 'volatility_5_10_after', 'pips_candle_5_10_after', 'volatility_10_15_after', 'pips_candle_10_15_after', 'volatility_15_20_after', 'pips_candle_15_20_after', 'volatility_20_25_after', 'pips_candle_20_25_after', 'volatility_25_30_after', 'pips_candle_25_30_after', 'volatility_60_0_before', 'pips_agg_60_0_before', 'datetime', 'pips_candle_max_30_180_after']
2019-01-16 00:22:51,306 - INFO - X columns for the classification model: ['fe_worse', 'volatility_20_25_after', 'pips_candle_5_10_after', 'Low', 'volatility_15_20_after', 'forecast_error_diff_outlier_class', 'fe_better', 'previous_error_diff_deviation', 'pe_accurate', 'new_id', 'volatility_0_5_after', 'pips_candle_20_25_after', 'forecast_error_diff_deviation', 'volatility_10_15_after', 'Medium', 'year', 'weekday', 'pips_candle_25_30_after', 'pe_worse', 'High', 'pips_candle_0_5_after', 'pips_candle_15_20_after', 'pips_agg_60_0_before', 'week', 'pips_candle_10_15_after', 'num_news', 'volatility_60_0_before', 'volatility_25_30_after', 'fe_accurate', 'volatility_5_10_after', 'previous_error_diff_outlier_class', 'pe_better']
2019-01-16 00:22:51,306 - INFO - y dependent variable: reaction_max_30_180_after
2019-01-16 00:22:51,403 - INFO - Starting KNeighborsClassifier
2019-01-16 00:26:13,469 - INFO - Starting SVC - rbf
2019-01-16 00:29:14,866 - INFO - Starting DecisionTreeClassifier
2019-01-16 00:29:33,141 - INFO - Starting RandomForestClassifier
2019-01-16 00:42:02,764 - INFO - Starting XGBClassifier
2019-01-16 00:42:13,282 - INFO - Starting GradientBoostingClassifier
2019-01-16 00:42:38,812 - INFO - Starting AdaBoostClassifier
2019-01-16 00:43:06,853 - INFO - X columns for the regression model: ['fe_worse', 'volatility_20_25_after', 'pips_candle_5_10_after', 'Low', 'volatility_15_20_after', 'forecast_error_diff_outlier_class', 'fe_better', 'previous_error_diff_deviation', 'pe_accurate', 'new_id', 'volatility_0_5_after', 'pips_candle_20_25_after', 'forecast_error_diff_deviation', 'volatility_10_15_after', 'Medium', 'year', 'weekday', 'pips_candle_25_30_after', 'pe_worse', 'High', 'pips_candle_0_5_after', 'pips_candle_15_20_after', 'pips_agg_60_0_before', 'week', 'pips_candle_10_15_after', 'num_news', 'volatility_60_0_before', 'volatility_25_30_after', 'fe_accurate', 'volatility_5_10_after', 'previous_error_diff_outlier_class', 'pe_better']
2019-01-16 00:43:06,920 - INFO - Starting KNeighborsRegressor
2019-01-16 00:46:11,204 - INFO - Starting SVR - rbf
2019-01-16 00:48:50,941 - INFO - Starting DecisionTreeRegressor
2019-01-16 00:49:07,926 - INFO - Starting RandomForestRegressor
2019-01-16 01:15:55,718 - INFO - Starting XGBRegressor
2019-01-16 01:16:06,654 - INFO - Starting GradientBoostingRegressor
2019-01-16 01:16:28,646 - INFO - Starting AdaBoostRegressor
2019-01-16 01:16:49,197 - INFO - sweep done in: 53.98 min
2019-01-16 01:16:49,207 - INFO - Starting a new sweep for grid mode: basic
2019-01-16 01:16:49,207 - INFO - List of dynamic market fields: ['volatility_0_5_after', 'pips_candle_0_5_after', 'volatility_5_10_after', 'pips_candle_5_10_after', 'volatility_10_15_after', 'pips_candle_10_15_after', 'volatility_15_20_after', 'pips_candle_15_20_after', 'volatility_20_25_after', 'pips_candle_20_25_after', 'volatility_25_30_after', 'pips_candle_25_30_after', 'volatility_60_0_before', 'pips_agg_60_0_before', 'datetime', 'pips_candle_min_30_180_after']
2019-01-16 01:16:50,414 - INFO - X columns for the classification model: ['fe_worse', 'volatility_20_25_after', 'pips_candle_5_10_after', 'Low', 'volatility_15_20_after', 'forecast_error_diff_outlier_class', 'fe_better', 'previous_error_diff_deviation', 'pe_accurate', 'new_id', 'volatility_0_5_after', 'pips_candle_20_25_after', 'forecast_error_diff_deviation', 'volatility_10_15_after', 'Medium', 'year', 'weekday', 'pips_candle_25_30_after', 'pe_worse', 'High', 'pips_candle_0_5_after', 'pips_candle_15_20_after', 'pips_agg_60_0_before', 'week', 'pips_candle_10_15_after', 'num_news', 'volatility_60_0_before', 'volatility_25_30_after', 'fe_accurate', 'volatility_5_10_after', 'previous_error_diff_outlier_class', 'pe_better']
2019-01-16 01:16:50,414 - INFO - y dependent variable: reaction_min_30_180_after
2019-01-16 01:16:50,491 - INFO - Starting KNeighborsClassifier
2019-01-16 01:20:03,221 - INFO - Starting SVC - rbf
2019-01-16 01:22:56,813 - INFO - Starting DecisionTreeClassifier
2019-01-16 01:23:14,707 - INFO - Starting RandomForestClassifier
2019-01-16 01:35:55,154 - INFO - Starting XGBClassifier
2019-01-16 01:36:05,677 - INFO - Starting GradientBoostingClassifier
2019-01-16 01:36:31,074 - INFO - Starting AdaBoostClassifier
2019-01-16 01:36:59,298 - INFO - X columns for the regression model: ['fe_worse', 'volatility_20_25_after', 'pips_candle_5_10_after', 'Low', 'volatility_15_20_after', 'forecast_error_diff_outlier_class', 'fe_better', 'previous_error_diff_deviation', 'pe_accurate', 'new_id', 'volatility_0_5_after', 'pips_candle_20_25_after', 'forecast_error_diff_deviation', 'volatility_10_15_after', 'Medium', 'year', 'weekday', 'pips_candle_25_30_after', 'pe_worse', 'High', 'pips_candle_0_5_after', 'pips_candle_15_20_after', 'pips_agg_60_0_before', 'week', 'pips_candle_10_15_after', 'num_news', 'volatility_60_0_before', 'volatility_25_30_after', 'fe_accurate', 'volatility_5_10_after', 'previous_error_diff_outlier_class', 'pe_better']
2019-01-16 01:36:59,368 - INFO - Starting KNeighborsRegressor
2019-01-16 01:40:01,258 - INFO - Starting SVR - rbf
2019-01-16 01:42:40,643 - INFO - Starting DecisionTreeRegressor
2019-01-16 01:42:57,630 - INFO - Starting RandomForestRegressor
2019-01-16 02:09:43,992 - INFO - Starting XGBRegressor
2019-01-16 02:09:54,801 - INFO - Starting GradientBoostingRegressor
2019-01-16 02:10:16,208 - INFO - Starting AdaBoostRegressor
2019-01-16 02:10:42,993 - INFO - sweep done in: 53.90 min
2019-01-16 02:10:43,010 - INFO - #########################
2019-01-16 02:10:43,010 - INFO - 
2019-01-16 02:10:43,010 - INFO - Starting a new sweep, grouping news by: High_NO_1_1_1
2019-01-16 02:10:57,522 - INFO - Starting a new sweep with market features: basic
2019-01-16 02:10:57,523 - INFO - Starting a new sweep, features before the publication are: included
2019-01-16 02:10:57,523 - INFO - Starting a new sweep, delay in between buying-selling is: 30_180
2019-01-16 02:10:57,523 - INFO - Starting a new sweep for grid mode: basic
2019-01-16 02:10:57,523 - INFO - List of dynamic market fields: ['volatility_0_5_after', 'pips_candle_0_5_after', 'volatility_5_10_after', 'pips_candle_5_10_after', 'volatility_10_15_after', 'pips_candle_10_15_after', 'volatility_15_20_after', 'pips_candle_15_20_after', 'volatility_20_25_after', 'pips_candle_20_25_after', 'volatility_25_30_after', 'pips_candle_25_30_after', 'volatility_60_0_before', 'pips_agg_60_0_before', 'datetime', 'pips_candle_max_30_180_after']
2019-01-16 02:10:58,099 - INFO - X columns for the classification model: ['pips_candle_25_30_after', 'fe_worse', 'volatility_20_25_after', 'High', 'pips_candle_0_5_after', 'pips_candle_15_20_after', 'pips_agg_60_0_before', 'pips_candle_5_10_after', 'week', 'volatility_15_20_after', 'pips_candle_10_15_after', 'num_news', 'forecast_error_diff_outlier_class', 'volatility_60_0_before', 'volatility_25_30_after', 'fe_better', 'previous_error_diff_deviation', 'pe_accurate', 'fe_accurate', 'volatility_5_10_after', 'new_id', 'volatility_0_5_after', 'pips_candle_20_25_after', 'forecast_error_diff_deviation', 'volatility_10_15_after', 'previous_error_diff_outlier_class', 'year', 'weekday', 'pe_better', 'pe_worse']
2019-01-16 02:10:58,100 - INFO - y dependent variable: reaction_max_30_180_after
2019-01-16 02:10:58,161 - INFO - Starting KNeighborsClassifier
2019-01-16 02:11:41,384 - INFO - Starting SVC - rbf
2019-01-16 02:12:29,411 - INFO - Starting DecisionTreeClassifier
2019-01-16 02:12:38,892 - INFO - Starting RandomForestClassifier
2019-01-16 02:21:46,741 - INFO - Starting XGBClassifier
2019-01-16 02:21:52,962 - INFO - Starting GradientBoostingClassifier
2019-01-16 02:22:10,275 - INFO - Starting AdaBoostClassifier
2019-01-16 02:22:29,882 - INFO - X columns for the regression model: ['pips_candle_25_30_after', 'fe_worse', 'volatility_20_25_after', 'High', 'pips_candle_0_5_after', 'pips_candle_15_20_after', 'pips_agg_60_0_before', 'pips_candle_5_10_after', 'week', 'volatility_15_20_after', 'pips_candle_10_15_after', 'num_news', 'forecast_error_diff_outlier_class', 'volatility_60_0_before', 'volatility_25_30_after', 'fe_better', 'previous_error_diff_deviation', 'pe_accurate', 'fe_accurate', 'volatility_5_10_after', 'new_id', 'volatility_0_5_after', 'pips_candle_20_25_after', 'forecast_error_diff_deviation', 'volatility_10_15_after', 'previous_error_diff_outlier_class', 'year', 'weekday', 'pe_better', 'pe_worse']
2019-01-16 02:22:29,929 - INFO - Starting KNeighborsRegressor
2019-01-16 02:23:12,904 - INFO - Starting SVR - rbf
2019-01-16 02:23:58,643 - INFO - Starting DecisionTreeRegressor
2019-01-16 02:24:08,095 - INFO - Starting RandomForestRegressor
2019-01-16 02:39:38,430 - INFO - Starting XGBRegressor
2019-01-16 02:39:44,365 - INFO - Starting GradientBoostingRegressor
2019-01-16 02:39:56,179 - INFO - Starting AdaBoostRegressor
2019-01-16 02:40:18,503 - INFO - sweep done in: 29.35 min
2019-01-16 02:40:18,524 - INFO - Starting a new sweep for grid mode: basic
2019-01-16 02:40:18,525 - INFO - List of dynamic market fields: ['volatility_0_5_after', 'pips_candle_0_5_after', 'volatility_5_10_after', 'pips_candle_5_10_after', 'volatility_10_15_after', 'pips_candle_10_15_after', 'volatility_15_20_after', 'pips_candle_15_20_after', 'volatility_20_25_after', 'pips_candle_20_25_after', 'volatility_25_30_after', 'pips_candle_25_30_after', 'volatility_60_0_before', 'pips_agg_60_0_before', 'datetime', 'pips_candle_min_30_180_after']
2019-01-16 02:40:19,162 - INFO - X columns for the classification model: ['pips_candle_25_30_after', 'fe_worse', 'volatility_20_25_after', 'High', 'pips_candle_0_5_after', 'pips_candle_15_20_after', 'pips_agg_60_0_before', 'pips_candle_5_10_after', 'week', 'volatility_15_20_after', 'pips_candle_10_15_after', 'num_news', 'forecast_error_diff_outlier_class', 'volatility_60_0_before', 'volatility_25_30_after', 'fe_better', 'previous_error_diff_deviation', 'pe_accurate', 'fe_accurate', 'volatility_5_10_after', 'new_id', 'volatility_0_5_after', 'pips_candle_20_25_after', 'forecast_error_diff_deviation', 'volatility_10_15_after', 'previous_error_diff_outlier_class', 'year', 'weekday', 'pe_better', 'pe_worse']
2019-01-16 02:40:19,162 - INFO - y dependent variable: reaction_min_30_180_after
2019-01-16 02:40:19,224 - INFO - Starting KNeighborsClassifier
2019-01-16 02:41:02,139 - INFO - Starting SVC - rbf
2019-01-16 02:41:48,437 - INFO - Starting DecisionTreeClassifier
2019-01-16 02:41:57,700 - INFO - Starting RandomForestClassifier
2019-01-16 02:50:51,629 - INFO - Starting XGBClassifier
2019-01-16 02:50:58,033 - INFO - Starting GradientBoostingClassifier
2019-01-16 02:51:14,216 - INFO - Starting AdaBoostClassifier
2019-01-16 02:51:33,081 - INFO - X columns for the regression model: ['pips_candle_25_30_after', 'fe_worse', 'volatility_20_25_after', 'High', 'pips_candle_0_5_after', 'pips_candle_15_20_after', 'pips_agg_60_0_before', 'pips_candle_5_10_after', 'week', 'volatility_15_20_after', 'pips_candle_10_15_after', 'num_news', 'forecast_error_diff_outlier_class', 'volatility_60_0_before', 'volatility_25_30_after', 'fe_better', 'previous_error_diff_deviation', 'pe_accurate', 'fe_accurate', 'volatility_5_10_after', 'new_id', 'volatility_0_5_after', 'pips_candle_20_25_after', 'forecast_error_diff_deviation', 'volatility_10_15_after', 'previous_error_diff_outlier_class', 'year', 'weekday', 'pe_better', 'pe_worse']
2019-01-16 02:51:33,114 - INFO - Starting KNeighborsRegressor
2019-01-16 02:52:14,474 - INFO - Starting SVR - rbf
2019-01-16 02:52:59,130 - INFO - Starting DecisionTreeRegressor
2019-01-16 02:53:08,142 - INFO - Starting RandomForestRegressor
2019-01-16 03:08:45,153 - INFO - Starting XGBRegressor
2019-01-16 03:08:51,152 - INFO - Starting GradientBoostingRegressor
2019-01-16 03:09:03,413 - INFO - Starting AdaBoostRegressor
2019-01-16 03:09:18,846 - INFO - sweep done in: 29.01 min
2019-01-16 03:09:18,870 - INFO - Starting a new sweep with market features: all
2019-01-16 03:09:18,870 - INFO - Starting a new sweep, features before the publication are: included
2019-01-16 03:09:18,870 - INFO - Starting a new sweep, delay in between buying-selling is: 30_180
2019-01-16 03:09:18,871 - INFO - Starting a new sweep for grid mode: basic
2019-01-16 03:09:18,871 - INFO - List of dynamic market fields: ['volatility_0_5_after', 'pips_candle_0_5_after', 'volatility_5_10_after', 'pips_candle_5_10_after', 'volatility_10_15_after', 'pips_candle_10_15_after', 'volatility_15_20_after', 'pips_candle_15_20_after', 'volatility_20_25_after', 'pips_candle_20_25_after', 'volatility_25_30_after', 'pips_candle_25_30_after', 'volatility_60_0_before', 'pips_agg_60_0_before', 'datetime', 'pips_candle_max_30_180_after']
2019-01-16 03:09:19,568 - INFO - X columns for the classification model: ['pips_candle_25_30_after', 'fe_worse', 'volatility_20_25_after', 'High', 'pips_candle_0_5_after', 'pips_candle_15_20_after', 'pips_agg_60_0_before', 'pips_candle_5_10_after', 'week', 'volatility_15_20_after', 'pips_candle_10_15_after', 'num_news', 'forecast_error_diff_outlier_class', 'volatility_60_0_before', 'volatility_25_30_after', 'fe_better', 'previous_error_diff_deviation', 'pe_accurate', 'fe_accurate', 'volatility_5_10_after', 'new_id', 'volatility_0_5_after', 'pips_candle_20_25_after', 'forecast_error_diff_deviation', 'volatility_10_15_after', 'previous_error_diff_outlier_class', 'year', 'weekday', 'pe_better', 'pe_worse']
2019-01-16 03:09:19,569 - INFO - y dependent variable: reaction_max_30_180_after
2019-01-16 03:09:19,645 - INFO - Starting KNeighborsClassifier
2019-01-16 03:10:02,770 - INFO - Starting SVC - rbf
2019-01-16 03:10:50,613 - INFO - Starting DecisionTreeClassifier
2019-01-16 03:11:00,059 - INFO - Starting RandomForestClassifier
2019-01-16 03:20:06,501 - INFO - Starting XGBClassifier
2019-01-16 03:20:12,624 - INFO - Starting GradientBoostingClassifier
2019-01-16 03:20:29,712 - INFO - Starting AdaBoostClassifier
2019-01-16 03:20:49,162 - INFO - X columns for the regression model: ['pips_candle_25_30_after', 'fe_worse', 'volatility_20_25_after', 'High', 'pips_candle_0_5_after', 'pips_candle_15_20_after', 'pips_agg_60_0_before', 'pips_candle_5_10_after', 'week', 'volatility_15_20_after', 'pips_candle_10_15_after', 'num_news', 'forecast_error_diff_outlier_class', 'volatility_60_0_before', 'volatility_25_30_after', 'fe_better', 'previous_error_diff_deviation', 'pe_accurate', 'fe_accurate', 'volatility_5_10_after', 'new_id', 'volatility_0_5_after', 'pips_candle_20_25_after', 'forecast_error_diff_deviation', 'volatility_10_15_after', 'previous_error_diff_outlier_class', 'year', 'weekday', 'pe_better', 'pe_worse']
2019-01-16 03:20:49,202 - INFO - Starting KNeighborsRegressor
2019-01-16 03:21:31,590 - INFO - Starting SVR - rbf
2019-01-16 03:22:17,418 - INFO - Starting DecisionTreeRegressor
2019-01-16 03:22:26,836 - INFO - Starting RandomForestRegressor
2019-01-16 03:37:59,594 - INFO - Starting XGBRegressor
2019-01-16 03:38:05,440 - INFO - Starting GradientBoostingRegressor
2019-01-16 03:38:17,002 - INFO - Starting AdaBoostRegressor
2019-01-16 03:38:38,954 - INFO - sweep done in: 29.33 min
2019-01-16 03:38:38,974 - INFO - Starting a new sweep for grid mode: basic
2019-01-16 03:38:38,974 - INFO - List of dynamic market fields: ['volatility_0_5_after', 'pips_candle_0_5_after', 'volatility_5_10_after', 'pips_candle_5_10_after', 'volatility_10_15_after', 'pips_candle_10_15_after', 'volatility_15_20_after', 'pips_candle_15_20_after', 'volatility_20_25_after', 'pips_candle_20_25_after', 'volatility_25_30_after', 'pips_candle_25_30_after', 'volatility_60_0_before', 'pips_agg_60_0_before', 'datetime', 'pips_candle_min_30_180_after']
2019-01-16 03:38:39,564 - INFO - X columns for the classification model: ['pips_candle_25_30_after', 'fe_worse', 'volatility_20_25_after', 'High', 'pips_candle_0_5_after', 'pips_candle_15_20_after', 'pips_agg_60_0_before', 'pips_candle_5_10_after', 'week', 'volatility_15_20_after', 'pips_candle_10_15_after', 'num_news', 'forecast_error_diff_outlier_class', 'volatility_60_0_before', 'volatility_25_30_after', 'fe_better', 'previous_error_diff_deviation', 'pe_accurate', 'fe_accurate', 'volatility_5_10_after', 'new_id', 'volatility_0_5_after', 'pips_candle_20_25_after', 'forecast_error_diff_deviation', 'volatility_10_15_after', 'previous_error_diff_outlier_class', 'year', 'weekday', 'pe_better', 'pe_worse']
2019-01-16 03:38:39,564 - INFO - y dependent variable: reaction_min_30_180_after
2019-01-16 03:38:39,633 - INFO - Starting KNeighborsClassifier
2019-01-16 03:39:22,943 - INFO - Starting SVC - rbf
2019-01-16 03:40:09,184 - INFO - Starting DecisionTreeClassifier
2019-01-16 03:40:18,522 - INFO - Starting RandomForestClassifier
2019-01-16 03:49:12,956 - INFO - Starting XGBClassifier
2019-01-16 03:49:19,374 - INFO - Starting GradientBoostingClassifier
2019-01-16 03:49:35,531 - INFO - Starting AdaBoostClassifier
2019-01-16 03:49:54,372 - INFO - X columns for the regression model: ['pips_candle_25_30_after', 'fe_worse', 'volatility_20_25_after', 'High', 'pips_candle_0_5_after', 'pips_candle_15_20_after', 'pips_agg_60_0_before', 'pips_candle_5_10_after', 'week', 'volatility_15_20_after', 'pips_candle_10_15_after', 'num_news', 'forecast_error_diff_outlier_class', 'volatility_60_0_before', 'volatility_25_30_after', 'fe_better', 'previous_error_diff_deviation', 'pe_accurate', 'fe_accurate', 'volatility_5_10_after', 'new_id', 'volatility_0_5_after', 'pips_candle_20_25_after', 'forecast_error_diff_deviation', 'volatility_10_15_after', 'previous_error_diff_outlier_class', 'year', 'weekday', 'pe_better', 'pe_worse']
2019-01-16 03:49:54,399 - INFO - Starting KNeighborsRegressor
2019-01-16 03:50:35,723 - INFO - Starting SVR - rbf
2019-01-16 03:51:20,364 - INFO - Starting DecisionTreeRegressor
2019-01-16 03:51:29,350 - INFO - Starting RandomForestRegressor
2019-01-16 04:06:52,280 - INFO - Starting XGBRegressor
2019-01-16 04:06:58,199 - INFO - Starting GradientBoostingRegressor
2019-01-16 04:07:10,348 - INFO - Starting AdaBoostRegressor
2019-01-16 04:07:25,539 - INFO - sweep done in: 28.78 min
2019-01-16 04:07:25,565 - INFO - #########################
2019-01-16 04:07:25,565 - INFO - 
2019-01-16 04:07:25,565 - INFO - Starting a new sweep, grouping news by: High_YES_1_1_1
2019-01-16 04:07:40,294 - INFO - Starting a new sweep with market features: basic
2019-01-16 04:07:40,295 - INFO - Starting a new sweep, features before the publication are: included
2019-01-16 04:07:40,295 - INFO - Starting a new sweep, delay in between buying-selling is: 30_180
2019-01-16 04:07:40,295 - INFO - Starting a new sweep for grid mode: basic
2019-01-16 04:07:40,295 - INFO - List of dynamic market fields: ['volatility_0_5_after', 'pips_candle_0_5_after', 'volatility_5_10_after', 'pips_candle_5_10_after', 'volatility_10_15_after', 'pips_candle_10_15_after', 'volatility_15_20_after', 'pips_candle_15_20_after', 'volatility_20_25_after', 'pips_candle_20_25_after', 'volatility_25_30_after', 'pips_candle_25_30_after', 'volatility_60_0_before', 'pips_agg_60_0_before', 'datetime', 'pips_candle_max_30_180_after']
2019-01-16 04:07:40,781 - INFO - X columns for the classification model: ['pips_candle_25_30_after', 'fe_worse', 'volatility_20_25_after', 'High', 'pips_candle_0_5_after', 'pips_candle_15_20_after', 'pips_agg_60_0_before', 'pips_candle_5_10_after', 'week', 'volatility_15_20_after', 'pips_candle_10_15_after', 'num_news', 'forecast_error_diff_outlier_class', 'volatility_60_0_before', 'volatility_25_30_after', 'fe_better', 'previous_error_diff_deviation', 'pe_accurate', 'fe_accurate', 'volatility_5_10_after', 'new_id', 'volatility_0_5_after', 'pips_candle_20_25_after', 'forecast_error_diff_deviation', 'volatility_10_15_after', 'previous_error_diff_outlier_class', 'year', 'weekday', 'pe_better', 'pe_worse']
2019-01-16 04:07:40,781 - INFO - y dependent variable: reaction_max_30_180_after
2019-01-16 04:07:40,828 - INFO - Starting KNeighborsClassifier
2019-01-16 04:08:19,177 - INFO - Starting SVC - rbf
2019-01-16 04:08:46,430 - INFO - Starting DecisionTreeClassifier
2019-01-16 04:08:53,664 - INFO - Starting RandomForestClassifier
2019-01-16 04:16:50,619 - INFO - Starting XGBClassifier
2019-01-16 04:16:55,132 - INFO - Starting GradientBoostingClassifier
2019-01-16 04:17:07,683 - INFO - Starting AdaBoostClassifier
2019-01-16 04:17:23,906 - INFO - X columns for the regression model: ['pips_candle_25_30_after', 'fe_worse', 'volatility_20_25_after', 'High', 'pips_candle_0_5_after', 'pips_candle_15_20_after', 'pips_agg_60_0_before', 'pips_candle_5_10_after', 'week', 'volatility_15_20_after', 'pips_candle_10_15_after', 'num_news', 'forecast_error_diff_outlier_class', 'volatility_60_0_before', 'volatility_25_30_after', 'fe_better', 'previous_error_diff_deviation', 'pe_accurate', 'fe_accurate', 'volatility_5_10_after', 'new_id', 'volatility_0_5_after', 'pips_candle_20_25_after', 'forecast_error_diff_deviation', 'volatility_10_15_after', 'previous_error_diff_outlier_class', 'year', 'weekday', 'pe_better', 'pe_worse']
2019-01-16 04:17:23,930 - INFO - Starting KNeighborsRegressor
2019-01-16 04:18:01,216 - INFO - Starting SVR - rbf
2019-01-16 04:18:28,955 - INFO - Starting DecisionTreeRegressor
2019-01-16 04:18:35,836 - INFO - Starting RandomForestRegressor
2019-01-16 04:30:21,630 - INFO - Starting XGBRegressor
2019-01-16 04:30:26,273 - INFO - Starting GradientBoostingRegressor
2019-01-16 04:30:35,718 - INFO - Starting AdaBoostRegressor
2019-01-16 04:30:50,998 - INFO - sweep done in: 23.18 min
2019-01-16 04:30:51,020 - INFO - Starting a new sweep for grid mode: basic
2019-01-16 04:30:51,020 - INFO - List of dynamic market fields: ['volatility_0_5_after', 'pips_candle_0_5_after', 'volatility_5_10_after', 'pips_candle_5_10_after', 'volatility_10_15_after', 'pips_candle_10_15_after', 'volatility_15_20_after', 'pips_candle_15_20_after', 'volatility_20_25_after', 'pips_candle_20_25_after', 'volatility_25_30_after', 'pips_candle_25_30_after', 'volatility_60_0_before', 'pips_agg_60_0_before', 'datetime', 'pips_candle_min_30_180_after']
2019-01-16 04:30:51,578 - INFO - X columns for the classification model: ['pips_candle_25_30_after', 'fe_worse', 'volatility_20_25_after', 'High', 'pips_candle_0_5_after', 'pips_candle_15_20_after', 'pips_agg_60_0_before', 'pips_candle_5_10_after', 'week', 'volatility_15_20_after', 'pips_candle_10_15_after', 'num_news', 'forecast_error_diff_outlier_class', 'volatility_60_0_before', 'volatility_25_30_after', 'fe_better', 'previous_error_diff_deviation', 'pe_accurate', 'fe_accurate', 'volatility_5_10_after', 'new_id', 'volatility_0_5_after', 'pips_candle_20_25_after', 'forecast_error_diff_deviation', 'volatility_10_15_after', 'previous_error_diff_outlier_class', 'year', 'weekday', 'pe_better', 'pe_worse']
2019-01-16 04:30:51,578 - INFO - y dependent variable: reaction_min_30_180_after
2019-01-16 04:30:51,612 - INFO - Starting KNeighborsClassifier
2019-01-16 04:31:30,477 - INFO - Starting SVC - rbf
2019-01-16 04:31:58,848 - INFO - Starting DecisionTreeClassifier
2019-01-16 04:32:06,081 - INFO - Starting RandomForestClassifier
2019-01-16 04:40:05,980 - INFO - Starting XGBClassifier
2019-01-16 04:40:11,151 - INFO - Starting GradientBoostingClassifier
2019-01-16 04:40:24,757 - INFO - Starting AdaBoostClassifier
2019-01-16 04:40:41,284 - INFO - X columns for the regression model: ['pips_candle_25_30_after', 'fe_worse', 'volatility_20_25_after', 'High', 'pips_candle_0_5_after', 'pips_candle_15_20_after', 'pips_agg_60_0_before', 'pips_candle_5_10_after', 'week', 'volatility_15_20_after', 'pips_candle_10_15_after', 'num_news', 'forecast_error_diff_outlier_class', 'volatility_60_0_before', 'volatility_25_30_after', 'fe_better', 'previous_error_diff_deviation', 'pe_accurate', 'fe_accurate', 'volatility_5_10_after', 'new_id', 'volatility_0_5_after', 'pips_candle_20_25_after', 'forecast_error_diff_deviation', 'volatility_10_15_after', 'previous_error_diff_outlier_class', 'year', 'weekday', 'pe_better', 'pe_worse']
2019-01-16 04:40:41,318 - INFO - Starting KNeighborsRegressor
2019-01-16 04:41:18,909 - INFO - Starting SVR - rbf
2019-01-16 04:41:46,628 - INFO - Starting DecisionTreeRegressor
2019-01-16 04:41:53,558 - INFO - Starting RandomForestRegressor
2019-01-16 04:53:44,923 - INFO - Starting XGBRegressor
2019-01-16 04:53:49,539 - INFO - Starting GradientBoostingRegressor
2019-01-16 04:53:58,757 - INFO - Starting AdaBoostRegressor
2019-01-16 04:54:15,667 - INFO - sweep done in: 23.41 min
2019-01-16 04:54:15,690 - INFO - Starting a new sweep with market features: all
2019-01-16 04:54:15,690 - INFO - Starting a new sweep, features before the publication are: included
2019-01-16 04:54:15,690 - INFO - Starting a new sweep, delay in between buying-selling is: 30_180
2019-01-16 04:54:15,691 - INFO - Starting a new sweep for grid mode: basic
2019-01-16 04:54:15,691 - INFO - List of dynamic market fields: ['volatility_0_5_after', 'pips_candle_0_5_after', 'volatility_5_10_after', 'pips_candle_5_10_after', 'volatility_10_15_after', 'pips_candle_10_15_after', 'volatility_15_20_after', 'pips_candle_15_20_after', 'volatility_20_25_after', 'pips_candle_20_25_after', 'volatility_25_30_after', 'pips_candle_25_30_after', 'volatility_60_0_before', 'pips_agg_60_0_before', 'datetime', 'pips_candle_max_30_180_after']
2019-01-16 04:54:16,233 - INFO - X columns for the classification model: ['pips_candle_25_30_after', 'fe_worse', 'volatility_20_25_after', 'High', 'pips_candle_0_5_after', 'pips_candle_15_20_after', 'pips_agg_60_0_before', 'pips_candle_5_10_after', 'week', 'volatility_15_20_after', 'pips_candle_10_15_after', 'num_news', 'forecast_error_diff_outlier_class', 'volatility_60_0_before', 'volatility_25_30_after', 'fe_better', 'previous_error_diff_deviation', 'pe_accurate', 'fe_accurate', 'volatility_5_10_after', 'new_id', 'volatility_0_5_after', 'pips_candle_20_25_after', 'forecast_error_diff_deviation', 'volatility_10_15_after', 'previous_error_diff_outlier_class', 'year', 'weekday', 'pe_better', 'pe_worse']
2019-01-16 04:54:16,234 - INFO - y dependent variable: reaction_max_30_180_after
2019-01-16 04:54:16,283 - INFO - Starting KNeighborsClassifier
2019-01-16 04:54:54,609 - INFO - Starting SVC - rbf
2019-01-16 04:55:21,761 - INFO - Starting DecisionTreeClassifier
2019-01-16 04:55:28,890 - INFO - Starting RandomForestClassifier
2019-01-16 05:03:23,129 - INFO - Starting XGBClassifier
2019-01-16 05:03:27,672 - INFO - Starting GradientBoostingClassifier
2019-01-16 05:03:40,362 - INFO - Starting AdaBoostClassifier
2019-01-16 05:03:56,854 - INFO - X columns for the regression model: ['pips_candle_25_30_after', 'fe_worse', 'volatility_20_25_after', 'High', 'pips_candle_0_5_after', 'pips_candle_15_20_after', 'pips_agg_60_0_before', 'pips_candle_5_10_after', 'week', 'volatility_15_20_after', 'pips_candle_10_15_after', 'num_news', 'forecast_error_diff_outlier_class', 'volatility_60_0_before', 'volatility_25_30_after', 'fe_better', 'previous_error_diff_deviation', 'pe_accurate', 'fe_accurate', 'volatility_5_10_after', 'new_id', 'volatility_0_5_after', 'pips_candle_20_25_after', 'forecast_error_diff_deviation', 'volatility_10_15_after', 'previous_error_diff_outlier_class', 'year', 'weekday', 'pe_better', 'pe_worse']
2019-01-16 05:03:56,894 - INFO - Starting KNeighborsRegressor
2019-01-16 05:04:34,650 - INFO - Starting SVR - rbf
2019-01-16 05:05:02,219 - INFO - Starting DecisionTreeRegressor
2019-01-16 05:05:09,219 - INFO - Starting RandomForestRegressor
2019-01-16 05:17:02,051 - INFO - Starting XGBRegressor
2019-01-16 05:17:06,667 - INFO - Starting GradientBoostingRegressor
2019-01-16 05:17:15,549 - INFO - Starting AdaBoostRegressor
2019-01-16 05:17:30,251 - INFO - sweep done in: 23.24 min
2019-01-16 05:17:30,273 - INFO - Starting a new sweep for grid mode: basic
2019-01-16 05:17:30,274 - INFO - List of dynamic market fields: ['volatility_0_5_after', 'pips_candle_0_5_after', 'volatility_5_10_after', 'pips_candle_5_10_after', 'volatility_10_15_after', 'pips_candle_10_15_after', 'volatility_15_20_after', 'pips_candle_15_20_after', 'volatility_20_25_after', 'pips_candle_20_25_after', 'volatility_25_30_after', 'pips_candle_25_30_after', 'volatility_60_0_before', 'pips_agg_60_0_before', 'datetime', 'pips_candle_min_30_180_after']
2019-01-16 05:17:30,787 - INFO - X columns for the classification model: ['pips_candle_25_30_after', 'fe_worse', 'volatility_20_25_after', 'High', 'pips_candle_0_5_after', 'pips_candle_15_20_after', 'pips_agg_60_0_before', 'pips_candle_5_10_after', 'week', 'volatility_15_20_after', 'pips_candle_10_15_after', 'num_news', 'forecast_error_diff_outlier_class', 'volatility_60_0_before', 'volatility_25_30_after', 'fe_better', 'previous_error_diff_deviation', 'pe_accurate', 'fe_accurate', 'volatility_5_10_after', 'new_id', 'volatility_0_5_after', 'pips_candle_20_25_after', 'forecast_error_diff_deviation', 'volatility_10_15_after', 'previous_error_diff_outlier_class', 'year', 'weekday', 'pe_better', 'pe_worse']
2019-01-16 05:17:30,787 - INFO - y dependent variable: reaction_min_30_180_after
2019-01-16 05:17:30,822 - INFO - Starting KNeighborsClassifier
2019-01-16 05:18:09,278 - INFO - Starting SVC - rbf
2019-01-16 05:18:37,391 - INFO - Starting DecisionTreeClassifier
2019-01-16 05:18:44,501 - INFO - Starting RandomForestClassifier
2019-01-16 05:26:33,039 - INFO - Starting XGBClassifier
2019-01-16 05:26:38,107 - INFO - Starting GradientBoostingClassifier
2019-01-16 05:26:50,423 - INFO - Starting AdaBoostClassifier
2019-01-16 05:27:06,626 - INFO - X columns for the regression model: ['pips_candle_25_30_after', 'fe_worse', 'volatility_20_25_after', 'High', 'pips_candle_0_5_after', 'pips_candle_15_20_after', 'pips_agg_60_0_before', 'pips_candle_5_10_after', 'week', 'volatility_15_20_after', 'pips_candle_10_15_after', 'num_news', 'forecast_error_diff_outlier_class', 'volatility_60_0_before', 'volatility_25_30_after', 'fe_better', 'previous_error_diff_deviation', 'pe_accurate', 'fe_accurate', 'volatility_5_10_after', 'new_id', 'volatility_0_5_after', 'pips_candle_20_25_after', 'forecast_error_diff_deviation', 'volatility_10_15_after', 'previous_error_diff_outlier_class', 'year', 'weekday', 'pe_better', 'pe_worse']
2019-01-16 05:27:06,660 - INFO - Starting KNeighborsRegressor
2019-01-16 05:27:43,729 - INFO - Starting SVR - rbf
2019-01-16 05:28:11,502 - INFO - Starting DecisionTreeRegressor
2019-01-16 05:28:18,342 - INFO - Starting RandomForestRegressor
2019-01-16 05:39:38,750 - INFO - Starting XGBRegressor
2019-01-16 05:39:42,784 - INFO - Starting GradientBoostingRegressor
2019-01-16 05:39:50,727 - INFO - Starting AdaBoostRegressor
2019-01-16 05:40:05,402 - INFO - sweep done in: 22.59 min
