2019-01-13 14:37:30,882 - INFO - #########################
2019-01-13 14:37:30,883 - INFO - 
2019-01-13 14:37:30,883 - INFO - Starting a new sweep, grouping news by: ALL_NO_1_1_1
2019-01-13 14:39:00,746 - INFO - Starting a new sweep with market features: basic
2019-01-13 14:39:00,746 - INFO - Starting a new sweep, features before the publication are: included
2019-01-13 14:39:00,746 - INFO - Starting a new sweep, delay in between buying-selling is: 0_30
2019-01-13 14:39:00,746 - INFO - Starting a new sweep for grid mode: basic
2019-01-13 14:39:00,746 - INFO - List of dynamic market fields: ['volatility_60_0_before', 'pips_agg_60_0_before', 'datetime', 'pips_candle_max_0_30_after']
2019-01-13 14:39:02,364 - INFO - X columns for the classification model: ['pe_better', 'forecast_error_diff_deviation', 'previous_error_diff_deviation', 'fe_accurate', 'volatility_60_0_before', 'Medium', 'High', 'forecast_error_diff_outlier_class', 'pe_worse', 'fe_better', 'fe_worse', 'pe_accurate', 'weekday', 'new_id', 'year', 'num_news', 'previous_error_diff_outlier_class', 'pips_agg_60_0_before', 'week', 'Low']
2019-01-13 14:39:02,364 - INFO - y dependent variable: reaction_max_0_30_after
2019-01-13 14:39:02,483 - INFO - Starting KNeighborsClassifier
2019-01-13 14:41:56,920 - INFO - Starting SVC - rbf
2019-01-13 14:49:57,581 - INFO - Starting DecisionTreeClassifier
2019-01-13 14:50:27,295 - INFO - Starting RandomForestClassifier
2019-01-13 15:15:11,401 - INFO - Starting XGBClassifier
2019-01-13 15:15:30,009 - INFO - Starting GradientBoostingClassifier
2019-01-13 15:16:13,078 - INFO - Starting AdaBoostClassifier
2019-01-13 15:17:00,538 - INFO - X columns for the regression model: ['pe_better', 'forecast_error_diff_deviation', 'previous_error_diff_deviation', 'fe_accurate', 'volatility_60_0_before', 'Medium', 'High', 'forecast_error_diff_outlier_class', 'pe_worse', 'fe_better', 'fe_worse', 'pe_accurate', 'weekday', 'new_id', 'year', 'num_news', 'previous_error_diff_outlier_class', 'pips_agg_60_0_before', 'week', 'Low']
2019-01-13 15:17:00,670 - INFO - Starting KNeighborsRegressor
2019-01-13 15:19:43,944 - INFO - Starting SVR - rbf
2019-01-13 15:27:42,014 - INFO - Starting DecisionTreeRegressor
2019-01-13 15:28:18,916 - INFO - Starting RandomForestRegressor
