2019-01-13 14:37:44,716 - INFO - #########################
2019-01-13 14:37:44,716 - INFO - 
2019-01-13 14:37:44,716 - INFO - Starting a new sweep, grouping news by: ALL_NO_1_1_1
2019-01-13 14:39:22,644 - INFO - Starting a new sweep with market features: basic
2019-01-13 14:39:22,644 - INFO - Starting a new sweep, features before the publication are: included
2019-01-13 14:39:22,644 - INFO - Starting a new sweep, delay in between buying-selling is: 60_240
2019-01-13 14:39:22,645 - INFO - Starting a new sweep for grid mode: basic
2019-01-13 14:39:22,645 - INFO - List of dynamic market fields: ['volatility_0_5_after', 'pips_candle_0_5_after', 'volatility_5_10_after', 'pips_candle_5_10_after', 'volatility_10_15_after', 'pips_candle_10_15_after', 'volatility_15_20_after', 'pips_candle_15_20_after', 'volatility_20_25_after', 'pips_candle_20_25_after', 'volatility_25_30_after', 'pips_candle_25_30_after', 'volatility_30_60_after', 'pips_candle_30_60_after', 'volatility_60_0_before', 'pips_agg_60_0_before', 'datetime', 'pips_candle_max_60_240_after']
2019-01-13 14:39:25,571 - INFO - X columns for the classification model: ['previous_error_diff_deviation', 'volatility_20_25_after', 'volatility_25_30_after', 'Medium', 'volatility_60_0_before', 'pips_candle_15_20_after', 'pips_candle_5_10_after', 'volatility_5_10_after', 'fe_better', 'forecast_error_diff_deviation', 'pe_worse', 'year', 'volatility_30_60_after', 'fe_accurate', 'previous_error_diff_outlier_class', 'num_news', 'volatility_15_20_after', 'Low', 'week', 'pips_agg_60_0_before', 'High', 'pips_candle_20_25_after', 'volatility_0_5_after', 'pe_accurate', 'pips_candle_30_60_after', 'pips_candle_0_5_after', 'forecast_error_diff_outlier_class', 'pe_better', 'volatility_10_15_after', 'fe_worse', 'pips_candle_25_30_after', 'weekday', 'new_id', 'pips_candle_10_15_after']
2019-01-13 14:39:25,571 - INFO - y dependent variable: reaction_max_60_240_after
2019-01-13 14:39:25,804 - INFO - Starting KNeighborsClassifier
2019-01-13 14:49:01,056 - INFO - Starting SVC - rbf
2019-01-13 14:59:32,127 - INFO - Starting DecisionTreeClassifier
2019-01-13 15:00:19,032 - INFO - Starting RandomForestClassifier
2019-01-13 15:30:17,867 - INFO - Starting XGBClassifier
2019-01-13 15:30:49,580 - INFO - Starting GradientBoostingClassifier
2019-01-13 15:32:05,954 - INFO - Starting AdaBoostClassifier
2019-01-13 15:33:15,935 - INFO - X columns for the regression model: ['previous_error_diff_deviation', 'volatility_20_25_after', 'volatility_25_30_after', 'Medium', 'volatility_60_0_before', 'pips_candle_15_20_after', 'pips_candle_5_10_after', 'volatility_5_10_after', 'fe_better', 'forecast_error_diff_deviation', 'pe_worse', 'year', 'volatility_30_60_after', 'fe_accurate', 'previous_error_diff_outlier_class', 'num_news', 'volatility_15_20_after', 'Low', 'week', 'pips_agg_60_0_before', 'High', 'pips_candle_20_25_after', 'volatility_0_5_after', 'pe_accurate', 'pips_candle_30_60_after', 'pips_candle_0_5_after', 'forecast_error_diff_outlier_class', 'pe_better', 'volatility_10_15_after', 'fe_worse', 'pips_candle_25_30_after', 'weekday', 'new_id', 'pips_candle_10_15_after']
2019-01-13 15:33:16,139 - INFO - Starting KNeighborsRegressor
2019-01-13 15:43:53,903 - INFO - Starting SVR - rbf
2019-01-13 15:54:26,853 - INFO - Starting DecisionTreeRegressor
2019-01-13 15:55:15,602 - INFO - Starting RandomForestRegressor
2019-01-13 17:08:01,001 - INFO - Starting XGBRegressor
2019-01-13 17:08:29,171 - INFO - Starting GradientBoostingRegressor
2019-01-13 17:09:33,813 - INFO - Starting AdaBoostRegressor
2019-01-13 17:11:12,887 - INFO - sweep done in: 151.84 min
2019-01-13 17:11:12,889 - INFO - Starting a new sweep for grid mode: basic
2019-01-13 17:11:12,890 - INFO - List of dynamic market fields: ['volatility_0_5_after', 'pips_candle_0_5_after', 'volatility_5_10_after', 'pips_candle_5_10_after', 'volatility_10_15_after', 'pips_candle_10_15_after', 'volatility_15_20_after', 'pips_candle_15_20_after', 'volatility_20_25_after', 'pips_candle_20_25_after', 'volatility_25_30_after', 'pips_candle_25_30_after', 'volatility_30_60_after', 'pips_candle_30_60_after', 'volatility_60_0_before', 'pips_agg_60_0_before', 'datetime', 'pips_candle_min_60_240_after']
2019-01-13 17:11:15,233 - INFO - X columns for the classification model: ['previous_error_diff_deviation', 'volatility_20_25_after', 'volatility_25_30_after', 'Medium', 'volatility_60_0_before', 'pips_candle_15_20_after', 'pips_candle_5_10_after', 'volatility_5_10_after', 'fe_better', 'forecast_error_diff_deviation', 'pe_worse', 'year', 'volatility_30_60_after', 'fe_accurate', 'previous_error_diff_outlier_class', 'num_news', 'volatility_15_20_after', 'Low', 'week', 'pips_agg_60_0_before', 'High', 'pips_candle_20_25_after', 'volatility_0_5_after', 'pe_accurate', 'pips_candle_30_60_after', 'pips_candle_0_5_after', 'forecast_error_diff_outlier_class', 'pe_better', 'volatility_10_15_after', 'fe_worse', 'pips_candle_25_30_after', 'weekday', 'new_id', 'pips_candle_10_15_after']
2019-01-13 17:11:15,233 - INFO - y dependent variable: reaction_min_60_240_after
2019-01-13 17:11:15,439 - INFO - Starting KNeighborsClassifier
2019-01-13 17:20:03,395 - INFO - Starting SVC - rbf
2019-01-13 17:29:44,802 - INFO - Starting DecisionTreeClassifier
2019-01-13 17:30:30,117 - INFO - Starting RandomForestClassifier
2019-01-13 17:58:47,069 - INFO - Starting XGBClassifier
2019-01-13 17:59:15,340 - INFO - Starting GradientBoostingClassifier
2019-01-13 18:00:35,735 - INFO - Starting AdaBoostClassifier
2019-01-13 18:01:45,088 - INFO - X columns for the regression model: ['previous_error_diff_deviation', 'volatility_20_25_after', 'volatility_25_30_after', 'Medium', 'volatility_60_0_before', 'pips_candle_15_20_after', 'pips_candle_5_10_after', 'volatility_5_10_after', 'fe_better', 'forecast_error_diff_deviation', 'pe_worse', 'year', 'volatility_30_60_after', 'fe_accurate', 'previous_error_diff_outlier_class', 'num_news', 'volatility_15_20_after', 'Low', 'week', 'pips_agg_60_0_before', 'High', 'pips_candle_20_25_after', 'volatility_0_5_after', 'pe_accurate', 'pips_candle_30_60_after', 'pips_candle_0_5_after', 'forecast_error_diff_outlier_class', 'pe_better', 'volatility_10_15_after', 'fe_worse', 'pips_candle_25_30_after', 'weekday', 'new_id', 'pips_candle_10_15_after']
2019-01-13 18:01:45,300 - INFO - Starting KNeighborsRegressor
2019-01-13 18:10:17,159 - INFO - Starting SVR - rbf
2019-01-13 18:19:31,255 - INFO - Starting DecisionTreeRegressor
2019-01-13 18:20:15,662 - INFO - Starting RandomForestRegressor
2019-01-13 19:33:37,223 - INFO - Starting XGBRegressor
2019-01-13 19:34:04,246 - INFO - Starting GradientBoostingRegressor
2019-01-13 19:35:02,603 - INFO - Starting AdaBoostRegressor
2019-01-13 19:36:25,478 - INFO - sweep done in: 145.21 min
2019-01-13 19:36:25,483 - INFO - Starting a new sweep with market features: all
2019-01-13 19:36:25,484 - INFO - Starting a new sweep, features before the publication are: included
2019-01-13 19:36:25,484 - INFO - Starting a new sweep, delay in between buying-selling is: 60_240
2019-01-13 19:36:25,484 - INFO - Starting a new sweep for grid mode: basic
2019-01-13 19:36:25,484 - INFO - List of dynamic market fields: ['volatility_0_5_after', 'pips_candle_0_5_after', 'volatility_5_10_after', 'pips_candle_5_10_after', 'volatility_10_15_after', 'pips_candle_10_15_after', 'volatility_15_20_after', 'pips_candle_15_20_after', 'volatility_20_25_after', 'pips_candle_20_25_after', 'volatility_25_30_after', 'pips_candle_25_30_after', 'volatility_30_60_after', 'pips_candle_30_60_after', 'pips_candle_max_30_60_after', 'pips_candle_min_30_60_after', 'volatility_60_0_before', 'pips_agg_60_0_before', 'datetime', 'pips_candle_max_60_240_after']
2019-01-13 19:36:27,959 - INFO - X columns for the classification model: ['previous_error_diff_deviation', 'volatility_20_25_after', 'pips_candle_min_30_60_after', 'volatility_25_30_after', 'Medium', 'volatility_60_0_before', 'pips_candle_15_20_after', 'pips_candle_5_10_after', 'pips_candle_max_30_60_after', 'volatility_5_10_after', 'fe_better', 'forecast_error_diff_deviation', 'pe_worse', 'year', 'volatility_30_60_after', 'fe_accurate', 'previous_error_diff_outlier_class', 'num_news', 'volatility_15_20_after', 'Low', 'week', 'pips_agg_60_0_before', 'High', 'pips_candle_20_25_after', 'volatility_0_5_after', 'pe_accurate', 'pips_candle_30_60_after', 'pips_candle_0_5_after', 'forecast_error_diff_outlier_class', 'pe_better', 'volatility_10_15_after', 'fe_worse', 'pips_candle_25_30_after', 'weekday', 'new_id', 'pips_candle_10_15_after']
2019-01-13 19:36:27,959 - INFO - y dependent variable: reaction_max_60_240_after
2019-01-13 19:36:28,159 - INFO - Starting KNeighborsClassifier
2019-01-13 19:45:39,050 - INFO - Starting SVC - rbf
2019-01-13 19:56:02,138 - INFO - Starting DecisionTreeClassifier
2019-01-13 19:56:51,189 - INFO - Starting RandomForestClassifier
2019-01-13 20:29:40,322 - INFO - Starting XGBClassifier
2019-01-13 20:30:12,951 - INFO - Starting GradientBoostingClassifier
2019-01-13 20:31:31,110 - INFO - Starting AdaBoostClassifier
2019-01-13 20:32:49,827 - INFO - X columns for the regression model: ['previous_error_diff_deviation', 'volatility_20_25_after', 'pips_candle_min_30_60_after', 'volatility_25_30_after', 'Medium', 'volatility_60_0_before', 'pips_candle_15_20_after', 'pips_candle_5_10_after', 'pips_candle_max_30_60_after', 'volatility_5_10_after', 'fe_better', 'forecast_error_diff_deviation', 'pe_worse', 'year', 'volatility_30_60_after', 'fe_accurate', 'previous_error_diff_outlier_class', 'num_news', 'volatility_15_20_after', 'Low', 'week', 'pips_agg_60_0_before', 'High', 'pips_candle_20_25_after', 'volatility_0_5_after', 'pe_accurate', 'pips_candle_30_60_after', 'pips_candle_0_5_after', 'forecast_error_diff_outlier_class', 'pe_better', 'volatility_10_15_after', 'fe_worse', 'pips_candle_25_30_after', 'weekday', 'new_id', 'pips_candle_10_15_after']
2019-01-13 20:32:50,049 - INFO - Starting KNeighborsRegressor
2019-01-13 20:42:33,745 - INFO - Starting SVR - rbf
2019-01-13 20:53:30,090 - INFO - Starting DecisionTreeRegressor
2019-01-13 20:54:23,496 - INFO - Starting RandomForestRegressor
