2019-01-15 02:57:11,895 - INFO - #########################
2019-01-15 02:57:11,898 - INFO - 
2019-01-15 02:57:11,898 - INFO - Starting a new sweep, grouping news by: ALL_NO_1_1_1
2019-01-15 02:59:06,851 - INFO - Starting a new sweep with market features: basic
2019-01-15 02:59:06,851 - INFO - Starting a new sweep, features before the publication are: included
2019-01-15 02:59:06,851 - INFO - Starting a new sweep, delay in between buying-selling is: 30_240
2019-01-15 02:59:06,851 - INFO - Starting a new sweep for grid mode: basic
2019-01-15 02:59:06,852 - INFO - List of dynamic market fields: ['volatility_0_5_after', 'pips_candle_0_5_after', 'volatility_5_10_after', 'pips_candle_5_10_after', 'volatility_10_15_after', 'pips_candle_10_15_after', 'volatility_15_20_after', 'pips_candle_15_20_after', 'volatility_20_25_after', 'pips_candle_20_25_after', 'volatility_25_30_after', 'pips_candle_25_30_after', 'volatility_60_0_before', 'pips_agg_60_0_before', 'datetime', 'pips_candle_max_30_240_after']
2019-01-15 02:59:09,623 - INFO - X columns for the classification model: ['pips_candle_15_20_after', 'weekday', 'High', 'fe_accurate', 'Medium', 'forecast_error_diff_outlier_class', 'volatility_0_5_after', 'pips_candle_20_25_after', 'volatility_25_30_after', 'week', 'volatility_15_20_after', 'volatility_20_25_after', 'fe_better', 'fe_worse', 'pe_better', 'volatility_5_10_after', 'pe_worse', 'forecast_error_diff_deviation', 'pips_candle_0_5_after', 'pips_candle_10_15_after', 'previous_error_diff_outlier_class', 'pips_candle_25_30_after', 'pips_agg_60_0_before', 'year', 'volatility_60_0_before', 'pe_accurate', 'num_news', 'new_id', 'volatility_10_15_after', 'previous_error_diff_deviation', 'pips_candle_5_10_after', 'Low']
2019-01-15 02:59:09,623 - INFO - y dependent variable: reaction_max_30_240_after
2019-01-15 02:59:09,850 - INFO - Starting KNeighborsClassifier
2019-01-15 03:08:20,338 - INFO - Starting SVC - rbf
2019-01-15 03:19:22,432 - INFO - Starting DecisionTreeClassifier
2019-01-15 03:20:09,611 - INFO - Starting RandomForestClassifier
2019-01-15 03:49:36,298 - INFO - Starting XGBClassifier
2019-01-15 03:50:05,044 - INFO - Starting GradientBoostingClassifier
2019-01-15 03:51:15,189 - INFO - Starting AdaBoostClassifier
2019-01-15 03:52:23,506 - INFO - X columns for the regression model: ['pips_candle_15_20_after', 'weekday', 'High', 'fe_accurate', 'Medium', 'forecast_error_diff_outlier_class', 'volatility_0_5_after', 'pips_candle_20_25_after', 'volatility_25_30_after', 'week', 'volatility_15_20_after', 'volatility_20_25_after', 'fe_better', 'fe_worse', 'pe_better', 'volatility_5_10_after', 'pe_worse', 'forecast_error_diff_deviation', 'pips_candle_0_5_after', 'pips_candle_10_15_after', 'previous_error_diff_outlier_class', 'pips_candle_25_30_after', 'pips_agg_60_0_before', 'year', 'volatility_60_0_before', 'pe_accurate', 'num_news', 'new_id', 'volatility_10_15_after', 'previous_error_diff_deviation', 'pips_candle_5_10_after', 'Low']
2019-01-15 03:52:23,675 - INFO - Starting KNeighborsRegressor
2019-01-15 03:59:57,164 - INFO - Starting SVR - rbf
2019-01-15 04:09:58,763 - INFO - Starting DecisionTreeRegressor
2019-01-15 04:10:45,412 - INFO - Starting RandomForestRegressor
2019-01-15 05:19:03,132 - INFO - Starting XGBRegressor
2019-01-15 05:19:29,238 - INFO - Starting GradientBoostingRegressor
2019-01-15 05:20:27,317 - INFO - Starting AdaBoostRegressor
2019-01-15 05:21:58,784 - INFO - sweep done in: 142.87 min
2019-01-15 05:21:58,787 - INFO - Starting a new sweep for grid mode: basic
2019-01-15 05:21:58,787 - INFO - List of dynamic market fields: ['volatility_0_5_after', 'pips_candle_0_5_after', 'volatility_5_10_after', 'pips_candle_5_10_after', 'volatility_10_15_after', 'pips_candle_10_15_after', 'volatility_15_20_after', 'pips_candle_15_20_after', 'volatility_20_25_after', 'pips_candle_20_25_after', 'volatility_25_30_after', 'pips_candle_25_30_after', 'volatility_60_0_before', 'pips_agg_60_0_before', 'datetime', 'pips_candle_min_30_240_after']
2019-01-15 05:22:01,096 - INFO - X columns for the classification model: ['pips_candle_15_20_after', 'weekday', 'High', 'fe_accurate', 'Medium', 'forecast_error_diff_outlier_class', 'volatility_0_5_after', 'pips_candle_20_25_after', 'volatility_25_30_after', 'week', 'volatility_15_20_after', 'volatility_20_25_after', 'fe_better', 'fe_worse', 'pe_better', 'volatility_5_10_after', 'pe_worse', 'forecast_error_diff_deviation', 'pips_candle_0_5_after', 'pips_candle_10_15_after', 'previous_error_diff_outlier_class', 'pips_candle_25_30_after', 'pips_agg_60_0_before', 'year', 'volatility_60_0_before', 'pe_accurate', 'num_news', 'new_id', 'volatility_10_15_after', 'previous_error_diff_deviation', 'pips_candle_5_10_after', 'Low']
2019-01-15 05:22:01,096 - INFO - y dependent variable: reaction_min_30_240_after
2019-01-15 05:22:01,282 - INFO - Starting KNeighborsClassifier
2019-01-15 05:28:48,049 - INFO - Starting SVC - rbf
2019-01-15 05:38:45,474 - INFO - Starting DecisionTreeClassifier
2019-01-15 05:39:28,055 - INFO - Starting RandomForestClassifier
2019-01-15 06:06:32,880 - INFO - Starting XGBClassifier
2019-01-15 06:07:01,125 - INFO - Starting GradientBoostingClassifier
2019-01-15 06:08:12,690 - INFO - Starting AdaBoostClassifier
2019-01-15 06:09:22,384 - INFO - X columns for the regression model: ['pips_candle_15_20_after', 'weekday', 'High', 'fe_accurate', 'Medium', 'forecast_error_diff_outlier_class', 'volatility_0_5_after', 'pips_candle_20_25_after', 'volatility_25_30_after', 'week', 'volatility_15_20_after', 'volatility_20_25_after', 'fe_better', 'fe_worse', 'pe_better', 'volatility_5_10_after', 'pe_worse', 'forecast_error_diff_deviation', 'pips_candle_0_5_after', 'pips_candle_10_15_after', 'previous_error_diff_outlier_class', 'pips_candle_25_30_after', 'pips_agg_60_0_before', 'year', 'volatility_60_0_before', 'pe_accurate', 'num_news', 'new_id', 'volatility_10_15_after', 'previous_error_diff_deviation', 'pips_candle_5_10_after', 'Low']
2019-01-15 06:09:22,560 - INFO - Starting KNeighborsRegressor
2019-01-15 06:16:49,497 - INFO - Starting SVR - rbf
2019-01-15 06:25:56,791 - INFO - Starting DecisionTreeRegressor
2019-01-15 06:26:38,871 - INFO - Starting RandomForestRegressor
2019-01-15 07:33:43,282 - INFO - Starting XGBRegressor
2019-01-15 07:34:08,691 - INFO - Starting GradientBoostingRegressor
2019-01-15 07:35:01,779 - INFO - Starting AdaBoostRegressor
2019-01-15 07:35:42,587 - INFO - sweep done in: 133.73 min
2019-01-15 07:35:42,594 - INFO - Starting a new sweep with market features: all
2019-01-15 07:35:42,594 - INFO - Starting a new sweep, features before the publication are: included
2019-01-15 07:35:42,595 - INFO - Starting a new sweep, delay in between buying-selling is: 30_240
2019-01-15 07:35:42,595 - INFO - Starting a new sweep for grid mode: basic
2019-01-15 07:35:42,595 - INFO - List of dynamic market fields: ['volatility_0_5_after', 'pips_candle_0_5_after', 'volatility_5_10_after', 'pips_candle_5_10_after', 'volatility_10_15_after', 'pips_candle_10_15_after', 'volatility_15_20_after', 'pips_candle_15_20_after', 'volatility_20_25_after', 'pips_candle_20_25_after', 'volatility_25_30_after', 'pips_candle_25_30_after', 'volatility_60_0_before', 'pips_agg_60_0_before', 'datetime', 'pips_candle_max_30_240_after']
2019-01-15 07:35:44,894 - INFO - X columns for the classification model: ['pips_candle_15_20_after', 'weekday', 'High', 'fe_accurate', 'Medium', 'forecast_error_diff_outlier_class', 'volatility_0_5_after', 'pips_candle_20_25_after', 'volatility_25_30_after', 'week', 'volatility_15_20_after', 'volatility_20_25_after', 'fe_better', 'fe_worse', 'pe_better', 'volatility_5_10_after', 'pe_worse', 'forecast_error_diff_deviation', 'pips_candle_0_5_after', 'pips_candle_10_15_after', 'previous_error_diff_outlier_class', 'pips_candle_25_30_after', 'pips_agg_60_0_before', 'year', 'volatility_60_0_before', 'pe_accurate', 'num_news', 'new_id', 'volatility_10_15_after', 'previous_error_diff_deviation', 'pips_candle_5_10_after', 'Low']
2019-01-15 07:35:44,894 - INFO - y dependent variable: reaction_max_30_240_after
2019-01-15 07:35:45,064 - INFO - Starting KNeighborsClassifier
2019-01-15 07:42:19,103 - INFO - Starting SVC - rbf
2019-01-15 07:52:18,456 - INFO - Starting DecisionTreeClassifier
2019-01-15 07:53:02,534 - INFO - Starting RandomForestClassifier
2019-01-15 08:20:44,488 - INFO - Starting XGBClassifier
2019-01-15 08:21:11,246 - INFO - Starting GradientBoostingClassifier
2019-01-15 08:22:14,510 - INFO - Starting AdaBoostClassifier
2019-01-15 08:23:20,711 - INFO - X columns for the regression model: ['pips_candle_15_20_after', 'weekday', 'High', 'fe_accurate', 'Medium', 'forecast_error_diff_outlier_class', 'volatility_0_5_after', 'pips_candle_20_25_after', 'volatility_25_30_after', 'week', 'volatility_15_20_after', 'volatility_20_25_after', 'fe_better', 'fe_worse', 'pe_better', 'volatility_5_10_after', 'pe_worse', 'forecast_error_diff_deviation', 'pips_candle_0_5_after', 'pips_candle_10_15_after', 'previous_error_diff_outlier_class', 'pips_candle_25_30_after', 'pips_agg_60_0_before', 'year', 'volatility_60_0_before', 'pe_accurate', 'num_news', 'new_id', 'volatility_10_15_after', 'previous_error_diff_deviation', 'pips_candle_5_10_after', 'Low']
2019-01-15 08:23:20,875 - INFO - Starting KNeighborsRegressor
2019-01-15 08:30:45,938 - INFO - Starting SVR - rbf
2019-01-15 08:39:46,276 - INFO - Starting DecisionTreeRegressor
2019-01-15 08:40:28,079 - INFO - Starting RandomForestRegressor
2019-01-15 09:47:32,853 - INFO - Starting XGBRegressor
2019-01-15 09:47:58,454 - INFO - Starting GradientBoostingRegressor
2019-01-15 09:48:53,091 - INFO - Starting AdaBoostRegressor
2019-01-15 09:50:18,570 - INFO - sweep done in: 134.60 min
2019-01-15 09:50:18,573 - INFO - Starting a new sweep for grid mode: basic
2019-01-15 09:50:18,573 - INFO - List of dynamic market fields: ['volatility_0_5_after', 'pips_candle_0_5_after', 'volatility_5_10_after', 'pips_candle_5_10_after', 'volatility_10_15_after', 'pips_candle_10_15_after', 'volatility_15_20_after', 'pips_candle_15_20_after', 'volatility_20_25_after', 'pips_candle_20_25_after', 'volatility_25_30_after', 'pips_candle_25_30_after', 'volatility_60_0_before', 'pips_agg_60_0_before', 'datetime', 'pips_candle_min_30_240_after']
2019-01-15 09:50:20,772 - INFO - X columns for the classification model: ['pips_candle_15_20_after', 'weekday', 'High', 'fe_accurate', 'Medium', 'forecast_error_diff_outlier_class', 'volatility_0_5_after', 'pips_candle_20_25_after', 'volatility_25_30_after', 'week', 'volatility_15_20_after', 'volatility_20_25_after', 'fe_better', 'fe_worse', 'pe_better', 'volatility_5_10_after', 'pe_worse', 'forecast_error_diff_deviation', 'pips_candle_0_5_after', 'pips_candle_10_15_after', 'previous_error_diff_outlier_class', 'pips_candle_25_30_after', 'pips_agg_60_0_before', 'year', 'volatility_60_0_before', 'pe_accurate', 'num_news', 'new_id', 'volatility_10_15_after', 'previous_error_diff_deviation', 'pips_candle_5_10_after', 'Low']
2019-01-15 09:50:20,772 - INFO - y dependent variable: reaction_min_30_240_after
2019-01-15 09:50:20,978 - INFO - Starting KNeighborsClassifier
2019-01-15 09:56:53,155 - INFO - Starting SVC - rbf
2019-01-15 10:06:32,897 - INFO - Starting DecisionTreeClassifier
2019-01-15 10:07:15,149 - INFO - Starting RandomForestClassifier
2019-01-15 10:34:00,381 - INFO - Starting XGBClassifier
2019-01-15 10:34:28,767 - INFO - Starting GradientBoostingClassifier
2019-01-15 10:35:38,256 - INFO - Starting AdaBoostClassifier
2019-01-15 10:36:48,565 - INFO - X columns for the regression model: ['pips_candle_15_20_after', 'weekday', 'High', 'fe_accurate', 'Medium', 'forecast_error_diff_outlier_class', 'volatility_0_5_after', 'pips_candle_20_25_after', 'volatility_25_30_after', 'week', 'volatility_15_20_after', 'volatility_20_25_after', 'fe_better', 'fe_worse', 'pe_better', 'volatility_5_10_after', 'pe_worse', 'forecast_error_diff_deviation', 'pips_candle_0_5_after', 'pips_candle_10_15_after', 'previous_error_diff_outlier_class', 'pips_candle_25_30_after', 'pips_agg_60_0_before', 'year', 'volatility_60_0_before', 'pe_accurate', 'num_news', 'new_id', 'volatility_10_15_after', 'previous_error_diff_deviation', 'pips_candle_5_10_after', 'Low']
2019-01-15 10:36:48,725 - INFO - Starting KNeighborsRegressor
2019-01-15 10:44:20,624 - INFO - Starting SVR - rbf
2019-01-15 10:53:36,812 - INFO - Starting DecisionTreeRegressor
2019-01-15 10:54:18,294 - INFO - Starting RandomForestRegressor
2019-01-15 12:01:14,005 - INFO - Starting XGBRegressor
2019-01-15 12:01:39,415 - INFO - Starting GradientBoostingRegressor
2019-01-15 12:02:31,812 - INFO - Starting AdaBoostRegressor
2019-01-15 12:03:12,388 - INFO - sweep done in: 132.90 min
2019-01-15 12:03:12,392 - INFO - #########################
2019-01-15 12:03:12,392 - INFO - 
2019-01-15 12:03:12,392 - INFO - Starting a new sweep, grouping news by: ALL_NO_3_2_1
2019-01-15 12:04:45,688 - INFO - Starting a new sweep with market features: basic
2019-01-15 12:04:45,688 - INFO - Starting a new sweep, features before the publication are: included
2019-01-15 12:04:45,688 - INFO - Starting a new sweep, delay in between buying-selling is: 30_240
2019-01-15 12:04:45,688 - INFO - Starting a new sweep for grid mode: basic
2019-01-15 12:04:45,689 - INFO - List of dynamic market fields: ['volatility_0_5_after', 'pips_candle_0_5_after', 'volatility_5_10_after', 'pips_candle_5_10_after', 'volatility_10_15_after', 'pips_candle_10_15_after', 'volatility_15_20_after', 'pips_candle_15_20_after', 'volatility_20_25_after', 'pips_candle_20_25_after', 'volatility_25_30_after', 'pips_candle_25_30_after', 'volatility_60_0_before', 'pips_agg_60_0_before', 'datetime', 'pips_candle_max_30_240_after']
2019-01-15 12:04:47,958 - INFO - X columns for the classification model: ['pips_candle_15_20_after', 'weekday', 'High', 'fe_accurate', 'Medium', 'forecast_error_diff_outlier_class', 'volatility_0_5_after', 'pips_candle_20_25_after', 'volatility_25_30_after', 'week', 'volatility_15_20_after', 'volatility_20_25_after', 'fe_better', 'fe_worse', 'pe_better', 'volatility_5_10_after', 'pe_worse', 'forecast_error_diff_deviation', 'pips_candle_0_5_after', 'pips_candle_10_15_after', 'previous_error_diff_outlier_class', 'pips_candle_25_30_after', 'pips_agg_60_0_before', 'year', 'volatility_60_0_before', 'pe_accurate', 'num_news', 'new_id', 'volatility_10_15_after', 'previous_error_diff_deviation', 'pips_candle_5_10_after', 'Low']
2019-01-15 12:04:47,958 - INFO - y dependent variable: reaction_max_30_240_after
2019-01-15 12:04:48,209 - INFO - Starting KNeighborsClassifier
2019-01-15 12:11:20,096 - INFO - Starting SVC - rbf
2019-01-15 12:20:49,230 - INFO - Starting DecisionTreeClassifier
2019-01-15 12:21:32,941 - INFO - Starting RandomForestClassifier
2019-01-15 12:48:48,472 - INFO - Starting XGBClassifier
2019-01-15 12:49:16,341 - INFO - Starting GradientBoostingClassifier
2019-01-15 12:50:19,318 - INFO - Starting AdaBoostClassifier
2019-01-15 12:51:23,045 - INFO - X columns for the regression model: ['pips_candle_15_20_after', 'weekday', 'High', 'fe_accurate', 'Medium', 'forecast_error_diff_outlier_class', 'volatility_0_5_after', 'pips_candle_20_25_after', 'volatility_25_30_after', 'week', 'volatility_15_20_after', 'volatility_20_25_after', 'fe_better', 'fe_worse', 'pe_better', 'volatility_5_10_after', 'pe_worse', 'forecast_error_diff_deviation', 'pips_candle_0_5_after', 'pips_candle_10_15_after', 'previous_error_diff_outlier_class', 'pips_candle_25_30_after', 'pips_agg_60_0_before', 'year', 'volatility_60_0_before', 'pe_accurate', 'num_news', 'new_id', 'volatility_10_15_after', 'previous_error_diff_deviation', 'pips_candle_5_10_after', 'Low']
2019-01-15 12:51:23,209 - INFO - Starting KNeighborsRegressor
2019-01-15 12:58:18,064 - INFO - Starting SVR - rbf
2019-01-15 13:07:18,998 - INFO - Starting DecisionTreeRegressor
2019-01-15 13:08:02,826 - INFO - Starting RandomForestRegressor
2019-01-15 14:17:39,828 - INFO - Starting XGBRegressor
2019-01-15 14:18:05,809 - INFO - Starting GradientBoostingRegressor
2019-01-15 14:18:59,942 - INFO - Starting AdaBoostRegressor
2019-01-15 14:20:07,782 - INFO - sweep done in: 135.37 min
2019-01-15 14:20:07,799 - INFO - Starting a new sweep for grid mode: basic
2019-01-15 14:20:07,800 - INFO - List of dynamic market fields: ['volatility_0_5_after', 'pips_candle_0_5_after', 'volatility_5_10_after', 'pips_candle_5_10_after', 'volatility_10_15_after', 'pips_candle_10_15_after', 'volatility_15_20_after', 'pips_candle_15_20_after', 'volatility_20_25_after', 'pips_candle_20_25_after', 'volatility_25_30_after', 'pips_candle_25_30_after', 'volatility_60_0_before', 'pips_agg_60_0_before', 'datetime', 'pips_candle_min_30_240_after']
2019-01-15 14:20:10,145 - INFO - X columns for the classification model: ['pips_candle_15_20_after', 'weekday', 'High', 'fe_accurate', 'Medium', 'forecast_error_diff_outlier_class', 'volatility_0_5_after', 'pips_candle_20_25_after', 'volatility_25_30_after', 'week', 'volatility_15_20_after', 'volatility_20_25_after', 'fe_better', 'fe_worse', 'pe_better', 'volatility_5_10_after', 'pe_worse', 'forecast_error_diff_deviation', 'pips_candle_0_5_after', 'pips_candle_10_15_after', 'previous_error_diff_outlier_class', 'pips_candle_25_30_after', 'pips_agg_60_0_before', 'year', 'volatility_60_0_before', 'pe_accurate', 'num_news', 'new_id', 'volatility_10_15_after', 'previous_error_diff_deviation', 'pips_candle_5_10_after', 'Low']
2019-01-15 14:20:10,146 - INFO - y dependent variable: reaction_min_30_240_after
2019-01-15 14:20:10,407 - INFO - Starting KNeighborsClassifier
2019-01-15 14:26:54,807 - INFO - Starting SVC - rbf
2019-01-15 14:36:32,844 - INFO - Starting DecisionTreeClassifier
2019-01-15 14:37:16,611 - INFO - Starting RandomForestClassifier
2019-01-15 15:04:19,735 - INFO - Starting XGBClassifier
2019-01-15 15:04:47,676 - INFO - Starting GradientBoostingClassifier
2019-01-15 15:05:52,652 - INFO - Starting AdaBoostClassifier
2019-01-15 15:06:57,802 - INFO - X columns for the regression model: ['pips_candle_15_20_after', 'weekday', 'High', 'fe_accurate', 'Medium', 'forecast_error_diff_outlier_class', 'volatility_0_5_after', 'pips_candle_20_25_after', 'volatility_25_30_after', 'week', 'volatility_15_20_after', 'volatility_20_25_after', 'fe_better', 'fe_worse', 'pe_better', 'volatility_5_10_after', 'pe_worse', 'forecast_error_diff_deviation', 'pips_candle_0_5_after', 'pips_candle_10_15_after', 'previous_error_diff_outlier_class', 'pips_candle_25_30_after', 'pips_agg_60_0_before', 'year', 'volatility_60_0_before', 'pe_accurate', 'num_news', 'new_id', 'volatility_10_15_after', 'previous_error_diff_deviation', 'pips_candle_5_10_after', 'Low']
2019-01-15 15:06:57,988 - INFO - Starting KNeighborsRegressor
2019-01-15 15:13:23,932 - INFO - Starting SVR - rbf
2019-01-15 15:22:15,567 - INFO - Starting DecisionTreeRegressor
2019-01-15 15:22:58,060 - INFO - Starting RandomForestRegressor
2019-01-15 16:15:28,427 - INFO - Starting XGBRegressor
2019-01-15 16:15:44,937 - INFO - Starting GradientBoostingRegressor
2019-01-15 16:16:22,485 - INFO - Starting AdaBoostRegressor
2019-01-15 16:16:54,853 - INFO - sweep done in: 116.78 min
2019-01-15 16:16:54,869 - INFO - Starting a new sweep with market features: all
2019-01-15 16:16:54,869 - INFO - Starting a new sweep, features before the publication are: included
2019-01-15 16:16:54,870 - INFO - Starting a new sweep, delay in between buying-selling is: 30_240
2019-01-15 16:16:54,870 - INFO - Starting a new sweep for grid mode: basic
2019-01-15 16:16:54,870 - INFO - List of dynamic market fields: ['volatility_0_5_after', 'pips_candle_0_5_after', 'volatility_5_10_after', 'pips_candle_5_10_after', 'volatility_10_15_after', 'pips_candle_10_15_after', 'volatility_15_20_after', 'pips_candle_15_20_after', 'volatility_20_25_after', 'pips_candle_20_25_after', 'volatility_25_30_after', 'pips_candle_25_30_after', 'volatility_60_0_before', 'pips_agg_60_0_before', 'datetime', 'pips_candle_max_30_240_after']
2019-01-15 16:16:56,419 - INFO - X columns for the classification model: ['pips_candle_15_20_after', 'weekday', 'High', 'fe_accurate', 'Medium', 'forecast_error_diff_outlier_class', 'volatility_0_5_after', 'pips_candle_20_25_after', 'volatility_25_30_after', 'week', 'volatility_15_20_after', 'volatility_20_25_after', 'fe_better', 'fe_worse', 'pe_better', 'volatility_5_10_after', 'pe_worse', 'forecast_error_diff_deviation', 'pips_candle_0_5_after', 'pips_candle_10_15_after', 'previous_error_diff_outlier_class', 'pips_candle_25_30_after', 'pips_agg_60_0_before', 'year', 'volatility_60_0_before', 'pe_accurate', 'num_news', 'new_id', 'volatility_10_15_after', 'previous_error_diff_deviation', 'pips_candle_5_10_after', 'Low']
2019-01-15 16:16:56,420 - INFO - y dependent variable: reaction_max_30_240_after
2019-01-15 16:16:56,622 - INFO - Starting KNeighborsClassifier
2019-01-15 16:21:21,951 - INFO - Starting SVC - rbf
2019-01-15 16:27:31,101 - INFO - Starting DecisionTreeClassifier
2019-01-15 16:27:58,855 - INFO - Starting RandomForestClassifier
2019-01-15 16:44:16,512 - INFO - Starting XGBClassifier
2019-01-15 16:44:32,821 - INFO - Starting GradientBoostingClassifier
2019-01-15 16:45:09,622 - INFO - Starting AdaBoostClassifier
2019-01-15 16:45:46,587 - INFO - X columns for the regression model: ['pips_candle_15_20_after', 'weekday', 'High', 'fe_accurate', 'Medium', 'forecast_error_diff_outlier_class', 'volatility_0_5_after', 'pips_candle_20_25_after', 'volatility_25_30_after', 'week', 'volatility_15_20_after', 'volatility_20_25_after', 'fe_better', 'fe_worse', 'pe_better', 'volatility_5_10_after', 'pe_worse', 'forecast_error_diff_deviation', 'pips_candle_0_5_after', 'pips_candle_10_15_after', 'previous_error_diff_outlier_class', 'pips_candle_25_30_after', 'pips_agg_60_0_before', 'year', 'volatility_60_0_before', 'pe_accurate', 'num_news', 'new_id', 'volatility_10_15_after', 'previous_error_diff_deviation', 'pips_candle_5_10_after', 'Low']
2019-01-15 16:45:46,682 - INFO - Starting KNeighborsRegressor
2019-01-15 16:49:42,343 - INFO - Starting SVR - rbf
2019-01-15 16:55:07,353 - INFO - Starting DecisionTreeRegressor
2019-01-15 16:55:33,323 - INFO - Starting RandomForestRegressor
2019-01-15 17:36:49,272 - INFO - Starting XGBRegressor
2019-01-15 17:37:05,109 - INFO - Starting GradientBoostingRegressor
2019-01-15 17:37:38,240 - INFO - Starting AdaBoostRegressor
2019-01-15 17:38:20,297 - INFO - sweep done in: 81.42 min
2019-01-15 17:38:20,314 - INFO - Starting a new sweep for grid mode: basic
2019-01-15 17:38:20,314 - INFO - List of dynamic market fields: ['volatility_0_5_after', 'pips_candle_0_5_after', 'volatility_5_10_after', 'pips_candle_5_10_after', 'volatility_10_15_after', 'pips_candle_10_15_after', 'volatility_15_20_after', 'pips_candle_15_20_after', 'volatility_20_25_after', 'pips_candle_20_25_after', 'volatility_25_30_after', 'pips_candle_25_30_after', 'volatility_60_0_before', 'pips_agg_60_0_before', 'datetime', 'pips_candle_min_30_240_after']
2019-01-15 17:38:21,851 - INFO - X columns for the classification model: ['pips_candle_15_20_after', 'weekday', 'High', 'fe_accurate', 'Medium', 'forecast_error_diff_outlier_class', 'volatility_0_5_after', 'pips_candle_20_25_after', 'volatility_25_30_after', 'week', 'volatility_15_20_after', 'volatility_20_25_after', 'fe_better', 'fe_worse', 'pe_better', 'volatility_5_10_after', 'pe_worse', 'forecast_error_diff_deviation', 'pips_candle_0_5_after', 'pips_candle_10_15_after', 'previous_error_diff_outlier_class', 'pips_candle_25_30_after', 'pips_agg_60_0_before', 'year', 'volatility_60_0_before', 'pe_accurate', 'num_news', 'new_id', 'volatility_10_15_after', 'previous_error_diff_deviation', 'pips_candle_5_10_after', 'Low']
2019-01-15 17:38:21,851 - INFO - y dependent variable: reaction_min_30_240_after
2019-01-15 17:38:22,007 - INFO - Starting KNeighborsClassifier
2019-01-15 17:43:14,042 - INFO - Starting SVC - rbf
2019-01-15 17:49:29,595 - INFO - Starting DecisionTreeClassifier
2019-01-15 17:49:56,132 - INFO - Starting RandomForestClassifier
2019-01-15 18:06:02,149 - INFO - Starting XGBClassifier
2019-01-15 18:06:18,526 - INFO - Starting GradientBoostingClassifier
2019-01-15 18:06:56,967 - INFO - Starting AdaBoostClassifier
2019-01-15 18:07:36,003 - INFO - X columns for the regression model: ['pips_candle_15_20_after', 'weekday', 'High', 'fe_accurate', 'Medium', 'forecast_error_diff_outlier_class', 'volatility_0_5_after', 'pips_candle_20_25_after', 'volatility_25_30_after', 'week', 'volatility_15_20_after', 'volatility_20_25_after', 'fe_better', 'fe_worse', 'pe_better', 'volatility_5_10_after', 'pe_worse', 'forecast_error_diff_deviation', 'pips_candle_0_5_after', 'pips_candle_10_15_after', 'previous_error_diff_outlier_class', 'pips_candle_25_30_after', 'pips_agg_60_0_before', 'year', 'volatility_60_0_before', 'pe_accurate', 'num_news', 'new_id', 'volatility_10_15_after', 'previous_error_diff_deviation', 'pips_candle_5_10_after', 'Low']
2019-01-15 18:07:36,097 - INFO - Starting KNeighborsRegressor
2019-01-15 18:11:31,630 - INFO - Starting SVR - rbf
2019-01-15 18:16:57,986 - INFO - Starting DecisionTreeRegressor
2019-01-15 18:17:24,196 - INFO - Starting RandomForestRegressor
2019-01-15 18:58:36,329 - INFO - Starting XGBRegressor
2019-01-15 18:58:51,413 - INFO - Starting GradientBoostingRegressor
2019-01-15 18:59:23,189 - INFO - Starting AdaBoostRegressor
2019-01-15 18:59:51,569 - INFO - sweep done in: 81.52 min
2019-01-15 18:59:51,583 - INFO - #########################
2019-01-15 18:59:51,583 - INFO - 
2019-01-15 18:59:51,584 - INFO - Starting a new sweep, grouping news by: ALL_YES_1_1_1
2019-01-15 19:00:46,635 - INFO - Starting a new sweep with market features: basic
2019-01-15 19:00:46,642 - INFO - Starting a new sweep, features before the publication are: included
2019-01-15 19:00:46,642 - INFO - Starting a new sweep, delay in between buying-selling is: 30_240
2019-01-15 19:00:46,642 - INFO - Starting a new sweep for grid mode: basic
2019-01-15 19:00:46,642 - INFO - List of dynamic market fields: ['volatility_0_5_after', 'pips_candle_0_5_after', 'volatility_5_10_after', 'pips_candle_5_10_after', 'volatility_10_15_after', 'pips_candle_10_15_after', 'volatility_15_20_after', 'pips_candle_15_20_after', 'volatility_20_25_after', 'pips_candle_20_25_after', 'volatility_25_30_after', 'pips_candle_25_30_after', 'volatility_60_0_before', 'pips_agg_60_0_before', 'datetime', 'pips_candle_max_30_240_after']
2019-01-15 19:00:47,876 - INFO - X columns for the classification model: ['pips_candle_15_20_after', 'weekday', 'High', 'fe_accurate', 'Medium', 'forecast_error_diff_outlier_class', 'volatility_0_5_after', 'pips_candle_20_25_after', 'volatility_25_30_after', 'week', 'volatility_15_20_after', 'volatility_20_25_after', 'fe_better', 'fe_worse', 'pe_better', 'volatility_5_10_after', 'pe_worse', 'forecast_error_diff_deviation', 'pips_candle_0_5_after', 'pips_candle_10_15_after', 'previous_error_diff_outlier_class', 'pips_candle_25_30_after', 'pips_agg_60_0_before', 'year', 'volatility_60_0_before', 'pe_accurate', 'num_news', 'new_id', 'volatility_10_15_after', 'previous_error_diff_deviation', 'pips_candle_5_10_after', 'Low']
2019-01-15 19:00:47,876 - INFO - y dependent variable: reaction_max_30_240_after
2019-01-15 19:00:47,948 - INFO - Starting KNeighborsClassifier
2019-01-15 19:03:52,400 - INFO - Starting SVC - rbf
2019-01-15 19:06:47,348 - INFO - Starting DecisionTreeClassifier
2019-01-15 19:07:04,894 - INFO - Starting RandomForestClassifier
2019-01-15 19:20:01,344 - INFO - Starting XGBClassifier
2019-01-15 19:20:11,692 - INFO - Starting GradientBoostingClassifier
2019-01-15 19:20:36,764 - INFO - Starting AdaBoostClassifier
2019-01-15 19:21:04,666 - INFO - X columns for the regression model: ['pips_candle_15_20_after', 'weekday', 'High', 'fe_accurate', 'Medium', 'forecast_error_diff_outlier_class', 'volatility_0_5_after', 'pips_candle_20_25_after', 'volatility_25_30_after', 'week', 'volatility_15_20_after', 'volatility_20_25_after', 'fe_better', 'fe_worse', 'pe_better', 'volatility_5_10_after', 'pe_worse', 'forecast_error_diff_deviation', 'pips_candle_0_5_after', 'pips_candle_10_15_after', 'previous_error_diff_outlier_class', 'pips_candle_25_30_after', 'pips_agg_60_0_before', 'year', 'volatility_60_0_before', 'pe_accurate', 'num_news', 'new_id', 'volatility_10_15_after', 'previous_error_diff_deviation', 'pips_candle_5_10_after', 'Low']
2019-01-15 19:21:04,744 - INFO - Starting KNeighborsRegressor
2019-01-15 19:24:02,760 - INFO - Starting SVR - rbf
2019-01-15 19:26:44,069 - INFO - Starting DecisionTreeRegressor
2019-01-15 19:27:01,021 - INFO - Starting RandomForestRegressor
2019-01-15 19:52:48,924 - INFO - Starting XGBRegressor
2019-01-15 19:52:59,489 - INFO - Starting GradientBoostingRegressor
2019-01-15 19:53:20,309 - INFO - Starting AdaBoostRegressor
2019-01-15 19:53:52,218 - INFO - sweep done in: 53.09 min
2019-01-15 19:53:52,224 - INFO - Starting a new sweep for grid mode: basic
2019-01-15 19:53:52,224 - INFO - List of dynamic market fields: ['volatility_0_5_after', 'pips_candle_0_5_after', 'volatility_5_10_after', 'pips_candle_5_10_after', 'volatility_10_15_after', 'pips_candle_10_15_after', 'volatility_15_20_after', 'pips_candle_15_20_after', 'volatility_20_25_after', 'pips_candle_20_25_after', 'volatility_25_30_after', 'pips_candle_25_30_after', 'volatility_60_0_before', 'pips_agg_60_0_before', 'datetime', 'pips_candle_min_30_240_after']
2019-01-15 19:53:53,287 - INFO - X columns for the classification model: ['pips_candle_15_20_after', 'weekday', 'High', 'fe_accurate', 'Medium', 'forecast_error_diff_outlier_class', 'volatility_0_5_after', 'pips_candle_20_25_after', 'volatility_25_30_after', 'week', 'volatility_15_20_after', 'volatility_20_25_after', 'fe_better', 'fe_worse', 'pe_better', 'volatility_5_10_after', 'pe_worse', 'forecast_error_diff_deviation', 'pips_candle_0_5_after', 'pips_candle_10_15_after', 'previous_error_diff_outlier_class', 'pips_candle_25_30_after', 'pips_agg_60_0_before', 'year', 'volatility_60_0_before', 'pe_accurate', 'num_news', 'new_id', 'volatility_10_15_after', 'previous_error_diff_deviation', 'pips_candle_5_10_after', 'Low']
2019-01-15 19:53:53,288 - INFO - y dependent variable: reaction_min_30_240_after
2019-01-15 19:53:53,404 - INFO - Starting KNeighborsClassifier
2019-01-15 19:56:45,396 - INFO - Starting SVC - rbf
2019-01-15 19:59:39,637 - INFO - Starting DecisionTreeClassifier
2019-01-15 19:59:56,987 - INFO - Starting RandomForestClassifier
2019-01-15 20:12:14,015 - INFO - Starting XGBClassifier
2019-01-15 20:12:25,283 - INFO - Starting GradientBoostingClassifier
2019-01-15 20:12:52,202 - INFO - Starting AdaBoostClassifier
2019-01-15 20:13:20,640 - INFO - X columns for the regression model: ['pips_candle_15_20_after', 'weekday', 'High', 'fe_accurate', 'Medium', 'forecast_error_diff_outlier_class', 'volatility_0_5_after', 'pips_candle_20_25_after', 'volatility_25_30_after', 'week', 'volatility_15_20_after', 'volatility_20_25_after', 'fe_better', 'fe_worse', 'pe_better', 'volatility_5_10_after', 'pe_worse', 'forecast_error_diff_deviation', 'pips_candle_0_5_after', 'pips_candle_10_15_after', 'previous_error_diff_outlier_class', 'pips_candle_25_30_after', 'pips_agg_60_0_before', 'year', 'volatility_60_0_before', 'pe_accurate', 'num_news', 'new_id', 'volatility_10_15_after', 'previous_error_diff_deviation', 'pips_candle_5_10_after', 'Low']
2019-01-15 20:13:20,710 - INFO - Starting KNeighborsRegressor
2019-01-15 20:16:51,224 - INFO - Starting SVR - rbf
2019-01-15 20:19:31,612 - INFO - Starting DecisionTreeRegressor
2019-01-15 20:19:48,756 - INFO - Starting RandomForestRegressor
2019-01-15 20:45:51,715 - INFO - Starting XGBRegressor
2019-01-15 20:46:02,249 - INFO - Starting GradientBoostingRegressor
2019-01-15 20:46:22,970 - INFO - Starting AdaBoostRegressor
2019-01-15 20:46:49,498 - INFO - sweep done in: 52.95 min
2019-01-15 20:46:49,516 - INFO - Starting a new sweep with market features: all
2019-01-15 20:46:49,516 - INFO - Starting a new sweep, features before the publication are: included
2019-01-15 20:46:49,516 - INFO - Starting a new sweep, delay in between buying-selling is: 30_240
2019-01-15 20:46:49,516 - INFO - Starting a new sweep for grid mode: basic
2019-01-15 20:46:49,516 - INFO - List of dynamic market fields: ['volatility_0_5_after', 'pips_candle_0_5_after', 'volatility_5_10_after', 'pips_candle_5_10_after', 'volatility_10_15_after', 'pips_candle_10_15_after', 'volatility_15_20_after', 'pips_candle_15_20_after', 'volatility_20_25_after', 'pips_candle_20_25_after', 'volatility_25_30_after', 'pips_candle_25_30_after', 'volatility_60_0_before', 'pips_agg_60_0_before', 'datetime', 'pips_candle_max_30_240_after']
2019-01-15 20:46:50,660 - INFO - X columns for the classification model: ['pips_candle_15_20_after', 'weekday', 'High', 'fe_accurate', 'Medium', 'forecast_error_diff_outlier_class', 'volatility_0_5_after', 'pips_candle_20_25_after', 'volatility_25_30_after', 'week', 'volatility_15_20_after', 'volatility_20_25_after', 'fe_better', 'fe_worse', 'pe_better', 'volatility_5_10_after', 'pe_worse', 'forecast_error_diff_deviation', 'pips_candle_0_5_after', 'pips_candle_10_15_after', 'previous_error_diff_outlier_class', 'pips_candle_25_30_after', 'pips_agg_60_0_before', 'year', 'volatility_60_0_before', 'pe_accurate', 'num_news', 'new_id', 'volatility_10_15_after', 'previous_error_diff_deviation', 'pips_candle_5_10_after', 'Low']
2019-01-15 20:46:50,660 - INFO - y dependent variable: reaction_max_30_240_after
2019-01-15 20:46:50,742 - INFO - Starting KNeighborsClassifier
2019-01-15 20:49:40,117 - INFO - Starting SVC - rbf
2019-01-15 20:52:33,193 - INFO - Starting DecisionTreeClassifier
2019-01-15 20:52:50,555 - INFO - Starting RandomForestClassifier
2019-01-15 21:04:55,118 - INFO - Starting XGBClassifier
2019-01-15 21:05:05,421 - INFO - Starting GradientBoostingClassifier
2019-01-15 21:05:30,344 - INFO - Starting AdaBoostClassifier
2019-01-15 21:05:57,619 - INFO - X columns for the regression model: ['pips_candle_15_20_after', 'weekday', 'High', 'fe_accurate', 'Medium', 'forecast_error_diff_outlier_class', 'volatility_0_5_after', 'pips_candle_20_25_after', 'volatility_25_30_after', 'week', 'volatility_15_20_after', 'volatility_20_25_after', 'fe_better', 'fe_worse', 'pe_better', 'volatility_5_10_after', 'pe_worse', 'forecast_error_diff_deviation', 'pips_candle_0_5_after', 'pips_candle_10_15_after', 'previous_error_diff_outlier_class', 'pips_candle_25_30_after', 'pips_agg_60_0_before', 'year', 'volatility_60_0_before', 'pe_accurate', 'num_news', 'new_id', 'volatility_10_15_after', 'previous_error_diff_deviation', 'pips_candle_5_10_after', 'Low']
2019-01-15 21:05:57,689 - INFO - Starting KNeighborsRegressor
2019-01-15 21:09:16,795 - INFO - Starting SVR - rbf
2019-01-15 21:12:03,834 - INFO - Starting DecisionTreeRegressor
2019-01-15 21:12:21,714 - INFO - Starting RandomForestRegressor
2019-01-15 21:38:32,645 - INFO - Starting XGBRegressor
2019-01-15 21:38:43,632 - INFO - Starting GradientBoostingRegressor
2019-01-15 21:39:05,185 - INFO - Starting AdaBoostRegressor
2019-01-15 21:39:37,875 - INFO - sweep done in: 52.81 min
2019-01-15 21:39:37,882 - INFO - Starting a new sweep for grid mode: basic
2019-01-15 21:39:37,882 - INFO - List of dynamic market fields: ['volatility_0_5_after', 'pips_candle_0_5_after', 'volatility_5_10_after', 'pips_candle_5_10_after', 'volatility_10_15_after', 'pips_candle_10_15_after', 'volatility_15_20_after', 'pips_candle_15_20_after', 'volatility_20_25_after', 'pips_candle_20_25_after', 'volatility_25_30_after', 'pips_candle_25_30_after', 'volatility_60_0_before', 'pips_agg_60_0_before', 'datetime', 'pips_candle_min_30_240_after']
2019-01-15 21:39:39,079 - INFO - X columns for the classification model: ['pips_candle_15_20_after', 'weekday', 'High', 'fe_accurate', 'Medium', 'forecast_error_diff_outlier_class', 'volatility_0_5_after', 'pips_candle_20_25_after', 'volatility_25_30_after', 'week', 'volatility_15_20_after', 'volatility_20_25_after', 'fe_better', 'fe_worse', 'pe_better', 'volatility_5_10_after', 'pe_worse', 'forecast_error_diff_deviation', 'pips_candle_0_5_after', 'pips_candle_10_15_after', 'previous_error_diff_outlier_class', 'pips_candle_25_30_after', 'pips_agg_60_0_before', 'year', 'volatility_60_0_before', 'pe_accurate', 'num_news', 'new_id', 'volatility_10_15_after', 'previous_error_diff_deviation', 'pips_candle_5_10_after', 'Low']
2019-01-15 21:39:39,079 - INFO - y dependent variable: reaction_min_30_240_after
2019-01-15 21:39:39,178 - INFO - Starting KNeighborsClassifier
2019-01-15 21:42:34,350 - INFO - Starting SVC - rbf
2019-01-15 21:45:27,475 - INFO - Starting DecisionTreeClassifier
2019-01-15 21:45:44,884 - INFO - Starting RandomForestClassifier
2019-01-15 21:57:50,642 - INFO - Starting XGBClassifier
2019-01-15 21:58:01,465 - INFO - Starting GradientBoostingClassifier
2019-01-15 21:58:27,692 - INFO - Starting AdaBoostClassifier
2019-01-15 21:58:54,358 - INFO - X columns for the regression model: ['pips_candle_15_20_after', 'weekday', 'High', 'fe_accurate', 'Medium', 'forecast_error_diff_outlier_class', 'volatility_0_5_after', 'pips_candle_20_25_after', 'volatility_25_30_after', 'week', 'volatility_15_20_after', 'volatility_20_25_after', 'fe_better', 'fe_worse', 'pe_better', 'volatility_5_10_after', 'pe_worse', 'forecast_error_diff_deviation', 'pips_candle_0_5_after', 'pips_candle_10_15_after', 'previous_error_diff_outlier_class', 'pips_candle_25_30_after', 'pips_agg_60_0_before', 'year', 'volatility_60_0_before', 'pe_accurate', 'num_news', 'new_id', 'volatility_10_15_after', 'previous_error_diff_deviation', 'pips_candle_5_10_after', 'Low']
2019-01-15 21:58:54,434 - INFO - Starting KNeighborsRegressor
2019-01-15 22:01:46,894 - INFO - Starting SVR - rbf
2019-01-15 22:04:28,954 - INFO - Starting DecisionTreeRegressor
2019-01-15 22:04:46,707 - INFO - Starting RandomForestRegressor
2019-01-15 22:31:17,076 - INFO - Starting XGBRegressor
2019-01-15 22:31:28,163 - INFO - Starting GradientBoostingRegressor
2019-01-15 22:31:49,735 - INFO - Starting AdaBoostRegressor
2019-01-15 22:32:17,266 - INFO - sweep done in: 52.66 min
2019-01-15 22:32:17,273 - INFO - #########################
2019-01-15 22:32:17,273 - INFO - 
2019-01-15 22:32:17,273 - INFO - Starting a new sweep, grouping news by: ALL_YES_3_2_1
2019-01-15 22:33:12,954 - INFO - Starting a new sweep with market features: basic
2019-01-15 22:33:12,955 - INFO - Starting a new sweep, features before the publication are: included
2019-01-15 22:33:12,955 - INFO - Starting a new sweep, delay in between buying-selling is: 30_240
2019-01-15 22:33:12,955 - INFO - Starting a new sweep for grid mode: basic
2019-01-15 22:33:12,955 - INFO - List of dynamic market fields: ['volatility_0_5_after', 'pips_candle_0_5_after', 'volatility_5_10_after', 'pips_candle_5_10_after', 'volatility_10_15_after', 'pips_candle_10_15_after', 'volatility_15_20_after', 'pips_candle_15_20_after', 'volatility_20_25_after', 'pips_candle_20_25_after', 'volatility_25_30_after', 'pips_candle_25_30_after', 'volatility_60_0_before', 'pips_agg_60_0_before', 'datetime', 'pips_candle_max_30_240_after']
2019-01-15 22:33:14,200 - INFO - X columns for the classification model: ['pips_candle_15_20_after', 'weekday', 'High', 'fe_accurate', 'Medium', 'forecast_error_diff_outlier_class', 'volatility_0_5_after', 'pips_candle_20_25_after', 'volatility_25_30_after', 'week', 'volatility_15_20_after', 'volatility_20_25_after', 'fe_better', 'fe_worse', 'pe_better', 'volatility_5_10_after', 'pe_worse', 'forecast_error_diff_deviation', 'pips_candle_0_5_after', 'pips_candle_10_15_after', 'previous_error_diff_outlier_class', 'pips_candle_25_30_after', 'pips_agg_60_0_before', 'year', 'volatility_60_0_before', 'pe_accurate', 'num_news', 'new_id', 'volatility_10_15_after', 'previous_error_diff_deviation', 'pips_candle_5_10_after', 'Low']
2019-01-15 22:33:14,201 - INFO - y dependent variable: reaction_max_30_240_after
2019-01-15 22:33:14,273 - INFO - Starting KNeighborsClassifier
2019-01-15 22:36:15,917 - INFO - Starting SVC - rbf
2019-01-15 22:39:09,243 - INFO - Starting DecisionTreeClassifier
2019-01-15 22:39:26,989 - INFO - Starting RandomForestClassifier
2019-01-15 22:51:49,081 - INFO - Starting XGBClassifier
2019-01-15 22:51:59,376 - INFO - Starting GradientBoostingClassifier
2019-01-15 22:52:24,435 - INFO - Starting AdaBoostClassifier
2019-01-15 22:52:51,665 - INFO - X columns for the regression model: ['pips_candle_15_20_after', 'weekday', 'High', 'fe_accurate', 'Medium', 'forecast_error_diff_outlier_class', 'volatility_0_5_after', 'pips_candle_20_25_after', 'volatility_25_30_after', 'week', 'volatility_15_20_after', 'volatility_20_25_after', 'fe_better', 'fe_worse', 'pe_better', 'volatility_5_10_after', 'pe_worse', 'forecast_error_diff_deviation', 'pips_candle_0_5_after', 'pips_candle_10_15_after', 'previous_error_diff_outlier_class', 'pips_candle_25_30_after', 'pips_agg_60_0_before', 'year', 'volatility_60_0_before', 'pe_accurate', 'num_news', 'new_id', 'volatility_10_15_after', 'previous_error_diff_deviation', 'pips_candle_5_10_after', 'Low']
2019-01-15 22:52:51,734 - INFO - Starting KNeighborsRegressor
2019-01-15 22:55:50,179 - INFO - Starting SVR - rbf
2019-01-15 22:58:26,671 - INFO - Starting DecisionTreeRegressor
2019-01-15 22:58:43,744 - INFO - Starting RandomForestRegressor
2019-01-15 23:25:35,169 - INFO - Starting XGBRegressor
2019-01-15 23:25:46,206 - INFO - Starting GradientBoostingRegressor
2019-01-15 23:26:08,278 - INFO - Starting AdaBoostRegressor
2019-01-15 23:26:31,411 - INFO - sweep done in: 53.31 min
2019-01-15 23:26:31,419 - INFO - Starting a new sweep for grid mode: basic
2019-01-15 23:26:31,420 - INFO - List of dynamic market fields: ['volatility_0_5_after', 'pips_candle_0_5_after', 'volatility_5_10_after', 'pips_candle_5_10_after', 'volatility_10_15_after', 'pips_candle_10_15_after', 'volatility_15_20_after', 'pips_candle_15_20_after', 'volatility_20_25_after', 'pips_candle_20_25_after', 'volatility_25_30_after', 'pips_candle_25_30_after', 'volatility_60_0_before', 'pips_agg_60_0_before', 'datetime', 'pips_candle_min_30_240_after']
2019-01-15 23:26:32,717 - INFO - X columns for the classification model: ['pips_candle_15_20_after', 'weekday', 'High', 'fe_accurate', 'Medium', 'forecast_error_diff_outlier_class', 'volatility_0_5_after', 'pips_candle_20_25_after', 'volatility_25_30_after', 'week', 'volatility_15_20_after', 'volatility_20_25_after', 'fe_better', 'fe_worse', 'pe_better', 'volatility_5_10_after', 'pe_worse', 'forecast_error_diff_deviation', 'pips_candle_0_5_after', 'pips_candle_10_15_after', 'previous_error_diff_outlier_class', 'pips_candle_25_30_after', 'pips_agg_60_0_before', 'year', 'volatility_60_0_before', 'pe_accurate', 'num_news', 'new_id', 'volatility_10_15_after', 'previous_error_diff_deviation', 'pips_candle_5_10_after', 'Low']
2019-01-15 23:26:32,717 - INFO - y dependent variable: reaction_min_30_240_after
2019-01-15 23:26:32,807 - INFO - Starting KNeighborsClassifier
2019-01-15 23:29:57,531 - INFO - Starting SVC - rbf
2019-01-15 23:32:55,218 - INFO - Starting DecisionTreeClassifier
2019-01-15 23:33:13,311 - INFO - Starting RandomForestClassifier
2019-01-15 23:45:34,436 - INFO - Starting XGBClassifier
2019-01-15 23:45:46,040 - INFO - Starting GradientBoostingClassifier
2019-01-15 23:46:14,156 - INFO - Starting AdaBoostClassifier
2019-01-15 23:46:42,054 - INFO - X columns for the regression model: ['pips_candle_15_20_after', 'weekday', 'High', 'fe_accurate', 'Medium', 'forecast_error_diff_outlier_class', 'volatility_0_5_after', 'pips_candle_20_25_after', 'volatility_25_30_after', 'week', 'volatility_15_20_after', 'volatility_20_25_after', 'fe_better', 'fe_worse', 'pe_better', 'volatility_5_10_after', 'pe_worse', 'forecast_error_diff_deviation', 'pips_candle_0_5_after', 'pips_candle_10_15_after', 'previous_error_diff_outlier_class', 'pips_candle_25_30_after', 'pips_agg_60_0_before', 'year', 'volatility_60_0_before', 'pe_accurate', 'num_news', 'new_id', 'volatility_10_15_after', 'previous_error_diff_deviation', 'pips_candle_5_10_after', 'Low']
2019-01-15 23:46:42,136 - INFO - Starting KNeighborsRegressor
2019-01-15 23:49:37,971 - INFO - Starting SVR - rbf
2019-01-15 23:52:14,376 - INFO - Starting DecisionTreeRegressor
2019-01-15 23:52:31,305 - INFO - Starting RandomForestRegressor
2019-01-16 00:19:22,921 - INFO - Starting XGBRegressor
2019-01-16 00:19:33,685 - INFO - Starting GradientBoostingRegressor
2019-01-16 00:19:54,922 - INFO - Starting AdaBoostRegressor
2019-01-16 00:20:14,539 - INFO - sweep done in: 53.72 min
2019-01-16 00:20:14,549 - INFO - Starting a new sweep with market features: all
2019-01-16 00:20:14,549 - INFO - Starting a new sweep, features before the publication are: included
2019-01-16 00:20:14,549 - INFO - Starting a new sweep, delay in between buying-selling is: 30_240
2019-01-16 00:20:14,549 - INFO - Starting a new sweep for grid mode: basic
2019-01-16 00:20:14,549 - INFO - List of dynamic market fields: ['volatility_0_5_after', 'pips_candle_0_5_after', 'volatility_5_10_after', 'pips_candle_5_10_after', 'volatility_10_15_after', 'pips_candle_10_15_after', 'volatility_15_20_after', 'pips_candle_15_20_after', 'volatility_20_25_after', 'pips_candle_20_25_after', 'volatility_25_30_after', 'pips_candle_25_30_after', 'volatility_60_0_before', 'pips_agg_60_0_before', 'datetime', 'pips_candle_max_30_240_after']
2019-01-16 00:20:15,561 - INFO - X columns for the classification model: ['pips_candle_15_20_after', 'weekday', 'High', 'fe_accurate', 'Medium', 'forecast_error_diff_outlier_class', 'volatility_0_5_after', 'pips_candle_20_25_after', 'volatility_25_30_after', 'week', 'volatility_15_20_after', 'volatility_20_25_after', 'fe_better', 'fe_worse', 'pe_better', 'volatility_5_10_after', 'pe_worse', 'forecast_error_diff_deviation', 'pips_candle_0_5_after', 'pips_candle_10_15_after', 'previous_error_diff_outlier_class', 'pips_candle_25_30_after', 'pips_agg_60_0_before', 'year', 'volatility_60_0_before', 'pe_accurate', 'num_news', 'new_id', 'volatility_10_15_after', 'previous_error_diff_deviation', 'pips_candle_5_10_after', 'Low']
2019-01-16 00:20:15,561 - INFO - y dependent variable: reaction_max_30_240_after
2019-01-16 00:20:15,671 - INFO - Starting KNeighborsClassifier
2019-01-16 00:23:14,609 - INFO - Starting SVC - rbf
2019-01-16 00:26:07,805 - INFO - Starting DecisionTreeClassifier
2019-01-16 00:26:26,421 - INFO - Starting RandomForestClassifier
2019-01-16 00:39:10,071 - INFO - Starting XGBClassifier
2019-01-16 00:39:20,409 - INFO - Starting GradientBoostingClassifier
2019-01-16 00:39:45,585 - INFO - Starting AdaBoostClassifier
2019-01-16 00:40:12,943 - INFO - X columns for the regression model: ['pips_candle_15_20_after', 'weekday', 'High', 'fe_accurate', 'Medium', 'forecast_error_diff_outlier_class', 'volatility_0_5_after', 'pips_candle_20_25_after', 'volatility_25_30_after', 'week', 'volatility_15_20_after', 'volatility_20_25_after', 'fe_better', 'fe_worse', 'pe_better', 'volatility_5_10_after', 'pe_worse', 'forecast_error_diff_deviation', 'pips_candle_0_5_after', 'pips_candle_10_15_after', 'previous_error_diff_outlier_class', 'pips_candle_25_30_after', 'pips_agg_60_0_before', 'year', 'volatility_60_0_before', 'pe_accurate', 'num_news', 'new_id', 'volatility_10_15_after', 'previous_error_diff_deviation', 'pips_candle_5_10_after', 'Low']
2019-01-16 00:40:13,126 - INFO - Starting KNeighborsRegressor
2019-01-16 00:43:09,643 - INFO - Starting SVR - rbf
2019-01-16 00:45:45,987 - INFO - Starting DecisionTreeRegressor
2019-01-16 00:46:02,748 - INFO - Starting RandomForestRegressor
2019-01-16 01:12:49,844 - INFO - Starting XGBRegressor
2019-01-16 01:13:00,591 - INFO - Starting GradientBoostingRegressor
2019-01-16 01:13:22,205 - INFO - Starting AdaBoostRegressor
2019-01-16 01:13:44,538 - INFO - sweep done in: 53.50 min
2019-01-16 01:13:44,557 - INFO - Starting a new sweep for grid mode: basic
2019-01-16 01:13:44,557 - INFO - List of dynamic market fields: ['volatility_0_5_after', 'pips_candle_0_5_after', 'volatility_5_10_after', 'pips_candle_5_10_after', 'volatility_10_15_after', 'pips_candle_10_15_after', 'volatility_15_20_after', 'pips_candle_15_20_after', 'volatility_20_25_after', 'pips_candle_20_25_after', 'volatility_25_30_after', 'pips_candle_25_30_after', 'volatility_60_0_before', 'pips_agg_60_0_before', 'datetime', 'pips_candle_min_30_240_after']
2019-01-16 01:13:45,636 - INFO - X columns for the classification model: ['pips_candle_15_20_after', 'weekday', 'High', 'fe_accurate', 'Medium', 'forecast_error_diff_outlier_class', 'volatility_0_5_after', 'pips_candle_20_25_after', 'volatility_25_30_after', 'week', 'volatility_15_20_after', 'volatility_20_25_after', 'fe_better', 'fe_worse', 'pe_better', 'volatility_5_10_after', 'pe_worse', 'forecast_error_diff_deviation', 'pips_candle_0_5_after', 'pips_candle_10_15_after', 'previous_error_diff_outlier_class', 'pips_candle_25_30_after', 'pips_agg_60_0_before', 'year', 'volatility_60_0_before', 'pe_accurate', 'num_news', 'new_id', 'volatility_10_15_after', 'previous_error_diff_deviation', 'pips_candle_5_10_after', 'Low']
2019-01-16 01:13:45,637 - INFO - y dependent variable: reaction_min_30_240_after
2019-01-16 01:13:45,718 - INFO - Starting KNeighborsClassifier
2019-01-16 01:16:43,508 - INFO - Starting SVC - rbf
2019-01-16 01:19:35,762 - INFO - Starting DecisionTreeClassifier
2019-01-16 01:19:53,206 - INFO - Starting RandomForestClassifier
2019-01-16 01:32:41,505 - INFO - Starting XGBClassifier
2019-01-16 01:32:53,131 - INFO - Starting GradientBoostingClassifier
2019-01-16 01:33:21,342 - INFO - Starting AdaBoostClassifier
2019-01-16 01:33:49,489 - INFO - X columns for the regression model: ['pips_candle_15_20_after', 'weekday', 'High', 'fe_accurate', 'Medium', 'forecast_error_diff_outlier_class', 'volatility_0_5_after', 'pips_candle_20_25_after', 'volatility_25_30_after', 'week', 'volatility_15_20_after', 'volatility_20_25_after', 'fe_better', 'fe_worse', 'pe_better', 'volatility_5_10_after', 'pe_worse', 'forecast_error_diff_deviation', 'pips_candle_0_5_after', 'pips_candle_10_15_after', 'previous_error_diff_outlier_class', 'pips_candle_25_30_after', 'pips_agg_60_0_before', 'year', 'volatility_60_0_before', 'pe_accurate', 'num_news', 'new_id', 'volatility_10_15_after', 'previous_error_diff_deviation', 'pips_candle_5_10_after', 'Low']
2019-01-16 01:33:49,563 - INFO - Starting KNeighborsRegressor
2019-01-16 01:36:48,672 - INFO - Starting SVR - rbf
2019-01-16 01:39:25,514 - INFO - Starting DecisionTreeRegressor
2019-01-16 01:39:42,457 - INFO - Starting RandomForestRegressor
2019-01-16 02:06:35,702 - INFO - Starting XGBRegressor
2019-01-16 02:06:46,453 - INFO - Starting GradientBoostingRegressor
2019-01-16 02:07:08,125 - INFO - Starting AdaBoostRegressor
2019-01-16 02:07:28,199 - INFO - sweep done in: 53.73 min
2019-01-16 02:07:28,223 - INFO - #########################
2019-01-16 02:07:28,223 - INFO - 
2019-01-16 02:07:28,224 - INFO - Starting a new sweep, grouping news by: High_NO_1_1_1
2019-01-16 02:07:42,727 - INFO - Starting a new sweep with market features: basic
2019-01-16 02:07:42,727 - INFO - Starting a new sweep, features before the publication are: included
2019-01-16 02:07:42,727 - INFO - Starting a new sweep, delay in between buying-selling is: 30_240
2019-01-16 02:07:42,727 - INFO - Starting a new sweep for grid mode: basic
2019-01-16 02:07:42,727 - INFO - List of dynamic market fields: ['volatility_0_5_after', 'pips_candle_0_5_after', 'volatility_5_10_after', 'pips_candle_5_10_after', 'volatility_10_15_after', 'pips_candle_10_15_after', 'volatility_15_20_after', 'pips_candle_15_20_after', 'volatility_20_25_after', 'pips_candle_20_25_after', 'volatility_25_30_after', 'pips_candle_25_30_after', 'volatility_60_0_before', 'pips_agg_60_0_before', 'datetime', 'pips_candle_max_30_240_after']
2019-01-16 02:07:43,382 - INFO - X columns for the classification model: ['previous_error_diff_outlier_class', 'pips_candle_25_30_after', 'pips_candle_15_20_after', 'weekday', 'High', 'pips_agg_60_0_before', 'year', 'fe_accurate', 'forecast_error_diff_outlier_class', 'volatility_60_0_before', 'volatility_0_5_after', 'pips_candle_20_25_after', 'volatility_25_30_after', 'pe_accurate', 'week', 'volatility_15_20_after', 'volatility_20_25_after', 'fe_better', 'num_news', 'new_id', 'volatility_10_15_after', 'fe_worse', 'pe_better', 'volatility_5_10_after', 'pe_worse', 'previous_error_diff_deviation', 'forecast_error_diff_deviation', 'pips_candle_0_5_after', 'pips_candle_10_15_after', 'pips_candle_5_10_after']
2019-01-16 02:07:43,383 - INFO - y dependent variable: reaction_max_30_240_after
2019-01-16 02:07:43,409 - INFO - Starting KNeighborsClassifier
2019-01-16 02:08:27,301 - INFO - Starting SVC - rbf
2019-01-16 02:09:13,763 - INFO - Starting DecisionTreeClassifier
2019-01-16 02:09:23,651 - INFO - Starting RandomForestClassifier
2019-01-16 02:18:21,790 - INFO - Starting XGBClassifier
2019-01-16 02:18:27,582 - INFO - Starting GradientBoostingClassifier
2019-01-16 02:18:43,112 - INFO - Starting AdaBoostClassifier
2019-01-16 02:19:02,118 - INFO - X columns for the regression model: ['previous_error_diff_outlier_class', 'pips_candle_25_30_after', 'pips_candle_15_20_after', 'weekday', 'High', 'pips_agg_60_0_before', 'year', 'fe_accurate', 'forecast_error_diff_outlier_class', 'volatility_60_0_before', 'volatility_0_5_after', 'pips_candle_20_25_after', 'volatility_25_30_after', 'pe_accurate', 'week', 'volatility_15_20_after', 'volatility_20_25_after', 'fe_better', 'num_news', 'new_id', 'volatility_10_15_after', 'fe_worse', 'pe_better', 'volatility_5_10_after', 'pe_worse', 'previous_error_diff_deviation', 'forecast_error_diff_deviation', 'pips_candle_0_5_after', 'pips_candle_10_15_after', 'pips_candle_5_10_after']
2019-01-16 02:19:02,151 - INFO - Starting KNeighborsRegressor
2019-01-16 02:19:44,225 - INFO - Starting SVR - rbf
2019-01-16 02:20:28,869 - INFO - Starting DecisionTreeRegressor
2019-01-16 02:20:38,218 - INFO - Starting RandomForestRegressor
2019-01-16 02:36:11,190 - INFO - Starting XGBRegressor
2019-01-16 02:36:17,018 - INFO - Starting GradientBoostingRegressor
2019-01-16 02:36:28,683 - INFO - Starting AdaBoostRegressor
2019-01-16 02:36:47,388 - INFO - sweep done in: 29.08 min
2019-01-16 02:36:47,405 - INFO - Starting a new sweep for grid mode: basic
2019-01-16 02:36:47,405 - INFO - List of dynamic market fields: ['volatility_0_5_after', 'pips_candle_0_5_after', 'volatility_5_10_after', 'pips_candle_5_10_after', 'volatility_10_15_after', 'pips_candle_10_15_after', 'volatility_15_20_after', 'pips_candle_15_20_after', 'volatility_20_25_after', 'pips_candle_20_25_after', 'volatility_25_30_after', 'pips_candle_25_30_after', 'volatility_60_0_before', 'pips_agg_60_0_before', 'datetime', 'pips_candle_min_30_240_after']
2019-01-16 02:36:48,234 - INFO - X columns for the classification model: ['previous_error_diff_outlier_class', 'pips_candle_25_30_after', 'pips_candle_15_20_after', 'weekday', 'High', 'pips_agg_60_0_before', 'year', 'fe_accurate', 'forecast_error_diff_outlier_class', 'volatility_60_0_before', 'volatility_0_5_after', 'pips_candle_20_25_after', 'volatility_25_30_after', 'pe_accurate', 'week', 'volatility_15_20_after', 'volatility_20_25_after', 'fe_better', 'num_news', 'new_id', 'volatility_10_15_after', 'fe_worse', 'pe_better', 'volatility_5_10_after', 'pe_worse', 'previous_error_diff_deviation', 'forecast_error_diff_deviation', 'pips_candle_0_5_after', 'pips_candle_10_15_after', 'pips_candle_5_10_after']
2019-01-16 02:36:48,234 - INFO - y dependent variable: reaction_min_30_240_after
2019-01-16 02:36:48,273 - INFO - Starting KNeighborsClassifier
2019-01-16 02:37:31,007 - INFO - Starting SVC - rbf
2019-01-16 02:38:18,142 - INFO - Starting DecisionTreeClassifier
2019-01-16 02:38:27,376 - INFO - Starting RandomForestClassifier
2019-01-16 02:47:15,062 - INFO - Starting XGBClassifier
2019-01-16 02:47:21,113 - INFO - Starting GradientBoostingClassifier
2019-01-16 02:47:36,496 - INFO - Starting AdaBoostClassifier
2019-01-16 02:47:55,389 - INFO - X columns for the regression model: ['previous_error_diff_outlier_class', 'pips_candle_25_30_after', 'pips_candle_15_20_after', 'weekday', 'High', 'pips_agg_60_0_before', 'year', 'fe_accurate', 'forecast_error_diff_outlier_class', 'volatility_60_0_before', 'volatility_0_5_after', 'pips_candle_20_25_after', 'volatility_25_30_after', 'pe_accurate', 'week', 'volatility_15_20_after', 'volatility_20_25_after', 'fe_better', 'num_news', 'new_id', 'volatility_10_15_after', 'fe_worse', 'pe_better', 'volatility_5_10_after', 'pe_worse', 'previous_error_diff_deviation', 'forecast_error_diff_deviation', 'pips_candle_0_5_after', 'pips_candle_10_15_after', 'pips_candle_5_10_after']
2019-01-16 02:47:55,423 - INFO - Starting KNeighborsRegressor
2019-01-16 02:48:36,826 - INFO - Starting SVR - rbf
2019-01-16 02:49:21,222 - INFO - Starting DecisionTreeRegressor
2019-01-16 02:49:30,292 - INFO - Starting RandomForestRegressor
2019-01-16 03:04:59,641 - INFO - Starting XGBRegressor
2019-01-16 03:05:05,677 - INFO - Starting GradientBoostingRegressor
2019-01-16 03:05:17,782 - INFO - Starting AdaBoostRegressor
2019-01-16 03:05:39,984 - INFO - sweep done in: 28.88 min
2019-01-16 03:05:40,011 - INFO - Starting a new sweep with market features: all
2019-01-16 03:05:40,011 - INFO - Starting a new sweep, features before the publication are: included
2019-01-16 03:05:40,011 - INFO - Starting a new sweep, delay in between buying-selling is: 30_240
2019-01-16 03:05:40,011 - INFO - Starting a new sweep for grid mode: basic
2019-01-16 03:05:40,011 - INFO - List of dynamic market fields: ['volatility_0_5_after', 'pips_candle_0_5_after', 'volatility_5_10_after', 'pips_candle_5_10_after', 'volatility_10_15_after', 'pips_candle_10_15_after', 'volatility_15_20_after', 'pips_candle_15_20_after', 'volatility_20_25_after', 'pips_candle_20_25_after', 'volatility_25_30_after', 'pips_candle_25_30_after', 'volatility_60_0_before', 'pips_agg_60_0_before', 'datetime', 'pips_candle_max_30_240_after']
2019-01-16 03:05:40,674 - INFO - X columns for the classification model: ['previous_error_diff_outlier_class', 'pips_candle_25_30_after', 'pips_candle_15_20_after', 'weekday', 'High', 'pips_agg_60_0_before', 'year', 'fe_accurate', 'forecast_error_diff_outlier_class', 'volatility_60_0_before', 'volatility_0_5_after', 'pips_candle_20_25_after', 'volatility_25_30_after', 'pe_accurate', 'week', 'volatility_15_20_after', 'volatility_20_25_after', 'fe_better', 'num_news', 'new_id', 'volatility_10_15_after', 'fe_worse', 'pe_better', 'volatility_5_10_after', 'pe_worse', 'previous_error_diff_deviation', 'forecast_error_diff_deviation', 'pips_candle_0_5_after', 'pips_candle_10_15_after', 'pips_candle_5_10_after']
2019-01-16 03:05:40,674 - INFO - y dependent variable: reaction_max_30_240_after
2019-01-16 03:05:40,729 - INFO - Starting KNeighborsClassifier
2019-01-16 03:06:24,999 - INFO - Starting SVC - rbf
2019-01-16 03:07:11,829 - INFO - Starting DecisionTreeClassifier
2019-01-16 03:07:21,299 - INFO - Starting RandomForestClassifier
2019-01-16 03:16:19,063 - INFO - Starting XGBClassifier
2019-01-16 03:16:24,794 - INFO - Starting GradientBoostingClassifier
2019-01-16 03:16:40,155 - INFO - Starting AdaBoostClassifier
2019-01-16 03:16:59,248 - INFO - X columns for the regression model: ['previous_error_diff_outlier_class', 'pips_candle_25_30_after', 'pips_candle_15_20_after', 'weekday', 'High', 'pips_agg_60_0_before', 'year', 'fe_accurate', 'forecast_error_diff_outlier_class', 'volatility_60_0_before', 'volatility_0_5_after', 'pips_candle_20_25_after', 'volatility_25_30_after', 'pe_accurate', 'week', 'volatility_15_20_after', 'volatility_20_25_after', 'fe_better', 'num_news', 'new_id', 'volatility_10_15_after', 'fe_worse', 'pe_better', 'volatility_5_10_after', 'pe_worse', 'previous_error_diff_deviation', 'forecast_error_diff_deviation', 'pips_candle_0_5_after', 'pips_candle_10_15_after', 'pips_candle_5_10_after']
2019-01-16 03:16:59,289 - INFO - Starting KNeighborsRegressor
2019-01-16 03:17:40,856 - INFO - Starting SVR - rbf
2019-01-16 03:18:24,973 - INFO - Starting DecisionTreeRegressor
2019-01-16 03:18:34,180 - INFO - Starting RandomForestRegressor
2019-01-16 03:34:08,252 - INFO - Starting XGBRegressor
2019-01-16 03:34:14,085 - INFO - Starting GradientBoostingRegressor
2019-01-16 03:34:25,781 - INFO - Starting AdaBoostRegressor
2019-01-16 03:34:44,615 - INFO - sweep done in: 29.08 min
2019-01-16 03:34:44,632 - INFO - Starting a new sweep for grid mode: basic
2019-01-16 03:34:44,632 - INFO - List of dynamic market fields: ['volatility_0_5_after', 'pips_candle_0_5_after', 'volatility_5_10_after', 'pips_candle_5_10_after', 'volatility_10_15_after', 'pips_candle_10_15_after', 'volatility_15_20_after', 'pips_candle_15_20_after', 'volatility_20_25_after', 'pips_candle_20_25_after', 'volatility_25_30_after', 'pips_candle_25_30_after', 'volatility_60_0_before', 'pips_agg_60_0_before', 'datetime', 'pips_candle_min_30_240_after']
2019-01-16 03:34:45,213 - INFO - X columns for the classification model: ['previous_error_diff_outlier_class', 'pips_candle_25_30_after', 'pips_candle_15_20_after', 'weekday', 'High', 'pips_agg_60_0_before', 'year', 'fe_accurate', 'forecast_error_diff_outlier_class', 'volatility_60_0_before', 'volatility_0_5_after', 'pips_candle_20_25_after', 'volatility_25_30_after', 'pe_accurate', 'week', 'volatility_15_20_after', 'volatility_20_25_after', 'fe_better', 'num_news', 'new_id', 'volatility_10_15_after', 'fe_worse', 'pe_better', 'volatility_5_10_after', 'pe_worse', 'previous_error_diff_deviation', 'forecast_error_diff_deviation', 'pips_candle_0_5_after', 'pips_candle_10_15_after', 'pips_candle_5_10_after']
2019-01-16 03:34:45,213 - INFO - y dependent variable: reaction_min_30_240_after
2019-01-16 03:34:45,257 - INFO - Starting KNeighborsClassifier
2019-01-16 03:35:27,976 - INFO - Starting SVC - rbf
2019-01-16 03:36:14,891 - INFO - Starting DecisionTreeClassifier
2019-01-16 03:36:24,156 - INFO - Starting RandomForestClassifier
2019-01-16 03:45:10,698 - INFO - Starting XGBClassifier
2019-01-16 03:45:16,768 - INFO - Starting GradientBoostingClassifier
2019-01-16 03:45:32,233 - INFO - Starting AdaBoostClassifier
2019-01-16 03:45:51,076 - INFO - X columns for the regression model: ['previous_error_diff_outlier_class', 'pips_candle_25_30_after', 'pips_candle_15_20_after', 'weekday', 'High', 'pips_agg_60_0_before', 'year', 'fe_accurate', 'forecast_error_diff_outlier_class', 'volatility_60_0_before', 'volatility_0_5_after', 'pips_candle_20_25_after', 'volatility_25_30_after', 'pe_accurate', 'week', 'volatility_15_20_after', 'volatility_20_25_after', 'fe_better', 'num_news', 'new_id', 'volatility_10_15_after', 'fe_worse', 'pe_better', 'volatility_5_10_after', 'pe_worse', 'previous_error_diff_deviation', 'forecast_error_diff_deviation', 'pips_candle_0_5_after', 'pips_candle_10_15_after', 'pips_candle_5_10_after']
2019-01-16 03:45:51,118 - INFO - Starting KNeighborsRegressor
2019-01-16 03:46:32,498 - INFO - Starting SVR - rbf
2019-01-16 03:47:16,878 - INFO - Starting DecisionTreeRegressor
2019-01-16 03:47:25,955 - INFO - Starting RandomForestRegressor
2019-01-16 04:02:45,570 - INFO - Starting XGBRegressor
2019-01-16 04:02:51,477 - INFO - Starting GradientBoostingRegressor
2019-01-16 04:03:03,821 - INFO - Starting AdaBoostRegressor
2019-01-16 04:03:25,639 - INFO - sweep done in: 28.68 min
2019-01-16 04:03:25,649 - INFO - #########################
2019-01-16 04:03:25,650 - INFO - 
2019-01-16 04:03:25,650 - INFO - Starting a new sweep, grouping news by: High_YES_1_1_1
2019-01-16 04:03:40,242 - INFO - Starting a new sweep with market features: basic
2019-01-16 04:03:40,242 - INFO - Starting a new sweep, features before the publication are: included
2019-01-16 04:03:40,242 - INFO - Starting a new sweep, delay in between buying-selling is: 30_240
2019-01-16 04:03:40,242 - INFO - Starting a new sweep for grid mode: basic
2019-01-16 04:03:40,243 - INFO - List of dynamic market fields: ['volatility_0_5_after', 'pips_candle_0_5_after', 'volatility_5_10_after', 'pips_candle_5_10_after', 'volatility_10_15_after', 'pips_candle_10_15_after', 'volatility_15_20_after', 'pips_candle_15_20_after', 'volatility_20_25_after', 'pips_candle_20_25_after', 'volatility_25_30_after', 'pips_candle_25_30_after', 'volatility_60_0_before', 'pips_agg_60_0_before', 'datetime', 'pips_candle_max_30_240_after']
2019-01-16 04:03:40,738 - INFO - X columns for the classification model: ['previous_error_diff_outlier_class', 'pips_candle_25_30_after', 'pips_candle_15_20_after', 'weekday', 'High', 'pips_agg_60_0_before', 'year', 'fe_accurate', 'forecast_error_diff_outlier_class', 'volatility_60_0_before', 'volatility_0_5_after', 'pips_candle_20_25_after', 'volatility_25_30_after', 'pe_accurate', 'week', 'volatility_15_20_after', 'volatility_20_25_after', 'fe_better', 'num_news', 'new_id', 'volatility_10_15_after', 'fe_worse', 'pe_better', 'volatility_5_10_after', 'pe_worse', 'previous_error_diff_deviation', 'forecast_error_diff_deviation', 'pips_candle_0_5_after', 'pips_candle_10_15_after', 'pips_candle_5_10_after']
2019-01-16 04:03:40,739 - INFO - y dependent variable: reaction_max_30_240_after
2019-01-16 04:03:40,768 - INFO - Starting KNeighborsClassifier
2019-01-16 04:04:19,622 - INFO - Starting SVC - rbf
2019-01-16 04:04:48,252 - INFO - Starting DecisionTreeClassifier
2019-01-16 04:04:55,404 - INFO - Starting RandomForestClassifier
2019-01-16 04:12:46,966 - INFO - Starting XGBClassifier
2019-01-16 04:12:51,489 - INFO - Starting GradientBoostingClassifier
2019-01-16 04:13:03,885 - INFO - Starting AdaBoostClassifier
2019-01-16 04:13:20,405 - INFO - X columns for the regression model: ['previous_error_diff_outlier_class', 'pips_candle_25_30_after', 'pips_candle_15_20_after', 'weekday', 'High', 'pips_agg_60_0_before', 'year', 'fe_accurate', 'forecast_error_diff_outlier_class', 'volatility_60_0_before', 'volatility_0_5_after', 'pips_candle_20_25_after', 'volatility_25_30_after', 'pe_accurate', 'week', 'volatility_15_20_after', 'volatility_20_25_after', 'fe_better', 'num_news', 'new_id', 'volatility_10_15_after', 'fe_worse', 'pe_better', 'volatility_5_10_after', 'pe_worse', 'previous_error_diff_deviation', 'forecast_error_diff_deviation', 'pips_candle_0_5_after', 'pips_candle_10_15_after', 'pips_candle_5_10_after']
2019-01-16 04:13:20,438 - INFO - Starting KNeighborsRegressor
2019-01-16 04:13:57,866 - INFO - Starting SVR - rbf
2019-01-16 04:14:25,235 - INFO - Starting DecisionTreeRegressor
2019-01-16 04:14:32,208 - INFO - Starting RandomForestRegressor
2019-01-16 04:26:16,432 - INFO - Starting XGBRegressor
2019-01-16 04:26:21,024 - INFO - Starting GradientBoostingRegressor
2019-01-16 04:26:29,819 - INFO - Starting AdaBoostRegressor
2019-01-16 04:26:48,022 - INFO - sweep done in: 23.13 min
2019-01-16 04:26:48,046 - INFO - Starting a new sweep for grid mode: basic
2019-01-16 04:26:48,047 - INFO - List of dynamic market fields: ['volatility_0_5_after', 'pips_candle_0_5_after', 'volatility_5_10_after', 'pips_candle_5_10_after', 'volatility_10_15_after', 'pips_candle_10_15_after', 'volatility_15_20_after', 'pips_candle_15_20_after', 'volatility_20_25_after', 'pips_candle_20_25_after', 'volatility_25_30_after', 'pips_candle_25_30_after', 'volatility_60_0_before', 'pips_agg_60_0_before', 'datetime', 'pips_candle_min_30_240_after']
2019-01-16 04:26:48,573 - INFO - X columns for the classification model: ['previous_error_diff_outlier_class', 'pips_candle_25_30_after', 'pips_candle_15_20_after', 'weekday', 'High', 'pips_agg_60_0_before', 'year', 'fe_accurate', 'forecast_error_diff_outlier_class', 'volatility_60_0_before', 'volatility_0_5_after', 'pips_candle_20_25_after', 'volatility_25_30_after', 'pe_accurate', 'week', 'volatility_15_20_after', 'volatility_20_25_after', 'fe_better', 'num_news', 'new_id', 'volatility_10_15_after', 'fe_worse', 'pe_better', 'volatility_5_10_after', 'pe_worse', 'previous_error_diff_deviation', 'forecast_error_diff_deviation', 'pips_candle_0_5_after', 'pips_candle_10_15_after', 'pips_candle_5_10_after']
2019-01-16 04:26:48,573 - INFO - y dependent variable: reaction_min_30_240_after
2019-01-16 04:26:48,612 - INFO - Starting KNeighborsClassifier
2019-01-16 04:27:26,721 - INFO - Starting SVC - rbf
2019-01-16 04:27:54,813 - INFO - Starting DecisionTreeClassifier
2019-01-16 04:28:01,993 - INFO - Starting RandomForestClassifier
2019-01-16 04:35:52,842 - INFO - Starting XGBClassifier
2019-01-16 04:35:57,964 - INFO - Starting GradientBoostingClassifier
2019-01-16 04:36:10,506 - INFO - Starting AdaBoostClassifier
2019-01-16 04:36:26,900 - INFO - X columns for the regression model: ['previous_error_diff_outlier_class', 'pips_candle_25_30_after', 'pips_candle_15_20_after', 'weekday', 'High', 'pips_agg_60_0_before', 'year', 'fe_accurate', 'forecast_error_diff_outlier_class', 'volatility_60_0_before', 'volatility_0_5_after', 'pips_candle_20_25_after', 'volatility_25_30_after', 'pe_accurate', 'week', 'volatility_15_20_after', 'volatility_20_25_after', 'fe_better', 'num_news', 'new_id', 'volatility_10_15_after', 'fe_worse', 'pe_better', 'volatility_5_10_after', 'pe_worse', 'previous_error_diff_deviation', 'forecast_error_diff_deviation', 'pips_candle_0_5_after', 'pips_candle_10_15_after', 'pips_candle_5_10_after']
2019-01-16 04:36:26,929 - INFO - Starting KNeighborsRegressor
2019-01-16 04:37:04,321 - INFO - Starting SVR - rbf
2019-01-16 04:37:31,582 - INFO - Starting DecisionTreeRegressor
2019-01-16 04:37:38,617 - INFO - Starting RandomForestRegressor
2019-01-16 04:49:30,874 - INFO - Starting XGBRegressor
2019-01-16 04:49:35,540 - INFO - Starting GradientBoostingRegressor
2019-01-16 04:49:44,680 - INFO - Starting AdaBoostRegressor
2019-01-16 04:50:00,301 - INFO - sweep done in: 23.20 min
2019-01-16 04:50:00,328 - INFO - Starting a new sweep with market features: all
2019-01-16 04:50:00,336 - INFO - Starting a new sweep, features before the publication are: included
2019-01-16 04:50:00,336 - INFO - Starting a new sweep, delay in between buying-selling is: 30_240
2019-01-16 04:50:00,336 - INFO - Starting a new sweep for grid mode: basic
2019-01-16 04:50:00,336 - INFO - List of dynamic market fields: ['volatility_0_5_after', 'pips_candle_0_5_after', 'volatility_5_10_after', 'pips_candle_5_10_after', 'volatility_10_15_after', 'pips_candle_10_15_after', 'volatility_15_20_after', 'pips_candle_15_20_after', 'volatility_20_25_after', 'pips_candle_20_25_after', 'volatility_25_30_after', 'pips_candle_25_30_after', 'volatility_60_0_before', 'pips_agg_60_0_before', 'datetime', 'pips_candle_max_30_240_after']
2019-01-16 04:50:00,863 - INFO - X columns for the classification model: ['previous_error_diff_outlier_class', 'pips_candle_25_30_after', 'pips_candle_15_20_after', 'weekday', 'High', 'pips_agg_60_0_before', 'year', 'fe_accurate', 'forecast_error_diff_outlier_class', 'volatility_60_0_before', 'volatility_0_5_after', 'pips_candle_20_25_after', 'volatility_25_30_after', 'pe_accurate', 'week', 'volatility_15_20_after', 'volatility_20_25_after', 'fe_better', 'num_news', 'new_id', 'volatility_10_15_after', 'fe_worse', 'pe_better', 'volatility_5_10_after', 'pe_worse', 'previous_error_diff_deviation', 'forecast_error_diff_deviation', 'pips_candle_0_5_after', 'pips_candle_10_15_after', 'pips_candle_5_10_after']
2019-01-16 04:50:00,863 - INFO - y dependent variable: reaction_max_30_240_after
2019-01-16 04:50:00,908 - INFO - Starting KNeighborsClassifier
2019-01-16 04:50:39,148 - INFO - Starting SVC - rbf
2019-01-16 04:51:07,766 - INFO - Starting DecisionTreeClassifier
2019-01-16 04:51:14,820 - INFO - Starting RandomForestClassifier
2019-01-16 04:58:56,476 - INFO - Starting XGBClassifier
2019-01-16 04:59:01,120 - INFO - Starting GradientBoostingClassifier
2019-01-16 04:59:13,422 - INFO - Starting AdaBoostClassifier
2019-01-16 04:59:29,719 - INFO - X columns for the regression model: ['previous_error_diff_outlier_class', 'pips_candle_25_30_after', 'pips_candle_15_20_after', 'weekday', 'High', 'pips_agg_60_0_before', 'year', 'fe_accurate', 'forecast_error_diff_outlier_class', 'volatility_60_0_before', 'volatility_0_5_after', 'pips_candle_20_25_after', 'volatility_25_30_after', 'pe_accurate', 'week', 'volatility_15_20_after', 'volatility_20_25_after', 'fe_better', 'num_news', 'new_id', 'volatility_10_15_after', 'fe_worse', 'pe_better', 'volatility_5_10_after', 'pe_worse', 'previous_error_diff_deviation', 'forecast_error_diff_deviation', 'pips_candle_0_5_after', 'pips_candle_10_15_after', 'pips_candle_5_10_after']
2019-01-16 04:59:29,757 - INFO - Starting KNeighborsRegressor
2019-01-16 05:00:07,276 - INFO - Starting SVR - rbf
2019-01-16 05:00:34,525 - INFO - Starting DecisionTreeRegressor
2019-01-16 05:00:41,474 - INFO - Starting RandomForestRegressor
2019-01-16 05:12:33,715 - INFO - Starting XGBRegressor
2019-01-16 05:12:38,413 - INFO - Starting GradientBoostingRegressor
2019-01-16 05:12:47,297 - INFO - Starting AdaBoostRegressor
2019-01-16 05:13:05,775 - INFO - sweep done in: 23.09 min
2019-01-16 05:13:05,806 - INFO - Starting a new sweep for grid mode: basic
2019-01-16 05:13:05,806 - INFO - List of dynamic market fields: ['volatility_0_5_after', 'pips_candle_0_5_after', 'volatility_5_10_after', 'pips_candle_5_10_after', 'volatility_10_15_after', 'pips_candle_10_15_after', 'volatility_15_20_after', 'pips_candle_15_20_after', 'volatility_20_25_after', 'pips_candle_20_25_after', 'volatility_25_30_after', 'pips_candle_25_30_after', 'volatility_60_0_before', 'pips_agg_60_0_before', 'datetime', 'pips_candle_min_30_240_after']
2019-01-16 05:13:06,563 - INFO - X columns for the classification model: ['previous_error_diff_outlier_class', 'pips_candle_25_30_after', 'pips_candle_15_20_after', 'weekday', 'High', 'pips_agg_60_0_before', 'year', 'fe_accurate', 'forecast_error_diff_outlier_class', 'volatility_60_0_before', 'volatility_0_5_after', 'pips_candle_20_25_after', 'volatility_25_30_after', 'pe_accurate', 'week', 'volatility_15_20_after', 'volatility_20_25_after', 'fe_better', 'num_news', 'new_id', 'volatility_10_15_after', 'fe_worse', 'pe_better', 'volatility_5_10_after', 'pe_worse', 'previous_error_diff_deviation', 'forecast_error_diff_deviation', 'pips_candle_0_5_after', 'pips_candle_10_15_after', 'pips_candle_5_10_after']
2019-01-16 05:13:06,564 - INFO - y dependent variable: reaction_min_30_240_after
2019-01-16 05:13:06,593 - INFO - Starting KNeighborsClassifier
2019-01-16 05:13:45,220 - INFO - Starting SVC - rbf
2019-01-16 05:14:13,431 - INFO - Starting DecisionTreeClassifier
2019-01-16 05:14:20,568 - INFO - Starting RandomForestClassifier
2019-01-16 05:22:03,602 - INFO - Starting XGBClassifier
2019-01-16 05:22:08,715 - INFO - Starting GradientBoostingClassifier
2019-01-16 05:22:21,007 - INFO - Starting AdaBoostClassifier
2019-01-16 05:22:37,167 - INFO - X columns for the regression model: ['previous_error_diff_outlier_class', 'pips_candle_25_30_after', 'pips_candle_15_20_after', 'weekday', 'High', 'pips_agg_60_0_before', 'year', 'fe_accurate', 'forecast_error_diff_outlier_class', 'volatility_60_0_before', 'volatility_0_5_after', 'pips_candle_20_25_after', 'volatility_25_30_after', 'pe_accurate', 'week', 'volatility_15_20_after', 'volatility_20_25_after', 'fe_better', 'num_news', 'new_id', 'volatility_10_15_after', 'fe_worse', 'pe_better', 'volatility_5_10_after', 'pe_worse', 'previous_error_diff_deviation', 'forecast_error_diff_deviation', 'pips_candle_0_5_after', 'pips_candle_10_15_after', 'pips_candle_5_10_after']
2019-01-16 05:22:37,201 - INFO - Starting KNeighborsRegressor
2019-01-16 05:23:14,224 - INFO - Starting SVR - rbf
2019-01-16 05:23:41,567 - INFO - Starting DecisionTreeRegressor
2019-01-16 05:23:48,544 - INFO - Starting RandomForestRegressor
2019-01-16 05:35:38,581 - INFO - Starting XGBRegressor
2019-01-16 05:35:43,269 - INFO - Starting GradientBoostingRegressor
2019-01-16 05:35:52,539 - INFO - Starting AdaBoostRegressor
2019-01-16 05:36:08,253 - INFO - sweep done in: 23.04 min
