2019-01-11 19:23:59,699 - INFO - #########################
2019-01-11 19:23:59,700 - INFO - 
2019-01-11 19:23:59,700 - INFO - Starting a new sweep, grouping news by: ALL_NO_1_1_1
2019-01-11 19:25:15,588 - INFO - Starting a new sweep with market features: basic
2019-01-11 19:25:15,588 - INFO - Starting a new sweep, features before the publication are: included
2019-01-11 19:25:15,588 - INFO - Starting a new sweep, delay in between buying-selling is: 60_120
2019-01-11 19:25:15,588 - INFO - Starting a new sweep for grid mode: basic
2019-01-11 19:25:15,589 - INFO - List of dynamic market fields: ['volatility_0_5_after', 'pips_candle_0_5_after', 'volatility_5_10_after', 'pips_candle_5_10_after', 'volatility_10_15_after', 'pips_candle_10_15_after', 'volatility_15_20_after', 'pips_candle_15_20_after', 'volatility_20_25_after', 'pips_candle_20_25_after', 'volatility_25_30_after', 'pips_candle_25_30_after', 'volatility_30_60_after', 'pips_candle_30_60_after', 'volatility_60_0_before', 'pips_agg_60_0_before', 'datetime', 'pips_candle_max_60_120_after']
2019-01-11 19:25:17,545 - INFO - X columns for the classification model: ['previous_error_diff_deviation', 'volatility_0_5_after', 'volatility_60_0_before', 'volatility_25_30_after', 'weekday', 'volatility_5_10_after', 'fe_worse', 'year', 'new_id', 'forecast_error_diff_deviation', 'pips_agg_60_0_before', 'pips_candle_0_5_after', 'volatility_15_20_after', 'Medium', 'fe_accurate', 'pe_better', 'volatility_10_15_after', 'pips_candle_5_10_after', 'Low', 'week', 'forecast_error_diff_outlier_class', 'High', 'num_news', 'pe_accurate', 'pips_candle_25_30_after', 'pips_candle_20_25_after', 'pips_candle_15_20_after', 'previous_error_diff_outlier_class', 'pe_worse', 'pips_candle_30_60_after', 'volatility_20_25_after', 'fe_better', 'volatility_30_60_after', 'pips_candle_10_15_after']
2019-01-11 19:25:17,547 - INFO - y dependent variable: reaction_max_60_120_after
2019-01-11 19:25:17,771 - INFO - Starting KNeighborsClassifier
2019-01-11 19:32:42,957 - INFO - Starting SVC - rbf
2019-01-11 19:40:57,620 - INFO - Starting DecisionTreeClassifier
2019-01-11 19:41:33,946 - INFO - Starting RandomForestClassifier
2019-01-11 20:02:51,709 - INFO - Starting XGBClassifier
2019-01-11 20:03:13,684 - INFO - Starting GradientBoostingClassifier
2019-01-11 20:04:17,532 - INFO - Starting AdaBoostClassifier
2019-01-11 20:05:09,673 - INFO - X columns for the regression model: ['previous_error_diff_deviation', 'volatility_0_5_after', 'volatility_60_0_before', 'volatility_25_30_after', 'weekday', 'volatility_5_10_after', 'fe_worse', 'year', 'new_id', 'forecast_error_diff_deviation', 'pips_agg_60_0_before', 'pips_candle_0_5_after', 'volatility_15_20_after', 'Medium', 'fe_accurate', 'pe_better', 'volatility_10_15_after', 'pips_candle_5_10_after', 'Low', 'week', 'forecast_error_diff_outlier_class', 'High', 'num_news', 'pe_accurate', 'pips_candle_25_30_after', 'pips_candle_20_25_after', 'pips_candle_15_20_after', 'previous_error_diff_outlier_class', 'pe_worse', 'pips_candle_30_60_after', 'volatility_20_25_after', 'fe_better', 'volatility_30_60_after', 'pips_candle_10_15_after']
2019-01-11 20:05:09,836 - INFO - Starting KNeighborsRegressor
2019-01-11 20:12:30,214 - INFO - Starting SVR - rbf
2019-01-11 20:19:59,771 - INFO - Starting DecisionTreeRegressor
2019-01-11 20:20:33,536 - INFO - Starting RandomForestRegressor
2019-01-11 21:18:41,805 - INFO - Starting XGBRegressor
2019-01-11 21:19:03,511 - INFO - Starting GradientBoostingRegressor
2019-01-11 21:19:56,884 - INFO - Starting AdaBoostRegressor
2019-01-11 21:20:39,960 - INFO - sweep done in: 115.41 min
2019-01-11 21:20:39,984 - INFO - Starting a new sweep for grid mode: basic
2019-01-11 21:20:39,984 - INFO - List of dynamic market fields: ['volatility_0_5_after', 'pips_candle_0_5_after', 'volatility_5_10_after', 'pips_candle_5_10_after', 'volatility_10_15_after', 'pips_candle_10_15_after', 'volatility_15_20_after', 'pips_candle_15_20_after', 'volatility_20_25_after', 'pips_candle_20_25_after', 'volatility_25_30_after', 'pips_candle_25_30_after', 'volatility_30_60_after', 'pips_candle_30_60_after', 'volatility_60_0_before', 'pips_agg_60_0_before', 'datetime', 'pips_candle_min_60_120_after']
2019-01-11 21:20:42,158 - INFO - X columns for the classification model: ['previous_error_diff_deviation', 'volatility_0_5_after', 'volatility_60_0_before', 'volatility_25_30_after', 'weekday', 'volatility_5_10_after', 'fe_worse', 'year', 'new_id', 'forecast_error_diff_deviation', 'pips_agg_60_0_before', 'pips_candle_0_5_after', 'volatility_15_20_after', 'Medium', 'fe_accurate', 'pe_better', 'volatility_10_15_after', 'pips_candle_5_10_after', 'Low', 'week', 'forecast_error_diff_outlier_class', 'High', 'num_news', 'pe_accurate', 'pips_candle_25_30_after', 'pips_candle_20_25_after', 'pips_candle_15_20_after', 'previous_error_diff_outlier_class', 'pe_worse', 'pips_candle_30_60_after', 'volatility_20_25_after', 'fe_better', 'volatility_30_60_after', 'pips_candle_10_15_after']
2019-01-11 21:20:42,158 - INFO - y dependent variable: reaction_min_60_120_after
2019-01-11 21:20:42,331 - INFO - Starting KNeighborsClassifier
2019-01-11 21:28:01,118 - INFO - Starting SVC - rbf
2019-01-11 21:35:21,446 - INFO - Starting DecisionTreeClassifier
2019-01-11 21:36:00,420 - INFO - Starting RandomForestClassifier
2019-01-11 21:58:00,908 - INFO - Starting XGBClassifier
2019-01-11 21:58:25,886 - INFO - Starting GradientBoostingClassifier
2019-01-11 21:59:31,520 - INFO - Starting AdaBoostClassifier
2019-01-11 22:00:36,901 - INFO - X columns for the regression model: ['previous_error_diff_deviation', 'volatility_0_5_after', 'volatility_60_0_before', 'volatility_25_30_after', 'weekday', 'volatility_5_10_after', 'fe_worse', 'year', 'new_id', 'forecast_error_diff_deviation', 'pips_agg_60_0_before', 'pips_candle_0_5_after', 'volatility_15_20_after', 'Medium', 'fe_accurate', 'pe_better', 'volatility_10_15_after', 'pips_candle_5_10_after', 'Low', 'week', 'forecast_error_diff_outlier_class', 'High', 'num_news', 'pe_accurate', 'pips_candle_25_30_after', 'pips_candle_20_25_after', 'pips_candle_15_20_after', 'previous_error_diff_outlier_class', 'pe_worse', 'pips_candle_30_60_after', 'volatility_20_25_after', 'fe_better', 'volatility_30_60_after', 'pips_candle_10_15_after']
2019-01-11 22:00:37,070 - INFO - Starting KNeighborsRegressor
2019-01-11 22:08:38,469 - INFO - Starting SVR - rbf
2019-01-11 22:16:46,367 - INFO - Starting DecisionTreeRegressor
2019-01-11 22:17:20,972 - INFO - Starting RandomForestRegressor
2019-01-11 23:14:50,705 - INFO - Starting XGBRegressor
2019-01-11 23:15:11,685 - INFO - Starting GradientBoostingRegressor
2019-01-11 23:15:59,515 - INFO - Starting AdaBoostRegressor
2019-01-11 23:17:05,692 - INFO - sweep done in: 116.43 min
2019-01-11 23:17:05,709 - INFO - Starting a new sweep with market features: all
2019-01-11 23:17:05,709 - INFO - Starting a new sweep, features before the publication are: included
2019-01-11 23:17:05,709 - INFO - Starting a new sweep, delay in between buying-selling is: 60_120
2019-01-11 23:17:05,710 - INFO - Starting a new sweep for grid mode: basic
2019-01-11 23:17:05,710 - INFO - List of dynamic market fields: ['volatility_0_5_after', 'pips_candle_0_5_after', 'volatility_5_10_after', 'pips_candle_5_10_after', 'volatility_10_15_after', 'pips_candle_10_15_after', 'volatility_15_20_after', 'pips_candle_15_20_after', 'volatility_20_25_after', 'pips_candle_20_25_after', 'volatility_25_30_after', 'pips_candle_25_30_after', 'volatility_30_60_after', 'pips_candle_30_60_after', 'pips_candle_max_30_60_after', 'pips_candle_min_30_60_after', 'volatility_60_0_before', 'pips_agg_60_0_before', 'datetime', 'pips_candle_max_60_120_after']
2019-01-11 23:17:07,758 - INFO - X columns for the classification model: ['previous_error_diff_deviation', 'volatility_0_5_after', 'volatility_60_0_before', 'volatility_25_30_after', 'weekday', 'volatility_5_10_after', 'fe_worse', 'year', 'new_id', 'forecast_error_diff_deviation', 'pips_agg_60_0_before', 'pips_candle_0_5_after', 'volatility_15_20_after', 'Medium', 'fe_accurate', 'pe_better', 'volatility_10_15_after', 'pips_candle_5_10_after', 'Low', 'week', 'pips_candle_min_30_60_after', 'pips_candle_max_30_60_after', 'forecast_error_diff_outlier_class', 'High', 'num_news', 'pe_accurate', 'pips_candle_25_30_after', 'pips_candle_20_25_after', 'pips_candle_15_20_after', 'previous_error_diff_outlier_class', 'pe_worse', 'pips_candle_30_60_after', 'volatility_20_25_after', 'fe_better', 'volatility_30_60_after', 'pips_candle_10_15_after']
2019-01-11 23:17:07,758 - INFO - y dependent variable: reaction_max_60_120_after
2019-01-11 23:17:08,002 - INFO - Starting KNeighborsClassifier
2019-01-11 23:24:52,080 - INFO - Starting SVC - rbf
2019-01-11 23:33:22,395 - INFO - Starting DecisionTreeClassifier
2019-01-11 23:33:59,698 - INFO - Starting RandomForestClassifier
2019-01-11 23:57:49,182 - INFO - Starting XGBClassifier
2019-01-11 23:58:10,525 - INFO - Starting GradientBoostingClassifier
2019-01-11 23:59:01,315 - INFO - Starting AdaBoostClassifier
2019-01-11 23:59:50,198 - INFO - X columns for the regression model: ['previous_error_diff_deviation', 'volatility_0_5_after', 'volatility_60_0_before', 'volatility_25_30_after', 'weekday', 'volatility_5_10_after', 'fe_worse', 'year', 'new_id', 'forecast_error_diff_deviation', 'pips_agg_60_0_before', 'pips_candle_0_5_after', 'volatility_15_20_after', 'Medium', 'fe_accurate', 'pe_better', 'volatility_10_15_after', 'pips_candle_5_10_after', 'Low', 'week', 'pips_candle_min_30_60_after', 'pips_candle_max_30_60_after', 'forecast_error_diff_outlier_class', 'High', 'num_news', 'pe_accurate', 'pips_candle_25_30_after', 'pips_candle_20_25_after', 'pips_candle_15_20_after', 'previous_error_diff_outlier_class', 'pe_worse', 'pips_candle_30_60_after', 'volatility_20_25_after', 'fe_better', 'volatility_30_60_after', 'pips_candle_10_15_after']
2019-01-11 23:59:50,331 - INFO - Starting KNeighborsRegressor
2019-01-12 00:05:44,275 - INFO - Starting SVR - rbf
2019-01-12 00:13:12,459 - INFO - Starting DecisionTreeRegressor
2019-01-12 00:13:48,409 - INFO - Starting RandomForestRegressor
2019-01-12 01:11:37,882 - INFO - Starting XGBRegressor
2019-01-12 01:11:59,328 - INFO - Starting GradientBoostingRegressor
2019-01-12 01:12:45,182 - INFO - Starting AdaBoostRegressor
2019-01-12 01:13:41,787 - INFO - sweep done in: 116.60 min
2019-01-12 01:13:41,801 - INFO - Starting a new sweep for grid mode: basic
2019-01-12 01:13:41,802 - INFO - List of dynamic market fields: ['volatility_0_5_after', 'pips_candle_0_5_after', 'volatility_5_10_after', 'pips_candle_5_10_after', 'volatility_10_15_after', 'pips_candle_10_15_after', 'volatility_15_20_after', 'pips_candle_15_20_after', 'volatility_20_25_after', 'pips_candle_20_25_after', 'volatility_25_30_after', 'pips_candle_25_30_after', 'volatility_30_60_after', 'pips_candle_30_60_after', 'pips_candle_max_30_60_after', 'pips_candle_min_30_60_after', 'volatility_60_0_before', 'pips_agg_60_0_before', 'datetime', 'pips_candle_min_60_120_after']
2019-01-12 01:13:43,767 - INFO - X columns for the classification model: ['previous_error_diff_deviation', 'volatility_0_5_after', 'volatility_60_0_before', 'volatility_25_30_after', 'weekday', 'volatility_5_10_after', 'fe_worse', 'year', 'new_id', 'forecast_error_diff_deviation', 'pips_agg_60_0_before', 'pips_candle_0_5_after', 'volatility_15_20_after', 'Medium', 'fe_accurate', 'pe_better', 'volatility_10_15_after', 'pips_candle_5_10_after', 'Low', 'week', 'pips_candle_min_30_60_after', 'pips_candle_max_30_60_after', 'forecast_error_diff_outlier_class', 'High', 'num_news', 'pe_accurate', 'pips_candle_25_30_after', 'pips_candle_20_25_after', 'pips_candle_15_20_after', 'previous_error_diff_outlier_class', 'pe_worse', 'pips_candle_30_60_after', 'volatility_20_25_after', 'fe_better', 'volatility_30_60_after', 'pips_candle_10_15_after']
2019-01-12 01:13:43,767 - INFO - y dependent variable: reaction_min_60_120_after
2019-01-12 01:13:43,928 - INFO - Starting KNeighborsClassifier
2019-01-12 01:20:39,331 - INFO - Starting SVC - rbf
2019-01-12 01:28:42,063 - INFO - Starting DecisionTreeClassifier
2019-01-12 01:29:22,133 - INFO - Starting RandomForestClassifier
2019-01-12 01:51:53,155 - INFO - Starting XGBClassifier
2019-01-12 01:52:14,932 - INFO - Starting GradientBoostingClassifier
2019-01-12 01:53:12,698 - INFO - Starting AdaBoostClassifier
2019-01-12 01:54:06,067 - INFO - X columns for the regression model: ['previous_error_diff_deviation', 'volatility_0_5_after', 'volatility_60_0_before', 'volatility_25_30_after', 'weekday', 'volatility_5_10_after', 'fe_worse', 'year', 'new_id', 'forecast_error_diff_deviation', 'pips_agg_60_0_before', 'pips_candle_0_5_after', 'volatility_15_20_after', 'Medium', 'fe_accurate', 'pe_better', 'volatility_10_15_after', 'pips_candle_5_10_after', 'Low', 'week', 'pips_candle_min_30_60_after', 'pips_candle_max_30_60_after', 'forecast_error_diff_outlier_class', 'High', 'num_news', 'pe_accurate', 'pips_candle_25_30_after', 'pips_candle_20_25_after', 'pips_candle_15_20_after', 'previous_error_diff_outlier_class', 'pe_worse', 'pips_candle_30_60_after', 'volatility_20_25_after', 'fe_better', 'volatility_30_60_after', 'pips_candle_10_15_after']
2019-01-12 01:54:06,208 - INFO - Starting KNeighborsRegressor
2019-01-12 02:00:33,684 - INFO - Starting SVR - rbf
2019-01-12 02:07:57,080 - INFO - Starting DecisionTreeRegressor
2019-01-12 02:08:32,665 - INFO - Starting RandomForestRegressor
2019-01-12 03:06:46,734 - INFO - Starting XGBRegressor
2019-01-12 03:07:08,840 - INFO - Starting GradientBoostingRegressor
2019-01-12 03:07:59,185 - INFO - Starting AdaBoostRegressor
2019-01-12 03:09:12,837 - INFO - sweep done in: 115.52 min
2019-01-12 03:09:12,853 - INFO - #########################
2019-01-12 03:09:12,853 - INFO - 
2019-01-12 03:09:12,853 - INFO - Starting a new sweep, grouping news by: ALL_NO_3_2_1
2019-01-12 03:10:27,842 - INFO - Starting a new sweep with market features: basic
2019-01-12 03:10:27,857 - INFO - Starting a new sweep, features before the publication are: included
2019-01-12 03:10:27,858 - INFO - Starting a new sweep, delay in between buying-selling is: 60_120
2019-01-12 03:10:27,858 - INFO - Starting a new sweep for grid mode: basic
2019-01-12 03:10:27,858 - INFO - List of dynamic market fields: ['volatility_0_5_after', 'pips_candle_0_5_after', 'volatility_5_10_after', 'pips_candle_5_10_after', 'volatility_10_15_after', 'pips_candle_10_15_after', 'volatility_15_20_after', 'pips_candle_15_20_after', 'volatility_20_25_after', 'pips_candle_20_25_after', 'volatility_25_30_after', 'pips_candle_25_30_after', 'volatility_30_60_after', 'pips_candle_30_60_after', 'volatility_60_0_before', 'pips_agg_60_0_before', 'datetime', 'pips_candle_max_60_120_after']
2019-01-12 03:10:29,672 - INFO - X columns for the classification model: ['previous_error_diff_deviation', 'volatility_0_5_after', 'volatility_60_0_before', 'volatility_25_30_after', 'weekday', 'volatility_5_10_after', 'fe_worse', 'year', 'new_id', 'forecast_error_diff_deviation', 'pips_agg_60_0_before', 'pips_candle_0_5_after', 'volatility_15_20_after', 'Medium', 'fe_accurate', 'pe_better', 'volatility_10_15_after', 'pips_candle_5_10_after', 'Low', 'week', 'forecast_error_diff_outlier_class', 'High', 'num_news', 'pe_accurate', 'pips_candle_25_30_after', 'pips_candle_20_25_after', 'pips_candle_15_20_after', 'previous_error_diff_outlier_class', 'pe_worse', 'pips_candle_30_60_after', 'volatility_20_25_after', 'fe_better', 'volatility_30_60_after', 'pips_candle_10_15_after']
2019-01-12 03:10:29,672 - INFO - y dependent variable: reaction_max_60_120_after
2019-01-12 03:10:29,864 - INFO - Starting KNeighborsClassifier
2019-01-12 03:17:40,417 - INFO - Starting SVC - rbf
2019-01-12 03:25:14,454 - INFO - Starting DecisionTreeClassifier
2019-01-12 03:25:49,099 - INFO - Starting RandomForestClassifier
2019-01-12 03:46:34,116 - INFO - Starting XGBClassifier
2019-01-12 03:46:53,757 - INFO - Starting GradientBoostingClassifier
2019-01-12 03:47:45,141 - INFO - Starting AdaBoostClassifier
2019-01-12 03:48:35,296 - INFO - X columns for the regression model: ['previous_error_diff_deviation', 'volatility_0_5_after', 'volatility_60_0_before', 'volatility_25_30_after', 'weekday', 'volatility_5_10_after', 'fe_worse', 'year', 'new_id', 'forecast_error_diff_deviation', 'pips_agg_60_0_before', 'pips_candle_0_5_after', 'volatility_15_20_after', 'Medium', 'fe_accurate', 'pe_better', 'volatility_10_15_after', 'pips_candle_5_10_after', 'Low', 'week', 'forecast_error_diff_outlier_class', 'High', 'num_news', 'pe_accurate', 'pips_candle_25_30_after', 'pips_candle_20_25_after', 'pips_candle_15_20_after', 'previous_error_diff_outlier_class', 'pe_worse', 'pips_candle_30_60_after', 'volatility_20_25_after', 'fe_better', 'volatility_30_60_after', 'pips_candle_10_15_after']
2019-01-12 03:48:35,438 - INFO - Starting KNeighborsRegressor
2019-01-12 03:54:31,286 - INFO - Starting SVR - rbf
2019-01-12 04:01:34,192 - INFO - Starting DecisionTreeRegressor
2019-01-12 04:02:08,726 - INFO - Starting RandomForestRegressor
2019-01-12 04:59:29,752 - INFO - Starting XGBRegressor
2019-01-12 04:59:50,242 - INFO - Starting GradientBoostingRegressor
2019-01-12 05:00:35,889 - INFO - Starting AdaBoostRegressor
2019-01-12 05:01:42,360 - INFO - sweep done in: 111.24 min
2019-01-12 05:01:42,364 - INFO - Starting a new sweep for grid mode: basic
2019-01-12 05:01:42,364 - INFO - List of dynamic market fields: ['volatility_0_5_after', 'pips_candle_0_5_after', 'volatility_5_10_after', 'pips_candle_5_10_after', 'volatility_10_15_after', 'pips_candle_10_15_after', 'volatility_15_20_after', 'pips_candle_15_20_after', 'volatility_20_25_after', 'pips_candle_20_25_after', 'volatility_25_30_after', 'pips_candle_25_30_after', 'volatility_30_60_after', 'pips_candle_30_60_after', 'volatility_60_0_before', 'pips_agg_60_0_before', 'datetime', 'pips_candle_min_60_120_after']
2019-01-12 05:01:44,125 - INFO - X columns for the classification model: ['previous_error_diff_deviation', 'volatility_0_5_after', 'volatility_60_0_before', 'volatility_25_30_after', 'weekday', 'volatility_5_10_after', 'fe_worse', 'year', 'new_id', 'forecast_error_diff_deviation', 'pips_agg_60_0_before', 'pips_candle_0_5_after', 'volatility_15_20_after', 'Medium', 'fe_accurate', 'pe_better', 'volatility_10_15_after', 'pips_candle_5_10_after', 'Low', 'week', 'forecast_error_diff_outlier_class', 'High', 'num_news', 'pe_accurate', 'pips_candle_25_30_after', 'pips_candle_20_25_after', 'pips_candle_15_20_after', 'previous_error_diff_outlier_class', 'pe_worse', 'pips_candle_30_60_after', 'volatility_20_25_after', 'fe_better', 'volatility_30_60_after', 'pips_candle_10_15_after']
2019-01-12 05:01:44,126 - INFO - y dependent variable: reaction_min_60_120_after
2019-01-12 05:01:44,324 - INFO - Starting KNeighborsClassifier
2019-01-12 05:07:59,448 - INFO - Starting SVC - rbf
2019-01-12 05:15:10,038 - INFO - Starting DecisionTreeClassifier
2019-01-12 05:15:44,717 - INFO - Starting RandomForestClassifier
2019-01-12 05:36:20,816 - INFO - Starting XGBClassifier
2019-01-12 05:36:41,546 - INFO - Starting GradientBoostingClassifier
2019-01-12 05:37:32,463 - INFO - Starting AdaBoostClassifier
2019-01-12 05:38:22,198 - INFO - X columns for the regression model: ['previous_error_diff_deviation', 'volatility_0_5_after', 'volatility_60_0_before', 'volatility_25_30_after', 'weekday', 'volatility_5_10_after', 'fe_worse', 'year', 'new_id', 'forecast_error_diff_deviation', 'pips_agg_60_0_before', 'pips_candle_0_5_after', 'volatility_15_20_after', 'Medium', 'fe_accurate', 'pe_better', 'volatility_10_15_after', 'pips_candle_5_10_after', 'Low', 'week', 'forecast_error_diff_outlier_class', 'High', 'num_news', 'pe_accurate', 'pips_candle_25_30_after', 'pips_candle_20_25_after', 'pips_candle_15_20_after', 'previous_error_diff_outlier_class', 'pe_worse', 'pips_candle_30_60_after', 'volatility_20_25_after', 'fe_better', 'volatility_30_60_after', 'pips_candle_10_15_after']
2019-01-12 05:38:22,322 - INFO - Starting KNeighborsRegressor
2019-01-12 05:44:19,079 - INFO - Starting SVR - rbf
2019-01-12 05:51:23,516 - INFO - Starting DecisionTreeRegressor
2019-01-12 05:51:59,493 - INFO - Starting RandomForestRegressor
2019-01-12 06:49:22,253 - INFO - Starting XGBRegressor
2019-01-12 06:49:42,789 - INFO - Starting GradientBoostingRegressor
2019-01-12 06:50:27,666 - INFO - Starting AdaBoostRegressor
2019-01-12 06:51:27,713 - INFO - sweep done in: 109.76 min
2019-01-12 06:51:27,735 - INFO - Starting a new sweep with market features: all
2019-01-12 06:51:27,735 - INFO - Starting a new sweep, features before the publication are: included
2019-01-12 06:51:27,735 - INFO - Starting a new sweep, delay in between buying-selling is: 60_120
2019-01-12 06:51:27,736 - INFO - Starting a new sweep for grid mode: basic
2019-01-12 06:51:27,736 - INFO - List of dynamic market fields: ['volatility_0_5_after', 'pips_candle_0_5_after', 'volatility_5_10_after', 'pips_candle_5_10_after', 'volatility_10_15_after', 'pips_candle_10_15_after', 'volatility_15_20_after', 'pips_candle_15_20_after', 'volatility_20_25_after', 'pips_candle_20_25_after', 'volatility_25_30_after', 'pips_candle_25_30_after', 'volatility_30_60_after', 'pips_candle_30_60_after', 'pips_candle_max_30_60_after', 'pips_candle_min_30_60_after', 'volatility_60_0_before', 'pips_agg_60_0_before', 'datetime', 'pips_candle_max_60_120_after']
2019-01-12 06:51:29,947 - INFO - X columns for the classification model: ['previous_error_diff_deviation', 'volatility_0_5_after', 'volatility_60_0_before', 'volatility_25_30_after', 'weekday', 'volatility_5_10_after', 'fe_worse', 'year', 'new_id', 'forecast_error_diff_deviation', 'pips_agg_60_0_before', 'pips_candle_0_5_after', 'volatility_15_20_after', 'Medium', 'fe_accurate', 'pe_better', 'volatility_10_15_after', 'pips_candle_5_10_after', 'Low', 'week', 'pips_candle_min_30_60_after', 'pips_candle_max_30_60_after', 'forecast_error_diff_outlier_class', 'High', 'num_news', 'pe_accurate', 'pips_candle_25_30_after', 'pips_candle_20_25_after', 'pips_candle_15_20_after', 'previous_error_diff_outlier_class', 'pe_worse', 'pips_candle_30_60_after', 'volatility_20_25_after', 'fe_better', 'volatility_30_60_after', 'pips_candle_10_15_after']
2019-01-12 06:51:29,947 - INFO - y dependent variable: reaction_max_60_120_after
2019-01-12 06:51:30,136 - INFO - Starting KNeighborsClassifier
2019-01-12 06:57:57,987 - INFO - Starting SVC - rbf
2019-01-12 07:05:46,272 - INFO - Starting DecisionTreeClassifier
2019-01-12 07:06:23,085 - INFO - Starting RandomForestClassifier
2019-01-12 07:28:47,149 - INFO - Starting XGBClassifier
2019-01-12 07:29:09,044 - INFO - Starting GradientBoostingClassifier
2019-01-12 07:30:02,821 - INFO - Starting AdaBoostClassifier
2019-01-12 07:30:54,997 - INFO - X columns for the regression model: ['previous_error_diff_deviation', 'volatility_0_5_after', 'volatility_60_0_before', 'volatility_25_30_after', 'weekday', 'volatility_5_10_after', 'fe_worse', 'year', 'new_id', 'forecast_error_diff_deviation', 'pips_agg_60_0_before', 'pips_candle_0_5_after', 'volatility_15_20_after', 'Medium', 'fe_accurate', 'pe_better', 'volatility_10_15_after', 'pips_candle_5_10_after', 'Low', 'week', 'pips_candle_min_30_60_after', 'pips_candle_max_30_60_after', 'forecast_error_diff_outlier_class', 'High', 'num_news', 'pe_accurate', 'pips_candle_25_30_after', 'pips_candle_20_25_after', 'pips_candle_15_20_after', 'previous_error_diff_outlier_class', 'pe_worse', 'pips_candle_30_60_after', 'volatility_20_25_after', 'fe_better', 'volatility_30_60_after', 'pips_candle_10_15_after']
2019-01-12 07:30:55,143 - INFO - Starting KNeighborsRegressor
2019-01-12 07:37:57,178 - INFO - Starting SVR - rbf
2019-01-12 07:45:36,485 - INFO - Starting DecisionTreeRegressor
2019-01-12 07:46:14,916 - INFO - Starting RandomForestRegressor
2019-01-12 08:46:27,463 - INFO - Starting XGBRegressor
2019-01-12 08:46:48,865 - INFO - Starting GradientBoostingRegressor
2019-01-12 08:47:36,128 - INFO - Starting AdaBoostRegressor
2019-01-12 08:48:46,602 - INFO - sweep done in: 117.31 min
2019-01-12 08:48:46,621 - INFO - Starting a new sweep for grid mode: basic
2019-01-12 08:48:46,622 - INFO - List of dynamic market fields: ['volatility_0_5_after', 'pips_candle_0_5_after', 'volatility_5_10_after', 'pips_candle_5_10_after', 'volatility_10_15_after', 'pips_candle_10_15_after', 'volatility_15_20_after', 'pips_candle_15_20_after', 'volatility_20_25_after', 'pips_candle_20_25_after', 'volatility_25_30_after', 'pips_candle_25_30_after', 'volatility_30_60_after', 'pips_candle_30_60_after', 'pips_candle_max_30_60_after', 'pips_candle_min_30_60_after', 'volatility_60_0_before', 'pips_agg_60_0_before', 'datetime', 'pips_candle_min_60_120_after']
2019-01-12 08:48:48,767 - INFO - X columns for the classification model: ['previous_error_diff_deviation', 'volatility_0_5_after', 'volatility_60_0_before', 'volatility_25_30_after', 'weekday', 'volatility_5_10_after', 'fe_worse', 'year', 'new_id', 'forecast_error_diff_deviation', 'pips_agg_60_0_before', 'pips_candle_0_5_after', 'volatility_15_20_after', 'Medium', 'fe_accurate', 'pe_better', 'volatility_10_15_after', 'pips_candle_5_10_after', 'Low', 'week', 'pips_candle_min_30_60_after', 'pips_candle_max_30_60_after', 'forecast_error_diff_outlier_class', 'High', 'num_news', 'pe_accurate', 'pips_candle_25_30_after', 'pips_candle_20_25_after', 'pips_candle_15_20_after', 'previous_error_diff_outlier_class', 'pe_worse', 'pips_candle_30_60_after', 'volatility_20_25_after', 'fe_better', 'volatility_30_60_after', 'pips_candle_10_15_after']
2019-01-12 08:48:48,768 - INFO - y dependent variable: reaction_min_60_120_after
2019-01-12 08:48:48,938 - INFO - Starting KNeighborsClassifier
2019-01-12 08:55:24,415 - INFO - Starting SVC - rbf
2019-01-12 09:02:47,466 - INFO - Starting DecisionTreeClassifier
2019-01-12 09:03:24,255 - INFO - Starting RandomForestClassifier
2019-01-12 09:27:07,729 - INFO - Starting XGBClassifier
2019-01-12 09:27:32,546 - INFO - Starting GradientBoostingClassifier
2019-01-12 09:28:45,012 - INFO - Starting AdaBoostClassifier
2019-01-12 09:29:45,930 - INFO - X columns for the regression model: ['previous_error_diff_deviation', 'volatility_0_5_after', 'volatility_60_0_before', 'volatility_25_30_after', 'weekday', 'volatility_5_10_after', 'fe_worse', 'year', 'new_id', 'forecast_error_diff_deviation', 'pips_agg_60_0_before', 'pips_candle_0_5_after', 'volatility_15_20_after', 'Medium', 'fe_accurate', 'pe_better', 'volatility_10_15_after', 'pips_candle_5_10_after', 'Low', 'week', 'pips_candle_min_30_60_after', 'pips_candle_max_30_60_after', 'forecast_error_diff_outlier_class', 'High', 'num_news', 'pe_accurate', 'pips_candle_25_30_after', 'pips_candle_20_25_after', 'pips_candle_15_20_after', 'previous_error_diff_outlier_class', 'pe_worse', 'pips_candle_30_60_after', 'volatility_20_25_after', 'fe_better', 'volatility_30_60_after', 'pips_candle_10_15_after']
2019-01-12 09:29:46,072 - INFO - Starting KNeighborsRegressor
2019-01-12 09:37:51,977 - INFO - Starting SVR - rbf
2019-01-12 09:46:10,822 - INFO - Starting DecisionTreeRegressor
2019-01-12 09:46:51,390 - INFO - Starting RandomForestRegressor
2019-01-12 10:51:54,525 - INFO - Starting XGBRegressor
2019-01-12 10:52:18,413 - INFO - Starting GradientBoostingRegressor
2019-01-12 10:53:09,983 - INFO - Starting AdaBoostRegressor
2019-01-12 10:54:22,740 - INFO - sweep done in: 125.60 min
2019-01-12 10:54:22,757 - INFO - #########################
2019-01-12 10:54:22,757 - INFO - 
2019-01-12 10:54:22,757 - INFO - Starting a new sweep, grouping news by: ALL_YES_1_1_1
2019-01-12 10:55:41,616 - INFO - Starting a new sweep with market features: basic
2019-01-12 10:55:41,617 - INFO - Starting a new sweep, features before the publication are: included
2019-01-12 10:55:41,617 - INFO - Starting a new sweep, delay in between buying-selling is: 60_120
2019-01-12 10:55:41,617 - INFO - Starting a new sweep for grid mode: basic
2019-01-12 10:55:41,617 - INFO - List of dynamic market fields: ['volatility_0_5_after', 'pips_candle_0_5_after', 'volatility_5_10_after', 'pips_candle_5_10_after', 'volatility_10_15_after', 'pips_candle_10_15_after', 'volatility_15_20_after', 'pips_candle_15_20_after', 'volatility_20_25_after', 'pips_candle_20_25_after', 'volatility_25_30_after', 'pips_candle_25_30_after', 'volatility_30_60_after', 'pips_candle_30_60_after', 'volatility_60_0_before', 'pips_agg_60_0_before', 'datetime', 'pips_candle_max_60_120_after']
2019-01-12 10:55:43,098 - INFO - X columns for the classification model: ['previous_error_diff_deviation', 'volatility_0_5_after', 'volatility_60_0_before', 'volatility_25_30_after', 'weekday', 'volatility_5_10_after', 'fe_worse', 'year', 'new_id', 'forecast_error_diff_deviation', 'pips_agg_60_0_before', 'pips_candle_0_5_after', 'volatility_15_20_after', 'Medium', 'fe_accurate', 'pe_better', 'volatility_10_15_after', 'pips_candle_5_10_after', 'Low', 'week', 'forecast_error_diff_outlier_class', 'High', 'num_news', 'pe_accurate', 'pips_candle_25_30_after', 'pips_candle_20_25_after', 'pips_candle_15_20_after', 'previous_error_diff_outlier_class', 'pe_worse', 'pips_candle_30_60_after', 'volatility_20_25_after', 'fe_better', 'volatility_30_60_after', 'pips_candle_10_15_after']
2019-01-12 10:55:43,099 - INFO - y dependent variable: reaction_max_60_120_after
2019-01-12 10:55:43,261 - INFO - Starting KNeighborsClassifier
2019-01-12 11:00:39,912 - INFO - Starting SVC - rbf
2019-01-12 11:04:33,606 - INFO - Starting DecisionTreeClassifier
2019-01-12 11:04:59,560 - INFO - Starting RandomForestClassifier
2019-01-12 11:21:41,865 - INFO - Starting XGBClassifier
2019-01-12 11:21:56,120 - INFO - Starting GradientBoostingClassifier
2019-01-12 11:22:33,828 - INFO - Starting AdaBoostClassifier
2019-01-12 11:23:13,732 - INFO - X columns for the regression model: ['previous_error_diff_deviation', 'volatility_0_5_after', 'volatility_60_0_before', 'volatility_25_30_after', 'weekday', 'volatility_5_10_after', 'fe_worse', 'year', 'new_id', 'forecast_error_diff_deviation', 'pips_agg_60_0_before', 'pips_candle_0_5_after', 'volatility_15_20_after', 'Medium', 'fe_accurate', 'pe_better', 'volatility_10_15_after', 'pips_candle_5_10_after', 'Low', 'week', 'forecast_error_diff_outlier_class', 'High', 'num_news', 'pe_accurate', 'pips_candle_25_30_after', 'pips_candle_20_25_after', 'pips_candle_15_20_after', 'previous_error_diff_outlier_class', 'pe_worse', 'pips_candle_30_60_after', 'volatility_20_25_after', 'fe_better', 'volatility_30_60_after', 'pips_candle_10_15_after']
2019-01-12 11:23:13,836 - INFO - Starting KNeighborsRegressor
2019-01-12 11:27:54,426 - INFO - Starting SVR - rbf
2019-01-12 11:31:30,392 - INFO - Starting DecisionTreeRegressor
2019-01-12 11:31:53,117 - INFO - Starting RandomForestRegressor
2019-01-12 12:08:45,705 - INFO - Starting XGBRegressor
2019-01-12 12:09:00,525 - INFO - Starting GradientBoostingRegressor
2019-01-12 12:09:30,155 - INFO - Starting AdaBoostRegressor
2019-01-12 12:09:50,291 - INFO - sweep done in: 74.14 min
2019-01-12 12:09:50,308 - INFO - Starting a new sweep for grid mode: basic
2019-01-12 12:09:50,308 - INFO - List of dynamic market fields: ['volatility_0_5_after', 'pips_candle_0_5_after', 'volatility_5_10_after', 'pips_candle_5_10_after', 'volatility_10_15_after', 'pips_candle_10_15_after', 'volatility_15_20_after', 'pips_candle_15_20_after', 'volatility_20_25_after', 'pips_candle_20_25_after', 'volatility_25_30_after', 'pips_candle_25_30_after', 'volatility_30_60_after', 'pips_candle_30_60_after', 'volatility_60_0_before', 'pips_agg_60_0_before', 'datetime', 'pips_candle_min_60_120_after']
2019-01-12 12:09:51,953 - INFO - X columns for the classification model: ['previous_error_diff_deviation', 'volatility_0_5_after', 'volatility_60_0_before', 'volatility_25_30_after', 'weekday', 'volatility_5_10_after', 'fe_worse', 'year', 'new_id', 'forecast_error_diff_deviation', 'pips_agg_60_0_before', 'pips_candle_0_5_after', 'volatility_15_20_after', 'Medium', 'fe_accurate', 'pe_better', 'volatility_10_15_after', 'pips_candle_5_10_after', 'Low', 'week', 'forecast_error_diff_outlier_class', 'High', 'num_news', 'pe_accurate', 'pips_candle_25_30_after', 'pips_candle_20_25_after', 'pips_candle_15_20_after', 'previous_error_diff_outlier_class', 'pe_worse', 'pips_candle_30_60_after', 'volatility_20_25_after', 'fe_better', 'volatility_30_60_after', 'pips_candle_10_15_after']
2019-01-12 12:09:51,954 - INFO - y dependent variable: reaction_min_60_120_after
2019-01-12 12:09:52,078 - INFO - Starting KNeighborsClassifier
2019-01-12 12:14:51,119 - INFO - Starting SVC - rbf
2019-01-12 12:18:37,291 - INFO - Starting DecisionTreeClassifier
2019-01-12 12:19:01,871 - INFO - Starting RandomForestClassifier
2019-01-12 12:33:53,571 - INFO - Starting XGBClassifier
2019-01-12 12:34:05,987 - INFO - Starting GradientBoostingClassifier
2019-01-12 12:34:37,592 - INFO - Starting AdaBoostClassifier
2019-01-12 12:35:11,299 - INFO - X columns for the regression model: ['previous_error_diff_deviation', 'volatility_0_5_after', 'volatility_60_0_before', 'volatility_25_30_after', 'weekday', 'volatility_5_10_after', 'fe_worse', 'year', 'new_id', 'forecast_error_diff_deviation', 'pips_agg_60_0_before', 'pips_candle_0_5_after', 'volatility_15_20_after', 'Medium', 'fe_accurate', 'pe_better', 'volatility_10_15_after', 'pips_candle_5_10_after', 'Low', 'week', 'forecast_error_diff_outlier_class', 'High', 'num_news', 'pe_accurate', 'pips_candle_25_30_after', 'pips_candle_20_25_after', 'pips_candle_15_20_after', 'previous_error_diff_outlier_class', 'pe_worse', 'pips_candle_30_60_after', 'volatility_20_25_after', 'fe_better', 'volatility_30_60_after', 'pips_candle_10_15_after']
2019-01-12 12:35:11,383 - INFO - Starting KNeighborsRegressor
2019-01-12 12:39:09,885 - INFO - Starting SVR - rbf
2019-01-12 12:42:23,253 - INFO - Starting DecisionTreeRegressor
2019-01-12 12:42:43,670 - INFO - Starting RandomForestRegressor
2019-01-12 13:15:15,404 - INFO - Starting XGBRegressor
2019-01-12 13:15:28,811 - INFO - Starting GradientBoostingRegressor
2019-01-12 13:15:56,212 - INFO - Starting AdaBoostRegressor
2019-01-12 13:16:13,974 - INFO - sweep done in: 66.39 min
2019-01-12 13:16:13,992 - INFO - Starting a new sweep with market features: all
2019-01-12 13:16:13,993 - INFO - Starting a new sweep, features before the publication are: included
2019-01-12 13:16:13,993 - INFO - Starting a new sweep, delay in between buying-selling is: 60_120
2019-01-12 13:16:13,993 - INFO - Starting a new sweep for grid mode: basic
2019-01-12 13:16:13,994 - INFO - List of dynamic market fields: ['volatility_0_5_after', 'pips_candle_0_5_after', 'volatility_5_10_after', 'pips_candle_5_10_after', 'volatility_10_15_after', 'pips_candle_10_15_after', 'volatility_15_20_after', 'pips_candle_15_20_after', 'volatility_20_25_after', 'pips_candle_20_25_after', 'volatility_25_30_after', 'pips_candle_25_30_after', 'volatility_30_60_after', 'pips_candle_30_60_after', 'pips_candle_max_30_60_after', 'pips_candle_min_30_60_after', 'volatility_60_0_before', 'pips_agg_60_0_before', 'datetime', 'pips_candle_max_60_120_after']
2019-01-12 13:16:15,420 - INFO - X columns for the classification model: ['previous_error_diff_deviation', 'volatility_0_5_after', 'volatility_60_0_before', 'volatility_25_30_after', 'weekday', 'volatility_5_10_after', 'fe_worse', 'year', 'new_id', 'forecast_error_diff_deviation', 'pips_agg_60_0_before', 'pips_candle_0_5_after', 'volatility_15_20_after', 'Medium', 'fe_accurate', 'pe_better', 'volatility_10_15_after', 'pips_candle_5_10_after', 'Low', 'week', 'pips_candle_min_30_60_after', 'pips_candle_max_30_60_after', 'forecast_error_diff_outlier_class', 'High', 'num_news', 'pe_accurate', 'pips_candle_25_30_after', 'pips_candle_20_25_after', 'pips_candle_15_20_after', 'previous_error_diff_outlier_class', 'pe_worse', 'pips_candle_30_60_after', 'volatility_20_25_after', 'fe_better', 'volatility_30_60_after', 'pips_candle_10_15_after']
2019-01-12 13:16:15,420 - INFO - y dependent variable: reaction_max_60_120_after
2019-01-12 13:16:15,538 - INFO - Starting KNeighborsClassifier
2019-01-12 13:21:34,632 - INFO - Starting SVC - rbf
2019-01-12 13:25:01,928 - INFO - Starting DecisionTreeClassifier
2019-01-12 13:25:24,559 - INFO - Starting RandomForestClassifier
2019-01-12 13:40:31,467 - INFO - Starting XGBClassifier
2019-01-12 13:40:44,652 - INFO - Starting GradientBoostingClassifier
2019-01-12 13:41:16,311 - INFO - Starting AdaBoostClassifier
2019-01-12 13:41:50,668 - INFO - X columns for the regression model: ['previous_error_diff_deviation', 'volatility_0_5_after', 'volatility_60_0_before', 'volatility_25_30_after', 'weekday', 'volatility_5_10_after', 'fe_worse', 'year', 'new_id', 'forecast_error_diff_deviation', 'pips_agg_60_0_before', 'pips_candle_0_5_after', 'volatility_15_20_after', 'Medium', 'fe_accurate', 'pe_better', 'volatility_10_15_after', 'pips_candle_5_10_after', 'Low', 'week', 'pips_candle_min_30_60_after', 'pips_candle_max_30_60_after', 'forecast_error_diff_outlier_class', 'High', 'num_news', 'pe_accurate', 'pips_candle_25_30_after', 'pips_candle_20_25_after', 'pips_candle_15_20_after', 'previous_error_diff_outlier_class', 'pe_worse', 'pips_candle_30_60_after', 'volatility_20_25_after', 'fe_better', 'volatility_30_60_after', 'pips_candle_10_15_after']
2019-01-12 13:41:50,772 - INFO - Starting KNeighborsRegressor
2019-01-12 13:46:12,112 - INFO - Starting SVR - rbf
2019-01-12 13:49:34,048 - INFO - Starting DecisionTreeRegressor
2019-01-12 13:49:55,881 - INFO - Starting RandomForestRegressor
2019-01-12 14:24:30,728 - INFO - Starting XGBRegressor
2019-01-12 14:24:44,653 - INFO - Starting GradientBoostingRegressor
2019-01-12 14:25:12,770 - INFO - Starting AdaBoostRegressor
2019-01-12 14:25:26,196 - INFO - sweep done in: 69.20 min
2019-01-12 14:25:26,229 - INFO - Starting a new sweep for grid mode: basic
2019-01-12 14:25:26,230 - INFO - List of dynamic market fields: ['volatility_0_5_after', 'pips_candle_0_5_after', 'volatility_5_10_after', 'pips_candle_5_10_after', 'volatility_10_15_after', 'pips_candle_10_15_after', 'volatility_15_20_after', 'pips_candle_15_20_after', 'volatility_20_25_after', 'pips_candle_20_25_after', 'volatility_25_30_after', 'pips_candle_25_30_after', 'volatility_30_60_after', 'pips_candle_30_60_after', 'pips_candle_max_30_60_after', 'pips_candle_min_30_60_after', 'volatility_60_0_before', 'pips_agg_60_0_before', 'datetime', 'pips_candle_min_60_120_after']
2019-01-12 14:25:27,650 - INFO - X columns for the classification model: ['previous_error_diff_deviation', 'volatility_0_5_after', 'volatility_60_0_before', 'volatility_25_30_after', 'weekday', 'volatility_5_10_after', 'fe_worse', 'year', 'new_id', 'forecast_error_diff_deviation', 'pips_agg_60_0_before', 'pips_candle_0_5_after', 'volatility_15_20_after', 'Medium', 'fe_accurate', 'pe_better', 'volatility_10_15_after', 'pips_candle_5_10_after', 'Low', 'week', 'pips_candle_min_30_60_after', 'pips_candle_max_30_60_after', 'forecast_error_diff_outlier_class', 'High', 'num_news', 'pe_accurate', 'pips_candle_25_30_after', 'pips_candle_20_25_after', 'pips_candle_15_20_after', 'previous_error_diff_outlier_class', 'pe_worse', 'pips_candle_30_60_after', 'volatility_20_25_after', 'fe_better', 'volatility_30_60_after', 'pips_candle_10_15_after']
2019-01-12 14:25:27,650 - INFO - y dependent variable: reaction_min_60_120_after
2019-01-12 14:25:27,762 - INFO - Starting KNeighborsClassifier
2019-01-12 14:29:54,114 - INFO - Starting SVC - rbf
2019-01-12 14:33:16,621 - INFO - Starting DecisionTreeClassifier
2019-01-12 14:33:38,809 - INFO - Starting RandomForestClassifier
2019-01-12 14:46:57,527 - INFO - Starting XGBClassifier
2019-01-12 14:47:10,389 - INFO - Starting GradientBoostingClassifier
2019-01-12 14:47:41,059 - INFO - Starting AdaBoostClassifier
2019-01-12 14:48:10,995 - INFO - X columns for the regression model: ['previous_error_diff_deviation', 'volatility_0_5_after', 'volatility_60_0_before', 'volatility_25_30_after', 'weekday', 'volatility_5_10_after', 'fe_worse', 'year', 'new_id', 'forecast_error_diff_deviation', 'pips_agg_60_0_before', 'pips_candle_0_5_after', 'volatility_15_20_after', 'Medium', 'fe_accurate', 'pe_better', 'volatility_10_15_after', 'pips_candle_5_10_after', 'Low', 'week', 'pips_candle_min_30_60_after', 'pips_candle_max_30_60_after', 'forecast_error_diff_outlier_class', 'High', 'num_news', 'pe_accurate', 'pips_candle_25_30_after', 'pips_candle_20_25_after', 'pips_candle_15_20_after', 'previous_error_diff_outlier_class', 'pe_worse', 'pips_candle_30_60_after', 'volatility_20_25_after', 'fe_better', 'volatility_30_60_after', 'pips_candle_10_15_after']
2019-01-12 14:48:11,081 - INFO - Starting KNeighborsRegressor
2019-01-12 14:52:03,036 - INFO - Starting SVR - rbf
2019-01-12 14:55:06,045 - INFO - Starting DecisionTreeRegressor
2019-01-12 14:55:26,125 - INFO - Starting RandomForestRegressor
2019-01-12 15:25:48,568 - INFO - Starting XGBRegressor
2019-01-12 15:26:00,441 - INFO - Starting GradientBoostingRegressor
2019-01-12 15:26:24,680 - INFO - Starting AdaBoostRegressor
2019-01-12 15:26:54,568 - INFO - sweep done in: 61.47 min
2019-01-12 15:26:54,583 - INFO - #########################
2019-01-12 15:26:54,584 - INFO - 
2019-01-12 15:26:54,584 - INFO - Starting a new sweep, grouping news by: ALL_YES_3_2_1
2019-01-12 15:27:51,173 - INFO - Starting a new sweep with market features: basic
2019-01-12 15:27:51,173 - INFO - Starting a new sweep, features before the publication are: included
2019-01-12 15:27:51,174 - INFO - Starting a new sweep, delay in between buying-selling is: 60_120
2019-01-12 15:27:51,174 - INFO - Starting a new sweep for grid mode: basic
2019-01-12 15:27:51,174 - INFO - List of dynamic market fields: ['volatility_0_5_after', 'pips_candle_0_5_after', 'volatility_5_10_after', 'pips_candle_5_10_after', 'volatility_10_15_after', 'pips_candle_10_15_after', 'volatility_15_20_after', 'pips_candle_15_20_after', 'volatility_20_25_after', 'pips_candle_20_25_after', 'volatility_25_30_after', 'pips_candle_25_30_after', 'volatility_30_60_after', 'pips_candle_30_60_after', 'volatility_60_0_before', 'pips_agg_60_0_before', 'datetime', 'pips_candle_max_60_120_after']
2019-01-12 15:27:52,224 - INFO - X columns for the classification model: ['previous_error_diff_deviation', 'volatility_0_5_after', 'volatility_60_0_before', 'volatility_25_30_after', 'weekday', 'volatility_5_10_after', 'fe_worse', 'year', 'new_id', 'forecast_error_diff_deviation', 'pips_agg_60_0_before', 'pips_candle_0_5_after', 'volatility_15_20_after', 'Medium', 'fe_accurate', 'pe_better', 'volatility_10_15_after', 'pips_candle_5_10_after', 'Low', 'week', 'forecast_error_diff_outlier_class', 'High', 'num_news', 'pe_accurate', 'pips_candle_25_30_after', 'pips_candle_20_25_after', 'pips_candle_15_20_after', 'previous_error_diff_outlier_class', 'pe_worse', 'pips_candle_30_60_after', 'volatility_20_25_after', 'fe_better', 'volatility_30_60_after', 'pips_candle_10_15_after']
2019-01-12 15:27:52,224 - INFO - y dependent variable: reaction_max_60_120_after
2019-01-12 15:27:52,298 - INFO - Starting KNeighborsClassifier
2019-01-12 15:31:28,474 - INFO - Starting SVC - rbf
2019-01-12 15:34:18,796 - INFO - Starting DecisionTreeClassifier
2019-01-12 15:34:37,257 - INFO - Starting RandomForestClassifier
2019-01-12 15:47:07,433 - INFO - Starting XGBClassifier
2019-01-12 15:47:18,678 - INFO - Starting GradientBoostingClassifier
2019-01-12 15:47:46,457 - INFO - Starting AdaBoostClassifier
2019-01-12 15:48:17,998 - INFO - X columns for the regression model: ['previous_error_diff_deviation', 'volatility_0_5_after', 'volatility_60_0_before', 'volatility_25_30_after', 'weekday', 'volatility_5_10_after', 'fe_worse', 'year', 'new_id', 'forecast_error_diff_deviation', 'pips_agg_60_0_before', 'pips_candle_0_5_after', 'volatility_15_20_after', 'Medium', 'fe_accurate', 'pe_better', 'volatility_10_15_after', 'pips_candle_5_10_after', 'Low', 'week', 'forecast_error_diff_outlier_class', 'High', 'num_news', 'pe_accurate', 'pips_candle_25_30_after', 'pips_candle_20_25_after', 'pips_candle_15_20_after', 'previous_error_diff_outlier_class', 'pe_worse', 'pips_candle_30_60_after', 'volatility_20_25_after', 'fe_better', 'volatility_30_60_after', 'pips_candle_10_15_after']
2019-01-12 15:48:18,081 - INFO - Starting KNeighborsRegressor
2019-01-12 15:52:34,383 - INFO - Starting SVR - rbf
2019-01-12 15:55:30,172 - INFO - Starting DecisionTreeRegressor
2019-01-12 15:55:48,457 - INFO - Starting RandomForestRegressor
2019-01-12 16:26:48,863 - INFO - Starting XGBRegressor
2019-01-12 16:27:00,893 - INFO - Starting GradientBoostingRegressor
2019-01-12 16:27:26,638 - INFO - Starting AdaBoostRegressor
2019-01-12 16:27:40,480 - INFO - sweep done in: 59.82 min
2019-01-12 16:27:40,487 - INFO - Starting a new sweep for grid mode: basic
2019-01-12 16:27:40,487 - INFO - List of dynamic market fields: ['volatility_0_5_after', 'pips_candle_0_5_after', 'volatility_5_10_after', 'pips_candle_5_10_after', 'volatility_10_15_after', 'pips_candle_10_15_after', 'volatility_15_20_after', 'pips_candle_15_20_after', 'volatility_20_25_after', 'pips_candle_20_25_after', 'volatility_25_30_after', 'pips_candle_25_30_after', 'volatility_30_60_after', 'pips_candle_30_60_after', 'volatility_60_0_before', 'pips_agg_60_0_before', 'datetime', 'pips_candle_min_60_120_after']
2019-01-12 16:27:41,600 - INFO - X columns for the classification model: ['previous_error_diff_deviation', 'volatility_0_5_after', 'volatility_60_0_before', 'volatility_25_30_after', 'weekday', 'volatility_5_10_after', 'fe_worse', 'year', 'new_id', 'forecast_error_diff_deviation', 'pips_agg_60_0_before', 'pips_candle_0_5_after', 'volatility_15_20_after', 'Medium', 'fe_accurate', 'pe_better', 'volatility_10_15_after', 'pips_candle_5_10_after', 'Low', 'week', 'forecast_error_diff_outlier_class', 'High', 'num_news', 'pe_accurate', 'pips_candle_25_30_after', 'pips_candle_20_25_after', 'pips_candle_15_20_after', 'previous_error_diff_outlier_class', 'pe_worse', 'pips_candle_30_60_after', 'volatility_20_25_after', 'fe_better', 'volatility_30_60_after', 'pips_candle_10_15_after']
2019-01-12 16:27:41,600 - INFO - y dependent variable: reaction_min_60_120_after
2019-01-12 16:27:41,689 - INFO - Starting KNeighborsClassifier
2019-01-12 16:31:53,141 - INFO - Starting SVC - rbf
2019-01-12 16:34:59,139 - INFO - Starting DecisionTreeClassifier
2019-01-12 16:35:18,850 - INFO - Starting RandomForestClassifier
2019-01-12 16:48:52,054 - INFO - Starting XGBClassifier
2019-01-12 16:49:05,103 - INFO - Starting GradientBoostingClassifier
2019-01-12 16:49:35,920 - INFO - Starting AdaBoostClassifier
2019-01-12 16:50:10,632 - INFO - X columns for the regression model: ['previous_error_diff_deviation', 'volatility_0_5_after', 'volatility_60_0_before', 'volatility_25_30_after', 'weekday', 'volatility_5_10_after', 'fe_worse', 'year', 'new_id', 'forecast_error_diff_deviation', 'pips_agg_60_0_before', 'pips_candle_0_5_after', 'volatility_15_20_after', 'Medium', 'fe_accurate', 'pe_better', 'volatility_10_15_after', 'pips_candle_5_10_after', 'Low', 'week', 'forecast_error_diff_outlier_class', 'High', 'num_news', 'pe_accurate', 'pips_candle_25_30_after', 'pips_candle_20_25_after', 'pips_candle_15_20_after', 'previous_error_diff_outlier_class', 'pe_worse', 'pips_candle_30_60_after', 'volatility_20_25_after', 'fe_better', 'volatility_30_60_after', 'pips_candle_10_15_after']
2019-01-12 16:50:10,731 - INFO - Starting KNeighborsRegressor
2019-01-12 16:54:50,562 - INFO - Starting SVR - rbf
2019-01-12 16:57:55,870 - INFO - Starting DecisionTreeRegressor
2019-01-12 16:58:14,986 - INFO - Starting RandomForestRegressor
2019-01-12 17:29:28,516 - INFO - Starting XGBRegressor
2019-01-12 17:29:42,078 - INFO - Starting GradientBoostingRegressor
2019-01-12 17:30:05,865 - INFO - Starting AdaBoostRegressor
2019-01-12 17:30:42,581 - INFO - sweep done in: 63.03 min
2019-01-12 17:30:42,602 - INFO - Starting a new sweep with market features: all
2019-01-12 17:30:42,602 - INFO - Starting a new sweep, features before the publication are: included
2019-01-12 17:30:42,602 - INFO - Starting a new sweep, delay in between buying-selling is: 60_120
2019-01-12 17:30:42,603 - INFO - Starting a new sweep for grid mode: basic
2019-01-12 17:30:42,603 - INFO - List of dynamic market fields: ['volatility_0_5_after', 'pips_candle_0_5_after', 'volatility_5_10_after', 'pips_candle_5_10_after', 'volatility_10_15_after', 'pips_candle_10_15_after', 'volatility_15_20_after', 'pips_candle_15_20_after', 'volatility_20_25_after', 'pips_candle_20_25_after', 'volatility_25_30_after', 'pips_candle_25_30_after', 'volatility_30_60_after', 'pips_candle_30_60_after', 'pips_candle_max_30_60_after', 'pips_candle_min_30_60_after', 'volatility_60_0_before', 'pips_agg_60_0_before', 'datetime', 'pips_candle_max_60_120_after']
2019-01-12 17:30:43,891 - INFO - X columns for the classification model: ['previous_error_diff_deviation', 'volatility_0_5_after', 'volatility_60_0_before', 'volatility_25_30_after', 'weekday', 'volatility_5_10_after', 'fe_worse', 'year', 'new_id', 'forecast_error_diff_deviation', 'pips_agg_60_0_before', 'pips_candle_0_5_after', 'volatility_15_20_after', 'Medium', 'fe_accurate', 'pe_better', 'volatility_10_15_after', 'pips_candle_5_10_after', 'Low', 'week', 'pips_candle_min_30_60_after', 'pips_candle_max_30_60_after', 'forecast_error_diff_outlier_class', 'High', 'num_news', 'pe_accurate', 'pips_candle_25_30_after', 'pips_candle_20_25_after', 'pips_candle_15_20_after', 'previous_error_diff_outlier_class', 'pe_worse', 'pips_candle_30_60_after', 'volatility_20_25_after', 'fe_better', 'volatility_30_60_after', 'pips_candle_10_15_after']
2019-01-12 17:30:43,891 - INFO - y dependent variable: reaction_max_60_120_after
2019-01-12 17:30:44,001 - INFO - Starting KNeighborsClassifier
2019-01-12 17:34:54,629 - INFO - Starting SVC - rbf
2019-01-12 17:38:11,803 - INFO - Starting DecisionTreeClassifier
2019-01-12 17:38:31,749 - INFO - Starting RandomForestClassifier
2019-01-12 17:53:49,804 - INFO - Starting XGBClassifier
2019-01-12 17:54:01,920 - INFO - Starting GradientBoostingClassifier
2019-01-12 17:54:33,770 - INFO - Starting AdaBoostClassifier
2019-01-12 17:55:05,919 - INFO - X columns for the regression model: ['previous_error_diff_deviation', 'volatility_0_5_after', 'volatility_60_0_before', 'volatility_25_30_after', 'weekday', 'volatility_5_10_after', 'fe_worse', 'year', 'new_id', 'forecast_error_diff_deviation', 'pips_agg_60_0_before', 'pips_candle_0_5_after', 'volatility_15_20_after', 'Medium', 'fe_accurate', 'pe_better', 'volatility_10_15_after', 'pips_candle_5_10_after', 'Low', 'week', 'pips_candle_min_30_60_after', 'pips_candle_max_30_60_after', 'forecast_error_diff_outlier_class', 'High', 'num_news', 'pe_accurate', 'pips_candle_25_30_after', 'pips_candle_20_25_after', 'pips_candle_15_20_after', 'previous_error_diff_outlier_class', 'pe_worse', 'pips_candle_30_60_after', 'volatility_20_25_after', 'fe_better', 'volatility_30_60_after', 'pips_candle_10_15_after']
2019-01-12 17:55:06,012 - INFO - Starting KNeighborsRegressor
2019-01-12 17:59:38,103 - INFO - Starting SVR - rbf
2019-01-12 18:02:31,970 - INFO - Starting DecisionTreeRegressor
2019-01-12 18:02:50,967 - INFO - Starting RandomForestRegressor
2019-01-12 18:33:37,760 - INFO - Starting XGBRegressor
2019-01-12 18:33:49,930 - INFO - Starting GradientBoostingRegressor
2019-01-12 18:34:15,579 - INFO - Starting AdaBoostRegressor
2019-01-12 18:34:31,362 - INFO - sweep done in: 63.81 min
2019-01-12 18:34:31,379 - INFO - Starting a new sweep for grid mode: basic
2019-01-12 18:34:31,379 - INFO - List of dynamic market fields: ['volatility_0_5_after', 'pips_candle_0_5_after', 'volatility_5_10_after', 'pips_candle_5_10_after', 'volatility_10_15_after', 'pips_candle_10_15_after', 'volatility_15_20_after', 'pips_candle_15_20_after', 'volatility_20_25_after', 'pips_candle_20_25_after', 'volatility_25_30_after', 'pips_candle_25_30_after', 'volatility_30_60_after', 'pips_candle_30_60_after', 'pips_candle_max_30_60_after', 'pips_candle_min_30_60_after', 'volatility_60_0_before', 'pips_agg_60_0_before', 'datetime', 'pips_candle_min_60_120_after']
2019-01-12 18:34:32,783 - INFO - X columns for the classification model: ['previous_error_diff_deviation', 'volatility_0_5_after', 'volatility_60_0_before', 'volatility_25_30_after', 'weekday', 'volatility_5_10_after', 'fe_worse', 'year', 'new_id', 'forecast_error_diff_deviation', 'pips_agg_60_0_before', 'pips_candle_0_5_after', 'volatility_15_20_after', 'Medium', 'fe_accurate', 'pe_better', 'volatility_10_15_after', 'pips_candle_5_10_after', 'Low', 'week', 'pips_candle_min_30_60_after', 'pips_candle_max_30_60_after', 'forecast_error_diff_outlier_class', 'High', 'num_news', 'pe_accurate', 'pips_candle_25_30_after', 'pips_candle_20_25_after', 'pips_candle_15_20_after', 'previous_error_diff_outlier_class', 'pe_worse', 'pips_candle_30_60_after', 'volatility_20_25_after', 'fe_better', 'volatility_30_60_after', 'pips_candle_10_15_after']
2019-01-12 18:34:32,783 - INFO - y dependent variable: reaction_min_60_120_after
2019-01-12 18:34:32,894 - INFO - Starting KNeighborsClassifier
2019-01-12 18:38:39,516 - INFO - Starting SVC - rbf
2019-01-12 18:42:31,212 - INFO - Starting DecisionTreeClassifier
2019-01-12 18:42:52,039 - INFO - Starting RandomForestClassifier
2019-01-12 18:57:55,566 - INFO - Starting XGBClassifier
2019-01-12 18:58:09,103 - INFO - Starting GradientBoostingClassifier
2019-01-12 18:58:40,767 - INFO - Starting AdaBoostClassifier
2019-01-12 18:59:17,023 - INFO - X columns for the regression model: ['previous_error_diff_deviation', 'volatility_0_5_after', 'volatility_60_0_before', 'volatility_25_30_after', 'weekday', 'volatility_5_10_after', 'fe_worse', 'year', 'new_id', 'forecast_error_diff_deviation', 'pips_agg_60_0_before', 'pips_candle_0_5_after', 'volatility_15_20_after', 'Medium', 'fe_accurate', 'pe_better', 'volatility_10_15_after', 'pips_candle_5_10_after', 'Low', 'week', 'pips_candle_min_30_60_after', 'pips_candle_max_30_60_after', 'forecast_error_diff_outlier_class', 'High', 'num_news', 'pe_accurate', 'pips_candle_25_30_after', 'pips_candle_20_25_after', 'pips_candle_15_20_after', 'previous_error_diff_outlier_class', 'pe_worse', 'pips_candle_30_60_after', 'volatility_20_25_after', 'fe_better', 'volatility_30_60_after', 'pips_candle_10_15_after']
2019-01-12 18:59:17,102 - INFO - Starting KNeighborsRegressor
2019-01-12 19:03:32,272 - INFO - Starting SVR - rbf
2019-01-12 19:06:32,331 - INFO - Starting DecisionTreeRegressor
2019-01-12 19:06:51,925 - INFO - Starting RandomForestRegressor
2019-01-12 19:39:48,339 - INFO - Starting XGBRegressor
2019-01-12 19:40:01,216 - INFO - Starting GradientBoostingRegressor
2019-01-12 19:40:29,251 - INFO - Starting AdaBoostRegressor
2019-01-12 19:40:53,388 - INFO - sweep done in: 66.37 min
2019-01-12 19:40:53,418 - INFO - #########################
2019-01-12 19:40:53,418 - INFO - 
2019-01-12 19:40:53,418 - INFO - Starting a new sweep, grouping news by: High_NO_1_1_1
2019-01-12 19:41:09,819 - INFO - Starting a new sweep with market features: basic
2019-01-12 19:41:09,819 - INFO - Starting a new sweep, features before the publication are: included
2019-01-12 19:41:09,819 - INFO - Starting a new sweep, delay in between buying-selling is: 60_120
2019-01-12 19:41:09,820 - INFO - Starting a new sweep for grid mode: basic
2019-01-12 19:41:09,820 - INFO - List of dynamic market fields: ['volatility_0_5_after', 'pips_candle_0_5_after', 'volatility_5_10_after', 'pips_candle_5_10_after', 'volatility_10_15_after', 'pips_candle_10_15_after', 'volatility_15_20_after', 'pips_candle_15_20_after', 'volatility_20_25_after', 'pips_candle_20_25_after', 'volatility_25_30_after', 'pips_candle_25_30_after', 'volatility_30_60_after', 'pips_candle_30_60_after', 'volatility_60_0_before', 'pips_agg_60_0_before', 'datetime', 'pips_candle_max_60_120_after']
2019-01-12 19:41:10,674 - INFO - X columns for the classification model: ['previous_error_diff_deviation', 'volatility_0_5_after', 'volatility_60_0_before', 'volatility_25_30_after', 'weekday', 'volatility_5_10_after', 'fe_worse', 'year', 'new_id', 'forecast_error_diff_deviation', 'pips_agg_60_0_before', 'pips_candle_0_5_after', 'volatility_15_20_after', 'fe_accurate', 'pe_better', 'volatility_10_15_after', 'pips_candle_5_10_after', 'week', 'forecast_error_diff_outlier_class', 'High', 'num_news', 'pe_accurate', 'pips_candle_25_30_after', 'pips_candle_20_25_after', 'pips_candle_15_20_after', 'previous_error_diff_outlier_class', 'pe_worse', 'pips_candle_30_60_after', 'volatility_20_25_after', 'fe_better', 'volatility_30_60_after', 'pips_candle_10_15_after']
2019-01-12 19:41:10,675 - INFO - y dependent variable: reaction_max_60_120_after
2019-01-12 19:41:10,723 - INFO - Starting KNeighborsClassifier
2019-01-12 19:42:05,298 - INFO - Starting SVC - rbf
2019-01-12 19:43:00,108 - INFO - Starting DecisionTreeClassifier
2019-01-12 19:43:11,485 - INFO - Starting RandomForestClassifier
2019-01-12 19:53:13,325 - INFO - Starting XGBClassifier
2019-01-12 19:53:19,986 - INFO - Starting GradientBoostingClassifier
2019-01-12 19:53:38,180 - INFO - Starting AdaBoostClassifier
2019-01-12 19:53:59,994 - INFO - X columns for the regression model: ['previous_error_diff_deviation', 'volatility_0_5_after', 'volatility_60_0_before', 'volatility_25_30_after', 'weekday', 'volatility_5_10_after', 'fe_worse', 'year', 'new_id', 'forecast_error_diff_deviation', 'pips_agg_60_0_before', 'pips_candle_0_5_after', 'volatility_15_20_after', 'fe_accurate', 'pe_better', 'volatility_10_15_after', 'pips_candle_5_10_after', 'week', 'forecast_error_diff_outlier_class', 'High', 'num_news', 'pe_accurate', 'pips_candle_25_30_after', 'pips_candle_20_25_after', 'pips_candle_15_20_after', 'previous_error_diff_outlier_class', 'pe_worse', 'pips_candle_30_60_after', 'volatility_20_25_after', 'fe_better', 'volatility_30_60_after', 'pips_candle_10_15_after']
2019-01-12 19:54:00,051 - INFO - Starting KNeighborsRegressor
2019-01-12 19:54:49,149 - INFO - Starting SVR - rbf
2019-01-12 19:55:45,711 - INFO - Starting DecisionTreeRegressor
2019-01-12 19:55:57,740 - INFO - Starting RandomForestRegressor
2019-01-12 20:14:14,528 - INFO - Starting XGBRegressor
2019-01-12 20:14:20,807 - INFO - Starting GradientBoostingRegressor
2019-01-12 20:14:33,386 - INFO - Starting AdaBoostRegressor
2019-01-12 20:14:57,709 - INFO - sweep done in: 33.80 min
2019-01-12 20:14:57,739 - INFO - Starting a new sweep for grid mode: basic
2019-01-12 20:14:57,740 - INFO - List of dynamic market fields: ['volatility_0_5_after', 'pips_candle_0_5_after', 'volatility_5_10_after', 'pips_candle_5_10_after', 'volatility_10_15_after', 'pips_candle_10_15_after', 'volatility_15_20_after', 'pips_candle_15_20_after', 'volatility_20_25_after', 'pips_candle_20_25_after', 'volatility_25_30_after', 'pips_candle_25_30_after', 'volatility_30_60_after', 'pips_candle_30_60_after', 'volatility_60_0_before', 'pips_agg_60_0_before', 'datetime', 'pips_candle_min_60_120_after']
2019-01-12 20:14:58,566 - INFO - X columns for the classification model: ['previous_error_diff_deviation', 'volatility_0_5_after', 'volatility_60_0_before', 'volatility_25_30_after', 'weekday', 'volatility_5_10_after', 'fe_worse', 'year', 'new_id', 'forecast_error_diff_deviation', 'pips_agg_60_0_before', 'pips_candle_0_5_after', 'volatility_15_20_after', 'fe_accurate', 'pe_better', 'volatility_10_15_after', 'pips_candle_5_10_after', 'week', 'forecast_error_diff_outlier_class', 'High', 'num_news', 'pe_accurate', 'pips_candle_25_30_after', 'pips_candle_20_25_after', 'pips_candle_15_20_after', 'previous_error_diff_outlier_class', 'pe_worse', 'pips_candle_30_60_after', 'volatility_20_25_after', 'fe_better', 'volatility_30_60_after', 'pips_candle_10_15_after']
2019-01-12 20:14:58,566 - INFO - y dependent variable: reaction_min_60_120_after
2019-01-12 20:14:58,629 - INFO - Starting KNeighborsClassifier
2019-01-12 20:15:51,670 - INFO - Starting SVC - rbf
2019-01-12 20:16:42,626 - INFO - Starting DecisionTreeClassifier
2019-01-12 20:16:52,525 - INFO - Starting RandomForestClassifier
2019-01-12 20:26:37,445 - INFO - Starting XGBClassifier
2019-01-12 20:26:43,638 - INFO - Starting GradientBoostingClassifier
2019-01-12 20:26:59,946 - INFO - Starting AdaBoostClassifier
2019-01-12 20:27:19,800 - INFO - X columns for the regression model: ['previous_error_diff_deviation', 'volatility_0_5_after', 'volatility_60_0_before', 'volatility_25_30_after', 'weekday', 'volatility_5_10_after', 'fe_worse', 'year', 'new_id', 'forecast_error_diff_deviation', 'pips_agg_60_0_before', 'pips_candle_0_5_after', 'volatility_15_20_after', 'fe_accurate', 'pe_better', 'volatility_10_15_after', 'pips_candle_5_10_after', 'week', 'forecast_error_diff_outlier_class', 'High', 'num_news', 'pe_accurate', 'pips_candle_25_30_after', 'pips_candle_20_25_after', 'pips_candle_15_20_after', 'previous_error_diff_outlier_class', 'pe_worse', 'pips_candle_30_60_after', 'volatility_20_25_after', 'fe_better', 'volatility_30_60_after', 'pips_candle_10_15_after']
2019-01-12 20:27:19,853 - INFO - Starting KNeighborsRegressor
2019-01-12 20:28:07,245 - INFO - Starting SVR - rbf
2019-01-12 20:28:56,464 - INFO - Starting DecisionTreeRegressor
2019-01-12 20:29:07,156 - INFO - Starting RandomForestRegressor
2019-01-12 20:47:09,499 - INFO - Starting XGBRegressor
2019-01-12 20:47:16,174 - INFO - Starting GradientBoostingRegressor
2019-01-12 20:47:29,630 - INFO - Starting AdaBoostRegressor
2019-01-12 20:47:49,194 - INFO - sweep done in: 32.86 min
2019-01-12 20:47:49,220 - INFO - Starting a new sweep with market features: all
2019-01-12 20:47:49,264 - INFO - Starting a new sweep, features before the publication are: included
2019-01-12 20:47:49,264 - INFO - Starting a new sweep, delay in between buying-selling is: 60_120
2019-01-12 20:47:49,264 - INFO - Starting a new sweep for grid mode: basic
2019-01-12 20:47:49,264 - INFO - List of dynamic market fields: ['volatility_0_5_after', 'pips_candle_0_5_after', 'volatility_5_10_after', 'pips_candle_5_10_after', 'volatility_10_15_after', 'pips_candle_10_15_after', 'volatility_15_20_after', 'pips_candle_15_20_after', 'volatility_20_25_after', 'pips_candle_20_25_after', 'volatility_25_30_after', 'pips_candle_25_30_after', 'volatility_30_60_after', 'pips_candle_30_60_after', 'pips_candle_max_30_60_after', 'pips_candle_min_30_60_after', 'volatility_60_0_before', 'pips_agg_60_0_before', 'datetime', 'pips_candle_max_60_120_after']
2019-01-12 20:47:50,064 - INFO - X columns for the classification model: ['previous_error_diff_deviation', 'volatility_0_5_after', 'volatility_60_0_before', 'volatility_25_30_after', 'weekday', 'volatility_5_10_after', 'fe_worse', 'year', 'new_id', 'forecast_error_diff_deviation', 'pips_agg_60_0_before', 'pips_candle_0_5_after', 'volatility_15_20_after', 'fe_accurate', 'pe_better', 'volatility_10_15_after', 'pips_candle_5_10_after', 'week', 'pips_candle_min_30_60_after', 'pips_candle_max_30_60_after', 'forecast_error_diff_outlier_class', 'High', 'num_news', 'pe_accurate', 'pips_candle_25_30_after', 'pips_candle_20_25_after', 'pips_candle_15_20_after', 'previous_error_diff_outlier_class', 'pe_worse', 'pips_candle_30_60_after', 'volatility_20_25_after', 'fe_better', 'volatility_30_60_after', 'pips_candle_10_15_after']
2019-01-12 20:47:50,064 - INFO - y dependent variable: reaction_max_60_120_after
2019-01-12 20:47:50,131 - INFO - Starting KNeighborsClassifier
2019-01-12 20:48:39,649 - INFO - Starting SVC - rbf
2019-01-12 20:49:30,484 - INFO - Starting DecisionTreeClassifier
2019-01-12 20:49:43,793 - INFO - Starting RandomForestClassifier
2019-01-12 20:59:35,895 - INFO - Starting XGBClassifier
2019-01-12 20:59:42,314 - INFO - Starting GradientBoostingClassifier
2019-01-12 20:59:59,648 - INFO - Starting AdaBoostClassifier
2019-01-12 21:00:21,205 - INFO - X columns for the regression model: ['previous_error_diff_deviation', 'volatility_0_5_after', 'volatility_60_0_before', 'volatility_25_30_after', 'weekday', 'volatility_5_10_after', 'fe_worse', 'year', 'new_id', 'forecast_error_diff_deviation', 'pips_agg_60_0_before', 'pips_candle_0_5_after', 'volatility_15_20_after', 'fe_accurate', 'pe_better', 'volatility_10_15_after', 'pips_candle_5_10_after', 'week', 'pips_candle_min_30_60_after', 'pips_candle_max_30_60_after', 'forecast_error_diff_outlier_class', 'High', 'num_news', 'pe_accurate', 'pips_candle_25_30_after', 'pips_candle_20_25_after', 'pips_candle_15_20_after', 'previous_error_diff_outlier_class', 'pe_worse', 'pips_candle_30_60_after', 'volatility_20_25_after', 'fe_better', 'volatility_30_60_after', 'pips_candle_10_15_after']
2019-01-12 21:00:21,253 - INFO - Starting KNeighborsRegressor
2019-01-12 21:01:08,223 - INFO - Starting SVR - rbf
2019-01-12 21:02:00,725 - INFO - Starting DecisionTreeRegressor
2019-01-12 21:02:11,653 - INFO - Starting RandomForestRegressor
2019-01-12 21:20:21,875 - INFO - Starting XGBRegressor
2019-01-12 21:20:31,076 - INFO - Starting GradientBoostingRegressor
2019-01-12 21:20:46,463 - INFO - Starting AdaBoostRegressor
2019-01-12 21:21:14,044 - INFO - sweep done in: 33.41 min
2019-01-12 21:21:14,070 - INFO - Starting a new sweep for grid mode: basic
2019-01-12 21:21:14,070 - INFO - List of dynamic market fields: ['volatility_0_5_after', 'pips_candle_0_5_after', 'volatility_5_10_after', 'pips_candle_5_10_after', 'volatility_10_15_after', 'pips_candle_10_15_after', 'volatility_15_20_after', 'pips_candle_15_20_after', 'volatility_20_25_after', 'pips_candle_20_25_after', 'volatility_25_30_after', 'pips_candle_25_30_after', 'volatility_30_60_after', 'pips_candle_30_60_after', 'pips_candle_max_30_60_after', 'pips_candle_min_30_60_after', 'volatility_60_0_before', 'pips_agg_60_0_before', 'datetime', 'pips_candle_min_60_120_after']
2019-01-12 21:21:14,853 - INFO - X columns for the classification model: ['previous_error_diff_deviation', 'volatility_0_5_after', 'volatility_60_0_before', 'volatility_25_30_after', 'weekday', 'volatility_5_10_after', 'fe_worse', 'year', 'new_id', 'forecast_error_diff_deviation', 'pips_agg_60_0_before', 'pips_candle_0_5_after', 'volatility_15_20_after', 'fe_accurate', 'pe_better', 'volatility_10_15_after', 'pips_candle_5_10_after', 'week', 'pips_candle_min_30_60_after', 'pips_candle_max_30_60_after', 'forecast_error_diff_outlier_class', 'High', 'num_news', 'pe_accurate', 'pips_candle_25_30_after', 'pips_candle_20_25_after', 'pips_candle_15_20_after', 'previous_error_diff_outlier_class', 'pe_worse', 'pips_candle_30_60_after', 'volatility_20_25_after', 'fe_better', 'volatility_30_60_after', 'pips_candle_10_15_after']
2019-01-12 21:21:14,853 - INFO - y dependent variable: reaction_min_60_120_after
2019-01-12 21:21:14,911 - INFO - Starting KNeighborsClassifier
2019-01-12 21:22:07,317 - INFO - Starting SVC - rbf
2019-01-12 21:22:58,327 - INFO - Starting DecisionTreeClassifier
2019-01-12 21:23:09,663 - INFO - Starting RandomForestClassifier
2019-01-12 21:31:57,878 - INFO - Starting XGBClassifier
2019-01-12 21:32:02,709 - INFO - Starting GradientBoostingClassifier
2019-01-12 21:32:14,899 - INFO - Starting AdaBoostClassifier
2019-01-12 21:32:26,763 - INFO - X columns for the regression model: ['previous_error_diff_deviation', 'volatility_0_5_after', 'volatility_60_0_before', 'volatility_25_30_after', 'weekday', 'volatility_5_10_after', 'fe_worse', 'year', 'new_id', 'forecast_error_diff_deviation', 'pips_agg_60_0_before', 'pips_candle_0_5_after', 'volatility_15_20_after', 'fe_accurate', 'pe_better', 'volatility_10_15_after', 'pips_candle_5_10_after', 'week', 'pips_candle_min_30_60_after', 'pips_candle_max_30_60_after', 'forecast_error_diff_outlier_class', 'High', 'num_news', 'pe_accurate', 'pips_candle_25_30_after', 'pips_candle_20_25_after', 'pips_candle_15_20_after', 'previous_error_diff_outlier_class', 'pe_worse', 'pips_candle_30_60_after', 'volatility_20_25_after', 'fe_better', 'volatility_30_60_after', 'pips_candle_10_15_after']
2019-01-12 21:32:26,788 - INFO - Starting KNeighborsRegressor
2019-01-12 21:32:54,237 - INFO - Starting SVR - rbf
2019-01-12 21:33:23,867 - INFO - Starting DecisionTreeRegressor
2019-01-12 21:33:30,069 - INFO - Starting RandomForestRegressor
2019-01-12 21:42:15,515 - INFO - Starting XGBRegressor
2019-01-12 21:42:18,710 - INFO - Starting GradientBoostingRegressor
2019-01-12 21:42:25,187 - INFO - Starting AdaBoostRegressor
2019-01-12 21:42:30,062 - INFO - sweep done in: 21.27 min
2019-01-12 21:42:30,068 - INFO - #########################
2019-01-12 21:42:30,068 - INFO - 
2019-01-12 21:42:30,068 - INFO - Starting a new sweep, grouping news by: High_YES_1_1_1
2019-01-12 21:42:36,524 - INFO - Starting a new sweep with market features: basic
2019-01-12 21:42:36,524 - INFO - Starting a new sweep, features before the publication are: included
2019-01-12 21:42:36,524 - INFO - Starting a new sweep, delay in between buying-selling is: 60_120
2019-01-12 21:42:36,524 - INFO - Starting a new sweep for grid mode: basic
2019-01-12 21:42:36,525 - INFO - List of dynamic market fields: ['volatility_0_5_after', 'pips_candle_0_5_after', 'volatility_5_10_after', 'pips_candle_5_10_after', 'volatility_10_15_after', 'pips_candle_10_15_after', 'volatility_15_20_after', 'pips_candle_15_20_after', 'volatility_20_25_after', 'pips_candle_20_25_after', 'volatility_25_30_after', 'pips_candle_25_30_after', 'volatility_30_60_after', 'pips_candle_30_60_after', 'volatility_60_0_before', 'pips_agg_60_0_before', 'datetime', 'pips_candle_max_60_120_after']
2019-01-12 21:42:36,797 - INFO - X columns for the classification model: ['previous_error_diff_deviation', 'volatility_0_5_after', 'volatility_60_0_before', 'volatility_25_30_after', 'weekday', 'volatility_5_10_after', 'fe_worse', 'year', 'new_id', 'forecast_error_diff_deviation', 'pips_agg_60_0_before', 'pips_candle_0_5_after', 'volatility_15_20_after', 'fe_accurate', 'pe_better', 'volatility_10_15_after', 'pips_candle_5_10_after', 'week', 'forecast_error_diff_outlier_class', 'High', 'num_news', 'pe_accurate', 'pips_candle_25_30_after', 'pips_candle_20_25_after', 'pips_candle_15_20_after', 'previous_error_diff_outlier_class', 'pe_worse', 'pips_candle_30_60_after', 'volatility_20_25_after', 'fe_better', 'volatility_30_60_after', 'pips_candle_10_15_after']
2019-01-12 21:42:36,798 - INFO - y dependent variable: reaction_max_60_120_after
2019-01-12 21:42:36,813 - INFO - Starting KNeighborsClassifier
2019-01-12 21:42:57,458 - INFO - Starting SVC - rbf
2019-01-12 21:43:12,245 - INFO - Starting DecisionTreeClassifier
2019-01-12 21:43:15,823 - INFO - Starting RandomForestClassifier
2019-01-12 21:47:11,272 - INFO - Starting XGBClassifier
2019-01-12 21:47:13,693 - INFO - Starting GradientBoostingClassifier
2019-01-12 21:47:20,408 - INFO - Starting AdaBoostClassifier
2019-01-12 21:47:28,629 - INFO - X columns for the regression model: ['previous_error_diff_deviation', 'volatility_0_5_after', 'volatility_60_0_before', 'volatility_25_30_after', 'weekday', 'volatility_5_10_after', 'fe_worse', 'year', 'new_id', 'forecast_error_diff_deviation', 'pips_agg_60_0_before', 'pips_candle_0_5_after', 'volatility_15_20_after', 'fe_accurate', 'pe_better', 'volatility_10_15_after', 'pips_candle_5_10_after', 'week', 'forecast_error_diff_outlier_class', 'High', 'num_news', 'pe_accurate', 'pips_candle_25_30_after', 'pips_candle_20_25_after', 'pips_candle_15_20_after', 'previous_error_diff_outlier_class', 'pe_worse', 'pips_candle_30_60_after', 'volatility_20_25_after', 'fe_better', 'volatility_30_60_after', 'pips_candle_10_15_after']
2019-01-12 21:47:28,643 - INFO - Starting KNeighborsRegressor
2019-01-12 21:47:48,411 - INFO - Starting SVR - rbf
2019-01-12 21:48:03,338 - INFO - Starting DecisionTreeRegressor
2019-01-12 21:48:07,040 - INFO - Starting RandomForestRegressor
2019-01-12 21:54:19,297 - INFO - Starting XGBRegressor
2019-01-12 21:54:21,674 - INFO - Starting GradientBoostingRegressor
2019-01-12 21:54:26,022 - INFO - Starting AdaBoostRegressor
2019-01-12 21:54:33,657 - INFO - sweep done in: 11.95 min
2019-01-12 21:54:33,665 - INFO - Starting a new sweep for grid mode: basic
2019-01-12 21:54:33,666 - INFO - List of dynamic market fields: ['volatility_0_5_after', 'pips_candle_0_5_after', 'volatility_5_10_after', 'pips_candle_5_10_after', 'volatility_10_15_after', 'pips_candle_10_15_after', 'volatility_15_20_after', 'pips_candle_15_20_after', 'volatility_20_25_after', 'pips_candle_20_25_after', 'volatility_25_30_after', 'pips_candle_25_30_after', 'volatility_30_60_after', 'pips_candle_30_60_after', 'volatility_60_0_before', 'pips_agg_60_0_before', 'datetime', 'pips_candle_min_60_120_after']
2019-01-12 21:54:33,908 - INFO - X columns for the classification model: ['previous_error_diff_deviation', 'volatility_0_5_after', 'volatility_60_0_before', 'volatility_25_30_after', 'weekday', 'volatility_5_10_after', 'fe_worse', 'year', 'new_id', 'forecast_error_diff_deviation', 'pips_agg_60_0_before', 'pips_candle_0_5_after', 'volatility_15_20_after', 'fe_accurate', 'pe_better', 'volatility_10_15_after', 'pips_candle_5_10_after', 'week', 'forecast_error_diff_outlier_class', 'High', 'num_news', 'pe_accurate', 'pips_candle_25_30_after', 'pips_candle_20_25_after', 'pips_candle_15_20_after', 'previous_error_diff_outlier_class', 'pe_worse', 'pips_candle_30_60_after', 'volatility_20_25_after', 'fe_better', 'volatility_30_60_after', 'pips_candle_10_15_after']
2019-01-12 21:54:33,908 - INFO - y dependent variable: reaction_min_60_120_after
2019-01-12 21:54:33,927 - INFO - Starting KNeighborsClassifier
2019-01-12 21:54:53,906 - INFO - Starting SVC - rbf
2019-01-12 21:55:09,659 - INFO - Starting DecisionTreeClassifier
2019-01-12 21:55:13,277 - INFO - Starting RandomForestClassifier
2019-01-12 21:59:04,201 - INFO - Starting XGBClassifier
2019-01-12 21:59:06,601 - INFO - Starting GradientBoostingClassifier
2019-01-12 21:59:12,662 - INFO - Starting AdaBoostClassifier
2019-01-12 21:59:20,570 - INFO - X columns for the regression model: ['previous_error_diff_deviation', 'volatility_0_5_after', 'volatility_60_0_before', 'volatility_25_30_after', 'weekday', 'volatility_5_10_after', 'fe_worse', 'year', 'new_id', 'forecast_error_diff_deviation', 'pips_agg_60_0_before', 'pips_candle_0_5_after', 'volatility_15_20_after', 'fe_accurate', 'pe_better', 'volatility_10_15_after', 'pips_candle_5_10_after', 'week', 'forecast_error_diff_outlier_class', 'High', 'num_news', 'pe_accurate', 'pips_candle_25_30_after', 'pips_candle_20_25_after', 'pips_candle_15_20_after', 'previous_error_diff_outlier_class', 'pe_worse', 'pips_candle_30_60_after', 'volatility_20_25_after', 'fe_better', 'volatility_30_60_after', 'pips_candle_10_15_after']
2019-01-12 21:59:20,586 - INFO - Starting KNeighborsRegressor
2019-01-12 21:59:40,252 - INFO - Starting SVR - rbf
2019-01-12 21:59:54,681 - INFO - Starting DecisionTreeRegressor
2019-01-12 21:59:58,264 - INFO - Starting RandomForestRegressor
2019-01-12 22:05:55,801 - INFO - Starting XGBRegressor
2019-01-12 22:05:58,168 - INFO - Starting GradientBoostingRegressor
2019-01-12 22:06:02,838 - INFO - Starting AdaBoostRegressor
2019-01-12 22:06:10,840 - INFO - sweep done in: 11.62 min
2019-01-12 22:06:10,848 - INFO - Starting a new sweep with market features: all
2019-01-12 22:06:10,848 - INFO - Starting a new sweep, features before the publication are: included
2019-01-12 22:06:10,848 - INFO - Starting a new sweep, delay in between buying-selling is: 60_120
2019-01-12 22:06:10,848 - INFO - Starting a new sweep for grid mode: basic
2019-01-12 22:06:10,849 - INFO - List of dynamic market fields: ['volatility_0_5_after', 'pips_candle_0_5_after', 'volatility_5_10_after', 'pips_candle_5_10_after', 'volatility_10_15_after', 'pips_candle_10_15_after', 'volatility_15_20_after', 'pips_candle_15_20_after', 'volatility_20_25_after', 'pips_candle_20_25_after', 'volatility_25_30_after', 'pips_candle_25_30_after', 'volatility_30_60_after', 'pips_candle_30_60_after', 'pips_candle_max_30_60_after', 'pips_candle_min_30_60_after', 'volatility_60_0_before', 'pips_agg_60_0_before', 'datetime', 'pips_candle_max_60_120_after']
2019-01-12 22:06:11,127 - INFO - X columns for the classification model: ['previous_error_diff_deviation', 'volatility_0_5_after', 'volatility_60_0_before', 'volatility_25_30_after', 'weekday', 'volatility_5_10_after', 'fe_worse', 'year', 'new_id', 'forecast_error_diff_deviation', 'pips_agg_60_0_before', 'pips_candle_0_5_after', 'volatility_15_20_after', 'fe_accurate', 'pe_better', 'volatility_10_15_after', 'pips_candle_5_10_after', 'week', 'pips_candle_min_30_60_after', 'pips_candle_max_30_60_after', 'forecast_error_diff_outlier_class', 'High', 'num_news', 'pe_accurate', 'pips_candle_25_30_after', 'pips_candle_20_25_after', 'pips_candle_15_20_after', 'previous_error_diff_outlier_class', 'pe_worse', 'pips_candle_30_60_after', 'volatility_20_25_after', 'fe_better', 'volatility_30_60_after', 'pips_candle_10_15_after']
2019-01-12 22:06:11,127 - INFO - y dependent variable: reaction_max_60_120_after
2019-01-12 22:06:11,144 - INFO - Starting KNeighborsClassifier
2019-01-12 22:06:32,147 - INFO - Starting SVC - rbf
2019-01-12 22:06:47,331 - INFO - Starting DecisionTreeClassifier
2019-01-12 22:06:51,107 - INFO - Starting RandomForestClassifier
2019-01-12 22:10:34,897 - INFO - Starting XGBClassifier
2019-01-12 22:10:37,337 - INFO - Starting GradientBoostingClassifier
2019-01-12 22:10:43,756 - INFO - Starting AdaBoostClassifier
2019-01-12 22:10:51,906 - INFO - X columns for the regression model: ['previous_error_diff_deviation', 'volatility_0_5_after', 'volatility_60_0_before', 'volatility_25_30_after', 'weekday', 'volatility_5_10_after', 'fe_worse', 'year', 'new_id', 'forecast_error_diff_deviation', 'pips_agg_60_0_before', 'pips_candle_0_5_after', 'volatility_15_20_after', 'fe_accurate', 'pe_better', 'volatility_10_15_after', 'pips_candle_5_10_after', 'week', 'pips_candle_min_30_60_after', 'pips_candle_max_30_60_after', 'forecast_error_diff_outlier_class', 'High', 'num_news', 'pe_accurate', 'pips_candle_25_30_after', 'pips_candle_20_25_after', 'pips_candle_15_20_after', 'previous_error_diff_outlier_class', 'pe_worse', 'pips_candle_30_60_after', 'volatility_20_25_after', 'fe_better', 'volatility_30_60_after', 'pips_candle_10_15_after']
2019-01-12 22:10:51,926 - INFO - Starting KNeighborsRegressor
2019-01-12 22:11:12,203 - INFO - Starting SVR - rbf
2019-01-12 22:11:26,703 - INFO - Starting DecisionTreeRegressor
2019-01-12 22:11:30,360 - INFO - Starting RandomForestRegressor
2019-01-12 22:17:46,831 - INFO - Starting XGBRegressor
2019-01-12 22:17:49,278 - INFO - Starting GradientBoostingRegressor
2019-01-12 22:17:54,015 - INFO - Starting AdaBoostRegressor
2019-01-12 22:18:04,346 - INFO - sweep done in: 11.89 min
2019-01-12 22:18:04,353 - INFO - Starting a new sweep for grid mode: basic
2019-01-12 22:18:04,354 - INFO - List of dynamic market fields: ['volatility_0_5_after', 'pips_candle_0_5_after', 'volatility_5_10_after', 'pips_candle_5_10_after', 'volatility_10_15_after', 'pips_candle_10_15_after', 'volatility_15_20_after', 'pips_candle_15_20_after', 'volatility_20_25_after', 'pips_candle_20_25_after', 'volatility_25_30_after', 'pips_candle_25_30_after', 'volatility_30_60_after', 'pips_candle_30_60_after', 'pips_candle_max_30_60_after', 'pips_candle_min_30_60_after', 'volatility_60_0_before', 'pips_agg_60_0_before', 'datetime', 'pips_candle_min_60_120_after']
2019-01-12 22:18:04,593 - INFO - X columns for the classification model: ['previous_error_diff_deviation', 'volatility_0_5_after', 'volatility_60_0_before', 'volatility_25_30_after', 'weekday', 'volatility_5_10_after', 'fe_worse', 'year', 'new_id', 'forecast_error_diff_deviation', 'pips_agg_60_0_before', 'pips_candle_0_5_after', 'volatility_15_20_after', 'fe_accurate', 'pe_better', 'volatility_10_15_after', 'pips_candle_5_10_after', 'week', 'pips_candle_min_30_60_after', 'pips_candle_max_30_60_after', 'forecast_error_diff_outlier_class', 'High', 'num_news', 'pe_accurate', 'pips_candle_25_30_after', 'pips_candle_20_25_after', 'pips_candle_15_20_after', 'previous_error_diff_outlier_class', 'pe_worse', 'pips_candle_30_60_after', 'volatility_20_25_after', 'fe_better', 'volatility_30_60_after', 'pips_candle_10_15_after']
2019-01-12 22:18:04,593 - INFO - y dependent variable: reaction_min_60_120_after
2019-01-12 22:18:04,615 - INFO - Starting KNeighborsClassifier
2019-01-12 22:18:25,316 - INFO - Starting SVC - rbf
2019-01-12 22:18:39,976 - INFO - Starting DecisionTreeClassifier
2019-01-12 22:18:43,725 - INFO - Starting RandomForestClassifier
2019-01-12 22:22:34,619 - INFO - Starting XGBClassifier
2019-01-12 22:22:37,174 - INFO - Starting GradientBoostingClassifier
2019-01-12 22:22:43,880 - INFO - Starting AdaBoostClassifier
2019-01-12 22:22:52,674 - INFO - X columns for the regression model: ['previous_error_diff_deviation', 'volatility_0_5_after', 'volatility_60_0_before', 'volatility_25_30_after', 'weekday', 'volatility_5_10_after', 'fe_worse', 'year', 'new_id', 'forecast_error_diff_deviation', 'pips_agg_60_0_before', 'pips_candle_0_5_after', 'volatility_15_20_after', 'fe_accurate', 'pe_better', 'volatility_10_15_after', 'pips_candle_5_10_after', 'week', 'pips_candle_min_30_60_after', 'pips_candle_max_30_60_after', 'forecast_error_diff_outlier_class', 'High', 'num_news', 'pe_accurate', 'pips_candle_25_30_after', 'pips_candle_20_25_after', 'pips_candle_15_20_after', 'previous_error_diff_outlier_class', 'pe_worse', 'pips_candle_30_60_after', 'volatility_20_25_after', 'fe_better', 'volatility_30_60_after', 'pips_candle_10_15_after']
2019-01-12 22:22:52,694 - INFO - Starting KNeighborsRegressor
2019-01-12 22:23:13,690 - INFO - Starting SVR - rbf
2019-01-12 22:23:28,589 - INFO - Starting DecisionTreeRegressor
2019-01-12 22:23:32,529 - INFO - Starting RandomForestRegressor
2019-01-12 22:29:52,319 - INFO - Starting XGBRegressor
2019-01-12 22:29:54,339 - INFO - Starting GradientBoostingRegressor
2019-01-12 22:29:58,277 - INFO - Starting AdaBoostRegressor
2019-01-12 22:30:05,448 - INFO - sweep done in: 12.02 min
