2019-01-11 19:23:59,311 - INFO - #########################
2019-01-11 19:23:59,311 - INFO - 
2019-01-11 19:23:59,311 - INFO - Starting a new sweep, grouping news by: ALL_NO_1_1_1
2019-01-11 19:25:14,828 - INFO - Starting a new sweep with market features: basic
2019-01-11 19:25:14,828 - INFO - Starting a new sweep, features before the publication are: included
2019-01-11 19:25:14,828 - INFO - Starting a new sweep, delay in between buying-selling is: 30_120
2019-01-11 19:25:14,832 - INFO - Starting a new sweep for grid mode: basic
2019-01-11 19:25:14,833 - INFO - List of dynamic market fields: ['volatility_0_5_after', 'pips_candle_0_5_after', 'volatility_5_10_after', 'pips_candle_5_10_after', 'volatility_10_15_after', 'pips_candle_10_15_after', 'volatility_15_20_after', 'pips_candle_15_20_after', 'volatility_20_25_after', 'pips_candle_20_25_after', 'volatility_25_30_after', 'pips_candle_25_30_after', 'volatility_60_0_before', 'pips_agg_60_0_before', 'datetime', 'pips_candle_max_30_120_after']
2019-01-11 19:25:16,799 - INFO - X columns for the classification model: ['fe_accurate', 'Low', 'previous_error_diff_deviation', 'pips_candle_20_25_after', 'volatility_10_15_after', 'volatility_20_25_after', 'volatility_25_30_after', 'pips_candle_25_30_after', 'pe_better', 'volatility_0_5_after', 'volatility_5_10_after', 'High', 'fe_worse', 'forecast_error_diff_deviation', 'pips_candle_15_20_after', 'Medium', 'pe_worse', 'pips_candle_5_10_after', 'forecast_error_diff_outlier_class', 'weekday', 'pips_agg_60_0_before', 'pips_candle_10_15_after', 'previous_error_diff_outlier_class', 'pips_candle_0_5_after', 'num_news', 'year', 'pe_accurate', 'new_id', 'volatility_15_20_after', 'volatility_60_0_before', 'fe_better', 'week']
2019-01-11 19:25:16,799 - INFO - y dependent variable: reaction_max_30_120_after
2019-01-11 19:25:17,020 - INFO - Starting KNeighborsClassifier
2019-01-11 19:31:27,376 - INFO - Starting SVC - rbf
2019-01-11 19:39:21,183 - INFO - Starting DecisionTreeClassifier
2019-01-11 19:39:54,559 - INFO - Starting RandomForestClassifier
2019-01-11 20:00:54,849 - INFO - Starting XGBClassifier
2019-01-11 20:01:14,383 - INFO - Starting GradientBoostingClassifier
2019-01-11 20:02:05,121 - INFO - Starting AdaBoostClassifier
2019-01-11 20:02:52,101 - INFO - X columns for the regression model: ['fe_accurate', 'Low', 'previous_error_diff_deviation', 'pips_candle_20_25_after', 'volatility_10_15_after', 'volatility_20_25_after', 'volatility_25_30_after', 'pips_candle_25_30_after', 'pe_better', 'volatility_0_5_after', 'volatility_5_10_after', 'High', 'fe_worse', 'forecast_error_diff_deviation', 'pips_candle_15_20_after', 'Medium', 'pe_worse', 'pips_candle_5_10_after', 'forecast_error_diff_outlier_class', 'weekday', 'pips_agg_60_0_before', 'pips_candle_10_15_after', 'previous_error_diff_outlier_class', 'pips_candle_0_5_after', 'num_news', 'year', 'pe_accurate', 'new_id', 'volatility_15_20_after', 'volatility_60_0_before', 'fe_better', 'week']
2019-01-11 20:02:52,211 - INFO - Starting KNeighborsRegressor
2019-01-11 20:08:47,515 - INFO - Starting SVR - rbf
2019-01-11 20:16:09,988 - INFO - Starting DecisionTreeRegressor
2019-01-11 20:16:43,353 - INFO - Starting RandomForestRegressor
2019-01-11 21:10:08,225 - INFO - Starting XGBRegressor
2019-01-11 21:10:30,432 - INFO - Starting GradientBoostingRegressor
2019-01-11 21:11:14,011 - INFO - Starting AdaBoostRegressor
2019-01-11 21:12:15,219 - INFO - sweep done in: 107.01 min
2019-01-11 21:12:15,222 - INFO - Starting a new sweep for grid mode: basic
2019-01-11 21:12:15,222 - INFO - List of dynamic market fields: ['volatility_0_5_after', 'pips_candle_0_5_after', 'volatility_5_10_after', 'pips_candle_5_10_after', 'volatility_10_15_after', 'pips_candle_10_15_after', 'volatility_15_20_after', 'pips_candle_15_20_after', 'volatility_20_25_after', 'pips_candle_20_25_after', 'volatility_25_30_after', 'pips_candle_25_30_after', 'volatility_60_0_before', 'pips_agg_60_0_before', 'datetime', 'pips_candle_min_30_120_after']
2019-01-11 21:12:17,088 - INFO - X columns for the classification model: ['fe_accurate', 'Low', 'previous_error_diff_deviation', 'pips_candle_20_25_after', 'volatility_10_15_after', 'volatility_20_25_after', 'volatility_25_30_after', 'pips_candle_25_30_after', 'pe_better', 'volatility_0_5_after', 'volatility_5_10_after', 'High', 'fe_worse', 'forecast_error_diff_deviation', 'pips_candle_15_20_after', 'Medium', 'pe_worse', 'pips_candle_5_10_after', 'forecast_error_diff_outlier_class', 'weekday', 'pips_agg_60_0_before', 'pips_candle_10_15_after', 'previous_error_diff_outlier_class', 'pips_candle_0_5_after', 'num_news', 'year', 'pe_accurate', 'new_id', 'volatility_15_20_after', 'volatility_60_0_before', 'fe_better', 'week']
2019-01-11 21:12:17,089 - INFO - y dependent variable: reaction_min_30_120_after
2019-01-11 21:12:17,226 - INFO - Starting KNeighborsClassifier
2019-01-11 21:17:35,671 - INFO - Starting SVC - rbf
2019-01-11 21:25:32,859 - INFO - Starting DecisionTreeClassifier
2019-01-11 21:26:07,237 - INFO - Starting RandomForestClassifier
2019-01-11 21:47:27,575 - INFO - Starting XGBClassifier
2019-01-11 21:47:47,028 - INFO - Starting GradientBoostingClassifier
2019-01-11 21:48:37,912 - INFO - Starting AdaBoostClassifier
2019-01-11 21:49:29,739 - INFO - X columns for the regression model: ['fe_accurate', 'Low', 'previous_error_diff_deviation', 'pips_candle_20_25_after', 'volatility_10_15_after', 'volatility_20_25_after', 'volatility_25_30_after', 'pips_candle_25_30_after', 'pe_better', 'volatility_0_5_after', 'volatility_5_10_after', 'High', 'fe_worse', 'forecast_error_diff_deviation', 'pips_candle_15_20_after', 'Medium', 'pe_worse', 'pips_candle_5_10_after', 'forecast_error_diff_outlier_class', 'weekday', 'pips_agg_60_0_before', 'pips_candle_10_15_after', 'previous_error_diff_outlier_class', 'pips_candle_0_5_after', 'num_news', 'year', 'pe_accurate', 'new_id', 'volatility_15_20_after', 'volatility_60_0_before', 'fe_better', 'week']
2019-01-11 21:49:29,936 - INFO - Starting KNeighborsRegressor
2019-01-11 21:55:17,616 - INFO - Starting SVR - rbf
2019-01-11 22:03:19,782 - INFO - Starting DecisionTreeRegressor
2019-01-11 22:03:58,634 - INFO - Starting RandomForestRegressor
2019-01-11 22:57:23,345 - INFO - Starting XGBRegressor
2019-01-11 22:57:43,741 - INFO - Starting GradientBoostingRegressor
2019-01-11 22:58:26,855 - INFO - Starting AdaBoostRegressor
2019-01-11 22:59:28,382 - INFO - sweep done in: 107.22 min
2019-01-11 22:59:28,385 - INFO - Starting a new sweep with market features: all
2019-01-11 22:59:28,385 - INFO - Starting a new sweep, features before the publication are: included
2019-01-11 22:59:28,385 - INFO - Starting a new sweep, delay in between buying-selling is: 30_120
2019-01-11 22:59:28,385 - INFO - Starting a new sweep for grid mode: basic
2019-01-11 22:59:28,385 - INFO - List of dynamic market fields: ['volatility_0_5_after', 'pips_candle_0_5_after', 'volatility_5_10_after', 'pips_candle_5_10_after', 'volatility_10_15_after', 'pips_candle_10_15_after', 'volatility_15_20_after', 'pips_candle_15_20_after', 'volatility_20_25_after', 'pips_candle_20_25_after', 'volatility_25_30_after', 'pips_candle_25_30_after', 'volatility_60_0_before', 'pips_agg_60_0_before', 'datetime', 'pips_candle_max_30_120_after']
2019-01-11 22:59:30,493 - INFO - X columns for the classification model: ['fe_accurate', 'Low', 'previous_error_diff_deviation', 'pips_candle_20_25_after', 'volatility_10_15_after', 'volatility_20_25_after', 'volatility_25_30_after', 'pips_candle_25_30_after', 'pe_better', 'volatility_0_5_after', 'volatility_5_10_after', 'High', 'fe_worse', 'forecast_error_diff_deviation', 'pips_candle_15_20_after', 'Medium', 'pe_worse', 'pips_candle_5_10_after', 'forecast_error_diff_outlier_class', 'weekday', 'pips_agg_60_0_before', 'pips_candle_10_15_after', 'previous_error_diff_outlier_class', 'pips_candle_0_5_after', 'num_news', 'year', 'pe_accurate', 'new_id', 'volatility_15_20_after', 'volatility_60_0_before', 'fe_better', 'week']
2019-01-11 22:59:30,493 - INFO - y dependent variable: reaction_max_30_120_after
2019-01-11 22:59:30,636 - INFO - Starting KNeighborsClassifier
2019-01-11 23:05:40,014 - INFO - Starting SVC - rbf
2019-01-11 23:13:14,641 - INFO - Starting DecisionTreeClassifier
2019-01-11 23:13:47,900 - INFO - Starting RandomForestClassifier
2019-01-11 23:36:21,228 - INFO - Starting XGBClassifier
2019-01-11 23:36:41,028 - INFO - Starting GradientBoostingClassifier
2019-01-11 23:37:34,897 - INFO - Starting AdaBoostClassifier
2019-01-11 23:38:25,306 - INFO - X columns for the regression model: ['fe_accurate', 'Low', 'previous_error_diff_deviation', 'pips_candle_20_25_after', 'volatility_10_15_after', 'volatility_20_25_after', 'volatility_25_30_after', 'pips_candle_25_30_after', 'pe_better', 'volatility_0_5_after', 'volatility_5_10_after', 'High', 'fe_worse', 'forecast_error_diff_deviation', 'pips_candle_15_20_after', 'Medium', 'pe_worse', 'pips_candle_5_10_after', 'forecast_error_diff_outlier_class', 'weekday', 'pips_agg_60_0_before', 'pips_candle_10_15_after', 'previous_error_diff_outlier_class', 'pips_candle_0_5_after', 'num_news', 'year', 'pe_accurate', 'new_id', 'volatility_15_20_after', 'volatility_60_0_before', 'fe_better', 'week']
2019-01-11 23:38:25,449 - INFO - Starting KNeighborsRegressor
2019-01-11 23:44:01,890 - INFO - Starting SVR - rbf
2019-01-11 23:51:19,349 - INFO - Starting DecisionTreeRegressor
2019-01-11 23:51:51,117 - INFO - Starting RandomForestRegressor
2019-01-12 00:42:02,977 - INFO - Starting XGBRegressor
2019-01-12 00:42:22,502 - INFO - Starting GradientBoostingRegressor
2019-01-12 00:43:03,242 - INFO - Starting AdaBoostRegressor
2019-01-12 00:44:02,245 - INFO - sweep done in: 104.56 min
2019-01-12 00:44:02,248 - INFO - Starting a new sweep for grid mode: basic
2019-01-12 00:44:02,249 - INFO - List of dynamic market fields: ['volatility_0_5_after', 'pips_candle_0_5_after', 'volatility_5_10_after', 'pips_candle_5_10_after', 'volatility_10_15_after', 'pips_candle_10_15_after', 'volatility_15_20_after', 'pips_candle_15_20_after', 'volatility_20_25_after', 'pips_candle_20_25_after', 'volatility_25_30_after', 'pips_candle_25_30_after', 'volatility_60_0_before', 'pips_agg_60_0_before', 'datetime', 'pips_candle_min_30_120_after']
2019-01-12 00:44:04,075 - INFO - X columns for the classification model: ['fe_accurate', 'Low', 'previous_error_diff_deviation', 'pips_candle_20_25_after', 'volatility_10_15_after', 'volatility_20_25_after', 'volatility_25_30_after', 'pips_candle_25_30_after', 'pe_better', 'volatility_0_5_after', 'volatility_5_10_after', 'High', 'fe_worse', 'forecast_error_diff_deviation', 'pips_candle_15_20_after', 'Medium', 'pe_worse', 'pips_candle_5_10_after', 'forecast_error_diff_outlier_class', 'weekday', 'pips_agg_60_0_before', 'pips_candle_10_15_after', 'previous_error_diff_outlier_class', 'pips_candle_0_5_after', 'num_news', 'year', 'pe_accurate', 'new_id', 'volatility_15_20_after', 'volatility_60_0_before', 'fe_better', 'week']
2019-01-12 00:44:04,075 - INFO - y dependent variable: reaction_min_30_120_after
2019-01-12 00:44:04,256 - INFO - Starting KNeighborsClassifier
2019-01-12 00:49:23,786 - INFO - Starting SVC - rbf
2019-01-12 00:56:45,731 - INFO - Starting DecisionTreeClassifier
2019-01-12 00:57:17,931 - INFO - Starting RandomForestClassifier
2019-01-12 01:17:26,698 - INFO - Starting XGBClassifier
2019-01-12 01:17:46,162 - INFO - Starting GradientBoostingClassifier
2019-01-12 01:18:36,113 - INFO - Starting AdaBoostClassifier
2019-01-12 01:19:26,035 - INFO - X columns for the regression model: ['fe_accurate', 'Low', 'previous_error_diff_deviation', 'pips_candle_20_25_after', 'volatility_10_15_after', 'volatility_20_25_after', 'volatility_25_30_after', 'pips_candle_25_30_after', 'pe_better', 'volatility_0_5_after', 'volatility_5_10_after', 'High', 'fe_worse', 'forecast_error_diff_deviation', 'pips_candle_15_20_after', 'Medium', 'pe_worse', 'pips_candle_5_10_after', 'forecast_error_diff_outlier_class', 'weekday', 'pips_agg_60_0_before', 'pips_candle_10_15_after', 'previous_error_diff_outlier_class', 'pips_candle_0_5_after', 'num_news', 'year', 'pe_accurate', 'new_id', 'volatility_15_20_after', 'volatility_60_0_before', 'fe_better', 'week']
2019-01-12 01:19:26,182 - INFO - Starting KNeighborsRegressor
2019-01-12 01:25:50,377 - INFO - Starting SVR - rbf
2019-01-12 01:32:59,050 - INFO - Starting DecisionTreeRegressor
2019-01-12 01:33:30,558 - INFO - Starting RandomForestRegressor
2019-01-12 02:23:45,364 - INFO - Starting XGBRegressor
2019-01-12 02:24:04,421 - INFO - Starting GradientBoostingRegressor
2019-01-12 02:24:45,551 - INFO - Starting AdaBoostRegressor
2019-01-12 02:25:45,412 - INFO - sweep done in: 101.72 min
2019-01-12 02:25:45,416 - INFO - #########################
2019-01-12 02:25:45,416 - INFO - 
2019-01-12 02:25:45,416 - INFO - Starting a new sweep, grouping news by: ALL_NO_3_2_1
2019-01-12 02:26:56,840 - INFO - Starting a new sweep with market features: basic
2019-01-12 02:26:56,840 - INFO - Starting a new sweep, features before the publication are: included
2019-01-12 02:26:56,840 - INFO - Starting a new sweep, delay in between buying-selling is: 30_120
2019-01-12 02:26:56,840 - INFO - Starting a new sweep for grid mode: basic
2019-01-12 02:26:56,841 - INFO - List of dynamic market fields: ['volatility_0_5_after', 'pips_candle_0_5_after', 'volatility_5_10_after', 'pips_candle_5_10_after', 'volatility_10_15_after', 'pips_candle_10_15_after', 'volatility_15_20_after', 'pips_candle_15_20_after', 'volatility_20_25_after', 'pips_candle_20_25_after', 'volatility_25_30_after', 'pips_candle_25_30_after', 'volatility_60_0_before', 'pips_agg_60_0_before', 'datetime', 'pips_candle_max_30_120_after']
2019-01-12 02:26:58,528 - INFO - X columns for the classification model: ['fe_accurate', 'Low', 'previous_error_diff_deviation', 'pips_candle_20_25_after', 'volatility_10_15_after', 'volatility_20_25_after', 'volatility_25_30_after', 'pips_candle_25_30_after', 'pe_better', 'volatility_0_5_after', 'volatility_5_10_after', 'High', 'fe_worse', 'forecast_error_diff_deviation', 'pips_candle_15_20_after', 'Medium', 'pe_worse', 'pips_candle_5_10_after', 'forecast_error_diff_outlier_class', 'weekday', 'pips_agg_60_0_before', 'pips_candle_10_15_after', 'previous_error_diff_outlier_class', 'pips_candle_0_5_after', 'num_news', 'year', 'pe_accurate', 'new_id', 'volatility_15_20_after', 'volatility_60_0_before', 'fe_better', 'week']
2019-01-12 02:26:58,528 - INFO - y dependent variable: reaction_max_30_120_after
2019-01-12 02:26:58,658 - INFO - Starting KNeighborsClassifier
2019-01-12 02:32:21,816 - INFO - Starting SVC - rbf
2019-01-12 02:39:28,804 - INFO - Starting DecisionTreeClassifier
2019-01-12 02:40:02,322 - INFO - Starting RandomForestClassifier
2019-01-12 03:00:26,771 - INFO - Starting XGBClassifier
2019-01-12 03:00:46,481 - INFO - Starting GradientBoostingClassifier
2019-01-12 03:01:33,203 - INFO - Starting AdaBoostClassifier
2019-01-12 03:02:22,027 - INFO - X columns for the regression model: ['fe_accurate', 'Low', 'previous_error_diff_deviation', 'pips_candle_20_25_after', 'volatility_10_15_after', 'volatility_20_25_after', 'volatility_25_30_after', 'pips_candle_25_30_after', 'pe_better', 'volatility_0_5_after', 'volatility_5_10_after', 'High', 'fe_worse', 'forecast_error_diff_deviation', 'pips_candle_15_20_after', 'Medium', 'pe_worse', 'pips_candle_5_10_after', 'forecast_error_diff_outlier_class', 'weekday', 'pips_agg_60_0_before', 'pips_candle_10_15_after', 'previous_error_diff_outlier_class', 'pips_candle_0_5_after', 'num_news', 'year', 'pe_accurate', 'new_id', 'volatility_15_20_after', 'volatility_60_0_before', 'fe_better', 'week']
2019-01-12 03:02:22,162 - INFO - Starting KNeighborsRegressor
2019-01-12 03:07:49,018 - INFO - Starting SVR - rbf
2019-01-12 03:14:50,839 - INFO - Starting DecisionTreeRegressor
2019-01-12 03:15:23,906 - INFO - Starting RandomForestRegressor
2019-01-12 04:07:51,366 - INFO - Starting XGBRegressor
2019-01-12 04:08:11,054 - INFO - Starting GradientBoostingRegressor
2019-01-12 04:08:52,031 - INFO - Starting AdaBoostRegressor
2019-01-12 04:09:51,216 - INFO - sweep done in: 102.91 min
2019-01-12 04:09:51,220 - INFO - Starting a new sweep for grid mode: basic
2019-01-12 04:09:51,220 - INFO - List of dynamic market fields: ['volatility_0_5_after', 'pips_candle_0_5_after', 'volatility_5_10_after', 'pips_candle_5_10_after', 'volatility_10_15_after', 'pips_candle_10_15_after', 'volatility_15_20_after', 'pips_candle_15_20_after', 'volatility_20_25_after', 'pips_candle_20_25_after', 'volatility_25_30_after', 'pips_candle_25_30_after', 'volatility_60_0_before', 'pips_agg_60_0_before', 'datetime', 'pips_candle_min_30_120_after']
2019-01-12 04:09:53,185 - INFO - X columns for the classification model: ['fe_accurate', 'Low', 'previous_error_diff_deviation', 'pips_candle_20_25_after', 'volatility_10_15_after', 'volatility_20_25_after', 'volatility_25_30_after', 'pips_candle_25_30_after', 'pe_better', 'volatility_0_5_after', 'volatility_5_10_after', 'High', 'fe_worse', 'forecast_error_diff_deviation', 'pips_candle_15_20_after', 'Medium', 'pe_worse', 'pips_candle_5_10_after', 'forecast_error_diff_outlier_class', 'weekday', 'pips_agg_60_0_before', 'pips_candle_10_15_after', 'previous_error_diff_outlier_class', 'pips_candle_0_5_after', 'num_news', 'year', 'pe_accurate', 'new_id', 'volatility_15_20_after', 'volatility_60_0_before', 'fe_better', 'week']
2019-01-12 04:09:53,204 - INFO - y dependent variable: reaction_min_30_120_after
2019-01-12 04:09:53,383 - INFO - Starting KNeighborsClassifier
2019-01-12 04:15:30,273 - INFO - Starting SVC - rbf
2019-01-12 04:22:55,307 - INFO - Starting DecisionTreeClassifier
2019-01-12 04:23:28,156 - INFO - Starting RandomForestClassifier
2019-01-12 04:43:45,091 - INFO - Starting XGBClassifier
2019-01-12 04:44:06,129 - INFO - Starting GradientBoostingClassifier
2019-01-12 04:44:56,130 - INFO - Starting AdaBoostClassifier
2019-01-12 04:45:44,634 - INFO - X columns for the regression model: ['fe_accurate', 'Low', 'previous_error_diff_deviation', 'pips_candle_20_25_after', 'volatility_10_15_after', 'volatility_20_25_after', 'volatility_25_30_after', 'pips_candle_25_30_after', 'pe_better', 'volatility_0_5_after', 'volatility_5_10_after', 'High', 'fe_worse', 'forecast_error_diff_deviation', 'pips_candle_15_20_after', 'Medium', 'pe_worse', 'pips_candle_5_10_after', 'forecast_error_diff_outlier_class', 'weekday', 'pips_agg_60_0_before', 'pips_candle_10_15_after', 'previous_error_diff_outlier_class', 'pips_candle_0_5_after', 'num_news', 'year', 'pe_accurate', 'new_id', 'volatility_15_20_after', 'volatility_60_0_before', 'fe_better', 'week']
2019-01-12 04:45:44,769 - INFO - Starting KNeighborsRegressor
2019-01-12 04:50:55,335 - INFO - Starting SVR - rbf
2019-01-12 04:57:50,786 - INFO - Starting DecisionTreeRegressor
2019-01-12 04:58:22,910 - INFO - Starting RandomForestRegressor
2019-01-12 05:50:49,569 - INFO - Starting XGBRegressor
2019-01-12 05:51:09,519 - INFO - Starting GradientBoostingRegressor
2019-01-12 05:51:53,589 - INFO - Starting AdaBoostRegressor
2019-01-12 05:53:04,115 - INFO - sweep done in: 103.21 min
2019-01-12 05:53:04,119 - INFO - Starting a new sweep with market features: all
2019-01-12 05:53:04,120 - INFO - Starting a new sweep, features before the publication are: included
2019-01-12 05:53:04,120 - INFO - Starting a new sweep, delay in between buying-selling is: 30_120
2019-01-12 05:53:04,120 - INFO - Starting a new sweep for grid mode: basic
2019-01-12 05:53:04,120 - INFO - List of dynamic market fields: ['volatility_0_5_after', 'pips_candle_0_5_after', 'volatility_5_10_after', 'pips_candle_5_10_after', 'volatility_10_15_after', 'pips_candle_10_15_after', 'volatility_15_20_after', 'pips_candle_15_20_after', 'volatility_20_25_after', 'pips_candle_20_25_after', 'volatility_25_30_after', 'pips_candle_25_30_after', 'volatility_60_0_before', 'pips_agg_60_0_before', 'datetime', 'pips_candle_max_30_120_after']
2019-01-12 05:53:06,022 - INFO - X columns for the classification model: ['fe_accurate', 'Low', 'previous_error_diff_deviation', 'pips_candle_20_25_after', 'volatility_10_15_after', 'volatility_20_25_after', 'volatility_25_30_after', 'pips_candle_25_30_after', 'pe_better', 'volatility_0_5_after', 'volatility_5_10_after', 'High', 'fe_worse', 'forecast_error_diff_deviation', 'pips_candle_15_20_after', 'Medium', 'pe_worse', 'pips_candle_5_10_after', 'forecast_error_diff_outlier_class', 'weekday', 'pips_agg_60_0_before', 'pips_candle_10_15_after', 'previous_error_diff_outlier_class', 'pips_candle_0_5_after', 'num_news', 'year', 'pe_accurate', 'new_id', 'volatility_15_20_after', 'volatility_60_0_before', 'fe_better', 'week']
2019-01-12 05:53:06,022 - INFO - y dependent variable: reaction_max_30_120_after
2019-01-12 05:53:06,182 - INFO - Starting KNeighborsClassifier
2019-01-12 05:58:38,117 - INFO - Starting SVC - rbf
2019-01-12 06:05:43,446 - INFO - Starting DecisionTreeClassifier
2019-01-12 06:06:16,014 - INFO - Starting RandomForestClassifier
2019-01-12 06:26:41,684 - INFO - Starting XGBClassifier
2019-01-12 06:27:01,812 - INFO - Starting GradientBoostingClassifier
2019-01-12 06:27:48,611 - INFO - Starting AdaBoostClassifier
2019-01-12 06:28:37,433 - INFO - X columns for the regression model: ['fe_accurate', 'Low', 'previous_error_diff_deviation', 'pips_candle_20_25_after', 'volatility_10_15_after', 'volatility_20_25_after', 'volatility_25_30_after', 'pips_candle_25_30_after', 'pe_better', 'volatility_0_5_after', 'volatility_5_10_after', 'High', 'fe_worse', 'forecast_error_diff_deviation', 'pips_candle_15_20_after', 'Medium', 'pe_worse', 'pips_candle_5_10_after', 'forecast_error_diff_outlier_class', 'weekday', 'pips_agg_60_0_before', 'pips_candle_10_15_after', 'previous_error_diff_outlier_class', 'pips_candle_0_5_after', 'num_news', 'year', 'pe_accurate', 'new_id', 'volatility_15_20_after', 'volatility_60_0_before', 'fe_better', 'week']
2019-01-12 06:28:37,562 - INFO - Starting KNeighborsRegressor
2019-01-12 06:33:56,148 - INFO - Starting SVR - rbf
2019-01-12 06:40:48,413 - INFO - Starting DecisionTreeRegressor
2019-01-12 06:41:20,141 - INFO - Starting RandomForestRegressor
2019-01-12 07:33:41,544 - INFO - Starting XGBRegressor
2019-01-12 07:34:01,710 - INFO - Starting GradientBoostingRegressor
2019-01-12 07:34:44,661 - INFO - Starting AdaBoostRegressor
2019-01-12 07:35:46,935 - INFO - sweep done in: 102.71 min
2019-01-12 07:35:46,940 - INFO - Starting a new sweep for grid mode: basic
2019-01-12 07:35:46,940 - INFO - List of dynamic market fields: ['volatility_0_5_after', 'pips_candle_0_5_after', 'volatility_5_10_after', 'pips_candle_5_10_after', 'volatility_10_15_after', 'pips_candle_10_15_after', 'volatility_15_20_after', 'pips_candle_15_20_after', 'volatility_20_25_after', 'pips_candle_20_25_after', 'volatility_25_30_after', 'pips_candle_25_30_after', 'volatility_60_0_before', 'pips_agg_60_0_before', 'datetime', 'pips_candle_min_30_120_after']
2019-01-12 07:35:48,901 - INFO - X columns for the classification model: ['fe_accurate', 'Low', 'previous_error_diff_deviation', 'pips_candle_20_25_after', 'volatility_10_15_after', 'volatility_20_25_after', 'volatility_25_30_after', 'pips_candle_25_30_after', 'pe_better', 'volatility_0_5_after', 'volatility_5_10_after', 'High', 'fe_worse', 'forecast_error_diff_deviation', 'pips_candle_15_20_after', 'Medium', 'pe_worse', 'pips_candle_5_10_after', 'forecast_error_diff_outlier_class', 'weekday', 'pips_agg_60_0_before', 'pips_candle_10_15_after', 'previous_error_diff_outlier_class', 'pips_candle_0_5_after', 'num_news', 'year', 'pe_accurate', 'new_id', 'volatility_15_20_after', 'volatility_60_0_before', 'fe_better', 'week']
2019-01-12 07:35:48,902 - INFO - y dependent variable: reaction_min_30_120_after
2019-01-12 07:35:49,016 - INFO - Starting KNeighborsClassifier
2019-01-12 07:42:10,549 - INFO - Starting SVC - rbf
2019-01-12 07:49:42,433 - INFO - Starting DecisionTreeClassifier
2019-01-12 07:50:14,786 - INFO - Starting RandomForestClassifier
2019-01-12 08:10:45,684 - INFO - Starting XGBClassifier
2019-01-12 08:11:06,808 - INFO - Starting GradientBoostingClassifier
2019-01-12 08:11:57,295 - INFO - Starting AdaBoostClassifier
2019-01-12 08:12:45,845 - INFO - X columns for the regression model: ['fe_accurate', 'Low', 'previous_error_diff_deviation', 'pips_candle_20_25_after', 'volatility_10_15_after', 'volatility_20_25_after', 'volatility_25_30_after', 'pips_candle_25_30_after', 'pe_better', 'volatility_0_5_after', 'volatility_5_10_after', 'High', 'fe_worse', 'forecast_error_diff_deviation', 'pips_candle_15_20_after', 'Medium', 'pe_worse', 'pips_candle_5_10_after', 'forecast_error_diff_outlier_class', 'weekday', 'pips_agg_60_0_before', 'pips_candle_10_15_after', 'previous_error_diff_outlier_class', 'pips_candle_0_5_after', 'num_news', 'year', 'pe_accurate', 'new_id', 'volatility_15_20_after', 'volatility_60_0_before', 'fe_better', 'week']
2019-01-12 08:12:45,979 - INFO - Starting KNeighborsRegressor
2019-01-12 08:18:05,196 - INFO - Starting SVR - rbf
2019-01-12 08:25:03,083 - INFO - Starting DecisionTreeRegressor
2019-01-12 08:25:34,666 - INFO - Starting RandomForestRegressor
2019-01-12 09:17:39,304 - INFO - Starting XGBRegressor
2019-01-12 09:17:59,964 - INFO - Starting GradientBoostingRegressor
2019-01-12 09:18:43,082 - INFO - Starting AdaBoostRegressor
2019-01-12 09:19:59,429 - INFO - sweep done in: 104.21 min
2019-01-12 09:19:59,435 - INFO - #########################
2019-01-12 09:19:59,435 - INFO - 
2019-01-12 09:19:59,435 - INFO - Starting a new sweep, grouping news by: ALL_YES_1_1_1
2019-01-12 09:21:17,372 - INFO - Starting a new sweep with market features: basic
2019-01-12 09:21:17,372 - INFO - Starting a new sweep, features before the publication are: included
2019-01-12 09:21:17,372 - INFO - Starting a new sweep, delay in between buying-selling is: 30_120
2019-01-12 09:21:17,372 - INFO - Starting a new sweep for grid mode: basic
2019-01-12 09:21:17,373 - INFO - List of dynamic market fields: ['volatility_0_5_after', 'pips_candle_0_5_after', 'volatility_5_10_after', 'pips_candle_5_10_after', 'volatility_10_15_after', 'pips_candle_10_15_after', 'volatility_15_20_after', 'pips_candle_15_20_after', 'volatility_20_25_after', 'pips_candle_20_25_after', 'volatility_25_30_after', 'pips_candle_25_30_after', 'volatility_60_0_before', 'pips_agg_60_0_before', 'datetime', 'pips_candle_max_30_120_after']
2019-01-12 09:21:18,921 - INFO - X columns for the classification model: ['fe_accurate', 'Low', 'previous_error_diff_deviation', 'pips_candle_20_25_after', 'volatility_10_15_after', 'volatility_20_25_after', 'volatility_25_30_after', 'pips_candle_25_30_after', 'pe_better', 'volatility_0_5_after', 'volatility_5_10_after', 'High', 'fe_worse', 'forecast_error_diff_deviation', 'pips_candle_15_20_after', 'Medium', 'pe_worse', 'pips_candle_5_10_after', 'forecast_error_diff_outlier_class', 'weekday', 'pips_agg_60_0_before', 'pips_candle_10_15_after', 'previous_error_diff_outlier_class', 'pips_candle_0_5_after', 'num_news', 'year', 'pe_accurate', 'new_id', 'volatility_15_20_after', 'volatility_60_0_before', 'fe_better', 'week']
2019-01-12 09:21:18,921 - INFO - y dependent variable: reaction_max_30_120_after
2019-01-12 09:21:19,017 - INFO - Starting KNeighborsClassifier
2019-01-12 09:25:59,764 - INFO - Starting SVC - rbf
2019-01-12 09:30:03,575 - INFO - Starting DecisionTreeClassifier
2019-01-12 09:30:28,875 - INFO - Starting RandomForestClassifier
2019-01-12 09:48:56,041 - INFO - Starting XGBClassifier
2019-01-12 09:49:11,248 - INFO - Starting GradientBoostingClassifier
2019-01-12 09:49:45,351 - INFO - Starting AdaBoostClassifier
2019-01-12 09:50:24,707 - INFO - X columns for the regression model: ['fe_accurate', 'Low', 'previous_error_diff_deviation', 'pips_candle_20_25_after', 'volatility_10_15_after', 'volatility_20_25_after', 'volatility_25_30_after', 'pips_candle_25_30_after', 'pe_better', 'volatility_0_5_after', 'volatility_5_10_after', 'High', 'fe_worse', 'forecast_error_diff_deviation', 'pips_candle_15_20_after', 'Medium', 'pe_worse', 'pips_candle_5_10_after', 'forecast_error_diff_outlier_class', 'weekday', 'pips_agg_60_0_before', 'pips_candle_10_15_after', 'previous_error_diff_outlier_class', 'pips_candle_0_5_after', 'num_news', 'year', 'pe_accurate', 'new_id', 'volatility_15_20_after', 'volatility_60_0_before', 'fe_better', 'week']
2019-01-12 09:50:24,795 - INFO - Starting KNeighborsRegressor
2019-01-12 09:54:41,196 - INFO - Starting SVR - rbf
2019-01-12 09:58:10,142 - INFO - Starting DecisionTreeRegressor
2019-01-12 09:58:32,328 - INFO - Starting RandomForestRegressor
2019-01-12 10:34:55,095 - INFO - Starting XGBRegressor
2019-01-12 10:35:10,373 - INFO - Starting GradientBoostingRegressor
2019-01-12 10:35:38,908 - INFO - Starting AdaBoostRegressor
2019-01-12 10:36:16,905 - INFO - sweep done in: 74.99 min
2019-01-12 10:36:16,933 - INFO - Starting a new sweep for grid mode: basic
2019-01-12 10:36:16,933 - INFO - List of dynamic market fields: ['volatility_0_5_after', 'pips_candle_0_5_after', 'volatility_5_10_after', 'pips_candle_5_10_after', 'volatility_10_15_after', 'pips_candle_10_15_after', 'volatility_15_20_after', 'pips_candle_15_20_after', 'volatility_20_25_after', 'pips_candle_20_25_after', 'volatility_25_30_after', 'pips_candle_25_30_after', 'volatility_60_0_before', 'pips_agg_60_0_before', 'datetime', 'pips_candle_min_30_120_after']
2019-01-12 10:36:18,422 - INFO - X columns for the classification model: ['fe_accurate', 'Low', 'previous_error_diff_deviation', 'pips_candle_20_25_after', 'volatility_10_15_after', 'volatility_20_25_after', 'volatility_25_30_after', 'pips_candle_25_30_after', 'pe_better', 'volatility_0_5_after', 'volatility_5_10_after', 'High', 'fe_worse', 'forecast_error_diff_deviation', 'pips_candle_15_20_after', 'Medium', 'pe_worse', 'pips_candle_5_10_after', 'forecast_error_diff_outlier_class', 'weekday', 'pips_agg_60_0_before', 'pips_candle_10_15_after', 'previous_error_diff_outlier_class', 'pips_candle_0_5_after', 'num_news', 'year', 'pe_accurate', 'new_id', 'volatility_15_20_after', 'volatility_60_0_before', 'fe_better', 'week']
2019-01-12 10:36:18,422 - INFO - y dependent variable: reaction_min_30_120_after
2019-01-12 10:36:18,570 - INFO - Starting KNeighborsClassifier
2019-01-12 10:40:28,772 - INFO - Starting SVC - rbf
2019-01-12 10:44:12,906 - INFO - Starting DecisionTreeClassifier
2019-01-12 10:44:37,136 - INFO - Starting RandomForestClassifier
2019-01-12 11:01:36,294 - INFO - Starting XGBClassifier
2019-01-12 11:01:50,393 - INFO - Starting GradientBoostingClassifier
2019-01-12 11:02:26,056 - INFO - Starting AdaBoostClassifier
2019-01-12 11:03:08,328 - INFO - X columns for the regression model: ['fe_accurate', 'Low', 'previous_error_diff_deviation', 'pips_candle_20_25_after', 'volatility_10_15_after', 'volatility_20_25_after', 'volatility_25_30_after', 'pips_candle_25_30_after', 'pe_better', 'volatility_0_5_after', 'volatility_5_10_after', 'High', 'fe_worse', 'forecast_error_diff_deviation', 'pips_candle_15_20_after', 'Medium', 'pe_worse', 'pips_candle_5_10_after', 'forecast_error_diff_outlier_class', 'weekday', 'pips_agg_60_0_before', 'pips_candle_10_15_after', 'previous_error_diff_outlier_class', 'pips_candle_0_5_after', 'num_news', 'year', 'pe_accurate', 'new_id', 'volatility_15_20_after', 'volatility_60_0_before', 'fe_better', 'week']
2019-01-12 11:03:08,418 - INFO - Starting KNeighborsRegressor
2019-01-12 11:07:31,795 - INFO - Starting SVR - rbf
2019-01-12 11:11:03,012 - INFO - Starting DecisionTreeRegressor
2019-01-12 11:11:25,600 - INFO - Starting RandomForestRegressor
2019-01-12 11:45:30,992 - INFO - Starting XGBRegressor
2019-01-12 11:45:45,146 - INFO - Starting GradientBoostingRegressor
2019-01-12 11:46:12,255 - INFO - Starting AdaBoostRegressor
2019-01-12 11:46:50,996 - INFO - sweep done in: 70.57 min
2019-01-12 11:46:51,005 - INFO - Starting a new sweep with market features: all
2019-01-12 11:46:51,005 - INFO - Starting a new sweep, features before the publication are: included
2019-01-12 11:46:51,005 - INFO - Starting a new sweep, delay in between buying-selling is: 30_120
2019-01-12 11:46:51,005 - INFO - Starting a new sweep for grid mode: basic
2019-01-12 11:46:51,006 - INFO - List of dynamic market fields: ['volatility_0_5_after', 'pips_candle_0_5_after', 'volatility_5_10_after', 'pips_candle_5_10_after', 'volatility_10_15_after', 'pips_candle_10_15_after', 'volatility_15_20_after', 'pips_candle_15_20_after', 'volatility_20_25_after', 'pips_candle_20_25_after', 'volatility_25_30_after', 'pips_candle_25_30_after', 'volatility_60_0_before', 'pips_agg_60_0_before', 'datetime', 'pips_candle_max_30_120_after']
2019-01-12 11:46:52,346 - INFO - X columns for the classification model: ['fe_accurate', 'Low', 'previous_error_diff_deviation', 'pips_candle_20_25_after', 'volatility_10_15_after', 'volatility_20_25_after', 'volatility_25_30_after', 'pips_candle_25_30_after', 'pe_better', 'volatility_0_5_after', 'volatility_5_10_after', 'High', 'fe_worse', 'forecast_error_diff_deviation', 'pips_candle_15_20_after', 'Medium', 'pe_worse', 'pips_candle_5_10_after', 'forecast_error_diff_outlier_class', 'weekday', 'pips_agg_60_0_before', 'pips_candle_10_15_after', 'previous_error_diff_outlier_class', 'pips_candle_0_5_after', 'num_news', 'year', 'pe_accurate', 'new_id', 'volatility_15_20_after', 'volatility_60_0_before', 'fe_better', 'week']
2019-01-12 11:46:52,346 - INFO - y dependent variable: reaction_max_30_120_after
2019-01-12 11:46:52,450 - INFO - Starting KNeighborsClassifier
2019-01-12 11:50:59,528 - INFO - Starting SVC - rbf
2019-01-12 11:54:41,602 - INFO - Starting DecisionTreeClassifier
2019-01-12 11:55:04,400 - INFO - Starting RandomForestClassifier
2019-01-12 12:11:10,880 - INFO - Starting XGBClassifier
2019-01-12 12:11:26,822 - INFO - Starting GradientBoostingClassifier
2019-01-12 12:12:00,346 - INFO - Starting AdaBoostClassifier
2019-01-12 12:12:37,253 - INFO - X columns for the regression model: ['fe_accurate', 'Low', 'previous_error_diff_deviation', 'pips_candle_20_25_after', 'volatility_10_15_after', 'volatility_20_25_after', 'volatility_25_30_after', 'pips_candle_25_30_after', 'pe_better', 'volatility_0_5_after', 'volatility_5_10_after', 'High', 'fe_worse', 'forecast_error_diff_deviation', 'pips_candle_15_20_after', 'Medium', 'pe_worse', 'pips_candle_5_10_after', 'forecast_error_diff_outlier_class', 'weekday', 'pips_agg_60_0_before', 'pips_candle_10_15_after', 'previous_error_diff_outlier_class', 'pips_candle_0_5_after', 'num_news', 'year', 'pe_accurate', 'new_id', 'volatility_15_20_after', 'volatility_60_0_before', 'fe_better', 'week']
2019-01-12 12:12:37,352 - INFO - Starting KNeighborsRegressor
2019-01-12 12:17:00,318 - INFO - Starting SVR - rbf
2019-01-12 12:20:27,856 - INFO - Starting DecisionTreeRegressor
2019-01-12 12:20:49,308 - INFO - Starting RandomForestRegressor
2019-01-12 12:51:07,704 - INFO - Starting XGBRegressor
2019-01-12 12:51:20,171 - INFO - Starting GradientBoostingRegressor
2019-01-12 12:51:44,302 - INFO - Starting AdaBoostRegressor
2019-01-12 12:52:14,818 - INFO - sweep done in: 65.40 min
2019-01-12 12:52:14,825 - INFO - Starting a new sweep for grid mode: basic
2019-01-12 12:52:14,825 - INFO - List of dynamic market fields: ['volatility_0_5_after', 'pips_candle_0_5_after', 'volatility_5_10_after', 'pips_candle_5_10_after', 'volatility_10_15_after', 'pips_candle_10_15_after', 'volatility_15_20_after', 'pips_candle_15_20_after', 'volatility_20_25_after', 'pips_candle_20_25_after', 'volatility_25_30_after', 'pips_candle_25_30_after', 'volatility_60_0_before', 'pips_agg_60_0_before', 'datetime', 'pips_candle_min_30_120_after']
2019-01-12 12:52:16,011 - INFO - X columns for the classification model: ['fe_accurate', 'Low', 'previous_error_diff_deviation', 'pips_candle_20_25_after', 'volatility_10_15_after', 'volatility_20_25_after', 'volatility_25_30_after', 'pips_candle_25_30_after', 'pe_better', 'volatility_0_5_after', 'volatility_5_10_after', 'High', 'fe_worse', 'forecast_error_diff_deviation', 'pips_candle_15_20_after', 'Medium', 'pe_worse', 'pips_candle_5_10_after', 'forecast_error_diff_outlier_class', 'weekday', 'pips_agg_60_0_before', 'pips_candle_10_15_after', 'previous_error_diff_outlier_class', 'pips_candle_0_5_after', 'num_news', 'year', 'pe_accurate', 'new_id', 'volatility_15_20_after', 'volatility_60_0_before', 'fe_better', 'week']
2019-01-12 12:52:16,011 - INFO - y dependent variable: reaction_min_30_120_after
2019-01-12 12:52:16,096 - INFO - Starting KNeighborsClassifier
2019-01-12 12:55:47,624 - INFO - Starting SVC - rbf
2019-01-12 12:59:00,402 - INFO - Starting DecisionTreeClassifier
2019-01-12 12:59:20,023 - INFO - Starting RandomForestClassifier
2019-01-12 13:13:16,624 - INFO - Starting XGBClassifier
2019-01-12 13:13:28,633 - INFO - Starting GradientBoostingClassifier
2019-01-12 13:13:58,964 - INFO - Starting AdaBoostClassifier
2019-01-12 13:14:34,266 - INFO - X columns for the regression model: ['fe_accurate', 'Low', 'previous_error_diff_deviation', 'pips_candle_20_25_after', 'volatility_10_15_after', 'volatility_20_25_after', 'volatility_25_30_after', 'pips_candle_25_30_after', 'pe_better', 'volatility_0_5_after', 'volatility_5_10_after', 'High', 'fe_worse', 'forecast_error_diff_deviation', 'pips_candle_15_20_after', 'Medium', 'pe_worse', 'pips_candle_5_10_after', 'forecast_error_diff_outlier_class', 'weekday', 'pips_agg_60_0_before', 'pips_candle_10_15_after', 'previous_error_diff_outlier_class', 'pips_candle_0_5_after', 'num_news', 'year', 'pe_accurate', 'new_id', 'volatility_15_20_after', 'volatility_60_0_before', 'fe_better', 'week']
2019-01-12 13:14:34,353 - INFO - Starting KNeighborsRegressor
2019-01-12 13:18:32,285 - INFO - Starting SVR - rbf
2019-01-12 13:21:45,181 - INFO - Starting DecisionTreeRegressor
2019-01-12 13:22:05,000 - INFO - Starting RandomForestRegressor
2019-01-12 13:52:07,564 - INFO - Starting XGBRegressor
2019-01-12 13:52:20,013 - INFO - Starting GradientBoostingRegressor
2019-01-12 13:52:44,632 - INFO - Starting AdaBoostRegressor
2019-01-12 13:53:19,118 - INFO - sweep done in: 61.07 min
2019-01-12 13:53:19,125 - INFO - #########################
2019-01-12 13:53:19,143 - INFO - 
2019-01-12 13:53:19,143 - INFO - Starting a new sweep, grouping news by: ALL_YES_3_2_1
2019-01-12 13:54:24,093 - INFO - Starting a new sweep with market features: basic
2019-01-12 13:54:24,094 - INFO - Starting a new sweep, features before the publication are: included
2019-01-12 13:54:24,094 - INFO - Starting a new sweep, delay in between buying-selling is: 30_120
2019-01-12 13:54:24,094 - INFO - Starting a new sweep for grid mode: basic
2019-01-12 13:54:24,094 - INFO - List of dynamic market fields: ['volatility_0_5_after', 'pips_candle_0_5_after', 'volatility_5_10_after', 'pips_candle_5_10_after', 'volatility_10_15_after', 'pips_candle_10_15_after', 'volatility_15_20_after', 'pips_candle_15_20_after', 'volatility_20_25_after', 'pips_candle_20_25_after', 'volatility_25_30_after', 'pips_candle_25_30_after', 'volatility_60_0_before', 'pips_agg_60_0_before', 'datetime', 'pips_candle_max_30_120_after']
2019-01-12 13:54:25,287 - INFO - X columns for the classification model: ['fe_accurate', 'Low', 'previous_error_diff_deviation', 'pips_candle_20_25_after', 'volatility_10_15_after', 'volatility_20_25_after', 'volatility_25_30_after', 'pips_candle_25_30_after', 'pe_better', 'volatility_0_5_after', 'volatility_5_10_after', 'High', 'fe_worse', 'forecast_error_diff_deviation', 'pips_candle_15_20_after', 'Medium', 'pe_worse', 'pips_candle_5_10_after', 'forecast_error_diff_outlier_class', 'weekday', 'pips_agg_60_0_before', 'pips_candle_10_15_after', 'previous_error_diff_outlier_class', 'pips_candle_0_5_after', 'num_news', 'year', 'pe_accurate', 'new_id', 'volatility_15_20_after', 'volatility_60_0_before', 'fe_better', 'week']
2019-01-12 13:54:25,287 - INFO - y dependent variable: reaction_max_30_120_after
2019-01-12 13:54:25,369 - INFO - Starting KNeighborsClassifier
2019-01-12 13:58:12,673 - INFO - Starting SVC - rbf
2019-01-12 14:01:24,719 - INFO - Starting DecisionTreeClassifier
2019-01-12 14:01:44,757 - INFO - Starting RandomForestClassifier
2019-01-12 14:15:49,568 - INFO - Starting XGBClassifier
2019-01-12 14:16:02,378 - INFO - Starting GradientBoostingClassifier
2019-01-12 14:16:33,355 - INFO - Starting AdaBoostClassifier
2019-01-12 14:17:07,483 - INFO - X columns for the regression model: ['fe_accurate', 'Low', 'previous_error_diff_deviation', 'pips_candle_20_25_after', 'volatility_10_15_after', 'volatility_20_25_after', 'volatility_25_30_after', 'pips_candle_25_30_after', 'pe_better', 'volatility_0_5_after', 'volatility_5_10_after', 'High', 'fe_worse', 'forecast_error_diff_deviation', 'pips_candle_15_20_after', 'Medium', 'pe_worse', 'pips_candle_5_10_after', 'forecast_error_diff_outlier_class', 'weekday', 'pips_agg_60_0_before', 'pips_candle_10_15_after', 'previous_error_diff_outlier_class', 'pips_candle_0_5_after', 'num_news', 'year', 'pe_accurate', 'new_id', 'volatility_15_20_after', 'volatility_60_0_before', 'fe_better', 'week']
2019-01-12 14:17:07,569 - INFO - Starting KNeighborsRegressor
2019-01-12 14:20:47,836 - INFO - Starting SVR - rbf
2019-01-12 14:23:50,628 - INFO - Starting DecisionTreeRegressor
2019-01-12 14:24:10,339 - INFO - Starting RandomForestRegressor
2019-01-12 14:52:40,535 - INFO - Starting XGBRegressor
2019-01-12 14:52:51,946 - INFO - Starting GradientBoostingRegressor
2019-01-12 14:53:14,523 - INFO - Starting AdaBoostRegressor
2019-01-12 14:53:48,082 - INFO - sweep done in: 59.40 min
2019-01-12 14:53:48,096 - INFO - Starting a new sweep for grid mode: basic
2019-01-12 14:53:48,097 - INFO - List of dynamic market fields: ['volatility_0_5_after', 'pips_candle_0_5_after', 'volatility_5_10_after', 'pips_candle_5_10_after', 'volatility_10_15_after', 'pips_candle_10_15_after', 'volatility_15_20_after', 'pips_candle_15_20_after', 'volatility_20_25_after', 'pips_candle_20_25_after', 'volatility_25_30_after', 'pips_candle_25_30_after', 'volatility_60_0_before', 'pips_agg_60_0_before', 'datetime', 'pips_candle_min_30_120_after']
2019-01-12 14:53:49,168 - INFO - X columns for the classification model: ['fe_accurate', 'Low', 'previous_error_diff_deviation', 'pips_candle_20_25_after', 'volatility_10_15_after', 'volatility_20_25_after', 'volatility_25_30_after', 'pips_candle_25_30_after', 'pe_better', 'volatility_0_5_after', 'volatility_5_10_after', 'High', 'fe_worse', 'forecast_error_diff_deviation', 'pips_candle_15_20_after', 'Medium', 'pe_worse', 'pips_candle_5_10_after', 'forecast_error_diff_outlier_class', 'weekday', 'pips_agg_60_0_before', 'pips_candle_10_15_after', 'previous_error_diff_outlier_class', 'pips_candle_0_5_after', 'num_news', 'year', 'pe_accurate', 'new_id', 'volatility_15_20_after', 'volatility_60_0_before', 'fe_better', 'week']
2019-01-12 14:53:49,168 - INFO - y dependent variable: reaction_min_30_120_after
2019-01-12 14:53:49,256 - INFO - Starting KNeighborsClassifier
2019-01-12 14:57:30,008 - INFO - Starting SVC - rbf
2019-01-12 15:00:19,721 - INFO - Starting DecisionTreeClassifier
2019-01-12 15:00:37,114 - INFO - Starting RandomForestClassifier
2019-01-12 15:12:56,953 - INFO - Starting XGBClassifier
2019-01-12 15:13:07,527 - INFO - Starting GradientBoostingClassifier
2019-01-12 15:13:33,902 - INFO - Starting AdaBoostClassifier
2019-01-12 15:14:05,434 - INFO - X columns for the regression model: ['fe_accurate', 'Low', 'previous_error_diff_deviation', 'pips_candle_20_25_after', 'volatility_10_15_after', 'volatility_20_25_after', 'volatility_25_30_after', 'pips_candle_25_30_after', 'pe_better', 'volatility_0_5_after', 'volatility_5_10_after', 'High', 'fe_worse', 'forecast_error_diff_deviation', 'pips_candle_15_20_after', 'Medium', 'pe_worse', 'pips_candle_5_10_after', 'forecast_error_diff_outlier_class', 'weekday', 'pips_agg_60_0_before', 'pips_candle_10_15_after', 'previous_error_diff_outlier_class', 'pips_candle_0_5_after', 'num_news', 'year', 'pe_accurate', 'new_id', 'volatility_15_20_after', 'volatility_60_0_before', 'fe_better', 'week']
2019-01-12 15:14:05,512 - INFO - Starting KNeighborsRegressor
2019-01-12 15:17:20,211 - INFO - Starting SVR - rbf
2019-01-12 15:20:01,546 - INFO - Starting DecisionTreeRegressor
2019-01-12 15:20:18,402 - INFO - Starting RandomForestRegressor
2019-01-12 15:47:11,176 - INFO - Starting XGBRegressor
2019-01-12 15:47:22,350 - INFO - Starting GradientBoostingRegressor
2019-01-12 15:47:44,556 - INFO - Starting AdaBoostRegressor
2019-01-12 15:48:10,293 - INFO - sweep done in: 54.37 min
2019-01-12 15:48:10,302 - INFO - Starting a new sweep with market features: all
2019-01-12 15:48:10,302 - INFO - Starting a new sweep, features before the publication are: included
2019-01-12 15:48:10,302 - INFO - Starting a new sweep, delay in between buying-selling is: 30_120
2019-01-12 15:48:10,303 - INFO - Starting a new sweep for grid mode: basic
2019-01-12 15:48:10,303 - INFO - List of dynamic market fields: ['volatility_0_5_after', 'pips_candle_0_5_after', 'volatility_5_10_after', 'pips_candle_5_10_after', 'volatility_10_15_after', 'pips_candle_10_15_after', 'volatility_15_20_after', 'pips_candle_15_20_after', 'volatility_20_25_after', 'pips_candle_20_25_after', 'volatility_25_30_after', 'pips_candle_25_30_after', 'volatility_60_0_before', 'pips_agg_60_0_before', 'datetime', 'pips_candle_max_30_120_after']
2019-01-12 15:48:11,484 - INFO - X columns for the classification model: ['fe_accurate', 'Low', 'previous_error_diff_deviation', 'pips_candle_20_25_after', 'volatility_10_15_after', 'volatility_20_25_after', 'volatility_25_30_after', 'pips_candle_25_30_after', 'pe_better', 'volatility_0_5_after', 'volatility_5_10_after', 'High', 'fe_worse', 'forecast_error_diff_deviation', 'pips_candle_15_20_after', 'Medium', 'pe_worse', 'pips_candle_5_10_after', 'forecast_error_diff_outlier_class', 'weekday', 'pips_agg_60_0_before', 'pips_candle_10_15_after', 'previous_error_diff_outlier_class', 'pips_candle_0_5_after', 'num_news', 'year', 'pe_accurate', 'new_id', 'volatility_15_20_after', 'volatility_60_0_before', 'fe_better', 'week']
2019-01-12 15:48:11,485 - INFO - y dependent variable: reaction_max_30_120_after
2019-01-12 15:48:11,581 - INFO - Starting KNeighborsClassifier
2019-01-12 15:51:59,621 - INFO - Starting SVC - rbf
2019-01-12 15:54:56,567 - INFO - Starting DecisionTreeClassifier
2019-01-12 15:55:14,406 - INFO - Starting RandomForestClassifier
2019-01-12 16:07:37,331 - INFO - Starting XGBClassifier
2019-01-12 16:07:48,466 - INFO - Starting GradientBoostingClassifier
2019-01-12 16:08:15,579 - INFO - Starting AdaBoostClassifier
2019-01-12 16:08:45,523 - INFO - X columns for the regression model: ['fe_accurate', 'Low', 'previous_error_diff_deviation', 'pips_candle_20_25_after', 'volatility_10_15_after', 'volatility_20_25_after', 'volatility_25_30_after', 'pips_candle_25_30_after', 'pe_better', 'volatility_0_5_after', 'volatility_5_10_after', 'High', 'fe_worse', 'forecast_error_diff_deviation', 'pips_candle_15_20_after', 'Medium', 'pe_worse', 'pips_candle_5_10_after', 'forecast_error_diff_outlier_class', 'weekday', 'pips_agg_60_0_before', 'pips_candle_10_15_after', 'previous_error_diff_outlier_class', 'pips_candle_0_5_after', 'num_news', 'year', 'pe_accurate', 'new_id', 'volatility_15_20_after', 'volatility_60_0_before', 'fe_better', 'week']
2019-01-12 16:08:45,607 - INFO - Starting KNeighborsRegressor
2019-01-12 16:12:08,845 - INFO - Starting SVR - rbf
2019-01-12 16:14:58,580 - INFO - Starting DecisionTreeRegressor
2019-01-12 16:15:16,132 - INFO - Starting RandomForestRegressor
2019-01-12 16:45:01,952 - INFO - Starting XGBRegressor
2019-01-12 16:45:13,659 - INFO - Starting GradientBoostingRegressor
2019-01-12 16:45:36,752 - INFO - Starting AdaBoostRegressor
2019-01-12 16:46:11,283 - INFO - sweep done in: 58.02 min
2019-01-12 16:46:11,301 - INFO - Starting a new sweep for grid mode: basic
2019-01-12 16:46:11,302 - INFO - List of dynamic market fields: ['volatility_0_5_after', 'pips_candle_0_5_after', 'volatility_5_10_after', 'pips_candle_5_10_after', 'volatility_10_15_after', 'pips_candle_10_15_after', 'volatility_15_20_after', 'pips_candle_15_20_after', 'volatility_20_25_after', 'pips_candle_20_25_after', 'volatility_25_30_after', 'pips_candle_25_30_after', 'volatility_60_0_before', 'pips_agg_60_0_before', 'datetime', 'pips_candle_min_30_120_after']
2019-01-12 16:46:12,402 - INFO - X columns for the classification model: ['fe_accurate', 'Low', 'previous_error_diff_deviation', 'pips_candle_20_25_after', 'volatility_10_15_after', 'volatility_20_25_after', 'volatility_25_30_after', 'pips_candle_25_30_after', 'pe_better', 'volatility_0_5_after', 'volatility_5_10_after', 'High', 'fe_worse', 'forecast_error_diff_deviation', 'pips_candle_15_20_after', 'Medium', 'pe_worse', 'pips_candle_5_10_after', 'forecast_error_diff_outlier_class', 'weekday', 'pips_agg_60_0_before', 'pips_candle_10_15_after', 'previous_error_diff_outlier_class', 'pips_candle_0_5_after', 'num_news', 'year', 'pe_accurate', 'new_id', 'volatility_15_20_after', 'volatility_60_0_before', 'fe_better', 'week']
2019-01-12 16:46:12,402 - INFO - y dependent variable: reaction_min_30_120_after
2019-01-12 16:46:12,496 - INFO - Starting KNeighborsClassifier
2019-01-12 16:49:53,577 - INFO - Starting SVC - rbf
2019-01-12 16:53:03,129 - INFO - Starting DecisionTreeClassifier
2019-01-12 16:53:21,992 - INFO - Starting RandomForestClassifier
2019-01-12 17:07:02,109 - INFO - Starting XGBClassifier
2019-01-12 17:07:13,077 - INFO - Starting GradientBoostingClassifier
2019-01-12 17:07:41,466 - INFO - Starting AdaBoostClassifier
2019-01-12 17:08:16,022 - INFO - X columns for the regression model: ['fe_accurate', 'Low', 'previous_error_diff_deviation', 'pips_candle_20_25_after', 'volatility_10_15_after', 'volatility_20_25_after', 'volatility_25_30_after', 'pips_candle_25_30_after', 'pe_better', 'volatility_0_5_after', 'volatility_5_10_after', 'High', 'fe_worse', 'forecast_error_diff_deviation', 'pips_candle_15_20_after', 'Medium', 'pe_worse', 'pips_candle_5_10_after', 'forecast_error_diff_outlier_class', 'weekday', 'pips_agg_60_0_before', 'pips_candle_10_15_after', 'previous_error_diff_outlier_class', 'pips_candle_0_5_after', 'num_news', 'year', 'pe_accurate', 'new_id', 'volatility_15_20_after', 'volatility_60_0_before', 'fe_better', 'week']
2019-01-12 17:08:16,099 - INFO - Starting KNeighborsRegressor
2019-01-12 17:11:42,835 - INFO - Starting SVR - rbf
2019-01-12 17:14:41,880 - INFO - Starting DecisionTreeRegressor
2019-01-12 17:15:00,418 - INFO - Starting RandomForestRegressor
2019-01-12 17:44:01,247 - INFO - Starting XGBRegressor
2019-01-12 17:44:14,078 - INFO - Starting GradientBoostingRegressor
2019-01-12 17:44:37,221 - INFO - Starting AdaBoostRegressor
2019-01-12 17:45:08,497 - INFO - sweep done in: 58.95 min
2019-01-12 17:45:08,508 - INFO - #########################
2019-01-12 17:45:08,508 - INFO - 
2019-01-12 17:45:08,508 - INFO - Starting a new sweep, grouping news by: High_NO_1_1_1
2019-01-12 17:45:26,635 - INFO - Starting a new sweep with market features: basic
2019-01-12 17:45:26,635 - INFO - Starting a new sweep, features before the publication are: included
2019-01-12 17:45:26,636 - INFO - Starting a new sweep, delay in between buying-selling is: 30_120
2019-01-12 17:45:26,636 - INFO - Starting a new sweep for grid mode: basic
2019-01-12 17:45:26,636 - INFO - List of dynamic market fields: ['volatility_0_5_after', 'pips_candle_0_5_after', 'volatility_5_10_after', 'pips_candle_5_10_after', 'volatility_10_15_after', 'pips_candle_10_15_after', 'volatility_15_20_after', 'pips_candle_15_20_after', 'volatility_20_25_after', 'pips_candle_20_25_after', 'volatility_25_30_after', 'pips_candle_25_30_after', 'volatility_60_0_before', 'pips_agg_60_0_before', 'datetime', 'pips_candle_max_30_120_after']
2019-01-12 17:45:27,458 - INFO - X columns for the classification model: ['forecast_error_diff_deviation', 'pips_candle_15_20_after', 'fe_accurate', 'pe_worse', 'pips_candle_5_10_after', 'forecast_error_diff_outlier_class', 'weekday', 'pips_agg_60_0_before', 'pips_candle_10_15_after', 'previous_error_diff_outlier_class', 'previous_error_diff_deviation', 'pips_candle_0_5_after', 'num_news', 'pips_candle_20_25_after', 'volatility_10_15_after', 'year', 'volatility_20_25_after', 'volatility_25_30_after', 'pe_accurate', 'new_id', 'pips_candle_25_30_after', 'pe_better', 'volatility_0_5_after', 'volatility_15_20_after', 'volatility_5_10_after', 'High', 'volatility_60_0_before', 'fe_worse', 'fe_better', 'week']
2019-01-12 17:45:27,458 - INFO - y dependent variable: reaction_max_30_120_after
2019-01-12 17:45:27,523 - INFO - Starting KNeighborsClassifier
2019-01-12 17:46:23,270 - INFO - Starting SVC - rbf
2019-01-12 17:47:14,208 - INFO - Starting DecisionTreeClassifier
2019-01-12 17:47:24,389 - INFO - Starting RandomForestClassifier
2019-01-12 17:57:34,309 - INFO - Starting XGBClassifier
2019-01-12 17:57:40,751 - INFO - Starting GradientBoostingClassifier
2019-01-12 17:57:57,925 - INFO - Starting AdaBoostClassifier
2019-01-12 17:58:20,430 - INFO - X columns for the regression model: ['forecast_error_diff_deviation', 'pips_candle_15_20_after', 'fe_accurate', 'pe_worse', 'pips_candle_5_10_after', 'forecast_error_diff_outlier_class', 'weekday', 'pips_agg_60_0_before', 'pips_candle_10_15_after', 'previous_error_diff_outlier_class', 'previous_error_diff_deviation', 'pips_candle_0_5_after', 'num_news', 'pips_candle_20_25_after', 'volatility_10_15_after', 'year', 'volatility_20_25_after', 'volatility_25_30_after', 'pe_accurate', 'new_id', 'pips_candle_25_30_after', 'pe_better', 'volatility_0_5_after', 'volatility_15_20_after', 'volatility_5_10_after', 'High', 'volatility_60_0_before', 'fe_worse', 'fe_better', 'week']
2019-01-12 17:58:20,474 - INFO - Starting KNeighborsRegressor
2019-01-12 17:59:05,866 - INFO - Starting SVR - rbf
2019-01-12 17:59:54,463 - INFO - Starting DecisionTreeRegressor
2019-01-12 18:00:04,171 - INFO - Starting RandomForestRegressor
2019-01-12 18:15:25,270 - INFO - Starting XGBRegressor
2019-01-12 18:15:31,142 - INFO - Starting GradientBoostingRegressor
2019-01-12 18:15:43,528 - INFO - Starting AdaBoostRegressor
2019-01-12 18:15:59,234 - INFO - sweep done in: 30.54 min
2019-01-12 18:15:59,252 - INFO - Starting a new sweep for grid mode: basic
2019-01-12 18:15:59,255 - INFO - List of dynamic market fields: ['volatility_0_5_after', 'pips_candle_0_5_after', 'volatility_5_10_after', 'pips_candle_5_10_after', 'volatility_10_15_after', 'pips_candle_10_15_after', 'volatility_15_20_after', 'pips_candle_15_20_after', 'volatility_20_25_after', 'pips_candle_20_25_after', 'volatility_25_30_after', 'pips_candle_25_30_after', 'volatility_60_0_before', 'pips_agg_60_0_before', 'datetime', 'pips_candle_min_30_120_after']
2019-01-12 18:16:00,031 - INFO - X columns for the classification model: ['forecast_error_diff_deviation', 'pips_candle_15_20_after', 'fe_accurate', 'pe_worse', 'pips_candle_5_10_after', 'forecast_error_diff_outlier_class', 'weekday', 'pips_agg_60_0_before', 'pips_candle_10_15_after', 'previous_error_diff_outlier_class', 'previous_error_diff_deviation', 'pips_candle_0_5_after', 'num_news', 'pips_candle_20_25_after', 'volatility_10_15_after', 'year', 'volatility_20_25_after', 'volatility_25_30_after', 'pe_accurate', 'new_id', 'pips_candle_25_30_after', 'pe_better', 'volatility_0_5_after', 'volatility_15_20_after', 'volatility_5_10_after', 'High', 'volatility_60_0_before', 'fe_worse', 'fe_better', 'week']
2019-01-12 18:16:00,031 - INFO - y dependent variable: reaction_min_30_120_after
2019-01-12 18:16:00,076 - INFO - Starting KNeighborsClassifier
2019-01-12 18:16:46,343 - INFO - Starting SVC - rbf
2019-01-12 18:17:41,011 - INFO - Starting DecisionTreeClassifier
2019-01-12 18:17:50,760 - INFO - Starting RandomForestClassifier
2019-01-12 18:27:02,587 - INFO - Starting XGBClassifier
2019-01-12 18:27:08,996 - INFO - Starting GradientBoostingClassifier
2019-01-12 18:27:25,874 - INFO - Starting AdaBoostClassifier
2019-01-12 18:27:46,383 - INFO - X columns for the regression model: ['forecast_error_diff_deviation', 'pips_candle_15_20_after', 'fe_accurate', 'pe_worse', 'pips_candle_5_10_after', 'forecast_error_diff_outlier_class', 'weekday', 'pips_agg_60_0_before', 'pips_candle_10_15_after', 'previous_error_diff_outlier_class', 'previous_error_diff_deviation', 'pips_candle_0_5_after', 'num_news', 'pips_candle_20_25_after', 'volatility_10_15_after', 'year', 'volatility_20_25_after', 'volatility_25_30_after', 'pe_accurate', 'new_id', 'pips_candle_25_30_after', 'pe_better', 'volatility_0_5_after', 'volatility_15_20_after', 'volatility_5_10_after', 'High', 'volatility_60_0_before', 'fe_worse', 'fe_better', 'week']
2019-01-12 18:27:46,443 - INFO - Starting KNeighborsRegressor
2019-01-12 18:28:33,516 - INFO - Starting SVR - rbf
2019-01-12 18:29:19,573 - INFO - Starting DecisionTreeRegressor
2019-01-12 18:29:28,600 - INFO - Starting RandomForestRegressor
2019-01-12 18:46:50,673 - INFO - Starting XGBRegressor
2019-01-12 18:46:57,375 - INFO - Starting GradientBoostingRegressor
2019-01-12 18:47:11,240 - INFO - Starting AdaBoostRegressor
2019-01-12 18:47:31,950 - INFO - sweep done in: 31.54 min
2019-01-12 18:47:31,971 - INFO - Starting a new sweep with market features: all
2019-01-12 18:47:31,971 - INFO - Starting a new sweep, features before the publication are: included
2019-01-12 18:47:31,971 - INFO - Starting a new sweep, delay in between buying-selling is: 30_120
2019-01-12 18:47:31,971 - INFO - Starting a new sweep for grid mode: basic
2019-01-12 18:47:31,971 - INFO - List of dynamic market fields: ['volatility_0_5_after', 'pips_candle_0_5_after', 'volatility_5_10_after', 'pips_candle_5_10_after', 'volatility_10_15_after', 'pips_candle_10_15_after', 'volatility_15_20_after', 'pips_candle_15_20_after', 'volatility_20_25_after', 'pips_candle_20_25_after', 'volatility_25_30_after', 'pips_candle_25_30_after', 'volatility_60_0_before', 'pips_agg_60_0_before', 'datetime', 'pips_candle_max_30_120_after']
2019-01-12 18:47:32,877 - INFO - X columns for the classification model: ['forecast_error_diff_deviation', 'pips_candle_15_20_after', 'fe_accurate', 'pe_worse', 'pips_candle_5_10_after', 'forecast_error_diff_outlier_class', 'weekday', 'pips_agg_60_0_before', 'pips_candle_10_15_after', 'previous_error_diff_outlier_class', 'previous_error_diff_deviation', 'pips_candle_0_5_after', 'num_news', 'pips_candle_20_25_after', 'volatility_10_15_after', 'year', 'volatility_20_25_after', 'volatility_25_30_after', 'pe_accurate', 'new_id', 'pips_candle_25_30_after', 'pe_better', 'volatility_0_5_after', 'volatility_15_20_after', 'volatility_5_10_after', 'High', 'volatility_60_0_before', 'fe_worse', 'fe_better', 'week']
2019-01-12 18:47:32,877 - INFO - y dependent variable: reaction_max_30_120_after
2019-01-12 18:47:32,926 - INFO - Starting KNeighborsClassifier
2019-01-12 18:48:19,092 - INFO - Starting SVC - rbf
2019-01-12 18:49:11,875 - INFO - Starting DecisionTreeClassifier
2019-01-12 18:49:21,970 - INFO - Starting RandomForestClassifier
2019-01-12 18:59:42,886 - INFO - Starting XGBClassifier
2019-01-12 18:59:50,236 - INFO - Starting GradientBoostingClassifier
2019-01-12 19:00:07,033 - INFO - Starting AdaBoostClassifier
2019-01-12 19:00:27,921 - INFO - X columns for the regression model: ['forecast_error_diff_deviation', 'pips_candle_15_20_after', 'fe_accurate', 'pe_worse', 'pips_candle_5_10_after', 'forecast_error_diff_outlier_class', 'weekday', 'pips_agg_60_0_before', 'pips_candle_10_15_after', 'previous_error_diff_outlier_class', 'previous_error_diff_deviation', 'pips_candle_0_5_after', 'num_news', 'pips_candle_20_25_after', 'volatility_10_15_after', 'year', 'volatility_20_25_after', 'volatility_25_30_after', 'pe_accurate', 'new_id', 'pips_candle_25_30_after', 'pe_better', 'volatility_0_5_after', 'volatility_15_20_after', 'volatility_5_10_after', 'High', 'volatility_60_0_before', 'fe_worse', 'fe_better', 'week']
2019-01-12 19:00:27,999 - INFO - Starting KNeighborsRegressor
2019-01-12 19:01:13,911 - INFO - Starting SVR - rbf
2019-01-12 19:02:02,208 - INFO - Starting DecisionTreeRegressor
2019-01-12 19:02:12,221 - INFO - Starting RandomForestRegressor
2019-01-12 19:18:14,596 - INFO - Starting XGBRegressor
2019-01-12 19:18:24,154 - INFO - Starting GradientBoostingRegressor
2019-01-12 19:18:40,712 - INFO - Starting AdaBoostRegressor
2019-01-12 19:18:59,497 - INFO - sweep done in: 31.46 min
2019-01-12 19:18:59,514 - INFO - Starting a new sweep for grid mode: basic
2019-01-12 19:18:59,514 - INFO - List of dynamic market fields: ['volatility_0_5_after', 'pips_candle_0_5_after', 'volatility_5_10_after', 'pips_candle_5_10_after', 'volatility_10_15_after', 'pips_candle_10_15_after', 'volatility_15_20_after', 'pips_candle_15_20_after', 'volatility_20_25_after', 'pips_candle_20_25_after', 'volatility_25_30_after', 'pips_candle_25_30_after', 'volatility_60_0_before', 'pips_agg_60_0_before', 'datetime', 'pips_candle_min_30_120_after']
2019-01-12 19:19:00,285 - INFO - X columns for the classification model: ['forecast_error_diff_deviation', 'pips_candle_15_20_after', 'fe_accurate', 'pe_worse', 'pips_candle_5_10_after', 'forecast_error_diff_outlier_class', 'weekday', 'pips_agg_60_0_before', 'pips_candle_10_15_after', 'previous_error_diff_outlier_class', 'previous_error_diff_deviation', 'pips_candle_0_5_after', 'num_news', 'pips_candle_20_25_after', 'volatility_10_15_after', 'year', 'volatility_20_25_after', 'volatility_25_30_after', 'pe_accurate', 'new_id', 'pips_candle_25_30_after', 'pe_better', 'volatility_0_5_after', 'volatility_15_20_after', 'volatility_5_10_after', 'High', 'volatility_60_0_before', 'fe_worse', 'fe_better', 'week']
2019-01-12 19:19:00,285 - INFO - y dependent variable: reaction_min_30_120_after
2019-01-12 19:19:00,310 - INFO - Starting KNeighborsClassifier
2019-01-12 19:19:51,356 - INFO - Starting SVC - rbf
2019-01-12 19:20:46,416 - INFO - Starting DecisionTreeClassifier
2019-01-12 19:20:57,132 - INFO - Starting RandomForestClassifier
2019-01-12 19:31:05,063 - INFO - Starting XGBClassifier
2019-01-12 19:31:11,559 - INFO - Starting GradientBoostingClassifier
2019-01-12 19:31:28,443 - INFO - Starting AdaBoostClassifier
2019-01-12 19:31:49,457 - INFO - X columns for the regression model: ['forecast_error_diff_deviation', 'pips_candle_15_20_after', 'fe_accurate', 'pe_worse', 'pips_candle_5_10_after', 'forecast_error_diff_outlier_class', 'weekday', 'pips_agg_60_0_before', 'pips_candle_10_15_after', 'previous_error_diff_outlier_class', 'previous_error_diff_deviation', 'pips_candle_0_5_after', 'num_news', 'pips_candle_20_25_after', 'volatility_10_15_after', 'year', 'volatility_20_25_after', 'volatility_25_30_after', 'pe_accurate', 'new_id', 'pips_candle_25_30_after', 'pe_better', 'volatility_0_5_after', 'volatility_15_20_after', 'volatility_5_10_after', 'High', 'volatility_60_0_before', 'fe_worse', 'fe_better', 'week']
2019-01-12 19:31:49,510 - INFO - Starting KNeighborsRegressor
2019-01-12 19:32:34,892 - INFO - Starting SVR - rbf
2019-01-12 19:33:24,043 - INFO - Starting DecisionTreeRegressor
2019-01-12 19:33:33,983 - INFO - Starting RandomForestRegressor
2019-01-12 19:50:35,490 - INFO - Starting XGBRegressor
2019-01-12 19:50:42,100 - INFO - Starting GradientBoostingRegressor
2019-01-12 19:50:55,838 - INFO - Starting AdaBoostRegressor
2019-01-12 19:51:16,770 - INFO - sweep done in: 32.29 min
2019-01-12 19:51:16,795 - INFO - #########################
2019-01-12 19:51:16,795 - INFO - 
2019-01-12 19:51:16,795 - INFO - Starting a new sweep, grouping news by: High_YES_1_1_1
2019-01-12 19:51:33,631 - INFO - Starting a new sweep with market features: basic
2019-01-12 19:51:33,631 - INFO - Starting a new sweep, features before the publication are: included
2019-01-12 19:51:33,631 - INFO - Starting a new sweep, delay in between buying-selling is: 30_120
2019-01-12 19:51:33,631 - INFO - Starting a new sweep for grid mode: basic
2019-01-12 19:51:33,632 - INFO - List of dynamic market fields: ['volatility_0_5_after', 'pips_candle_0_5_after', 'volatility_5_10_after', 'pips_candle_5_10_after', 'volatility_10_15_after', 'pips_candle_10_15_after', 'volatility_15_20_after', 'pips_candle_15_20_after', 'volatility_20_25_after', 'pips_candle_20_25_after', 'volatility_25_30_after', 'pips_candle_25_30_after', 'volatility_60_0_before', 'pips_agg_60_0_before', 'datetime', 'pips_candle_max_30_120_after']
2019-01-12 19:51:34,204 - INFO - X columns for the classification model: ['forecast_error_diff_deviation', 'pips_candle_15_20_after', 'fe_accurate', 'pe_worse', 'pips_candle_5_10_after', 'forecast_error_diff_outlier_class', 'weekday', 'pips_agg_60_0_before', 'pips_candle_10_15_after', 'previous_error_diff_outlier_class', 'previous_error_diff_deviation', 'pips_candle_0_5_after', 'num_news', 'pips_candle_20_25_after', 'volatility_10_15_after', 'year', 'volatility_20_25_after', 'volatility_25_30_after', 'pe_accurate', 'new_id', 'pips_candle_25_30_after', 'pe_better', 'volatility_0_5_after', 'volatility_15_20_after', 'volatility_5_10_after', 'High', 'volatility_60_0_before', 'fe_worse', 'fe_better', 'week']
2019-01-12 19:51:34,204 - INFO - y dependent variable: reaction_max_30_120_after
2019-01-12 19:51:34,234 - INFO - Starting KNeighborsClassifier
2019-01-12 19:52:16,496 - INFO - Starting SVC - rbf
2019-01-12 19:52:47,108 - INFO - Starting DecisionTreeClassifier
2019-01-12 19:52:55,233 - INFO - Starting RandomForestClassifier
2019-01-12 20:02:22,705 - INFO - Starting XGBClassifier
2019-01-12 20:02:28,538 - INFO - Starting GradientBoostingClassifier
2019-01-12 20:02:41,561 - INFO - Starting AdaBoostClassifier
2019-01-12 20:03:00,809 - INFO - X columns for the regression model: ['forecast_error_diff_deviation', 'pips_candle_15_20_after', 'fe_accurate', 'pe_worse', 'pips_candle_5_10_after', 'forecast_error_diff_outlier_class', 'weekday', 'pips_agg_60_0_before', 'pips_candle_10_15_after', 'previous_error_diff_outlier_class', 'previous_error_diff_deviation', 'pips_candle_0_5_after', 'num_news', 'pips_candle_20_25_after', 'volatility_10_15_after', 'year', 'volatility_20_25_after', 'volatility_25_30_after', 'pe_accurate', 'new_id', 'pips_candle_25_30_after', 'pe_better', 'volatility_0_5_after', 'volatility_15_20_after', 'volatility_5_10_after', 'High', 'volatility_60_0_before', 'fe_worse', 'fe_better', 'week']
2019-01-12 20:03:00,860 - INFO - Starting KNeighborsRegressor
2019-01-12 20:03:46,559 - INFO - Starting SVR - rbf
2019-01-12 20:04:15,235 - INFO - Starting DecisionTreeRegressor
2019-01-12 20:04:22,476 - INFO - Starting RandomForestRegressor
2019-01-12 20:17:15,235 - INFO - Starting XGBRegressor
2019-01-12 20:17:20,084 - INFO - Starting GradientBoostingRegressor
2019-01-12 20:17:29,192 - INFO - Starting AdaBoostRegressor
2019-01-12 20:17:45,608 - INFO - sweep done in: 26.20 min
2019-01-12 20:17:45,642 - INFO - Starting a new sweep for grid mode: basic
2019-01-12 20:17:45,642 - INFO - List of dynamic market fields: ['volatility_0_5_after', 'pips_candle_0_5_after', 'volatility_5_10_after', 'pips_candle_5_10_after', 'volatility_10_15_after', 'pips_candle_10_15_after', 'volatility_15_20_after', 'pips_candle_15_20_after', 'volatility_20_25_after', 'pips_candle_20_25_after', 'volatility_25_30_after', 'pips_candle_25_30_after', 'volatility_60_0_before', 'pips_agg_60_0_before', 'datetime', 'pips_candle_min_30_120_after']
2019-01-12 20:17:46,167 - INFO - X columns for the classification model: ['forecast_error_diff_deviation', 'pips_candle_15_20_after', 'fe_accurate', 'pe_worse', 'pips_candle_5_10_after', 'forecast_error_diff_outlier_class', 'weekday', 'pips_agg_60_0_before', 'pips_candle_10_15_after', 'previous_error_diff_outlier_class', 'previous_error_diff_deviation', 'pips_candle_0_5_after', 'num_news', 'pips_candle_20_25_after', 'volatility_10_15_after', 'year', 'volatility_20_25_after', 'volatility_25_30_after', 'pe_accurate', 'new_id', 'pips_candle_25_30_after', 'pe_better', 'volatility_0_5_after', 'volatility_15_20_after', 'volatility_5_10_after', 'High', 'volatility_60_0_before', 'fe_worse', 'fe_better', 'week']
2019-01-12 20:17:46,167 - INFO - y dependent variable: reaction_min_30_120_after
2019-01-12 20:17:46,197 - INFO - Starting KNeighborsClassifier
2019-01-12 20:18:27,591 - INFO - Starting SVC - rbf
2019-01-12 20:18:57,283 - INFO - Starting DecisionTreeClassifier
2019-01-12 20:19:04,521 - INFO - Starting RandomForestClassifier
2019-01-12 20:27:41,678 - INFO - Starting XGBClassifier
2019-01-12 20:27:46,652 - INFO - Starting GradientBoostingClassifier
2019-01-12 20:28:00,157 - INFO - Starting AdaBoostClassifier
2019-01-12 20:28:16,660 - INFO - X columns for the regression model: ['forecast_error_diff_deviation', 'pips_candle_15_20_after', 'fe_accurate', 'pe_worse', 'pips_candle_5_10_after', 'forecast_error_diff_outlier_class', 'weekday', 'pips_agg_60_0_before', 'pips_candle_10_15_after', 'previous_error_diff_outlier_class', 'previous_error_diff_deviation', 'pips_candle_0_5_after', 'num_news', 'pips_candle_20_25_after', 'volatility_10_15_after', 'year', 'volatility_20_25_after', 'volatility_25_30_after', 'pe_accurate', 'new_id', 'pips_candle_25_30_after', 'pe_better', 'volatility_0_5_after', 'volatility_15_20_after', 'volatility_5_10_after', 'High', 'volatility_60_0_before', 'fe_worse', 'fe_better', 'week']
2019-01-12 20:28:16,686 - INFO - Starting KNeighborsRegressor
2019-01-12 20:28:55,811 - INFO - Starting SVR - rbf
2019-01-12 20:29:30,122 - INFO - Starting DecisionTreeRegressor
2019-01-12 20:29:38,041 - INFO - Starting RandomForestRegressor
2019-01-12 20:42:41,961 - INFO - Starting XGBRegressor
2019-01-12 20:42:47,548 - INFO - Starting GradientBoostingRegressor
2019-01-12 20:42:59,265 - INFO - Starting AdaBoostRegressor
2019-01-12 20:43:13,409 - INFO - sweep done in: 25.46 min
2019-01-12 20:43:13,435 - INFO - Starting a new sweep with market features: all
2019-01-12 20:43:13,435 - INFO - Starting a new sweep, features before the publication are: included
2019-01-12 20:43:13,435 - INFO - Starting a new sweep, delay in between buying-selling is: 30_120
2019-01-12 20:43:13,436 - INFO - Starting a new sweep for grid mode: basic
2019-01-12 20:43:13,436 - INFO - List of dynamic market fields: ['volatility_0_5_after', 'pips_candle_0_5_after', 'volatility_5_10_after', 'pips_candle_5_10_after', 'volatility_10_15_after', 'pips_candle_10_15_after', 'volatility_15_20_after', 'pips_candle_15_20_after', 'volatility_20_25_after', 'pips_candle_20_25_after', 'volatility_25_30_after', 'pips_candle_25_30_after', 'volatility_60_0_before', 'pips_agg_60_0_before', 'datetime', 'pips_candle_max_30_120_after']
2019-01-12 20:43:13,994 - INFO - X columns for the classification model: ['forecast_error_diff_deviation', 'pips_candle_15_20_after', 'fe_accurate', 'pe_worse', 'pips_candle_5_10_after', 'forecast_error_diff_outlier_class', 'weekday', 'pips_agg_60_0_before', 'pips_candle_10_15_after', 'previous_error_diff_outlier_class', 'previous_error_diff_deviation', 'pips_candle_0_5_after', 'num_news', 'pips_candle_20_25_after', 'volatility_10_15_after', 'year', 'volatility_20_25_after', 'volatility_25_30_after', 'pe_accurate', 'new_id', 'pips_candle_25_30_after', 'pe_better', 'volatility_0_5_after', 'volatility_15_20_after', 'volatility_5_10_after', 'High', 'volatility_60_0_before', 'fe_worse', 'fe_better', 'week']
2019-01-12 20:43:13,995 - INFO - y dependent variable: reaction_max_30_120_after
2019-01-12 20:43:14,029 - INFO - Starting KNeighborsClassifier
2019-01-12 20:43:58,659 - INFO - Starting SVC - rbf
2019-01-12 20:44:28,786 - INFO - Starting DecisionTreeClassifier
2019-01-12 20:44:37,523 - INFO - Starting RandomForestClassifier
2019-01-12 20:52:59,419 - INFO - Starting XGBClassifier
2019-01-12 20:53:04,063 - INFO - Starting GradientBoostingClassifier
2019-01-12 20:53:17,538 - INFO - Starting AdaBoostClassifier
2019-01-12 20:53:35,975 - INFO - X columns for the regression model: ['forecast_error_diff_deviation', 'pips_candle_15_20_after', 'fe_accurate', 'pe_worse', 'pips_candle_5_10_after', 'forecast_error_diff_outlier_class', 'weekday', 'pips_agg_60_0_before', 'pips_candle_10_15_after', 'previous_error_diff_outlier_class', 'previous_error_diff_deviation', 'pips_candle_0_5_after', 'num_news', 'pips_candle_20_25_after', 'volatility_10_15_after', 'year', 'volatility_20_25_after', 'volatility_25_30_after', 'pe_accurate', 'new_id', 'pips_candle_25_30_after', 'pe_better', 'volatility_0_5_after', 'volatility_15_20_after', 'volatility_5_10_after', 'High', 'volatility_60_0_before', 'fe_worse', 'fe_better', 'week']
2019-01-12 20:53:36,013 - INFO - Starting KNeighborsRegressor
2019-01-12 20:54:15,256 - INFO - Starting SVR - rbf
2019-01-12 20:54:44,411 - INFO - Starting DecisionTreeRegressor
2019-01-12 20:54:51,960 - INFO - Starting RandomForestRegressor
2019-01-12 21:07:41,748 - INFO - Starting XGBRegressor
2019-01-12 21:07:46,380 - INFO - Starting GradientBoostingRegressor
2019-01-12 21:07:55,287 - INFO - Starting AdaBoostRegressor
2019-01-12 21:08:11,308 - INFO - sweep done in: 24.96 min
2019-01-12 21:08:11,331 - INFO - Starting a new sweep for grid mode: basic
2019-01-12 21:08:11,332 - INFO - List of dynamic market fields: ['volatility_0_5_after', 'pips_candle_0_5_after', 'volatility_5_10_after', 'pips_candle_5_10_after', 'volatility_10_15_after', 'pips_candle_10_15_after', 'volatility_15_20_after', 'pips_candle_15_20_after', 'volatility_20_25_after', 'pips_candle_20_25_after', 'volatility_25_30_after', 'pips_candle_25_30_after', 'volatility_60_0_before', 'pips_agg_60_0_before', 'datetime', 'pips_candle_min_30_120_after']
2019-01-12 21:08:11,868 - INFO - X columns for the classification model: ['forecast_error_diff_deviation', 'pips_candle_15_20_after', 'fe_accurate', 'pe_worse', 'pips_candle_5_10_after', 'forecast_error_diff_outlier_class', 'weekday', 'pips_agg_60_0_before', 'pips_candle_10_15_after', 'previous_error_diff_outlier_class', 'previous_error_diff_deviation', 'pips_candle_0_5_after', 'num_news', 'pips_candle_20_25_after', 'volatility_10_15_after', 'year', 'volatility_20_25_after', 'volatility_25_30_after', 'pe_accurate', 'new_id', 'pips_candle_25_30_after', 'pe_better', 'volatility_0_5_after', 'volatility_15_20_after', 'volatility_5_10_after', 'High', 'volatility_60_0_before', 'fe_worse', 'fe_better', 'week']
2019-01-12 21:08:11,869 - INFO - y dependent variable: reaction_min_30_120_after
2019-01-12 21:08:11,905 - INFO - Starting KNeighborsClassifier
2019-01-12 21:08:50,297 - INFO - Starting SVC - rbf
2019-01-12 21:09:19,381 - INFO - Starting DecisionTreeClassifier
2019-01-12 21:09:27,181 - INFO - Starting RandomForestClassifier
2019-01-12 21:17:49,620 - INFO - Starting XGBClassifier
2019-01-12 21:17:55,124 - INFO - Starting GradientBoostingClassifier
2019-01-12 21:18:07,493 - INFO - Starting AdaBoostClassifier
2019-01-12 21:18:23,575 - INFO - X columns for the regression model: ['forecast_error_diff_deviation', 'pips_candle_15_20_after', 'fe_accurate', 'pe_worse', 'pips_candle_5_10_after', 'forecast_error_diff_outlier_class', 'weekday', 'pips_agg_60_0_before', 'pips_candle_10_15_after', 'previous_error_diff_outlier_class', 'previous_error_diff_deviation', 'pips_candle_0_5_after', 'num_news', 'pips_candle_20_25_after', 'volatility_10_15_after', 'year', 'volatility_20_25_after', 'volatility_25_30_after', 'pe_accurate', 'new_id', 'pips_candle_25_30_after', 'pe_better', 'volatility_0_5_after', 'volatility_15_20_after', 'volatility_5_10_after', 'High', 'volatility_60_0_before', 'fe_worse', 'fe_better', 'week']
2019-01-12 21:18:23,603 - INFO - Starting KNeighborsRegressor
2019-01-12 21:19:02,664 - INFO - Starting SVR - rbf
2019-01-12 21:19:32,668 - INFO - Starting DecisionTreeRegressor
2019-01-12 21:19:42,886 - INFO - Starting RandomForestRegressor
2019-01-12 21:31:49,558 - INFO - Starting XGBRegressor
2019-01-12 21:31:53,136 - INFO - Starting GradientBoostingRegressor
2019-01-12 21:31:59,925 - INFO - Starting AdaBoostRegressor
2019-01-12 21:32:09,624 - INFO - sweep done in: 23.97 min
