2019-01-11 19:23:59,512 - INFO - #########################
2019-01-11 19:23:59,512 - INFO - 
2019-01-11 19:23:59,512 - INFO - Starting a new sweep, grouping news by: ALL_NO_1_1_1
2019-01-11 19:25:13,322 - INFO - Starting a new sweep with market features: basic
2019-01-11 19:25:13,322 - INFO - Starting a new sweep, features before the publication are: included
2019-01-11 19:25:13,323 - INFO - Starting a new sweep, delay in between buying-selling is: 60_180
2019-01-11 19:25:13,323 - INFO - Starting a new sweep for grid mode: basic
2019-01-11 19:25:13,323 - INFO - List of dynamic market fields: ['volatility_0_5_after', 'pips_candle_0_5_after', 'volatility_5_10_after', 'pips_candle_5_10_after', 'volatility_10_15_after', 'pips_candle_10_15_after', 'volatility_15_20_after', 'pips_candle_15_20_after', 'volatility_20_25_after', 'pips_candle_20_25_after', 'volatility_25_30_after', 'pips_candle_25_30_after', 'volatility_30_60_after', 'pips_candle_30_60_after', 'volatility_60_0_before', 'pips_agg_60_0_before', 'datetime', 'pips_candle_max_60_180_after']
2019-01-11 19:25:15,625 - INFO - X columns for the classification model: ['pips_candle_10_15_after', 'pips_agg_60_0_before', 'Low', 'num_news', 'forecast_error_diff_outlier_class', 'volatility_25_30_after', 'pips_candle_20_25_after', 'pips_candle_30_60_after', 'forecast_error_diff_deviation', 'year', 'week', 'volatility_5_10_after', 'pe_better', 'new_id', 'volatility_15_20_after', 'pips_candle_25_30_after', 'volatility_30_60_after', 'pips_candle_5_10_after', 'volatility_60_0_before', 'volatility_20_25_after', 'previous_error_diff_deviation', 'weekday', 'pe_accurate', 'pe_worse', 'pips_candle_0_5_after', 'fe_better', 'High', 'fe_accurate', 'previous_error_diff_outlier_class', 'volatility_10_15_after', 'pips_candle_15_20_after', 'volatility_0_5_after', 'Medium', 'fe_worse']
2019-01-11 19:25:15,625 - INFO - y dependent variable: reaction_max_60_180_after
2019-01-11 19:25:15,779 - INFO - Starting KNeighborsClassifier
2019-01-11 19:32:42,125 - INFO - Starting SVC - rbf
2019-01-11 19:40:46,626 - INFO - Starting DecisionTreeClassifier
2019-01-11 19:41:23,447 - INFO - Starting RandomForestClassifier
2019-01-11 20:02:42,805 - INFO - Starting XGBClassifier
2019-01-11 20:03:03,723 - INFO - Starting GradientBoostingClassifier
2019-01-11 20:04:05,220 - INFO - Starting AdaBoostClassifier
2019-01-11 20:04:58,398 - INFO - X columns for the regression model: ['pips_candle_10_15_after', 'pips_agg_60_0_before', 'Low', 'num_news', 'forecast_error_diff_outlier_class', 'volatility_25_30_after', 'pips_candle_20_25_after', 'pips_candle_30_60_after', 'forecast_error_diff_deviation', 'year', 'week', 'volatility_5_10_after', 'pe_better', 'new_id', 'volatility_15_20_after', 'pips_candle_25_30_after', 'volatility_30_60_after', 'pips_candle_5_10_after', 'volatility_60_0_before', 'volatility_20_25_after', 'previous_error_diff_deviation', 'weekday', 'pe_accurate', 'pe_worse', 'pips_candle_0_5_after', 'fe_better', 'High', 'fe_accurate', 'previous_error_diff_outlier_class', 'volatility_10_15_after', 'pips_candle_15_20_after', 'volatility_0_5_after', 'Medium', 'fe_worse']
2019-01-11 20:04:58,549 - INFO - Starting KNeighborsRegressor
2019-01-11 20:12:21,388 - INFO - Starting SVR - rbf
2019-01-11 20:19:48,020 - INFO - Starting DecisionTreeRegressor
2019-01-11 20:20:22,738 - INFO - Starting RandomForestRegressor
2019-01-11 21:18:48,166 - INFO - Starting XGBRegressor
2019-01-11 21:19:10,121 - INFO - Starting GradientBoostingRegressor
2019-01-11 21:20:03,842 - INFO - Starting AdaBoostRegressor
2019-01-11 21:20:45,535 - INFO - sweep done in: 115.54 min
2019-01-11 21:20:45,543 - INFO - Starting a new sweep for grid mode: basic
2019-01-11 21:20:45,543 - INFO - List of dynamic market fields: ['volatility_0_5_after', 'pips_candle_0_5_after', 'volatility_5_10_after', 'pips_candle_5_10_after', 'volatility_10_15_after', 'pips_candle_10_15_after', 'volatility_15_20_after', 'pips_candle_15_20_after', 'volatility_20_25_after', 'pips_candle_20_25_after', 'volatility_25_30_after', 'pips_candle_25_30_after', 'volatility_30_60_after', 'pips_candle_30_60_after', 'volatility_60_0_before', 'pips_agg_60_0_before', 'datetime', 'pips_candle_min_60_180_after']
2019-01-11 21:20:47,363 - INFO - X columns for the classification model: ['pips_candle_10_15_after', 'pips_agg_60_0_before', 'Low', 'num_news', 'forecast_error_diff_outlier_class', 'volatility_25_30_after', 'pips_candle_20_25_after', 'pips_candle_30_60_after', 'forecast_error_diff_deviation', 'year', 'week', 'volatility_5_10_after', 'pe_better', 'new_id', 'volatility_15_20_after', 'pips_candle_25_30_after', 'volatility_30_60_after', 'pips_candle_5_10_after', 'volatility_60_0_before', 'volatility_20_25_after', 'previous_error_diff_deviation', 'weekday', 'pe_accurate', 'pe_worse', 'pips_candle_0_5_after', 'fe_better', 'High', 'fe_accurate', 'previous_error_diff_outlier_class', 'volatility_10_15_after', 'pips_candle_15_20_after', 'volatility_0_5_after', 'Medium', 'fe_worse']
2019-01-11 21:20:47,364 - INFO - y dependent variable: reaction_min_60_180_after
2019-01-11 21:20:47,527 - INFO - Starting KNeighborsClassifier
2019-01-11 21:28:05,406 - INFO - Starting SVC - rbf
2019-01-11 21:35:43,654 - INFO - Starting DecisionTreeClassifier
2019-01-11 21:36:21,455 - INFO - Starting RandomForestClassifier
2019-01-11 21:58:23,289 - INFO - Starting XGBClassifier
2019-01-11 21:58:48,059 - INFO - Starting GradientBoostingClassifier
2019-01-11 21:59:54,131 - INFO - Starting AdaBoostClassifier
2019-01-11 22:01:00,597 - INFO - X columns for the regression model: ['pips_candle_10_15_after', 'pips_agg_60_0_before', 'Low', 'num_news', 'forecast_error_diff_outlier_class', 'volatility_25_30_after', 'pips_candle_20_25_after', 'pips_candle_30_60_after', 'forecast_error_diff_deviation', 'year', 'week', 'volatility_5_10_after', 'pe_better', 'new_id', 'volatility_15_20_after', 'pips_candle_25_30_after', 'volatility_30_60_after', 'pips_candle_5_10_after', 'volatility_60_0_before', 'volatility_20_25_after', 'previous_error_diff_deviation', 'weekday', 'pe_accurate', 'pe_worse', 'pips_candle_0_5_after', 'fe_better', 'High', 'fe_accurate', 'previous_error_diff_outlier_class', 'volatility_10_15_after', 'pips_candle_15_20_after', 'volatility_0_5_after', 'Medium', 'fe_worse']
2019-01-11 22:01:00,752 - INFO - Starting KNeighborsRegressor
2019-01-11 22:08:59,865 - INFO - Starting SVR - rbf
2019-01-11 22:16:57,005 - INFO - Starting DecisionTreeRegressor
2019-01-11 22:17:31,379 - INFO - Starting RandomForestRegressor
2019-01-11 23:15:05,037 - INFO - Starting XGBRegressor
2019-01-11 23:15:27,418 - INFO - Starting GradientBoostingRegressor
2019-01-11 23:16:13,600 - INFO - Starting AdaBoostRegressor
2019-01-11 23:17:09,861 - INFO - sweep done in: 116.41 min
2019-01-11 23:17:09,890 - INFO - Starting a new sweep with market features: all
2019-01-11 23:17:09,890 - INFO - Starting a new sweep, features before the publication are: included
2019-01-11 23:17:09,890 - INFO - Starting a new sweep, delay in between buying-selling is: 60_180
2019-01-11 23:17:09,890 - INFO - Starting a new sweep for grid mode: basic
2019-01-11 23:17:09,890 - INFO - List of dynamic market fields: ['volatility_0_5_after', 'pips_candle_0_5_after', 'volatility_5_10_after', 'pips_candle_5_10_after', 'volatility_10_15_after', 'pips_candle_10_15_after', 'volatility_15_20_after', 'pips_candle_15_20_after', 'volatility_20_25_after', 'pips_candle_20_25_after', 'volatility_25_30_after', 'pips_candle_25_30_after', 'volatility_30_60_after', 'pips_candle_30_60_after', 'pips_candle_max_30_60_after', 'pips_candle_min_30_60_after', 'volatility_60_0_before', 'pips_agg_60_0_before', 'datetime', 'pips_candle_max_60_180_after']
2019-01-11 23:17:12,168 - INFO - X columns for the classification model: ['pips_candle_10_15_after', 'pips_agg_60_0_before', 'Low', 'num_news', 'forecast_error_diff_outlier_class', 'volatility_25_30_after', 'pips_candle_20_25_after', 'pips_candle_30_60_after', 'pips_candle_max_30_60_after', 'forecast_error_diff_deviation', 'year', 'week', 'volatility_5_10_after', 'pe_better', 'new_id', 'volatility_15_20_after', 'pips_candle_25_30_after', 'volatility_30_60_after', 'pips_candle_5_10_after', 'volatility_60_0_before', 'volatility_20_25_after', 'previous_error_diff_deviation', 'weekday', 'pe_accurate', 'pe_worse', 'pips_candle_0_5_after', 'fe_better', 'High', 'pips_candle_min_30_60_after', 'fe_accurate', 'previous_error_diff_outlier_class', 'volatility_10_15_after', 'pips_candle_15_20_after', 'volatility_0_5_after', 'Medium', 'fe_worse']
2019-01-11 23:17:12,169 - INFO - y dependent variable: reaction_max_60_180_after
2019-01-11 23:17:12,360 - INFO - Starting KNeighborsClassifier
2019-01-11 23:24:59,197 - INFO - Starting SVC - rbf
2019-01-11 23:33:14,456 - INFO - Starting DecisionTreeClassifier
2019-01-11 23:33:51,863 - INFO - Starting RandomForestClassifier
2019-01-11 23:57:39,923 - INFO - Starting XGBClassifier
2019-01-11 23:57:59,985 - INFO - Starting GradientBoostingClassifier
2019-01-11 23:58:50,318 - INFO - Starting AdaBoostClassifier
2019-01-11 23:59:40,191 - INFO - X columns for the regression model: ['pips_candle_10_15_after', 'pips_agg_60_0_before', 'Low', 'num_news', 'forecast_error_diff_outlier_class', 'volatility_25_30_after', 'pips_candle_20_25_after', 'pips_candle_30_60_after', 'pips_candle_max_30_60_after', 'forecast_error_diff_deviation', 'year', 'week', 'volatility_5_10_after', 'pe_better', 'new_id', 'volatility_15_20_after', 'pips_candle_25_30_after', 'volatility_30_60_after', 'pips_candle_5_10_after', 'volatility_60_0_before', 'volatility_20_25_after', 'previous_error_diff_deviation', 'weekday', 'pe_accurate', 'pe_worse', 'pips_candle_0_5_after', 'fe_better', 'High', 'pips_candle_min_30_60_after', 'fe_accurate', 'previous_error_diff_outlier_class', 'volatility_10_15_after', 'pips_candle_15_20_after', 'volatility_0_5_after', 'Medium', 'fe_worse']
2019-01-11 23:59:40,331 - INFO - Starting KNeighborsRegressor
2019-01-12 00:05:33,739 - INFO - Starting SVR - rbf
2019-01-12 00:12:59,184 - INFO - Starting DecisionTreeRegressor
2019-01-12 00:13:35,388 - INFO - Starting RandomForestRegressor
2019-01-12 01:11:40,571 - INFO - Starting XGBRegressor
2019-01-12 01:12:01,937 - INFO - Starting GradientBoostingRegressor
2019-01-12 01:12:48,365 - INFO - Starting AdaBoostRegressor
2019-01-12 01:13:46,363 - INFO - sweep done in: 116.61 min
2019-01-12 01:13:46,366 - INFO - Starting a new sweep for grid mode: basic
2019-01-12 01:13:46,366 - INFO - List of dynamic market fields: ['volatility_0_5_after', 'pips_candle_0_5_after', 'volatility_5_10_after', 'pips_candle_5_10_after', 'volatility_10_15_after', 'pips_candle_10_15_after', 'volatility_15_20_after', 'pips_candle_15_20_after', 'volatility_20_25_after', 'pips_candle_20_25_after', 'volatility_25_30_after', 'pips_candle_25_30_after', 'volatility_30_60_after', 'pips_candle_30_60_after', 'pips_candle_max_30_60_after', 'pips_candle_min_30_60_after', 'volatility_60_0_before', 'pips_agg_60_0_before', 'datetime', 'pips_candle_min_60_180_after']
2019-01-12 01:13:48,373 - INFO - X columns for the classification model: ['pips_candle_10_15_after', 'pips_agg_60_0_before', 'Low', 'num_news', 'forecast_error_diff_outlier_class', 'volatility_25_30_after', 'pips_candle_20_25_after', 'pips_candle_30_60_after', 'pips_candle_max_30_60_after', 'forecast_error_diff_deviation', 'year', 'week', 'volatility_5_10_after', 'pe_better', 'new_id', 'volatility_15_20_after', 'pips_candle_25_30_after', 'volatility_30_60_after', 'pips_candle_5_10_after', 'volatility_60_0_before', 'volatility_20_25_after', 'previous_error_diff_deviation', 'weekday', 'pe_accurate', 'pe_worse', 'pips_candle_0_5_after', 'fe_better', 'High', 'pips_candle_min_30_60_after', 'fe_accurate', 'previous_error_diff_outlier_class', 'volatility_10_15_after', 'pips_candle_15_20_after', 'volatility_0_5_after', 'Medium', 'fe_worse']
2019-01-12 01:13:48,374 - INFO - y dependent variable: reaction_min_60_180_after
2019-01-12 01:13:48,531 - INFO - Starting KNeighborsClassifier
2019-01-12 01:20:49,062 - INFO - Starting SVC - rbf
2019-01-12 01:29:07,947 - INFO - Starting DecisionTreeClassifier
2019-01-12 01:29:47,813 - INFO - Starting RandomForestClassifier
2019-01-12 01:52:11,480 - INFO - Starting XGBClassifier
2019-01-12 01:52:33,442 - INFO - Starting GradientBoostingClassifier
2019-01-12 01:53:26,923 - INFO - Starting AdaBoostClassifier
2019-01-12 01:54:21,424 - INFO - X columns for the regression model: ['pips_candle_10_15_after', 'pips_agg_60_0_before', 'Low', 'num_news', 'forecast_error_diff_outlier_class', 'volatility_25_30_after', 'pips_candle_20_25_after', 'pips_candle_30_60_after', 'pips_candle_max_30_60_after', 'forecast_error_diff_deviation', 'year', 'week', 'volatility_5_10_after', 'pe_better', 'new_id', 'volatility_15_20_after', 'pips_candle_25_30_after', 'volatility_30_60_after', 'pips_candle_5_10_after', 'volatility_60_0_before', 'volatility_20_25_after', 'previous_error_diff_deviation', 'weekday', 'pe_accurate', 'pe_worse', 'pips_candle_0_5_after', 'fe_better', 'High', 'pips_candle_min_30_60_after', 'fe_accurate', 'previous_error_diff_outlier_class', 'volatility_10_15_after', 'pips_candle_15_20_after', 'volatility_0_5_after', 'Medium', 'fe_worse']
2019-01-12 01:54:21,568 - INFO - Starting KNeighborsRegressor
2019-01-12 02:00:49,711 - INFO - Starting SVR - rbf
2019-01-12 02:08:04,570 - INFO - Starting DecisionTreeRegressor
2019-01-12 02:08:39,950 - INFO - Starting RandomForestRegressor
2019-01-12 03:06:49,464 - INFO - Starting XGBRegressor
2019-01-12 03:07:11,681 - INFO - Starting GradientBoostingRegressor
2019-01-12 03:08:02,093 - INFO - Starting AdaBoostRegressor
2019-01-12 03:09:21,177 - INFO - sweep done in: 115.58 min
2019-01-12 03:09:21,180 - INFO - #########################
2019-01-12 03:09:21,181 - INFO - 
2019-01-12 03:09:21,181 - INFO - Starting a new sweep, grouping news by: ALL_NO_3_2_1
2019-01-12 03:10:34,457 - INFO - Starting a new sweep with market features: basic
2019-01-12 03:10:34,457 - INFO - Starting a new sweep, features before the publication are: included
2019-01-12 03:10:34,457 - INFO - Starting a new sweep, delay in between buying-selling is: 60_180
2019-01-12 03:10:34,457 - INFO - Starting a new sweep for grid mode: basic
2019-01-12 03:10:34,457 - INFO - List of dynamic market fields: ['volatility_0_5_after', 'pips_candle_0_5_after', 'volatility_5_10_after', 'pips_candle_5_10_after', 'volatility_10_15_after', 'pips_candle_10_15_after', 'volatility_15_20_after', 'pips_candle_15_20_after', 'volatility_20_25_after', 'pips_candle_20_25_after', 'volatility_25_30_after', 'pips_candle_25_30_after', 'volatility_30_60_after', 'pips_candle_30_60_after', 'volatility_60_0_before', 'pips_agg_60_0_before', 'datetime', 'pips_candle_max_60_180_after']
2019-01-12 03:10:36,332 - INFO - X columns for the classification model: ['pips_candle_10_15_after', 'pips_agg_60_0_before', 'Low', 'num_news', 'forecast_error_diff_outlier_class', 'volatility_25_30_after', 'pips_candle_20_25_after', 'pips_candle_30_60_after', 'forecast_error_diff_deviation', 'year', 'week', 'volatility_5_10_after', 'pe_better', 'new_id', 'volatility_15_20_after', 'pips_candle_25_30_after', 'volatility_30_60_after', 'pips_candle_5_10_after', 'volatility_60_0_before', 'volatility_20_25_after', 'previous_error_diff_deviation', 'weekday', 'pe_accurate', 'pe_worse', 'pips_candle_0_5_after', 'fe_better', 'High', 'fe_accurate', 'previous_error_diff_outlier_class', 'volatility_10_15_after', 'pips_candle_15_20_after', 'volatility_0_5_after', 'Medium', 'fe_worse']
2019-01-12 03:10:36,332 - INFO - y dependent variable: reaction_max_60_180_after
2019-01-12 03:10:36,485 - INFO - Starting KNeighborsClassifier
2019-01-12 03:17:45,301 - INFO - Starting SVC - rbf
2019-01-12 03:25:04,879 - INFO - Starting DecisionTreeClassifier
2019-01-12 03:25:39,667 - INFO - Starting RandomForestClassifier
2019-01-12 03:46:25,385 - INFO - Starting XGBClassifier
2019-01-12 03:46:46,095 - INFO - Starting GradientBoostingClassifier
2019-01-12 03:47:37,181 - INFO - Starting AdaBoostClassifier
2019-01-12 03:48:28,290 - INFO - X columns for the regression model: ['pips_candle_10_15_after', 'pips_agg_60_0_before', 'Low', 'num_news', 'forecast_error_diff_outlier_class', 'volatility_25_30_after', 'pips_candle_20_25_after', 'pips_candle_30_60_after', 'forecast_error_diff_deviation', 'year', 'week', 'volatility_5_10_after', 'pe_better', 'new_id', 'volatility_15_20_after', 'pips_candle_25_30_after', 'volatility_30_60_after', 'pips_candle_5_10_after', 'volatility_60_0_before', 'volatility_20_25_after', 'previous_error_diff_deviation', 'weekday', 'pe_accurate', 'pe_worse', 'pips_candle_0_5_after', 'fe_better', 'High', 'fe_accurate', 'previous_error_diff_outlier_class', 'volatility_10_15_after', 'pips_candle_15_20_after', 'volatility_0_5_after', 'Medium', 'fe_worse']
2019-01-12 03:48:28,433 - INFO - Starting KNeighborsRegressor
2019-01-12 03:54:16,849 - INFO - Starting SVR - rbf
2019-01-12 04:01:14,975 - INFO - Starting DecisionTreeRegressor
2019-01-12 04:01:49,828 - INFO - Starting RandomForestRegressor
2019-01-12 04:59:24,052 - INFO - Starting XGBRegressor
2019-01-12 04:59:44,605 - INFO - Starting GradientBoostingRegressor
2019-01-12 05:00:30,519 - INFO - Starting AdaBoostRegressor
2019-01-12 05:01:26,174 - INFO - sweep done in: 110.86 min
2019-01-12 05:01:26,179 - INFO - Starting a new sweep for grid mode: basic
2019-01-12 05:01:26,180 - INFO - List of dynamic market fields: ['volatility_0_5_after', 'pips_candle_0_5_after', 'volatility_5_10_after', 'pips_candle_5_10_after', 'volatility_10_15_after', 'pips_candle_10_15_after', 'volatility_15_20_after', 'pips_candle_15_20_after', 'volatility_20_25_after', 'pips_candle_20_25_after', 'volatility_25_30_after', 'pips_candle_25_30_after', 'volatility_30_60_after', 'pips_candle_30_60_after', 'volatility_60_0_before', 'pips_agg_60_0_before', 'datetime', 'pips_candle_min_60_180_after']
2019-01-12 05:01:28,111 - INFO - X columns for the classification model: ['pips_candle_10_15_after', 'pips_agg_60_0_before', 'Low', 'num_news', 'forecast_error_diff_outlier_class', 'volatility_25_30_after', 'pips_candle_20_25_after', 'pips_candle_30_60_after', 'forecast_error_diff_deviation', 'year', 'week', 'volatility_5_10_after', 'pe_better', 'new_id', 'volatility_15_20_after', 'pips_candle_25_30_after', 'volatility_30_60_after', 'pips_candle_5_10_after', 'volatility_60_0_before', 'volatility_20_25_after', 'previous_error_diff_deviation', 'weekday', 'pe_accurate', 'pe_worse', 'pips_candle_0_5_after', 'fe_better', 'High', 'fe_accurate', 'previous_error_diff_outlier_class', 'volatility_10_15_after', 'pips_candle_15_20_after', 'volatility_0_5_after', 'Medium', 'fe_worse']
2019-01-12 05:01:28,111 - INFO - y dependent variable: reaction_min_60_180_after
2019-01-12 05:01:28,274 - INFO - Starting KNeighborsClassifier
2019-01-12 05:07:40,892 - INFO - Starting SVC - rbf
2019-01-12 05:15:05,250 - INFO - Starting DecisionTreeClassifier
2019-01-12 05:15:40,217 - INFO - Starting RandomForestClassifier
2019-01-12 05:36:15,139 - INFO - Starting XGBClassifier
2019-01-12 05:36:36,294 - INFO - Starting GradientBoostingClassifier
2019-01-12 05:37:28,820 - INFO - Starting AdaBoostClassifier
2019-01-12 05:38:20,876 - INFO - X columns for the regression model: ['pips_candle_10_15_after', 'pips_agg_60_0_before', 'Low', 'num_news', 'forecast_error_diff_outlier_class', 'volatility_25_30_after', 'pips_candle_20_25_after', 'pips_candle_30_60_after', 'forecast_error_diff_deviation', 'year', 'week', 'volatility_5_10_after', 'pe_better', 'new_id', 'volatility_15_20_after', 'pips_candle_25_30_after', 'volatility_30_60_after', 'pips_candle_5_10_after', 'volatility_60_0_before', 'volatility_20_25_after', 'previous_error_diff_deviation', 'weekday', 'pe_accurate', 'pe_worse', 'pips_candle_0_5_after', 'fe_better', 'High', 'fe_accurate', 'previous_error_diff_outlier_class', 'volatility_10_15_after', 'pips_candle_15_20_after', 'volatility_0_5_after', 'Medium', 'fe_worse']
2019-01-12 05:38:20,998 - INFO - Starting KNeighborsRegressor
2019-01-12 05:44:11,235 - INFO - Starting SVR - rbf
2019-01-12 05:51:08,823 - INFO - Starting DecisionTreeRegressor
2019-01-12 05:51:45,300 - INFO - Starting RandomForestRegressor
2019-01-12 06:49:09,836 - INFO - Starting XGBRegressor
2019-01-12 06:49:30,217 - INFO - Starting GradientBoostingRegressor
2019-01-12 06:50:15,011 - INFO - Starting AdaBoostRegressor
2019-01-12 06:51:27,806 - INFO - sweep done in: 110.03 min
2019-01-12 06:51:27,855 - INFO - Starting a new sweep with market features: all
2019-01-12 06:51:27,855 - INFO - Starting a new sweep, features before the publication are: included
2019-01-12 06:51:27,855 - INFO - Starting a new sweep, delay in between buying-selling is: 60_180
2019-01-12 06:51:27,855 - INFO - Starting a new sweep for grid mode: basic
2019-01-12 06:51:27,855 - INFO - List of dynamic market fields: ['volatility_0_5_after', 'pips_candle_0_5_after', 'volatility_5_10_after', 'pips_candle_5_10_after', 'volatility_10_15_after', 'pips_candle_10_15_after', 'volatility_15_20_after', 'pips_candle_15_20_after', 'volatility_20_25_after', 'pips_candle_20_25_after', 'volatility_25_30_after', 'pips_candle_25_30_after', 'volatility_30_60_after', 'pips_candle_30_60_after', 'pips_candle_max_30_60_after', 'pips_candle_min_30_60_after', 'volatility_60_0_before', 'pips_agg_60_0_before', 'datetime', 'pips_candle_max_60_180_after']
2019-01-12 06:51:29,982 - INFO - X columns for the classification model: ['pips_candle_10_15_after', 'pips_agg_60_0_before', 'Low', 'num_news', 'forecast_error_diff_outlier_class', 'volatility_25_30_after', 'pips_candle_20_25_after', 'pips_candle_30_60_after', 'pips_candle_max_30_60_after', 'forecast_error_diff_deviation', 'year', 'week', 'volatility_5_10_after', 'pe_better', 'new_id', 'volatility_15_20_after', 'pips_candle_25_30_after', 'volatility_30_60_after', 'pips_candle_5_10_after', 'volatility_60_0_before', 'volatility_20_25_after', 'previous_error_diff_deviation', 'weekday', 'pe_accurate', 'pe_worse', 'pips_candle_0_5_after', 'fe_better', 'High', 'pips_candle_min_30_60_after', 'fe_accurate', 'previous_error_diff_outlier_class', 'volatility_10_15_after', 'pips_candle_15_20_after', 'volatility_0_5_after', 'Medium', 'fe_worse']
2019-01-12 06:51:29,983 - INFO - y dependent variable: reaction_max_60_180_after
2019-01-12 06:51:30,146 - INFO - Starting KNeighborsClassifier
2019-01-12 06:57:54,271 - INFO - Starting SVC - rbf
2019-01-12 07:05:26,213 - INFO - Starting DecisionTreeClassifier
2019-01-12 07:06:03,501 - INFO - Starting RandomForestClassifier
2019-01-12 07:28:26,349 - INFO - Starting XGBClassifier
2019-01-12 07:28:46,939 - INFO - Starting GradientBoostingClassifier
2019-01-12 07:29:40,529 - INFO - Starting AdaBoostClassifier
2019-01-12 07:30:33,663 - INFO - X columns for the regression model: ['pips_candle_10_15_after', 'pips_agg_60_0_before', 'Low', 'num_news', 'forecast_error_diff_outlier_class', 'volatility_25_30_after', 'pips_candle_20_25_after', 'pips_candle_30_60_after', 'pips_candle_max_30_60_after', 'forecast_error_diff_deviation', 'year', 'week', 'volatility_5_10_after', 'pe_better', 'new_id', 'volatility_15_20_after', 'pips_candle_25_30_after', 'volatility_30_60_after', 'pips_candle_5_10_after', 'volatility_60_0_before', 'volatility_20_25_after', 'previous_error_diff_deviation', 'weekday', 'pe_accurate', 'pe_worse', 'pips_candle_0_5_after', 'fe_better', 'High', 'pips_candle_min_30_60_after', 'fe_accurate', 'previous_error_diff_outlier_class', 'volatility_10_15_after', 'pips_candle_15_20_after', 'volatility_0_5_after', 'Medium', 'fe_worse']
2019-01-12 07:30:33,811 - INFO - Starting KNeighborsRegressor
2019-01-12 07:37:28,722 - INFO - Starting SVR - rbf
2019-01-12 07:45:03,941 - INFO - Starting DecisionTreeRegressor
2019-01-12 07:45:43,009 - INFO - Starting RandomForestRegressor
2019-01-12 08:46:17,028 - INFO - Starting XGBRegressor
2019-01-12 08:46:38,468 - INFO - Starting GradientBoostingRegressor
2019-01-12 08:47:25,991 - INFO - Starting AdaBoostRegressor
2019-01-12 08:48:14,853 - INFO - sweep done in: 116.78 min
2019-01-12 08:48:14,858 - INFO - Starting a new sweep for grid mode: basic
2019-01-12 08:48:14,859 - INFO - List of dynamic market fields: ['volatility_0_5_after', 'pips_candle_0_5_after', 'volatility_5_10_after', 'pips_candle_5_10_after', 'volatility_10_15_after', 'pips_candle_10_15_after', 'volatility_15_20_after', 'pips_candle_15_20_after', 'volatility_20_25_after', 'pips_candle_20_25_after', 'volatility_25_30_after', 'pips_candle_25_30_after', 'volatility_30_60_after', 'pips_candle_30_60_after', 'pips_candle_max_30_60_after', 'pips_candle_min_30_60_after', 'volatility_60_0_before', 'pips_agg_60_0_before', 'datetime', 'pips_candle_min_60_180_after']
2019-01-12 08:48:16,825 - INFO - X columns for the classification model: ['pips_candle_10_15_after', 'pips_agg_60_0_before', 'Low', 'num_news', 'forecast_error_diff_outlier_class', 'volatility_25_30_after', 'pips_candle_20_25_after', 'pips_candle_30_60_after', 'pips_candle_max_30_60_after', 'forecast_error_diff_deviation', 'year', 'week', 'volatility_5_10_after', 'pe_better', 'new_id', 'volatility_15_20_after', 'pips_candle_25_30_after', 'volatility_30_60_after', 'pips_candle_5_10_after', 'volatility_60_0_before', 'volatility_20_25_after', 'previous_error_diff_deviation', 'weekday', 'pe_accurate', 'pe_worse', 'pips_candle_0_5_after', 'fe_better', 'High', 'pips_candle_min_30_60_after', 'fe_accurate', 'previous_error_diff_outlier_class', 'volatility_10_15_after', 'pips_candle_15_20_after', 'volatility_0_5_after', 'Medium', 'fe_worse']
2019-01-12 08:48:16,825 - INFO - y dependent variable: reaction_min_60_180_after
2019-01-12 08:48:16,993 - INFO - Starting KNeighborsClassifier
2019-01-12 08:54:51,542 - INFO - Starting SVC - rbf
2019-01-12 09:02:30,731 - INFO - Starting DecisionTreeClassifier
2019-01-12 09:03:07,915 - INFO - Starting RandomForestClassifier
2019-01-12 09:26:46,039 - INFO - Starting XGBClassifier
2019-01-12 09:27:10,019 - INFO - Starting GradientBoostingClassifier
2019-01-12 09:28:22,811 - INFO - Starting AdaBoostClassifier
2019-01-12 09:29:24,559 - INFO - X columns for the regression model: ['pips_candle_10_15_after', 'pips_agg_60_0_before', 'Low', 'num_news', 'forecast_error_diff_outlier_class', 'volatility_25_30_after', 'pips_candle_20_25_after', 'pips_candle_30_60_after', 'pips_candle_max_30_60_after', 'forecast_error_diff_deviation', 'year', 'week', 'volatility_5_10_after', 'pe_better', 'new_id', 'volatility_15_20_after', 'pips_candle_25_30_after', 'volatility_30_60_after', 'pips_candle_5_10_after', 'volatility_60_0_before', 'volatility_20_25_after', 'previous_error_diff_deviation', 'weekday', 'pe_accurate', 'pe_worse', 'pips_candle_0_5_after', 'fe_better', 'High', 'pips_candle_min_30_60_after', 'fe_accurate', 'previous_error_diff_outlier_class', 'volatility_10_15_after', 'pips_candle_15_20_after', 'volatility_0_5_after', 'Medium', 'fe_worse']
2019-01-12 09:29:24,715 - INFO - Starting KNeighborsRegressor
2019-01-12 09:37:30,645 - INFO - Starting SVR - rbf
2019-01-12 09:45:43,960 - INFO - Starting DecisionTreeRegressor
2019-01-12 09:46:22,765 - INFO - Starting RandomForestRegressor
2019-01-12 10:51:24,485 - INFO - Starting XGBRegressor
2019-01-12 10:51:48,035 - INFO - Starting GradientBoostingRegressor
2019-01-12 10:52:41,051 - INFO - Starting AdaBoostRegressor
2019-01-12 10:53:57,003 - INFO - sweep done in: 125.70 min
2019-01-12 10:53:57,009 - INFO - #########################
2019-01-12 10:53:57,009 - INFO - 
2019-01-12 10:53:57,009 - INFO - Starting a new sweep, grouping news by: ALL_YES_1_1_1
2019-01-12 10:55:12,387 - INFO - Starting a new sweep with market features: basic
2019-01-12 10:55:12,387 - INFO - Starting a new sweep, features before the publication are: included
2019-01-12 10:55:12,387 - INFO - Starting a new sweep, delay in between buying-selling is: 60_180
2019-01-12 10:55:12,387 - INFO - Starting a new sweep for grid mode: basic
2019-01-12 10:55:12,388 - INFO - List of dynamic market fields: ['volatility_0_5_after', 'pips_candle_0_5_after', 'volatility_5_10_after', 'pips_candle_5_10_after', 'volatility_10_15_after', 'pips_candle_10_15_after', 'volatility_15_20_after', 'pips_candle_15_20_after', 'volatility_20_25_after', 'pips_candle_20_25_after', 'volatility_25_30_after', 'pips_candle_25_30_after', 'volatility_30_60_after', 'pips_candle_30_60_after', 'volatility_60_0_before', 'pips_agg_60_0_before', 'datetime', 'pips_candle_max_60_180_after']
2019-01-12 10:55:14,207 - INFO - X columns for the classification model: ['pips_candle_10_15_after', 'pips_agg_60_0_before', 'Low', 'num_news', 'forecast_error_diff_outlier_class', 'volatility_25_30_after', 'pips_candle_20_25_after', 'pips_candle_30_60_after', 'forecast_error_diff_deviation', 'year', 'week', 'volatility_5_10_after', 'pe_better', 'new_id', 'volatility_15_20_after', 'pips_candle_25_30_after', 'volatility_30_60_after', 'pips_candle_5_10_after', 'volatility_60_0_before', 'volatility_20_25_after', 'previous_error_diff_deviation', 'weekday', 'pe_accurate', 'pe_worse', 'pips_candle_0_5_after', 'fe_better', 'High', 'fe_accurate', 'previous_error_diff_outlier_class', 'volatility_10_15_after', 'pips_candle_15_20_after', 'volatility_0_5_after', 'Medium', 'fe_worse']
2019-01-12 10:55:14,207 - INFO - y dependent variable: reaction_max_60_180_after
2019-01-12 10:55:14,323 - INFO - Starting KNeighborsClassifier
2019-01-12 11:00:05,398 - INFO - Starting SVC - rbf
2019-01-12 11:04:00,945 - INFO - Starting DecisionTreeClassifier
2019-01-12 11:04:26,935 - INFO - Starting RandomForestClassifier
2019-01-12 11:21:07,900 - INFO - Starting XGBClassifier
2019-01-12 11:21:23,893 - INFO - Starting GradientBoostingClassifier
2019-01-12 11:22:01,652 - INFO - Starting AdaBoostClassifier
2019-01-12 11:22:43,104 - INFO - X columns for the regression model: ['pips_candle_10_15_after', 'pips_agg_60_0_before', 'Low', 'num_news', 'forecast_error_diff_outlier_class', 'volatility_25_30_after', 'pips_candle_20_25_after', 'pips_candle_30_60_after', 'forecast_error_diff_deviation', 'year', 'week', 'volatility_5_10_after', 'pe_better', 'new_id', 'volatility_15_20_after', 'pips_candle_25_30_after', 'volatility_30_60_after', 'pips_candle_5_10_after', 'volatility_60_0_before', 'volatility_20_25_after', 'previous_error_diff_deviation', 'weekday', 'pe_accurate', 'pe_worse', 'pips_candle_0_5_after', 'fe_better', 'High', 'fe_accurate', 'previous_error_diff_outlier_class', 'volatility_10_15_after', 'pips_candle_15_20_after', 'volatility_0_5_after', 'Medium', 'fe_worse']
2019-01-12 11:22:43,203 - INFO - Starting KNeighborsRegressor
2019-01-12 11:27:22,217 - INFO - Starting SVR - rbf
2019-01-12 11:30:52,300 - INFO - Starting DecisionTreeRegressor
2019-01-12 11:31:15,343 - INFO - Starting RandomForestRegressor
2019-01-12 12:08:08,423 - INFO - Starting XGBRegressor
2019-01-12 12:08:22,989 - INFO - Starting GradientBoostingRegressor
2019-01-12 12:08:51,589 - INFO - Starting AdaBoostRegressor
2019-01-12 12:09:07,968 - INFO - sweep done in: 73.93 min
2019-01-12 12:09:07,974 - INFO - Starting a new sweep for grid mode: basic
2019-01-12 12:09:07,974 - INFO - List of dynamic market fields: ['volatility_0_5_after', 'pips_candle_0_5_after', 'volatility_5_10_after', 'pips_candle_5_10_after', 'volatility_10_15_after', 'pips_candle_10_15_after', 'volatility_15_20_after', 'pips_candle_15_20_after', 'volatility_20_25_after', 'pips_candle_20_25_after', 'volatility_25_30_after', 'pips_candle_25_30_after', 'volatility_30_60_after', 'pips_candle_30_60_after', 'volatility_60_0_before', 'pips_agg_60_0_before', 'datetime', 'pips_candle_min_60_180_after']
2019-01-12 12:09:09,509 - INFO - X columns for the classification model: ['pips_candle_10_15_after', 'pips_agg_60_0_before', 'Low', 'num_news', 'forecast_error_diff_outlier_class', 'volatility_25_30_after', 'pips_candle_20_25_after', 'pips_candle_30_60_after', 'forecast_error_diff_deviation', 'year', 'week', 'volatility_5_10_after', 'pe_better', 'new_id', 'volatility_15_20_after', 'pips_candle_25_30_after', 'volatility_30_60_after', 'pips_candle_5_10_after', 'volatility_60_0_before', 'volatility_20_25_after', 'previous_error_diff_deviation', 'weekday', 'pe_accurate', 'pe_worse', 'pips_candle_0_5_after', 'fe_better', 'High', 'fe_accurate', 'previous_error_diff_outlier_class', 'volatility_10_15_after', 'pips_candle_15_20_after', 'volatility_0_5_after', 'Medium', 'fe_worse']
2019-01-12 12:09:09,510 - INFO - y dependent variable: reaction_min_60_180_after
2019-01-12 12:09:09,630 - INFO - Starting KNeighborsClassifier
2019-01-12 12:13:57,828 - INFO - Starting SVC - rbf
2019-01-12 12:17:46,498 - INFO - Starting DecisionTreeClassifier
2019-01-12 12:18:11,439 - INFO - Starting RandomForestClassifier
2019-01-12 12:33:14,070 - INFO - Starting XGBClassifier
2019-01-12 12:33:26,546 - INFO - Starting GradientBoostingClassifier
2019-01-12 12:33:56,243 - INFO - Starting AdaBoostClassifier
2019-01-12 12:34:28,838 - INFO - X columns for the regression model: ['pips_candle_10_15_after', 'pips_agg_60_0_before', 'Low', 'num_news', 'forecast_error_diff_outlier_class', 'volatility_25_30_after', 'pips_candle_20_25_after', 'pips_candle_30_60_after', 'forecast_error_diff_deviation', 'year', 'week', 'volatility_5_10_after', 'pe_better', 'new_id', 'volatility_15_20_after', 'pips_candle_25_30_after', 'volatility_30_60_after', 'pips_candle_5_10_after', 'volatility_60_0_before', 'volatility_20_25_after', 'previous_error_diff_deviation', 'weekday', 'pe_accurate', 'pe_worse', 'pips_candle_0_5_after', 'fe_better', 'High', 'fe_accurate', 'previous_error_diff_outlier_class', 'volatility_10_15_after', 'pips_candle_15_20_after', 'volatility_0_5_after', 'Medium', 'fe_worse']
2019-01-12 12:34:28,927 - INFO - Starting KNeighborsRegressor
2019-01-12 12:38:22,738 - INFO - Starting SVR - rbf
2019-01-12 12:41:31,187 - INFO - Starting DecisionTreeRegressor
2019-01-12 12:41:51,857 - INFO - Starting RandomForestRegressor
2019-01-12 13:14:23,254 - INFO - Starting XGBRegressor
2019-01-12 13:14:36,559 - INFO - Starting GradientBoostingRegressor
2019-01-12 13:15:03,069 - INFO - Starting AdaBoostRegressor
2019-01-12 13:15:37,899 - INFO - sweep done in: 66.50 min
2019-01-12 13:15:37,906 - INFO - Starting a new sweep with market features: all
2019-01-12 13:15:37,906 - INFO - Starting a new sweep, features before the publication are: included
2019-01-12 13:15:37,906 - INFO - Starting a new sweep, delay in between buying-selling is: 60_180
2019-01-12 13:15:37,906 - INFO - Starting a new sweep for grid mode: basic
2019-01-12 13:15:37,907 - INFO - List of dynamic market fields: ['volatility_0_5_after', 'pips_candle_0_5_after', 'volatility_5_10_after', 'pips_candle_5_10_after', 'volatility_10_15_after', 'pips_candle_10_15_after', 'volatility_15_20_after', 'pips_candle_15_20_after', 'volatility_20_25_after', 'pips_candle_20_25_after', 'volatility_25_30_after', 'pips_candle_25_30_after', 'volatility_30_60_after', 'pips_candle_30_60_after', 'pips_candle_max_30_60_after', 'pips_candle_min_30_60_after', 'volatility_60_0_before', 'pips_agg_60_0_before', 'datetime', 'pips_candle_max_60_180_after']
2019-01-12 13:15:39,467 - INFO - X columns for the classification model: ['pips_candle_10_15_after', 'pips_agg_60_0_before', 'Low', 'num_news', 'forecast_error_diff_outlier_class', 'volatility_25_30_after', 'pips_candle_20_25_after', 'pips_candle_30_60_after', 'pips_candle_max_30_60_after', 'forecast_error_diff_deviation', 'year', 'week', 'volatility_5_10_after', 'pe_better', 'new_id', 'volatility_15_20_after', 'pips_candle_25_30_after', 'volatility_30_60_after', 'pips_candle_5_10_after', 'volatility_60_0_before', 'volatility_20_25_after', 'previous_error_diff_deviation', 'weekday', 'pe_accurate', 'pe_worse', 'pips_candle_0_5_after', 'fe_better', 'High', 'pips_candle_min_30_60_after', 'fe_accurate', 'previous_error_diff_outlier_class', 'volatility_10_15_after', 'pips_candle_15_20_after', 'volatility_0_5_after', 'Medium', 'fe_worse']
2019-01-12 13:15:39,468 - INFO - y dependent variable: reaction_max_60_180_after
2019-01-12 13:15:39,602 - INFO - Starting KNeighborsClassifier
2019-01-12 13:20:57,441 - INFO - Starting SVC - rbf
2019-01-12 13:24:28,268 - INFO - Starting DecisionTreeClassifier
2019-01-12 13:24:51,256 - INFO - Starting RandomForestClassifier
2019-01-12 13:39:59,471 - INFO - Starting XGBClassifier
2019-01-12 13:40:13,238 - INFO - Starting GradientBoostingClassifier
2019-01-12 13:40:44,591 - INFO - Starting AdaBoostClassifier
2019-01-12 13:41:18,503 - INFO - X columns for the regression model: ['pips_candle_10_15_after', 'pips_agg_60_0_before', 'Low', 'num_news', 'forecast_error_diff_outlier_class', 'volatility_25_30_after', 'pips_candle_20_25_after', 'pips_candle_30_60_after', 'pips_candle_max_30_60_after', 'forecast_error_diff_deviation', 'year', 'week', 'volatility_5_10_after', 'pe_better', 'new_id', 'volatility_15_20_after', 'pips_candle_25_30_after', 'volatility_30_60_after', 'pips_candle_5_10_after', 'volatility_60_0_before', 'volatility_20_25_after', 'previous_error_diff_deviation', 'weekday', 'pe_accurate', 'pe_worse', 'pips_candle_0_5_after', 'fe_better', 'High', 'pips_candle_min_30_60_after', 'fe_accurate', 'previous_error_diff_outlier_class', 'volatility_10_15_after', 'pips_candle_15_20_after', 'volatility_0_5_after', 'Medium', 'fe_worse']
2019-01-12 13:41:18,599 - INFO - Starting KNeighborsRegressor
2019-01-12 13:45:38,901 - INFO - Starting SVR - rbf
2019-01-12 13:48:55,384 - INFO - Starting DecisionTreeRegressor
2019-01-12 13:49:17,640 - INFO - Starting RandomForestRegressor
2019-01-12 14:23:55,787 - INFO - Starting XGBRegressor
2019-01-12 14:24:09,845 - INFO - Starting GradientBoostingRegressor
2019-01-12 14:24:37,095 - INFO - Starting AdaBoostRegressor
2019-01-12 14:24:48,951 - INFO - sweep done in: 69.18 min
2019-01-12 14:24:48,977 - INFO - Starting a new sweep for grid mode: basic
2019-01-12 14:24:48,977 - INFO - List of dynamic market fields: ['volatility_0_5_after', 'pips_candle_0_5_after', 'volatility_5_10_after', 'pips_candle_5_10_after', 'volatility_10_15_after', 'pips_candle_10_15_after', 'volatility_15_20_after', 'pips_candle_15_20_after', 'volatility_20_25_after', 'pips_candle_20_25_after', 'volatility_25_30_after', 'pips_candle_25_30_after', 'volatility_30_60_after', 'pips_candle_30_60_after', 'pips_candle_max_30_60_after', 'pips_candle_min_30_60_after', 'volatility_60_0_before', 'pips_agg_60_0_before', 'datetime', 'pips_candle_min_60_180_after']
2019-01-12 14:24:50,310 - INFO - X columns for the classification model: ['pips_candle_10_15_after', 'pips_agg_60_0_before', 'Low', 'num_news', 'forecast_error_diff_outlier_class', 'volatility_25_30_after', 'pips_candle_20_25_after', 'pips_candle_30_60_after', 'pips_candle_max_30_60_after', 'forecast_error_diff_deviation', 'year', 'week', 'volatility_5_10_after', 'pe_better', 'new_id', 'volatility_15_20_after', 'pips_candle_25_30_after', 'volatility_30_60_after', 'pips_candle_5_10_after', 'volatility_60_0_before', 'volatility_20_25_after', 'previous_error_diff_deviation', 'weekday', 'pe_accurate', 'pe_worse', 'pips_candle_0_5_after', 'fe_better', 'High', 'pips_candle_min_30_60_after', 'fe_accurate', 'previous_error_diff_outlier_class', 'volatility_10_15_after', 'pips_candle_15_20_after', 'volatility_0_5_after', 'Medium', 'fe_worse']
2019-01-12 14:24:50,310 - INFO - y dependent variable: reaction_min_60_180_after
2019-01-12 14:24:50,424 - INFO - Starting KNeighborsClassifier
2019-01-12 14:29:21,720 - INFO - Starting SVC - rbf
2019-01-12 14:32:46,826 - INFO - Starting DecisionTreeClassifier
2019-01-12 14:33:09,560 - INFO - Starting RandomForestClassifier
2019-01-12 14:46:29,583 - INFO - Starting XGBClassifier
2019-01-12 14:46:41,039 - INFO - Starting GradientBoostingClassifier
2019-01-12 14:47:09,129 - INFO - Starting AdaBoostClassifier
2019-01-12 14:47:38,748 - INFO - X columns for the regression model: ['pips_candle_10_15_after', 'pips_agg_60_0_before', 'Low', 'num_news', 'forecast_error_diff_outlier_class', 'volatility_25_30_after', 'pips_candle_20_25_after', 'pips_candle_30_60_after', 'pips_candle_max_30_60_after', 'forecast_error_diff_deviation', 'year', 'week', 'volatility_5_10_after', 'pe_better', 'new_id', 'volatility_15_20_after', 'pips_candle_25_30_after', 'volatility_30_60_after', 'pips_candle_5_10_after', 'volatility_60_0_before', 'volatility_20_25_after', 'previous_error_diff_deviation', 'weekday', 'pe_accurate', 'pe_worse', 'pips_candle_0_5_after', 'fe_better', 'High', 'pips_candle_min_30_60_after', 'fe_accurate', 'previous_error_diff_outlier_class', 'volatility_10_15_after', 'pips_candle_15_20_after', 'volatility_0_5_after', 'Medium', 'fe_worse']
2019-01-12 14:47:38,823 - INFO - Starting KNeighborsRegressor
2019-01-12 14:51:26,181 - INFO - Starting SVR - rbf
2019-01-12 14:54:24,021 - INFO - Starting DecisionTreeRegressor
2019-01-12 14:54:44,461 - INFO - Starting RandomForestRegressor
2019-01-12 15:25:05,795 - INFO - Starting XGBRegressor
2019-01-12 15:25:17,716 - INFO - Starting GradientBoostingRegressor
2019-01-12 15:25:41,430 - INFO - Starting AdaBoostRegressor
2019-01-12 15:26:04,647 - INFO - sweep done in: 61.26 min
2019-01-12 15:26:04,678 - INFO - #########################
2019-01-12 15:26:04,679 - INFO - 
2019-01-12 15:26:04,679 - INFO - Starting a new sweep, grouping news by: ALL_YES_3_2_1
2019-01-12 15:26:59,836 - INFO - Starting a new sweep with market features: basic
2019-01-12 15:26:59,836 - INFO - Starting a new sweep, features before the publication are: included
2019-01-12 15:26:59,837 - INFO - Starting a new sweep, delay in between buying-selling is: 60_180
2019-01-12 15:26:59,837 - INFO - Starting a new sweep for grid mode: basic
2019-01-12 15:26:59,837 - INFO - List of dynamic market fields: ['volatility_0_5_after', 'pips_candle_0_5_after', 'volatility_5_10_after', 'pips_candle_5_10_after', 'volatility_10_15_after', 'pips_candle_10_15_after', 'volatility_15_20_after', 'pips_candle_15_20_after', 'volatility_20_25_after', 'pips_candle_20_25_after', 'volatility_25_30_after', 'pips_candle_25_30_after', 'volatility_30_60_after', 'pips_candle_30_60_after', 'volatility_60_0_before', 'pips_agg_60_0_before', 'datetime', 'pips_candle_max_60_180_after']
2019-01-12 15:27:00,895 - INFO - X columns for the classification model: ['pips_candle_10_15_after', 'pips_agg_60_0_before', 'Low', 'num_news', 'forecast_error_diff_outlier_class', 'volatility_25_30_after', 'pips_candle_20_25_after', 'pips_candle_30_60_after', 'forecast_error_diff_deviation', 'year', 'week', 'volatility_5_10_after', 'pe_better', 'new_id', 'volatility_15_20_after', 'pips_candle_25_30_after', 'volatility_30_60_after', 'pips_candle_5_10_after', 'volatility_60_0_before', 'volatility_20_25_after', 'previous_error_diff_deviation', 'weekday', 'pe_accurate', 'pe_worse', 'pips_candle_0_5_after', 'fe_better', 'High', 'fe_accurate', 'previous_error_diff_outlier_class', 'volatility_10_15_after', 'pips_candle_15_20_after', 'volatility_0_5_after', 'Medium', 'fe_worse']
2019-01-12 15:27:00,895 - INFO - y dependent variable: reaction_max_60_180_after
2019-01-12 15:27:00,970 - INFO - Starting KNeighborsClassifier
2019-01-12 15:30:32,990 - INFO - Starting SVC - rbf
2019-01-12 15:33:26,889 - INFO - Starting DecisionTreeClassifier
2019-01-12 15:33:45,644 - INFO - Starting RandomForestClassifier
2019-01-12 15:46:14,676 - INFO - Starting XGBClassifier
2019-01-12 15:46:27,117 - INFO - Starting GradientBoostingClassifier
2019-01-12 15:46:55,463 - INFO - Starting AdaBoostClassifier
2019-01-12 15:47:25,189 - INFO - X columns for the regression model: ['pips_candle_10_15_after', 'pips_agg_60_0_before', 'Low', 'num_news', 'forecast_error_diff_outlier_class', 'volatility_25_30_after', 'pips_candle_20_25_after', 'pips_candle_30_60_after', 'forecast_error_diff_deviation', 'year', 'week', 'volatility_5_10_after', 'pe_better', 'new_id', 'volatility_15_20_after', 'pips_candle_25_30_after', 'volatility_30_60_after', 'pips_candle_5_10_after', 'volatility_60_0_before', 'volatility_20_25_after', 'previous_error_diff_deviation', 'weekday', 'pe_accurate', 'pe_worse', 'pips_candle_0_5_after', 'fe_better', 'High', 'fe_accurate', 'previous_error_diff_outlier_class', 'volatility_10_15_after', 'pips_candle_15_20_after', 'volatility_0_5_after', 'Medium', 'fe_worse']
2019-01-12 15:47:25,264 - INFO - Starting KNeighborsRegressor
2019-01-12 15:51:38,211 - INFO - Starting SVR - rbf
2019-01-12 15:54:31,555 - INFO - Starting DecisionTreeRegressor
2019-01-12 15:54:50,546 - INFO - Starting RandomForestRegressor
2019-01-12 16:25:38,114 - INFO - Starting XGBRegressor
2019-01-12 16:25:49,981 - INFO - Starting GradientBoostingRegressor
2019-01-12 16:26:15,482 - INFO - Starting AdaBoostRegressor
2019-01-12 16:26:33,897 - INFO - sweep done in: 59.57 min
2019-01-12 16:26:33,920 - INFO - Starting a new sweep for grid mode: basic
2019-01-12 16:26:33,920 - INFO - List of dynamic market fields: ['volatility_0_5_after', 'pips_candle_0_5_after', 'volatility_5_10_after', 'pips_candle_5_10_after', 'volatility_10_15_after', 'pips_candle_10_15_after', 'volatility_15_20_after', 'pips_candle_15_20_after', 'volatility_20_25_after', 'pips_candle_20_25_after', 'volatility_25_30_after', 'pips_candle_25_30_after', 'volatility_30_60_after', 'pips_candle_30_60_after', 'volatility_60_0_before', 'pips_agg_60_0_before', 'datetime', 'pips_candle_min_60_180_after']
2019-01-12 16:26:35,087 - INFO - X columns for the classification model: ['pips_candle_10_15_after', 'pips_agg_60_0_before', 'Low', 'num_news', 'forecast_error_diff_outlier_class', 'volatility_25_30_after', 'pips_candle_20_25_after', 'pips_candle_30_60_after', 'forecast_error_diff_deviation', 'year', 'week', 'volatility_5_10_after', 'pe_better', 'new_id', 'volatility_15_20_after', 'pips_candle_25_30_after', 'volatility_30_60_after', 'pips_candle_5_10_after', 'volatility_60_0_before', 'volatility_20_25_after', 'previous_error_diff_deviation', 'weekday', 'pe_accurate', 'pe_worse', 'pips_candle_0_5_after', 'fe_better', 'High', 'fe_accurate', 'previous_error_diff_outlier_class', 'volatility_10_15_after', 'pips_candle_15_20_after', 'volatility_0_5_after', 'Medium', 'fe_worse']
2019-01-12 16:26:35,089 - INFO - y dependent variable: reaction_min_60_180_after
2019-01-12 16:26:35,239 - INFO - Starting KNeighborsClassifier
2019-01-12 16:30:43,538 - INFO - Starting SVC - rbf
2019-01-12 16:33:57,717 - INFO - Starting DecisionTreeClassifier
2019-01-12 16:34:17,174 - INFO - Starting RandomForestClassifier
2019-01-12 16:47:49,927 - INFO - Starting XGBClassifier
2019-01-12 16:48:02,267 - INFO - Starting GradientBoostingClassifier
2019-01-12 16:48:30,624 - INFO - Starting AdaBoostClassifier
2019-01-12 16:49:03,523 - INFO - X columns for the regression model: ['pips_candle_10_15_after', 'pips_agg_60_0_before', 'Low', 'num_news', 'forecast_error_diff_outlier_class', 'volatility_25_30_after', 'pips_candle_20_25_after', 'pips_candle_30_60_after', 'forecast_error_diff_deviation', 'year', 'week', 'volatility_5_10_after', 'pe_better', 'new_id', 'volatility_15_20_after', 'pips_candle_25_30_after', 'volatility_30_60_after', 'pips_candle_5_10_after', 'volatility_60_0_before', 'volatility_20_25_after', 'previous_error_diff_deviation', 'weekday', 'pe_accurate', 'pe_worse', 'pips_candle_0_5_after', 'fe_better', 'High', 'fe_accurate', 'previous_error_diff_outlier_class', 'volatility_10_15_after', 'pips_candle_15_20_after', 'volatility_0_5_after', 'Medium', 'fe_worse']
2019-01-12 16:49:03,615 - INFO - Starting KNeighborsRegressor
2019-01-12 16:53:45,621 - INFO - Starting SVR - rbf
2019-01-12 16:56:45,684 - INFO - Starting DecisionTreeRegressor
2019-01-12 16:57:06,369 - INFO - Starting RandomForestRegressor
2019-01-12 17:28:17,874 - INFO - Starting XGBRegressor
2019-01-12 17:28:29,348 - INFO - Starting GradientBoostingRegressor
2019-01-12 17:28:53,242 - INFO - Starting AdaBoostRegressor
2019-01-12 17:29:23,727 - INFO - sweep done in: 62.83 min
2019-01-12 17:29:23,737 - INFO - Starting a new sweep with market features: all
2019-01-12 17:29:23,737 - INFO - Starting a new sweep, features before the publication are: included
2019-01-12 17:29:23,738 - INFO - Starting a new sweep, delay in between buying-selling is: 60_180
2019-01-12 17:29:23,738 - INFO - Starting a new sweep for grid mode: basic
2019-01-12 17:29:23,738 - INFO - List of dynamic market fields: ['volatility_0_5_after', 'pips_candle_0_5_after', 'volatility_5_10_after', 'pips_candle_5_10_after', 'volatility_10_15_after', 'pips_candle_10_15_after', 'volatility_15_20_after', 'pips_candle_15_20_after', 'volatility_20_25_after', 'pips_candle_20_25_after', 'volatility_25_30_after', 'pips_candle_25_30_after', 'volatility_30_60_after', 'pips_candle_30_60_after', 'pips_candle_max_30_60_after', 'pips_candle_min_30_60_after', 'volatility_60_0_before', 'pips_agg_60_0_before', 'datetime', 'pips_candle_max_60_180_after']
2019-01-12 17:29:25,001 - INFO - X columns for the classification model: ['pips_candle_10_15_after', 'pips_agg_60_0_before', 'Low', 'num_news', 'forecast_error_diff_outlier_class', 'volatility_25_30_after', 'pips_candle_20_25_after', 'pips_candle_30_60_after', 'pips_candle_max_30_60_after', 'forecast_error_diff_deviation', 'year', 'week', 'volatility_5_10_after', 'pe_better', 'new_id', 'volatility_15_20_after', 'pips_candle_25_30_after', 'volatility_30_60_after', 'pips_candle_5_10_after', 'volatility_60_0_before', 'volatility_20_25_after', 'previous_error_diff_deviation', 'weekday', 'pe_accurate', 'pe_worse', 'pips_candle_0_5_after', 'fe_better', 'High', 'pips_candle_min_30_60_after', 'fe_accurate', 'previous_error_diff_outlier_class', 'volatility_10_15_after', 'pips_candle_15_20_after', 'volatility_0_5_after', 'Medium', 'fe_worse']
2019-01-12 17:29:25,001 - INFO - y dependent variable: reaction_max_60_180_after
2019-01-12 17:29:25,085 - INFO - Starting KNeighborsClassifier
2019-01-12 17:33:25,076 - INFO - Starting SVC - rbf
2019-01-12 17:36:50,644 - INFO - Starting DecisionTreeClassifier
2019-01-12 17:37:11,968 - INFO - Starting RandomForestClassifier
2019-01-12 17:52:24,693 - INFO - Starting XGBClassifier
2019-01-12 17:52:37,642 - INFO - Starting GradientBoostingClassifier
2019-01-12 17:53:07,245 - INFO - Starting AdaBoostClassifier
2019-01-12 17:53:45,048 - INFO - X columns for the regression model: ['pips_candle_10_15_after', 'pips_agg_60_0_before', 'Low', 'num_news', 'forecast_error_diff_outlier_class', 'volatility_25_30_after', 'pips_candle_20_25_after', 'pips_candle_30_60_after', 'pips_candle_max_30_60_after', 'forecast_error_diff_deviation', 'year', 'week', 'volatility_5_10_after', 'pe_better', 'new_id', 'volatility_15_20_after', 'pips_candle_25_30_after', 'volatility_30_60_after', 'pips_candle_5_10_after', 'volatility_60_0_before', 'volatility_20_25_after', 'previous_error_diff_deviation', 'weekday', 'pe_accurate', 'pe_worse', 'pips_candle_0_5_after', 'fe_better', 'High', 'pips_candle_min_30_60_after', 'fe_accurate', 'previous_error_diff_outlier_class', 'volatility_10_15_after', 'pips_candle_15_20_after', 'volatility_0_5_after', 'Medium', 'fe_worse']
2019-01-12 17:53:45,145 - INFO - Starting KNeighborsRegressor
2019-01-12 17:58:16,106 - INFO - Starting SVR - rbf
2019-01-12 18:01:11,394 - INFO - Starting DecisionTreeRegressor
2019-01-12 18:01:30,895 - INFO - Starting RandomForestRegressor
2019-01-12 18:32:18,355 - INFO - Starting XGBRegressor
2019-01-12 18:32:31,149 - INFO - Starting GradientBoostingRegressor
2019-01-12 18:32:58,269 - INFO - Starting AdaBoostRegressor
2019-01-12 18:33:12,650 - INFO - sweep done in: 63.82 min
2019-01-12 18:33:12,659 - INFO - Starting a new sweep for grid mode: basic
2019-01-12 18:33:12,659 - INFO - List of dynamic market fields: ['volatility_0_5_after', 'pips_candle_0_5_after', 'volatility_5_10_after', 'pips_candle_5_10_after', 'volatility_10_15_after', 'pips_candle_10_15_after', 'volatility_15_20_after', 'pips_candle_15_20_after', 'volatility_20_25_after', 'pips_candle_20_25_after', 'volatility_25_30_after', 'pips_candle_25_30_after', 'volatility_30_60_after', 'pips_candle_30_60_after', 'pips_candle_max_30_60_after', 'pips_candle_min_30_60_after', 'volatility_60_0_before', 'pips_agg_60_0_before', 'datetime', 'pips_candle_min_60_180_after']
2019-01-12 18:33:13,784 - INFO - X columns for the classification model: ['pips_candle_10_15_after', 'pips_agg_60_0_before', 'Low', 'num_news', 'forecast_error_diff_outlier_class', 'volatility_25_30_after', 'pips_candle_20_25_after', 'pips_candle_30_60_after', 'pips_candle_max_30_60_after', 'forecast_error_diff_deviation', 'year', 'week', 'volatility_5_10_after', 'pe_better', 'new_id', 'volatility_15_20_after', 'pips_candle_25_30_after', 'volatility_30_60_after', 'pips_candle_5_10_after', 'volatility_60_0_before', 'volatility_20_25_after', 'previous_error_diff_deviation', 'weekday', 'pe_accurate', 'pe_worse', 'pips_candle_0_5_after', 'fe_better', 'High', 'pips_candle_min_30_60_after', 'fe_accurate', 'previous_error_diff_outlier_class', 'volatility_10_15_after', 'pips_candle_15_20_after', 'volatility_0_5_after', 'Medium', 'fe_worse']
2019-01-12 18:33:13,785 - INFO - y dependent variable: reaction_min_60_180_after
2019-01-12 18:33:13,864 - INFO - Starting KNeighborsClassifier
2019-01-12 18:37:04,206 - INFO - Starting SVC - rbf
2019-01-12 18:40:25,436 - INFO - Starting DecisionTreeClassifier
2019-01-12 18:40:57,869 - INFO - Starting RandomForestClassifier
2019-01-12 18:56:28,491 - INFO - Starting XGBClassifier
2019-01-12 18:56:41,695 - INFO - Starting GradientBoostingClassifier
2019-01-12 18:57:11,876 - INFO - Starting AdaBoostClassifier
2019-01-12 18:57:43,739 - INFO - X columns for the regression model: ['pips_candle_10_15_after', 'pips_agg_60_0_before', 'Low', 'num_news', 'forecast_error_diff_outlier_class', 'volatility_25_30_after', 'pips_candle_20_25_after', 'pips_candle_30_60_after', 'pips_candle_max_30_60_after', 'forecast_error_diff_deviation', 'year', 'week', 'volatility_5_10_after', 'pe_better', 'new_id', 'volatility_15_20_after', 'pips_candle_25_30_after', 'volatility_30_60_after', 'pips_candle_5_10_after', 'volatility_60_0_before', 'volatility_20_25_after', 'previous_error_diff_deviation', 'weekday', 'pe_accurate', 'pe_worse', 'pips_candle_0_5_after', 'fe_better', 'High', 'pips_candle_min_30_60_after', 'fe_accurate', 'previous_error_diff_outlier_class', 'volatility_10_15_after', 'pips_candle_15_20_after', 'volatility_0_5_after', 'Medium', 'fe_worse']
2019-01-12 18:57:43,831 - INFO - Starting KNeighborsRegressor
2019-01-12 19:02:04,359 - INFO - Starting SVR - rbf
2019-01-12 19:04:58,136 - INFO - Starting DecisionTreeRegressor
2019-01-12 19:05:18,593 - INFO - Starting RandomForestRegressor
2019-01-12 19:37:59,004 - INFO - Starting XGBRegressor
2019-01-12 19:38:11,877 - INFO - Starting GradientBoostingRegressor
2019-01-12 19:38:37,792 - INFO - Starting AdaBoostRegressor
2019-01-12 19:39:10,770 - INFO - sweep done in: 65.97 min
2019-01-12 19:39:10,783 - INFO - #########################
2019-01-12 19:39:10,783 - INFO - 
2019-01-12 19:39:10,783 - INFO - Starting a new sweep, grouping news by: High_NO_1_1_1
2019-01-12 19:39:26,877 - INFO - Starting a new sweep with market features: basic
2019-01-12 19:39:26,877 - INFO - Starting a new sweep, features before the publication are: included
2019-01-12 19:39:26,877 - INFO - Starting a new sweep, delay in between buying-selling is: 60_180
2019-01-12 19:39:26,878 - INFO - Starting a new sweep for grid mode: basic
2019-01-12 19:39:26,878 - INFO - List of dynamic market fields: ['volatility_0_5_after', 'pips_candle_0_5_after', 'volatility_5_10_after', 'pips_candle_5_10_after', 'volatility_10_15_after', 'pips_candle_10_15_after', 'volatility_15_20_after', 'pips_candle_15_20_after', 'volatility_20_25_after', 'pips_candle_20_25_after', 'volatility_25_30_after', 'pips_candle_25_30_after', 'volatility_30_60_after', 'pips_candle_30_60_after', 'volatility_60_0_before', 'pips_agg_60_0_before', 'datetime', 'pips_candle_max_60_180_after']
2019-01-12 19:39:27,779 - INFO - X columns for the classification model: ['pips_candle_10_15_after', 'pips_agg_60_0_before', 'num_news', 'forecast_error_diff_outlier_class', 'volatility_25_30_after', 'pips_candle_20_25_after', 'pips_candle_30_60_after', 'forecast_error_diff_deviation', 'year', 'week', 'volatility_5_10_after', 'pe_better', 'new_id', 'volatility_15_20_after', 'pips_candle_25_30_after', 'volatility_30_60_after', 'pips_candle_5_10_after', 'volatility_60_0_before', 'volatility_20_25_after', 'previous_error_diff_deviation', 'weekday', 'pe_accurate', 'pe_worse', 'pips_candle_0_5_after', 'fe_better', 'High', 'fe_accurate', 'previous_error_diff_outlier_class', 'volatility_10_15_after', 'pips_candle_15_20_after', 'volatility_0_5_after', 'fe_worse']
2019-01-12 19:39:27,780 - INFO - y dependent variable: reaction_max_60_180_after
2019-01-12 19:39:27,825 - INFO - Starting KNeighborsClassifier
2019-01-12 19:40:19,624 - INFO - Starting SVC - rbf
2019-01-12 19:41:15,892 - INFO - Starting DecisionTreeClassifier
2019-01-12 19:41:28,046 - INFO - Starting RandomForestClassifier
2019-01-12 19:51:32,893 - INFO - Starting XGBClassifier
2019-01-12 19:51:39,830 - INFO - Starting GradientBoostingClassifier
2019-01-12 19:51:57,582 - INFO - Starting AdaBoostClassifier
2019-01-12 19:52:19,126 - INFO - X columns for the regression model: ['pips_candle_10_15_after', 'pips_agg_60_0_before', 'num_news', 'forecast_error_diff_outlier_class', 'volatility_25_30_after', 'pips_candle_20_25_after', 'pips_candle_30_60_after', 'forecast_error_diff_deviation', 'year', 'week', 'volatility_5_10_after', 'pe_better', 'new_id', 'volatility_15_20_after', 'pips_candle_25_30_after', 'volatility_30_60_after', 'pips_candle_5_10_after', 'volatility_60_0_before', 'volatility_20_25_after', 'previous_error_diff_deviation', 'weekday', 'pe_accurate', 'pe_worse', 'pips_candle_0_5_after', 'fe_better', 'High', 'fe_accurate', 'previous_error_diff_outlier_class', 'volatility_10_15_after', 'pips_candle_15_20_after', 'volatility_0_5_after', 'fe_worse']
2019-01-12 19:52:19,175 - INFO - Starting KNeighborsRegressor
2019-01-12 19:53:08,825 - INFO - Starting SVR - rbf
2019-01-12 19:53:59,260 - INFO - Starting DecisionTreeRegressor
2019-01-12 19:54:10,175 - INFO - Starting RandomForestRegressor
2019-01-12 20:12:39,321 - INFO - Starting XGBRegressor
2019-01-12 20:12:46,003 - INFO - Starting GradientBoostingRegressor
2019-01-12 20:12:58,942 - INFO - Starting AdaBoostRegressor
2019-01-12 20:13:17,826 - INFO - sweep done in: 33.85 min
2019-01-12 20:13:17,848 - INFO - Starting a new sweep for grid mode: basic
2019-01-12 20:13:17,848 - INFO - List of dynamic market fields: ['volatility_0_5_after', 'pips_candle_0_5_after', 'volatility_5_10_after', 'pips_candle_5_10_after', 'volatility_10_15_after', 'pips_candle_10_15_after', 'volatility_15_20_after', 'pips_candle_15_20_after', 'volatility_20_25_after', 'pips_candle_20_25_after', 'volatility_25_30_after', 'pips_candle_25_30_after', 'volatility_30_60_after', 'pips_candle_30_60_after', 'volatility_60_0_before', 'pips_agg_60_0_before', 'datetime', 'pips_candle_min_60_180_after']
2019-01-12 20:13:18,441 - INFO - X columns for the classification model: ['pips_candle_10_15_after', 'pips_agg_60_0_before', 'num_news', 'forecast_error_diff_outlier_class', 'volatility_25_30_after', 'pips_candle_20_25_after', 'pips_candle_30_60_after', 'forecast_error_diff_deviation', 'year', 'week', 'volatility_5_10_after', 'pe_better', 'new_id', 'volatility_15_20_after', 'pips_candle_25_30_after', 'volatility_30_60_after', 'pips_candle_5_10_after', 'volatility_60_0_before', 'volatility_20_25_after', 'previous_error_diff_deviation', 'weekday', 'pe_accurate', 'pe_worse', 'pips_candle_0_5_after', 'fe_better', 'High', 'fe_accurate', 'previous_error_diff_outlier_class', 'volatility_10_15_after', 'pips_candle_15_20_after', 'volatility_0_5_after', 'fe_worse']
2019-01-12 20:13:18,441 - INFO - y dependent variable: reaction_min_60_180_after
2019-01-12 20:13:18,488 - INFO - Starting KNeighborsClassifier
2019-01-12 20:14:07,762 - INFO - Starting SVC - rbf
2019-01-12 20:14:58,047 - INFO - Starting DecisionTreeClassifier
2019-01-12 20:15:09,813 - INFO - Starting RandomForestClassifier
2019-01-12 20:24:58,992 - INFO - Starting XGBClassifier
2019-01-12 20:25:05,955 - INFO - Starting GradientBoostingClassifier
2019-01-12 20:25:23,281 - INFO - Starting AdaBoostClassifier
2019-01-12 20:25:44,534 - INFO - X columns for the regression model: ['pips_candle_10_15_after', 'pips_agg_60_0_before', 'num_news', 'forecast_error_diff_outlier_class', 'volatility_25_30_after', 'pips_candle_20_25_after', 'pips_candle_30_60_after', 'forecast_error_diff_deviation', 'year', 'week', 'volatility_5_10_after', 'pe_better', 'new_id', 'volatility_15_20_after', 'pips_candle_25_30_after', 'volatility_30_60_after', 'pips_candle_5_10_after', 'volatility_60_0_before', 'volatility_20_25_after', 'previous_error_diff_deviation', 'weekday', 'pe_accurate', 'pe_worse', 'pips_candle_0_5_after', 'fe_better', 'High', 'fe_accurate', 'previous_error_diff_outlier_class', 'volatility_10_15_after', 'pips_candle_15_20_after', 'volatility_0_5_after', 'fe_worse']
2019-01-12 20:25:44,584 - INFO - Starting KNeighborsRegressor
2019-01-12 20:26:30,584 - INFO - Starting SVR - rbf
2019-01-12 20:27:18,464 - INFO - Starting DecisionTreeRegressor
2019-01-12 20:27:28,738 - INFO - Starting RandomForestRegressor
2019-01-12 20:45:25,954 - INFO - Starting XGBRegressor
2019-01-12 20:45:32,544 - INFO - Starting GradientBoostingRegressor
2019-01-12 20:45:45,981 - INFO - Starting AdaBoostRegressor
2019-01-12 20:46:12,255 - INFO - sweep done in: 32.91 min
2019-01-12 20:46:12,276 - INFO - Starting a new sweep with market features: all
2019-01-12 20:46:12,277 - INFO - Starting a new sweep, features before the publication are: included
2019-01-12 20:46:12,277 - INFO - Starting a new sweep, delay in between buying-selling is: 60_180
2019-01-12 20:46:12,277 - INFO - Starting a new sweep for grid mode: basic
2019-01-12 20:46:12,277 - INFO - List of dynamic market fields: ['volatility_0_5_after', 'pips_candle_0_5_after', 'volatility_5_10_after', 'pips_candle_5_10_after', 'volatility_10_15_after', 'pips_candle_10_15_after', 'volatility_15_20_after', 'pips_candle_15_20_after', 'volatility_20_25_after', 'pips_candle_20_25_after', 'volatility_25_30_after', 'pips_candle_25_30_after', 'volatility_30_60_after', 'pips_candle_30_60_after', 'pips_candle_max_30_60_after', 'pips_candle_min_30_60_after', 'volatility_60_0_before', 'pips_agg_60_0_before', 'datetime', 'pips_candle_max_60_180_after']
2019-01-12 20:46:13,080 - INFO - X columns for the classification model: ['pips_candle_10_15_after', 'pips_agg_60_0_before', 'num_news', 'forecast_error_diff_outlier_class', 'volatility_25_30_after', 'pips_candle_20_25_after', 'pips_candle_30_60_after', 'pips_candle_max_30_60_after', 'forecast_error_diff_deviation', 'year', 'week', 'volatility_5_10_after', 'pe_better', 'new_id', 'volatility_15_20_after', 'pips_candle_25_30_after', 'volatility_30_60_after', 'pips_candle_5_10_after', 'volatility_60_0_before', 'volatility_20_25_after', 'previous_error_diff_deviation', 'weekday', 'pe_accurate', 'pe_worse', 'pips_candle_0_5_after', 'fe_better', 'High', 'pips_candle_min_30_60_after', 'fe_accurate', 'previous_error_diff_outlier_class', 'volatility_10_15_after', 'pips_candle_15_20_after', 'volatility_0_5_after', 'fe_worse']
2019-01-12 20:46:13,081 - INFO - y dependent variable: reaction_max_60_180_after
2019-01-12 20:46:13,134 - INFO - Starting KNeighborsClassifier
2019-01-12 20:47:03,503 - INFO - Starting SVC - rbf
2019-01-12 20:47:56,232 - INFO - Starting DecisionTreeClassifier
2019-01-12 20:48:07,498 - INFO - Starting RandomForestClassifier
2019-01-12 20:57:57,662 - INFO - Starting XGBClassifier
2019-01-12 20:58:04,295 - INFO - Starting GradientBoostingClassifier
2019-01-12 20:58:21,739 - INFO - Starting AdaBoostClassifier
2019-01-12 20:58:42,963 - INFO - X columns for the regression model: ['pips_candle_10_15_after', 'pips_agg_60_0_before', 'num_news', 'forecast_error_diff_outlier_class', 'volatility_25_30_after', 'pips_candle_20_25_after', 'pips_candle_30_60_after', 'pips_candle_max_30_60_after', 'forecast_error_diff_deviation', 'year', 'week', 'volatility_5_10_after', 'pe_better', 'new_id', 'volatility_15_20_after', 'pips_candle_25_30_after', 'volatility_30_60_after', 'pips_candle_5_10_after', 'volatility_60_0_before', 'volatility_20_25_after', 'previous_error_diff_deviation', 'weekday', 'pe_accurate', 'pe_worse', 'pips_candle_0_5_after', 'fe_better', 'High', 'pips_candle_min_30_60_after', 'fe_accurate', 'previous_error_diff_outlier_class', 'volatility_10_15_after', 'pips_candle_15_20_after', 'volatility_0_5_after', 'fe_worse']
2019-01-12 20:58:43,009 - INFO - Starting KNeighborsRegressor
2019-01-12 20:59:32,552 - INFO - Starting SVR - rbf
2019-01-12 21:00:21,583 - INFO - Starting DecisionTreeRegressor
2019-01-12 21:00:32,182 - INFO - Starting RandomForestRegressor
2019-01-12 21:18:38,145 - INFO - Starting XGBRegressor
2019-01-12 21:18:44,952 - INFO - Starting GradientBoostingRegressor
2019-01-12 21:18:58,751 - INFO - Starting AdaBoostRegressor
2019-01-12 21:19:20,722 - INFO - sweep done in: 33.14 min
2019-01-12 21:19:20,733 - INFO - Starting a new sweep for grid mode: basic
2019-01-12 21:19:20,733 - INFO - List of dynamic market fields: ['volatility_0_5_after', 'pips_candle_0_5_after', 'volatility_5_10_after', 'pips_candle_5_10_after', 'volatility_10_15_after', 'pips_candle_10_15_after', 'volatility_15_20_after', 'pips_candle_15_20_after', 'volatility_20_25_after', 'pips_candle_20_25_after', 'volatility_25_30_after', 'pips_candle_25_30_after', 'volatility_30_60_after', 'pips_candle_30_60_after', 'pips_candle_max_30_60_after', 'pips_candle_min_30_60_after', 'volatility_60_0_before', 'pips_agg_60_0_before', 'datetime', 'pips_candle_min_60_180_after']
2019-01-12 21:19:21,428 - INFO - X columns for the classification model: ['pips_candle_10_15_after', 'pips_agg_60_0_before', 'num_news', 'forecast_error_diff_outlier_class', 'volatility_25_30_after', 'pips_candle_20_25_after', 'pips_candle_30_60_after', 'pips_candle_max_30_60_after', 'forecast_error_diff_deviation', 'year', 'week', 'volatility_5_10_after', 'pe_better', 'new_id', 'volatility_15_20_after', 'pips_candle_25_30_after', 'volatility_30_60_after', 'pips_candle_5_10_after', 'volatility_60_0_before', 'volatility_20_25_after', 'previous_error_diff_deviation', 'weekday', 'pe_accurate', 'pe_worse', 'pips_candle_0_5_after', 'fe_better', 'High', 'pips_candle_min_30_60_after', 'fe_accurate', 'previous_error_diff_outlier_class', 'volatility_10_15_after', 'pips_candle_15_20_after', 'volatility_0_5_after', 'fe_worse']
2019-01-12 21:19:21,428 - INFO - y dependent variable: reaction_min_60_180_after
2019-01-12 21:19:21,478 - INFO - Starting KNeighborsClassifier
2019-01-12 21:20:17,989 - INFO - Starting SVC - rbf
2019-01-12 21:21:15,638 - INFO - Starting DecisionTreeClassifier
2019-01-12 21:21:27,680 - INFO - Starting RandomForestClassifier
2019-01-12 21:30:38,233 - INFO - Starting XGBClassifier
2019-01-12 21:30:43,734 - INFO - Starting GradientBoostingClassifier
2019-01-12 21:30:58,630 - INFO - Starting AdaBoostClassifier
2019-01-12 21:31:17,055 - INFO - X columns for the regression model: ['pips_candle_10_15_after', 'pips_agg_60_0_before', 'num_news', 'forecast_error_diff_outlier_class', 'volatility_25_30_after', 'pips_candle_20_25_after', 'pips_candle_30_60_after', 'pips_candle_max_30_60_after', 'forecast_error_diff_deviation', 'year', 'week', 'volatility_5_10_after', 'pe_better', 'new_id', 'volatility_15_20_after', 'pips_candle_25_30_after', 'volatility_30_60_after', 'pips_candle_5_10_after', 'volatility_60_0_before', 'volatility_20_25_after', 'previous_error_diff_deviation', 'weekday', 'pe_accurate', 'pe_worse', 'pips_candle_0_5_after', 'fe_better', 'High', 'pips_candle_min_30_60_after', 'fe_accurate', 'previous_error_diff_outlier_class', 'volatility_10_15_after', 'pips_candle_15_20_after', 'volatility_0_5_after', 'fe_worse']
2019-01-12 21:31:17,114 - INFO - Starting KNeighborsRegressor
2019-01-12 21:31:54,972 - INFO - Starting SVR - rbf
2019-01-12 21:32:27,017 - INFO - Starting DecisionTreeRegressor
2019-01-12 21:32:33,217 - INFO - Starting RandomForestRegressor
2019-01-12 21:41:28,072 - INFO - Starting XGBRegressor
2019-01-12 21:41:31,251 - INFO - Starting GradientBoostingRegressor
2019-01-12 21:41:37,672 - INFO - Starting AdaBoostRegressor
2019-01-12 21:41:48,874 - INFO - sweep done in: 22.47 min
2019-01-12 21:41:48,880 - INFO - #########################
2019-01-12 21:41:48,880 - INFO - 
2019-01-12 21:41:48,880 - INFO - Starting a new sweep, grouping news by: High_YES_1_1_1
2019-01-12 21:41:56,247 - INFO - Starting a new sweep with market features: basic
2019-01-12 21:41:56,247 - INFO - Starting a new sweep, features before the publication are: included
2019-01-12 21:41:56,248 - INFO - Starting a new sweep, delay in between buying-selling is: 60_180
2019-01-12 21:41:56,248 - INFO - Starting a new sweep for grid mode: basic
2019-01-12 21:41:56,248 - INFO - List of dynamic market fields: ['volatility_0_5_after', 'pips_candle_0_5_after', 'volatility_5_10_after', 'pips_candle_5_10_after', 'volatility_10_15_after', 'pips_candle_10_15_after', 'volatility_15_20_after', 'pips_candle_15_20_after', 'volatility_20_25_after', 'pips_candle_20_25_after', 'volatility_25_30_after', 'pips_candle_25_30_after', 'volatility_30_60_after', 'pips_candle_30_60_after', 'volatility_60_0_before', 'pips_agg_60_0_before', 'datetime', 'pips_candle_max_60_180_after']
2019-01-12 21:41:56,496 - INFO - X columns for the classification model: ['pips_candle_10_15_after', 'pips_agg_60_0_before', 'num_news', 'forecast_error_diff_outlier_class', 'volatility_25_30_after', 'pips_candle_20_25_after', 'pips_candle_30_60_after', 'forecast_error_diff_deviation', 'year', 'week', 'volatility_5_10_after', 'pe_better', 'new_id', 'volatility_15_20_after', 'pips_candle_25_30_after', 'volatility_30_60_after', 'pips_candle_5_10_after', 'volatility_60_0_before', 'volatility_20_25_after', 'previous_error_diff_deviation', 'weekday', 'pe_accurate', 'pe_worse', 'pips_candle_0_5_after', 'fe_better', 'High', 'fe_accurate', 'previous_error_diff_outlier_class', 'volatility_10_15_after', 'pips_candle_15_20_after', 'volatility_0_5_after', 'fe_worse']
2019-01-12 21:41:56,497 - INFO - y dependent variable: reaction_max_60_180_after
2019-01-12 21:41:56,516 - INFO - Starting KNeighborsClassifier
2019-01-12 21:42:16,619 - INFO - Starting SVC - rbf
2019-01-12 21:42:31,511 - INFO - Starting DecisionTreeClassifier
2019-01-12 21:42:35,094 - INFO - Starting RandomForestClassifier
2019-01-12 21:46:26,802 - INFO - Starting XGBClassifier
2019-01-12 21:46:29,212 - INFO - Starting GradientBoostingClassifier
2019-01-12 21:46:35,527 - INFO - Starting AdaBoostClassifier
2019-01-12 21:46:43,507 - INFO - X columns for the regression model: ['pips_candle_10_15_after', 'pips_agg_60_0_before', 'num_news', 'forecast_error_diff_outlier_class', 'volatility_25_30_after', 'pips_candle_20_25_after', 'pips_candle_30_60_after', 'forecast_error_diff_deviation', 'year', 'week', 'volatility_5_10_after', 'pe_better', 'new_id', 'volatility_15_20_after', 'pips_candle_25_30_after', 'volatility_30_60_after', 'pips_candle_5_10_after', 'volatility_60_0_before', 'volatility_20_25_after', 'previous_error_diff_deviation', 'weekday', 'pe_accurate', 'pe_worse', 'pips_candle_0_5_after', 'fe_better', 'High', 'fe_accurate', 'previous_error_diff_outlier_class', 'volatility_10_15_after', 'pips_candle_15_20_after', 'volatility_0_5_after', 'fe_worse']
2019-01-12 21:46:43,527 - INFO - Starting KNeighborsRegressor
2019-01-12 21:47:03,957 - INFO - Starting SVR - rbf
2019-01-12 21:47:18,443 - INFO - Starting DecisionTreeRegressor
2019-01-12 21:47:21,948 - INFO - Starting RandomForestRegressor
2019-01-12 21:53:34,833 - INFO - Starting XGBRegressor
2019-01-12 21:53:37,131 - INFO - Starting GradientBoostingRegressor
2019-01-12 21:53:41,551 - INFO - Starting AdaBoostRegressor
2019-01-12 21:53:46,018 - INFO - sweep done in: 11.83 min
2019-01-12 21:53:46,025 - INFO - Starting a new sweep for grid mode: basic
2019-01-12 21:53:46,026 - INFO - List of dynamic market fields: ['volatility_0_5_after', 'pips_candle_0_5_after', 'volatility_5_10_after', 'pips_candle_5_10_after', 'volatility_10_15_after', 'pips_candle_10_15_after', 'volatility_15_20_after', 'pips_candle_15_20_after', 'volatility_20_25_after', 'pips_candle_20_25_after', 'volatility_25_30_after', 'pips_candle_25_30_after', 'volatility_30_60_after', 'pips_candle_30_60_after', 'volatility_60_0_before', 'pips_agg_60_0_before', 'datetime', 'pips_candle_min_60_180_after']
2019-01-12 21:53:46,336 - INFO - X columns for the classification model: ['pips_candle_10_15_after', 'pips_agg_60_0_before', 'num_news', 'forecast_error_diff_outlier_class', 'volatility_25_30_after', 'pips_candle_20_25_after', 'pips_candle_30_60_after', 'forecast_error_diff_deviation', 'year', 'week', 'volatility_5_10_after', 'pe_better', 'new_id', 'volatility_15_20_after', 'pips_candle_25_30_after', 'volatility_30_60_after', 'pips_candle_5_10_after', 'volatility_60_0_before', 'volatility_20_25_after', 'previous_error_diff_deviation', 'weekday', 'pe_accurate', 'pe_worse', 'pips_candle_0_5_after', 'fe_better', 'High', 'fe_accurate', 'previous_error_diff_outlier_class', 'volatility_10_15_after', 'pips_candle_15_20_after', 'volatility_0_5_after', 'fe_worse']
2019-01-12 21:53:46,337 - INFO - y dependent variable: reaction_min_60_180_after
2019-01-12 21:53:46,357 - INFO - Starting KNeighborsClassifier
2019-01-12 21:54:06,645 - INFO - Starting SVC - rbf
2019-01-12 21:54:20,927 - INFO - Starting DecisionTreeClassifier
2019-01-12 21:54:24,530 - INFO - Starting RandomForestClassifier
2019-01-12 21:58:12,304 - INFO - Starting XGBClassifier
2019-01-12 21:58:14,681 - INFO - Starting GradientBoostingClassifier
2019-01-12 21:58:20,905 - INFO - Starting AdaBoostClassifier
2019-01-12 21:58:29,531 - INFO - X columns for the regression model: ['pips_candle_10_15_after', 'pips_agg_60_0_before', 'num_news', 'forecast_error_diff_outlier_class', 'volatility_25_30_after', 'pips_candle_20_25_after', 'pips_candle_30_60_after', 'forecast_error_diff_deviation', 'year', 'week', 'volatility_5_10_after', 'pe_better', 'new_id', 'volatility_15_20_after', 'pips_candle_25_30_after', 'volatility_30_60_after', 'pips_candle_5_10_after', 'volatility_60_0_before', 'volatility_20_25_after', 'previous_error_diff_deviation', 'weekday', 'pe_accurate', 'pe_worse', 'pips_candle_0_5_after', 'fe_better', 'High', 'fe_accurate', 'previous_error_diff_outlier_class', 'volatility_10_15_after', 'pips_candle_15_20_after', 'volatility_0_5_after', 'fe_worse']
2019-01-12 21:58:29,548 - INFO - Starting KNeighborsRegressor
2019-01-12 21:58:50,414 - INFO - Starting SVR - rbf
2019-01-12 21:59:05,254 - INFO - Starting DecisionTreeRegressor
2019-01-12 21:59:08,777 - INFO - Starting RandomForestRegressor
2019-01-12 22:05:05,748 - INFO - Starting XGBRegressor
2019-01-12 22:05:08,085 - INFO - Starting GradientBoostingRegressor
2019-01-12 22:05:12,577 - INFO - Starting AdaBoostRegressor
2019-01-12 22:05:17,995 - INFO - sweep done in: 11.53 min
2019-01-12 22:05:18,007 - INFO - Starting a new sweep with market features: all
2019-01-12 22:05:18,007 - INFO - Starting a new sweep, features before the publication are: included
2019-01-12 22:05:18,007 - INFO - Starting a new sweep, delay in between buying-selling is: 60_180
2019-01-12 22:05:18,007 - INFO - Starting a new sweep for grid mode: basic
2019-01-12 22:05:18,008 - INFO - List of dynamic market fields: ['volatility_0_5_after', 'pips_candle_0_5_after', 'volatility_5_10_after', 'pips_candle_5_10_after', 'volatility_10_15_after', 'pips_candle_10_15_after', 'volatility_15_20_after', 'pips_candle_15_20_after', 'volatility_20_25_after', 'pips_candle_20_25_after', 'volatility_25_30_after', 'pips_candle_25_30_after', 'volatility_30_60_after', 'pips_candle_30_60_after', 'pips_candle_max_30_60_after', 'pips_candle_min_30_60_after', 'volatility_60_0_before', 'pips_agg_60_0_before', 'datetime', 'pips_candle_max_60_180_after']
2019-01-12 22:05:18,352 - INFO - X columns for the classification model: ['pips_candle_10_15_after', 'pips_agg_60_0_before', 'num_news', 'forecast_error_diff_outlier_class', 'volatility_25_30_after', 'pips_candle_20_25_after', 'pips_candle_30_60_after', 'pips_candle_max_30_60_after', 'forecast_error_diff_deviation', 'year', 'week', 'volatility_5_10_after', 'pe_better', 'new_id', 'volatility_15_20_after', 'pips_candle_25_30_after', 'volatility_30_60_after', 'pips_candle_5_10_after', 'volatility_60_0_before', 'volatility_20_25_after', 'previous_error_diff_deviation', 'weekday', 'pe_accurate', 'pe_worse', 'pips_candle_0_5_after', 'fe_better', 'High', 'pips_candle_min_30_60_after', 'fe_accurate', 'previous_error_diff_outlier_class', 'volatility_10_15_after', 'pips_candle_15_20_after', 'volatility_0_5_after', 'fe_worse']
2019-01-12 22:05:18,352 - INFO - y dependent variable: reaction_max_60_180_after
2019-01-12 22:05:18,395 - INFO - Starting KNeighborsClassifier
2019-01-12 22:05:39,280 - INFO - Starting SVC - rbf
2019-01-12 22:05:54,310 - INFO - Starting DecisionTreeClassifier
2019-01-12 22:05:58,121 - INFO - Starting RandomForestClassifier
2019-01-12 22:09:38,406 - INFO - Starting XGBClassifier
2019-01-12 22:09:40,966 - INFO - Starting GradientBoostingClassifier
2019-01-12 22:09:47,238 - INFO - Starting AdaBoostClassifier
2019-01-12 22:09:55,808 - INFO - X columns for the regression model: ['pips_candle_10_15_after', 'pips_agg_60_0_before', 'num_news', 'forecast_error_diff_outlier_class', 'volatility_25_30_after', 'pips_candle_20_25_after', 'pips_candle_30_60_after', 'pips_candle_max_30_60_after', 'forecast_error_diff_deviation', 'year', 'week', 'volatility_5_10_after', 'pe_better', 'new_id', 'volatility_15_20_after', 'pips_candle_25_30_after', 'volatility_30_60_after', 'pips_candle_5_10_after', 'volatility_60_0_before', 'volatility_20_25_after', 'previous_error_diff_deviation', 'weekday', 'pe_accurate', 'pe_worse', 'pips_candle_0_5_after', 'fe_better', 'High', 'pips_candle_min_30_60_after', 'fe_accurate', 'previous_error_diff_outlier_class', 'volatility_10_15_after', 'pips_candle_15_20_after', 'volatility_0_5_after', 'fe_worse']
2019-01-12 22:09:55,822 - INFO - Starting KNeighborsRegressor
2019-01-12 22:10:16,183 - INFO - Starting SVR - rbf
2019-01-12 22:10:30,439 - INFO - Starting DecisionTreeRegressor
2019-01-12 22:10:34,219 - INFO - Starting RandomForestRegressor
2019-01-12 22:16:50,013 - INFO - Starting XGBRegressor
2019-01-12 22:16:52,564 - INFO - Starting GradientBoostingRegressor
2019-01-12 22:16:57,131 - INFO - Starting AdaBoostRegressor
2019-01-12 22:17:00,211 - INFO - sweep done in: 11.70 min
2019-01-12 22:17:00,222 - INFO - Starting a new sweep for grid mode: basic
2019-01-12 22:17:00,222 - INFO - List of dynamic market fields: ['volatility_0_5_after', 'pips_candle_0_5_after', 'volatility_5_10_after', 'pips_candle_5_10_after', 'volatility_10_15_after', 'pips_candle_10_15_after', 'volatility_15_20_after', 'pips_candle_15_20_after', 'volatility_20_25_after', 'pips_candle_20_25_after', 'volatility_25_30_after', 'pips_candle_25_30_after', 'volatility_30_60_after', 'pips_candle_30_60_after', 'pips_candle_max_30_60_after', 'pips_candle_min_30_60_after', 'volatility_60_0_before', 'pips_agg_60_0_before', 'datetime', 'pips_candle_min_60_180_after']
2019-01-12 22:17:00,529 - INFO - X columns for the classification model: ['pips_candle_10_15_after', 'pips_agg_60_0_before', 'num_news', 'forecast_error_diff_outlier_class', 'volatility_25_30_after', 'pips_candle_20_25_after', 'pips_candle_30_60_after', 'pips_candle_max_30_60_after', 'forecast_error_diff_deviation', 'year', 'week', 'volatility_5_10_after', 'pe_better', 'new_id', 'volatility_15_20_after', 'pips_candle_25_30_after', 'volatility_30_60_after', 'pips_candle_5_10_after', 'volatility_60_0_before', 'volatility_20_25_after', 'previous_error_diff_deviation', 'weekday', 'pe_accurate', 'pe_worse', 'pips_candle_0_5_after', 'fe_better', 'High', 'pips_candle_min_30_60_after', 'fe_accurate', 'previous_error_diff_outlier_class', 'volatility_10_15_after', 'pips_candle_15_20_after', 'volatility_0_5_after', 'fe_worse']
2019-01-12 22:17:00,529 - INFO - y dependent variable: reaction_min_60_180_after
2019-01-12 22:17:00,551 - INFO - Starting KNeighborsClassifier
2019-01-12 22:17:21,234 - INFO - Starting SVC - rbf
2019-01-12 22:17:35,945 - INFO - Starting DecisionTreeClassifier
2019-01-12 22:17:39,766 - INFO - Starting RandomForestClassifier
2019-01-12 22:21:22,644 - INFO - Starting XGBClassifier
2019-01-12 22:21:25,184 - INFO - Starting GradientBoostingClassifier
2019-01-12 22:21:32,020 - INFO - Starting AdaBoostClassifier
2019-01-12 22:21:40,958 - INFO - X columns for the regression model: ['pips_candle_10_15_after', 'pips_agg_60_0_before', 'num_news', 'forecast_error_diff_outlier_class', 'volatility_25_30_after', 'pips_candle_20_25_after', 'pips_candle_30_60_after', 'pips_candle_max_30_60_after', 'forecast_error_diff_deviation', 'year', 'week', 'volatility_5_10_after', 'pe_better', 'new_id', 'volatility_15_20_after', 'pips_candle_25_30_after', 'volatility_30_60_after', 'pips_candle_5_10_after', 'volatility_60_0_before', 'volatility_20_25_after', 'previous_error_diff_deviation', 'weekday', 'pe_accurate', 'pe_worse', 'pips_candle_0_5_after', 'fe_better', 'High', 'pips_candle_min_30_60_after', 'fe_accurate', 'previous_error_diff_outlier_class', 'volatility_10_15_after', 'pips_candle_15_20_after', 'volatility_0_5_after', 'fe_worse']
2019-01-12 22:21:40,979 - INFO - Starting KNeighborsRegressor
2019-01-12 22:22:02,156 - INFO - Starting SVR - rbf
2019-01-12 22:22:16,920 - INFO - Starting DecisionTreeRegressor
2019-01-12 22:22:20,870 - INFO - Starting RandomForestRegressor
2019-01-12 22:28:52,554 - INFO - Starting XGBRegressor
2019-01-12 22:28:55,141 - INFO - Starting GradientBoostingRegressor
2019-01-12 22:29:00,232 - INFO - Starting AdaBoostRegressor
2019-01-12 22:29:09,611 - INFO - sweep done in: 12.16 min
