2019-01-11 19:23:59,716 - INFO - #########################
2019-01-11 19:23:59,716 - INFO - 
2019-01-11 19:23:59,716 - INFO - Starting a new sweep, grouping news by: ALL_NO_1_1_1
2019-01-11 19:25:13,755 - INFO - Starting a new sweep with market features: basic
2019-01-11 19:25:13,770 - INFO - Starting a new sweep, features before the publication are: included
2019-01-11 19:25:13,770 - INFO - Starting a new sweep, delay in between buying-selling is: 60_240
2019-01-11 19:25:13,770 - INFO - Starting a new sweep for grid mode: basic
2019-01-11 19:25:13,770 - INFO - List of dynamic market fields: ['volatility_0_5_after', 'pips_candle_0_5_after', 'volatility_5_10_after', 'pips_candle_5_10_after', 'volatility_10_15_after', 'pips_candle_10_15_after', 'volatility_15_20_after', 'pips_candle_15_20_after', 'volatility_20_25_after', 'pips_candle_20_25_after', 'volatility_25_30_after', 'pips_candle_25_30_after', 'volatility_30_60_after', 'pips_candle_30_60_after', 'volatility_60_0_before', 'pips_agg_60_0_before', 'datetime', 'pips_candle_max_60_240_after']
2019-01-11 19:25:16,032 - INFO - X columns for the classification model: ['volatility_15_20_after', 'volatility_25_30_after', 'fe_better', 'volatility_20_25_after', 'pe_accurate', 'forecast_error_diff_deviation', 'pips_candle_20_25_after', 'year', 'volatility_60_0_before', 'previous_error_diff_deviation', 'Low', 'fe_accurate', 'previous_error_diff_outlier_class', 'pips_candle_25_30_after', 'new_id', 'pips_candle_30_60_after', 'High', 'volatility_10_15_after', 'weekday', 'fe_worse', 'pips_candle_5_10_after', 'pips_candle_15_20_after', 'pe_better', 'pips_candle_0_5_after', 'forecast_error_diff_outlier_class', 'volatility_0_5_after', 'volatility_5_10_after', 'Medium', 'pips_candle_10_15_after', 'pips_agg_60_0_before', 'pe_worse', 'volatility_30_60_after', 'num_news', 'week']
2019-01-11 19:25:16,032 - INFO - y dependent variable: reaction_max_60_240_after
2019-01-11 19:25:16,206 - INFO - Starting KNeighborsClassifier
2019-01-11 19:32:40,391 - INFO - Starting SVC - rbf
2019-01-11 19:41:01,687 - INFO - Starting DecisionTreeClassifier
2019-01-11 19:41:37,324 - INFO - Starting RandomForestClassifier
2019-01-11 20:02:55,209 - INFO - Starting XGBClassifier
2019-01-11 20:03:18,667 - INFO - Starting GradientBoostingClassifier
2019-01-11 20:04:20,037 - INFO - Starting AdaBoostClassifier
2019-01-11 20:05:14,147 - INFO - X columns for the regression model: ['volatility_15_20_after', 'volatility_25_30_after', 'fe_better', 'volatility_20_25_after', 'pe_accurate', 'forecast_error_diff_deviation', 'pips_candle_20_25_after', 'year', 'volatility_60_0_before', 'previous_error_diff_deviation', 'Low', 'fe_accurate', 'previous_error_diff_outlier_class', 'pips_candle_25_30_after', 'new_id', 'pips_candle_30_60_after', 'High', 'volatility_10_15_after', 'weekday', 'fe_worse', 'pips_candle_5_10_after', 'pips_candle_15_20_after', 'pe_better', 'pips_candle_0_5_after', 'forecast_error_diff_outlier_class', 'volatility_0_5_after', 'volatility_5_10_after', 'Medium', 'pips_candle_10_15_after', 'pips_agg_60_0_before', 'pe_worse', 'volatility_30_60_after', 'num_news', 'week']
2019-01-11 20:05:14,292 - INFO - Starting KNeighborsRegressor
2019-01-11 20:12:37,727 - INFO - Starting SVR - rbf
2019-01-11 20:19:59,537 - INFO - Starting DecisionTreeRegressor
2019-01-11 20:20:33,524 - INFO - Starting RandomForestRegressor
2019-01-11 21:19:02,845 - INFO - Starting XGBRegressor
2019-01-11 21:19:24,839 - INFO - Starting GradientBoostingRegressor
2019-01-11 21:20:19,320 - INFO - Starting AdaBoostRegressor
2019-01-11 21:21:25,111 - INFO - sweep done in: 116.19 min
2019-01-11 21:21:25,120 - INFO - Starting a new sweep for grid mode: basic
2019-01-11 21:21:25,120 - INFO - List of dynamic market fields: ['volatility_0_5_after', 'pips_candle_0_5_after', 'volatility_5_10_after', 'pips_candle_5_10_after', 'volatility_10_15_after', 'pips_candle_10_15_after', 'volatility_15_20_after', 'pips_candle_15_20_after', 'volatility_20_25_after', 'pips_candle_20_25_after', 'volatility_25_30_after', 'pips_candle_25_30_after', 'volatility_30_60_after', 'pips_candle_30_60_after', 'volatility_60_0_before', 'pips_agg_60_0_before', 'datetime', 'pips_candle_min_60_240_after']
2019-01-11 21:21:27,171 - INFO - X columns for the classification model: ['volatility_15_20_after', 'volatility_25_30_after', 'fe_better', 'volatility_20_25_after', 'pe_accurate', 'forecast_error_diff_deviation', 'pips_candle_20_25_after', 'year', 'volatility_60_0_before', 'previous_error_diff_deviation', 'Low', 'fe_accurate', 'previous_error_diff_outlier_class', 'pips_candle_25_30_after', 'new_id', 'pips_candle_30_60_after', 'High', 'volatility_10_15_after', 'weekday', 'fe_worse', 'pips_candle_5_10_after', 'pips_candle_15_20_after', 'pe_better', 'pips_candle_0_5_after', 'forecast_error_diff_outlier_class', 'volatility_0_5_after', 'volatility_5_10_after', 'Medium', 'pips_candle_10_15_after', 'pips_agg_60_0_before', 'pe_worse', 'volatility_30_60_after', 'num_news', 'week']
2019-01-11 21:21:27,171 - INFO - y dependent variable: reaction_min_60_240_after
2019-01-11 21:21:27,395 - INFO - Starting KNeighborsClassifier
2019-01-11 21:28:41,781 - INFO - Starting SVC - rbf
2019-01-11 21:36:29,707 - INFO - Starting DecisionTreeClassifier
2019-01-11 21:37:04,346 - INFO - Starting RandomForestClassifier
2019-01-11 21:59:11,839 - INFO - Starting XGBClassifier
2019-01-11 21:59:38,949 - INFO - Starting GradientBoostingClassifier
2019-01-11 22:00:47,004 - INFO - Starting AdaBoostClassifier
2019-01-11 22:01:49,886 - INFO - X columns for the regression model: ['volatility_15_20_after', 'volatility_25_30_after', 'fe_better', 'volatility_20_25_after', 'pe_accurate', 'forecast_error_diff_deviation', 'pips_candle_20_25_after', 'year', 'volatility_60_0_before', 'previous_error_diff_deviation', 'Low', 'fe_accurate', 'previous_error_diff_outlier_class', 'pips_candle_25_30_after', 'new_id', 'pips_candle_30_60_after', 'High', 'volatility_10_15_after', 'weekday', 'fe_worse', 'pips_candle_5_10_after', 'pips_candle_15_20_after', 'pe_better', 'pips_candle_0_5_after', 'forecast_error_diff_outlier_class', 'volatility_0_5_after', 'volatility_5_10_after', 'Medium', 'pips_candle_10_15_after', 'pips_agg_60_0_before', 'pe_worse', 'volatility_30_60_after', 'num_news', 'week']
2019-01-11 22:01:50,041 - INFO - Starting KNeighborsRegressor
2019-01-11 22:09:40,455 - INFO - Starting SVR - rbf
2019-01-11 22:17:29,288 - INFO - Starting DecisionTreeRegressor
2019-01-11 22:18:03,270 - INFO - Starting RandomForestRegressor
2019-01-11 23:15:46,659 - INFO - Starting XGBRegressor
2019-01-11 23:16:07,996 - INFO - Starting GradientBoostingRegressor
2019-01-11 23:16:53,806 - INFO - Starting AdaBoostRegressor
2019-01-11 23:17:58,248 - INFO - sweep done in: 116.55 min
2019-01-11 23:17:58,251 - INFO - Starting a new sweep with market features: all
2019-01-11 23:17:58,251 - INFO - Starting a new sweep, features before the publication are: included
2019-01-11 23:17:58,251 - INFO - Starting a new sweep, delay in between buying-selling is: 60_240
2019-01-11 23:17:58,251 - INFO - Starting a new sweep for grid mode: basic
2019-01-11 23:17:58,252 - INFO - List of dynamic market fields: ['volatility_0_5_after', 'pips_candle_0_5_after', 'volatility_5_10_after', 'pips_candle_5_10_after', 'volatility_10_15_after', 'pips_candle_10_15_after', 'volatility_15_20_after', 'pips_candle_15_20_after', 'volatility_20_25_after', 'pips_candle_20_25_after', 'volatility_25_30_after', 'pips_candle_25_30_after', 'volatility_30_60_after', 'pips_candle_30_60_after', 'pips_candle_max_30_60_after', 'pips_candle_min_30_60_after', 'volatility_60_0_before', 'pips_agg_60_0_before', 'datetime', 'pips_candle_max_60_240_after']
2019-01-11 23:18:00,389 - INFO - X columns for the classification model: ['volatility_15_20_after', 'volatility_25_30_after', 'fe_better', 'volatility_20_25_after', 'pe_accurate', 'forecast_error_diff_deviation', 'pips_candle_20_25_after', 'year', 'volatility_60_0_before', 'previous_error_diff_deviation', 'Low', 'fe_accurate', 'pips_candle_min_30_60_after', 'previous_error_diff_outlier_class', 'pips_candle_25_30_after', 'new_id', 'pips_candle_30_60_after', 'High', 'volatility_10_15_after', 'weekday', 'fe_worse', 'pips_candle_5_10_after', 'pips_candle_15_20_after', 'pe_better', 'pips_candle_0_5_after', 'forecast_error_diff_outlier_class', 'volatility_0_5_after', 'volatility_5_10_after', 'Medium', 'pips_candle_10_15_after', 'pips_agg_60_0_before', 'pe_worse', 'volatility_30_60_after', 'num_news', 'pips_candle_max_30_60_after', 'week']
2019-01-11 23:18:00,389 - INFO - y dependent variable: reaction_max_60_240_after
2019-01-11 23:18:00,560 - INFO - Starting KNeighborsClassifier
2019-01-11 23:25:53,142 - INFO - Starting SVC - rbf
2019-01-11 23:34:20,600 - INFO - Starting DecisionTreeClassifier
2019-01-11 23:34:59,056 - INFO - Starting RandomForestClassifier
2019-01-11 23:58:37,376 - INFO - Starting XGBClassifier
2019-01-11 23:58:58,589 - INFO - Starting GradientBoostingClassifier
2019-01-11 23:59:50,260 - INFO - Starting AdaBoostClassifier
2019-01-12 00:00:39,752 - INFO - X columns for the regression model: ['volatility_15_20_after', 'volatility_25_30_after', 'fe_better', 'volatility_20_25_after', 'pe_accurate', 'forecast_error_diff_deviation', 'pips_candle_20_25_after', 'year', 'volatility_60_0_before', 'previous_error_diff_deviation', 'Low', 'fe_accurate', 'pips_candle_min_30_60_after', 'previous_error_diff_outlier_class', 'pips_candle_25_30_after', 'new_id', 'pips_candle_30_60_after', 'High', 'volatility_10_15_after', 'weekday', 'fe_worse', 'pips_candle_5_10_after', 'pips_candle_15_20_after', 'pe_better', 'pips_candle_0_5_after', 'forecast_error_diff_outlier_class', 'volatility_0_5_after', 'volatility_5_10_after', 'Medium', 'pips_candle_10_15_after', 'pips_agg_60_0_before', 'pe_worse', 'volatility_30_60_after', 'num_news', 'pips_candle_max_30_60_after', 'week']
2019-01-12 00:00:39,894 - INFO - Starting KNeighborsRegressor
2019-01-12 00:06:41,077 - INFO - Starting SVR - rbf
2019-01-12 00:14:02,744 - INFO - Starting DecisionTreeRegressor
2019-01-12 00:14:37,715 - INFO - Starting RandomForestRegressor
2019-01-12 01:12:39,236 - INFO - Starting XGBRegressor
2019-01-12 01:13:00,629 - INFO - Starting GradientBoostingRegressor
2019-01-12 01:13:47,152 - INFO - Starting AdaBoostRegressor
2019-01-12 01:14:41,995 - INFO - sweep done in: 116.73 min
2019-01-12 01:14:41,999 - INFO - Starting a new sweep for grid mode: basic
2019-01-12 01:14:42,013 - INFO - List of dynamic market fields: ['volatility_0_5_after', 'pips_candle_0_5_after', 'volatility_5_10_after', 'pips_candle_5_10_after', 'volatility_10_15_after', 'pips_candle_10_15_after', 'volatility_15_20_after', 'pips_candle_15_20_after', 'volatility_20_25_after', 'pips_candle_20_25_after', 'volatility_25_30_after', 'pips_candle_25_30_after', 'volatility_30_60_after', 'pips_candle_30_60_after', 'pips_candle_max_30_60_after', 'pips_candle_min_30_60_after', 'volatility_60_0_before', 'pips_agg_60_0_before', 'datetime', 'pips_candle_min_60_240_after']
2019-01-12 01:14:43,918 - INFO - X columns for the classification model: ['volatility_15_20_after', 'volatility_25_30_after', 'fe_better', 'volatility_20_25_after', 'pe_accurate', 'forecast_error_diff_deviation', 'pips_candle_20_25_after', 'year', 'volatility_60_0_before', 'previous_error_diff_deviation', 'Low', 'fe_accurate', 'pips_candle_min_30_60_after', 'previous_error_diff_outlier_class', 'pips_candle_25_30_after', 'new_id', 'pips_candle_30_60_after', 'High', 'volatility_10_15_after', 'weekday', 'fe_worse', 'pips_candle_5_10_after', 'pips_candle_15_20_after', 'pe_better', 'pips_candle_0_5_after', 'forecast_error_diff_outlier_class', 'volatility_0_5_after', 'volatility_5_10_after', 'Medium', 'pips_candle_10_15_after', 'pips_agg_60_0_before', 'pe_worse', 'volatility_30_60_after', 'num_news', 'pips_candle_max_30_60_after', 'week']
2019-01-12 01:14:43,918 - INFO - y dependent variable: reaction_min_60_240_after
2019-01-12 01:14:44,119 - INFO - Starting KNeighborsClassifier
2019-01-12 01:21:55,620 - INFO - Starting SVC - rbf
2019-01-12 01:30:09,450 - INFO - Starting DecisionTreeClassifier
2019-01-12 01:30:48,143 - INFO - Starting RandomForestClassifier
2019-01-12 01:53:04,729 - INFO - Starting XGBClassifier
2019-01-12 01:53:26,696 - INFO - Starting GradientBoostingClassifier
2019-01-12 01:54:19,941 - INFO - Starting AdaBoostClassifier
2019-01-12 01:55:11,659 - INFO - X columns for the regression model: ['volatility_15_20_after', 'volatility_25_30_after', 'fe_better', 'volatility_20_25_after', 'pe_accurate', 'forecast_error_diff_deviation', 'pips_candle_20_25_after', 'year', 'volatility_60_0_before', 'previous_error_diff_deviation', 'Low', 'fe_accurate', 'pips_candle_min_30_60_after', 'previous_error_diff_outlier_class', 'pips_candle_25_30_after', 'new_id', 'pips_candle_30_60_after', 'High', 'volatility_10_15_after', 'weekday', 'fe_worse', 'pips_candle_5_10_after', 'pips_candle_15_20_after', 'pe_better', 'pips_candle_0_5_after', 'forecast_error_diff_outlier_class', 'volatility_0_5_after', 'volatility_5_10_after', 'Medium', 'pips_candle_10_15_after', 'pips_agg_60_0_before', 'pe_worse', 'volatility_30_60_after', 'num_news', 'pips_candle_max_30_60_after', 'week']
2019-01-12 01:55:11,820 - INFO - Starting KNeighborsRegressor
2019-01-12 02:01:37,835 - INFO - Starting SVR - rbf
2019-01-12 02:08:48,992 - INFO - Starting DecisionTreeRegressor
2019-01-12 02:09:24,046 - INFO - Starting RandomForestRegressor
2019-01-12 03:07:37,681 - INFO - Starting XGBRegressor
2019-01-12 03:08:00,248 - INFO - Starting GradientBoostingRegressor
2019-01-12 03:08:50,122 - INFO - Starting AdaBoostRegressor
2019-01-12 03:10:14,718 - INFO - sweep done in: 115.55 min
2019-01-12 03:10:14,722 - INFO - #########################
2019-01-12 03:10:14,723 - INFO - 
2019-01-12 03:10:14,723 - INFO - Starting a new sweep, grouping news by: ALL_NO_3_2_1
2019-01-12 03:11:29,905 - INFO - Starting a new sweep with market features: basic
2019-01-12 03:11:29,905 - INFO - Starting a new sweep, features before the publication are: included
2019-01-12 03:11:29,905 - INFO - Starting a new sweep, delay in between buying-selling is: 60_240
2019-01-12 03:11:29,906 - INFO - Starting a new sweep for grid mode: basic
2019-01-12 03:11:29,906 - INFO - List of dynamic market fields: ['volatility_0_5_after', 'pips_candle_0_5_after', 'volatility_5_10_after', 'pips_candle_5_10_after', 'volatility_10_15_after', 'pips_candle_10_15_after', 'volatility_15_20_after', 'pips_candle_15_20_after', 'volatility_20_25_after', 'pips_candle_20_25_after', 'volatility_25_30_after', 'pips_candle_25_30_after', 'volatility_30_60_after', 'pips_candle_30_60_after', 'volatility_60_0_before', 'pips_agg_60_0_before', 'datetime', 'pips_candle_max_60_240_after']
2019-01-12 03:11:31,788 - INFO - X columns for the classification model: ['volatility_15_20_after', 'volatility_25_30_after', 'fe_better', 'volatility_20_25_after', 'pe_accurate', 'forecast_error_diff_deviation', 'pips_candle_20_25_after', 'year', 'volatility_60_0_before', 'previous_error_diff_deviation', 'Low', 'fe_accurate', 'previous_error_diff_outlier_class', 'pips_candle_25_30_after', 'new_id', 'pips_candle_30_60_after', 'High', 'volatility_10_15_after', 'weekday', 'fe_worse', 'pips_candle_5_10_after', 'pips_candle_15_20_after', 'pe_better', 'pips_candle_0_5_after', 'forecast_error_diff_outlier_class', 'volatility_0_5_after', 'volatility_5_10_after', 'Medium', 'pips_candle_10_15_after', 'pips_agg_60_0_before', 'pe_worse', 'volatility_30_60_after', 'num_news', 'week']
2019-01-12 03:11:31,788 - INFO - y dependent variable: reaction_max_60_240_after
2019-01-12 03:11:31,952 - INFO - Starting KNeighborsClassifier
2019-01-12 03:18:32,543 - INFO - Starting SVC - rbf
2019-01-12 03:26:08,857 - INFO - Starting DecisionTreeClassifier
2019-01-12 03:26:43,282 - INFO - Starting RandomForestClassifier
2019-01-12 03:47:27,621 - INFO - Starting XGBClassifier
2019-01-12 03:47:48,468 - INFO - Starting GradientBoostingClassifier
2019-01-12 03:48:38,990 - INFO - Starting AdaBoostClassifier
2019-01-12 03:49:30,761 - INFO - X columns for the regression model: ['volatility_15_20_after', 'volatility_25_30_after', 'fe_better', 'volatility_20_25_after', 'pe_accurate', 'forecast_error_diff_deviation', 'pips_candle_20_25_after', 'year', 'volatility_60_0_before', 'previous_error_diff_deviation', 'Low', 'fe_accurate', 'previous_error_diff_outlier_class', 'pips_candle_25_30_after', 'new_id', 'pips_candle_30_60_after', 'High', 'volatility_10_15_after', 'weekday', 'fe_worse', 'pips_candle_5_10_after', 'pips_candle_15_20_after', 'pe_better', 'pips_candle_0_5_after', 'forecast_error_diff_outlier_class', 'volatility_0_5_after', 'volatility_5_10_after', 'Medium', 'pips_candle_10_15_after', 'pips_agg_60_0_before', 'pe_worse', 'volatility_30_60_after', 'num_news', 'week']
2019-01-12 03:49:30,892 - INFO - Starting KNeighborsRegressor
2019-01-12 03:55:29,623 - INFO - Starting SVR - rbf
2019-01-12 04:02:24,916 - INFO - Starting DecisionTreeRegressor
2019-01-12 04:02:58,585 - INFO - Starting RandomForestRegressor
2019-01-12 05:00:36,519 - INFO - Starting XGBRegressor
2019-01-12 05:00:57,085 - INFO - Starting GradientBoostingRegressor
2019-01-12 05:01:42,449 - INFO - Starting AdaBoostRegressor
2019-01-12 05:02:48,211 - INFO - sweep done in: 111.31 min
2019-01-12 05:02:48,214 - INFO - Starting a new sweep for grid mode: basic
2019-01-12 05:02:48,215 - INFO - List of dynamic market fields: ['volatility_0_5_after', 'pips_candle_0_5_after', 'volatility_5_10_after', 'pips_candle_5_10_after', 'volatility_10_15_after', 'pips_candle_10_15_after', 'volatility_15_20_after', 'pips_candle_15_20_after', 'volatility_20_25_after', 'pips_candle_20_25_after', 'volatility_25_30_after', 'pips_candle_25_30_after', 'volatility_30_60_after', 'pips_candle_30_60_after', 'volatility_60_0_before', 'pips_agg_60_0_before', 'datetime', 'pips_candle_min_60_240_after']
2019-01-12 05:02:50,129 - INFO - X columns for the classification model: ['volatility_15_20_after', 'volatility_25_30_after', 'fe_better', 'volatility_20_25_after', 'pe_accurate', 'forecast_error_diff_deviation', 'pips_candle_20_25_after', 'year', 'volatility_60_0_before', 'previous_error_diff_deviation', 'Low', 'fe_accurate', 'previous_error_diff_outlier_class', 'pips_candle_25_30_after', 'new_id', 'pips_candle_30_60_after', 'High', 'volatility_10_15_after', 'weekday', 'fe_worse', 'pips_candle_5_10_after', 'pips_candle_15_20_after', 'pe_better', 'pips_candle_0_5_after', 'forecast_error_diff_outlier_class', 'volatility_0_5_after', 'volatility_5_10_after', 'Medium', 'pips_candle_10_15_after', 'pips_agg_60_0_before', 'pe_worse', 'volatility_30_60_after', 'num_news', 'week']
2019-01-12 05:02:50,150 - INFO - y dependent variable: reaction_min_60_240_after
2019-01-12 05:02:50,293 - INFO - Starting KNeighborsClassifier
2019-01-12 05:09:09,233 - INFO - Starting SVC - rbf
2019-01-12 05:16:36,427 - INFO - Starting DecisionTreeClassifier
2019-01-12 05:17:10,999 - INFO - Starting RandomForestClassifier
2019-01-12 05:37:43,849 - INFO - Starting XGBClassifier
2019-01-12 05:38:04,692 - INFO - Starting GradientBoostingClassifier
2019-01-12 05:38:55,493 - INFO - Starting AdaBoostClassifier
2019-01-12 05:39:45,593 - INFO - X columns for the regression model: ['volatility_15_20_after', 'volatility_25_30_after', 'fe_better', 'volatility_20_25_after', 'pe_accurate', 'forecast_error_diff_deviation', 'pips_candle_20_25_after', 'year', 'volatility_60_0_before', 'previous_error_diff_deviation', 'Low', 'fe_accurate', 'previous_error_diff_outlier_class', 'pips_candle_25_30_after', 'new_id', 'pips_candle_30_60_after', 'High', 'volatility_10_15_after', 'weekday', 'fe_worse', 'pips_candle_5_10_after', 'pips_candle_15_20_after', 'pe_better', 'pips_candle_0_5_after', 'forecast_error_diff_outlier_class', 'volatility_0_5_after', 'volatility_5_10_after', 'Medium', 'pips_candle_10_15_after', 'pips_agg_60_0_before', 'pe_worse', 'volatility_30_60_after', 'num_news', 'week']
2019-01-12 05:39:45,725 - INFO - Starting KNeighborsRegressor
2019-01-12 05:45:48,723 - INFO - Starting SVR - rbf
2019-01-12 05:52:46,526 - INFO - Starting DecisionTreeRegressor
2019-01-12 05:53:21,596 - INFO - Starting RandomForestRegressor
2019-01-12 06:50:41,785 - INFO - Starting XGBRegressor
2019-01-12 06:51:02,224 - INFO - Starting GradientBoostingRegressor
2019-01-12 06:51:47,211 - INFO - Starting AdaBoostRegressor
2019-01-12 06:52:46,011 - INFO - sweep done in: 109.96 min
2019-01-12 06:52:46,033 - INFO - Starting a new sweep with market features: all
2019-01-12 06:52:46,034 - INFO - Starting a new sweep, features before the publication are: included
2019-01-12 06:52:46,034 - INFO - Starting a new sweep, delay in between buying-selling is: 60_240
2019-01-12 06:52:46,034 - INFO - Starting a new sweep for grid mode: basic
2019-01-12 06:52:46,034 - INFO - List of dynamic market fields: ['volatility_0_5_after', 'pips_candle_0_5_after', 'volatility_5_10_after', 'pips_candle_5_10_after', 'volatility_10_15_after', 'pips_candle_10_15_after', 'volatility_15_20_after', 'pips_candle_15_20_after', 'volatility_20_25_after', 'pips_candle_20_25_after', 'volatility_25_30_after', 'pips_candle_25_30_after', 'volatility_30_60_after', 'pips_candle_30_60_after', 'pips_candle_max_30_60_after', 'pips_candle_min_30_60_after', 'volatility_60_0_before', 'pips_agg_60_0_before', 'datetime', 'pips_candle_max_60_240_after']
2019-01-12 06:52:48,073 - INFO - X columns for the classification model: ['volatility_15_20_after', 'volatility_25_30_after', 'fe_better', 'volatility_20_25_after', 'pe_accurate', 'forecast_error_diff_deviation', 'pips_candle_20_25_after', 'year', 'volatility_60_0_before', 'previous_error_diff_deviation', 'Low', 'fe_accurate', 'pips_candle_min_30_60_after', 'previous_error_diff_outlier_class', 'pips_candle_25_30_after', 'new_id', 'pips_candle_30_60_after', 'High', 'volatility_10_15_after', 'weekday', 'fe_worse', 'pips_candle_5_10_after', 'pips_candle_15_20_after', 'pe_better', 'pips_candle_0_5_after', 'forecast_error_diff_outlier_class', 'volatility_0_5_after', 'volatility_5_10_after', 'Medium', 'pips_candle_10_15_after', 'pips_agg_60_0_before', 'pe_worse', 'volatility_30_60_after', 'num_news', 'pips_candle_max_30_60_after', 'week']
2019-01-12 06:52:48,073 - INFO - y dependent variable: reaction_max_60_240_after
2019-01-12 06:52:48,263 - INFO - Starting KNeighborsClassifier
2019-01-12 06:59:18,072 - INFO - Starting SVC - rbf
2019-01-12 07:07:04,727 - INFO - Starting DecisionTreeClassifier
2019-01-12 07:07:41,245 - INFO - Starting RandomForestClassifier
2019-01-12 07:30:00,200 - INFO - Starting XGBClassifier
2019-01-12 07:30:22,105 - INFO - Starting GradientBoostingClassifier
2019-01-12 07:31:20,873 - INFO - Starting AdaBoostClassifier
2019-01-12 07:32:15,786 - INFO - X columns for the regression model: ['volatility_15_20_after', 'volatility_25_30_after', 'fe_better', 'volatility_20_25_after', 'pe_accurate', 'forecast_error_diff_deviation', 'pips_candle_20_25_after', 'year', 'volatility_60_0_before', 'previous_error_diff_deviation', 'Low', 'fe_accurate', 'pips_candle_min_30_60_after', 'previous_error_diff_outlier_class', 'pips_candle_25_30_after', 'new_id', 'pips_candle_30_60_after', 'High', 'volatility_10_15_after', 'weekday', 'fe_worse', 'pips_candle_5_10_after', 'pips_candle_15_20_after', 'pe_better', 'pips_candle_0_5_after', 'forecast_error_diff_outlier_class', 'volatility_0_5_after', 'volatility_5_10_after', 'Medium', 'pips_candle_10_15_after', 'pips_agg_60_0_before', 'pe_worse', 'volatility_30_60_after', 'num_news', 'pips_candle_max_30_60_after', 'week']
2019-01-12 07:32:15,927 - INFO - Starting KNeighborsRegressor
2019-01-12 07:39:28,854 - INFO - Starting SVR - rbf
2019-01-12 07:47:00,166 - INFO - Starting DecisionTreeRegressor
2019-01-12 07:47:37,321 - INFO - Starting RandomForestRegressor
2019-01-12 08:48:01,943 - INFO - Starting XGBRegressor
2019-01-12 08:48:23,886 - INFO - Starting GradientBoostingRegressor
2019-01-12 08:49:13,125 - INFO - Starting AdaBoostRegressor
2019-01-12 08:50:27,212 - INFO - sweep done in: 117.69 min
2019-01-12 08:50:27,243 - INFO - Starting a new sweep for grid mode: basic
2019-01-12 08:50:27,243 - INFO - List of dynamic market fields: ['volatility_0_5_after', 'pips_candle_0_5_after', 'volatility_5_10_after', 'pips_candle_5_10_after', 'volatility_10_15_after', 'pips_candle_10_15_after', 'volatility_15_20_after', 'pips_candle_15_20_after', 'volatility_20_25_after', 'pips_candle_20_25_after', 'volatility_25_30_after', 'pips_candle_25_30_after', 'volatility_30_60_after', 'pips_candle_30_60_after', 'pips_candle_max_30_60_after', 'pips_candle_min_30_60_after', 'volatility_60_0_before', 'pips_agg_60_0_before', 'datetime', 'pips_candle_min_60_240_after']
2019-01-12 08:50:29,291 - INFO - X columns for the classification model: ['volatility_15_20_after', 'volatility_25_30_after', 'fe_better', 'volatility_20_25_after', 'pe_accurate', 'forecast_error_diff_deviation', 'pips_candle_20_25_after', 'year', 'volatility_60_0_before', 'previous_error_diff_deviation', 'Low', 'fe_accurate', 'pips_candle_min_30_60_after', 'previous_error_diff_outlier_class', 'pips_candle_25_30_after', 'new_id', 'pips_candle_30_60_after', 'High', 'volatility_10_15_after', 'weekday', 'fe_worse', 'pips_candle_5_10_after', 'pips_candle_15_20_after', 'pe_better', 'pips_candle_0_5_after', 'forecast_error_diff_outlier_class', 'volatility_0_5_after', 'volatility_5_10_after', 'Medium', 'pips_candle_10_15_after', 'pips_agg_60_0_before', 'pe_worse', 'volatility_30_60_after', 'num_news', 'pips_candle_max_30_60_after', 'week']
2019-01-12 08:50:29,292 - INFO - y dependent variable: reaction_min_60_240_after
2019-01-12 08:50:29,440 - INFO - Starting KNeighborsClassifier
2019-01-12 08:57:09,619 - INFO - Starting SVC - rbf
2019-01-12 09:04:38,087 - INFO - Starting DecisionTreeClassifier
2019-01-12 09:05:14,635 - INFO - Starting RandomForestClassifier
2019-01-12 09:29:20,021 - INFO - Starting XGBClassifier
2019-01-12 09:29:44,273 - INFO - Starting GradientBoostingClassifier
2019-01-12 09:30:44,636 - INFO - Starting AdaBoostClassifier
2019-01-12 09:31:43,450 - INFO - X columns for the regression model: ['volatility_15_20_after', 'volatility_25_30_after', 'fe_better', 'volatility_20_25_after', 'pe_accurate', 'forecast_error_diff_deviation', 'pips_candle_20_25_after', 'year', 'volatility_60_0_before', 'previous_error_diff_deviation', 'Low', 'fe_accurate', 'pips_candle_min_30_60_after', 'previous_error_diff_outlier_class', 'pips_candle_25_30_after', 'new_id', 'pips_candle_30_60_after', 'High', 'volatility_10_15_after', 'weekday', 'fe_worse', 'pips_candle_5_10_after', 'pips_candle_15_20_after', 'pe_better', 'pips_candle_0_5_after', 'forecast_error_diff_outlier_class', 'volatility_0_5_after', 'volatility_5_10_after', 'Medium', 'pips_candle_10_15_after', 'pips_agg_60_0_before', 'pe_worse', 'volatility_30_60_after', 'num_news', 'pips_candle_max_30_60_after', 'week']
2019-01-12 09:31:43,735 - INFO - Starting KNeighborsRegressor
2019-01-12 09:40:13,690 - INFO - Starting SVR - rbf
2019-01-12 09:48:04,191 - INFO - Starting DecisionTreeRegressor
2019-01-12 09:48:41,357 - INFO - Starting RandomForestRegressor
2019-01-12 10:53:39,313 - INFO - Starting XGBRegressor
2019-01-12 10:54:01,915 - INFO - Starting GradientBoostingRegressor
2019-01-12 10:54:52,160 - INFO - Starting AdaBoostRegressor
2019-01-12 10:55:56,027 - INFO - sweep done in: 125.48 min
2019-01-12 10:55:56,033 - INFO - #########################
2019-01-12 10:55:56,033 - INFO - 
2019-01-12 10:55:56,033 - INFO - Starting a new sweep, grouping news by: ALL_YES_1_1_1
2019-01-12 10:57:11,555 - INFO - Starting a new sweep with market features: basic
2019-01-12 10:57:11,555 - INFO - Starting a new sweep, features before the publication are: included
2019-01-12 10:57:11,555 - INFO - Starting a new sweep, delay in between buying-selling is: 60_240
2019-01-12 10:57:11,555 - INFO - Starting a new sweep for grid mode: basic
2019-01-12 10:57:11,556 - INFO - List of dynamic market fields: ['volatility_0_5_after', 'pips_candle_0_5_after', 'volatility_5_10_after', 'pips_candle_5_10_after', 'volatility_10_15_after', 'pips_candle_10_15_after', 'volatility_15_20_after', 'pips_candle_15_20_after', 'volatility_20_25_after', 'pips_candle_20_25_after', 'volatility_25_30_after', 'pips_candle_25_30_after', 'volatility_30_60_after', 'pips_candle_30_60_after', 'volatility_60_0_before', 'pips_agg_60_0_before', 'datetime', 'pips_candle_max_60_240_after']
2019-01-12 10:57:13,040 - INFO - X columns for the classification model: ['volatility_15_20_after', 'volatility_25_30_after', 'fe_better', 'volatility_20_25_after', 'pe_accurate', 'forecast_error_diff_deviation', 'pips_candle_20_25_after', 'year', 'volatility_60_0_before', 'previous_error_diff_deviation', 'Low', 'fe_accurate', 'previous_error_diff_outlier_class', 'pips_candle_25_30_after', 'new_id', 'pips_candle_30_60_after', 'High', 'volatility_10_15_after', 'weekday', 'fe_worse', 'pips_candle_5_10_after', 'pips_candle_15_20_after', 'pe_better', 'pips_candle_0_5_after', 'forecast_error_diff_outlier_class', 'volatility_0_5_after', 'volatility_5_10_after', 'Medium', 'pips_candle_10_15_after', 'pips_agg_60_0_before', 'pe_worse', 'volatility_30_60_after', 'num_news', 'week']
2019-01-12 10:57:13,041 - INFO - y dependent variable: reaction_max_60_240_after
2019-01-12 10:57:13,168 - INFO - Starting KNeighborsClassifier
2019-01-12 11:02:12,023 - INFO - Starting SVC - rbf
2019-01-12 11:06:04,111 - INFO - Starting DecisionTreeClassifier
2019-01-12 11:06:28,840 - INFO - Starting RandomForestClassifier
2019-01-12 11:23:10,028 - INFO - Starting XGBClassifier
2019-01-12 11:23:25,703 - INFO - Starting GradientBoostingClassifier
2019-01-12 11:24:01,869 - INFO - Starting AdaBoostClassifier
2019-01-12 11:24:41,862 - INFO - X columns for the regression model: ['volatility_15_20_after', 'volatility_25_30_after', 'fe_better', 'volatility_20_25_after', 'pe_accurate', 'forecast_error_diff_deviation', 'pips_candle_20_25_after', 'year', 'volatility_60_0_before', 'previous_error_diff_deviation', 'Low', 'fe_accurate', 'previous_error_diff_outlier_class', 'pips_candle_25_30_after', 'new_id', 'pips_candle_30_60_after', 'High', 'volatility_10_15_after', 'weekday', 'fe_worse', 'pips_candle_5_10_after', 'pips_candle_15_20_after', 'pe_better', 'pips_candle_0_5_after', 'forecast_error_diff_outlier_class', 'volatility_0_5_after', 'volatility_5_10_after', 'Medium', 'pips_candle_10_15_after', 'pips_agg_60_0_before', 'pe_worse', 'volatility_30_60_after', 'num_news', 'week']
2019-01-12 11:24:41,978 - INFO - Starting KNeighborsRegressor
2019-01-12 11:29:16,390 - INFO - Starting SVR - rbf
2019-01-12 11:32:41,981 - INFO - Starting DecisionTreeRegressor
2019-01-12 11:33:04,652 - INFO - Starting RandomForestRegressor
2019-01-12 12:09:58,875 - INFO - Starting XGBRegressor
2019-01-12 12:10:13,902 - INFO - Starting GradientBoostingRegressor
2019-01-12 12:10:43,262 - INFO - Starting AdaBoostRegressor
2019-01-12 12:11:11,620 - INFO - sweep done in: 74.00 min
2019-01-12 12:11:11,626 - INFO - Starting a new sweep for grid mode: basic
2019-01-12 12:11:11,626 - INFO - List of dynamic market fields: ['volatility_0_5_after', 'pips_candle_0_5_after', 'volatility_5_10_after', 'pips_candle_5_10_after', 'volatility_10_15_after', 'pips_candle_10_15_after', 'volatility_15_20_after', 'pips_candle_15_20_after', 'volatility_20_25_after', 'pips_candle_20_25_after', 'volatility_25_30_after', 'pips_candle_25_30_after', 'volatility_30_60_after', 'pips_candle_30_60_after', 'volatility_60_0_before', 'pips_agg_60_0_before', 'datetime', 'pips_candle_min_60_240_after']
2019-01-12 12:11:13,169 - INFO - X columns for the classification model: ['volatility_15_20_after', 'volatility_25_30_after', 'fe_better', 'volatility_20_25_after', 'pe_accurate', 'forecast_error_diff_deviation', 'pips_candle_20_25_after', 'year', 'volatility_60_0_before', 'previous_error_diff_deviation', 'Low', 'fe_accurate', 'previous_error_diff_outlier_class', 'pips_candle_25_30_after', 'new_id', 'pips_candle_30_60_after', 'High', 'volatility_10_15_after', 'weekday', 'fe_worse', 'pips_candle_5_10_after', 'pips_candle_15_20_after', 'pe_better', 'pips_candle_0_5_after', 'forecast_error_diff_outlier_class', 'volatility_0_5_after', 'volatility_5_10_after', 'Medium', 'pips_candle_10_15_after', 'pips_agg_60_0_before', 'pe_worse', 'volatility_30_60_after', 'num_news', 'week']
2019-01-12 12:11:13,169 - INFO - y dependent variable: reaction_min_60_240_after
2019-01-12 12:11:13,283 - INFO - Starting KNeighborsClassifier
2019-01-12 12:16:16,557 - INFO - Starting SVC - rbf
2019-01-12 12:20:10,813 - INFO - Starting DecisionTreeClassifier
2019-01-12 12:20:34,536 - INFO - Starting RandomForestClassifier
2019-01-12 12:35:11,561 - INFO - Starting XGBClassifier
2019-01-12 12:35:24,972 - INFO - Starting GradientBoostingClassifier
2019-01-12 12:35:55,146 - INFO - Starting AdaBoostClassifier
2019-01-12 12:36:28,490 - INFO - X columns for the regression model: ['volatility_15_20_after', 'volatility_25_30_after', 'fe_better', 'volatility_20_25_after', 'pe_accurate', 'forecast_error_diff_deviation', 'pips_candle_20_25_after', 'year', 'volatility_60_0_before', 'previous_error_diff_deviation', 'Low', 'fe_accurate', 'previous_error_diff_outlier_class', 'pips_candle_25_30_after', 'new_id', 'pips_candle_30_60_after', 'High', 'volatility_10_15_after', 'weekday', 'fe_worse', 'pips_candle_5_10_after', 'pips_candle_15_20_after', 'pe_better', 'pips_candle_0_5_after', 'forecast_error_diff_outlier_class', 'volatility_0_5_after', 'volatility_5_10_after', 'Medium', 'pips_candle_10_15_after', 'pips_agg_60_0_before', 'pe_worse', 'volatility_30_60_after', 'num_news', 'week']
2019-01-12 12:36:28,577 - INFO - Starting KNeighborsRegressor
2019-01-12 12:40:28,505 - INFO - Starting SVR - rbf
2019-01-12 12:43:33,574 - INFO - Starting DecisionTreeRegressor
2019-01-12 12:43:53,827 - INFO - Starting RandomForestRegressor
2019-01-12 13:16:43,895 - INFO - Starting XGBRegressor
2019-01-12 13:16:57,610 - INFO - Starting GradientBoostingRegressor
2019-01-12 13:17:25,021 - INFO - Starting AdaBoostRegressor
2019-01-12 13:17:56,631 - INFO - sweep done in: 66.75 min
2019-01-12 13:17:56,639 - INFO - Starting a new sweep with market features: all
2019-01-12 13:17:56,639 - INFO - Starting a new sweep, features before the publication are: included
2019-01-12 13:17:56,639 - INFO - Starting a new sweep, delay in between buying-selling is: 60_240
2019-01-12 13:17:56,650 - INFO - Starting a new sweep for grid mode: basic
2019-01-12 13:17:56,650 - INFO - List of dynamic market fields: ['volatility_0_5_after', 'pips_candle_0_5_after', 'volatility_5_10_after', 'pips_candle_5_10_after', 'volatility_10_15_after', 'pips_candle_10_15_after', 'volatility_15_20_after', 'pips_candle_15_20_after', 'volatility_20_25_after', 'pips_candle_20_25_after', 'volatility_25_30_after', 'pips_candle_25_30_after', 'volatility_30_60_after', 'pips_candle_30_60_after', 'pips_candle_max_30_60_after', 'pips_candle_min_30_60_after', 'volatility_60_0_before', 'pips_agg_60_0_before', 'datetime', 'pips_candle_max_60_240_after']
2019-01-12 13:17:57,981 - INFO - X columns for the classification model: ['volatility_15_20_after', 'volatility_25_30_after', 'fe_better', 'volatility_20_25_after', 'pe_accurate', 'forecast_error_diff_deviation', 'pips_candle_20_25_after', 'year', 'volatility_60_0_before', 'previous_error_diff_deviation', 'Low', 'fe_accurate', 'pips_candle_min_30_60_after', 'previous_error_diff_outlier_class', 'pips_candle_25_30_after', 'new_id', 'pips_candle_30_60_after', 'High', 'volatility_10_15_after', 'weekday', 'fe_worse', 'pips_candle_5_10_after', 'pips_candle_15_20_after', 'pe_better', 'pips_candle_0_5_after', 'forecast_error_diff_outlier_class', 'volatility_0_5_after', 'volatility_5_10_after', 'Medium', 'pips_candle_10_15_after', 'pips_agg_60_0_before', 'pe_worse', 'volatility_30_60_after', 'num_news', 'pips_candle_max_30_60_after', 'week']
2019-01-12 13:17:57,981 - INFO - y dependent variable: reaction_max_60_240_after
2019-01-12 13:17:58,175 - INFO - Starting KNeighborsClassifier
2019-01-12 13:23:12,436 - INFO - Starting SVC - rbf
2019-01-12 13:26:33,395 - INFO - Starting DecisionTreeClassifier
2019-01-12 13:26:55,555 - INFO - Starting RandomForestClassifier
2019-01-12 13:42:01,647 - INFO - Starting XGBClassifier
2019-01-12 13:42:15,028 - INFO - Starting GradientBoostingClassifier
2019-01-12 13:42:46,743 - INFO - Starting AdaBoostClassifier
2019-01-12 13:43:21,766 - INFO - X columns for the regression model: ['volatility_15_20_after', 'volatility_25_30_after', 'fe_better', 'volatility_20_25_after', 'pe_accurate', 'forecast_error_diff_deviation', 'pips_candle_20_25_after', 'year', 'volatility_60_0_before', 'previous_error_diff_deviation', 'Low', 'fe_accurate', 'pips_candle_min_30_60_after', 'previous_error_diff_outlier_class', 'pips_candle_25_30_after', 'new_id', 'pips_candle_30_60_after', 'High', 'volatility_10_15_after', 'weekday', 'fe_worse', 'pips_candle_5_10_after', 'pips_candle_15_20_after', 'pe_better', 'pips_candle_0_5_after', 'forecast_error_diff_outlier_class', 'volatility_0_5_after', 'volatility_5_10_after', 'Medium', 'pips_candle_10_15_after', 'pips_agg_60_0_before', 'pe_worse', 'volatility_30_60_after', 'num_news', 'pips_candle_max_30_60_after', 'week']
2019-01-12 13:43:21,876 - INFO - Starting KNeighborsRegressor
2019-01-12 13:47:48,042 - INFO - Starting SVR - rbf
2019-01-12 13:50:58,648 - INFO - Starting DecisionTreeRegressor
2019-01-12 13:51:20,474 - INFO - Starting RandomForestRegressor
2019-01-12 14:26:10,024 - INFO - Starting XGBRegressor
2019-01-12 14:26:24,371 - INFO - Starting GradientBoostingRegressor
2019-01-12 14:26:52,468 - INFO - Starting AdaBoostRegressor
2019-01-12 14:27:25,218 - INFO - sweep done in: 69.48 min
2019-01-12 14:27:25,226 - INFO - Starting a new sweep for grid mode: basic
2019-01-12 14:27:25,251 - INFO - List of dynamic market fields: ['volatility_0_5_after', 'pips_candle_0_5_after', 'volatility_5_10_after', 'pips_candle_5_10_after', 'volatility_10_15_after', 'pips_candle_10_15_after', 'volatility_15_20_after', 'pips_candle_15_20_after', 'volatility_20_25_after', 'pips_candle_20_25_after', 'volatility_25_30_after', 'pips_candle_25_30_after', 'volatility_30_60_after', 'pips_candle_30_60_after', 'pips_candle_max_30_60_after', 'pips_candle_min_30_60_after', 'volatility_60_0_before', 'pips_agg_60_0_before', 'datetime', 'pips_candle_min_60_240_after']
2019-01-12 14:27:26,709 - INFO - X columns for the classification model: ['volatility_15_20_after', 'volatility_25_30_after', 'fe_better', 'volatility_20_25_after', 'pe_accurate', 'forecast_error_diff_deviation', 'pips_candle_20_25_after', 'year', 'volatility_60_0_before', 'previous_error_diff_deviation', 'Low', 'fe_accurate', 'pips_candle_min_30_60_after', 'previous_error_diff_outlier_class', 'pips_candle_25_30_after', 'new_id', 'pips_candle_30_60_after', 'High', 'volatility_10_15_after', 'weekday', 'fe_worse', 'pips_candle_5_10_after', 'pips_candle_15_20_after', 'pe_better', 'pips_candle_0_5_after', 'forecast_error_diff_outlier_class', 'volatility_0_5_after', 'volatility_5_10_after', 'Medium', 'pips_candle_10_15_after', 'pips_agg_60_0_before', 'pe_worse', 'volatility_30_60_after', 'num_news', 'pips_candle_max_30_60_after', 'week']
2019-01-12 14:27:26,710 - INFO - y dependent variable: reaction_min_60_240_after
2019-01-12 14:27:26,868 - INFO - Starting KNeighborsClassifier
2019-01-12 14:31:51,833 - INFO - Starting SVC - rbf
2019-01-12 14:35:16,750 - INFO - Starting DecisionTreeClassifier
2019-01-12 14:35:36,186 - INFO - Starting RandomForestClassifier
2019-01-12 14:48:40,121 - INFO - Starting XGBClassifier
2019-01-12 14:48:51,831 - INFO - Starting GradientBoostingClassifier
2019-01-12 14:49:19,718 - INFO - Starting AdaBoostClassifier
2019-01-12 14:49:50,447 - INFO - X columns for the regression model: ['volatility_15_20_after', 'volatility_25_30_after', 'fe_better', 'volatility_20_25_after', 'pe_accurate', 'forecast_error_diff_deviation', 'pips_candle_20_25_after', 'year', 'volatility_60_0_before', 'previous_error_diff_deviation', 'Low', 'fe_accurate', 'pips_candle_min_30_60_after', 'previous_error_diff_outlier_class', 'pips_candle_25_30_after', 'new_id', 'pips_candle_30_60_after', 'High', 'volatility_10_15_after', 'weekday', 'fe_worse', 'pips_candle_5_10_after', 'pips_candle_15_20_after', 'pe_better', 'pips_candle_0_5_after', 'forecast_error_diff_outlier_class', 'volatility_0_5_after', 'volatility_5_10_after', 'Medium', 'pips_candle_10_15_after', 'pips_agg_60_0_before', 'pe_worse', 'volatility_30_60_after', 'num_news', 'pips_candle_max_30_60_after', 'week']
2019-01-12 14:49:50,539 - INFO - Starting KNeighborsRegressor
2019-01-12 14:54:05,045 - INFO - Starting SVR - rbf
2019-01-12 14:56:59,546 - INFO - Starting DecisionTreeRegressor
2019-01-12 14:57:18,987 - INFO - Starting RandomForestRegressor
2019-01-12 15:27:45,484 - INFO - Starting XGBRegressor
2019-01-12 15:27:57,879 - INFO - Starting GradientBoostingRegressor
2019-01-12 15:28:22,187 - INFO - Starting AdaBoostRegressor
2019-01-12 15:28:47,630 - INFO - sweep done in: 61.37 min
2019-01-12 15:28:47,647 - INFO - #########################
2019-01-12 15:28:47,647 - INFO - 
2019-01-12 15:28:47,647 - INFO - Starting a new sweep, grouping news by: ALL_YES_3_2_1
2019-01-12 15:29:42,745 - INFO - Starting a new sweep with market features: basic
2019-01-12 15:29:42,746 - INFO - Starting a new sweep, features before the publication are: included
2019-01-12 15:29:42,746 - INFO - Starting a new sweep, delay in between buying-selling is: 60_240
2019-01-12 15:29:42,746 - INFO - Starting a new sweep for grid mode: basic
2019-01-12 15:29:42,746 - INFO - List of dynamic market fields: ['volatility_0_5_after', 'pips_candle_0_5_after', 'volatility_5_10_after', 'pips_candle_5_10_after', 'volatility_10_15_after', 'pips_candle_10_15_after', 'volatility_15_20_after', 'pips_candle_15_20_after', 'volatility_20_25_after', 'pips_candle_20_25_after', 'volatility_25_30_after', 'pips_candle_25_30_after', 'volatility_30_60_after', 'pips_candle_30_60_after', 'volatility_60_0_before', 'pips_agg_60_0_before', 'datetime', 'pips_candle_max_60_240_after']
2019-01-12 15:29:43,778 - INFO - X columns for the classification model: ['volatility_15_20_after', 'volatility_25_30_after', 'fe_better', 'volatility_20_25_after', 'pe_accurate', 'forecast_error_diff_deviation', 'pips_candle_20_25_after', 'year', 'volatility_60_0_before', 'previous_error_diff_deviation', 'Low', 'fe_accurate', 'previous_error_diff_outlier_class', 'pips_candle_25_30_after', 'new_id', 'pips_candle_30_60_after', 'High', 'volatility_10_15_after', 'weekday', 'fe_worse', 'pips_candle_5_10_after', 'pips_candle_15_20_after', 'pe_better', 'pips_candle_0_5_after', 'forecast_error_diff_outlier_class', 'volatility_0_5_after', 'volatility_5_10_after', 'Medium', 'pips_candle_10_15_after', 'pips_agg_60_0_before', 'pe_worse', 'volatility_30_60_after', 'num_news', 'week']
2019-01-12 15:29:43,779 - INFO - y dependent variable: reaction_max_60_240_after
2019-01-12 15:29:43,865 - INFO - Starting KNeighborsClassifier
2019-01-12 15:33:25,221 - INFO - Starting SVC - rbf
2019-01-12 15:36:10,351 - INFO - Starting DecisionTreeClassifier
2019-01-12 15:36:28,954 - INFO - Starting RandomForestClassifier
2019-01-12 15:49:05,165 - INFO - Starting XGBClassifier
2019-01-12 15:49:17,524 - INFO - Starting GradientBoostingClassifier
2019-01-12 15:49:46,367 - INFO - Starting AdaBoostClassifier
2019-01-12 15:50:18,085 - INFO - X columns for the regression model: ['volatility_15_20_after', 'volatility_25_30_after', 'fe_better', 'volatility_20_25_after', 'pe_accurate', 'forecast_error_diff_deviation', 'pips_candle_20_25_after', 'year', 'volatility_60_0_before', 'previous_error_diff_deviation', 'Low', 'fe_accurate', 'previous_error_diff_outlier_class', 'pips_candle_25_30_after', 'new_id', 'pips_candle_30_60_after', 'High', 'volatility_10_15_after', 'weekday', 'fe_worse', 'pips_candle_5_10_after', 'pips_candle_15_20_after', 'pe_better', 'pips_candle_0_5_after', 'forecast_error_diff_outlier_class', 'volatility_0_5_after', 'volatility_5_10_after', 'Medium', 'pips_candle_10_15_after', 'pips_agg_60_0_before', 'pe_worse', 'volatility_30_60_after', 'num_news', 'week']
2019-01-12 15:50:18,178 - INFO - Starting KNeighborsRegressor
2019-01-12 15:54:48,464 - INFO - Starting SVR - rbf
2019-01-12 15:57:29,916 - INFO - Starting DecisionTreeRegressor
2019-01-12 15:57:48,002 - INFO - Starting RandomForestRegressor
2019-01-12 16:28:59,737 - INFO - Starting XGBRegressor
2019-01-12 16:29:12,661 - INFO - Starting GradientBoostingRegressor
2019-01-12 16:29:42,227 - INFO - Starting AdaBoostRegressor
2019-01-12 16:30:05,356 - INFO - sweep done in: 60.38 min
2019-01-12 16:30:05,364 - INFO - Starting a new sweep for grid mode: basic
2019-01-12 16:30:05,364 - INFO - List of dynamic market fields: ['volatility_0_5_after', 'pips_candle_0_5_after', 'volatility_5_10_after', 'pips_candle_5_10_after', 'volatility_10_15_after', 'pips_candle_10_15_after', 'volatility_15_20_after', 'pips_candle_15_20_after', 'volatility_20_25_after', 'pips_candle_20_25_after', 'volatility_25_30_after', 'pips_candle_25_30_after', 'volatility_30_60_after', 'pips_candle_30_60_after', 'volatility_60_0_before', 'pips_agg_60_0_before', 'datetime', 'pips_candle_min_60_240_after']
2019-01-12 16:30:06,497 - INFO - X columns for the classification model: ['volatility_15_20_after', 'volatility_25_30_after', 'fe_better', 'volatility_20_25_after', 'pe_accurate', 'forecast_error_diff_deviation', 'pips_candle_20_25_after', 'year', 'volatility_60_0_before', 'previous_error_diff_deviation', 'Low', 'fe_accurate', 'previous_error_diff_outlier_class', 'pips_candle_25_30_after', 'new_id', 'pips_candle_30_60_after', 'High', 'volatility_10_15_after', 'weekday', 'fe_worse', 'pips_candle_5_10_after', 'pips_candle_15_20_after', 'pe_better', 'pips_candle_0_5_after', 'forecast_error_diff_outlier_class', 'volatility_0_5_after', 'volatility_5_10_after', 'Medium', 'pips_candle_10_15_after', 'pips_agg_60_0_before', 'pe_worse', 'volatility_30_60_after', 'num_news', 'week']
2019-01-12 16:30:06,498 - INFO - y dependent variable: reaction_min_60_240_after
2019-01-12 16:30:06,590 - INFO - Starting KNeighborsClassifier
2019-01-12 16:34:17,572 - INFO - Starting SVC - rbf
2019-01-12 16:37:20,024 - INFO - Starting DecisionTreeClassifier
2019-01-12 16:37:40,065 - INFO - Starting RandomForestClassifier
2019-01-12 16:51:23,718 - INFO - Starting XGBClassifier
2019-01-12 16:51:37,246 - INFO - Starting GradientBoostingClassifier
2019-01-12 16:52:09,789 - INFO - Starting AdaBoostClassifier
2019-01-12 16:52:45,712 - INFO - X columns for the regression model: ['volatility_15_20_after', 'volatility_25_30_after', 'fe_better', 'volatility_20_25_after', 'pe_accurate', 'forecast_error_diff_deviation', 'pips_candle_20_25_after', 'year', 'volatility_60_0_before', 'previous_error_diff_deviation', 'Low', 'fe_accurate', 'previous_error_diff_outlier_class', 'pips_candle_25_30_after', 'new_id', 'pips_candle_30_60_after', 'High', 'volatility_10_15_after', 'weekday', 'fe_worse', 'pips_candle_5_10_after', 'pips_candle_15_20_after', 'pe_better', 'pips_candle_0_5_after', 'forecast_error_diff_outlier_class', 'volatility_0_5_after', 'volatility_5_10_after', 'Medium', 'pips_candle_10_15_after', 'pips_agg_60_0_before', 'pe_worse', 'volatility_30_60_after', 'num_news', 'week']
2019-01-12 16:52:45,791 - INFO - Starting KNeighborsRegressor
2019-01-12 16:57:22,467 - INFO - Starting SVR - rbf
2019-01-12 17:00:13,063 - INFO - Starting DecisionTreeRegressor
2019-01-12 17:00:32,516 - INFO - Starting RandomForestRegressor
2019-01-12 17:31:54,695 - INFO - Starting XGBRegressor
2019-01-12 17:32:06,664 - INFO - Starting GradientBoostingRegressor
2019-01-12 17:32:31,138 - INFO - Starting AdaBoostRegressor
2019-01-12 17:32:49,978 - INFO - sweep done in: 62.74 min
2019-01-12 17:32:49,992 - INFO - Starting a new sweep with market features: all
2019-01-12 17:32:49,992 - INFO - Starting a new sweep, features before the publication are: included
2019-01-12 17:32:49,992 - INFO - Starting a new sweep, delay in between buying-selling is: 60_240
2019-01-12 17:32:49,993 - INFO - Starting a new sweep for grid mode: basic
2019-01-12 17:32:49,993 - INFO - List of dynamic market fields: ['volatility_0_5_after', 'pips_candle_0_5_after', 'volatility_5_10_after', 'pips_candle_5_10_after', 'volatility_10_15_after', 'pips_candle_10_15_after', 'volatility_15_20_after', 'pips_candle_15_20_after', 'volatility_20_25_after', 'pips_candle_20_25_after', 'volatility_25_30_after', 'pips_candle_25_30_after', 'volatility_30_60_after', 'pips_candle_30_60_after', 'pips_candle_max_30_60_after', 'pips_candle_min_30_60_after', 'volatility_60_0_before', 'pips_agg_60_0_before', 'datetime', 'pips_candle_max_60_240_after']
2019-01-12 17:32:51,087 - INFO - X columns for the classification model: ['volatility_15_20_after', 'volatility_25_30_after', 'fe_better', 'volatility_20_25_after', 'pe_accurate', 'forecast_error_diff_deviation', 'pips_candle_20_25_after', 'year', 'volatility_60_0_before', 'previous_error_diff_deviation', 'Low', 'fe_accurate', 'pips_candle_min_30_60_after', 'previous_error_diff_outlier_class', 'pips_candle_25_30_after', 'new_id', 'pips_candle_30_60_after', 'High', 'volatility_10_15_after', 'weekday', 'fe_worse', 'pips_candle_5_10_after', 'pips_candle_15_20_after', 'pe_better', 'pips_candle_0_5_after', 'forecast_error_diff_outlier_class', 'volatility_0_5_after', 'volatility_5_10_after', 'Medium', 'pips_candle_10_15_after', 'pips_agg_60_0_before', 'pe_worse', 'volatility_30_60_after', 'num_news', 'pips_candle_max_30_60_after', 'week']
2019-01-12 17:32:51,088 - INFO - y dependent variable: reaction_max_60_240_after
2019-01-12 17:32:51,196 - INFO - Starting KNeighborsClassifier
2019-01-12 17:37:25,994 - INFO - Starting SVC - rbf
2019-01-12 17:40:27,665 - INFO - Starting DecisionTreeClassifier
2019-01-12 17:40:53,982 - INFO - Starting RandomForestClassifier
2019-01-12 17:56:07,231 - INFO - Starting XGBClassifier
2019-01-12 17:56:19,742 - INFO - Starting GradientBoostingClassifier
2019-01-12 17:56:48,777 - INFO - Starting AdaBoostClassifier
2019-01-12 17:57:19,933 - INFO - X columns for the regression model: ['volatility_15_20_after', 'volatility_25_30_after', 'fe_better', 'volatility_20_25_after', 'pe_accurate', 'forecast_error_diff_deviation', 'pips_candle_20_25_after', 'year', 'volatility_60_0_before', 'previous_error_diff_deviation', 'Low', 'fe_accurate', 'pips_candle_min_30_60_after', 'previous_error_diff_outlier_class', 'pips_candle_25_30_after', 'new_id', 'pips_candle_30_60_after', 'High', 'volatility_10_15_after', 'weekday', 'fe_worse', 'pips_candle_5_10_after', 'pips_candle_15_20_after', 'pe_better', 'pips_candle_0_5_after', 'forecast_error_diff_outlier_class', 'volatility_0_5_after', 'volatility_5_10_after', 'Medium', 'pips_candle_10_15_after', 'pips_agg_60_0_before', 'pe_worse', 'volatility_30_60_after', 'num_news', 'pips_candle_max_30_60_after', 'week']
2019-01-12 17:57:20,030 - INFO - Starting KNeighborsRegressor
2019-01-12 18:01:44,294 - INFO - Starting SVR - rbf
2019-01-12 18:04:26,267 - INFO - Starting DecisionTreeRegressor
2019-01-12 18:04:44,891 - INFO - Starting RandomForestRegressor
2019-01-12 18:35:40,377 - INFO - Starting XGBRegressor
2019-01-12 18:35:52,771 - INFO - Starting GradientBoostingRegressor
2019-01-12 18:36:18,260 - INFO - Starting AdaBoostRegressor
2019-01-12 18:36:47,605 - INFO - sweep done in: 63.96 min
2019-01-12 18:36:47,628 - INFO - Starting a new sweep for grid mode: basic
2019-01-12 18:36:47,629 - INFO - List of dynamic market fields: ['volatility_0_5_after', 'pips_candle_0_5_after', 'volatility_5_10_after', 'pips_candle_5_10_after', 'volatility_10_15_after', 'pips_candle_10_15_after', 'volatility_15_20_after', 'pips_candle_15_20_after', 'volatility_20_25_after', 'pips_candle_20_25_after', 'volatility_25_30_after', 'pips_candle_25_30_after', 'volatility_30_60_after', 'pips_candle_30_60_after', 'pips_candle_max_30_60_after', 'pips_candle_min_30_60_after', 'volatility_60_0_before', 'pips_agg_60_0_before', 'datetime', 'pips_candle_min_60_240_after']
2019-01-12 18:36:48,740 - INFO - X columns for the classification model: ['volatility_15_20_after', 'volatility_25_30_after', 'fe_better', 'volatility_20_25_after', 'pe_accurate', 'forecast_error_diff_deviation', 'pips_candle_20_25_after', 'year', 'volatility_60_0_before', 'previous_error_diff_deviation', 'Low', 'fe_accurate', 'pips_candle_min_30_60_after', 'previous_error_diff_outlier_class', 'pips_candle_25_30_after', 'new_id', 'pips_candle_30_60_after', 'High', 'volatility_10_15_after', 'weekday', 'fe_worse', 'pips_candle_5_10_after', 'pips_candle_15_20_after', 'pe_better', 'pips_candle_0_5_after', 'forecast_error_diff_outlier_class', 'volatility_0_5_after', 'volatility_5_10_after', 'Medium', 'pips_candle_10_15_after', 'pips_agg_60_0_before', 'pe_worse', 'volatility_30_60_after', 'num_news', 'pips_candle_max_30_60_after', 'week']
2019-01-12 18:36:48,740 - INFO - y dependent variable: reaction_min_60_240_after
2019-01-12 18:36:48,844 - INFO - Starting KNeighborsClassifier
2019-01-12 18:42:00,207 - INFO - Starting SVC - rbf
2019-01-12 18:45:15,655 - INFO - Starting DecisionTreeClassifier
2019-01-12 18:45:38,406 - INFO - Starting RandomForestClassifier
2019-01-12 19:00:38,156 - INFO - Starting XGBClassifier
2019-01-12 19:00:51,245 - INFO - Starting GradientBoostingClassifier
2019-01-12 19:01:22,297 - INFO - Starting AdaBoostClassifier
2019-01-12 19:01:54,279 - INFO - X columns for the regression model: ['volatility_15_20_after', 'volatility_25_30_after', 'fe_better', 'volatility_20_25_after', 'pe_accurate', 'forecast_error_diff_deviation', 'pips_candle_20_25_after', 'year', 'volatility_60_0_before', 'previous_error_diff_deviation', 'Low', 'fe_accurate', 'pips_candle_min_30_60_after', 'previous_error_diff_outlier_class', 'pips_candle_25_30_after', 'new_id', 'pips_candle_30_60_after', 'High', 'volatility_10_15_after', 'weekday', 'fe_worse', 'pips_candle_5_10_after', 'pips_candle_15_20_after', 'pe_better', 'pips_candle_0_5_after', 'forecast_error_diff_outlier_class', 'volatility_0_5_after', 'volatility_5_10_after', 'Medium', 'pips_candle_10_15_after', 'pips_agg_60_0_before', 'pe_worse', 'volatility_30_60_after', 'num_news', 'pips_candle_max_30_60_after', 'week']
2019-01-12 19:01:54,359 - INFO - Starting KNeighborsRegressor
2019-01-12 19:06:07,169 - INFO - Starting SVR - rbf
2019-01-12 19:08:55,393 - INFO - Starting DecisionTreeRegressor
2019-01-12 19:09:14,911 - INFO - Starting RandomForestRegressor
2019-01-12 19:42:28,562 - INFO - Starting XGBRegressor
2019-01-12 19:42:41,542 - INFO - Starting GradientBoostingRegressor
2019-01-12 19:43:09,373 - INFO - Starting AdaBoostRegressor
2019-01-12 19:43:40,390 - INFO - sweep done in: 66.88 min
2019-01-12 19:43:40,429 - INFO - #########################
2019-01-12 19:43:40,429 - INFO - 
2019-01-12 19:43:40,429 - INFO - Starting a new sweep, grouping news by: High_NO_1_1_1
2019-01-12 19:43:57,751 - INFO - Starting a new sweep with market features: basic
2019-01-12 19:43:57,751 - INFO - Starting a new sweep, features before the publication are: included
2019-01-12 19:43:57,752 - INFO - Starting a new sweep, delay in between buying-selling is: 60_240
2019-01-12 19:43:57,752 - INFO - Starting a new sweep for grid mode: basic
2019-01-12 19:43:57,752 - INFO - List of dynamic market fields: ['volatility_0_5_after', 'pips_candle_0_5_after', 'volatility_5_10_after', 'pips_candle_5_10_after', 'volatility_10_15_after', 'pips_candle_10_15_after', 'volatility_15_20_after', 'pips_candle_15_20_after', 'volatility_20_25_after', 'pips_candle_20_25_after', 'volatility_25_30_after', 'pips_candle_25_30_after', 'volatility_30_60_after', 'pips_candle_30_60_after', 'volatility_60_0_before', 'pips_agg_60_0_before', 'datetime', 'pips_candle_max_60_240_after']
2019-01-12 19:43:58,499 - INFO - X columns for the classification model: ['volatility_15_20_after', 'volatility_25_30_after', 'fe_better', 'volatility_20_25_after', 'pe_accurate', 'forecast_error_diff_deviation', 'pips_candle_20_25_after', 'year', 'volatility_60_0_before', 'previous_error_diff_deviation', 'fe_accurate', 'previous_error_diff_outlier_class', 'pips_candle_25_30_after', 'new_id', 'pips_candle_30_60_after', 'High', 'volatility_10_15_after', 'weekday', 'fe_worse', 'pips_candle_5_10_after', 'pips_candle_15_20_after', 'pe_better', 'pips_candle_0_5_after', 'forecast_error_diff_outlier_class', 'volatility_0_5_after', 'volatility_5_10_after', 'pips_candle_10_15_after', 'pips_agg_60_0_before', 'pe_worse', 'volatility_30_60_after', 'num_news', 'week']
2019-01-12 19:43:58,499 - INFO - y dependent variable: reaction_max_60_240_after
2019-01-12 19:43:58,588 - INFO - Starting KNeighborsClassifier
2019-01-12 19:44:51,366 - INFO - Starting SVC - rbf
2019-01-12 19:45:40,996 - INFO - Starting DecisionTreeClassifier
2019-01-12 19:45:51,891 - INFO - Starting RandomForestClassifier
2019-01-12 19:56:00,243 - INFO - Starting XGBClassifier
2019-01-12 19:56:07,618 - INFO - Starting GradientBoostingClassifier
2019-01-12 19:56:29,892 - INFO - Starting AdaBoostClassifier
2019-01-12 19:56:52,778 - INFO - X columns for the regression model: ['volatility_15_20_after', 'volatility_25_30_after', 'fe_better', 'volatility_20_25_after', 'pe_accurate', 'forecast_error_diff_deviation', 'pips_candle_20_25_after', 'year', 'volatility_60_0_before', 'previous_error_diff_deviation', 'fe_accurate', 'previous_error_diff_outlier_class', 'pips_candle_25_30_after', 'new_id', 'pips_candle_30_60_after', 'High', 'volatility_10_15_after', 'weekday', 'fe_worse', 'pips_candle_5_10_after', 'pips_candle_15_20_after', 'pe_better', 'pips_candle_0_5_after', 'forecast_error_diff_outlier_class', 'volatility_0_5_after', 'volatility_5_10_after', 'pips_candle_10_15_after', 'pips_agg_60_0_before', 'pe_worse', 'volatility_30_60_after', 'num_news', 'week']
2019-01-12 19:56:52,837 - INFO - Starting KNeighborsRegressor
2019-01-12 19:57:45,699 - INFO - Starting SVR - rbf
2019-01-12 19:58:38,497 - INFO - Starting DecisionTreeRegressor
2019-01-12 19:58:49,424 - INFO - Starting RandomForestRegressor
2019-01-12 20:16:56,489 - INFO - Starting XGBRegressor
2019-01-12 20:17:03,100 - INFO - Starting GradientBoostingRegressor
2019-01-12 20:17:15,816 - INFO - Starting AdaBoostRegressor
2019-01-12 20:17:41,847 - INFO - sweep done in: 33.73 min
2019-01-12 20:17:41,862 - INFO - Starting a new sweep for grid mode: basic
2019-01-12 20:17:41,863 - INFO - List of dynamic market fields: ['volatility_0_5_after', 'pips_candle_0_5_after', 'volatility_5_10_after', 'pips_candle_5_10_after', 'volatility_10_15_after', 'pips_candle_10_15_after', 'volatility_15_20_after', 'pips_candle_15_20_after', 'volatility_20_25_after', 'pips_candle_20_25_after', 'volatility_25_30_after', 'pips_candle_25_30_after', 'volatility_30_60_after', 'pips_candle_30_60_after', 'volatility_60_0_before', 'pips_agg_60_0_before', 'datetime', 'pips_candle_min_60_240_after']
2019-01-12 20:17:42,549 - INFO - X columns for the classification model: ['volatility_15_20_after', 'volatility_25_30_after', 'fe_better', 'volatility_20_25_after', 'pe_accurate', 'forecast_error_diff_deviation', 'pips_candle_20_25_after', 'year', 'volatility_60_0_before', 'previous_error_diff_deviation', 'fe_accurate', 'previous_error_diff_outlier_class', 'pips_candle_25_30_after', 'new_id', 'pips_candle_30_60_after', 'High', 'volatility_10_15_after', 'weekday', 'fe_worse', 'pips_candle_5_10_after', 'pips_candle_15_20_after', 'pe_better', 'pips_candle_0_5_after', 'forecast_error_diff_outlier_class', 'volatility_0_5_after', 'volatility_5_10_after', 'pips_candle_10_15_after', 'pips_agg_60_0_before', 'pe_worse', 'volatility_30_60_after', 'num_news', 'week']
2019-01-12 20:17:42,550 - INFO - y dependent variable: reaction_min_60_240_after
2019-01-12 20:17:42,610 - INFO - Starting KNeighborsClassifier
2019-01-12 20:18:32,553 - INFO - Starting SVC - rbf
2019-01-12 20:19:22,158 - INFO - Starting DecisionTreeClassifier
2019-01-12 20:19:33,190 - INFO - Starting RandomForestClassifier
2019-01-12 20:29:20,218 - INFO - Starting XGBClassifier
2019-01-12 20:29:27,920 - INFO - Starting GradientBoostingClassifier
2019-01-12 20:29:46,199 - INFO - Starting AdaBoostClassifier
2019-01-12 20:30:08,280 - INFO - X columns for the regression model: ['volatility_15_20_after', 'volatility_25_30_after', 'fe_better', 'volatility_20_25_after', 'pe_accurate', 'forecast_error_diff_deviation', 'pips_candle_20_25_after', 'year', 'volatility_60_0_before', 'previous_error_diff_deviation', 'fe_accurate', 'previous_error_diff_outlier_class', 'pips_candle_25_30_after', 'new_id', 'pips_candle_30_60_after', 'High', 'volatility_10_15_after', 'weekday', 'fe_worse', 'pips_candle_5_10_after', 'pips_candle_15_20_after', 'pe_better', 'pips_candle_0_5_after', 'forecast_error_diff_outlier_class', 'volatility_0_5_after', 'volatility_5_10_after', 'pips_candle_10_15_after', 'pips_agg_60_0_before', 'pe_worse', 'volatility_30_60_after', 'num_news', 'week']
2019-01-12 20:30:08,331 - INFO - Starting KNeighborsRegressor
2019-01-12 20:30:58,455 - INFO - Starting SVR - rbf
2019-01-12 20:31:47,441 - INFO - Starting DecisionTreeRegressor
2019-01-12 20:31:58,359 - INFO - Starting RandomForestRegressor
2019-01-12 20:49:50,858 - INFO - Starting XGBRegressor
2019-01-12 20:49:58,207 - INFO - Starting GradientBoostingRegressor
2019-01-12 20:50:12,406 - INFO - Starting AdaBoostRegressor
2019-01-12 20:50:38,305 - INFO - sweep done in: 32.94 min
2019-01-12 20:50:38,326 - INFO - Starting a new sweep with market features: all
2019-01-12 20:50:38,326 - INFO - Starting a new sweep, features before the publication are: included
2019-01-12 20:50:38,326 - INFO - Starting a new sweep, delay in between buying-selling is: 60_240
2019-01-12 20:50:38,327 - INFO - Starting a new sweep for grid mode: basic
2019-01-12 20:50:38,327 - INFO - List of dynamic market fields: ['volatility_0_5_after', 'pips_candle_0_5_after', 'volatility_5_10_after', 'pips_candle_5_10_after', 'volatility_10_15_after', 'pips_candle_10_15_after', 'volatility_15_20_after', 'pips_candle_15_20_after', 'volatility_20_25_after', 'pips_candle_20_25_after', 'volatility_25_30_after', 'pips_candle_25_30_after', 'volatility_30_60_after', 'pips_candle_30_60_after', 'pips_candle_max_30_60_after', 'pips_candle_min_30_60_after', 'volatility_60_0_before', 'pips_agg_60_0_before', 'datetime', 'pips_candle_max_60_240_after']
2019-01-12 20:50:39,091 - INFO - X columns for the classification model: ['volatility_15_20_after', 'volatility_25_30_after', 'fe_better', 'volatility_20_25_after', 'pe_accurate', 'forecast_error_diff_deviation', 'pips_candle_20_25_after', 'year', 'volatility_60_0_before', 'previous_error_diff_deviation', 'fe_accurate', 'pips_candle_min_30_60_after', 'previous_error_diff_outlier_class', 'pips_candle_25_30_after', 'new_id', 'pips_candle_30_60_after', 'High', 'volatility_10_15_after', 'weekday', 'fe_worse', 'pips_candle_5_10_after', 'pips_candle_15_20_after', 'pe_better', 'pips_candle_0_5_after', 'forecast_error_diff_outlier_class', 'volatility_0_5_after', 'volatility_5_10_after', 'pips_candle_10_15_after', 'pips_agg_60_0_before', 'pe_worse', 'volatility_30_60_after', 'num_news', 'pips_candle_max_30_60_after', 'week']
2019-01-12 20:50:39,092 - INFO - y dependent variable: reaction_max_60_240_after
2019-01-12 20:50:39,154 - INFO - Starting KNeighborsClassifier
2019-01-12 20:51:27,736 - INFO - Starting SVC - rbf
2019-01-12 20:52:15,221 - INFO - Starting DecisionTreeClassifier
2019-01-12 20:52:25,944 - INFO - Starting RandomForestClassifier
2019-01-12 21:02:15,089 - INFO - Starting XGBClassifier
2019-01-12 21:02:21,722 - INFO - Starting GradientBoostingClassifier
2019-01-12 21:02:38,943 - INFO - Starting AdaBoostClassifier
2019-01-12 21:03:00,130 - INFO - X columns for the regression model: ['volatility_15_20_after', 'volatility_25_30_after', 'fe_better', 'volatility_20_25_after', 'pe_accurate', 'forecast_error_diff_deviation', 'pips_candle_20_25_after', 'year', 'volatility_60_0_before', 'previous_error_diff_deviation', 'fe_accurate', 'pips_candle_min_30_60_after', 'previous_error_diff_outlier_class', 'pips_candle_25_30_after', 'new_id', 'pips_candle_30_60_after', 'High', 'volatility_10_15_after', 'weekday', 'fe_worse', 'pips_candle_5_10_after', 'pips_candle_15_20_after', 'pe_better', 'pips_candle_0_5_after', 'forecast_error_diff_outlier_class', 'volatility_0_5_after', 'volatility_5_10_after', 'pips_candle_10_15_after', 'pips_agg_60_0_before', 'pe_worse', 'volatility_30_60_after', 'num_news', 'pips_candle_max_30_60_after', 'week']
2019-01-12 21:03:00,182 - INFO - Starting KNeighborsRegressor
2019-01-12 21:03:48,224 - INFO - Starting SVR - rbf
2019-01-12 21:04:36,930 - INFO - Starting DecisionTreeRegressor
2019-01-12 21:04:48,477 - INFO - Starting RandomForestRegressor
2019-01-12 21:23:14,992 - INFO - Starting XGBRegressor
2019-01-12 21:23:22,138 - INFO - Starting GradientBoostingRegressor
2019-01-12 21:23:35,987 - INFO - Starting AdaBoostRegressor
2019-01-12 21:24:05,645 - INFO - sweep done in: 33.46 min
2019-01-12 21:24:05,654 - INFO - Starting a new sweep for grid mode: basic
2019-01-12 21:24:05,662 - INFO - List of dynamic market fields: ['volatility_0_5_after', 'pips_candle_0_5_after', 'volatility_5_10_after', 'pips_candle_5_10_after', 'volatility_10_15_after', 'pips_candle_10_15_after', 'volatility_15_20_after', 'pips_candle_15_20_after', 'volatility_20_25_after', 'pips_candle_20_25_after', 'volatility_25_30_after', 'pips_candle_25_30_after', 'volatility_30_60_after', 'pips_candle_30_60_after', 'pips_candle_max_30_60_after', 'pips_candle_min_30_60_after', 'volatility_60_0_before', 'pips_agg_60_0_before', 'datetime', 'pips_candle_min_60_240_after']
2019-01-12 21:24:06,506 - INFO - X columns for the classification model: ['volatility_15_20_after', 'volatility_25_30_after', 'fe_better', 'volatility_20_25_after', 'pe_accurate', 'forecast_error_diff_deviation', 'pips_candle_20_25_after', 'year', 'volatility_60_0_before', 'previous_error_diff_deviation', 'fe_accurate', 'pips_candle_min_30_60_after', 'previous_error_diff_outlier_class', 'pips_candle_25_30_after', 'new_id', 'pips_candle_30_60_after', 'High', 'volatility_10_15_after', 'weekday', 'fe_worse', 'pips_candle_5_10_after', 'pips_candle_15_20_after', 'pe_better', 'pips_candle_0_5_after', 'forecast_error_diff_outlier_class', 'volatility_0_5_after', 'volatility_5_10_after', 'pips_candle_10_15_after', 'pips_agg_60_0_before', 'pe_worse', 'volatility_30_60_after', 'num_news', 'pips_candle_max_30_60_after', 'week']
2019-01-12 21:24:06,506 - INFO - y dependent variable: reaction_min_60_240_after
2019-01-12 21:24:06,576 - INFO - Starting KNeighborsClassifier
2019-01-12 21:24:55,086 - INFO - Starting SVC - rbf
2019-01-12 21:25:48,060 - INFO - Starting DecisionTreeClassifier
2019-01-12 21:25:59,339 - INFO - Starting RandomForestClassifier
2019-01-12 21:33:35,578 - INFO - Starting XGBClassifier
2019-01-12 21:33:39,343 - INFO - Starting GradientBoostingClassifier
2019-01-12 21:33:48,990 - INFO - Starting AdaBoostClassifier
2019-01-12 21:34:00,403 - INFO - X columns for the regression model: ['volatility_15_20_after', 'volatility_25_30_after', 'fe_better', 'volatility_20_25_after', 'pe_accurate', 'forecast_error_diff_deviation', 'pips_candle_20_25_after', 'year', 'volatility_60_0_before', 'previous_error_diff_deviation', 'fe_accurate', 'pips_candle_min_30_60_after', 'previous_error_diff_outlier_class', 'pips_candle_25_30_after', 'new_id', 'pips_candle_30_60_after', 'High', 'volatility_10_15_after', 'weekday', 'fe_worse', 'pips_candle_5_10_after', 'pips_candle_15_20_after', 'pe_better', 'pips_candle_0_5_after', 'forecast_error_diff_outlier_class', 'volatility_0_5_after', 'volatility_5_10_after', 'pips_candle_10_15_after', 'pips_agg_60_0_before', 'pe_worse', 'volatility_30_60_after', 'num_news', 'pips_candle_max_30_60_after', 'week']
2019-01-12 21:34:00,429 - INFO - Starting KNeighborsRegressor
2019-01-12 21:34:27,995 - INFO - Starting SVR - rbf
2019-01-12 21:34:54,345 - INFO - Starting DecisionTreeRegressor
2019-01-12 21:34:59,403 - INFO - Starting RandomForestRegressor
2019-01-12 21:43:31,744 - INFO - Starting XGBRegressor
2019-01-12 21:43:34,911 - INFO - Starting GradientBoostingRegressor
2019-01-12 21:43:41,320 - INFO - Starting AdaBoostRegressor
2019-01-12 21:43:54,570 - INFO - sweep done in: 19.82 min
2019-01-12 21:43:54,590 - INFO - #########################
2019-01-12 21:43:54,590 - INFO - 
2019-01-12 21:43:54,590 - INFO - Starting a new sweep, grouping news by: High_YES_1_1_1
2019-01-12 21:44:02,721 - INFO - Starting a new sweep with market features: basic
2019-01-12 21:44:02,721 - INFO - Starting a new sweep, features before the publication are: included
2019-01-12 21:44:02,721 - INFO - Starting a new sweep, delay in between buying-selling is: 60_240
2019-01-12 21:44:02,721 - INFO - Starting a new sweep for grid mode: basic
2019-01-12 21:44:02,721 - INFO - List of dynamic market fields: ['volatility_0_5_after', 'pips_candle_0_5_after', 'volatility_5_10_after', 'pips_candle_5_10_after', 'volatility_10_15_after', 'pips_candle_10_15_after', 'volatility_15_20_after', 'pips_candle_15_20_after', 'volatility_20_25_after', 'pips_candle_20_25_after', 'volatility_25_30_after', 'pips_candle_25_30_after', 'volatility_30_60_after', 'pips_candle_30_60_after', 'volatility_60_0_before', 'pips_agg_60_0_before', 'datetime', 'pips_candle_max_60_240_after']
2019-01-12 21:44:03,033 - INFO - X columns for the classification model: ['volatility_15_20_after', 'volatility_25_30_after', 'fe_better', 'volatility_20_25_after', 'pe_accurate', 'forecast_error_diff_deviation', 'pips_candle_20_25_after', 'year', 'volatility_60_0_before', 'previous_error_diff_deviation', 'fe_accurate', 'previous_error_diff_outlier_class', 'pips_candle_25_30_after', 'new_id', 'pips_candle_30_60_after', 'High', 'volatility_10_15_after', 'weekday', 'fe_worse', 'pips_candle_5_10_after', 'pips_candle_15_20_after', 'pe_better', 'pips_candle_0_5_after', 'forecast_error_diff_outlier_class', 'volatility_0_5_after', 'volatility_5_10_after', 'pips_candle_10_15_after', 'pips_agg_60_0_before', 'pe_worse', 'volatility_30_60_after', 'num_news', 'week']
2019-01-12 21:44:03,033 - INFO - y dependent variable: reaction_max_60_240_after
2019-01-12 21:44:03,058 - INFO - Starting KNeighborsClassifier
2019-01-12 21:44:24,640 - INFO - Starting SVC - rbf
2019-01-12 21:44:40,230 - INFO - Starting DecisionTreeClassifier
2019-01-12 21:44:44,310 - INFO - Starting RandomForestClassifier
2019-01-12 21:48:44,931 - INFO - Starting XGBClassifier
2019-01-12 21:48:47,450 - INFO - Starting GradientBoostingClassifier
2019-01-12 21:48:54,195 - INFO - Starting AdaBoostClassifier
2019-01-12 21:49:02,532 - INFO - X columns for the regression model: ['volatility_15_20_after', 'volatility_25_30_after', 'fe_better', 'volatility_20_25_after', 'pe_accurate', 'forecast_error_diff_deviation', 'pips_candle_20_25_after', 'year', 'volatility_60_0_before', 'previous_error_diff_deviation', 'fe_accurate', 'previous_error_diff_outlier_class', 'pips_candle_25_30_after', 'new_id', 'pips_candle_30_60_after', 'High', 'volatility_10_15_after', 'weekday', 'fe_worse', 'pips_candle_5_10_after', 'pips_candle_15_20_after', 'pe_better', 'pips_candle_0_5_after', 'forecast_error_diff_outlier_class', 'volatility_0_5_after', 'volatility_5_10_after', 'pips_candle_10_15_after', 'pips_agg_60_0_before', 'pe_worse', 'volatility_30_60_after', 'num_news', 'week']
2019-01-12 21:49:02,548 - INFO - Starting KNeighborsRegressor
2019-01-12 21:49:22,794 - INFO - Starting SVR - rbf
2019-01-12 21:49:37,378 - INFO - Starting DecisionTreeRegressor
2019-01-12 21:49:40,953 - INFO - Starting RandomForestRegressor
2019-01-12 21:55:49,337 - INFO - Starting XGBRegressor
2019-01-12 21:55:51,800 - INFO - Starting GradientBoostingRegressor
2019-01-12 21:55:56,500 - INFO - Starting AdaBoostRegressor
2019-01-12 21:56:05,253 - INFO - sweep done in: 12.04 min
2019-01-12 21:56:05,264 - INFO - Starting a new sweep for grid mode: basic
2019-01-12 21:56:05,264 - INFO - List of dynamic market fields: ['volatility_0_5_after', 'pips_candle_0_5_after', 'volatility_5_10_after', 'pips_candle_5_10_after', 'volatility_10_15_after', 'pips_candle_10_15_after', 'volatility_15_20_after', 'pips_candle_15_20_after', 'volatility_20_25_after', 'pips_candle_20_25_after', 'volatility_25_30_after', 'pips_candle_25_30_after', 'volatility_30_60_after', 'pips_candle_30_60_after', 'volatility_60_0_before', 'pips_agg_60_0_before', 'datetime', 'pips_candle_min_60_240_after']
2019-01-12 21:56:05,645 - INFO - X columns for the classification model: ['volatility_15_20_after', 'volatility_25_30_after', 'fe_better', 'volatility_20_25_after', 'pe_accurate', 'forecast_error_diff_deviation', 'pips_candle_20_25_after', 'year', 'volatility_60_0_before', 'previous_error_diff_deviation', 'fe_accurate', 'previous_error_diff_outlier_class', 'pips_candle_25_30_after', 'new_id', 'pips_candle_30_60_after', 'High', 'volatility_10_15_after', 'weekday', 'fe_worse', 'pips_candle_5_10_after', 'pips_candle_15_20_after', 'pe_better', 'pips_candle_0_5_after', 'forecast_error_diff_outlier_class', 'volatility_0_5_after', 'volatility_5_10_after', 'pips_candle_10_15_after', 'pips_agg_60_0_before', 'pe_worse', 'volatility_30_60_after', 'num_news', 'week']
2019-01-12 21:56:05,645 - INFO - y dependent variable: reaction_min_60_240_after
2019-01-12 21:56:05,687 - INFO - Starting KNeighborsClassifier
2019-01-12 21:56:27,504 - INFO - Starting SVC - rbf
2019-01-12 21:56:41,987 - INFO - Starting DecisionTreeClassifier
2019-01-12 21:56:45,629 - INFO - Starting RandomForestClassifier
2019-01-12 22:00:33,523 - INFO - Starting XGBClassifier
2019-01-12 22:00:35,910 - INFO - Starting GradientBoostingClassifier
2019-01-12 22:00:42,214 - INFO - Starting AdaBoostClassifier
2019-01-12 22:00:50,199 - INFO - X columns for the regression model: ['volatility_15_20_after', 'volatility_25_30_after', 'fe_better', 'volatility_20_25_after', 'pe_accurate', 'forecast_error_diff_deviation', 'pips_candle_20_25_after', 'year', 'volatility_60_0_before', 'previous_error_diff_deviation', 'fe_accurate', 'previous_error_diff_outlier_class', 'pips_candle_25_30_after', 'new_id', 'pips_candle_30_60_after', 'High', 'volatility_10_15_after', 'weekday', 'fe_worse', 'pips_candle_5_10_after', 'pips_candle_15_20_after', 'pe_better', 'pips_candle_0_5_after', 'forecast_error_diff_outlier_class', 'volatility_0_5_after', 'volatility_5_10_after', 'pips_candle_10_15_after', 'pips_agg_60_0_before', 'pe_worse', 'volatility_30_60_after', 'num_news', 'week']
2019-01-12 22:00:50,215 - INFO - Starting KNeighborsRegressor
2019-01-12 22:01:09,733 - INFO - Starting SVR - rbf
2019-01-12 22:01:24,014 - INFO - Starting DecisionTreeRegressor
2019-01-12 22:01:27,420 - INFO - Starting RandomForestRegressor
2019-01-12 22:07:26,637 - INFO - Starting XGBRegressor
2019-01-12 22:07:29,026 - INFO - Starting GradientBoostingRegressor
2019-01-12 22:07:33,627 - INFO - Starting AdaBoostRegressor
2019-01-12 22:07:42,332 - INFO - sweep done in: 11.62 min
2019-01-12 22:07:42,344 - INFO - Starting a new sweep with market features: all
2019-01-12 22:07:42,344 - INFO - Starting a new sweep, features before the publication are: included
2019-01-12 22:07:42,345 - INFO - Starting a new sweep, delay in between buying-selling is: 60_240
2019-01-12 22:07:42,345 - INFO - Starting a new sweep for grid mode: basic
2019-01-12 22:07:42,345 - INFO - List of dynamic market fields: ['volatility_0_5_after', 'pips_candle_0_5_after', 'volatility_5_10_after', 'pips_candle_5_10_after', 'volatility_10_15_after', 'pips_candle_10_15_after', 'volatility_15_20_after', 'pips_candle_15_20_after', 'volatility_20_25_after', 'pips_candle_20_25_after', 'volatility_25_30_after', 'pips_candle_25_30_after', 'volatility_30_60_after', 'pips_candle_30_60_after', 'pips_candle_max_30_60_after', 'pips_candle_min_30_60_after', 'volatility_60_0_before', 'pips_agg_60_0_before', 'datetime', 'pips_candle_max_60_240_after']
2019-01-12 22:07:42,718 - INFO - X columns for the classification model: ['volatility_15_20_after', 'volatility_25_30_after', 'fe_better', 'volatility_20_25_after', 'pe_accurate', 'forecast_error_diff_deviation', 'pips_candle_20_25_after', 'year', 'volatility_60_0_before', 'previous_error_diff_deviation', 'fe_accurate', 'pips_candle_min_30_60_after', 'previous_error_diff_outlier_class', 'pips_candle_25_30_after', 'new_id', 'pips_candle_30_60_after', 'High', 'volatility_10_15_after', 'weekday', 'fe_worse', 'pips_candle_5_10_after', 'pips_candle_15_20_after', 'pe_better', 'pips_candle_0_5_after', 'forecast_error_diff_outlier_class', 'volatility_0_5_after', 'volatility_5_10_after', 'pips_candle_10_15_after', 'pips_agg_60_0_before', 'pe_worse', 'volatility_30_60_after', 'num_news', 'pips_candle_max_30_60_after', 'week']
2019-01-12 22:07:42,719 - INFO - y dependent variable: reaction_max_60_240_after
2019-01-12 22:07:42,749 - INFO - Starting KNeighborsClassifier
2019-01-12 22:08:03,767 - INFO - Starting SVC - rbf
2019-01-12 22:08:18,982 - INFO - Starting DecisionTreeClassifier
2019-01-12 22:08:22,796 - INFO - Starting RandomForestClassifier
2019-01-12 22:12:03,891 - INFO - Starting XGBClassifier
2019-01-12 22:12:06,413 - INFO - Starting GradientBoostingClassifier
2019-01-12 22:12:12,889 - INFO - Starting AdaBoostClassifier
2019-01-12 22:12:21,108 - INFO - X columns for the regression model: ['volatility_15_20_after', 'volatility_25_30_after', 'fe_better', 'volatility_20_25_after', 'pe_accurate', 'forecast_error_diff_deviation', 'pips_candle_20_25_after', 'year', 'volatility_60_0_before', 'previous_error_diff_deviation', 'fe_accurate', 'pips_candle_min_30_60_after', 'previous_error_diff_outlier_class', 'pips_candle_25_30_after', 'new_id', 'pips_candle_30_60_after', 'High', 'volatility_10_15_after', 'weekday', 'fe_worse', 'pips_candle_5_10_after', 'pips_candle_15_20_after', 'pe_better', 'pips_candle_0_5_after', 'forecast_error_diff_outlier_class', 'volatility_0_5_after', 'volatility_5_10_after', 'pips_candle_10_15_after', 'pips_agg_60_0_before', 'pe_worse', 'volatility_30_60_after', 'num_news', 'pips_candle_max_30_60_after', 'week']
2019-01-12 22:12:21,128 - INFO - Starting KNeighborsRegressor
2019-01-12 22:12:41,460 - INFO - Starting SVR - rbf
2019-01-12 22:12:55,935 - INFO - Starting DecisionTreeRegressor
2019-01-12 22:12:59,630 - INFO - Starting RandomForestRegressor
2019-01-12 22:19:18,395 - INFO - Starting XGBRegressor
2019-01-12 22:19:20,901 - INFO - Starting GradientBoostingRegressor
2019-01-12 22:19:25,616 - INFO - Starting AdaBoostRegressor
2019-01-12 22:19:35,102 - INFO - sweep done in: 11.88 min
2019-01-12 22:19:35,121 - INFO - Starting a new sweep for grid mode: basic
2019-01-12 22:19:35,153 - INFO - List of dynamic market fields: ['volatility_0_5_after', 'pips_candle_0_5_after', 'volatility_5_10_after', 'pips_candle_5_10_after', 'volatility_10_15_after', 'pips_candle_10_15_after', 'volatility_15_20_after', 'pips_candle_15_20_after', 'volatility_20_25_after', 'pips_candle_20_25_after', 'volatility_25_30_after', 'pips_candle_25_30_after', 'volatility_30_60_after', 'pips_candle_30_60_after', 'pips_candle_max_30_60_after', 'pips_candle_min_30_60_after', 'volatility_60_0_before', 'pips_agg_60_0_before', 'datetime', 'pips_candle_min_60_240_after']
2019-01-12 22:19:35,535 - INFO - X columns for the classification model: ['volatility_15_20_after', 'volatility_25_30_after', 'fe_better', 'volatility_20_25_after', 'pe_accurate', 'forecast_error_diff_deviation', 'pips_candle_20_25_after', 'year', 'volatility_60_0_before', 'previous_error_diff_deviation', 'fe_accurate', 'pips_candle_min_30_60_after', 'previous_error_diff_outlier_class', 'pips_candle_25_30_after', 'new_id', 'pips_candle_30_60_after', 'High', 'volatility_10_15_after', 'weekday', 'fe_worse', 'pips_candle_5_10_after', 'pips_candle_15_20_after', 'pe_better', 'pips_candle_0_5_after', 'forecast_error_diff_outlier_class', 'volatility_0_5_after', 'volatility_5_10_after', 'pips_candle_10_15_after', 'pips_agg_60_0_before', 'pe_worse', 'volatility_30_60_after', 'num_news', 'pips_candle_max_30_60_after', 'week']
2019-01-12 22:19:35,535 - INFO - y dependent variable: reaction_min_60_240_after
2019-01-12 22:19:35,565 - INFO - Starting KNeighborsClassifier
2019-01-12 22:19:56,767 - INFO - Starting SVC - rbf
2019-01-12 22:20:11,506 - INFO - Starting DecisionTreeClassifier
2019-01-12 22:20:15,263 - INFO - Starting RandomForestClassifier
2019-01-12 22:24:09,981 - INFO - Starting XGBClassifier
2019-01-12 22:24:12,637 - INFO - Starting GradientBoostingClassifier
2019-01-12 22:24:19,243 - INFO - Starting AdaBoostClassifier
2019-01-12 22:24:27,881 - INFO - X columns for the regression model: ['volatility_15_20_after', 'volatility_25_30_after', 'fe_better', 'volatility_20_25_after', 'pe_accurate', 'forecast_error_diff_deviation', 'pips_candle_20_25_after', 'year', 'volatility_60_0_before', 'previous_error_diff_deviation', 'fe_accurate', 'pips_candle_min_30_60_after', 'previous_error_diff_outlier_class', 'pips_candle_25_30_after', 'new_id', 'pips_candle_30_60_after', 'High', 'volatility_10_15_after', 'weekday', 'fe_worse', 'pips_candle_5_10_after', 'pips_candle_15_20_after', 'pe_better', 'pips_candle_0_5_after', 'forecast_error_diff_outlier_class', 'volatility_0_5_after', 'volatility_5_10_after', 'pips_candle_10_15_after', 'pips_agg_60_0_before', 'pe_worse', 'volatility_30_60_after', 'num_news', 'pips_candle_max_30_60_after', 'week']
2019-01-12 22:24:27,901 - INFO - Starting KNeighborsRegressor
2019-01-12 22:24:48,679 - INFO - Starting SVR - rbf
2019-01-12 22:25:03,288 - INFO - Starting DecisionTreeRegressor
2019-01-12 22:25:07,228 - INFO - Starting RandomForestRegressor
2019-01-12 22:31:06,512 - INFO - Starting XGBRegressor
2019-01-12 22:31:08,458 - INFO - Starting GradientBoostingRegressor
2019-01-12 22:31:12,237 - INFO - Starting AdaBoostRegressor
2019-01-12 22:31:20,463 - INFO - sweep done in: 11.76 min
