2019-01-11 19:23:59,378 - INFO - #########################
2019-01-11 19:23:59,378 - INFO - 
2019-01-11 19:23:59,378 - INFO - Starting a new sweep, grouping news by: ALL_NO_1_1_1
2019-01-11 19:25:13,474 - INFO - Starting a new sweep with market features: basic
2019-01-11 19:25:13,474 - INFO - Starting a new sweep, features before the publication are: included
2019-01-11 19:25:13,474 - INFO - Starting a new sweep, delay in between buying-selling is: 30_180
2019-01-11 19:25:13,474 - INFO - Starting a new sweep for grid mode: basic
2019-01-11 19:25:13,474 - INFO - List of dynamic market fields: ['volatility_0_5_after', 'pips_candle_0_5_after', 'volatility_5_10_after', 'pips_candle_5_10_after', 'volatility_10_15_after', 'pips_candle_10_15_after', 'volatility_15_20_after', 'pips_candle_15_20_after', 'volatility_20_25_after', 'pips_candle_20_25_after', 'volatility_25_30_after', 'pips_candle_25_30_after', 'volatility_60_0_before', 'pips_agg_60_0_before', 'datetime', 'pips_candle_max_30_180_after']
2019-01-11 19:25:15,632 - INFO - X columns for the classification model: ['volatility_5_10_after', 'fe_better', 'pips_candle_20_25_after', 'forecast_error_diff_deviation', 'pips_agg_60_0_before', 'pips_candle_15_20_after', 'forecast_error_diff_outlier_class', 'pe_accurate', 'volatility_0_5_after', 'new_id', 'High', 'pips_candle_0_5_after', 'num_news', 'week', 'volatility_10_15_after', 'Medium', 'fe_worse', 'previous_error_diff_outlier_class', 'pe_worse', 'Low', 'pips_candle_10_15_after', 'pips_candle_25_30_after', 'previous_error_diff_deviation', 'weekday', 'volatility_15_20_after', 'pips_candle_5_10_after', 'pe_better', 'volatility_20_25_after', 'volatility_60_0_before', 'fe_accurate', 'volatility_25_30_after', 'year']
2019-01-11 19:25:15,633 - INFO - y dependent variable: reaction_max_30_180_after
2019-01-11 19:25:15,774 - INFO - Starting KNeighborsClassifier
2019-01-11 19:31:24,265 - INFO - Starting SVC - rbf
2019-01-11 19:39:23,956 - INFO - Starting DecisionTreeClassifier
2019-01-11 19:39:57,470 - INFO - Starting RandomForestClassifier
2019-01-11 20:00:53,747 - INFO - Starting XGBClassifier
2019-01-11 20:01:13,297 - INFO - Starting GradientBoostingClassifier
2019-01-11 20:02:02,170 - INFO - Starting AdaBoostClassifier
2019-01-11 20:02:48,968 - INFO - X columns for the regression model: ['volatility_5_10_after', 'fe_better', 'pips_candle_20_25_after', 'forecast_error_diff_deviation', 'pips_agg_60_0_before', 'pips_candle_15_20_after', 'forecast_error_diff_outlier_class', 'pe_accurate', 'volatility_0_5_after', 'new_id', 'High', 'pips_candle_0_5_after', 'num_news', 'week', 'volatility_10_15_after', 'Medium', 'fe_worse', 'previous_error_diff_outlier_class', 'pe_worse', 'Low', 'pips_candle_10_15_after', 'pips_candle_25_30_after', 'previous_error_diff_deviation', 'weekday', 'volatility_15_20_after', 'pips_candle_5_10_after', 'pe_better', 'volatility_20_25_after', 'volatility_60_0_before', 'fe_accurate', 'volatility_25_30_after', 'year']
2019-01-11 20:02:49,106 - INFO - Starting KNeighborsRegressor
2019-01-11 20:08:40,422 - INFO - Starting SVR - rbf
2019-01-11 20:16:00,555 - INFO - Starting DecisionTreeRegressor
2019-01-11 20:16:34,112 - INFO - Starting RandomForestRegressor
2019-01-11 21:10:02,274 - INFO - Starting XGBRegressor
2019-01-11 21:10:25,404 - INFO - Starting GradientBoostingRegressor
2019-01-11 21:11:08,767 - INFO - Starting AdaBoostRegressor
2019-01-11 21:12:01,158 - INFO - sweep done in: 106.79 min
2019-01-11 21:12:01,188 - INFO - Starting a new sweep for grid mode: basic
2019-01-11 21:12:01,189 - INFO - List of dynamic market fields: ['volatility_0_5_after', 'pips_candle_0_5_after', 'volatility_5_10_after', 'pips_candle_5_10_after', 'volatility_10_15_after', 'pips_candle_10_15_after', 'volatility_15_20_after', 'pips_candle_15_20_after', 'volatility_20_25_after', 'pips_candle_20_25_after', 'volatility_25_30_after', 'pips_candle_25_30_after', 'volatility_60_0_before', 'pips_agg_60_0_before', 'datetime', 'pips_candle_min_30_180_after']
2019-01-11 21:12:03,263 - INFO - X columns for the classification model: ['volatility_5_10_after', 'fe_better', 'pips_candle_20_25_after', 'forecast_error_diff_deviation', 'pips_agg_60_0_before', 'pips_candle_15_20_after', 'forecast_error_diff_outlier_class', 'pe_accurate', 'volatility_0_5_after', 'new_id', 'High', 'pips_candle_0_5_after', 'num_news', 'week', 'volatility_10_15_after', 'Medium', 'fe_worse', 'previous_error_diff_outlier_class', 'pe_worse', 'Low', 'pips_candle_10_15_after', 'pips_candle_25_30_after', 'previous_error_diff_deviation', 'weekday', 'volatility_15_20_after', 'pips_candle_5_10_after', 'pe_better', 'volatility_20_25_after', 'volatility_60_0_before', 'fe_accurate', 'volatility_25_30_after', 'year']
2019-01-11 21:12:03,264 - INFO - y dependent variable: reaction_min_30_180_after
2019-01-11 21:12:03,402 - INFO - Starting KNeighborsClassifier
2019-01-11 21:17:18,110 - INFO - Starting SVC - rbf
2019-01-11 21:24:57,753 - INFO - Starting DecisionTreeClassifier
2019-01-11 21:25:33,433 - INFO - Starting RandomForestClassifier
2019-01-11 21:46:53,995 - INFO - Starting XGBClassifier
2019-01-11 21:47:14,154 - INFO - Starting GradientBoostingClassifier
2019-01-11 21:48:07,278 - INFO - Starting AdaBoostClassifier
2019-01-11 21:48:57,127 - INFO - X columns for the regression model: ['volatility_5_10_after', 'fe_better', 'pips_candle_20_25_after', 'forecast_error_diff_deviation', 'pips_agg_60_0_before', 'pips_candle_15_20_after', 'forecast_error_diff_outlier_class', 'pe_accurate', 'volatility_0_5_after', 'new_id', 'High', 'pips_candle_0_5_after', 'num_news', 'week', 'volatility_10_15_after', 'Medium', 'fe_worse', 'previous_error_diff_outlier_class', 'pe_worse', 'Low', 'pips_candle_10_15_after', 'pips_candle_25_30_after', 'previous_error_diff_deviation', 'weekday', 'volatility_15_20_after', 'pips_candle_5_10_after', 'pe_better', 'volatility_20_25_after', 'volatility_60_0_before', 'fe_accurate', 'volatility_25_30_after', 'year']
2019-01-11 21:48:57,275 - INFO - Starting KNeighborsRegressor
2019-01-11 21:54:41,137 - INFO - Starting SVR - rbf
2019-01-11 22:02:32,550 - INFO - Starting DecisionTreeRegressor
2019-01-11 22:03:12,297 - INFO - Starting RandomForestRegressor
2019-01-11 22:56:52,335 - INFO - Starting XGBRegressor
2019-01-11 22:57:12,455 - INFO - Starting GradientBoostingRegressor
2019-01-11 22:57:54,074 - INFO - Starting AdaBoostRegressor
2019-01-11 22:58:57,754 - INFO - sweep done in: 106.94 min
2019-01-11 22:58:57,757 - INFO - Starting a new sweep with market features: all
2019-01-11 22:58:57,758 - INFO - Starting a new sweep, features before the publication are: included
2019-01-11 22:58:57,758 - INFO - Starting a new sweep, delay in between buying-selling is: 30_180
2019-01-11 22:58:57,758 - INFO - Starting a new sweep for grid mode: basic
2019-01-11 22:58:57,758 - INFO - List of dynamic market fields: ['volatility_0_5_after', 'pips_candle_0_5_after', 'volatility_5_10_after', 'pips_candle_5_10_after', 'volatility_10_15_after', 'pips_candle_10_15_after', 'volatility_15_20_after', 'pips_candle_15_20_after', 'volatility_20_25_after', 'pips_candle_20_25_after', 'volatility_25_30_after', 'pips_candle_25_30_after', 'volatility_60_0_before', 'pips_agg_60_0_before', 'datetime', 'pips_candle_max_30_180_after']
2019-01-11 22:58:59,590 - INFO - X columns for the classification model: ['volatility_5_10_after', 'fe_better', 'pips_candle_20_25_after', 'forecast_error_diff_deviation', 'pips_agg_60_0_before', 'pips_candle_15_20_after', 'forecast_error_diff_outlier_class', 'pe_accurate', 'volatility_0_5_after', 'new_id', 'High', 'pips_candle_0_5_after', 'num_news', 'week', 'volatility_10_15_after', 'Medium', 'fe_worse', 'previous_error_diff_outlier_class', 'pe_worse', 'Low', 'pips_candle_10_15_after', 'pips_candle_25_30_after', 'previous_error_diff_deviation', 'weekday', 'volatility_15_20_after', 'pips_candle_5_10_after', 'pe_better', 'volatility_20_25_after', 'volatility_60_0_before', 'fe_accurate', 'volatility_25_30_after', 'year']
2019-01-11 22:58:59,603 - INFO - y dependent variable: reaction_max_30_180_after
2019-01-11 22:58:59,742 - INFO - Starting KNeighborsClassifier
2019-01-11 23:04:50,132 - INFO - Starting SVC - rbf
2019-01-11 23:12:42,902 - INFO - Starting DecisionTreeClassifier
2019-01-11 23:13:17,068 - INFO - Starting RandomForestClassifier
2019-01-11 23:35:49,389 - INFO - Starting XGBClassifier
2019-01-11 23:36:09,425 - INFO - Starting GradientBoostingClassifier
2019-01-11 23:36:58,829 - INFO - Starting AdaBoostClassifier
2019-01-11 23:37:49,192 - INFO - X columns for the regression model: ['volatility_5_10_after', 'fe_better', 'pips_candle_20_25_after', 'forecast_error_diff_deviation', 'pips_agg_60_0_before', 'pips_candle_15_20_after', 'forecast_error_diff_outlier_class', 'pe_accurate', 'volatility_0_5_after', 'new_id', 'High', 'pips_candle_0_5_after', 'num_news', 'week', 'volatility_10_15_after', 'Medium', 'fe_worse', 'previous_error_diff_outlier_class', 'pe_worse', 'Low', 'pips_candle_10_15_after', 'pips_candle_25_30_after', 'previous_error_diff_deviation', 'weekday', 'volatility_15_20_after', 'pips_candle_5_10_after', 'pe_better', 'volatility_20_25_after', 'volatility_60_0_before', 'fe_accurate', 'volatility_25_30_after', 'year']
2019-01-11 23:37:49,326 - INFO - Starting KNeighborsRegressor
2019-01-11 23:43:26,341 - INFO - Starting SVR - rbf
2019-01-11 23:50:38,784 - INFO - Starting DecisionTreeRegressor
2019-01-11 23:51:11,759 - INFO - Starting RandomForestRegressor
2019-01-12 00:41:14,202 - INFO - Starting XGBRegressor
2019-01-12 00:41:33,471 - INFO - Starting GradientBoostingRegressor
2019-01-12 00:42:13,749 - INFO - Starting AdaBoostRegressor
2019-01-12 00:43:03,729 - INFO - sweep done in: 104.10 min
2019-01-12 00:43:03,749 - INFO - Starting a new sweep for grid mode: basic
2019-01-12 00:43:03,749 - INFO - List of dynamic market fields: ['volatility_0_5_after', 'pips_candle_0_5_after', 'volatility_5_10_after', 'pips_candle_5_10_after', 'volatility_10_15_after', 'pips_candle_10_15_after', 'volatility_15_20_after', 'pips_candle_15_20_after', 'volatility_20_25_after', 'pips_candle_20_25_after', 'volatility_25_30_after', 'pips_candle_25_30_after', 'volatility_60_0_before', 'pips_agg_60_0_before', 'datetime', 'pips_candle_min_30_180_after']
2019-01-12 00:43:05,410 - INFO - X columns for the classification model: ['volatility_5_10_after', 'fe_better', 'pips_candle_20_25_after', 'forecast_error_diff_deviation', 'pips_agg_60_0_before', 'pips_candle_15_20_after', 'forecast_error_diff_outlier_class', 'pe_accurate', 'volatility_0_5_after', 'new_id', 'High', 'pips_candle_0_5_after', 'num_news', 'week', 'volatility_10_15_after', 'Medium', 'fe_worse', 'previous_error_diff_outlier_class', 'pe_worse', 'Low', 'pips_candle_10_15_after', 'pips_candle_25_30_after', 'previous_error_diff_deviation', 'weekday', 'volatility_15_20_after', 'pips_candle_5_10_after', 'pe_better', 'volatility_20_25_after', 'volatility_60_0_before', 'fe_accurate', 'volatility_25_30_after', 'year']
2019-01-12 00:43:05,410 - INFO - y dependent variable: reaction_min_30_180_after
2019-01-12 00:43:05,585 - INFO - Starting KNeighborsClassifier
2019-01-12 00:48:17,881 - INFO - Starting SVC - rbf
2019-01-12 00:55:25,258 - INFO - Starting DecisionTreeClassifier
2019-01-12 00:55:57,950 - INFO - Starting RandomForestClassifier
2019-01-12 01:16:05,782 - INFO - Starting XGBClassifier
2019-01-12 01:16:25,979 - INFO - Starting GradientBoostingClassifier
2019-01-12 01:17:17,923 - INFO - Starting AdaBoostClassifier
2019-01-12 01:18:07,213 - INFO - X columns for the regression model: ['volatility_5_10_after', 'fe_better', 'pips_candle_20_25_after', 'forecast_error_diff_deviation', 'pips_agg_60_0_before', 'pips_candle_15_20_after', 'forecast_error_diff_outlier_class', 'pe_accurate', 'volatility_0_5_after', 'new_id', 'High', 'pips_candle_0_5_after', 'num_news', 'week', 'volatility_10_15_after', 'Medium', 'fe_worse', 'previous_error_diff_outlier_class', 'pe_worse', 'Low', 'pips_candle_10_15_after', 'pips_candle_25_30_after', 'previous_error_diff_deviation', 'weekday', 'volatility_15_20_after', 'pips_candle_5_10_after', 'pe_better', 'volatility_20_25_after', 'volatility_60_0_before', 'fe_accurate', 'volatility_25_30_after', 'year']
2019-01-12 01:18:07,352 - INFO - Starting KNeighborsRegressor
2019-01-12 01:24:12,436 - INFO - Starting SVR - rbf
2019-01-12 01:31:22,847 - INFO - Starting DecisionTreeRegressor
2019-01-12 01:31:54,951 - INFO - Starting RandomForestRegressor
2019-01-12 02:22:11,779 - INFO - Starting XGBRegressor
2019-01-12 02:22:30,789 - INFO - Starting GradientBoostingRegressor
2019-01-12 02:23:09,704 - INFO - Starting AdaBoostRegressor
2019-01-12 02:24:10,133 - INFO - sweep done in: 101.11 min
2019-01-12 02:24:10,136 - INFO - #########################
2019-01-12 02:24:10,136 - INFO - 
2019-01-12 02:24:10,137 - INFO - Starting a new sweep, grouping news by: ALL_NO_3_2_1
2019-01-12 02:25:20,005 - INFO - Starting a new sweep with market features: basic
2019-01-12 02:25:20,005 - INFO - Starting a new sweep, features before the publication are: included
2019-01-12 02:25:20,005 - INFO - Starting a new sweep, delay in between buying-selling is: 30_180
2019-01-12 02:25:20,005 - INFO - Starting a new sweep for grid mode: basic
2019-01-12 02:25:20,006 - INFO - List of dynamic market fields: ['volatility_0_5_after', 'pips_candle_0_5_after', 'volatility_5_10_after', 'pips_candle_5_10_after', 'volatility_10_15_after', 'pips_candle_10_15_after', 'volatility_15_20_after', 'pips_candle_15_20_after', 'volatility_20_25_after', 'pips_candle_20_25_after', 'volatility_25_30_after', 'pips_candle_25_30_after', 'volatility_60_0_before', 'pips_agg_60_0_before', 'datetime', 'pips_candle_max_30_180_after']
2019-01-12 02:25:21,773 - INFO - X columns for the classification model: ['volatility_5_10_after', 'fe_better', 'pips_candle_20_25_after', 'forecast_error_diff_deviation', 'pips_agg_60_0_before', 'pips_candle_15_20_after', 'forecast_error_diff_outlier_class', 'pe_accurate', 'volatility_0_5_after', 'new_id', 'High', 'pips_candle_0_5_after', 'num_news', 'week', 'volatility_10_15_after', 'Medium', 'fe_worse', 'previous_error_diff_outlier_class', 'pe_worse', 'Low', 'pips_candle_10_15_after', 'pips_candle_25_30_after', 'previous_error_diff_deviation', 'weekday', 'volatility_15_20_after', 'pips_candle_5_10_after', 'pe_better', 'volatility_20_25_after', 'volatility_60_0_before', 'fe_accurate', 'volatility_25_30_after', 'year']
2019-01-12 02:25:21,774 - INFO - y dependent variable: reaction_max_30_180_after
2019-01-12 02:25:21,964 - INFO - Starting KNeighborsClassifier
2019-01-12 02:30:30,269 - INFO - Starting SVC - rbf
2019-01-12 02:37:49,897 - INFO - Starting DecisionTreeClassifier
2019-01-12 02:38:23,699 - INFO - Starting RandomForestClassifier
2019-01-12 02:58:52,266 - INFO - Starting XGBClassifier
2019-01-12 02:59:11,191 - INFO - Starting GradientBoostingClassifier
2019-01-12 02:59:58,101 - INFO - Starting AdaBoostClassifier
2019-01-12 03:00:44,582 - INFO - X columns for the regression model: ['volatility_5_10_after', 'fe_better', 'pips_candle_20_25_after', 'forecast_error_diff_deviation', 'pips_agg_60_0_before', 'pips_candle_15_20_after', 'forecast_error_diff_outlier_class', 'pe_accurate', 'volatility_0_5_after', 'new_id', 'High', 'pips_candle_0_5_after', 'num_news', 'week', 'volatility_10_15_after', 'Medium', 'fe_worse', 'previous_error_diff_outlier_class', 'pe_worse', 'Low', 'pips_candle_10_15_after', 'pips_candle_25_30_after', 'previous_error_diff_deviation', 'weekday', 'volatility_15_20_after', 'pips_candle_5_10_after', 'pe_better', 'volatility_20_25_after', 'volatility_60_0_before', 'fe_accurate', 'volatility_25_30_after', 'year']
2019-01-12 03:00:44,708 - INFO - Starting KNeighborsRegressor
2019-01-12 03:05:58,866 - INFO - Starting SVR - rbf
2019-01-12 03:12:54,975 - INFO - Starting DecisionTreeRegressor
2019-01-12 03:13:28,543 - INFO - Starting RandomForestRegressor
2019-01-12 04:06:07,097 - INFO - Starting XGBRegressor
2019-01-12 04:06:26,388 - INFO - Starting GradientBoostingRegressor
2019-01-12 04:07:07,364 - INFO - Starting AdaBoostRegressor
2019-01-12 04:08:04,753 - INFO - sweep done in: 102.75 min
2019-01-12 04:08:04,771 - INFO - Starting a new sweep for grid mode: basic
2019-01-12 04:08:04,771 - INFO - List of dynamic market fields: ['volatility_0_5_after', 'pips_candle_0_5_after', 'volatility_5_10_after', 'pips_candle_5_10_after', 'volatility_10_15_after', 'pips_candle_10_15_after', 'volatility_15_20_after', 'pips_candle_15_20_after', 'volatility_20_25_after', 'pips_candle_20_25_after', 'volatility_25_30_after', 'pips_candle_25_30_after', 'volatility_60_0_before', 'pips_agg_60_0_before', 'datetime', 'pips_candle_min_30_180_after']
2019-01-12 04:08:06,594 - INFO - X columns for the classification model: ['volatility_5_10_after', 'fe_better', 'pips_candle_20_25_after', 'forecast_error_diff_deviation', 'pips_agg_60_0_before', 'pips_candle_15_20_after', 'forecast_error_diff_outlier_class', 'pe_accurate', 'volatility_0_5_after', 'new_id', 'High', 'pips_candle_0_5_after', 'num_news', 'week', 'volatility_10_15_after', 'Medium', 'fe_worse', 'previous_error_diff_outlier_class', 'pe_worse', 'Low', 'pips_candle_10_15_after', 'pips_candle_25_30_after', 'previous_error_diff_deviation', 'weekday', 'volatility_15_20_after', 'pips_candle_5_10_after', 'pe_better', 'volatility_20_25_after', 'volatility_60_0_before', 'fe_accurate', 'volatility_25_30_after', 'year']
2019-01-12 04:08:06,595 - INFO - y dependent variable: reaction_min_30_180_after
2019-01-12 04:08:06,765 - INFO - Starting KNeighborsClassifier
2019-01-12 04:13:26,631 - INFO - Starting SVC - rbf
2019-01-12 04:20:35,993 - INFO - Starting DecisionTreeClassifier
2019-01-12 04:21:09,225 - INFO - Starting RandomForestClassifier
2019-01-12 04:41:38,097 - INFO - Starting XGBClassifier
2019-01-12 04:41:58,865 - INFO - Starting GradientBoostingClassifier
2019-01-12 04:42:50,289 - INFO - Starting AdaBoostClassifier
2019-01-12 04:43:37,734 - INFO - X columns for the regression model: ['volatility_5_10_after', 'fe_better', 'pips_candle_20_25_after', 'forecast_error_diff_deviation', 'pips_agg_60_0_before', 'pips_candle_15_20_after', 'forecast_error_diff_outlier_class', 'pe_accurate', 'volatility_0_5_after', 'new_id', 'High', 'pips_candle_0_5_after', 'num_news', 'week', 'volatility_10_15_after', 'Medium', 'fe_worse', 'previous_error_diff_outlier_class', 'pe_worse', 'Low', 'pips_candle_10_15_after', 'pips_candle_25_30_after', 'previous_error_diff_deviation', 'weekday', 'volatility_15_20_after', 'pips_candle_5_10_after', 'pe_better', 'volatility_20_25_after', 'volatility_60_0_before', 'fe_accurate', 'volatility_25_30_after', 'year']
2019-01-12 04:43:37,865 - INFO - Starting KNeighborsRegressor
2019-01-12 04:48:37,765 - INFO - Starting SVR - rbf
2019-01-12 04:55:29,212 - INFO - Starting DecisionTreeRegressor
2019-01-12 04:56:01,890 - INFO - Starting RandomForestRegressor
2019-01-12 05:48:29,684 - INFO - Starting XGBRegressor
2019-01-12 05:48:49,292 - INFO - Starting GradientBoostingRegressor
2019-01-12 05:49:32,295 - INFO - Starting AdaBoostRegressor
2019-01-12 05:50:46,478 - INFO - sweep done in: 102.70 min
2019-01-12 05:50:46,482 - INFO - Starting a new sweep with market features: all
2019-01-12 05:50:46,482 - INFO - Starting a new sweep, features before the publication are: included
2019-01-12 05:50:46,483 - INFO - Starting a new sweep, delay in between buying-selling is: 30_180
2019-01-12 05:50:46,483 - INFO - Starting a new sweep for grid mode: basic
2019-01-12 05:50:46,483 - INFO - List of dynamic market fields: ['volatility_0_5_after', 'pips_candle_0_5_after', 'volatility_5_10_after', 'pips_candle_5_10_after', 'volatility_10_15_after', 'pips_candle_10_15_after', 'volatility_15_20_after', 'pips_candle_15_20_after', 'volatility_20_25_after', 'pips_candle_20_25_after', 'volatility_25_30_after', 'pips_candle_25_30_after', 'volatility_60_0_before', 'pips_agg_60_0_before', 'datetime', 'pips_candle_max_30_180_after']
2019-01-12 05:50:48,329 - INFO - X columns for the classification model: ['volatility_5_10_after', 'fe_better', 'pips_candle_20_25_after', 'forecast_error_diff_deviation', 'pips_agg_60_0_before', 'pips_candle_15_20_after', 'forecast_error_diff_outlier_class', 'pe_accurate', 'volatility_0_5_after', 'new_id', 'High', 'pips_candle_0_5_after', 'num_news', 'week', 'volatility_10_15_after', 'Medium', 'fe_worse', 'previous_error_diff_outlier_class', 'pe_worse', 'Low', 'pips_candle_10_15_after', 'pips_candle_25_30_after', 'previous_error_diff_deviation', 'weekday', 'volatility_15_20_after', 'pips_candle_5_10_after', 'pe_better', 'volatility_20_25_after', 'volatility_60_0_before', 'fe_accurate', 'volatility_25_30_after', 'year']
2019-01-12 05:50:48,330 - INFO - y dependent variable: reaction_max_30_180_after
2019-01-12 05:50:48,517 - INFO - Starting KNeighborsClassifier
2019-01-12 05:56:16,095 - INFO - Starting SVC - rbf
2019-01-12 06:03:34,661 - INFO - Starting DecisionTreeClassifier
2019-01-12 06:04:08,466 - INFO - Starting RandomForestClassifier
2019-01-12 06:24:36,386 - INFO - Starting XGBClassifier
2019-01-12 06:24:54,986 - INFO - Starting GradientBoostingClassifier
2019-01-12 06:25:41,876 - INFO - Starting AdaBoostClassifier
2019-01-12 06:26:28,833 - INFO - X columns for the regression model: ['volatility_5_10_after', 'fe_better', 'pips_candle_20_25_after', 'forecast_error_diff_deviation', 'pips_agg_60_0_before', 'pips_candle_15_20_after', 'forecast_error_diff_outlier_class', 'pe_accurate', 'volatility_0_5_after', 'new_id', 'High', 'pips_candle_0_5_after', 'num_news', 'week', 'volatility_10_15_after', 'Medium', 'fe_worse', 'previous_error_diff_outlier_class', 'pe_worse', 'Low', 'pips_candle_10_15_after', 'pips_candle_25_30_after', 'previous_error_diff_deviation', 'weekday', 'volatility_15_20_after', 'pips_candle_5_10_after', 'pe_better', 'volatility_20_25_after', 'volatility_60_0_before', 'fe_accurate', 'volatility_25_30_after', 'year']
2019-01-12 06:26:28,962 - INFO - Starting KNeighborsRegressor
2019-01-12 06:31:33,728 - INFO - Starting SVR - rbf
2019-01-12 06:38:22,317 - INFO - Starting DecisionTreeRegressor
2019-01-12 06:38:55,039 - INFO - Starting RandomForestRegressor
2019-01-12 07:31:12,897 - INFO - Starting XGBRegressor
2019-01-12 07:31:32,790 - INFO - Starting GradientBoostingRegressor
2019-01-12 07:32:15,119 - INFO - Starting AdaBoostRegressor
2019-01-12 07:33:15,839 - INFO - sweep done in: 102.49 min
2019-01-12 07:33:15,844 - INFO - Starting a new sweep for grid mode: basic
2019-01-12 07:33:15,845 - INFO - List of dynamic market fields: ['volatility_0_5_after', 'pips_candle_0_5_after', 'volatility_5_10_after', 'pips_candle_5_10_after', 'volatility_10_15_after', 'pips_candle_10_15_after', 'volatility_15_20_after', 'pips_candle_15_20_after', 'volatility_20_25_after', 'pips_candle_20_25_after', 'volatility_25_30_after', 'pips_candle_25_30_after', 'volatility_60_0_before', 'pips_agg_60_0_before', 'datetime', 'pips_candle_min_30_180_after']
2019-01-12 07:33:17,674 - INFO - X columns for the classification model: ['volatility_5_10_after', 'fe_better', 'pips_candle_20_25_after', 'forecast_error_diff_deviation', 'pips_agg_60_0_before', 'pips_candle_15_20_after', 'forecast_error_diff_outlier_class', 'pe_accurate', 'volatility_0_5_after', 'new_id', 'High', 'pips_candle_0_5_after', 'num_news', 'week', 'volatility_10_15_after', 'Medium', 'fe_worse', 'previous_error_diff_outlier_class', 'pe_worse', 'Low', 'pips_candle_10_15_after', 'pips_candle_25_30_after', 'previous_error_diff_deviation', 'weekday', 'volatility_15_20_after', 'pips_candle_5_10_after', 'pe_better', 'volatility_20_25_after', 'volatility_60_0_before', 'fe_accurate', 'volatility_25_30_after', 'year']
2019-01-12 07:33:17,696 - INFO - y dependent variable: reaction_min_30_180_after
2019-01-12 07:33:17,886 - INFO - Starting KNeighborsClassifier
2019-01-12 07:39:10,130 - INFO - Starting SVC - rbf
2019-01-12 07:46:36,191 - INFO - Starting DecisionTreeClassifier
2019-01-12 07:47:09,847 - INFO - Starting RandomForestClassifier
2019-01-12 08:07:51,370 - INFO - Starting XGBClassifier
2019-01-12 08:08:12,458 - INFO - Starting GradientBoostingClassifier
2019-01-12 08:09:04,652 - INFO - Starting AdaBoostClassifier
2019-01-12 08:09:52,717 - INFO - X columns for the regression model: ['volatility_5_10_after', 'fe_better', 'pips_candle_20_25_after', 'forecast_error_diff_deviation', 'pips_agg_60_0_before', 'pips_candle_15_20_after', 'forecast_error_diff_outlier_class', 'pe_accurate', 'volatility_0_5_after', 'new_id', 'High', 'pips_candle_0_5_after', 'num_news', 'week', 'volatility_10_15_after', 'Medium', 'fe_worse', 'previous_error_diff_outlier_class', 'pe_worse', 'Low', 'pips_candle_10_15_after', 'pips_candle_25_30_after', 'previous_error_diff_deviation', 'weekday', 'volatility_15_20_after', 'pips_candle_5_10_after', 'pe_better', 'volatility_20_25_after', 'volatility_60_0_before', 'fe_accurate', 'volatility_25_30_after', 'year']
2019-01-12 08:09:52,861 - INFO - Starting KNeighborsRegressor
2019-01-12 08:14:57,219 - INFO - Starting SVR - rbf
2019-01-12 08:21:50,158 - INFO - Starting DecisionTreeRegressor
2019-01-12 08:22:23,208 - INFO - Starting RandomForestRegressor
2019-01-12 09:14:41,790 - INFO - Starting XGBRegressor
2019-01-12 09:15:00,863 - INFO - Starting GradientBoostingRegressor
2019-01-12 09:15:40,438 - INFO - Starting AdaBoostRegressor
2019-01-12 09:16:48,873 - INFO - sweep done in: 103.55 min
2019-01-12 09:16:48,906 - INFO - #########################
2019-01-12 09:16:48,906 - INFO - 
2019-01-12 09:16:48,906 - INFO - Starting a new sweep, grouping news by: ALL_YES_1_1_1
2019-01-12 09:18:00,767 - INFO - Starting a new sweep with market features: basic
2019-01-12 09:18:00,767 - INFO - Starting a new sweep, features before the publication are: included
2019-01-12 09:18:00,767 - INFO - Starting a new sweep, delay in between buying-selling is: 30_180
2019-01-12 09:18:00,768 - INFO - Starting a new sweep for grid mode: basic
2019-01-12 09:18:00,768 - INFO - List of dynamic market fields: ['volatility_0_5_after', 'pips_candle_0_5_after', 'volatility_5_10_after', 'pips_candle_5_10_after', 'volatility_10_15_after', 'pips_candle_10_15_after', 'volatility_15_20_after', 'pips_candle_15_20_after', 'volatility_20_25_after', 'pips_candle_20_25_after', 'volatility_25_30_after', 'pips_candle_25_30_after', 'volatility_60_0_before', 'pips_agg_60_0_before', 'datetime', 'pips_candle_max_30_180_after']
2019-01-12 09:18:02,268 - INFO - X columns for the classification model: ['volatility_5_10_after', 'fe_better', 'pips_candle_20_25_after', 'forecast_error_diff_deviation', 'pips_agg_60_0_before', 'pips_candle_15_20_after', 'forecast_error_diff_outlier_class', 'pe_accurate', 'volatility_0_5_after', 'new_id', 'High', 'pips_candle_0_5_after', 'num_news', 'week', 'volatility_10_15_after', 'Medium', 'fe_worse', 'previous_error_diff_outlier_class', 'pe_worse', 'Low', 'pips_candle_10_15_after', 'pips_candle_25_30_after', 'previous_error_diff_deviation', 'weekday', 'volatility_15_20_after', 'pips_candle_5_10_after', 'pe_better', 'volatility_20_25_after', 'volatility_60_0_before', 'fe_accurate', 'volatility_25_30_after', 'year']
2019-01-12 09:18:02,269 - INFO - y dependent variable: reaction_max_30_180_after
2019-01-12 09:18:02,370 - INFO - Starting KNeighborsClassifier
2019-01-12 09:22:14,082 - INFO - Starting SVC - rbf
2019-01-12 09:26:24,701 - INFO - Starting DecisionTreeClassifier
2019-01-12 09:26:49,460 - INFO - Starting RandomForestClassifier
2019-01-12 09:45:39,499 - INFO - Starting XGBClassifier
2019-01-12 09:45:53,036 - INFO - Starting GradientBoostingClassifier
2019-01-12 09:46:27,436 - INFO - Starting AdaBoostClassifier
2019-01-12 09:47:08,612 - INFO - X columns for the regression model: ['volatility_5_10_after', 'fe_better', 'pips_candle_20_25_after', 'forecast_error_diff_deviation', 'pips_agg_60_0_before', 'pips_candle_15_20_after', 'forecast_error_diff_outlier_class', 'pe_accurate', 'volatility_0_5_after', 'new_id', 'High', 'pips_candle_0_5_after', 'num_news', 'week', 'volatility_10_15_after', 'Medium', 'fe_worse', 'previous_error_diff_outlier_class', 'pe_worse', 'Low', 'pips_candle_10_15_after', 'pips_candle_25_30_after', 'previous_error_diff_deviation', 'weekday', 'volatility_15_20_after', 'pips_candle_5_10_after', 'pe_better', 'volatility_20_25_after', 'volatility_60_0_before', 'fe_accurate', 'volatility_25_30_after', 'year']
2019-01-12 09:47:08,700 - INFO - Starting KNeighborsRegressor
2019-01-12 09:51:21,717 - INFO - Starting SVR - rbf
2019-01-12 09:54:51,929 - INFO - Starting DecisionTreeRegressor
2019-01-12 09:55:13,455 - INFO - Starting RandomForestRegressor
2019-01-12 10:31:25,234 - INFO - Starting XGBRegressor
2019-01-12 10:31:40,322 - INFO - Starting GradientBoostingRegressor
2019-01-12 10:32:09,559 - INFO - Starting AdaBoostRegressor
2019-01-12 10:32:48,863 - INFO - sweep done in: 74.80 min
2019-01-12 10:32:48,869 - INFO - Starting a new sweep for grid mode: basic
2019-01-12 10:32:48,869 - INFO - List of dynamic market fields: ['volatility_0_5_after', 'pips_candle_0_5_after', 'volatility_5_10_after', 'pips_candle_5_10_after', 'volatility_10_15_after', 'pips_candle_10_15_after', 'volatility_15_20_after', 'pips_candle_15_20_after', 'volatility_20_25_after', 'pips_candle_20_25_after', 'volatility_25_30_after', 'pips_candle_25_30_after', 'volatility_60_0_before', 'pips_agg_60_0_before', 'datetime', 'pips_candle_min_30_180_after']
2019-01-12 10:32:50,212 - INFO - X columns for the classification model: ['volatility_5_10_after', 'fe_better', 'pips_candle_20_25_after', 'forecast_error_diff_deviation', 'pips_agg_60_0_before', 'pips_candle_15_20_after', 'forecast_error_diff_outlier_class', 'pe_accurate', 'volatility_0_5_after', 'new_id', 'High', 'pips_candle_0_5_after', 'num_news', 'week', 'volatility_10_15_after', 'Medium', 'fe_worse', 'previous_error_diff_outlier_class', 'pe_worse', 'Low', 'pips_candle_10_15_after', 'pips_candle_25_30_after', 'previous_error_diff_deviation', 'weekday', 'volatility_15_20_after', 'pips_candle_5_10_after', 'pe_better', 'volatility_20_25_after', 'volatility_60_0_before', 'fe_accurate', 'volatility_25_30_after', 'year']
2019-01-12 10:32:50,212 - INFO - y dependent variable: reaction_min_30_180_after
2019-01-12 10:32:50,319 - INFO - Starting KNeighborsClassifier
2019-01-12 10:36:57,160 - INFO - Starting SVC - rbf
2019-01-12 10:40:49,698 - INFO - Starting DecisionTreeClassifier
2019-01-12 10:41:13,506 - INFO - Starting RandomForestClassifier
2019-01-12 10:58:13,639 - INFO - Starting XGBClassifier
2019-01-12 10:58:28,444 - INFO - Starting GradientBoostingClassifier
2019-01-12 10:59:03,842 - INFO - Starting AdaBoostClassifier
2019-01-12 10:59:42,218 - INFO - X columns for the regression model: ['volatility_5_10_after', 'fe_better', 'pips_candle_20_25_after', 'forecast_error_diff_deviation', 'pips_agg_60_0_before', 'pips_candle_15_20_after', 'forecast_error_diff_outlier_class', 'pe_accurate', 'volatility_0_5_after', 'new_id', 'High', 'pips_candle_0_5_after', 'num_news', 'week', 'volatility_10_15_after', 'Medium', 'fe_worse', 'previous_error_diff_outlier_class', 'pe_worse', 'Low', 'pips_candle_10_15_after', 'pips_candle_25_30_after', 'previous_error_diff_deviation', 'weekday', 'volatility_15_20_after', 'pips_candle_5_10_after', 'pe_better', 'volatility_20_25_after', 'volatility_60_0_before', 'fe_accurate', 'volatility_25_30_after', 'year']
2019-01-12 10:59:42,324 - INFO - Starting KNeighborsRegressor
2019-01-12 11:04:10,027 - INFO - Starting SVR - rbf
2019-01-12 11:07:44,726 - INFO - Starting DecisionTreeRegressor
2019-01-12 11:08:07,145 - INFO - Starting RandomForestRegressor
2019-01-12 11:42:26,135 - INFO - Starting XGBRegressor
2019-01-12 11:42:39,840 - INFO - Starting GradientBoostingRegressor
2019-01-12 11:43:06,481 - INFO - Starting AdaBoostRegressor
2019-01-12 11:43:45,248 - INFO - sweep done in: 70.94 min
2019-01-12 11:43:45,255 - INFO - Starting a new sweep with market features: all
2019-01-12 11:43:45,256 - INFO - Starting a new sweep, features before the publication are: included
2019-01-12 11:43:45,256 - INFO - Starting a new sweep, delay in between buying-selling is: 30_180
2019-01-12 11:43:45,256 - INFO - Starting a new sweep for grid mode: basic
2019-01-12 11:43:45,256 - INFO - List of dynamic market fields: ['volatility_0_5_after', 'pips_candle_0_5_after', 'volatility_5_10_after', 'pips_candle_5_10_after', 'volatility_10_15_after', 'pips_candle_10_15_after', 'volatility_15_20_after', 'pips_candle_15_20_after', 'volatility_20_25_after', 'pips_candle_20_25_after', 'volatility_25_30_after', 'pips_candle_25_30_after', 'volatility_60_0_before', 'pips_agg_60_0_before', 'datetime', 'pips_candle_max_30_180_after']
2019-01-12 11:43:46,774 - INFO - X columns for the classification model: ['volatility_5_10_after', 'fe_better', 'pips_candle_20_25_after', 'forecast_error_diff_deviation', 'pips_agg_60_0_before', 'pips_candle_15_20_after', 'forecast_error_diff_outlier_class', 'pe_accurate', 'volatility_0_5_after', 'new_id', 'High', 'pips_candle_0_5_after', 'num_news', 'week', 'volatility_10_15_after', 'Medium', 'fe_worse', 'previous_error_diff_outlier_class', 'pe_worse', 'Low', 'pips_candle_10_15_after', 'pips_candle_25_30_after', 'previous_error_diff_deviation', 'weekday', 'volatility_15_20_after', 'pips_candle_5_10_after', 'pe_better', 'volatility_20_25_after', 'volatility_60_0_before', 'fe_accurate', 'volatility_25_30_after', 'year']
2019-01-12 11:43:46,774 - INFO - y dependent variable: reaction_max_30_180_after
2019-01-12 11:43:46,879 - INFO - Starting KNeighborsClassifier
2019-01-12 11:47:23,824 - INFO - Starting SVC - rbf
2019-01-12 11:51:12,536 - INFO - Starting DecisionTreeClassifier
2019-01-12 11:51:35,772 - INFO - Starting RandomForestClassifier
2019-01-12 12:07:54,825 - INFO - Starting XGBClassifier
2019-01-12 12:08:08,153 - INFO - Starting GradientBoostingClassifier
2019-01-12 12:08:40,162 - INFO - Starting AdaBoostClassifier
2019-01-12 12:09:15,899 - INFO - X columns for the regression model: ['volatility_5_10_after', 'fe_better', 'pips_candle_20_25_after', 'forecast_error_diff_deviation', 'pips_agg_60_0_before', 'pips_candle_15_20_after', 'forecast_error_diff_outlier_class', 'pe_accurate', 'volatility_0_5_after', 'new_id', 'High', 'pips_candle_0_5_after', 'num_news', 'week', 'volatility_10_15_after', 'Medium', 'fe_worse', 'previous_error_diff_outlier_class', 'pe_worse', 'Low', 'pips_candle_10_15_after', 'pips_candle_25_30_after', 'previous_error_diff_deviation', 'weekday', 'volatility_15_20_after', 'pips_candle_5_10_after', 'pe_better', 'volatility_20_25_after', 'volatility_60_0_before', 'fe_accurate', 'volatility_25_30_after', 'year']
2019-01-12 12:09:15,991 - INFO - Starting KNeighborsRegressor
2019-01-12 12:13:18,227 - INFO - Starting SVR - rbf
2019-01-12 12:16:49,153 - INFO - Starting DecisionTreeRegressor
2019-01-12 12:17:11,541 - INFO - Starting RandomForestRegressor
2019-01-12 12:47:58,777 - INFO - Starting XGBRegressor
2019-01-12 12:48:11,016 - INFO - Starting GradientBoostingRegressor
2019-01-12 12:48:34,668 - INFO - Starting AdaBoostRegressor
2019-01-12 12:49:04,709 - INFO - sweep done in: 65.32 min
2019-01-12 12:49:04,724 - INFO - Starting a new sweep for grid mode: basic
2019-01-12 12:49:04,724 - INFO - List of dynamic market fields: ['volatility_0_5_after', 'pips_candle_0_5_after', 'volatility_5_10_after', 'pips_candle_5_10_after', 'volatility_10_15_after', 'pips_candle_10_15_after', 'volatility_15_20_after', 'pips_candle_15_20_after', 'volatility_20_25_after', 'pips_candle_20_25_after', 'volatility_25_30_after', 'pips_candle_25_30_after', 'volatility_60_0_before', 'pips_agg_60_0_before', 'datetime', 'pips_candle_min_30_180_after']
2019-01-12 12:49:06,065 - INFO - X columns for the classification model: ['volatility_5_10_after', 'fe_better', 'pips_candle_20_25_after', 'forecast_error_diff_deviation', 'pips_agg_60_0_before', 'pips_candle_15_20_after', 'forecast_error_diff_outlier_class', 'pe_accurate', 'volatility_0_5_after', 'new_id', 'High', 'pips_candle_0_5_after', 'num_news', 'week', 'volatility_10_15_after', 'Medium', 'fe_worse', 'previous_error_diff_outlier_class', 'pe_worse', 'Low', 'pips_candle_10_15_after', 'pips_candle_25_30_after', 'previous_error_diff_deviation', 'weekday', 'volatility_15_20_after', 'pips_candle_5_10_after', 'pe_better', 'volatility_20_25_after', 'volatility_60_0_before', 'fe_accurate', 'volatility_25_30_after', 'year']
2019-01-12 12:49:06,065 - INFO - y dependent variable: reaction_min_30_180_after
2019-01-12 12:49:06,148 - INFO - Starting KNeighborsClassifier
2019-01-12 12:52:24,375 - INFO - Starting SVC - rbf
2019-01-12 12:55:40,890 - INFO - Starting DecisionTreeClassifier
2019-01-12 12:56:00,704 - INFO - Starting RandomForestClassifier
2019-01-12 13:10:04,495 - INFO - Starting XGBClassifier
2019-01-12 13:10:17,307 - INFO - Starting GradientBoostingClassifier
2019-01-12 13:10:46,628 - INFO - Starting AdaBoostClassifier
2019-01-12 13:11:18,259 - INFO - X columns for the regression model: ['volatility_5_10_after', 'fe_better', 'pips_candle_20_25_after', 'forecast_error_diff_deviation', 'pips_agg_60_0_before', 'pips_candle_15_20_after', 'forecast_error_diff_outlier_class', 'pe_accurate', 'volatility_0_5_after', 'new_id', 'High', 'pips_candle_0_5_after', 'num_news', 'week', 'volatility_10_15_after', 'Medium', 'fe_worse', 'previous_error_diff_outlier_class', 'pe_worse', 'Low', 'pips_candle_10_15_after', 'pips_candle_25_30_after', 'previous_error_diff_deviation', 'weekday', 'volatility_15_20_after', 'pips_candle_5_10_after', 'pe_better', 'volatility_20_25_after', 'volatility_60_0_before', 'fe_accurate', 'volatility_25_30_after', 'year']
2019-01-12 13:11:18,350 - INFO - Starting KNeighborsRegressor
2019-01-12 13:14:39,786 - INFO - Starting SVR - rbf
2019-01-12 13:17:47,993 - INFO - Starting DecisionTreeRegressor
2019-01-12 13:18:08,429 - INFO - Starting RandomForestRegressor
2019-01-12 13:48:29,223 - INFO - Starting XGBRegressor
2019-01-12 13:48:41,794 - INFO - Starting GradientBoostingRegressor
2019-01-12 13:49:06,575 - INFO - Starting AdaBoostRegressor
2019-01-12 13:49:42,324 - INFO - sweep done in: 60.63 min
2019-01-12 13:49:42,335 - INFO - #########################
2019-01-12 13:49:42,335 - INFO - 
2019-01-12 13:49:42,335 - INFO - Starting a new sweep, grouping news by: ALL_YES_3_2_1
2019-01-12 13:50:45,374 - INFO - Starting a new sweep with market features: basic
2019-01-12 13:50:45,374 - INFO - Starting a new sweep, features before the publication are: included
2019-01-12 13:50:45,386 - INFO - Starting a new sweep, delay in between buying-selling is: 30_180
2019-01-12 13:50:45,386 - INFO - Starting a new sweep for grid mode: basic
2019-01-12 13:50:45,386 - INFO - List of dynamic market fields: ['volatility_0_5_after', 'pips_candle_0_5_after', 'volatility_5_10_after', 'pips_candle_5_10_after', 'volatility_10_15_after', 'pips_candle_10_15_after', 'volatility_15_20_after', 'pips_candle_15_20_after', 'volatility_20_25_after', 'pips_candle_20_25_after', 'volatility_25_30_after', 'pips_candle_25_30_after', 'volatility_60_0_before', 'pips_agg_60_0_before', 'datetime', 'pips_candle_max_30_180_after']
2019-01-12 13:50:46,652 - INFO - X columns for the classification model: ['volatility_5_10_after', 'fe_better', 'pips_candle_20_25_after', 'forecast_error_diff_deviation', 'pips_agg_60_0_before', 'pips_candle_15_20_after', 'forecast_error_diff_outlier_class', 'pe_accurate', 'volatility_0_5_after', 'new_id', 'High', 'pips_candle_0_5_after', 'num_news', 'week', 'volatility_10_15_after', 'Medium', 'fe_worse', 'previous_error_diff_outlier_class', 'pe_worse', 'Low', 'pips_candle_10_15_after', 'pips_candle_25_30_after', 'previous_error_diff_deviation', 'weekday', 'volatility_15_20_after', 'pips_candle_5_10_after', 'pe_better', 'volatility_20_25_after', 'volatility_60_0_before', 'fe_accurate', 'volatility_25_30_after', 'year']
2019-01-12 13:50:46,652 - INFO - y dependent variable: reaction_max_30_180_after
2019-01-12 13:50:46,733 - INFO - Starting KNeighborsClassifier
2019-01-12 13:54:16,440 - INFO - Starting SVC - rbf
2019-01-12 13:57:34,918 - INFO - Starting DecisionTreeClassifier
2019-01-12 13:57:54,989 - INFO - Starting RandomForestClassifier
2019-01-12 14:12:07,562 - INFO - Starting XGBClassifier
2019-01-12 14:12:19,483 - INFO - Starting GradientBoostingClassifier
2019-01-12 14:12:48,610 - INFO - Starting AdaBoostClassifier
2019-01-12 14:13:20,166 - INFO - X columns for the regression model: ['volatility_5_10_after', 'fe_better', 'pips_candle_20_25_after', 'forecast_error_diff_deviation', 'pips_agg_60_0_before', 'pips_candle_15_20_after', 'forecast_error_diff_outlier_class', 'pe_accurate', 'volatility_0_5_after', 'new_id', 'High', 'pips_candle_0_5_after', 'num_news', 'week', 'volatility_10_15_after', 'Medium', 'fe_worse', 'previous_error_diff_outlier_class', 'pe_worse', 'Low', 'pips_candle_10_15_after', 'pips_candle_25_30_after', 'previous_error_diff_deviation', 'weekday', 'volatility_15_20_after', 'pips_candle_5_10_after', 'pe_better', 'volatility_20_25_after', 'volatility_60_0_before', 'fe_accurate', 'volatility_25_30_after', 'year']
2019-01-12 14:13:20,249 - INFO - Starting KNeighborsRegressor
2019-01-12 14:16:48,094 - INFO - Starting SVR - rbf
2019-01-12 14:19:50,494 - INFO - Starting DecisionTreeRegressor
2019-01-12 14:20:10,097 - INFO - Starting RandomForestRegressor
2019-01-12 14:49:06,035 - INFO - Starting XGBRegressor
2019-01-12 14:49:17,185 - INFO - Starting GradientBoostingRegressor
2019-01-12 14:49:38,795 - INFO - Starting AdaBoostRegressor
2019-01-12 14:50:12,636 - INFO - sweep done in: 59.45 min
2019-01-12 14:50:12,654 - INFO - Starting a new sweep for grid mode: basic
2019-01-12 14:50:12,654 - INFO - List of dynamic market fields: ['volatility_0_5_after', 'pips_candle_0_5_after', 'volatility_5_10_after', 'pips_candle_5_10_after', 'volatility_10_15_after', 'pips_candle_10_15_after', 'volatility_15_20_after', 'pips_candle_15_20_after', 'volatility_20_25_after', 'pips_candle_20_25_after', 'volatility_25_30_after', 'pips_candle_25_30_after', 'volatility_60_0_before', 'pips_agg_60_0_before', 'datetime', 'pips_candle_min_30_180_after']
2019-01-12 14:50:13,840 - INFO - X columns for the classification model: ['volatility_5_10_after', 'fe_better', 'pips_candle_20_25_after', 'forecast_error_diff_deviation', 'pips_agg_60_0_before', 'pips_candle_15_20_after', 'forecast_error_diff_outlier_class', 'pe_accurate', 'volatility_0_5_after', 'new_id', 'High', 'pips_candle_0_5_after', 'num_news', 'week', 'volatility_10_15_after', 'Medium', 'fe_worse', 'previous_error_diff_outlier_class', 'pe_worse', 'Low', 'pips_candle_10_15_after', 'pips_candle_25_30_after', 'previous_error_diff_deviation', 'weekday', 'volatility_15_20_after', 'pips_candle_5_10_after', 'pe_better', 'volatility_20_25_after', 'volatility_60_0_before', 'fe_accurate', 'volatility_25_30_after', 'year']
2019-01-12 14:50:13,840 - INFO - y dependent variable: reaction_min_30_180_after
2019-01-12 14:50:13,927 - INFO - Starting KNeighborsClassifier
2019-01-12 14:53:49,514 - INFO - Starting SVC - rbf
2019-01-12 14:56:47,249 - INFO - Starting DecisionTreeClassifier
2019-01-12 14:57:05,041 - INFO - Starting RandomForestClassifier
2019-01-12 15:09:34,381 - INFO - Starting XGBClassifier
2019-01-12 15:09:44,850 - INFO - Starting GradientBoostingClassifier
2019-01-12 15:10:10,829 - INFO - Starting AdaBoostClassifier
2019-01-12 15:10:38,435 - INFO - X columns for the regression model: ['volatility_5_10_after', 'fe_better', 'pips_candle_20_25_after', 'forecast_error_diff_deviation', 'pips_agg_60_0_before', 'pips_candle_15_20_after', 'forecast_error_diff_outlier_class', 'pe_accurate', 'volatility_0_5_after', 'new_id', 'High', 'pips_candle_0_5_after', 'num_news', 'week', 'volatility_10_15_after', 'Medium', 'fe_worse', 'previous_error_diff_outlier_class', 'pe_worse', 'Low', 'pips_candle_10_15_after', 'pips_candle_25_30_after', 'previous_error_diff_deviation', 'weekday', 'volatility_15_20_after', 'pips_candle_5_10_after', 'pe_better', 'volatility_20_25_after', 'volatility_60_0_before', 'fe_accurate', 'volatility_25_30_after', 'year']
2019-01-12 15:10:38,509 - INFO - Starting KNeighborsRegressor
2019-01-12 15:13:38,614 - INFO - Starting SVR - rbf
2019-01-12 15:16:19,026 - INFO - Starting DecisionTreeRegressor
2019-01-12 15:16:36,189 - INFO - Starting RandomForestRegressor
2019-01-12 15:43:38,022 - INFO - Starting XGBRegressor
2019-01-12 15:43:48,887 - INFO - Starting GradientBoostingRegressor
2019-01-12 15:44:10,198 - INFO - Starting AdaBoostRegressor
2019-01-12 15:44:37,960 - INFO - sweep done in: 54.42 min
2019-01-12 15:44:37,978 - INFO - Starting a new sweep with market features: all
2019-01-12 15:44:37,978 - INFO - Starting a new sweep, features before the publication are: included
2019-01-12 15:44:37,978 - INFO - Starting a new sweep, delay in between buying-selling is: 30_180
2019-01-12 15:44:37,978 - INFO - Starting a new sweep for grid mode: basic
2019-01-12 15:44:37,979 - INFO - List of dynamic market fields: ['volatility_0_5_after', 'pips_candle_0_5_after', 'volatility_5_10_after', 'pips_candle_5_10_after', 'volatility_10_15_after', 'pips_candle_10_15_after', 'volatility_15_20_after', 'pips_candle_15_20_after', 'volatility_20_25_after', 'pips_candle_20_25_after', 'volatility_25_30_after', 'pips_candle_25_30_after', 'volatility_60_0_before', 'pips_agg_60_0_before', 'datetime', 'pips_candle_max_30_180_after']
2019-01-12 15:44:39,063 - INFO - X columns for the classification model: ['volatility_5_10_after', 'fe_better', 'pips_candle_20_25_after', 'forecast_error_diff_deviation', 'pips_agg_60_0_before', 'pips_candle_15_20_after', 'forecast_error_diff_outlier_class', 'pe_accurate', 'volatility_0_5_after', 'new_id', 'High', 'pips_candle_0_5_after', 'num_news', 'week', 'volatility_10_15_after', 'Medium', 'fe_worse', 'previous_error_diff_outlier_class', 'pe_worse', 'Low', 'pips_candle_10_15_after', 'pips_candle_25_30_after', 'previous_error_diff_deviation', 'weekday', 'volatility_15_20_after', 'pips_candle_5_10_after', 'pe_better', 'volatility_20_25_after', 'volatility_60_0_before', 'fe_accurate', 'volatility_25_30_after', 'year']
2019-01-12 15:44:39,064 - INFO - y dependent variable: reaction_max_30_180_after
2019-01-12 15:44:39,121 - INFO - Starting KNeighborsClassifier
2019-01-12 15:47:46,001 - INFO - Starting SVC - rbf
2019-01-12 15:50:46,667 - INFO - Starting DecisionTreeClassifier
2019-01-12 15:51:04,952 - INFO - Starting RandomForestClassifier
2019-01-12 16:03:54,630 - INFO - Starting XGBClassifier
2019-01-12 16:04:05,040 - INFO - Starting GradientBoostingClassifier
2019-01-12 16:04:30,465 - INFO - Starting AdaBoostClassifier
2019-01-12 16:04:58,128 - INFO - X columns for the regression model: ['volatility_5_10_after', 'fe_better', 'pips_candle_20_25_after', 'forecast_error_diff_deviation', 'pips_agg_60_0_before', 'pips_candle_15_20_after', 'forecast_error_diff_outlier_class', 'pe_accurate', 'volatility_0_5_after', 'new_id', 'High', 'pips_candle_0_5_after', 'num_news', 'week', 'volatility_10_15_after', 'Medium', 'fe_worse', 'previous_error_diff_outlier_class', 'pe_worse', 'Low', 'pips_candle_10_15_after', 'pips_candle_25_30_after', 'previous_error_diff_deviation', 'weekday', 'volatility_15_20_after', 'pips_candle_5_10_after', 'pe_better', 'volatility_20_25_after', 'volatility_60_0_before', 'fe_accurate', 'volatility_25_30_after', 'year']
2019-01-12 16:04:58,206 - INFO - Starting KNeighborsRegressor
2019-01-12 16:08:00,161 - INFO - Starting SVR - rbf
2019-01-12 16:10:42,991 - INFO - Starting DecisionTreeRegressor
2019-01-12 16:11:04,207 - INFO - Starting RandomForestRegressor
2019-01-12 16:40:56,930 - INFO - Starting XGBRegressor
2019-01-12 16:41:08,476 - INFO - Starting GradientBoostingRegressor
2019-01-12 16:41:31,011 - INFO - Starting AdaBoostRegressor
2019-01-12 16:42:05,062 - INFO - sweep done in: 57.45 min
2019-01-12 16:42:05,083 - INFO - Starting a new sweep for grid mode: basic
2019-01-12 16:42:05,083 - INFO - List of dynamic market fields: ['volatility_0_5_after', 'pips_candle_0_5_after', 'volatility_5_10_after', 'pips_candle_5_10_after', 'volatility_10_15_after', 'pips_candle_10_15_after', 'volatility_15_20_after', 'pips_candle_15_20_after', 'volatility_20_25_after', 'pips_candle_20_25_after', 'volatility_25_30_after', 'pips_candle_25_30_after', 'volatility_60_0_before', 'pips_agg_60_0_before', 'datetime', 'pips_candle_min_30_180_after']
2019-01-12 16:42:06,465 - INFO - X columns for the classification model: ['volatility_5_10_after', 'fe_better', 'pips_candle_20_25_after', 'forecast_error_diff_deviation', 'pips_agg_60_0_before', 'pips_candle_15_20_after', 'forecast_error_diff_outlier_class', 'pe_accurate', 'volatility_0_5_after', 'new_id', 'High', 'pips_candle_0_5_after', 'num_news', 'week', 'volatility_10_15_after', 'Medium', 'fe_worse', 'previous_error_diff_outlier_class', 'pe_worse', 'Low', 'pips_candle_10_15_after', 'pips_candle_25_30_after', 'previous_error_diff_deviation', 'weekday', 'volatility_15_20_after', 'pips_candle_5_10_after', 'pe_better', 'volatility_20_25_after', 'volatility_60_0_before', 'fe_accurate', 'volatility_25_30_after', 'year']
2019-01-12 16:42:06,466 - INFO - y dependent variable: reaction_min_30_180_after
2019-01-12 16:42:06,585 - INFO - Starting KNeighborsClassifier
2019-01-12 16:45:27,179 - INFO - Starting SVC - rbf
2019-01-12 16:48:28,631 - INFO - Starting DecisionTreeClassifier
2019-01-12 16:48:47,116 - INFO - Starting RandomForestClassifier
2019-01-12 17:02:48,684 - INFO - Starting XGBClassifier
2019-01-12 17:03:00,521 - INFO - Starting GradientBoostingClassifier
2019-01-12 17:03:28,638 - INFO - Starting AdaBoostClassifier
2019-01-12 17:03:58,466 - INFO - X columns for the regression model: ['volatility_5_10_after', 'fe_better', 'pips_candle_20_25_after', 'forecast_error_diff_deviation', 'pips_agg_60_0_before', 'pips_candle_15_20_after', 'forecast_error_diff_outlier_class', 'pe_accurate', 'volatility_0_5_after', 'new_id', 'High', 'pips_candle_0_5_after', 'num_news', 'week', 'volatility_10_15_after', 'Medium', 'fe_worse', 'previous_error_diff_outlier_class', 'pe_worse', 'Low', 'pips_candle_10_15_after', 'pips_candle_25_30_after', 'previous_error_diff_deviation', 'weekday', 'volatility_15_20_after', 'pips_candle_5_10_after', 'pe_better', 'volatility_20_25_after', 'volatility_60_0_before', 'fe_accurate', 'volatility_25_30_after', 'year']
2019-01-12 17:03:58,539 - INFO - Starting KNeighborsRegressor
2019-01-12 17:07:18,415 - INFO - Starting SVR - rbf
2019-01-12 17:10:11,052 - INFO - Starting DecisionTreeRegressor
2019-01-12 17:10:30,140 - INFO - Starting RandomForestRegressor
2019-01-12 17:39:32,302 - INFO - Starting XGBRegressor
2019-01-12 17:39:43,464 - INFO - Starting GradientBoostingRegressor
2019-01-12 17:40:06,334 - INFO - Starting AdaBoostRegressor
2019-01-12 17:40:39,412 - INFO - sweep done in: 58.57 min
2019-01-12 17:40:39,457 - INFO - #########################
2019-01-12 17:40:39,458 - INFO - 
2019-01-12 17:40:39,458 - INFO - Starting a new sweep, grouping news by: High_NO_1_1_1
2019-01-12 17:40:58,823 - INFO - Starting a new sweep with market features: basic
2019-01-12 17:40:58,823 - INFO - Starting a new sweep, features before the publication are: included
2019-01-12 17:40:58,823 - INFO - Starting a new sweep, delay in between buying-selling is: 30_180
2019-01-12 17:40:58,824 - INFO - Starting a new sweep for grid mode: basic
2019-01-12 17:40:58,824 - INFO - List of dynamic market fields: ['volatility_0_5_after', 'pips_candle_0_5_after', 'volatility_5_10_after', 'pips_candle_5_10_after', 'volatility_10_15_after', 'pips_candle_10_15_after', 'volatility_15_20_after', 'pips_candle_15_20_after', 'volatility_20_25_after', 'pips_candle_20_25_after', 'volatility_25_30_after', 'pips_candle_25_30_after', 'volatility_60_0_before', 'pips_agg_60_0_before', 'datetime', 'pips_candle_max_30_180_after']
2019-01-12 17:40:59,604 - INFO - X columns for the classification model: ['week', 'volatility_10_15_after', 'volatility_5_10_after', 'fe_worse', 'previous_error_diff_outlier_class', 'pe_worse', 'pips_candle_10_15_after', 'fe_better', 'pips_candle_20_25_after', 'pips_candle_25_30_after', 'forecast_error_diff_deviation', 'previous_error_diff_deviation', 'weekday', 'pips_agg_60_0_before', 'volatility_15_20_after', 'pips_candle_5_10_after', 'pe_better', 'volatility_20_25_after', 'pips_candle_15_20_after', 'volatility_60_0_before', 'forecast_error_diff_outlier_class', 'pe_accurate', 'volatility_0_5_after', 'fe_accurate', 'volatility_25_30_after', 'new_id', 'year', 'High', 'pips_candle_0_5_after', 'num_news']
2019-01-12 17:40:59,604 - INFO - y dependent variable: reaction_max_30_180_after
2019-01-12 17:40:59,649 - INFO - Starting KNeighborsClassifier
2019-01-12 17:41:48,695 - INFO - Starting SVC - rbf
2019-01-12 17:42:43,705 - INFO - Starting DecisionTreeClassifier
2019-01-12 17:42:54,814 - INFO - Starting RandomForestClassifier
2019-01-12 17:53:19,225 - INFO - Starting XGBClassifier
2019-01-12 17:53:27,220 - INFO - Starting GradientBoostingClassifier
2019-01-12 17:53:45,067 - INFO - Starting AdaBoostClassifier
2019-01-12 17:54:05,347 - INFO - X columns for the regression model: ['week', 'volatility_10_15_after', 'volatility_5_10_after', 'fe_worse', 'previous_error_diff_outlier_class', 'pe_worse', 'pips_candle_10_15_after', 'fe_better', 'pips_candle_20_25_after', 'pips_candle_25_30_after', 'forecast_error_diff_deviation', 'previous_error_diff_deviation', 'weekday', 'pips_agg_60_0_before', 'volatility_15_20_after', 'pips_candle_5_10_after', 'pe_better', 'volatility_20_25_after', 'pips_candle_15_20_after', 'volatility_60_0_before', 'forecast_error_diff_outlier_class', 'pe_accurate', 'volatility_0_5_after', 'fe_accurate', 'volatility_25_30_after', 'new_id', 'year', 'High', 'pips_candle_0_5_after', 'num_news']
2019-01-12 17:54:05,391 - INFO - Starting KNeighborsRegressor
2019-01-12 17:54:52,621 - INFO - Starting SVR - rbf
2019-01-12 17:55:46,139 - INFO - Starting DecisionTreeRegressor
2019-01-12 17:55:55,600 - INFO - Starting RandomForestRegressor
2019-01-12 18:11:36,350 - INFO - Starting XGBRegressor
2019-01-12 18:11:42,146 - INFO - Starting GradientBoostingRegressor
2019-01-12 18:11:53,989 - INFO - Starting AdaBoostRegressor
2019-01-12 18:12:09,230 - INFO - sweep done in: 31.17 min
2019-01-12 18:12:09,251 - INFO - Starting a new sweep for grid mode: basic
2019-01-12 18:12:09,251 - INFO - List of dynamic market fields: ['volatility_0_5_after', 'pips_candle_0_5_after', 'volatility_5_10_after', 'pips_candle_5_10_after', 'volatility_10_15_after', 'pips_candle_10_15_after', 'volatility_15_20_after', 'pips_candle_15_20_after', 'volatility_20_25_after', 'pips_candle_20_25_after', 'volatility_25_30_after', 'pips_candle_25_30_after', 'volatility_60_0_before', 'pips_agg_60_0_before', 'datetime', 'pips_candle_min_30_180_after']
2019-01-12 18:12:09,856 - INFO - X columns for the classification model: ['week', 'volatility_10_15_after', 'volatility_5_10_after', 'fe_worse', 'previous_error_diff_outlier_class', 'pe_worse', 'pips_candle_10_15_after', 'fe_better', 'pips_candle_20_25_after', 'pips_candle_25_30_after', 'forecast_error_diff_deviation', 'previous_error_diff_deviation', 'weekday', 'pips_agg_60_0_before', 'volatility_15_20_after', 'pips_candle_5_10_after', 'pe_better', 'volatility_20_25_after', 'pips_candle_15_20_after', 'volatility_60_0_before', 'forecast_error_diff_outlier_class', 'pe_accurate', 'volatility_0_5_after', 'fe_accurate', 'volatility_25_30_after', 'new_id', 'year', 'High', 'pips_candle_0_5_after', 'num_news']
2019-01-12 18:12:09,856 - INFO - y dependent variable: reaction_min_30_180_after
2019-01-12 18:12:09,912 - INFO - Starting KNeighborsClassifier
2019-01-12 18:12:52,132 - INFO - Starting SVC - rbf
2019-01-12 18:13:37,891 - INFO - Starting DecisionTreeClassifier
2019-01-12 18:13:47,041 - INFO - Starting RandomForestClassifier
2019-01-12 18:23:06,981 - INFO - Starting XGBClassifier
2019-01-12 18:23:13,228 - INFO - Starting GradientBoostingClassifier
2019-01-12 18:23:30,772 - INFO - Starting AdaBoostClassifier
2019-01-12 18:23:49,682 - INFO - X columns for the regression model: ['week', 'volatility_10_15_after', 'volatility_5_10_after', 'fe_worse', 'previous_error_diff_outlier_class', 'pe_worse', 'pips_candle_10_15_after', 'fe_better', 'pips_candle_20_25_after', 'pips_candle_25_30_after', 'forecast_error_diff_deviation', 'previous_error_diff_deviation', 'weekday', 'pips_agg_60_0_before', 'volatility_15_20_after', 'pips_candle_5_10_after', 'pe_better', 'volatility_20_25_after', 'pips_candle_15_20_after', 'volatility_60_0_before', 'forecast_error_diff_outlier_class', 'pe_accurate', 'volatility_0_5_after', 'fe_accurate', 'volatility_25_30_after', 'new_id', 'year', 'High', 'pips_candle_0_5_after', 'num_news']
2019-01-12 18:23:49,721 - INFO - Starting KNeighborsRegressor
2019-01-12 18:24:31,625 - INFO - Starting SVR - rbf
2019-01-12 18:25:16,350 - INFO - Starting DecisionTreeRegressor
2019-01-12 18:25:25,510 - INFO - Starting RandomForestRegressor
2019-01-12 18:42:36,476 - INFO - Starting XGBRegressor
2019-01-12 18:42:42,733 - INFO - Starting GradientBoostingRegressor
2019-01-12 18:42:55,579 - INFO - Starting AdaBoostRegressor
2019-01-12 18:43:19,381 - INFO - sweep done in: 31.17 min
2019-01-12 18:43:19,405 - INFO - Starting a new sweep with market features: all
2019-01-12 18:43:19,408 - INFO - Starting a new sweep, features before the publication are: included
2019-01-12 18:43:19,408 - INFO - Starting a new sweep, delay in between buying-selling is: 30_180
2019-01-12 18:43:19,408 - INFO - Starting a new sweep for grid mode: basic
2019-01-12 18:43:19,408 - INFO - List of dynamic market fields: ['volatility_0_5_after', 'pips_candle_0_5_after', 'volatility_5_10_after', 'pips_candle_5_10_after', 'volatility_10_15_after', 'pips_candle_10_15_after', 'volatility_15_20_after', 'pips_candle_15_20_after', 'volatility_20_25_after', 'pips_candle_20_25_after', 'volatility_25_30_after', 'pips_candle_25_30_after', 'volatility_60_0_before', 'pips_agg_60_0_before', 'datetime', 'pips_candle_max_30_180_after']
2019-01-12 18:43:20,103 - INFO - X columns for the classification model: ['week', 'volatility_10_15_after', 'volatility_5_10_after', 'fe_worse', 'previous_error_diff_outlier_class', 'pe_worse', 'pips_candle_10_15_after', 'fe_better', 'pips_candle_20_25_after', 'pips_candle_25_30_after', 'forecast_error_diff_deviation', 'previous_error_diff_deviation', 'weekday', 'pips_agg_60_0_before', 'volatility_15_20_after', 'pips_candle_5_10_after', 'pe_better', 'volatility_20_25_after', 'pips_candle_15_20_after', 'volatility_60_0_before', 'forecast_error_diff_outlier_class', 'pe_accurate', 'volatility_0_5_after', 'fe_accurate', 'volatility_25_30_after', 'new_id', 'year', 'High', 'pips_candle_0_5_after', 'num_news']
2019-01-12 18:43:20,103 - INFO - y dependent variable: reaction_max_30_180_after
2019-01-12 18:43:20,153 - INFO - Starting KNeighborsClassifier
2019-01-12 18:44:10,584 - INFO - Starting SVC - rbf
2019-01-12 18:45:02,107 - INFO - Starting DecisionTreeClassifier
2019-01-12 18:45:12,131 - INFO - Starting RandomForestClassifier
2019-01-12 18:55:33,365 - INFO - Starting XGBClassifier
2019-01-12 18:55:39,919 - INFO - Starting GradientBoostingClassifier
2019-01-12 18:55:58,256 - INFO - Starting AdaBoostClassifier
2019-01-12 18:56:20,410 - INFO - X columns for the regression model: ['week', 'volatility_10_15_after', 'volatility_5_10_after', 'fe_worse', 'previous_error_diff_outlier_class', 'pe_worse', 'pips_candle_10_15_after', 'fe_better', 'pips_candle_20_25_after', 'pips_candle_25_30_after', 'forecast_error_diff_deviation', 'previous_error_diff_deviation', 'weekday', 'pips_agg_60_0_before', 'volatility_15_20_after', 'pips_candle_5_10_after', 'pe_better', 'volatility_20_25_after', 'pips_candle_15_20_after', 'volatility_60_0_before', 'forecast_error_diff_outlier_class', 'pe_accurate', 'volatility_0_5_after', 'fe_accurate', 'volatility_25_30_after', 'new_id', 'year', 'High', 'pips_candle_0_5_after', 'num_news']
2019-01-12 18:56:20,462 - INFO - Starting KNeighborsRegressor
2019-01-12 18:57:06,572 - INFO - Starting SVR - rbf
2019-01-12 18:57:53,314 - INFO - Starting DecisionTreeRegressor
2019-01-12 18:58:02,981 - INFO - Starting RandomForestRegressor
2019-01-12 19:14:18,529 - INFO - Starting XGBRegressor
2019-01-12 19:14:24,645 - INFO - Starting GradientBoostingRegressor
2019-01-12 19:14:36,464 - INFO - Starting AdaBoostRegressor
2019-01-12 19:14:52,684 - INFO - sweep done in: 31.55 min
2019-01-12 19:14:52,698 - INFO - Starting a new sweep for grid mode: basic
2019-01-12 19:14:52,698 - INFO - List of dynamic market fields: ['volatility_0_5_after', 'pips_candle_0_5_after', 'volatility_5_10_after', 'pips_candle_5_10_after', 'volatility_10_15_after', 'pips_candle_10_15_after', 'volatility_15_20_after', 'pips_candle_15_20_after', 'volatility_20_25_after', 'pips_candle_20_25_after', 'volatility_25_30_after', 'pips_candle_25_30_after', 'volatility_60_0_before', 'pips_agg_60_0_before', 'datetime', 'pips_candle_min_30_180_after']
2019-01-12 19:14:53,395 - INFO - X columns for the classification model: ['week', 'volatility_10_15_after', 'volatility_5_10_after', 'fe_worse', 'previous_error_diff_outlier_class', 'pe_worse', 'pips_candle_10_15_after', 'fe_better', 'pips_candle_20_25_after', 'pips_candle_25_30_after', 'forecast_error_diff_deviation', 'previous_error_diff_deviation', 'weekday', 'pips_agg_60_0_before', 'volatility_15_20_after', 'pips_candle_5_10_after', 'pe_better', 'volatility_20_25_after', 'pips_candle_15_20_after', 'volatility_60_0_before', 'forecast_error_diff_outlier_class', 'pe_accurate', 'volatility_0_5_after', 'fe_accurate', 'volatility_25_30_after', 'new_id', 'year', 'High', 'pips_candle_0_5_after', 'num_news']
2019-01-12 19:14:53,395 - INFO - y dependent variable: reaction_min_30_180_after
2019-01-12 19:14:53,444 - INFO - Starting KNeighborsClassifier
2019-01-12 19:15:37,920 - INFO - Starting SVC - rbf
2019-01-12 19:16:25,183 - INFO - Starting DecisionTreeClassifier
2019-01-12 19:16:34,869 - INFO - Starting RandomForestClassifier
2019-01-12 19:26:53,104 - INFO - Starting XGBClassifier
2019-01-12 19:26:59,753 - INFO - Starting GradientBoostingClassifier
2019-01-12 19:27:18,577 - INFO - Starting AdaBoostClassifier
2019-01-12 19:27:39,584 - INFO - X columns for the regression model: ['week', 'volatility_10_15_after', 'volatility_5_10_after', 'fe_worse', 'previous_error_diff_outlier_class', 'pe_worse', 'pips_candle_10_15_after', 'fe_better', 'pips_candle_20_25_after', 'pips_candle_25_30_after', 'forecast_error_diff_deviation', 'previous_error_diff_deviation', 'weekday', 'pips_agg_60_0_before', 'volatility_15_20_after', 'pips_candle_5_10_after', 'pe_better', 'volatility_20_25_after', 'pips_candle_15_20_after', 'volatility_60_0_before', 'forecast_error_diff_outlier_class', 'pe_accurate', 'volatility_0_5_after', 'fe_accurate', 'volatility_25_30_after', 'new_id', 'year', 'High', 'pips_candle_0_5_after', 'num_news']
2019-01-12 19:27:39,624 - INFO - Starting KNeighborsRegressor
2019-01-12 19:28:25,008 - INFO - Starting SVR - rbf
2019-01-12 19:29:13,761 - INFO - Starting DecisionTreeRegressor
2019-01-12 19:29:23,836 - INFO - Starting RandomForestRegressor
2019-01-12 19:46:27,773 - INFO - Starting XGBRegressor
2019-01-12 19:46:34,232 - INFO - Starting GradientBoostingRegressor
2019-01-12 19:46:47,429 - INFO - Starting AdaBoostRegressor
2019-01-12 19:47:11,491 - INFO - sweep done in: 32.31 min
2019-01-12 19:47:11,503 - INFO - #########################
2019-01-12 19:47:11,523 - INFO - 
2019-01-12 19:47:11,523 - INFO - Starting a new sweep, grouping news by: High_YES_1_1_1
2019-01-12 19:47:27,778 - INFO - Starting a new sweep with market features: basic
2019-01-12 19:47:27,778 - INFO - Starting a new sweep, features before the publication are: included
2019-01-12 19:47:27,778 - INFO - Starting a new sweep, delay in between buying-selling is: 30_180
2019-01-12 19:47:27,779 - INFO - Starting a new sweep for grid mode: basic
2019-01-12 19:47:27,779 - INFO - List of dynamic market fields: ['volatility_0_5_after', 'pips_candle_0_5_after', 'volatility_5_10_after', 'pips_candle_5_10_after', 'volatility_10_15_after', 'pips_candle_10_15_after', 'volatility_15_20_after', 'pips_candle_15_20_after', 'volatility_20_25_after', 'pips_candle_20_25_after', 'volatility_25_30_after', 'pips_candle_25_30_after', 'volatility_60_0_before', 'pips_agg_60_0_before', 'datetime', 'pips_candle_max_30_180_after']
2019-01-12 19:47:28,310 - INFO - X columns for the classification model: ['week', 'volatility_10_15_after', 'volatility_5_10_after', 'fe_worse', 'previous_error_diff_outlier_class', 'pe_worse', 'pips_candle_10_15_after', 'fe_better', 'pips_candle_20_25_after', 'pips_candle_25_30_after', 'forecast_error_diff_deviation', 'previous_error_diff_deviation', 'weekday', 'pips_agg_60_0_before', 'volatility_15_20_after', 'pips_candle_5_10_after', 'pe_better', 'volatility_20_25_after', 'pips_candle_15_20_after', 'volatility_60_0_before', 'forecast_error_diff_outlier_class', 'pe_accurate', 'volatility_0_5_after', 'fe_accurate', 'volatility_25_30_after', 'new_id', 'year', 'High', 'pips_candle_0_5_after', 'num_news']
2019-01-12 19:47:28,310 - INFO - y dependent variable: reaction_max_30_180_after
2019-01-12 19:47:28,338 - INFO - Starting KNeighborsClassifier
2019-01-12 19:48:10,204 - INFO - Starting SVC - rbf
2019-01-12 19:48:39,471 - INFO - Starting DecisionTreeClassifier
2019-01-12 19:48:47,537 - INFO - Starting RandomForestClassifier
2019-01-12 19:57:58,891 - INFO - Starting XGBClassifier
2019-01-12 19:58:04,193 - INFO - Starting GradientBoostingClassifier
2019-01-12 19:58:19,028 - INFO - Starting AdaBoostClassifier
2019-01-12 19:58:38,939 - INFO - X columns for the regression model: ['week', 'volatility_10_15_after', 'volatility_5_10_after', 'fe_worse', 'previous_error_diff_outlier_class', 'pe_worse', 'pips_candle_10_15_after', 'fe_better', 'pips_candle_20_25_after', 'pips_candle_25_30_after', 'forecast_error_diff_deviation', 'previous_error_diff_deviation', 'weekday', 'pips_agg_60_0_before', 'volatility_15_20_after', 'pips_candle_5_10_after', 'pe_better', 'volatility_20_25_after', 'pips_candle_15_20_after', 'volatility_60_0_before', 'forecast_error_diff_outlier_class', 'pe_accurate', 'volatility_0_5_after', 'fe_accurate', 'volatility_25_30_after', 'new_id', 'year', 'High', 'pips_candle_0_5_after', 'num_news']
2019-01-12 19:58:38,968 - INFO - Starting KNeighborsRegressor
2019-01-12 19:59:20,524 - INFO - Starting SVR - rbf
2019-01-12 19:59:54,431 - INFO - Starting DecisionTreeRegressor
2019-01-12 20:00:01,807 - INFO - Starting RandomForestRegressor
2019-01-12 20:13:12,007 - INFO - Starting XGBRegressor
2019-01-12 20:13:16,608 - INFO - Starting GradientBoostingRegressor
2019-01-12 20:13:26,121 - INFO - Starting AdaBoostRegressor
2019-01-12 20:13:44,410 - INFO - sweep done in: 26.28 min
2019-01-12 20:13:44,432 - INFO - Starting a new sweep for grid mode: basic
2019-01-12 20:13:44,433 - INFO - List of dynamic market fields: ['volatility_0_5_after', 'pips_candle_0_5_after', 'volatility_5_10_after', 'pips_candle_5_10_after', 'volatility_10_15_after', 'pips_candle_10_15_after', 'volatility_15_20_after', 'pips_candle_15_20_after', 'volatility_20_25_after', 'pips_candle_20_25_after', 'volatility_25_30_after', 'pips_candle_25_30_after', 'volatility_60_0_before', 'pips_agg_60_0_before', 'datetime', 'pips_candle_min_30_180_after']
2019-01-12 20:13:44,969 - INFO - X columns for the classification model: ['week', 'volatility_10_15_after', 'volatility_5_10_after', 'fe_worse', 'previous_error_diff_outlier_class', 'pe_worse', 'pips_candle_10_15_after', 'fe_better', 'pips_candle_20_25_after', 'pips_candle_25_30_after', 'forecast_error_diff_deviation', 'previous_error_diff_deviation', 'weekday', 'pips_agg_60_0_before', 'volatility_15_20_after', 'pips_candle_5_10_after', 'pe_better', 'volatility_20_25_after', 'pips_candle_15_20_after', 'volatility_60_0_before', 'forecast_error_diff_outlier_class', 'pe_accurate', 'volatility_0_5_after', 'fe_accurate', 'volatility_25_30_after', 'new_id', 'year', 'High', 'pips_candle_0_5_after', 'num_news']
2019-01-12 20:13:44,970 - INFO - y dependent variable: reaction_min_30_180_after
2019-01-12 20:13:45,021 - INFO - Starting KNeighborsClassifier
2019-01-12 20:14:24,352 - INFO - Starting SVC - rbf
2019-01-12 20:14:54,435 - INFO - Starting DecisionTreeClassifier
2019-01-12 20:15:03,038 - INFO - Starting RandomForestClassifier
2019-01-12 20:23:43,288 - INFO - Starting XGBClassifier
2019-01-12 20:23:48,730 - INFO - Starting GradientBoostingClassifier
2019-01-12 20:24:01,856 - INFO - Starting AdaBoostClassifier
2019-01-12 20:24:19,867 - INFO - X columns for the regression model: ['week', 'volatility_10_15_after', 'volatility_5_10_after', 'fe_worse', 'previous_error_diff_outlier_class', 'pe_worse', 'pips_candle_10_15_after', 'fe_better', 'pips_candle_20_25_after', 'pips_candle_25_30_after', 'forecast_error_diff_deviation', 'previous_error_diff_deviation', 'weekday', 'pips_agg_60_0_before', 'volatility_15_20_after', 'pips_candle_5_10_after', 'pe_better', 'volatility_20_25_after', 'pips_candle_15_20_after', 'volatility_60_0_before', 'forecast_error_diff_outlier_class', 'pe_accurate', 'volatility_0_5_after', 'fe_accurate', 'volatility_25_30_after', 'new_id', 'year', 'High', 'pips_candle_0_5_after', 'num_news']
2019-01-12 20:24:19,906 - INFO - Starting KNeighborsRegressor
2019-01-12 20:25:00,002 - INFO - Starting SVR - rbf
2019-01-12 20:25:29,231 - INFO - Starting DecisionTreeRegressor
2019-01-12 20:25:36,707 - INFO - Starting RandomForestRegressor
2019-01-12 20:38:20,334 - INFO - Starting XGBRegressor
2019-01-12 20:38:25,430 - INFO - Starting GradientBoostingRegressor
2019-01-12 20:38:35,448 - INFO - Starting AdaBoostRegressor
2019-01-12 20:38:53,162 - INFO - sweep done in: 25.15 min
2019-01-12 20:38:53,173 - INFO - Starting a new sweep with market features: all
2019-01-12 20:38:53,173 - INFO - Starting a new sweep, features before the publication are: included
2019-01-12 20:38:53,173 - INFO - Starting a new sweep, delay in between buying-selling is: 30_180
2019-01-12 20:38:53,173 - INFO - Starting a new sweep for grid mode: basic
2019-01-12 20:38:53,174 - INFO - List of dynamic market fields: ['volatility_0_5_after', 'pips_candle_0_5_after', 'volatility_5_10_after', 'pips_candle_5_10_after', 'volatility_10_15_after', 'pips_candle_10_15_after', 'volatility_15_20_after', 'pips_candle_15_20_after', 'volatility_20_25_after', 'pips_candle_20_25_after', 'volatility_25_30_after', 'pips_candle_25_30_after', 'volatility_60_0_before', 'pips_agg_60_0_before', 'datetime', 'pips_candle_max_30_180_after']
2019-01-12 20:38:53,838 - INFO - X columns for the classification model: ['week', 'volatility_10_15_after', 'volatility_5_10_after', 'fe_worse', 'previous_error_diff_outlier_class', 'pe_worse', 'pips_candle_10_15_after', 'fe_better', 'pips_candle_20_25_after', 'pips_candle_25_30_after', 'forecast_error_diff_deviation', 'previous_error_diff_deviation', 'weekday', 'pips_agg_60_0_before', 'volatility_15_20_after', 'pips_candle_5_10_after', 'pe_better', 'volatility_20_25_after', 'pips_candle_15_20_after', 'volatility_60_0_before', 'forecast_error_diff_outlier_class', 'pe_accurate', 'volatility_0_5_after', 'fe_accurate', 'volatility_25_30_after', 'new_id', 'year', 'High', 'pips_candle_0_5_after', 'num_news']
2019-01-12 20:38:53,838 - INFO - y dependent variable: reaction_max_30_180_after
2019-01-12 20:38:53,882 - INFO - Starting KNeighborsClassifier
2019-01-12 20:39:36,498 - INFO - Starting SVC - rbf
2019-01-12 20:40:07,533 - INFO - Starting DecisionTreeClassifier
2019-01-12 20:40:15,283 - INFO - Starting RandomForestClassifier
2019-01-12 20:49:06,591 - INFO - Starting XGBClassifier
2019-01-12 20:49:11,540 - INFO - Starting GradientBoostingClassifier
2019-01-12 20:49:24,451 - INFO - Starting AdaBoostClassifier
2019-01-12 20:49:43,785 - INFO - X columns for the regression model: ['week', 'volatility_10_15_after', 'volatility_5_10_after', 'fe_worse', 'previous_error_diff_outlier_class', 'pe_worse', 'pips_candle_10_15_after', 'fe_better', 'pips_candle_20_25_after', 'pips_candle_25_30_after', 'forecast_error_diff_deviation', 'previous_error_diff_deviation', 'weekday', 'pips_agg_60_0_before', 'volatility_15_20_after', 'pips_candle_5_10_after', 'pe_better', 'volatility_20_25_after', 'pips_candle_15_20_after', 'volatility_60_0_before', 'forecast_error_diff_outlier_class', 'pe_accurate', 'volatility_0_5_after', 'fe_accurate', 'volatility_25_30_after', 'new_id', 'year', 'High', 'pips_candle_0_5_after', 'num_news']
2019-01-12 20:49:43,828 - INFO - Starting KNeighborsRegressor
2019-01-12 20:50:25,589 - INFO - Starting SVR - rbf
2019-01-12 20:50:53,828 - INFO - Starting DecisionTreeRegressor
2019-01-12 20:51:00,817 - INFO - Starting RandomForestRegressor
2019-01-12 21:03:43,368 - INFO - Starting XGBRegressor
2019-01-12 21:03:48,174 - INFO - Starting GradientBoostingRegressor
2019-01-12 21:03:57,211 - INFO - Starting AdaBoostRegressor
2019-01-12 21:04:14,358 - INFO - sweep done in: 25.35 min
2019-01-12 21:04:14,382 - INFO - Starting a new sweep for grid mode: basic
2019-01-12 21:04:14,382 - INFO - List of dynamic market fields: ['volatility_0_5_after', 'pips_candle_0_5_after', 'volatility_5_10_after', 'pips_candle_5_10_after', 'volatility_10_15_after', 'pips_candle_10_15_after', 'volatility_15_20_after', 'pips_candle_15_20_after', 'volatility_20_25_after', 'pips_candle_20_25_after', 'volatility_25_30_after', 'pips_candle_25_30_after', 'volatility_60_0_before', 'pips_agg_60_0_before', 'datetime', 'pips_candle_min_30_180_after']
2019-01-12 21:04:14,878 - INFO - X columns for the classification model: ['week', 'volatility_10_15_after', 'volatility_5_10_after', 'fe_worse', 'previous_error_diff_outlier_class', 'pe_worse', 'pips_candle_10_15_after', 'fe_better', 'pips_candle_20_25_after', 'pips_candle_25_30_after', 'forecast_error_diff_deviation', 'previous_error_diff_deviation', 'weekday', 'pips_agg_60_0_before', 'volatility_15_20_after', 'pips_candle_5_10_after', 'pe_better', 'volatility_20_25_after', 'pips_candle_15_20_after', 'volatility_60_0_before', 'forecast_error_diff_outlier_class', 'pe_accurate', 'volatility_0_5_after', 'fe_accurate', 'volatility_25_30_after', 'new_id', 'year', 'High', 'pips_candle_0_5_after', 'num_news']
2019-01-12 21:04:14,878 - INFO - y dependent variable: reaction_min_30_180_after
2019-01-12 21:04:14,924 - INFO - Starting KNeighborsClassifier
2019-01-12 21:04:54,516 - INFO - Starting SVC - rbf
2019-01-12 21:05:23,562 - INFO - Starting DecisionTreeClassifier
2019-01-12 21:05:30,688 - INFO - Starting RandomForestClassifier
2019-01-12 21:13:52,089 - INFO - Starting XGBClassifier
2019-01-12 21:13:57,277 - INFO - Starting GradientBoostingClassifier
2019-01-12 21:14:10,439 - INFO - Starting AdaBoostClassifier
2019-01-12 21:14:27,716 - INFO - X columns for the regression model: ['week', 'volatility_10_15_after', 'volatility_5_10_after', 'fe_worse', 'previous_error_diff_outlier_class', 'pe_worse', 'pips_candle_10_15_after', 'fe_better', 'pips_candle_20_25_after', 'pips_candle_25_30_after', 'forecast_error_diff_deviation', 'previous_error_diff_deviation', 'weekday', 'pips_agg_60_0_before', 'volatility_15_20_after', 'pips_candle_5_10_after', 'pe_better', 'volatility_20_25_after', 'pips_candle_15_20_after', 'volatility_60_0_before', 'forecast_error_diff_outlier_class', 'pe_accurate', 'volatility_0_5_after', 'fe_accurate', 'volatility_25_30_after', 'new_id', 'year', 'High', 'pips_candle_0_5_after', 'num_news']
2019-01-12 21:14:27,744 - INFO - Starting KNeighborsRegressor
2019-01-12 21:15:08,252 - INFO - Starting SVR - rbf
2019-01-12 21:15:37,961 - INFO - Starting DecisionTreeRegressor
2019-01-12 21:15:45,148 - INFO - Starting RandomForestRegressor
2019-01-12 21:28:26,072 - INFO - Starting XGBRegressor
2019-01-12 21:28:30,785 - INFO - Starting GradientBoostingRegressor
2019-01-12 21:28:40,522 - INFO - Starting AdaBoostRegressor
2019-01-12 21:28:57,804 - INFO - sweep done in: 24.72 min
