2019-01-04 11:23:24,323 - INFO - #########################
2019-01-04 11:23:24,323 - INFO - 
2019-01-04 11:23:24,323 - INFO - Starting a new sweep, grouping news by: ALL_NO_1_1_1
2019-01-04 11:24:22,566 - INFO - Starting a new sweep with market features: basic
2019-01-04 11:24:22,566 - INFO - Starting a new sweep, features before the publication are: included
2019-01-04 11:24:22,566 - INFO - Starting a new sweep, delay in between buying-selling is: 30_60
2019-01-04 11:24:22,566 - INFO - Starting a new sweep for grid mode: basic
2019-01-04 11:24:22,567 - INFO - List of dynamic market fields: ['volatility_0_5_after', 'pips_agg_0_5_after', 'volatility_5_10_after', 'pips_agg_5_10_after', 'volatility_10_15_after', 'pips_agg_10_15_after', 'volatility_15_20_after', 'pips_agg_15_20_after', 'volatility_20_25_after', 'pips_agg_20_25_after', 'volatility_25_30_after', 'pips_agg_25_30_after', 'volatility_60_0_before', 'pips_agg_60_0_before', 'datetime', 'pips_agg_0_60_after']
2019-01-04 11:24:24,047 - INFO - X columns for the model: ['volatility_15_20_after', 'volatility_25_30_after', 'forecast_error_diff_deviation', 'pips_agg_60_0_before', 'previous_error_diff_deviation', 'fe_accurate', 'volatility_0_5_after', 'Low', 'volatility_5_10_after', 'week', 'Medium', 'weekday', 'High', 'fe_worse', 'pe_better', 'pe_worse', 'num_news', 'fe_better', 'previous_error_diff_outlier_class', 'pips_agg_0_5_after', 'pips_agg_10_15_after', 'volatility_20_25_after', 'pips_agg_15_20_after', 'volatility_60_0_before', 'pips_agg_25_30_after', 'volatility_10_15_after', 'pe_accurate', 'new_id', 'year', 'pips_agg_5_10_after', 'forecast_error_diff_outlier_class', 'pips_agg_20_25_after']
2019-01-04 11:24:24,183 - INFO - Starting KNeighborsClassifier
2019-01-04 11:29:07,918 - INFO - Starting SVC - rbf
2019-01-04 11:35:43,912 - INFO - Starting DecisionTreeClassifier
2019-01-04 11:36:06,840 - INFO - Starting RandomForestClassifier
2019-01-04 11:50:22,898 - INFO - Starting XGBClassifier
2019-01-04 11:50:58,675 - INFO - Starting GradientBoostingClassifier
2019-01-04 11:52:50,305 - INFO - Starting AdaBoostClassifier
2019-01-04 11:53:24,641 - INFO - sweep done in: 29.03 min
2019-01-04 11:53:24,646 - INFO - Starting a new sweep with market features: all
2019-01-04 11:53:24,646 - INFO - Starting a new sweep, features before the publication are: included
2019-01-04 11:53:24,647 - INFO - Starting a new sweep, delay in between buying-selling is: 30_60
2019-01-04 11:53:24,647 - INFO - Starting a new sweep for grid mode: basic
2019-01-04 11:53:24,647 - INFO - List of dynamic market fields: ['volatility_0_5_after', 'pips_agg_0_5_after', 'pips_candle_0_5_after', 'volatility_5_10_after', 'pips_agg_5_10_after', 'pips_candle_5_10_after', 'volatility_10_15_after', 'pips_agg_10_15_after', 'pips_candle_10_15_after', 'volatility_15_20_after', 'pips_agg_15_20_after', 'pips_candle_15_20_after', 'volatility_20_25_after', 'pips_agg_20_25_after', 'pips_candle_20_25_after', 'volatility_25_30_after', 'pips_agg_25_30_after', 'pips_candle_25_30_after', 'volatility_60_0_before', 'pips_agg_60_0_before', 'datetime', 'pips_agg_0_60_after']
2019-01-04 11:53:26,018 - INFO - X columns for the model: ['volatility_15_20_after', 'volatility_25_30_after', 'forecast_error_diff_deviation', 'pips_agg_60_0_before', 'pips_candle_15_20_after', 'previous_error_diff_deviation', 'fe_accurate', 'pips_candle_0_5_after', 'volatility_0_5_after', 'pips_candle_25_30_after', 'Low', 'volatility_5_10_after', 'week', 'Medium', 'weekday', 'High', 'fe_worse', 'pips_candle_10_15_after', 'pe_better', 'pe_worse', 'num_news', 'fe_better', 'previous_error_diff_outlier_class', 'pips_agg_0_5_after', 'pips_agg_10_15_after', 'volatility_20_25_after', 'pips_agg_15_20_after', 'volatility_60_0_before', 'pips_agg_25_30_after', 'volatility_10_15_after', 'pe_accurate', 'pips_candle_5_10_after', 'new_id', 'year', 'pips_agg_5_10_after', 'pips_candle_20_25_after', 'forecast_error_diff_outlier_class', 'pips_agg_20_25_after']
2019-01-04 11:53:26,190 - INFO - Starting KNeighborsClassifier
2019-01-04 11:58:41,220 - INFO - Starting SVC - rbf
2019-01-04 12:06:11,810 - INFO - Starting DecisionTreeClassifier
2019-01-04 12:06:41,231 - INFO - Starting RandomForestClassifier
2019-01-04 12:23:21,713 - INFO - Starting XGBClassifier
2019-01-04 12:24:03,232 - INFO - Starting GradientBoostingClassifier
2019-01-04 12:26:13,685 - INFO - Starting AdaBoostClassifier
2019-01-04 12:26:51,428 - INFO - sweep done in: 33.45 min
2019-01-04 12:26:51,432 - INFO - #########################
2019-01-04 12:26:51,432 - INFO - 
2019-01-04 12:26:51,432 - INFO - Starting a new sweep, grouping news by: ALL_NO_3_2_1
2019-01-04 12:27:41,857 - INFO - Starting a new sweep with market features: basic
2019-01-04 12:27:41,858 - INFO - Starting a new sweep, features before the publication are: included
2019-01-04 12:27:41,858 - INFO - Starting a new sweep, delay in between buying-selling is: 30_60
2019-01-04 12:27:41,858 - INFO - Starting a new sweep for grid mode: basic
2019-01-04 12:27:41,858 - INFO - List of dynamic market fields: ['volatility_0_5_after', 'pips_agg_0_5_after', 'volatility_5_10_after', 'pips_agg_5_10_after', 'volatility_10_15_after', 'pips_agg_10_15_after', 'volatility_15_20_after', 'pips_agg_15_20_after', 'volatility_20_25_after', 'pips_agg_20_25_after', 'volatility_25_30_after', 'pips_agg_25_30_after', 'volatility_60_0_before', 'pips_agg_60_0_before', 'datetime', 'pips_agg_0_60_after']
2019-01-04 12:27:42,989 - INFO - X columns for the model: ['volatility_15_20_after', 'volatility_25_30_after', 'forecast_error_diff_deviation', 'pips_agg_60_0_before', 'previous_error_diff_deviation', 'fe_accurate', 'volatility_0_5_after', 'Low', 'volatility_5_10_after', 'week', 'Medium', 'weekday', 'High', 'fe_worse', 'pe_better', 'pe_worse', 'num_news', 'fe_better', 'previous_error_diff_outlier_class', 'pips_agg_0_5_after', 'pips_agg_10_15_after', 'volatility_20_25_after', 'pips_agg_15_20_after', 'volatility_60_0_before', 'pips_agg_25_30_after', 'volatility_10_15_after', 'pe_accurate', 'new_id', 'year', 'pips_agg_5_10_after', 'forecast_error_diff_outlier_class', 'pips_agg_20_25_after']
2019-01-04 12:27:43,099 - INFO - Starting KNeighborsClassifier
2019-01-04 12:31:51,632 - INFO - Starting SVC - rbf
2019-01-04 12:38:21,064 - INFO - Starting DecisionTreeClassifier
2019-01-04 12:38:45,072 - INFO - Starting RandomForestClassifier
2019-01-04 12:54:16,696 - INFO - Starting XGBClassifier
2019-01-04 12:54:53,021 - INFO - Starting GradientBoostingClassifier
2019-01-04 12:56:43,589 - INFO - Starting AdaBoostClassifier
2019-01-04 12:57:17,935 - INFO - sweep done in: 29.60 min
2019-01-04 12:57:17,939 - INFO - Starting a new sweep with market features: all
2019-01-04 12:57:17,939 - INFO - Starting a new sweep, features before the publication are: included
2019-01-04 12:57:17,940 - INFO - Starting a new sweep, delay in between buying-selling is: 30_60
2019-01-04 12:57:17,940 - INFO - Starting a new sweep for grid mode: basic
2019-01-04 12:57:17,940 - INFO - List of dynamic market fields: ['volatility_0_5_after', 'pips_agg_0_5_after', 'pips_candle_0_5_after', 'volatility_5_10_after', 'pips_agg_5_10_after', 'pips_candle_5_10_after', 'volatility_10_15_after', 'pips_agg_10_15_after', 'pips_candle_10_15_after', 'volatility_15_20_after', 'pips_agg_15_20_after', 'pips_candle_15_20_after', 'volatility_20_25_after', 'pips_agg_20_25_after', 'pips_candle_20_25_after', 'volatility_25_30_after', 'pips_agg_25_30_after', 'pips_candle_25_30_after', 'volatility_60_0_before', 'pips_agg_60_0_before', 'datetime', 'pips_agg_0_60_after']
2019-01-04 12:57:19,280 - INFO - X columns for the model: ['volatility_15_20_after', 'volatility_25_30_after', 'forecast_error_diff_deviation', 'pips_agg_60_0_before', 'pips_candle_15_20_after', 'previous_error_diff_deviation', 'fe_accurate', 'pips_candle_0_5_after', 'volatility_0_5_after', 'pips_candle_25_30_after', 'Low', 'volatility_5_10_after', 'week', 'Medium', 'weekday', 'High', 'fe_worse', 'pips_candle_10_15_after', 'pe_better', 'pe_worse', 'num_news', 'fe_better', 'previous_error_diff_outlier_class', 'pips_agg_0_5_after', 'pips_agg_10_15_after', 'volatility_20_25_after', 'pips_agg_15_20_after', 'volatility_60_0_before', 'pips_agg_25_30_after', 'volatility_10_15_after', 'pe_accurate', 'pips_candle_5_10_after', 'new_id', 'year', 'pips_agg_5_10_after', 'pips_candle_20_25_after', 'forecast_error_diff_outlier_class', 'pips_agg_20_25_after']
2019-01-04 12:57:19,396 - INFO - Starting KNeighborsClassifier
2019-01-04 13:02:33,122 - INFO - Starting SVC - rbf
2019-01-04 13:09:39,859 - INFO - Starting DecisionTreeClassifier
2019-01-04 13:10:08,607 - INFO - Starting RandomForestClassifier
2019-01-04 13:27:23,527 - INFO - Starting XGBClassifier
2019-01-04 13:28:05,322 - INFO - Starting GradientBoostingClassifier
2019-01-04 13:30:17,086 - INFO - Starting AdaBoostClassifier
2019-01-04 13:30:56,850 - INFO - sweep done in: 33.65 min
2019-01-04 13:30:56,854 - INFO - #########################
2019-01-04 13:30:56,855 - INFO - 
2019-01-04 13:30:56,855 - INFO - Starting a new sweep, grouping news by: ALL_YES_1_1_1
2019-01-04 13:31:46,232 - INFO - Starting a new sweep with market features: basic
2019-01-04 13:31:46,232 - INFO - Starting a new sweep, features before the publication are: included
2019-01-04 13:31:46,232 - INFO - Starting a new sweep, delay in between buying-selling is: 30_60
2019-01-04 13:31:46,232 - INFO - Starting a new sweep for grid mode: basic
2019-01-04 13:31:46,232 - INFO - List of dynamic market fields: ['volatility_0_5_after', 'pips_agg_0_5_after', 'volatility_5_10_after', 'pips_agg_5_10_after', 'volatility_10_15_after', 'pips_agg_10_15_after', 'volatility_15_20_after', 'pips_agg_15_20_after', 'volatility_20_25_after', 'pips_agg_20_25_after', 'volatility_25_30_after', 'pips_agg_25_30_after', 'volatility_60_0_before', 'pips_agg_60_0_before', 'datetime', 'pips_agg_0_60_after']
2019-01-04 13:31:47,114 - INFO - X columns for the model: ['volatility_15_20_after', 'volatility_25_30_after', 'forecast_error_diff_deviation', 'pips_agg_60_0_before', 'previous_error_diff_deviation', 'fe_accurate', 'volatility_0_5_after', 'Low', 'volatility_5_10_after', 'week', 'Medium', 'weekday', 'High', 'fe_worse', 'pe_better', 'pe_worse', 'num_news', 'fe_better', 'previous_error_diff_outlier_class', 'pips_agg_0_5_after', 'pips_agg_10_15_after', 'volatility_20_25_after', 'pips_agg_15_20_after', 'volatility_60_0_before', 'pips_agg_25_30_after', 'volatility_10_15_after', 'pe_accurate', 'new_id', 'year', 'pips_agg_5_10_after', 'forecast_error_diff_outlier_class', 'pips_agg_20_25_after']
2019-01-04 13:31:47,180 - INFO - Starting KNeighborsClassifier
2019-01-04 13:34:50,535 - INFO - Starting SVC - rbf
2019-01-04 13:37:55,214 - INFO - Starting DecisionTreeClassifier
2019-01-04 13:38:10,424 - INFO - Starting RandomForestClassifier
2019-01-04 13:49:38,641 - INFO - Starting XGBClassifier
2019-01-04 13:50:06,670 - INFO - Starting GradientBoostingClassifier
2019-01-04 13:51:26,671 - INFO - Starting AdaBoostClassifier
2019-01-04 13:51:51,499 - INFO - sweep done in: 20.09 min
2019-01-04 13:51:51,507 - INFO - Starting a new sweep with market features: all
2019-01-04 13:51:51,507 - INFO - Starting a new sweep, features before the publication are: included
2019-01-04 13:51:51,507 - INFO - Starting a new sweep, delay in between buying-selling is: 30_60
2019-01-04 13:51:51,507 - INFO - Starting a new sweep for grid mode: basic
2019-01-04 13:51:51,508 - INFO - List of dynamic market fields: ['volatility_0_5_after', 'pips_agg_0_5_after', 'pips_candle_0_5_after', 'volatility_5_10_after', 'pips_agg_5_10_after', 'pips_candle_5_10_after', 'volatility_10_15_after', 'pips_agg_10_15_after', 'pips_candle_10_15_after', 'volatility_15_20_after', 'pips_agg_15_20_after', 'pips_candle_15_20_after', 'volatility_20_25_after', 'pips_agg_20_25_after', 'pips_candle_20_25_after', 'volatility_25_30_after', 'pips_agg_25_30_after', 'pips_candle_25_30_after', 'volatility_60_0_before', 'pips_agg_60_0_before', 'datetime', 'pips_agg_0_60_after']
2019-01-04 13:51:52,527 - INFO - X columns for the model: ['volatility_15_20_after', 'volatility_25_30_after', 'forecast_error_diff_deviation', 'pips_agg_60_0_before', 'pips_candle_15_20_after', 'previous_error_diff_deviation', 'fe_accurate', 'pips_candle_0_5_after', 'volatility_0_5_after', 'pips_candle_25_30_after', 'Low', 'volatility_5_10_after', 'week', 'Medium', 'weekday', 'High', 'fe_worse', 'pips_candle_10_15_after', 'pe_better', 'pe_worse', 'num_news', 'fe_better', 'previous_error_diff_outlier_class', 'pips_agg_0_5_after', 'pips_agg_10_15_after', 'volatility_20_25_after', 'pips_agg_15_20_after', 'volatility_60_0_before', 'pips_agg_25_30_after', 'volatility_10_15_after', 'pe_accurate', 'pips_candle_5_10_after', 'new_id', 'year', 'pips_agg_5_10_after', 'pips_candle_20_25_after', 'forecast_error_diff_outlier_class', 'pips_agg_20_25_after']
2019-01-04 13:51:52,623 - INFO - Starting KNeighborsClassifier
2019-01-04 13:55:50,205 - INFO - Starting SVC - rbf
2019-01-04 13:59:10,507 - INFO - Starting DecisionTreeClassifier
2019-01-04 13:59:28,413 - INFO - Starting RandomForestClassifier
2019-01-04 14:11:26,280 - INFO - Starting XGBClassifier
2019-01-04 14:11:56,359 - INFO - Starting GradientBoostingClassifier
2019-01-04 14:13:30,345 - INFO - Starting AdaBoostClassifier
2019-01-04 14:13:58,609 - INFO - sweep done in: 22.12 min
2019-01-04 14:13:58,619 - INFO - #########################
2019-01-04 14:13:58,619 - INFO - 
2019-01-04 14:13:58,619 - INFO - Starting a new sweep, grouping news by: ALL_YES_3_2_1
2019-01-04 14:14:47,538 - INFO - Starting a new sweep with market features: basic
2019-01-04 14:14:47,538 - INFO - Starting a new sweep, features before the publication are: included
2019-01-04 14:14:47,539 - INFO - Starting a new sweep, delay in between buying-selling is: 30_60
2019-01-04 14:14:47,539 - INFO - Starting a new sweep for grid mode: basic
2019-01-04 14:14:47,539 - INFO - List of dynamic market fields: ['volatility_0_5_after', 'pips_agg_0_5_after', 'volatility_5_10_after', 'pips_agg_5_10_after', 'volatility_10_15_after', 'pips_agg_10_15_after', 'volatility_15_20_after', 'pips_agg_15_20_after', 'volatility_20_25_after', 'pips_agg_20_25_after', 'volatility_25_30_after', 'pips_agg_25_30_after', 'volatility_60_0_before', 'pips_agg_60_0_before', 'datetime', 'pips_agg_0_60_after']
2019-01-04 14:14:48,398 - INFO - X columns for the model: ['volatility_15_20_after', 'volatility_25_30_after', 'forecast_error_diff_deviation', 'pips_agg_60_0_before', 'previous_error_diff_deviation', 'fe_accurate', 'volatility_0_5_after', 'Low', 'volatility_5_10_after', 'week', 'Medium', 'weekday', 'High', 'fe_worse', 'pe_better', 'pe_worse', 'num_news', 'fe_better', 'previous_error_diff_outlier_class', 'pips_agg_0_5_after', 'pips_agg_10_15_after', 'volatility_20_25_after', 'pips_agg_15_20_after', 'volatility_60_0_before', 'pips_agg_25_30_after', 'volatility_10_15_after', 'pe_accurate', 'new_id', 'year', 'pips_agg_5_10_after', 'forecast_error_diff_outlier_class', 'pips_agg_20_25_after']
2019-01-04 14:14:48,486 - INFO - Starting KNeighborsClassifier
2019-01-04 14:18:37,660 - INFO - Starting SVC - rbf
2019-01-04 14:21:42,778 - INFO - Starting DecisionTreeClassifier
2019-01-04 14:21:58,579 - INFO - Starting RandomForestClassifier
2019-01-04 14:33:26,874 - INFO - Starting XGBClassifier
2019-01-04 14:33:57,255 - INFO - Starting GradientBoostingClassifier
2019-01-04 14:35:18,072 - INFO - Starting AdaBoostClassifier
2019-01-04 14:35:45,552 - INFO - sweep done in: 20.97 min
2019-01-04 14:35:45,558 - INFO - Starting a new sweep with market features: all
2019-01-04 14:35:45,559 - INFO - Starting a new sweep, features before the publication are: included
2019-01-04 14:35:45,559 - INFO - Starting a new sweep, delay in between buying-selling is: 30_60
2019-01-04 14:35:45,559 - INFO - Starting a new sweep for grid mode: basic
2019-01-04 14:35:45,560 - INFO - List of dynamic market fields: ['volatility_0_5_after', 'pips_agg_0_5_after', 'pips_candle_0_5_after', 'volatility_5_10_after', 'pips_agg_5_10_after', 'pips_candle_5_10_after', 'volatility_10_15_after', 'pips_agg_10_15_after', 'pips_candle_10_15_after', 'volatility_15_20_after', 'pips_agg_15_20_after', 'pips_candle_15_20_after', 'volatility_20_25_after', 'pips_agg_20_25_after', 'pips_candle_20_25_after', 'volatility_25_30_after', 'pips_agg_25_30_after', 'pips_candle_25_30_after', 'volatility_60_0_before', 'pips_agg_60_0_before', 'datetime', 'pips_agg_0_60_after']
2019-01-04 14:35:46,775 - INFO - X columns for the model: ['volatility_15_20_after', 'volatility_25_30_after', 'forecast_error_diff_deviation', 'pips_agg_60_0_before', 'pips_candle_15_20_after', 'previous_error_diff_deviation', 'fe_accurate', 'pips_candle_0_5_after', 'volatility_0_5_after', 'pips_candle_25_30_after', 'Low', 'volatility_5_10_after', 'week', 'Medium', 'weekday', 'High', 'fe_worse', 'pips_candle_10_15_after', 'pe_better', 'pe_worse', 'num_news', 'fe_better', 'previous_error_diff_outlier_class', 'pips_agg_0_5_after', 'pips_agg_10_15_after', 'volatility_20_25_after', 'pips_agg_15_20_after', 'volatility_60_0_before', 'pips_agg_25_30_after', 'volatility_10_15_after', 'pe_accurate', 'pips_candle_5_10_after', 'new_id', 'year', 'pips_agg_5_10_after', 'pips_candle_20_25_after', 'forecast_error_diff_outlier_class', 'pips_agg_20_25_after']
2019-01-04 14:35:46,859 - INFO - Starting KNeighborsClassifier
2019-01-04 14:40:45,185 - INFO - Starting SVC - rbf
2019-01-04 14:43:38,601 - INFO - Starting DecisionTreeClassifier
2019-01-04 14:43:54,228 - INFO - Starting RandomForestClassifier
2019-01-04 14:54:05,711 - INFO - Starting XGBClassifier
2019-01-04 14:54:35,476 - INFO - Starting GradientBoostingClassifier
2019-01-04 14:55:56,414 - INFO - Starting AdaBoostClassifier
2019-01-04 14:56:23,148 - INFO - sweep done in: 20.63 min
2019-01-04 14:56:23,156 - INFO - #########################
2019-01-04 14:56:23,156 - INFO - 
2019-01-04 14:56:23,156 - INFO - Starting a new sweep, grouping news by: High_NO_1_1_1
2019-01-04 14:56:35,663 - INFO - Starting a new sweep with market features: basic
2019-01-04 14:56:35,663 - INFO - Starting a new sweep, features before the publication are: included
2019-01-04 14:56:35,663 - INFO - Starting a new sweep, delay in between buying-selling is: 30_60
2019-01-04 14:56:35,664 - INFO - Starting a new sweep for grid mode: basic
2019-01-04 14:56:35,664 - INFO - List of dynamic market fields: ['volatility_0_5_after', 'pips_agg_0_5_after', 'volatility_5_10_after', 'pips_agg_5_10_after', 'volatility_10_15_after', 'pips_agg_10_15_after', 'volatility_15_20_after', 'pips_agg_15_20_after', 'volatility_20_25_after', 'pips_agg_20_25_after', 'volatility_25_30_after', 'pips_agg_25_30_after', 'volatility_60_0_before', 'pips_agg_60_0_before', 'datetime', 'pips_agg_0_60_after']
2019-01-04 14:56:36,114 - INFO - X columns for the model: ['weekday', 'volatility_15_20_after', 'volatility_25_30_after', 'forecast_error_diff_deviation', 'pips_agg_60_0_before', 'High', 'fe_worse', 'pe_better', 'pe_worse', 'previous_error_diff_deviation', 'fe_accurate', 'fe_better', 'num_news', 'previous_error_diff_outlier_class', 'pips_agg_0_5_after', 'pips_agg_10_15_after', 'volatility_0_5_after', 'volatility_20_25_after', 'pips_agg_15_20_after', 'volatility_60_0_before', 'pips_agg_25_30_after', 'volatility_10_15_after', 'volatility_5_10_after', 'pe_accurate', 'week', 'new_id', 'year', 'pips_agg_5_10_after', 'forecast_error_diff_outlier_class', 'pips_agg_20_25_after']
2019-01-04 14:56:36,156 - INFO - Starting KNeighborsClassifier
2019-01-04 14:57:14,561 - INFO - Starting SVC - rbf
2019-01-04 14:57:58,356 - INFO - Starting DecisionTreeClassifier
2019-01-04 14:58:06,218 - INFO - Starting RandomForestClassifier
2019-01-04 15:05:06,139 - INFO - Starting XGBClassifier
2019-01-04 15:05:18,019 - INFO - Starting GradientBoostingClassifier
2019-01-04 15:05:58,266 - INFO - Starting AdaBoostClassifier
2019-01-04 15:06:13,145 - INFO - sweep done in: 9.62 min
2019-01-04 15:06:13,151 - INFO - Starting a new sweep with market features: all
2019-01-04 15:06:13,151 - INFO - Starting a new sweep, features before the publication are: included
2019-01-04 15:06:13,152 - INFO - Starting a new sweep, delay in between buying-selling is: 30_60
2019-01-04 15:06:13,152 - INFO - Starting a new sweep for grid mode: basic
2019-01-04 15:06:13,152 - INFO - List of dynamic market fields: ['volatility_0_5_after', 'pips_agg_0_5_after', 'pips_candle_0_5_after', 'volatility_5_10_after', 'pips_agg_5_10_after', 'pips_candle_5_10_after', 'volatility_10_15_after', 'pips_agg_10_15_after', 'pips_candle_10_15_after', 'volatility_15_20_after', 'pips_agg_15_20_after', 'pips_candle_15_20_after', 'volatility_20_25_after', 'pips_agg_20_25_after', 'pips_candle_20_25_after', 'volatility_25_30_after', 'pips_agg_25_30_after', 'pips_candle_25_30_after', 'volatility_60_0_before', 'pips_agg_60_0_before', 'datetime', 'pips_agg_0_60_after']
2019-01-04 15:06:13,771 - INFO - X columns for the model: ['volatility_15_20_after', 'volatility_25_30_after', 'forecast_error_diff_deviation', 'pips_agg_60_0_before', 'pips_candle_15_20_after', 'previous_error_diff_deviation', 'fe_accurate', 'pips_candle_0_5_after', 'volatility_0_5_after', 'pips_candle_25_30_after', 'volatility_5_10_after', 'week', 'weekday', 'High', 'fe_worse', 'pips_candle_10_15_after', 'pe_better', 'pe_worse', 'fe_better', 'num_news', 'previous_error_diff_outlier_class', 'pips_agg_0_5_after', 'pips_agg_10_15_after', 'volatility_20_25_after', 'pips_agg_15_20_after', 'volatility_60_0_before', 'pips_agg_25_30_after', 'volatility_10_15_after', 'pe_accurate', 'pips_candle_5_10_after', 'new_id', 'year', 'pips_agg_5_10_after', 'pips_candle_20_25_after', 'forecast_error_diff_outlier_class', 'pips_agg_20_25_after']
2019-01-04 15:06:13,811 - INFO - Starting KNeighborsClassifier
2019-01-04 15:06:53,593 - INFO - Starting SVC - rbf
2019-01-04 15:07:38,880 - INFO - Starting DecisionTreeClassifier
2019-01-04 15:07:47,590 - INFO - Starting RandomForestClassifier
2019-01-04 15:15:15,616 - INFO - Starting XGBClassifier
2019-01-04 15:15:29,505 - INFO - Starting GradientBoostingClassifier
2019-01-04 15:16:15,652 - INFO - Starting AdaBoostClassifier
2019-01-04 15:16:32,097 - INFO - sweep done in: 10.32 min
2019-01-04 15:16:32,105 - INFO - #########################
2019-01-04 15:16:32,105 - INFO - 
2019-01-04 15:16:32,105 - INFO - Starting a new sweep, grouping news by: High_YES_1_1_1
2019-01-04 15:16:43,193 - INFO - Starting a new sweep with market features: basic
2019-01-04 15:16:43,194 - INFO - Starting a new sweep, features before the publication are: included
2019-01-04 15:16:43,194 - INFO - Starting a new sweep, delay in between buying-selling is: 30_60
2019-01-04 15:16:43,194 - INFO - Starting a new sweep for grid mode: basic
2019-01-04 15:16:43,195 - INFO - List of dynamic market fields: ['volatility_0_5_after', 'pips_agg_0_5_after', 'volatility_5_10_after', 'pips_agg_5_10_after', 'volatility_10_15_after', 'pips_agg_10_15_after', 'volatility_15_20_after', 'pips_agg_15_20_after', 'volatility_20_25_after', 'pips_agg_20_25_after', 'volatility_25_30_after', 'pips_agg_25_30_after', 'volatility_60_0_before', 'pips_agg_60_0_before', 'datetime', 'pips_agg_0_60_after']
2019-01-04 15:16:43,570 - INFO - X columns for the model: ['weekday', 'volatility_15_20_after', 'volatility_25_30_after', 'forecast_error_diff_deviation', 'pips_agg_60_0_before', 'High', 'fe_worse', 'pe_better', 'pe_worse', 'previous_error_diff_deviation', 'fe_accurate', 'fe_better', 'num_news', 'previous_error_diff_outlier_class', 'pips_agg_0_5_after', 'pips_agg_10_15_after', 'volatility_0_5_after', 'volatility_20_25_after', 'pips_agg_15_20_after', 'volatility_60_0_before', 'pips_agg_25_30_after', 'volatility_10_15_after', 'volatility_5_10_after', 'pe_accurate', 'week', 'new_id', 'year', 'pips_agg_5_10_after', 'forecast_error_diff_outlier_class', 'pips_agg_20_25_after']
2019-01-04 15:16:43,602 - INFO - Starting KNeighborsClassifier
2019-01-04 15:17:11,969 - INFO - Starting SVC - rbf
2019-01-04 15:17:37,133 - INFO - Starting DecisionTreeClassifier
2019-01-04 15:17:42,640 - INFO - Starting RandomForestClassifier
2019-01-04 15:23:49,553 - INFO - Starting XGBClassifier
2019-01-04 15:24:00,063 - INFO - Starting GradientBoostingClassifier
2019-01-04 15:24:34,196 - INFO - Starting AdaBoostClassifier
2019-01-04 15:24:47,020 - INFO - sweep done in: 8.06 min
2019-01-04 15:24:47,027 - INFO - Starting a new sweep with market features: all
2019-01-04 15:24:47,027 - INFO - Starting a new sweep, features before the publication are: included
2019-01-04 15:24:47,027 - INFO - Starting a new sweep, delay in between buying-selling is: 30_60
2019-01-04 15:24:47,027 - INFO - Starting a new sweep for grid mode: basic
2019-01-04 15:24:47,028 - INFO - List of dynamic market fields: ['volatility_0_5_after', 'pips_agg_0_5_after', 'pips_candle_0_5_after', 'volatility_5_10_after', 'pips_agg_5_10_after', 'pips_candle_5_10_after', 'volatility_10_15_after', 'pips_agg_10_15_after', 'pips_candle_10_15_after', 'volatility_15_20_after', 'pips_agg_15_20_after', 'pips_candle_15_20_after', 'volatility_20_25_after', 'pips_agg_20_25_after', 'pips_candle_20_25_after', 'volatility_25_30_after', 'pips_agg_25_30_after', 'pips_candle_25_30_after', 'volatility_60_0_before', 'pips_agg_60_0_before', 'datetime', 'pips_agg_0_60_after']
2019-01-04 15:24:47,435 - INFO - X columns for the model: ['volatility_15_20_after', 'volatility_25_30_after', 'forecast_error_diff_deviation', 'pips_agg_60_0_before', 'pips_candle_15_20_after', 'previous_error_diff_deviation', 'fe_accurate', 'pips_candle_0_5_after', 'volatility_0_5_after', 'pips_candle_25_30_after', 'volatility_5_10_after', 'week', 'weekday', 'High', 'fe_worse', 'pips_candle_10_15_after', 'pe_better', 'pe_worse', 'fe_better', 'num_news', 'previous_error_diff_outlier_class', 'pips_agg_0_5_after', 'pips_agg_10_15_after', 'volatility_20_25_after', 'pips_agg_15_20_after', 'volatility_60_0_before', 'pips_agg_25_30_after', 'volatility_10_15_after', 'pe_accurate', 'pips_candle_5_10_after', 'new_id', 'year', 'pips_agg_5_10_after', 'pips_candle_20_25_after', 'forecast_error_diff_outlier_class', 'pips_agg_20_25_after']
2019-01-04 15:24:47,468 - INFO - Starting KNeighborsClassifier
2019-01-04 15:25:21,246 - INFO - Starting SVC - rbf
2019-01-04 15:25:48,934 - INFO - Starting DecisionTreeClassifier
2019-01-04 15:25:55,438 - INFO - Starting RandomForestClassifier
2019-01-04 15:32:18,916 - INFO - Starting XGBClassifier
2019-01-04 15:32:30,121 - INFO - Starting GradientBoostingClassifier
2019-01-04 15:33:07,152 - INFO - Starting AdaBoostClassifier
2019-01-04 15:33:21,106 - INFO - sweep done in: 8.57 min
