2019-01-04 11:23:24,489 - INFO - #########################
2019-01-04 11:23:24,490 - INFO - 
2019-01-04 11:23:24,490 - INFO - Starting a new sweep, grouping news by: ALL_NO_1_1_1
2019-01-04 11:24:22,435 - INFO - Starting a new sweep with market features: basic
2019-01-04 11:24:22,435 - INFO - Starting a new sweep, features before the publication are: included
2019-01-04 11:24:22,435 - INFO - Starting a new sweep, delay in between buying-selling is: 30_90
2019-01-04 11:24:22,435 - INFO - Starting a new sweep for grid mode: basic
2019-01-04 11:24:22,436 - INFO - List of dynamic market fields: ['volatility_0_5_after', 'pips_agg_0_5_after', 'volatility_5_10_after', 'pips_agg_5_10_after', 'volatility_10_15_after', 'pips_agg_10_15_after', 'volatility_15_20_after', 'pips_agg_15_20_after', 'volatility_20_25_after', 'pips_agg_20_25_after', 'volatility_25_30_after', 'pips_agg_25_30_after', 'volatility_60_0_before', 'pips_agg_60_0_before', 'datetime', 'pips_agg_0_90_after']
2019-01-04 11:24:23,820 - INFO - X columns for the model: ['pips_agg_25_30_after', 'week', 'volatility_20_25_after', 'fe_better', 'volatility_25_30_after', 'weekday', 'volatility_60_0_before', 'forecast_error_diff_outlier_class', 'previous_error_diff_deviation', 'pips_agg_0_5_after', 'pe_accurate', 'volatility_10_15_after', 'fe_accurate', 'num_news', 'volatility_15_20_after', 'volatility_5_10_after', 'pips_agg_20_25_after', 'High', 'Medium', 'previous_error_diff_outlier_class', 'pe_worse', 'pips_agg_60_0_before', 'volatility_0_5_after', 'Low', 'forecast_error_diff_deviation', 'pips_agg_5_10_after', 'year', 'new_id', 'pe_better', 'pips_agg_10_15_after', 'pips_agg_15_20_after', 'fe_worse']
2019-01-04 11:24:24,006 - INFO - Starting KNeighborsClassifier
2019-01-04 11:29:07,706 - INFO - Starting SVC - rbf
2019-01-04 11:35:52,533 - INFO - Starting DecisionTreeClassifier
2019-01-04 11:36:15,564 - INFO - Starting RandomForestClassifier
2019-01-04 11:50:30,297 - INFO - Starting XGBClassifier
2019-01-04 11:51:10,823 - INFO - Starting GradientBoostingClassifier
2019-01-04 11:53:02,919 - INFO - Starting AdaBoostClassifier
2019-01-04 11:53:37,156 - INFO - sweep done in: 29.25 min
2019-01-04 11:53:37,161 - INFO - Starting a new sweep with market features: all
2019-01-04 11:53:37,161 - INFO - Starting a new sweep, features before the publication are: included
2019-01-04 11:53:37,161 - INFO - Starting a new sweep, delay in between buying-selling is: 30_90
2019-01-04 11:53:37,161 - INFO - Starting a new sweep for grid mode: basic
2019-01-04 11:53:37,161 - INFO - List of dynamic market fields: ['volatility_0_5_after', 'pips_agg_0_5_after', 'pips_candle_0_5_after', 'volatility_5_10_after', 'pips_agg_5_10_after', 'pips_candle_5_10_after', 'volatility_10_15_after', 'pips_agg_10_15_after', 'pips_candle_10_15_after', 'volatility_15_20_after', 'pips_agg_15_20_after', 'pips_candle_15_20_after', 'volatility_20_25_after', 'pips_agg_20_25_after', 'pips_candle_20_25_after', 'volatility_25_30_after', 'pips_agg_25_30_after', 'pips_candle_25_30_after', 'volatility_60_0_before', 'pips_agg_60_0_before', 'datetime', 'pips_agg_0_90_after']
2019-01-04 11:53:38,443 - INFO - X columns for the model: ['pips_agg_25_30_after', 'week', 'volatility_20_25_after', 'fe_better', 'pips_candle_5_10_after', 'volatility_25_30_after', 'weekday', 'volatility_60_0_before', 'pips_candle_25_30_after', 'forecast_error_diff_outlier_class', 'pips_candle_0_5_after', 'previous_error_diff_deviation', 'pips_agg_0_5_after', 'pe_accurate', 'volatility_10_15_after', 'fe_accurate', 'num_news', 'volatility_15_20_after', 'volatility_5_10_after', 'pips_agg_20_25_after', 'High', 'Medium', 'previous_error_diff_outlier_class', 'pe_worse', 'pips_candle_20_25_after', 'pips_agg_60_0_before', 'volatility_0_5_after', 'pips_candle_15_20_after', 'Low', 'forecast_error_diff_deviation', 'pips_agg_5_10_after', 'year', 'new_id', 'pe_better', 'pips_candle_10_15_after', 'pips_agg_10_15_after', 'pips_agg_15_20_after', 'fe_worse']
2019-01-04 11:53:38,554 - INFO - Starting KNeighborsClassifier
2019-01-04 11:58:56,614 - INFO - Starting SVC - rbf
2019-01-04 12:06:34,888 - INFO - Starting DecisionTreeClassifier
2019-01-04 12:07:03,716 - INFO - Starting RandomForestClassifier
2019-01-04 12:23:36,375 - INFO - Starting XGBClassifier
2019-01-04 12:24:23,299 - INFO - Starting GradientBoostingClassifier
2019-01-04 12:26:37,207 - INFO - Starting AdaBoostClassifier
2019-01-04 12:27:14,713 - INFO - sweep done in: 33.63 min
2019-01-04 12:27:14,716 - INFO - #########################
2019-01-04 12:27:14,716 - INFO - 
2019-01-04 12:27:14,717 - INFO - Starting a new sweep, grouping news by: ALL_NO_3_2_1
2019-01-04 12:28:04,576 - INFO - Starting a new sweep with market features: basic
2019-01-04 12:28:04,577 - INFO - Starting a new sweep, features before the publication are: included
2019-01-04 12:28:04,577 - INFO - Starting a new sweep, delay in between buying-selling is: 30_90
2019-01-04 12:28:04,577 - INFO - Starting a new sweep for grid mode: basic
2019-01-04 12:28:04,577 - INFO - List of dynamic market fields: ['volatility_0_5_after', 'pips_agg_0_5_after', 'volatility_5_10_after', 'pips_agg_5_10_after', 'volatility_10_15_after', 'pips_agg_10_15_after', 'volatility_15_20_after', 'pips_agg_15_20_after', 'volatility_20_25_after', 'pips_agg_20_25_after', 'volatility_25_30_after', 'pips_agg_25_30_after', 'volatility_60_0_before', 'pips_agg_60_0_before', 'datetime', 'pips_agg_0_90_after']
2019-01-04 12:28:05,680 - INFO - X columns for the model: ['pips_agg_25_30_after', 'week', 'volatility_20_25_after', 'fe_better', 'volatility_25_30_after', 'weekday', 'volatility_60_0_before', 'forecast_error_diff_outlier_class', 'previous_error_diff_deviation', 'pips_agg_0_5_after', 'pe_accurate', 'volatility_10_15_after', 'fe_accurate', 'num_news', 'volatility_15_20_after', 'volatility_5_10_after', 'pips_agg_20_25_after', 'High', 'Medium', 'previous_error_diff_outlier_class', 'pe_worse', 'pips_agg_60_0_before', 'volatility_0_5_after', 'Low', 'forecast_error_diff_deviation', 'pips_agg_5_10_after', 'year', 'new_id', 'pe_better', 'pips_agg_10_15_after', 'pips_agg_15_20_after', 'fe_worse']
2019-01-04 12:28:05,830 - INFO - Starting KNeighborsClassifier
2019-01-04 12:32:19,353 - INFO - Starting SVC - rbf
2019-01-04 12:38:55,604 - INFO - Starting DecisionTreeClassifier
2019-01-04 12:39:19,458 - INFO - Starting RandomForestClassifier
2019-01-04 12:54:46,259 - INFO - Starting XGBClassifier
2019-01-04 12:55:24,688 - INFO - Starting GradientBoostingClassifier
2019-01-04 12:57:16,837 - INFO - Starting AdaBoostClassifier
2019-01-04 12:57:51,428 - INFO - sweep done in: 29.78 min
2019-01-04 12:57:51,435 - INFO - Starting a new sweep with market features: all
2019-01-04 12:57:51,435 - INFO - Starting a new sweep, features before the publication are: included
2019-01-04 12:57:51,435 - INFO - Starting a new sweep, delay in between buying-selling is: 30_90
2019-01-04 12:57:51,436 - INFO - Starting a new sweep for grid mode: basic
2019-01-04 12:57:51,436 - INFO - List of dynamic market fields: ['volatility_0_5_after', 'pips_agg_0_5_after', 'pips_candle_0_5_after', 'volatility_5_10_after', 'pips_agg_5_10_after', 'pips_candle_5_10_after', 'volatility_10_15_after', 'pips_agg_10_15_after', 'pips_candle_10_15_after', 'volatility_15_20_after', 'pips_agg_15_20_after', 'pips_candle_15_20_after', 'volatility_20_25_after', 'pips_agg_20_25_after', 'pips_candle_20_25_after', 'volatility_25_30_after', 'pips_agg_25_30_after', 'pips_candle_25_30_after', 'volatility_60_0_before', 'pips_agg_60_0_before', 'datetime', 'pips_agg_0_90_after']
2019-01-04 12:57:52,920 - INFO - X columns for the model: ['pips_agg_25_30_after', 'week', 'volatility_20_25_after', 'fe_better', 'pips_candle_5_10_after', 'volatility_25_30_after', 'weekday', 'volatility_60_0_before', 'pips_candle_25_30_after', 'forecast_error_diff_outlier_class', 'pips_candle_0_5_after', 'previous_error_diff_deviation', 'pips_agg_0_5_after', 'pe_accurate', 'volatility_10_15_after', 'fe_accurate', 'num_news', 'volatility_15_20_after', 'volatility_5_10_after', 'pips_agg_20_25_after', 'High', 'Medium', 'previous_error_diff_outlier_class', 'pe_worse', 'pips_candle_20_25_after', 'pips_agg_60_0_before', 'volatility_0_5_after', 'pips_candle_15_20_after', 'Low', 'forecast_error_diff_deviation', 'pips_agg_5_10_after', 'year', 'new_id', 'pe_better', 'pips_candle_10_15_after', 'pips_agg_10_15_after', 'pips_agg_15_20_after', 'fe_worse']
2019-01-04 12:57:53,040 - INFO - Starting KNeighborsClassifier
2019-01-04 13:03:12,064 - INFO - Starting SVC - rbf
2019-01-04 13:10:27,700 - INFO - Starting DecisionTreeClassifier
2019-01-04 13:10:57,488 - INFO - Starting RandomForestClassifier
2019-01-04 13:28:09,782 - INFO - Starting XGBClassifier
2019-01-04 13:28:54,104 - INFO - Starting GradientBoostingClassifier
2019-01-04 13:31:08,001 - INFO - Starting AdaBoostClassifier
2019-01-04 13:31:46,360 - INFO - sweep done in: 33.92 min
2019-01-04 13:31:46,363 - INFO - #########################
2019-01-04 13:31:46,364 - INFO - 
2019-01-04 13:31:46,364 - INFO - Starting a new sweep, grouping news by: ALL_YES_1_1_1
2019-01-04 13:32:35,927 - INFO - Starting a new sweep with market features: basic
2019-01-04 13:32:35,927 - INFO - Starting a new sweep, features before the publication are: included
2019-01-04 13:32:35,927 - INFO - Starting a new sweep, delay in between buying-selling is: 30_90
2019-01-04 13:32:35,927 - INFO - Starting a new sweep for grid mode: basic
2019-01-04 13:32:35,928 - INFO - List of dynamic market fields: ['volatility_0_5_after', 'pips_agg_0_5_after', 'volatility_5_10_after', 'pips_agg_5_10_after', 'volatility_10_15_after', 'pips_agg_10_15_after', 'volatility_15_20_after', 'pips_agg_15_20_after', 'volatility_20_25_after', 'pips_agg_20_25_after', 'volatility_25_30_after', 'pips_agg_25_30_after', 'volatility_60_0_before', 'pips_agg_60_0_before', 'datetime', 'pips_agg_0_90_after']
2019-01-04 13:32:36,748 - INFO - X columns for the model: ['pips_agg_25_30_after', 'week', 'volatility_20_25_after', 'fe_better', 'volatility_25_30_after', 'weekday', 'volatility_60_0_before', 'forecast_error_diff_outlier_class', 'previous_error_diff_deviation', 'pips_agg_0_5_after', 'pe_accurate', 'volatility_10_15_after', 'fe_accurate', 'num_news', 'volatility_15_20_after', 'volatility_5_10_after', 'pips_agg_20_25_after', 'High', 'Medium', 'previous_error_diff_outlier_class', 'pe_worse', 'pips_agg_60_0_before', 'volatility_0_5_after', 'Low', 'forecast_error_diff_deviation', 'pips_agg_5_10_after', 'year', 'new_id', 'pe_better', 'pips_agg_10_15_after', 'pips_agg_15_20_after', 'fe_worse']
2019-01-04 13:32:36,815 - INFO - Starting KNeighborsClassifier
2019-01-04 13:35:41,781 - INFO - Starting SVC - rbf
2019-01-04 13:38:43,357 - INFO - Starting DecisionTreeClassifier
2019-01-04 13:38:58,716 - INFO - Starting RandomForestClassifier
2019-01-04 13:50:30,174 - INFO - Starting XGBClassifier
2019-01-04 13:50:56,562 - INFO - Starting GradientBoostingClassifier
2019-01-04 13:52:14,825 - INFO - Starting AdaBoostClassifier
2019-01-04 13:52:40,141 - INFO - sweep done in: 20.07 min
2019-01-04 13:52:40,145 - INFO - Starting a new sweep with market features: all
2019-01-04 13:52:40,161 - INFO - Starting a new sweep, features before the publication are: included
2019-01-04 13:52:40,161 - INFO - Starting a new sweep, delay in between buying-selling is: 30_90
2019-01-04 13:52:40,161 - INFO - Starting a new sweep for grid mode: basic
2019-01-04 13:52:40,161 - INFO - List of dynamic market fields: ['volatility_0_5_after', 'pips_agg_0_5_after', 'pips_candle_0_5_after', 'volatility_5_10_after', 'pips_agg_5_10_after', 'pips_candle_5_10_after', 'volatility_10_15_after', 'pips_agg_10_15_after', 'pips_candle_10_15_after', 'volatility_15_20_after', 'pips_agg_15_20_after', 'pips_candle_15_20_after', 'volatility_20_25_after', 'pips_agg_20_25_after', 'pips_candle_20_25_after', 'volatility_25_30_after', 'pips_agg_25_30_after', 'pips_candle_25_30_after', 'volatility_60_0_before', 'pips_agg_60_0_before', 'datetime', 'pips_agg_0_90_after']
2019-01-04 13:52:41,141 - INFO - X columns for the model: ['pips_agg_25_30_after', 'week', 'volatility_20_25_after', 'fe_better', 'pips_candle_5_10_after', 'volatility_25_30_after', 'weekday', 'volatility_60_0_before', 'pips_candle_25_30_after', 'forecast_error_diff_outlier_class', 'pips_candle_0_5_after', 'previous_error_diff_deviation', 'pips_agg_0_5_after', 'pe_accurate', 'volatility_10_15_after', 'fe_accurate', 'num_news', 'volatility_15_20_after', 'volatility_5_10_after', 'pips_agg_20_25_after', 'High', 'Medium', 'previous_error_diff_outlier_class', 'pe_worse', 'pips_candle_20_25_after', 'pips_agg_60_0_before', 'volatility_0_5_after', 'pips_candle_15_20_after', 'Low', 'forecast_error_diff_deviation', 'pips_agg_5_10_after', 'year', 'new_id', 'pe_better', 'pips_candle_10_15_after', 'pips_agg_10_15_after', 'pips_agg_15_20_after', 'fe_worse']
2019-01-04 13:52:41,234 - INFO - Starting KNeighborsClassifier
2019-01-04 13:56:37,606 - INFO - Starting SVC - rbf
2019-01-04 13:59:53,036 - INFO - Starting DecisionTreeClassifier
2019-01-04 14:00:10,774 - INFO - Starting RandomForestClassifier
2019-01-04 14:12:08,961 - INFO - Starting XGBClassifier
2019-01-04 14:12:40,628 - INFO - Starting GradientBoostingClassifier
2019-01-04 14:14:11,767 - INFO - Starting AdaBoostClassifier
2019-01-04 14:14:39,151 - INFO - sweep done in: 21.98 min
2019-01-04 14:14:39,162 - INFO - #########################
2019-01-04 14:14:39,162 - INFO - 
2019-01-04 14:14:39,162 - INFO - Starting a new sweep, grouping news by: ALL_YES_3_2_1
2019-01-04 14:15:28,798 - INFO - Starting a new sweep with market features: basic
2019-01-04 14:15:28,798 - INFO - Starting a new sweep, features before the publication are: included
2019-01-04 14:15:28,799 - INFO - Starting a new sweep, delay in between buying-selling is: 30_90
2019-01-04 14:15:28,799 - INFO - Starting a new sweep for grid mode: basic
2019-01-04 14:15:28,799 - INFO - List of dynamic market fields: ['volatility_0_5_after', 'pips_agg_0_5_after', 'volatility_5_10_after', 'pips_agg_5_10_after', 'volatility_10_15_after', 'pips_agg_10_15_after', 'volatility_15_20_after', 'pips_agg_15_20_after', 'volatility_20_25_after', 'pips_agg_20_25_after', 'volatility_25_30_after', 'pips_agg_25_30_after', 'volatility_60_0_before', 'pips_agg_60_0_before', 'datetime', 'pips_agg_0_90_after']
2019-01-04 14:15:29,679 - INFO - X columns for the model: ['pips_agg_25_30_after', 'week', 'volatility_20_25_after', 'fe_better', 'volatility_25_30_after', 'weekday', 'volatility_60_0_before', 'forecast_error_diff_outlier_class', 'previous_error_diff_deviation', 'pips_agg_0_5_after', 'pe_accurate', 'volatility_10_15_after', 'fe_accurate', 'num_news', 'volatility_15_20_after', 'volatility_5_10_after', 'pips_agg_20_25_after', 'High', 'Medium', 'previous_error_diff_outlier_class', 'pe_worse', 'pips_agg_60_0_before', 'volatility_0_5_after', 'Low', 'forecast_error_diff_deviation', 'pips_agg_5_10_after', 'year', 'new_id', 'pe_better', 'pips_agg_10_15_after', 'pips_agg_15_20_after', 'fe_worse']
2019-01-04 14:15:29,738 - INFO - Starting KNeighborsClassifier
2019-01-04 14:19:24,423 - INFO - Starting SVC - rbf
2019-01-04 14:22:26,918 - INFO - Starting DecisionTreeClassifier
2019-01-04 14:22:42,606 - INFO - Starting RandomForestClassifier
2019-01-04 14:34:09,177 - INFO - Starting XGBClassifier
2019-01-04 14:34:36,045 - INFO - Starting GradientBoostingClassifier
2019-01-04 14:36:00,718 - INFO - Starting AdaBoostClassifier
2019-01-04 14:36:28,364 - INFO - sweep done in: 20.99 min
2019-01-04 14:36:28,376 - INFO - Starting a new sweep with market features: all
2019-01-04 14:36:28,376 - INFO - Starting a new sweep, features before the publication are: included
2019-01-04 14:36:28,377 - INFO - Starting a new sweep, delay in between buying-selling is: 30_90
2019-01-04 14:36:28,377 - INFO - Starting a new sweep for grid mode: basic
2019-01-04 14:36:28,378 - INFO - List of dynamic market fields: ['volatility_0_5_after', 'pips_agg_0_5_after', 'pips_candle_0_5_after', 'volatility_5_10_after', 'pips_agg_5_10_after', 'pips_candle_5_10_after', 'volatility_10_15_after', 'pips_agg_10_15_after', 'pips_candle_10_15_after', 'volatility_15_20_after', 'pips_agg_15_20_after', 'pips_candle_15_20_after', 'volatility_20_25_after', 'pips_agg_20_25_after', 'pips_candle_20_25_after', 'volatility_25_30_after', 'pips_agg_25_30_after', 'pips_candle_25_30_after', 'volatility_60_0_before', 'pips_agg_60_0_before', 'datetime', 'pips_agg_0_90_after']
2019-01-04 14:36:29,538 - INFO - X columns for the model: ['pips_agg_25_30_after', 'week', 'volatility_20_25_after', 'fe_better', 'pips_candle_5_10_after', 'volatility_25_30_after', 'weekday', 'volatility_60_0_before', 'pips_candle_25_30_after', 'forecast_error_diff_outlier_class', 'pips_candle_0_5_after', 'previous_error_diff_deviation', 'pips_agg_0_5_after', 'pe_accurate', 'volatility_10_15_after', 'fe_accurate', 'num_news', 'volatility_15_20_after', 'volatility_5_10_after', 'pips_agg_20_25_after', 'High', 'Medium', 'previous_error_diff_outlier_class', 'pe_worse', 'pips_candle_20_25_after', 'pips_agg_60_0_before', 'volatility_0_5_after', 'pips_candle_15_20_after', 'Low', 'forecast_error_diff_deviation', 'pips_agg_5_10_after', 'year', 'new_id', 'pe_better', 'pips_candle_10_15_after', 'pips_agg_10_15_after', 'pips_agg_15_20_after', 'fe_worse']
2019-01-04 14:36:29,613 - INFO - Starting KNeighborsClassifier
2019-01-04 14:41:22,632 - INFO - Starting SVC - rbf
2019-01-04 14:44:10,998 - INFO - Starting DecisionTreeClassifier
2019-01-04 14:44:26,206 - INFO - Starting RandomForestClassifier
2019-01-04 14:54:36,162 - INFO - Starting XGBClassifier
2019-01-04 14:55:02,613 - INFO - Starting GradientBoostingClassifier
2019-01-04 14:56:26,225 - INFO - Starting AdaBoostClassifier
2019-01-04 14:56:52,840 - INFO - sweep done in: 20.41 min
2019-01-04 14:56:52,850 - INFO - #########################
2019-01-04 14:56:52,851 - INFO - 
2019-01-04 14:56:52,851 - INFO - Starting a new sweep, grouping news by: High_NO_1_1_1
2019-01-04 14:57:05,126 - INFO - Starting a new sweep with market features: basic
2019-01-04 14:57:05,126 - INFO - Starting a new sweep, features before the publication are: included
2019-01-04 14:57:05,126 - INFO - Starting a new sweep, delay in between buying-selling is: 30_90
2019-01-04 14:57:05,126 - INFO - Starting a new sweep for grid mode: basic
2019-01-04 14:57:05,126 - INFO - List of dynamic market fields: ['volatility_0_5_after', 'pips_agg_0_5_after', 'volatility_5_10_after', 'pips_agg_5_10_after', 'volatility_10_15_after', 'pips_agg_10_15_after', 'volatility_15_20_after', 'pips_agg_15_20_after', 'volatility_20_25_after', 'pips_agg_20_25_after', 'volatility_25_30_after', 'pips_agg_25_30_after', 'volatility_60_0_before', 'pips_agg_60_0_before', 'datetime', 'pips_agg_0_90_after']
2019-01-04 14:57:05,569 - INFO - X columns for the model: ['num_news', 'volatility_15_20_after', 'volatility_5_10_after', 'pips_agg_20_25_after', 'pips_agg_25_30_after', 'High', 'week', 'previous_error_diff_outlier_class', 'volatility_20_25_after', 'pe_worse', 'pips_agg_60_0_before', 'fe_better', 'volatility_0_5_after', 'forecast_error_diff_deviation', 'pips_agg_5_10_after', 'volatility_25_30_after', 'volatility_10_15_after', 'weekday', 'year', 'volatility_60_0_before', 'new_id', 'pe_better', 'forecast_error_diff_outlier_class', 'pips_agg_10_15_after', 'previous_error_diff_deviation', 'pips_agg_0_5_after', 'pips_agg_15_20_after', 'fe_worse', 'pe_accurate', 'fe_accurate']
2019-01-04 14:57:05,611 - INFO - Starting KNeighborsClassifier
2019-01-04 14:57:44,028 - INFO - Starting SVC - rbf
2019-01-04 14:58:27,105 - INFO - Starting DecisionTreeClassifier
2019-01-04 14:58:34,672 - INFO - Starting RandomForestClassifier
2019-01-04 15:05:26,596 - INFO - Starting XGBClassifier
2019-01-04 15:05:38,412 - INFO - Starting GradientBoostingClassifier
2019-01-04 15:06:18,659 - INFO - Starting AdaBoostClassifier
2019-01-04 15:06:33,943 - INFO - sweep done in: 9.48 min
2019-01-04 15:06:33,951 - INFO - Starting a new sweep with market features: all
2019-01-04 15:06:33,951 - INFO - Starting a new sweep, features before the publication are: included
2019-01-04 15:06:33,951 - INFO - Starting a new sweep, delay in between buying-selling is: 30_90
2019-01-04 15:06:33,951 - INFO - Starting a new sweep for grid mode: basic
2019-01-04 15:06:33,952 - INFO - List of dynamic market fields: ['volatility_0_5_after', 'pips_agg_0_5_after', 'pips_candle_0_5_after', 'volatility_5_10_after', 'pips_agg_5_10_after', 'pips_candle_5_10_after', 'volatility_10_15_after', 'pips_agg_10_15_after', 'pips_candle_10_15_after', 'volatility_15_20_after', 'pips_agg_15_20_after', 'pips_candle_15_20_after', 'volatility_20_25_after', 'pips_agg_20_25_after', 'pips_candle_20_25_after', 'volatility_25_30_after', 'pips_agg_25_30_after', 'pips_candle_25_30_after', 'volatility_60_0_before', 'pips_agg_60_0_before', 'datetime', 'pips_agg_0_90_after']
2019-01-04 15:06:34,446 - INFO - X columns for the model: ['pips_agg_25_30_after', 'week', 'volatility_20_25_after', 'fe_better', 'pips_candle_5_10_after', 'volatility_25_30_after', 'weekday', 'volatility_60_0_before', 'pips_candle_25_30_after', 'forecast_error_diff_outlier_class', 'pips_candle_0_5_after', 'previous_error_diff_deviation', 'pips_agg_0_5_after', 'pe_accurate', 'volatility_10_15_after', 'fe_accurate', 'num_news', 'volatility_15_20_after', 'volatility_5_10_after', 'pips_agg_20_25_after', 'High', 'previous_error_diff_outlier_class', 'pe_worse', 'pips_candle_20_25_after', 'pips_agg_60_0_before', 'volatility_0_5_after', 'pips_candle_15_20_after', 'forecast_error_diff_deviation', 'pips_agg_5_10_after', 'year', 'new_id', 'pe_better', 'pips_candle_10_15_after', 'pips_agg_10_15_after', 'pips_agg_15_20_after', 'fe_worse']
2019-01-04 15:06:34,488 - INFO - Starting KNeighborsClassifier
2019-01-04 15:07:14,173 - INFO - Starting SVC - rbf
2019-01-04 15:07:59,233 - INFO - Starting DecisionTreeClassifier
2019-01-04 15:08:07,961 - INFO - Starting RandomForestClassifier
2019-01-04 15:15:30,310 - INFO - Starting XGBClassifier
2019-01-04 15:15:44,917 - INFO - Starting GradientBoostingClassifier
2019-01-04 15:16:30,552 - INFO - Starting AdaBoostClassifier
2019-01-04 15:16:47,042 - INFO - sweep done in: 10.22 min
2019-01-04 15:16:47,049 - INFO - #########################
2019-01-04 15:16:47,049 - INFO - 
2019-01-04 15:16:47,050 - INFO - Starting a new sweep, grouping news by: High_YES_1_1_1
2019-01-04 15:16:58,057 - INFO - Starting a new sweep with market features: basic
2019-01-04 15:16:58,057 - INFO - Starting a new sweep, features before the publication are: included
2019-01-04 15:16:58,057 - INFO - Starting a new sweep, delay in between buying-selling is: 30_90
2019-01-04 15:16:58,058 - INFO - Starting a new sweep for grid mode: basic
2019-01-04 15:16:58,059 - INFO - List of dynamic market fields: ['volatility_0_5_after', 'pips_agg_0_5_after', 'volatility_5_10_after', 'pips_agg_5_10_after', 'volatility_10_15_after', 'pips_agg_10_15_after', 'volatility_15_20_after', 'pips_agg_15_20_after', 'volatility_20_25_after', 'pips_agg_20_25_after', 'volatility_25_30_after', 'pips_agg_25_30_after', 'volatility_60_0_before', 'pips_agg_60_0_before', 'datetime', 'pips_agg_0_90_after']
2019-01-04 15:16:58,411 - INFO - X columns for the model: ['num_news', 'volatility_15_20_after', 'volatility_5_10_after', 'pips_agg_20_25_after', 'pips_agg_25_30_after', 'High', 'week', 'previous_error_diff_outlier_class', 'volatility_20_25_after', 'pe_worse', 'pips_agg_60_0_before', 'fe_better', 'volatility_0_5_after', 'forecast_error_diff_deviation', 'pips_agg_5_10_after', 'volatility_25_30_after', 'volatility_10_15_after', 'weekday', 'year', 'volatility_60_0_before', 'new_id', 'pe_better', 'forecast_error_diff_outlier_class', 'pips_agg_10_15_after', 'previous_error_diff_deviation', 'pips_agg_0_5_after', 'pips_agg_15_20_after', 'fe_worse', 'pe_accurate', 'fe_accurate']
2019-01-04 15:16:58,442 - INFO - Starting KNeighborsClassifier
2019-01-04 15:17:26,546 - INFO - Starting SVC - rbf
2019-01-04 15:17:51,634 - INFO - Starting DecisionTreeClassifier
2019-01-04 15:17:57,171 - INFO - Starting RandomForestClassifier
2019-01-04 15:23:57,806 - INFO - Starting XGBClassifier
2019-01-04 15:24:07,157 - INFO - Starting GradientBoostingClassifier
2019-01-04 15:24:40,759 - INFO - Starting AdaBoostClassifier
2019-01-04 15:24:53,759 - INFO - sweep done in: 7.93 min
2019-01-04 15:24:53,769 - INFO - Starting a new sweep with market features: all
2019-01-04 15:24:53,769 - INFO - Starting a new sweep, features before the publication are: included
2019-01-04 15:24:53,769 - INFO - Starting a new sweep, delay in between buying-selling is: 30_90
2019-01-04 15:24:53,770 - INFO - Starting a new sweep for grid mode: basic
2019-01-04 15:24:53,770 - INFO - List of dynamic market fields: ['volatility_0_5_after', 'pips_agg_0_5_after', 'pips_candle_0_5_after', 'volatility_5_10_after', 'pips_agg_5_10_after', 'pips_candle_5_10_after', 'volatility_10_15_after', 'pips_agg_10_15_after', 'pips_candle_10_15_after', 'volatility_15_20_after', 'pips_agg_15_20_after', 'pips_candle_15_20_after', 'volatility_20_25_after', 'pips_agg_20_25_after', 'pips_candle_20_25_after', 'volatility_25_30_after', 'pips_agg_25_30_after', 'pips_candle_25_30_after', 'volatility_60_0_before', 'pips_agg_60_0_before', 'datetime', 'pips_agg_0_90_after']
2019-01-04 15:24:54,224 - INFO - X columns for the model: ['pips_agg_25_30_after', 'week', 'volatility_20_25_after', 'fe_better', 'pips_candle_5_10_after', 'volatility_25_30_after', 'weekday', 'volatility_60_0_before', 'pips_candle_25_30_after', 'forecast_error_diff_outlier_class', 'pips_candle_0_5_after', 'previous_error_diff_deviation', 'pips_agg_0_5_after', 'pe_accurate', 'volatility_10_15_after', 'fe_accurate', 'num_news', 'volatility_15_20_after', 'volatility_5_10_after', 'pips_agg_20_25_after', 'High', 'previous_error_diff_outlier_class', 'pe_worse', 'pips_candle_20_25_after', 'pips_agg_60_0_before', 'volatility_0_5_after', 'pips_candle_15_20_after', 'forecast_error_diff_deviation', 'pips_agg_5_10_after', 'year', 'new_id', 'pe_better', 'pips_candle_10_15_after', 'pips_agg_10_15_after', 'pips_agg_15_20_after', 'fe_worse']
2019-01-04 15:24:54,262 - INFO - Starting KNeighborsClassifier
2019-01-04 15:25:27,994 - INFO - Starting SVC - rbf
2019-01-04 15:25:55,723 - INFO - Starting DecisionTreeClassifier
2019-01-04 15:26:02,282 - INFO - Starting RandomForestClassifier
2019-01-04 15:32:20,626 - INFO - Starting XGBClassifier
2019-01-04 15:32:32,409 - INFO - Starting GradientBoostingClassifier
2019-01-04 15:33:09,089 - INFO - Starting AdaBoostClassifier
2019-01-04 15:33:23,011 - INFO - sweep done in: 8.49 min
