2019-01-05 14:14:15,326 - INFO - #########################
2019-01-05 14:14:15,326 - INFO - 
2019-01-05 14:14:15,326 - INFO - Starting a new sweep, grouping news by: ALL_NO_1_1_1
2019-01-05 14:15:12,474 - INFO - Starting a new sweep with market features: basic
2019-01-05 14:15:12,474 - INFO - Starting a new sweep, features before the publication are: included
2019-01-05 14:15:12,474 - INFO - Starting a new sweep, delay in between buying-selling is: 0_30
2019-01-05 14:15:12,474 - INFO - Starting a new sweep for grid mode: basic
2019-01-05 14:15:12,474 - INFO - List of dynamic market fields: ['volatility_60_0_before', 'pips_agg_60_0_before', 'datetime', 'pips_agg_0_30_after']
2019-01-05 14:15:13,429 - INFO - X columns for the classification model: ['year', 'Low', 'forecast_error_diff_deviation', 'High', 'previous_error_diff_outlier_class', 'pe_worse', 'previous_error_diff_deviation', 'Medium', 'pe_accurate', 'weekday', 'forecast_error_diff_outlier_class', 'week', 'volatility_60_0_before', 'pe_better', 'fe_accurate', 'fe_better', 'fe_worse', 'pips_agg_60_0_before', 'num_news', 'new_id']
2019-01-05 14:15:13,494 - INFO - Starting KNeighborsClassifier
2019-01-05 14:17:05,225 - INFO - Starting SVC - rbf
2019-01-05 14:23:24,783 - INFO - Starting DecisionTreeClassifier
2019-01-05 14:23:42,467 - INFO - Starting RandomForestClassifier
2019-01-05 14:39:17,437 - INFO - Starting XGBClassifier
2019-01-05 14:39:45,013 - INFO - Starting GradientBoostingClassifier
2019-01-05 14:41:08,014 - INFO - Starting AdaBoostClassifier
2019-01-05 14:41:35,797 - INFO - X columns for the regression model: ['year', 'Low', 'forecast_error_diff_deviation', 'High', 'previous_error_diff_outlier_class', 'pe_worse', 'previous_error_diff_deviation', 'Medium', 'pe_accurate', 'weekday', 'forecast_error_diff_outlier_class', 'week', 'volatility_60_0_before', 'pe_better', 'fe_accurate', 'fe_better', 'fe_worse', 'pips_agg_60_0_before', 'num_news', 'new_id']
2019-01-05 14:41:35,868 - INFO - Starting KNeighborsRegressor
2019-01-05 14:43:11,574 - INFO - Starting SVR - rbf
2019-01-05 14:47:11,681 - INFO - Starting DecisionTreeRegressor
2019-01-05 14:47:26,907 - INFO - Starting RandomForestRegressor
2019-01-05 15:12:46,369 - INFO - Starting XGBRegressor
2019-01-05 15:12:55,968 - INFO - Starting GradientBoostingRegressor
2019-01-05 15:13:14,164 - INFO - Starting AdaBoostRegressor
2019-01-05 15:13:36,093 - INFO - sweep done in: 58.39 min
2019-01-05 15:13:36,096 - INFO - Starting a new sweep with market features: all
2019-01-05 15:13:36,096 - INFO - Starting a new sweep, features before the publication are: included
2019-01-05 15:13:36,096 - INFO - Starting a new sweep, delay in between buying-selling is: 0_30
2019-01-05 15:13:36,096 - INFO - Starting a new sweep for grid mode: basic
2019-01-05 15:13:36,096 - INFO - List of dynamic market fields: ['volatility_60_0_before', 'pips_agg_60_0_before', 'datetime', 'pips_agg_0_30_after']
2019-01-05 15:13:37,178 - INFO - X columns for the classification model: ['year', 'Low', 'forecast_error_diff_deviation', 'High', 'previous_error_diff_outlier_class', 'pe_worse', 'previous_error_diff_deviation', 'Medium', 'pe_accurate', 'weekday', 'forecast_error_diff_outlier_class', 'week', 'volatility_60_0_before', 'pe_better', 'fe_accurate', 'fe_better', 'fe_worse', 'pips_agg_60_0_before', 'num_news', 'new_id']
2019-01-05 15:13:37,267 - INFO - Starting KNeighborsClassifier
2019-01-05 15:15:19,372 - INFO - Starting SVC - rbf
2019-01-05 15:21:14,837 - INFO - Starting DecisionTreeClassifier
2019-01-05 15:21:30,971 - INFO - Starting RandomForestClassifier
2019-01-05 15:35:45,272 - INFO - Starting XGBClassifier
2019-01-05 15:36:16,395 - INFO - Starting GradientBoostingClassifier
2019-01-05 15:37:51,573 - INFO - Starting AdaBoostClassifier
2019-01-05 15:38:22,780 - INFO - X columns for the regression model: ['year', 'Low', 'forecast_error_diff_deviation', 'High', 'previous_error_diff_outlier_class', 'pe_worse', 'previous_error_diff_deviation', 'Medium', 'pe_accurate', 'weekday', 'forecast_error_diff_outlier_class', 'week', 'volatility_60_0_before', 'pe_better', 'fe_accurate', 'fe_better', 'fe_worse', 'pips_agg_60_0_before', 'num_news', 'new_id']
2019-01-05 15:38:22,841 - INFO - Starting KNeighborsRegressor
2019-01-05 15:40:00,855 - INFO - Starting SVR - rbf
2019-01-05 15:44:19,900 - INFO - Starting DecisionTreeRegressor
2019-01-05 15:44:35,842 - INFO - Starting RandomForestRegressor
2019-01-05 16:13:37,131 - INFO - Starting XGBRegressor
2019-01-05 16:13:47,284 - INFO - Starting GradientBoostingRegressor
2019-01-05 16:14:10,119 - INFO - Starting AdaBoostRegressor
2019-01-05 16:14:36,487 - INFO - sweep done in: 61.01 min
2019-01-05 16:14:36,492 - INFO - #########################
2019-01-05 16:14:36,493 - INFO - 
2019-01-05 16:14:36,493 - INFO - Starting a new sweep, grouping news by: ALL_NO_3_2_1
2019-01-05 16:15:45,828 - INFO - Starting a new sweep with market features: basic
2019-01-05 16:15:45,828 - INFO - Starting a new sweep, features before the publication are: included
2019-01-05 16:15:45,828 - INFO - Starting a new sweep, delay in between buying-selling is: 0_30
2019-01-05 16:15:45,828 - INFO - Starting a new sweep for grid mode: basic
2019-01-05 16:15:45,828 - INFO - List of dynamic market fields: ['volatility_60_0_before', 'pips_agg_60_0_before', 'datetime', 'pips_agg_0_30_after']
2019-01-05 16:15:46,777 - INFO - X columns for the classification model: ['year', 'Low', 'forecast_error_diff_deviation', 'High', 'previous_error_diff_outlier_class', 'pe_worse', 'previous_error_diff_deviation', 'Medium', 'pe_accurate', 'weekday', 'forecast_error_diff_outlier_class', 'week', 'volatility_60_0_before', 'pe_better', 'fe_accurate', 'fe_better', 'fe_worse', 'pips_agg_60_0_before', 'num_news', 'new_id']
2019-01-05 16:15:46,875 - INFO - Starting KNeighborsClassifier
2019-01-05 16:17:56,261 - INFO - Starting SVC - rbf
2019-01-05 16:24:00,715 - INFO - Starting DecisionTreeClassifier
2019-01-05 16:24:19,827 - INFO - Starting RandomForestClassifier
2019-01-05 16:40:11,125 - INFO - Starting XGBClassifier
2019-01-05 16:40:42,409 - INFO - Starting GradientBoostingClassifier
2019-01-05 16:42:19,960 - INFO - Starting AdaBoostClassifier
2019-01-05 16:42:52,471 - INFO - X columns for the regression model: ['year', 'Low', 'forecast_error_diff_deviation', 'High', 'previous_error_diff_outlier_class', 'pe_worse', 'previous_error_diff_deviation', 'Medium', 'pe_accurate', 'weekday', 'forecast_error_diff_outlier_class', 'week', 'volatility_60_0_before', 'pe_better', 'fe_accurate', 'fe_better', 'fe_worse', 'pips_agg_60_0_before', 'num_news', 'new_id']
2019-01-05 16:42:52,543 - INFO - Starting KNeighborsRegressor
2019-01-05 16:45:12,409 - INFO - Starting SVR - rbf
2019-01-05 16:49:25,234 - INFO - Starting DecisionTreeRegressor
2019-01-05 16:49:42,170 - INFO - Starting RandomForestRegressor
2019-01-05 17:16:26,939 - INFO - Starting XGBRegressor
2019-01-05 17:16:36,431 - INFO - Starting GradientBoostingRegressor
2019-01-05 17:16:54,687 - INFO - Starting AdaBoostRegressor
2019-01-05 17:17:19,353 - INFO - sweep done in: 61.56 min
2019-01-05 17:17:19,366 - INFO - Starting a new sweep with market features: all
2019-01-05 17:17:19,366 - INFO - Starting a new sweep, features before the publication are: included
2019-01-05 17:17:19,366 - INFO - Starting a new sweep, delay in between buying-selling is: 0_30
2019-01-05 17:17:19,366 - INFO - Starting a new sweep for grid mode: basic
2019-01-05 17:17:19,367 - INFO - List of dynamic market fields: ['volatility_60_0_before', 'pips_agg_60_0_before', 'datetime', 'pips_agg_0_30_after']
2019-01-05 17:17:20,417 - INFO - X columns for the classification model: ['year', 'Low', 'forecast_error_diff_deviation', 'High', 'previous_error_diff_outlier_class', 'pe_worse', 'previous_error_diff_deviation', 'Medium', 'pe_accurate', 'weekday', 'forecast_error_diff_outlier_class', 'week', 'volatility_60_0_before', 'pe_better', 'fe_accurate', 'fe_better', 'fe_worse', 'pips_agg_60_0_before', 'num_news', 'new_id']
2019-01-05 17:17:20,488 - INFO - Starting KNeighborsClassifier
2019-01-05 17:19:10,766 - INFO - Starting SVC - rbf
2019-01-05 17:24:53,198 - INFO - Starting DecisionTreeClassifier
2019-01-05 17:25:09,126 - INFO - Starting RandomForestClassifier
2019-01-05 17:39:03,580 - INFO - Starting XGBClassifier
2019-01-05 17:39:33,953 - INFO - Starting GradientBoostingClassifier
2019-01-05 17:41:03,718 - INFO - Starting AdaBoostClassifier
2019-01-05 17:41:32,993 - INFO - X columns for the regression model: ['year', 'Low', 'forecast_error_diff_deviation', 'High', 'previous_error_diff_outlier_class', 'pe_worse', 'previous_error_diff_deviation', 'Medium', 'pe_accurate', 'weekday', 'forecast_error_diff_outlier_class', 'week', 'volatility_60_0_before', 'pe_better', 'fe_accurate', 'fe_better', 'fe_worse', 'pips_agg_60_0_before', 'num_news', 'new_id']
2019-01-05 17:41:33,073 - INFO - Starting KNeighborsRegressor
2019-01-05 17:43:27,167 - INFO - Starting SVR - rbf
2019-01-05 17:47:37,810 - INFO - Starting DecisionTreeRegressor
2019-01-05 17:47:54,618 - INFO - Starting RandomForestRegressor
2019-01-05 18:15:00,838 - INFO - Starting XGBRegressor
2019-01-05 18:15:10,570 - INFO - Starting GradientBoostingRegressor
2019-01-05 18:15:29,202 - INFO - Starting AdaBoostRegressor
2019-01-05 18:15:54,342 - INFO - sweep done in: 58.58 min
2019-01-05 18:15:54,347 - INFO - #########################
2019-01-05 18:15:54,347 - INFO - 
2019-01-05 18:15:54,347 - INFO - Starting a new sweep, grouping news by: ALL_YES_1_1_1
2019-01-05 18:16:48,572 - INFO - Starting a new sweep with market features: basic
2019-01-05 18:16:48,573 - INFO - Starting a new sweep, features before the publication are: included
2019-01-05 18:16:48,574 - INFO - Starting a new sweep, delay in between buying-selling is: 0_30
2019-01-05 18:16:48,574 - INFO - Starting a new sweep for grid mode: basic
2019-01-05 18:16:48,574 - INFO - List of dynamic market fields: ['volatility_60_0_before', 'pips_agg_60_0_before', 'datetime', 'pips_agg_0_30_after']
2019-01-05 18:16:49,190 - INFO - X columns for the classification model: ['year', 'Low', 'forecast_error_diff_deviation', 'High', 'previous_error_diff_outlier_class', 'pe_worse', 'previous_error_diff_deviation', 'Medium', 'pe_accurate', 'weekday', 'forecast_error_diff_outlier_class', 'week', 'volatility_60_0_before', 'pe_better', 'fe_accurate', 'fe_better', 'fe_worse', 'pips_agg_60_0_before', 'num_news', 'new_id']
2019-01-05 18:16:49,257 - INFO - Starting KNeighborsClassifier
2019-01-05 18:18:07,022 - INFO - Starting SVC - rbf
2019-01-05 18:21:04,671 - INFO - Starting DecisionTreeClassifier
2019-01-05 18:21:15,568 - INFO - Starting RandomForestClassifier
2019-01-05 18:32:12,239 - INFO - Starting XGBClassifier
2019-01-05 18:32:33,024 - INFO - Starting GradientBoostingClassifier
2019-01-05 18:33:35,293 - INFO - Starting AdaBoostClassifier
2019-01-05 18:33:56,773 - INFO - X columns for the regression model: ['year', 'Low', 'forecast_error_diff_deviation', 'High', 'previous_error_diff_outlier_class', 'pe_worse', 'previous_error_diff_deviation', 'Medium', 'pe_accurate', 'weekday', 'forecast_error_diff_outlier_class', 'week', 'volatility_60_0_before', 'pe_better', 'fe_accurate', 'fe_better', 'fe_worse', 'pips_agg_60_0_before', 'num_news', 'new_id']
2019-01-05 18:33:56,825 - INFO - Starting KNeighborsRegressor
2019-01-05 18:35:13,631 - INFO - Starting SVR - rbf
2019-01-05 18:37:24,312 - INFO - Starting DecisionTreeRegressor
2019-01-05 18:37:35,340 - INFO - Starting RandomForestRegressor
2019-01-05 18:54:02,508 - INFO - Starting XGBRegressor
2019-01-05 18:54:09,197 - INFO - Starting GradientBoostingRegressor
2019-01-05 18:54:21,345 - INFO - Starting AdaBoostRegressor
2019-01-05 18:54:39,694 - INFO - sweep done in: 37.85 min
2019-01-05 18:54:39,708 - INFO - Starting a new sweep with market features: all
2019-01-05 18:54:39,708 - INFO - Starting a new sweep, features before the publication are: included
2019-01-05 18:54:39,708 - INFO - Starting a new sweep, delay in between buying-selling is: 0_30
2019-01-05 18:54:39,708 - INFO - Starting a new sweep for grid mode: basic
2019-01-05 18:54:39,708 - INFO - List of dynamic market fields: ['volatility_60_0_before', 'pips_agg_60_0_before', 'datetime', 'pips_agg_0_30_after']
2019-01-05 18:54:40,358 - INFO - X columns for the classification model: ['year', 'Low', 'forecast_error_diff_deviation', 'High', 'previous_error_diff_outlier_class', 'pe_worse', 'previous_error_diff_deviation', 'Medium', 'pe_accurate', 'weekday', 'forecast_error_diff_outlier_class', 'week', 'volatility_60_0_before', 'pe_better', 'fe_accurate', 'fe_better', 'fe_worse', 'pips_agg_60_0_before', 'num_news', 'new_id']
2019-01-05 18:54:40,409 - INFO - Starting KNeighborsClassifier
2019-01-05 18:55:54,956 - INFO - Starting SVC - rbf
2019-01-05 18:58:50,351 - INFO - Starting DecisionTreeClassifier
2019-01-05 18:59:00,956 - INFO - Starting RandomForestClassifier
2019-01-05 19:09:32,766 - INFO - Starting XGBClassifier
2019-01-05 19:09:53,093 - INFO - Starting GradientBoostingClassifier
2019-01-05 19:10:53,711 - INFO - Starting AdaBoostClassifier
2019-01-05 19:11:14,337 - INFO - X columns for the regression model: ['year', 'Low', 'forecast_error_diff_deviation', 'High', 'previous_error_diff_outlier_class', 'pe_worse', 'previous_error_diff_deviation', 'Medium', 'pe_accurate', 'weekday', 'forecast_error_diff_outlier_class', 'week', 'volatility_60_0_before', 'pe_better', 'fe_accurate', 'fe_better', 'fe_worse', 'pips_agg_60_0_before', 'num_news', 'new_id']
2019-01-05 19:11:14,376 - INFO - Starting KNeighborsRegressor
2019-01-05 19:12:26,294 - INFO - Starting SVR - rbf
2019-01-05 19:14:32,982 - INFO - Starting DecisionTreeRegressor
2019-01-05 19:14:43,815 - INFO - Starting RandomForestRegressor
2019-01-05 19:31:10,099 - INFO - Starting XGBRegressor
2019-01-05 19:31:16,769 - INFO - Starting GradientBoostingRegressor
2019-01-05 19:31:28,945 - INFO - Starting AdaBoostRegressor
2019-01-05 19:31:46,946 - INFO - sweep done in: 37.12 min
2019-01-05 19:31:46,955 - INFO - #########################
2019-01-05 19:31:46,955 - INFO - 
2019-01-05 19:31:46,956 - INFO - Starting a new sweep, grouping news by: ALL_YES_3_2_1
2019-01-05 19:32:41,513 - INFO - Starting a new sweep with market features: basic
2019-01-05 19:32:41,513 - INFO - Starting a new sweep, features before the publication are: included
2019-01-05 19:32:41,513 - INFO - Starting a new sweep, delay in between buying-selling is: 0_30
2019-01-05 19:32:41,513 - INFO - Starting a new sweep for grid mode: basic
2019-01-05 19:32:41,513 - INFO - List of dynamic market fields: ['volatility_60_0_before', 'pips_agg_60_0_before', 'datetime', 'pips_agg_0_30_after']
2019-01-05 19:32:42,137 - INFO - X columns for the classification model: ['year', 'Low', 'forecast_error_diff_deviation', 'High', 'previous_error_diff_outlier_class', 'pe_worse', 'previous_error_diff_deviation', 'Medium', 'pe_accurate', 'weekday', 'forecast_error_diff_outlier_class', 'week', 'volatility_60_0_before', 'pe_better', 'fe_accurate', 'fe_better', 'fe_worse', 'pips_agg_60_0_before', 'num_news', 'new_id']
2019-01-05 19:32:42,189 - INFO - Starting KNeighborsClassifier
2019-01-05 19:34:38,399 - INFO - Starting SVC - rbf
2019-01-05 19:37:39,319 - INFO - Starting DecisionTreeClassifier
2019-01-05 19:37:50,751 - INFO - Starting RandomForestClassifier
2019-01-05 19:49:52,660 - INFO - Starting XGBClassifier
2019-01-05 19:50:14,173 - INFO - Starting GradientBoostingClassifier
2019-01-05 19:51:22,705 - INFO - Starting AdaBoostClassifier
2019-01-05 19:51:44,669 - INFO - X columns for the regression model: ['year', 'Low', 'forecast_error_diff_deviation', 'High', 'previous_error_diff_outlier_class', 'pe_worse', 'previous_error_diff_deviation', 'Medium', 'pe_accurate', 'weekday', 'forecast_error_diff_outlier_class', 'week', 'volatility_60_0_before', 'pe_better', 'fe_accurate', 'fe_better', 'fe_worse', 'pips_agg_60_0_before', 'num_news', 'new_id']
2019-01-05 19:51:44,708 - INFO - Starting KNeighborsRegressor
2019-01-05 19:53:42,542 - INFO - Starting SVR - rbf
2019-01-05 19:55:48,229 - INFO - Starting DecisionTreeRegressor
2019-01-05 19:55:59,051 - INFO - Starting RandomForestRegressor
2019-01-05 20:12:48,716 - INFO - Starting XGBRegressor
2019-01-05 20:12:55,616 - INFO - Starting GradientBoostingRegressor
2019-01-05 20:13:08,825 - INFO - Starting AdaBoostRegressor
2019-01-05 20:13:27,508 - INFO - sweep done in: 40.77 min
2019-01-05 20:13:27,519 - INFO - Starting a new sweep with market features: all
2019-01-05 20:13:27,519 - INFO - Starting a new sweep, features before the publication are: included
2019-01-05 20:13:27,519 - INFO - Starting a new sweep, delay in between buying-selling is: 0_30
2019-01-05 20:13:27,520 - INFO - Starting a new sweep for grid mode: basic
2019-01-05 20:13:27,520 - INFO - List of dynamic market fields: ['volatility_60_0_before', 'pips_agg_60_0_before', 'datetime', 'pips_agg_0_30_after']
2019-01-05 20:13:28,172 - INFO - X columns for the classification model: ['year', 'Low', 'forecast_error_diff_deviation', 'High', 'previous_error_diff_outlier_class', 'pe_worse', 'previous_error_diff_deviation', 'Medium', 'pe_accurate', 'weekday', 'forecast_error_diff_outlier_class', 'week', 'volatility_60_0_before', 'pe_better', 'fe_accurate', 'fe_better', 'fe_worse', 'pips_agg_60_0_before', 'num_news', 'new_id']
2019-01-05 20:13:28,234 - INFO - Starting KNeighborsClassifier
2019-01-05 20:15:28,018 - INFO - Starting SVC - rbf
2019-01-05 20:18:31,536 - INFO - Starting DecisionTreeClassifier
2019-01-05 20:18:43,128 - INFO - Starting RandomForestClassifier
2019-01-05 20:30:34,507 - INFO - Starting XGBClassifier
2019-01-05 20:30:55,099 - INFO - Starting GradientBoostingClassifier
2019-01-05 20:31:57,584 - INFO - Starting AdaBoostClassifier
2019-01-05 20:32:18,779 - INFO - X columns for the regression model: ['year', 'Low', 'forecast_error_diff_deviation', 'High', 'previous_error_diff_outlier_class', 'pe_worse', 'previous_error_diff_deviation', 'Medium', 'pe_accurate', 'weekday', 'forecast_error_diff_outlier_class', 'week', 'volatility_60_0_before', 'pe_better', 'fe_accurate', 'fe_better', 'fe_worse', 'pips_agg_60_0_before', 'num_news', 'new_id']
2019-01-05 20:32:18,822 - INFO - Starting KNeighborsRegressor
2019-01-05 20:34:08,539 - INFO - Starting SVR - rbf
2019-01-05 20:36:13,341 - INFO - Starting DecisionTreeRegressor
2019-01-05 20:36:24,041 - INFO - Starting RandomForestRegressor
2019-01-05 20:52:51,818 - INFO - Starting XGBRegressor
2019-01-05 20:52:58,504 - INFO - Starting GradientBoostingRegressor
2019-01-05 20:53:10,848 - INFO - Starting AdaBoostRegressor
2019-01-05 20:53:29,013 - INFO - sweep done in: 40.02 min
2019-01-05 20:53:29,024 - INFO - #########################
2019-01-05 20:53:29,024 - INFO - 
2019-01-05 20:53:29,024 - INFO - Starting a new sweep, grouping news by: High_NO_1_1_1
2019-01-05 20:53:43,088 - INFO - Starting a new sweep with market features: basic
2019-01-05 20:53:43,089 - INFO - Starting a new sweep, features before the publication are: included
2019-01-05 20:53:43,090 - INFO - Starting a new sweep, delay in between buying-selling is: 0_30
2019-01-05 20:53:43,090 - INFO - Starting a new sweep for grid mode: basic
2019-01-05 20:53:43,090 - INFO - List of dynamic market fields: ['volatility_60_0_before', 'pips_agg_60_0_before', 'datetime', 'pips_agg_0_30_after']
2019-01-05 20:53:43,508 - INFO - X columns for the classification model: ['year', 'forecast_error_diff_deviation', 'High', 'previous_error_diff_outlier_class', 'pe_worse', 'previous_error_diff_deviation', 'pe_accurate', 'weekday', 'forecast_error_diff_outlier_class', 'week', 'volatility_60_0_before', 'pe_better', 'fe_accurate', 'fe_better', 'fe_worse', 'pips_agg_60_0_before', 'num_news', 'new_id']
2019-01-05 20:53:43,534 - INFO - Starting KNeighborsClassifier
2019-01-05 20:54:10,625 - INFO - Starting SVC - rbf
2019-01-05 20:54:58,441 - INFO - Starting DecisionTreeClassifier
2019-01-05 20:55:04,392 - INFO - Starting RandomForestClassifier
2019-01-05 21:03:12,997 - INFO - Starting XGBClassifier
2019-01-05 21:03:23,725 - INFO - Starting GradientBoostingClassifier
2019-01-05 21:04:03,249 - INFO - Starting AdaBoostClassifier
2019-01-05 21:04:19,298 - INFO - X columns for the regression model: ['year', 'forecast_error_diff_deviation', 'High', 'previous_error_diff_outlier_class', 'pe_worse', 'previous_error_diff_deviation', 'pe_accurate', 'weekday', 'forecast_error_diff_outlier_class', 'week', 'volatility_60_0_before', 'pe_better', 'fe_accurate', 'fe_better', 'fe_worse', 'pips_agg_60_0_before', 'num_news', 'new_id']
2019-01-05 21:04:19,322 - INFO - Starting KNeighborsRegressor
2019-01-05 21:04:45,459 - INFO - Starting SVR - rbf
2019-01-05 21:05:22,497 - INFO - Starting DecisionTreeRegressor
2019-01-05 21:05:28,459 - INFO - Starting RandomForestRegressor
2019-01-05 21:15:31,887 - INFO - Starting XGBRegressor
2019-01-05 21:15:35,639 - INFO - Starting GradientBoostingRegressor
2019-01-05 21:15:42,743 - INFO - Starting AdaBoostRegressor
2019-01-05 21:15:55,464 - INFO - sweep done in: 22.21 min
2019-01-05 21:15:55,480 - INFO - Starting a new sweep with market features: all
2019-01-05 21:15:55,481 - INFO - Starting a new sweep, features before the publication are: included
2019-01-05 21:15:55,481 - INFO - Starting a new sweep, delay in between buying-selling is: 0_30
2019-01-05 21:15:55,481 - INFO - Starting a new sweep for grid mode: basic
2019-01-05 21:15:55,481 - INFO - List of dynamic market fields: ['volatility_60_0_before', 'pips_agg_60_0_before', 'datetime', 'pips_agg_0_30_after']
2019-01-05 21:15:55,869 - INFO - X columns for the classification model: ['year', 'forecast_error_diff_deviation', 'High', 'previous_error_diff_outlier_class', 'pe_worse', 'previous_error_diff_deviation', 'pe_accurate', 'weekday', 'forecast_error_diff_outlier_class', 'week', 'volatility_60_0_before', 'pe_better', 'fe_accurate', 'fe_better', 'fe_worse', 'pips_agg_60_0_before', 'num_news', 'new_id']
2019-01-05 21:15:55,902 - INFO - Starting KNeighborsClassifier
2019-01-05 21:16:22,918 - INFO - Starting SVC - rbf
2019-01-05 21:17:10,768 - INFO - Starting DecisionTreeClassifier
2019-01-05 21:17:16,728 - INFO - Starting RandomForestClassifier
2019-01-05 21:25:26,008 - INFO - Starting XGBClassifier
2019-01-05 21:25:36,922 - INFO - Starting GradientBoostingClassifier
2019-01-05 21:26:17,516 - INFO - Starting AdaBoostClassifier
2019-01-05 21:26:34,178 - INFO - X columns for the regression model: ['year', 'forecast_error_diff_deviation', 'High', 'previous_error_diff_outlier_class', 'pe_worse', 'previous_error_diff_deviation', 'pe_accurate', 'weekday', 'forecast_error_diff_outlier_class', 'week', 'volatility_60_0_before', 'pe_better', 'fe_accurate', 'fe_better', 'fe_worse', 'pips_agg_60_0_before', 'num_news', 'new_id']
2019-01-05 21:26:34,197 - INFO - Starting KNeighborsRegressor
2019-01-05 21:27:00,586 - INFO - Starting SVR - rbf
2019-01-05 21:27:38,207 - INFO - Starting DecisionTreeRegressor
2019-01-05 21:27:44,230 - INFO - Starting RandomForestRegressor
2019-01-05 21:38:08,079 - INFO - Starting XGBRegressor
2019-01-05 21:38:11,823 - INFO - Starting GradientBoostingRegressor
2019-01-05 21:38:19,130 - INFO - Starting AdaBoostRegressor
2019-01-05 21:38:32,060 - INFO - sweep done in: 22.61 min
2019-01-05 21:38:32,076 - INFO - #########################
2019-01-05 21:38:32,076 - INFO - 
2019-01-05 21:38:32,077 - INFO - Starting a new sweep, grouping news by: High_YES_1_1_1
2019-01-05 21:38:46,544 - INFO - Starting a new sweep with market features: basic
2019-01-05 21:38:46,544 - INFO - Starting a new sweep, features before the publication are: included
2019-01-05 21:38:46,544 - INFO - Starting a new sweep, delay in between buying-selling is: 0_30
2019-01-05 21:38:46,544 - INFO - Starting a new sweep for grid mode: basic
2019-01-05 21:38:46,544 - INFO - List of dynamic market fields: ['volatility_60_0_before', 'pips_agg_60_0_before', 'datetime', 'pips_agg_0_30_after']
2019-01-05 21:38:46,884 - INFO - X columns for the classification model: ['year', 'forecast_error_diff_deviation', 'High', 'previous_error_diff_outlier_class', 'pe_worse', 'previous_error_diff_deviation', 'pe_accurate', 'weekday', 'forecast_error_diff_outlier_class', 'week', 'volatility_60_0_before', 'pe_better', 'fe_accurate', 'fe_better', 'fe_worse', 'pips_agg_60_0_before', 'num_news', 'new_id']
2019-01-05 21:38:46,905 - INFO - Starting KNeighborsClassifier
2019-01-05 21:39:09,991 - INFO - Starting SVC - rbf
2019-01-05 21:39:41,217 - INFO - Starting DecisionTreeClassifier
2019-01-05 21:39:46,019 - INFO - Starting RandomForestClassifier
2019-01-05 21:47:09,398 - INFO - Starting XGBClassifier
2019-01-05 21:47:17,735 - INFO - Starting GradientBoostingClassifier
2019-01-05 21:47:50,879 - INFO - Starting AdaBoostClassifier
2019-01-05 21:48:04,526 - INFO - X columns for the regression model: ['year', 'forecast_error_diff_deviation', 'High', 'previous_error_diff_outlier_class', 'pe_worse', 'previous_error_diff_deviation', 'pe_accurate', 'weekday', 'forecast_error_diff_outlier_class', 'week', 'volatility_60_0_before', 'pe_better', 'fe_accurate', 'fe_better', 'fe_worse', 'pips_agg_60_0_before', 'num_news', 'new_id']
2019-01-05 21:48:04,543 - INFO - Starting KNeighborsRegressor
2019-01-05 21:48:26,171 - INFO - Starting SVR - rbf
2019-01-05 21:48:49,682 - INFO - Starting DecisionTreeRegressor
2019-01-05 21:48:54,202 - INFO - Starting RandomForestRegressor
2019-01-05 21:57:10,802 - INFO - Starting XGBRegressor
2019-01-05 21:57:13,829 - INFO - Starting GradientBoostingRegressor
2019-01-05 21:57:19,723 - INFO - Starting AdaBoostRegressor
2019-01-05 21:57:31,121 - INFO - sweep done in: 18.74 min
2019-01-05 21:57:31,138 - INFO - Starting a new sweep with market features: all
2019-01-05 21:57:31,138 - INFO - Starting a new sweep, features before the publication are: included
2019-01-05 21:57:31,138 - INFO - Starting a new sweep, delay in between buying-selling is: 0_30
2019-01-05 21:57:31,138 - INFO - Starting a new sweep for grid mode: basic
2019-01-05 21:57:31,138 - INFO - List of dynamic market fields: ['volatility_60_0_before', 'pips_agg_60_0_before', 'datetime', 'pips_agg_0_30_after']
2019-01-05 21:57:31,508 - INFO - X columns for the classification model: ['year', 'forecast_error_diff_deviation', 'High', 'previous_error_diff_outlier_class', 'pe_worse', 'previous_error_diff_deviation', 'pe_accurate', 'weekday', 'forecast_error_diff_outlier_class', 'week', 'volatility_60_0_before', 'pe_better', 'fe_accurate', 'fe_better', 'fe_worse', 'pips_agg_60_0_before', 'num_news', 'new_id']
2019-01-05 21:57:31,534 - INFO - Starting KNeighborsClassifier
2019-01-05 21:57:55,778 - INFO - Starting SVC - rbf
2019-01-05 21:58:27,657 - INFO - Starting DecisionTreeClassifier
2019-01-05 21:58:32,544 - INFO - Starting RandomForestClassifier
2019-01-05 22:06:09,325 - INFO - Starting XGBClassifier
2019-01-05 22:06:17,793 - INFO - Starting GradientBoostingClassifier
2019-01-05 22:06:52,557 - INFO - Starting AdaBoostClassifier
2019-01-05 22:07:07,208 - INFO - X columns for the regression model: ['year', 'forecast_error_diff_deviation', 'High', 'previous_error_diff_outlier_class', 'pe_worse', 'previous_error_diff_deviation', 'pe_accurate', 'weekday', 'forecast_error_diff_outlier_class', 'week', 'volatility_60_0_before', 'pe_better', 'fe_accurate', 'fe_better', 'fe_worse', 'pips_agg_60_0_before', 'num_news', 'new_id']
2019-01-05 22:07:07,224 - INFO - Starting KNeighborsRegressor
2019-01-05 22:07:29,611 - INFO - Starting SVR - rbf
2019-01-05 22:07:53,655 - INFO - Starting DecisionTreeRegressor
2019-01-05 22:07:58,390 - INFO - Starting RandomForestRegressor
2019-01-05 22:16:08,094 - INFO - Starting XGBRegressor
2019-01-05 22:16:10,557 - INFO - Starting GradientBoostingRegressor
2019-01-05 22:16:15,198 - INFO - Starting AdaBoostRegressor
2019-01-05 22:16:24,125 - INFO - sweep done in: 18.88 min
