2019-01-05 14:14:15,400 - INFO - #########################
2019-01-05 14:14:15,401 - INFO - 
2019-01-05 14:14:15,401 - INFO - Starting a new sweep, grouping news by: ALL_NO_1_1_1
2019-01-05 14:15:12,650 - INFO - Starting a new sweep with market features: basic
2019-01-05 14:15:12,651 - INFO - Starting a new sweep, features before the publication are: included
2019-01-05 14:15:12,651 - INFO - Starting a new sweep, delay in between buying-selling is: 30_60
2019-01-05 14:15:12,651 - INFO - Starting a new sweep for grid mode: basic
2019-01-05 14:15:12,651 - INFO - List of dynamic market fields: ['volatility_0_5_after', 'pips_agg_0_5_after', 'volatility_5_10_after', 'pips_agg_5_10_after', 'volatility_10_15_after', 'pips_agg_10_15_after', 'volatility_15_20_after', 'pips_agg_15_20_after', 'volatility_20_25_after', 'pips_agg_20_25_after', 'volatility_25_30_after', 'pips_agg_25_30_after', 'volatility_0_30_after', 'pips_agg_0_30_after', 'volatility_60_0_before', 'pips_agg_60_0_before', 'datetime', 'pips_agg_0_60_after']
2019-01-05 14:15:14,083 - INFO - X columns for the classification model: ['volatility_0_5_after', 'volatility_20_25_after', 'fe_better', 'forecast_error_diff_deviation', 'volatility_10_15_after', 'pips_agg_0_5_after', 'volatility_25_30_after', 'previous_error_diff_deviation', 'num_news', 'Medium', 'fe_accurate', 'pips_agg_15_20_after', 'pips_agg_60_0_before', 'week', 'weekday', 'fe_worse', 'pe_better', 'Low', 'new_id', 'pips_agg_20_25_after', 'forecast_error_diff_outlier_class', 'pips_agg_25_30_after', 'volatility_0_30_after', 'previous_error_diff_outlier_class', 'pe_accurate', 'pips_agg_10_15_after', 'pe_worse', 'year', 'pips_agg_5_10_after', 'volatility_60_0_before', 'pips_agg_0_30_after', 'High', 'volatility_5_10_after', 'volatility_15_20_after']
2019-01-05 14:15:14,215 - INFO - Starting KNeighborsClassifier
2019-01-05 14:20:32,848 - INFO - Starting SVC - rbf
2019-01-05 14:28:58,067 - INFO - Starting DecisionTreeClassifier
2019-01-05 14:29:26,771 - INFO - Starting RandomForestClassifier
2019-01-05 14:46:31,244 - INFO - Starting XGBClassifier
2019-01-05 14:47:16,985 - INFO - Starting GradientBoostingClassifier
2019-01-05 14:49:23,289 - INFO - Starting AdaBoostClassifier
2019-01-05 14:50:02,560 - INFO - X columns for the regression model: ['volatility_0_5_after', 'volatility_20_25_after', 'fe_better', 'forecast_error_diff_deviation', 'volatility_10_15_after', 'pips_agg_0_5_after', 'volatility_25_30_after', 'previous_error_diff_deviation', 'num_news', 'Medium', 'fe_accurate', 'pips_agg_15_20_after', 'pips_agg_60_0_before', 'week', 'weekday', 'fe_worse', 'pe_better', 'Low', 'new_id', 'pips_agg_20_25_after', 'forecast_error_diff_outlier_class', 'pips_agg_25_30_after', 'volatility_0_30_after', 'previous_error_diff_outlier_class', 'pe_accurate', 'pips_agg_10_15_after', 'pe_worse', 'year', 'pips_agg_5_10_after', 'volatility_60_0_before', 'pips_agg_0_30_after', 'High', 'volatility_5_10_after', 'volatility_15_20_after']
2019-01-05 14:50:02,669 - INFO - Starting KNeighborsRegressor
2019-01-05 14:54:53,014 - INFO - Starting SVR - rbf
2019-01-05 15:00:49,630 - INFO - Starting DecisionTreeRegressor
2019-01-05 15:01:19,527 - INFO - Starting RandomForestRegressor
2019-01-05 15:48:01,304 - INFO - Starting XGBRegressor
2019-01-05 15:48:19,225 - INFO - Starting GradientBoostingRegressor
2019-01-05 15:48:54,383 - INFO - Starting AdaBoostRegressor
2019-01-05 15:50:06,670 - INFO - sweep done in: 94.90 min
2019-01-05 15:50:06,675 - INFO - Starting a new sweep with market features: all
2019-01-05 15:50:06,675 - INFO - Starting a new sweep, features before the publication are: included
2019-01-05 15:50:06,675 - INFO - Starting a new sweep, delay in between buying-selling is: 30_60
2019-01-05 15:50:06,675 - INFO - Starting a new sweep for grid mode: basic
2019-01-05 15:50:06,676 - INFO - List of dynamic market fields: ['volatility_0_5_after', 'pips_agg_0_5_after', 'pips_candle_0_5_after', 'volatility_5_10_after', 'pips_agg_5_10_after', 'pips_candle_5_10_after', 'volatility_10_15_after', 'pips_agg_10_15_after', 'pips_candle_10_15_after', 'volatility_15_20_after', 'pips_agg_15_20_after', 'pips_candle_15_20_after', 'volatility_20_25_after', 'pips_agg_20_25_after', 'pips_candle_20_25_after', 'volatility_25_30_after', 'pips_agg_25_30_after', 'pips_candle_25_30_after', 'volatility_0_30_after', 'pips_agg_0_30_after', 'volatility_60_0_before', 'pips_agg_60_0_before', 'datetime', 'pips_agg_0_60_after']
2019-01-05 15:50:09,277 - INFO - X columns for the classification model: ['volatility_0_5_after', 'volatility_20_25_after', 'fe_better', 'forecast_error_diff_deviation', 'volatility_10_15_after', 'pips_agg_0_5_after', 'volatility_25_30_after', 'previous_error_diff_deviation', 'num_news', 'Medium', 'fe_accurate', 'pips_candle_25_30_after', 'pips_agg_15_20_after', 'pips_candle_0_5_after', 'pips_agg_60_0_before', 'week', 'weekday', 'fe_worse', 'pe_better', 'pips_candle_20_25_after', 'Low', 'new_id', 'pips_candle_5_10_after', 'pips_agg_20_25_after', 'forecast_error_diff_outlier_class', 'pips_agg_25_30_after', 'pips_candle_15_20_after', 'volatility_0_30_after', 'previous_error_diff_outlier_class', 'pe_accurate', 'pips_agg_10_15_after', 'pe_worse', 'year', 'pips_agg_5_10_after', 'pips_candle_10_15_after', 'volatility_60_0_before', 'pips_agg_0_30_after', 'High', 'volatility_5_10_after', 'volatility_15_20_after']
2019-01-05 15:50:09,484 - INFO - Starting KNeighborsClassifier
2019-01-05 15:56:28,618 - INFO - Starting SVC - rbf
2019-01-05 16:06:15,098 - INFO - Starting DecisionTreeClassifier
2019-01-05 16:07:00,659 - INFO - Starting RandomForestClassifier
2019-01-05 16:27:38,550 - INFO - Starting XGBClassifier
2019-01-05 16:28:41,929 - INFO - Starting GradientBoostingClassifier
2019-01-05 16:31:35,256 - INFO - Starting AdaBoostClassifier
2019-01-05 16:32:29,927 - INFO - X columns for the regression model: ['volatility_0_5_after', 'volatility_20_25_after', 'fe_better', 'forecast_error_diff_deviation', 'volatility_10_15_after', 'pips_agg_0_5_after', 'volatility_25_30_after', 'previous_error_diff_deviation', 'num_news', 'Medium', 'fe_accurate', 'pips_candle_25_30_after', 'pips_agg_15_20_after', 'pips_candle_0_5_after', 'pips_agg_60_0_before', 'week', 'weekday', 'fe_worse', 'pe_better', 'pips_candle_20_25_after', 'Low', 'new_id', 'pips_candle_5_10_after', 'pips_agg_20_25_after', 'forecast_error_diff_outlier_class', 'pips_agg_25_30_after', 'pips_candle_15_20_after', 'volatility_0_30_after', 'previous_error_diff_outlier_class', 'pe_accurate', 'pips_agg_10_15_after', 'pe_worse', 'year', 'pips_agg_5_10_after', 'pips_candle_10_15_after', 'volatility_60_0_before', 'pips_agg_0_30_after', 'High', 'volatility_5_10_after', 'volatility_15_20_after']
2019-01-05 16:32:30,067 - INFO - Starting KNeighborsRegressor
2019-01-05 16:38:28,117 - INFO - Starting SVR - rbf
2019-01-05 16:44:48,564 - INFO - Starting DecisionTreeRegressor
2019-01-05 16:45:21,945 - INFO - Starting RandomForestRegressor
2019-01-05 17:38:58,497 - INFO - Starting XGBRegressor
2019-01-05 17:39:17,362 - INFO - Starting GradientBoostingRegressor
2019-01-05 17:40:00,254 - INFO - Starting AdaBoostRegressor
2019-01-05 17:41:04,944 - INFO - sweep done in: 110.97 min
2019-01-05 17:41:04,948 - INFO - #########################
2019-01-05 17:41:04,956 - INFO - 
2019-01-05 17:41:04,957 - INFO - Starting a new sweep, grouping news by: ALL_NO_3_2_1
2019-01-05 17:42:01,192 - INFO - Starting a new sweep with market features: basic
2019-01-05 17:42:01,199 - INFO - Starting a new sweep, features before the publication are: included
2019-01-05 17:42:01,199 - INFO - Starting a new sweep, delay in between buying-selling is: 30_60
2019-01-05 17:42:01,200 - INFO - Starting a new sweep for grid mode: basic
2019-01-05 17:42:01,200 - INFO - List of dynamic market fields: ['volatility_0_5_after', 'pips_agg_0_5_after', 'volatility_5_10_after', 'pips_agg_5_10_after', 'volatility_10_15_after', 'pips_agg_10_15_after', 'volatility_15_20_after', 'pips_agg_15_20_after', 'volatility_20_25_after', 'pips_agg_20_25_after', 'volatility_25_30_after', 'pips_agg_25_30_after', 'volatility_0_30_after', 'pips_agg_0_30_after', 'volatility_60_0_before', 'pips_agg_60_0_before', 'datetime', 'pips_agg_0_60_after']
2019-01-05 17:42:02,547 - INFO - X columns for the classification model: ['volatility_0_5_after', 'volatility_20_25_after', 'fe_better', 'forecast_error_diff_deviation', 'volatility_10_15_after', 'pips_agg_0_5_after', 'volatility_25_30_after', 'previous_error_diff_deviation', 'num_news', 'Medium', 'fe_accurate', 'pips_agg_15_20_after', 'pips_agg_60_0_before', 'week', 'weekday', 'fe_worse', 'pe_better', 'Low', 'new_id', 'pips_agg_20_25_after', 'forecast_error_diff_outlier_class', 'pips_agg_25_30_after', 'volatility_0_30_after', 'previous_error_diff_outlier_class', 'pe_accurate', 'pips_agg_10_15_after', 'pe_worse', 'year', 'pips_agg_5_10_after', 'volatility_60_0_before', 'pips_agg_0_30_after', 'High', 'volatility_5_10_after', 'volatility_15_20_after']
2019-01-05 17:42:02,691 - INFO - Starting KNeighborsClassifier
2019-01-05 17:47:09,397 - INFO - Starting SVC - rbf
2019-01-05 17:54:24,387 - INFO - Starting DecisionTreeClassifier
2019-01-05 17:54:52,730 - INFO - Starting RandomForestClassifier
2019-01-05 18:13:04,416 - INFO - Starting XGBClassifier
2019-01-05 18:13:47,479 - INFO - Starting GradientBoostingClassifier
2019-01-05 18:15:58,274 - INFO - Starting AdaBoostClassifier
2019-01-05 18:16:37,903 - INFO - X columns for the regression model: ['volatility_0_5_after', 'volatility_20_25_after', 'fe_better', 'forecast_error_diff_deviation', 'volatility_10_15_after', 'pips_agg_0_5_after', 'volatility_25_30_after', 'previous_error_diff_deviation', 'num_news', 'Medium', 'fe_accurate', 'pips_agg_15_20_after', 'pips_agg_60_0_before', 'week', 'weekday', 'fe_worse', 'pe_better', 'Low', 'new_id', 'pips_agg_20_25_after', 'forecast_error_diff_outlier_class', 'pips_agg_25_30_after', 'volatility_0_30_after', 'previous_error_diff_outlier_class', 'pe_accurate', 'pips_agg_10_15_after', 'pe_worse', 'year', 'pips_agg_5_10_after', 'volatility_60_0_before', 'pips_agg_0_30_after', 'High', 'volatility_5_10_after', 'volatility_15_20_after']
2019-01-05 18:16:38,043 - INFO - Starting KNeighborsRegressor
2019-01-05 18:21:22,545 - INFO - Starting SVR - rbf
2019-01-05 18:26:33,685 - INFO - Starting DecisionTreeRegressor
2019-01-05 18:27:00,069 - INFO - Starting RandomForestRegressor
2019-01-05 19:12:33,927 - INFO - Starting XGBRegressor
2019-01-05 19:12:49,972 - INFO - Starting GradientBoostingRegressor
2019-01-05 19:13:25,758 - INFO - Starting AdaBoostRegressor
2019-01-05 19:14:21,096 - INFO - sweep done in: 92.33 min
2019-01-05 19:14:21,099 - INFO - Starting a new sweep with market features: all
2019-01-05 19:14:21,100 - INFO - Starting a new sweep, features before the publication are: included
2019-01-05 19:14:21,100 - INFO - Starting a new sweep, delay in between buying-selling is: 30_60
2019-01-05 19:14:21,100 - INFO - Starting a new sweep for grid mode: basic
2019-01-05 19:14:21,100 - INFO - List of dynamic market fields: ['volatility_0_5_after', 'pips_agg_0_5_after', 'pips_candle_0_5_after', 'volatility_5_10_after', 'pips_agg_5_10_after', 'pips_candle_5_10_after', 'volatility_10_15_after', 'pips_agg_10_15_after', 'pips_candle_10_15_after', 'volatility_15_20_after', 'pips_agg_15_20_after', 'pips_candle_15_20_after', 'volatility_20_25_after', 'pips_agg_20_25_after', 'pips_candle_20_25_after', 'volatility_25_30_after', 'pips_agg_25_30_after', 'pips_candle_25_30_after', 'volatility_0_30_after', 'pips_agg_0_30_after', 'volatility_60_0_before', 'pips_agg_60_0_before', 'datetime', 'pips_agg_0_60_after']
2019-01-05 19:14:22,639 - INFO - X columns for the classification model: ['volatility_0_5_after', 'volatility_20_25_after', 'fe_better', 'forecast_error_diff_deviation', 'volatility_10_15_after', 'pips_agg_0_5_after', 'volatility_25_30_after', 'previous_error_diff_deviation', 'num_news', 'Medium', 'fe_accurate', 'pips_candle_25_30_after', 'pips_agg_15_20_after', 'pips_candle_0_5_after', 'pips_agg_60_0_before', 'week', 'weekday', 'fe_worse', 'pe_better', 'pips_candle_20_25_after', 'Low', 'new_id', 'pips_candle_5_10_after', 'pips_agg_20_25_after', 'forecast_error_diff_outlier_class', 'pips_agg_25_30_after', 'pips_candle_15_20_after', 'volatility_0_30_after', 'previous_error_diff_outlier_class', 'pe_accurate', 'pips_agg_10_15_after', 'pe_worse', 'year', 'pips_agg_5_10_after', 'pips_candle_10_15_after', 'volatility_60_0_before', 'pips_agg_0_30_after', 'High', 'volatility_5_10_after', 'volatility_15_20_after']
2019-01-05 19:14:22,771 - INFO - Starting KNeighborsClassifier
2019-01-05 19:19:54,108 - INFO - Starting SVC - rbf
2019-01-05 19:27:56,566 - INFO - Starting DecisionTreeClassifier
2019-01-05 19:28:28,312 - INFO - Starting RandomForestClassifier
2019-01-05 19:47:42,208 - INFO - Starting XGBClassifier
2019-01-05 19:48:33,688 - INFO - Starting GradientBoostingClassifier
2019-01-05 19:51:34,217 - INFO - Starting AdaBoostClassifier
2019-01-05 19:52:20,500 - INFO - X columns for the regression model: ['volatility_0_5_after', 'volatility_20_25_after', 'fe_better', 'forecast_error_diff_deviation', 'volatility_10_15_after', 'pips_agg_0_5_after', 'volatility_25_30_after', 'previous_error_diff_deviation', 'num_news', 'Medium', 'fe_accurate', 'pips_candle_25_30_after', 'pips_agg_15_20_after', 'pips_candle_0_5_after', 'pips_agg_60_0_before', 'week', 'weekday', 'fe_worse', 'pe_better', 'pips_candle_20_25_after', 'Low', 'new_id', 'pips_candle_5_10_after', 'pips_agg_20_25_after', 'forecast_error_diff_outlier_class', 'pips_agg_25_30_after', 'pips_candle_15_20_after', 'volatility_0_30_after', 'previous_error_diff_outlier_class', 'pe_accurate', 'pips_agg_10_15_after', 'pe_worse', 'year', 'pips_agg_5_10_after', 'pips_candle_10_15_after', 'volatility_60_0_before', 'pips_agg_0_30_after', 'High', 'volatility_5_10_after', 'volatility_15_20_after']
2019-01-05 19:52:20,644 - INFO - Starting KNeighborsRegressor
2019-01-05 19:58:20,836 - INFO - Starting SVR - rbf
2019-01-05 20:04:14,608 - INFO - Starting DecisionTreeRegressor
2019-01-05 20:04:45,729 - INFO - Starting RandomForestRegressor
2019-01-05 20:58:28,486 - INFO - Starting XGBRegressor
2019-01-05 20:58:47,020 - INFO - Starting GradientBoostingRegressor
2019-01-05 20:59:29,140 - INFO - Starting AdaBoostRegressor
2019-01-05 21:00:32,540 - INFO - sweep done in: 106.19 min
2019-01-05 21:00:32,544 - INFO - #########################
2019-01-05 21:00:32,544 - INFO - 
2019-01-05 21:00:32,544 - INFO - Starting a new sweep, grouping news by: ALL_YES_1_1_1
2019-01-05 21:01:28,047 - INFO - Starting a new sweep with market features: basic
2019-01-05 21:01:28,048 - INFO - Starting a new sweep, features before the publication are: included
2019-01-05 21:01:28,048 - INFO - Starting a new sweep, delay in between buying-selling is: 30_60
2019-01-05 21:01:28,048 - INFO - Starting a new sweep for grid mode: basic
2019-01-05 21:01:28,048 - INFO - List of dynamic market fields: ['volatility_0_5_after', 'pips_agg_0_5_after', 'volatility_5_10_after', 'pips_agg_5_10_after', 'volatility_10_15_after', 'pips_agg_10_15_after', 'volatility_15_20_after', 'pips_agg_15_20_after', 'volatility_20_25_after', 'pips_agg_20_25_after', 'volatility_25_30_after', 'pips_agg_25_30_after', 'volatility_0_30_after', 'pips_agg_0_30_after', 'volatility_60_0_before', 'pips_agg_60_0_before', 'datetime', 'pips_agg_0_60_after']
2019-01-05 21:01:29,078 - INFO - X columns for the classification model: ['volatility_0_5_after', 'volatility_20_25_after', 'fe_better', 'forecast_error_diff_deviation', 'volatility_10_15_after', 'pips_agg_0_5_after', 'volatility_25_30_after', 'previous_error_diff_deviation', 'num_news', 'Medium', 'fe_accurate', 'pips_agg_15_20_after', 'pips_agg_60_0_before', 'week', 'weekday', 'fe_worse', 'pe_better', 'Low', 'new_id', 'pips_agg_20_25_after', 'forecast_error_diff_outlier_class', 'pips_agg_25_30_after', 'volatility_0_30_after', 'previous_error_diff_outlier_class', 'pe_accurate', 'pips_agg_10_15_after', 'pe_worse', 'year', 'pips_agg_5_10_after', 'volatility_60_0_before', 'pips_agg_0_30_after', 'High', 'volatility_5_10_after', 'volatility_15_20_after']
2019-01-05 21:01:29,157 - INFO - Starting KNeighborsClassifier
2019-01-05 21:04:41,147 - INFO - Starting SVC - rbf
2019-01-05 21:08:12,871 - INFO - Starting DecisionTreeClassifier
2019-01-05 21:08:31,119 - INFO - Starting RandomForestClassifier
2019-01-05 21:20:48,821 - INFO - Starting XGBClassifier
2019-01-05 21:21:23,362 - INFO - Starting GradientBoostingClassifier
2019-01-05 21:22:55,036 - INFO - Starting AdaBoostClassifier
2019-01-05 21:23:24,061 - INFO - X columns for the regression model: ['volatility_0_5_after', 'volatility_20_25_after', 'fe_better', 'forecast_error_diff_deviation', 'volatility_10_15_after', 'pips_agg_0_5_after', 'volatility_25_30_after', 'previous_error_diff_deviation', 'num_news', 'Medium', 'fe_accurate', 'pips_agg_15_20_after', 'pips_agg_60_0_before', 'week', 'weekday', 'fe_worse', 'pe_better', 'Low', 'new_id', 'pips_agg_20_25_after', 'forecast_error_diff_outlier_class', 'pips_agg_25_30_after', 'volatility_0_30_after', 'previous_error_diff_outlier_class', 'pe_accurate', 'pips_agg_10_15_after', 'pe_worse', 'year', 'pips_agg_5_10_after', 'volatility_60_0_before', 'pips_agg_0_30_after', 'High', 'volatility_5_10_after', 'volatility_15_20_after']
2019-01-05 21:23:24,151 - INFO - Starting KNeighborsRegressor
2019-01-05 21:26:41,496 - INFO - Starting SVR - rbf
2019-01-05 21:29:22,062 - INFO - Starting DecisionTreeRegressor
2019-01-05 21:29:40,850 - INFO - Starting RandomForestRegressor
2019-01-05 21:58:59,714 - INFO - Starting XGBRegressor
2019-01-05 21:59:11,158 - INFO - Starting GradientBoostingRegressor
2019-01-05 21:59:34,499 - INFO - Starting AdaBoostRegressor
2019-01-05 22:00:01,266 - INFO - sweep done in: 58.55 min
2019-01-05 22:00:01,282 - INFO - Starting a new sweep with market features: all
2019-01-05 22:00:01,282 - INFO - Starting a new sweep, features before the publication are: included
2019-01-05 22:00:01,283 - INFO - Starting a new sweep, delay in between buying-selling is: 30_60
2019-01-05 22:00:01,283 - INFO - Starting a new sweep for grid mode: basic
2019-01-05 22:00:01,283 - INFO - List of dynamic market fields: ['volatility_0_5_after', 'pips_agg_0_5_after', 'pips_candle_0_5_after', 'volatility_5_10_after', 'pips_agg_5_10_after', 'pips_candle_5_10_after', 'volatility_10_15_after', 'pips_agg_10_15_after', 'pips_candle_10_15_after', 'volatility_15_20_after', 'pips_agg_15_20_after', 'pips_candle_15_20_after', 'volatility_20_25_after', 'pips_agg_20_25_after', 'pips_candle_20_25_after', 'volatility_25_30_after', 'pips_agg_25_30_after', 'pips_candle_25_30_after', 'volatility_0_30_after', 'pips_agg_0_30_after', 'volatility_60_0_before', 'pips_agg_60_0_before', 'datetime', 'pips_agg_0_60_after']
2019-01-05 22:00:02,484 - INFO - X columns for the classification model: ['volatility_0_5_after', 'volatility_20_25_after', 'fe_better', 'forecast_error_diff_deviation', 'volatility_10_15_after', 'pips_agg_0_5_after', 'volatility_25_30_after', 'previous_error_diff_deviation', 'num_news', 'Medium', 'fe_accurate', 'pips_candle_25_30_after', 'pips_agg_15_20_after', 'pips_candle_0_5_after', 'pips_agg_60_0_before', 'week', 'weekday', 'fe_worse', 'pe_better', 'pips_candle_20_25_after', 'Low', 'new_id', 'pips_candle_5_10_after', 'pips_agg_20_25_after', 'forecast_error_diff_outlier_class', 'pips_agg_25_30_after', 'pips_candle_15_20_after', 'volatility_0_30_after', 'previous_error_diff_outlier_class', 'pe_accurate', 'pips_agg_10_15_after', 'pe_worse', 'year', 'pips_agg_5_10_after', 'pips_candle_10_15_after', 'volatility_60_0_before', 'pips_agg_0_30_after', 'High', 'volatility_5_10_after', 'volatility_15_20_after']
2019-01-05 22:00:02,587 - INFO - Starting KNeighborsClassifier
2019-01-05 22:04:33,742 - INFO - Starting SVC - rbf
2019-01-05 22:08:34,602 - INFO - Starting DecisionTreeClassifier
2019-01-05 22:08:56,160 - INFO - Starting RandomForestClassifier
2019-01-05 22:20:37,897 - INFO - Starting XGBClassifier
2019-01-05 22:21:04,160 - INFO - Starting GradientBoostingClassifier
2019-01-05 22:22:17,105 - INFO - Starting AdaBoostClassifier
2019-01-05 22:22:40,149 - INFO - X columns for the regression model: ['volatility_0_5_after', 'volatility_20_25_after', 'fe_better', 'forecast_error_diff_deviation', 'volatility_10_15_after', 'pips_agg_0_5_after', 'volatility_25_30_after', 'previous_error_diff_deviation', 'num_news', 'Medium', 'fe_accurate', 'pips_candle_25_30_after', 'pips_agg_15_20_after', 'pips_candle_0_5_after', 'pips_agg_60_0_before', 'week', 'weekday', 'fe_worse', 'pe_better', 'pips_candle_20_25_after', 'Low', 'new_id', 'pips_candle_5_10_after', 'pips_agg_20_25_after', 'forecast_error_diff_outlier_class', 'pips_agg_25_30_after', 'pips_candle_15_20_after', 'volatility_0_30_after', 'previous_error_diff_outlier_class', 'pe_accurate', 'pips_agg_10_15_after', 'pe_worse', 'year', 'pips_agg_5_10_after', 'pips_candle_10_15_after', 'volatility_60_0_before', 'pips_agg_0_30_after', 'High', 'volatility_5_10_after', 'volatility_15_20_after']
2019-01-05 22:22:40,220 - INFO - Starting KNeighborsRegressor
2019-01-05 22:25:30,887 - INFO - Starting SVR - rbf
2019-01-05 22:27:39,504 - INFO - Starting DecisionTreeRegressor
2019-01-05 22:27:55,057 - INFO - Starting RandomForestRegressor
2019-01-05 22:52:41,743 - INFO - Starting XGBRegressor
2019-01-05 22:52:51,100 - INFO - Starting GradientBoostingRegressor
2019-01-05 22:53:10,438 - INFO - Starting AdaBoostRegressor
2019-01-05 22:53:31,810 - INFO - sweep done in: 53.51 min
2019-01-05 22:53:31,815 - INFO - #########################
2019-01-05 22:53:31,815 - INFO - 
2019-01-05 22:53:31,815 - INFO - Starting a new sweep, grouping news by: ALL_YES_3_2_1
2019-01-05 22:54:10,075 - INFO - Starting a new sweep with market features: basic
2019-01-05 22:54:10,075 - INFO - Starting a new sweep, features before the publication are: included
2019-01-05 22:54:10,076 - INFO - Starting a new sweep, delay in between buying-selling is: 30_60
2019-01-05 22:54:10,076 - INFO - Starting a new sweep for grid mode: basic
2019-01-05 22:54:10,076 - INFO - List of dynamic market fields: ['volatility_0_5_after', 'pips_agg_0_5_after', 'volatility_5_10_after', 'pips_agg_5_10_after', 'volatility_10_15_after', 'pips_agg_10_15_after', 'volatility_15_20_after', 'pips_agg_15_20_after', 'volatility_20_25_after', 'pips_agg_20_25_after', 'volatility_25_30_after', 'pips_agg_25_30_after', 'volatility_0_30_after', 'pips_agg_0_30_after', 'volatility_60_0_before', 'pips_agg_60_0_before', 'datetime', 'pips_agg_0_60_after']
2019-01-05 22:54:10,833 - INFO - X columns for the classification model: ['volatility_0_5_after', 'volatility_20_25_after', 'fe_better', 'forecast_error_diff_deviation', 'volatility_10_15_after', 'pips_agg_0_5_after', 'volatility_25_30_after', 'previous_error_diff_deviation', 'num_news', 'Medium', 'fe_accurate', 'pips_agg_15_20_after', 'pips_agg_60_0_before', 'week', 'weekday', 'fe_worse', 'pe_better', 'Low', 'new_id', 'pips_agg_20_25_after', 'forecast_error_diff_outlier_class', 'pips_agg_25_30_after', 'volatility_0_30_after', 'previous_error_diff_outlier_class', 'pe_accurate', 'pips_agg_10_15_after', 'pe_worse', 'year', 'pips_agg_5_10_after', 'volatility_60_0_before', 'pips_agg_0_30_after', 'High', 'volatility_5_10_after', 'volatility_15_20_after']
2019-01-05 22:54:10,897 - INFO - Starting KNeighborsClassifier
2019-01-05 22:56:51,190 - INFO - Starting SVC - rbf
2019-01-05 22:59:20,439 - INFO - Starting DecisionTreeClassifier
2019-01-05 22:59:33,293 - INFO - Starting RandomForestClassifier
2019-01-05 23:08:17,432 - INFO - Starting XGBClassifier
2019-01-05 23:08:40,617 - INFO - Starting GradientBoostingClassifier
2019-01-05 23:09:46,779 - INFO - Starting AdaBoostClassifier
2019-01-05 23:10:07,839 - INFO - X columns for the regression model: ['volatility_0_5_after', 'volatility_20_25_after', 'fe_better', 'forecast_error_diff_deviation', 'volatility_10_15_after', 'pips_agg_0_5_after', 'volatility_25_30_after', 'previous_error_diff_deviation', 'num_news', 'Medium', 'fe_accurate', 'pips_agg_15_20_after', 'pips_agg_60_0_before', 'week', 'weekday', 'fe_worse', 'pe_better', 'Low', 'new_id', 'pips_agg_20_25_after', 'forecast_error_diff_outlier_class', 'pips_agg_25_30_after', 'volatility_0_30_after', 'previous_error_diff_outlier_class', 'pe_accurate', 'pips_agg_10_15_after', 'pe_worse', 'year', 'pips_agg_5_10_after', 'volatility_60_0_before', 'pips_agg_0_30_after', 'High', 'volatility_5_10_after', 'volatility_15_20_after']
2019-01-05 23:10:07,894 - INFO - Starting KNeighborsRegressor
2019-01-05 23:12:50,887 - INFO - Starting SVR - rbf
2019-01-05 23:14:45,332 - INFO - Starting DecisionTreeRegressor
2019-01-05 23:14:58,314 - INFO - Starting RandomForestRegressor
2019-01-05 23:36:27,801 - INFO - Starting XGBRegressor
2019-01-05 23:36:36,144 - INFO - Starting GradientBoostingRegressor
2019-01-05 23:36:53,251 - INFO - Starting AdaBoostRegressor
2019-01-05 23:37:20,043 - INFO - sweep done in: 43.17 min
2019-01-05 23:37:20,048 - INFO - Starting a new sweep with market features: all
2019-01-05 23:37:20,048 - INFO - Starting a new sweep, features before the publication are: included
2019-01-05 23:37:20,049 - INFO - Starting a new sweep, delay in between buying-selling is: 30_60
2019-01-05 23:37:20,049 - INFO - Starting a new sweep for grid mode: basic
2019-01-05 23:37:20,049 - INFO - List of dynamic market fields: ['volatility_0_5_after', 'pips_agg_0_5_after', 'pips_candle_0_5_after', 'volatility_5_10_after', 'pips_agg_5_10_after', 'pips_candle_5_10_after', 'volatility_10_15_after', 'pips_agg_10_15_after', 'pips_candle_10_15_after', 'volatility_15_20_after', 'pips_agg_15_20_after', 'pips_candle_15_20_after', 'volatility_20_25_after', 'pips_agg_20_25_after', 'pips_candle_20_25_after', 'volatility_25_30_after', 'pips_agg_25_30_after', 'pips_candle_25_30_after', 'volatility_0_30_after', 'pips_agg_0_30_after', 'volatility_60_0_before', 'pips_agg_60_0_before', 'datetime', 'pips_agg_0_60_after']
2019-01-05 23:37:20,914 - INFO - X columns for the classification model: ['volatility_0_5_after', 'volatility_20_25_after', 'fe_better', 'forecast_error_diff_deviation', 'volatility_10_15_after', 'pips_agg_0_5_after', 'volatility_25_30_after', 'previous_error_diff_deviation', 'num_news', 'Medium', 'fe_accurate', 'pips_candle_25_30_after', 'pips_agg_15_20_after', 'pips_candle_0_5_after', 'pips_agg_60_0_before', 'week', 'weekday', 'fe_worse', 'pe_better', 'pips_candle_20_25_after', 'Low', 'new_id', 'pips_candle_5_10_after', 'pips_agg_20_25_after', 'forecast_error_diff_outlier_class', 'pips_agg_25_30_after', 'pips_candle_15_20_after', 'volatility_0_30_after', 'previous_error_diff_outlier_class', 'pe_accurate', 'pips_agg_10_15_after', 'pe_worse', 'year', 'pips_agg_5_10_after', 'pips_candle_10_15_after', 'volatility_60_0_before', 'pips_agg_0_30_after', 'High', 'volatility_5_10_after', 'volatility_15_20_after']
2019-01-05 23:37:20,989 - INFO - Starting KNeighborsClassifier
2019-01-05 23:41:50,401 - INFO - Starting SVC - rbf
2019-01-05 23:44:55,627 - INFO - Starting DecisionTreeClassifier
2019-01-05 23:45:11,956 - INFO - Starting RandomForestClassifier
2019-01-05 23:54:49,973 - INFO - Starting XGBClassifier
2019-01-05 23:55:18,614 - INFO - Starting GradientBoostingClassifier
2019-01-05 23:56:34,347 - INFO - Starting AdaBoostClassifier
2019-01-05 23:56:58,127 - INFO - X columns for the regression model: ['volatility_0_5_after', 'volatility_20_25_after', 'fe_better', 'forecast_error_diff_deviation', 'volatility_10_15_after', 'pips_agg_0_5_after', 'volatility_25_30_after', 'previous_error_diff_deviation', 'num_news', 'Medium', 'fe_accurate', 'pips_candle_25_30_after', 'pips_agg_15_20_after', 'pips_candle_0_5_after', 'pips_agg_60_0_before', 'week', 'weekday', 'fe_worse', 'pe_better', 'pips_candle_20_25_after', 'Low', 'new_id', 'pips_candle_5_10_after', 'pips_agg_20_25_after', 'forecast_error_diff_outlier_class', 'pips_agg_25_30_after', 'pips_candle_15_20_after', 'volatility_0_30_after', 'previous_error_diff_outlier_class', 'pe_accurate', 'pips_agg_10_15_after', 'pe_worse', 'year', 'pips_agg_5_10_after', 'pips_candle_10_15_after', 'volatility_60_0_before', 'pips_agg_0_30_after', 'High', 'volatility_5_10_after', 'volatility_15_20_after']
2019-01-05 23:56:58,199 - INFO - Starting KNeighborsRegressor
2019-01-06 00:00:28,400 - INFO - Starting SVR - rbf
2019-01-06 00:02:37,690 - INFO - Starting DecisionTreeRegressor
2019-01-06 00:02:53,036 - INFO - Starting RandomForestRegressor
2019-01-06 00:28:11,598 - INFO - Starting XGBRegressor
2019-01-06 00:28:21,428 - INFO - Starting GradientBoostingRegressor
2019-01-06 00:28:42,134 - INFO - Starting AdaBoostRegressor
2019-01-06 00:29:09,637 - INFO - sweep done in: 51.83 min
2019-01-06 00:29:09,644 - INFO - #########################
2019-01-06 00:29:09,645 - INFO - 
2019-01-06 00:29:09,645 - INFO - Starting a new sweep, grouping news by: High_NO_1_1_1
2019-01-06 00:29:20,123 - INFO - Starting a new sweep with market features: basic
2019-01-06 00:29:20,123 - INFO - Starting a new sweep, features before the publication are: included
2019-01-06 00:29:20,124 - INFO - Starting a new sweep, delay in between buying-selling is: 30_60
2019-01-06 00:29:20,124 - INFO - Starting a new sweep for grid mode: basic
2019-01-06 00:29:20,124 - INFO - List of dynamic market fields: ['volatility_0_5_after', 'pips_agg_0_5_after', 'volatility_5_10_after', 'pips_agg_5_10_after', 'volatility_10_15_after', 'pips_agg_10_15_after', 'volatility_15_20_after', 'pips_agg_15_20_after', 'volatility_20_25_after', 'pips_agg_20_25_after', 'volatility_25_30_after', 'pips_agg_25_30_after', 'volatility_0_30_after', 'pips_agg_0_30_after', 'volatility_60_0_before', 'pips_agg_60_0_before', 'datetime', 'pips_agg_0_60_after']
2019-01-06 00:29:20,596 - INFO - X columns for the classification model: ['volatility_0_5_after', 'volatility_20_25_after', 'fe_better', 'forecast_error_diff_deviation', 'volatility_10_15_after', 'pips_agg_0_5_after', 'volatility_25_30_after', 'previous_error_diff_deviation', 'num_news', 'fe_accurate', 'pips_agg_15_20_after', 'pips_agg_60_0_before', 'week', 'weekday', 'fe_worse', 'pe_better', 'new_id', 'pips_agg_20_25_after', 'forecast_error_diff_outlier_class', 'pips_agg_25_30_after', 'volatility_0_30_after', 'previous_error_diff_outlier_class', 'pe_accurate', 'pips_agg_10_15_after', 'pe_worse', 'year', 'pips_agg_5_10_after', 'volatility_60_0_before', 'pips_agg_0_30_after', 'High', 'volatility_5_10_after', 'volatility_15_20_after']
2019-01-06 00:29:20,631 - INFO - Starting KNeighborsClassifier
2019-01-06 00:29:57,081 - INFO - Starting SVC - rbf
2019-01-06 00:30:41,610 - INFO - Starting DecisionTreeClassifier
2019-01-06 00:30:49,592 - INFO - Starting RandomForestClassifier
2019-01-06 00:37:44,375 - INFO - Starting XGBClassifier
2019-01-06 00:37:56,603 - INFO - Starting GradientBoostingClassifier
2019-01-06 00:38:37,289 - INFO - Starting AdaBoostClassifier
2019-01-06 00:38:52,206 - INFO - X columns for the regression model: ['volatility_0_5_after', 'volatility_20_25_after', 'fe_better', 'forecast_error_diff_deviation', 'volatility_10_15_after', 'pips_agg_0_5_after', 'volatility_25_30_after', 'previous_error_diff_deviation', 'num_news', 'fe_accurate', 'pips_agg_15_20_after', 'pips_agg_60_0_before', 'week', 'weekday', 'fe_worse', 'pe_better', 'new_id', 'pips_agg_20_25_after', 'forecast_error_diff_outlier_class', 'pips_agg_25_30_after', 'volatility_0_30_after', 'previous_error_diff_outlier_class', 'pe_accurate', 'pips_agg_10_15_after', 'pe_worse', 'year', 'pips_agg_5_10_after', 'volatility_60_0_before', 'pips_agg_0_30_after', 'High', 'volatility_5_10_after', 'volatility_15_20_after']
2019-01-06 00:38:52,232 - INFO - Starting KNeighborsRegressor
2019-01-06 00:39:24,116 - INFO - Starting SVR - rbf
2019-01-06 00:39:57,240 - INFO - Starting DecisionTreeRegressor
2019-01-06 00:40:04,567 - INFO - Starting RandomForestRegressor
2019-01-06 00:52:07,008 - INFO - Starting XGBRegressor
2019-01-06 00:52:11,767 - INFO - Starting GradientBoostingRegressor
2019-01-06 00:52:21,245 - INFO - Starting AdaBoostRegressor
2019-01-06 00:52:35,178 - INFO - sweep done in: 23.25 min
2019-01-06 00:52:35,184 - INFO - Starting a new sweep with market features: all
2019-01-06 00:52:35,187 - INFO - Starting a new sweep, features before the publication are: included
2019-01-06 00:52:35,187 - INFO - Starting a new sweep, delay in between buying-selling is: 30_60
2019-01-06 00:52:35,188 - INFO - Starting a new sweep for grid mode: basic
2019-01-06 00:52:35,188 - INFO - List of dynamic market fields: ['volatility_0_5_after', 'pips_agg_0_5_after', 'pips_candle_0_5_after', 'volatility_5_10_after', 'pips_agg_5_10_after', 'pips_candle_5_10_after', 'volatility_10_15_after', 'pips_agg_10_15_after', 'pips_candle_10_15_after', 'volatility_15_20_after', 'pips_agg_15_20_after', 'pips_candle_15_20_after', 'volatility_20_25_after', 'pips_agg_20_25_after', 'pips_candle_20_25_after', 'volatility_25_30_after', 'pips_agg_25_30_after', 'pips_candle_25_30_after', 'volatility_0_30_after', 'pips_agg_0_30_after', 'volatility_60_0_before', 'pips_agg_60_0_before', 'datetime', 'pips_agg_0_60_after']
2019-01-06 00:52:35,686 - INFO - X columns for the classification model: ['volatility_0_5_after', 'volatility_20_25_after', 'fe_better', 'forecast_error_diff_deviation', 'volatility_10_15_after', 'pips_agg_0_5_after', 'volatility_25_30_after', 'previous_error_diff_deviation', 'num_news', 'fe_accurate', 'pips_candle_25_30_after', 'pips_agg_15_20_after', 'pips_candle_0_5_after', 'pips_agg_60_0_before', 'week', 'weekday', 'fe_worse', 'pe_better', 'pips_candle_20_25_after', 'new_id', 'pips_candle_5_10_after', 'pips_agg_20_25_after', 'forecast_error_diff_outlier_class', 'pips_agg_25_30_after', 'pips_candle_15_20_after', 'volatility_0_30_after', 'previous_error_diff_outlier_class', 'pe_accurate', 'pips_agg_10_15_after', 'pe_worse', 'year', 'pips_agg_5_10_after', 'pips_candle_10_15_after', 'volatility_60_0_before', 'pips_agg_0_30_after', 'High', 'volatility_5_10_after', 'volatility_15_20_after']
2019-01-06 00:52:35,728 - INFO - Starting KNeighborsClassifier
2019-01-06 00:53:13,347 - INFO - Starting SVC - rbf
2019-01-06 00:53:58,715 - INFO - Starting DecisionTreeClassifier
2019-01-06 00:54:07,384 - INFO - Starting RandomForestClassifier
2019-01-06 01:01:00,320 - INFO - Starting XGBClassifier
2019-01-06 01:01:14,988 - INFO - Starting GradientBoostingClassifier
2019-01-06 01:02:01,213 - INFO - Starting AdaBoostClassifier
2019-01-06 01:02:17,651 - INFO - X columns for the regression model: ['volatility_0_5_after', 'volatility_20_25_after', 'fe_better', 'forecast_error_diff_deviation', 'volatility_10_15_after', 'pips_agg_0_5_after', 'volatility_25_30_after', 'previous_error_diff_deviation', 'num_news', 'fe_accurate', 'pips_candle_25_30_after', 'pips_agg_15_20_after', 'pips_candle_0_5_after', 'pips_agg_60_0_before', 'week', 'weekday', 'fe_worse', 'pe_better', 'pips_candle_20_25_after', 'new_id', 'pips_candle_5_10_after', 'pips_agg_20_25_after', 'forecast_error_diff_outlier_class', 'pips_agg_25_30_after', 'pips_candle_15_20_after', 'volatility_0_30_after', 'previous_error_diff_outlier_class', 'pe_accurate', 'pips_agg_10_15_after', 'pe_worse', 'year', 'pips_agg_5_10_after', 'pips_candle_10_15_after', 'volatility_60_0_before', 'pips_agg_0_30_after', 'High', 'volatility_5_10_after', 'volatility_15_20_after']
2019-01-06 01:02:17,689 - INFO - Starting KNeighborsRegressor
2019-01-06 01:02:56,508 - INFO - Starting SVR - rbf
2019-01-06 01:03:32,718 - INFO - Starting DecisionTreeRegressor
2019-01-06 01:03:41,618 - INFO - Starting RandomForestRegressor
2019-01-06 01:17:47,247 - INFO - Starting XGBRegressor
2019-01-06 01:17:52,459 - INFO - Starting GradientBoostingRegressor
2019-01-06 01:18:03,308 - INFO - Starting AdaBoostRegressor
2019-01-06 01:18:22,321 - INFO - sweep done in: 25.79 min
2019-01-06 01:18:22,334 - INFO - #########################
2019-01-06 01:18:22,335 - INFO - 
2019-01-06 01:18:22,335 - INFO - Starting a new sweep, grouping news by: High_YES_1_1_1
2019-01-06 01:18:32,589 - INFO - Starting a new sweep with market features: basic
2019-01-06 01:18:32,589 - INFO - Starting a new sweep, features before the publication are: included
2019-01-06 01:18:32,589 - INFO - Starting a new sweep, delay in between buying-selling is: 30_60
2019-01-06 01:18:32,589 - INFO - Starting a new sweep for grid mode: basic
2019-01-06 01:18:32,589 - INFO - List of dynamic market fields: ['volatility_0_5_after', 'pips_agg_0_5_after', 'volatility_5_10_after', 'pips_agg_5_10_after', 'volatility_10_15_after', 'pips_agg_10_15_after', 'volatility_15_20_after', 'pips_agg_15_20_after', 'volatility_20_25_after', 'pips_agg_20_25_after', 'volatility_25_30_after', 'pips_agg_25_30_after', 'volatility_0_30_after', 'pips_agg_0_30_after', 'volatility_60_0_before', 'pips_agg_60_0_before', 'datetime', 'pips_agg_0_60_after']
2019-01-06 01:18:32,961 - INFO - X columns for the classification model: ['volatility_0_5_after', 'volatility_20_25_after', 'fe_better', 'forecast_error_diff_deviation', 'volatility_10_15_after', 'pips_agg_0_5_after', 'volatility_25_30_after', 'previous_error_diff_deviation', 'num_news', 'fe_accurate', 'pips_agg_15_20_after', 'pips_agg_60_0_before', 'week', 'weekday', 'fe_worse', 'pe_better', 'new_id', 'pips_agg_20_25_after', 'forecast_error_diff_outlier_class', 'pips_agg_25_30_after', 'volatility_0_30_after', 'previous_error_diff_outlier_class', 'pe_accurate', 'pips_agg_10_15_after', 'pe_worse', 'year', 'pips_agg_5_10_after', 'volatility_60_0_before', 'pips_agg_0_30_after', 'High', 'volatility_5_10_after', 'volatility_15_20_after']
2019-01-06 01:18:32,986 - INFO - Starting KNeighborsClassifier
2019-01-06 01:19:01,613 - INFO - Starting SVC - rbf
2019-01-06 01:19:27,047 - INFO - Starting DecisionTreeClassifier
2019-01-06 01:19:32,620 - INFO - Starting RandomForestClassifier
2019-01-06 01:25:12,475 - INFO - Starting XGBClassifier
2019-01-06 01:25:22,634 - INFO - Starting GradientBoostingClassifier
2019-01-06 01:25:56,117 - INFO - Starting AdaBoostClassifier
2019-01-06 01:26:09,052 - INFO - X columns for the regression model: ['volatility_0_5_after', 'volatility_20_25_after', 'fe_better', 'forecast_error_diff_deviation', 'volatility_10_15_after', 'pips_agg_0_5_after', 'volatility_25_30_after', 'previous_error_diff_deviation', 'num_news', 'fe_accurate', 'pips_agg_15_20_after', 'pips_agg_60_0_before', 'week', 'weekday', 'fe_worse', 'pe_better', 'new_id', 'pips_agg_20_25_after', 'forecast_error_diff_outlier_class', 'pips_agg_25_30_after', 'volatility_0_30_after', 'previous_error_diff_outlier_class', 'pe_accurate', 'pips_agg_10_15_after', 'pe_worse', 'year', 'pips_agg_5_10_after', 'volatility_60_0_before', 'pips_agg_0_30_after', 'High', 'volatility_5_10_after', 'volatility_15_20_after']
2019-01-06 01:26:09,075 - INFO - Starting KNeighborsRegressor
2019-01-06 01:26:37,079 - INFO - Starting SVR - rbf
2019-01-06 01:26:57,551 - INFO - Starting DecisionTreeRegressor
2019-01-06 01:27:02,996 - INFO - Starting RandomForestRegressor
2019-01-06 01:36:17,854 - INFO - Starting XGBRegressor
2019-01-06 01:36:21,525 - INFO - Starting GradientBoostingRegressor
2019-01-06 01:36:28,796 - INFO - Starting AdaBoostRegressor
2019-01-06 01:36:39,649 - INFO - sweep done in: 18.12 min
2019-01-06 01:36:39,660 - INFO - Starting a new sweep with market features: all
2019-01-06 01:36:39,661 - INFO - Starting a new sweep, features before the publication are: included
2019-01-06 01:36:39,661 - INFO - Starting a new sweep, delay in between buying-selling is: 30_60
2019-01-06 01:36:39,662 - INFO - Starting a new sweep for grid mode: basic
2019-01-06 01:36:39,663 - INFO - List of dynamic market fields: ['volatility_0_5_after', 'pips_agg_0_5_after', 'pips_candle_0_5_after', 'volatility_5_10_after', 'pips_agg_5_10_after', 'pips_candle_5_10_after', 'volatility_10_15_after', 'pips_agg_10_15_after', 'pips_candle_10_15_after', 'volatility_15_20_after', 'pips_agg_15_20_after', 'pips_candle_15_20_after', 'volatility_20_25_after', 'pips_agg_20_25_after', 'pips_candle_20_25_after', 'volatility_25_30_after', 'pips_agg_25_30_after', 'pips_candle_25_30_after', 'volatility_0_30_after', 'pips_agg_0_30_after', 'volatility_60_0_before', 'pips_agg_60_0_before', 'datetime', 'pips_agg_0_60_after']
2019-01-06 01:36:40,163 - INFO - X columns for the classification model: ['volatility_0_5_after', 'volatility_20_25_after', 'fe_better', 'forecast_error_diff_deviation', 'volatility_10_15_after', 'pips_agg_0_5_after', 'volatility_25_30_after', 'previous_error_diff_deviation', 'num_news', 'fe_accurate', 'pips_candle_25_30_after', 'pips_agg_15_20_after', 'pips_candle_0_5_after', 'pips_agg_60_0_before', 'week', 'weekday', 'fe_worse', 'pe_better', 'pips_candle_20_25_after', 'new_id', 'pips_candle_5_10_after', 'pips_agg_20_25_after', 'forecast_error_diff_outlier_class', 'pips_agg_25_30_after', 'pips_candle_15_20_after', 'volatility_0_30_after', 'previous_error_diff_outlier_class', 'pe_accurate', 'pips_agg_10_15_after', 'pe_worse', 'year', 'pips_agg_5_10_after', 'pips_candle_10_15_after', 'volatility_60_0_before', 'pips_agg_0_30_after', 'High', 'volatility_5_10_after', 'volatility_15_20_after']
2019-01-06 01:36:40,200 - INFO - Starting KNeighborsClassifier
2019-01-06 01:37:13,106 - INFO - Starting SVC - rbf
2019-01-06 01:37:40,791 - INFO - Starting DecisionTreeClassifier
2019-01-06 01:37:47,436 - INFO - Starting RandomForestClassifier
2019-01-06 01:43:47,751 - INFO - Starting XGBClassifier
2019-01-06 01:43:58,848 - INFO - Starting GradientBoostingClassifier
2019-01-06 01:44:35,749 - INFO - Starting AdaBoostClassifier
2019-01-06 01:44:49,357 - INFO - X columns for the regression model: ['volatility_0_5_after', 'volatility_20_25_after', 'fe_better', 'forecast_error_diff_deviation', 'volatility_10_15_after', 'pips_agg_0_5_after', 'volatility_25_30_after', 'previous_error_diff_deviation', 'num_news', 'fe_accurate', 'pips_candle_25_30_after', 'pips_agg_15_20_after', 'pips_candle_0_5_after', 'pips_agg_60_0_before', 'week', 'weekday', 'fe_worse', 'pe_better', 'pips_candle_20_25_after', 'new_id', 'pips_candle_5_10_after', 'pips_agg_20_25_after', 'forecast_error_diff_outlier_class', 'pips_agg_25_30_after', 'pips_candle_15_20_after', 'volatility_0_30_after', 'previous_error_diff_outlier_class', 'pe_accurate', 'pips_agg_10_15_after', 'pe_worse', 'year', 'pips_agg_5_10_after', 'pips_candle_10_15_after', 'volatility_60_0_before', 'pips_agg_0_30_after', 'High', 'volatility_5_10_after', 'volatility_15_20_after']
2019-01-06 01:44:49,391 - INFO - Starting KNeighborsRegressor
2019-01-06 01:45:20,873 - INFO - Starting SVR - rbf
2019-01-06 01:45:43,336 - INFO - Starting DecisionTreeRegressor
2019-01-06 01:45:49,572 - INFO - Starting RandomForestRegressor
2019-01-06 01:56:19,513 - INFO - Starting XGBRegressor
2019-01-06 01:56:22,946 - INFO - Starting GradientBoostingRegressor
2019-01-06 01:56:29,872 - INFO - Starting AdaBoostRegressor
2019-01-06 01:56:42,091 - INFO - sweep done in: 20.04 min
