2019-01-05 14:14:15,404 - INFO - #########################
2019-01-05 14:14:15,405 - INFO - 
2019-01-05 14:14:15,405 - INFO - Starting a new sweep, grouping news by: ALL_NO_1_1_1
2019-01-05 14:15:12,169 - INFO - Starting a new sweep with market features: basic
2019-01-05 14:15:12,170 - INFO - Starting a new sweep, features before the publication are: included
2019-01-05 14:15:12,170 - INFO - Starting a new sweep, delay in between buying-selling is: 30_90
2019-01-05 14:15:12,170 - INFO - Starting a new sweep for grid mode: basic
2019-01-05 14:15:12,170 - INFO - List of dynamic market fields: ['volatility_0_5_after', 'pips_agg_0_5_after', 'volatility_5_10_after', 'pips_agg_5_10_after', 'volatility_10_15_after', 'pips_agg_10_15_after', 'volatility_15_20_after', 'pips_agg_15_20_after', 'volatility_20_25_after', 'pips_agg_20_25_after', 'volatility_25_30_after', 'pips_agg_25_30_after', 'volatility_0_30_after', 'pips_agg_0_30_after', 'volatility_60_0_before', 'pips_agg_60_0_before', 'datetime', 'pips_agg_0_90_after']
2019-01-05 14:15:13,629 - INFO - X columns for the classification model: ['fe_better', 'num_news', 'pe_better', 'pips_agg_60_0_before', 'fe_worse', 'volatility_15_20_after', 'volatility_0_5_after', 'forecast_error_diff_outlier_class', 'pips_agg_10_15_after', 'Medium', 'volatility_20_25_after', 'Low', 'pe_accurate', 'High', 'year', 'volatility_25_30_after', 'pips_agg_25_30_after', 'pips_agg_0_30_after', 'pips_agg_5_10_after', 'pe_worse', 'pips_agg_0_5_after', 'week', 'previous_error_diff_outlier_class', 'fe_accurate', 'volatility_5_10_after', 'volatility_60_0_before', 'volatility_10_15_after', 'new_id', 'forecast_error_diff_deviation', 'volatility_0_30_after', 'previous_error_diff_deviation', 'weekday', 'pips_agg_20_25_after', 'pips_agg_15_20_after']
2019-01-05 14:15:13,756 - INFO - Starting KNeighborsClassifier
2019-01-05 14:20:30,757 - INFO - Starting SVC - rbf
2019-01-05 14:29:01,086 - INFO - Starting DecisionTreeClassifier
2019-01-05 14:29:29,500 - INFO - Starting RandomForestClassifier
2019-01-05 14:46:30,158 - INFO - Starting XGBClassifier
2019-01-05 14:47:13,402 - INFO - Starting GradientBoostingClassifier
2019-01-05 14:49:18,373 - INFO - Starting AdaBoostClassifier
2019-01-05 14:49:57,361 - INFO - X columns for the regression model: ['fe_better', 'num_news', 'pe_better', 'pips_agg_60_0_before', 'fe_worse', 'volatility_15_20_after', 'volatility_0_5_after', 'forecast_error_diff_outlier_class', 'pips_agg_10_15_after', 'Medium', 'volatility_20_25_after', 'Low', 'pe_accurate', 'High', 'year', 'volatility_25_30_after', 'pips_agg_25_30_after', 'pips_agg_0_30_after', 'pips_agg_5_10_after', 'pe_worse', 'pips_agg_0_5_after', 'week', 'previous_error_diff_outlier_class', 'fe_accurate', 'volatility_5_10_after', 'volatility_60_0_before', 'volatility_10_15_after', 'new_id', 'forecast_error_diff_deviation', 'volatility_0_30_after', 'previous_error_diff_deviation', 'weekday', 'pips_agg_20_25_after', 'pips_agg_15_20_after']
2019-01-05 14:49:57,488 - INFO - Starting KNeighborsRegressor
2019-01-05 14:54:45,407 - INFO - Starting SVR - rbf
2019-01-05 15:00:39,048 - INFO - Starting DecisionTreeRegressor
2019-01-05 15:01:09,147 - INFO - Starting RandomForestRegressor
2019-01-05 15:47:47,786 - INFO - Starting XGBRegressor
2019-01-05 15:48:04,998 - INFO - Starting GradientBoostingRegressor
2019-01-05 15:48:40,706 - INFO - Starting AdaBoostRegressor
2019-01-05 15:49:51,156 - INFO - sweep done in: 94.65 min
2019-01-05 15:49:51,161 - INFO - Starting a new sweep with market features: all
2019-01-05 15:49:51,161 - INFO - Starting a new sweep, features before the publication are: included
2019-01-05 15:49:51,161 - INFO - Starting a new sweep, delay in between buying-selling is: 30_90
2019-01-05 15:49:51,161 - INFO - Starting a new sweep for grid mode: basic
2019-01-05 15:49:51,161 - INFO - List of dynamic market fields: ['volatility_0_5_after', 'pips_agg_0_5_after', 'pips_candle_0_5_after', 'volatility_5_10_after', 'pips_agg_5_10_after', 'pips_candle_5_10_after', 'volatility_10_15_after', 'pips_agg_10_15_after', 'pips_candle_10_15_after', 'volatility_15_20_after', 'pips_agg_15_20_after', 'pips_candle_15_20_after', 'volatility_20_25_after', 'pips_agg_20_25_after', 'pips_candle_20_25_after', 'volatility_25_30_after', 'pips_agg_25_30_after', 'pips_candle_25_30_after', 'volatility_0_30_after', 'pips_agg_0_30_after', 'volatility_60_0_before', 'pips_agg_60_0_before', 'datetime', 'pips_agg_0_90_after']
2019-01-05 15:49:54,292 - INFO - X columns for the classification model: ['fe_better', 'pips_candle_20_25_after', 'num_news', 'pips_candle_5_10_after', 'pe_better', 'pips_agg_60_0_before', 'pips_candle_15_20_after', 'fe_worse', 'volatility_15_20_after', 'volatility_0_5_after', 'forecast_error_diff_outlier_class', 'pips_agg_10_15_after', 'Medium', 'volatility_20_25_after', 'Low', 'pips_candle_25_30_after', 'pe_accurate', 'High', 'year', 'volatility_25_30_after', 'pips_agg_25_30_after', 'pips_agg_0_30_after', 'pips_agg_5_10_after', 'pe_worse', 'pips_agg_0_5_after', 'week', 'pips_candle_10_15_after', 'previous_error_diff_outlier_class', 'fe_accurate', 'volatility_5_10_after', 'volatility_60_0_before', 'volatility_10_15_after', 'new_id', 'forecast_error_diff_deviation', 'volatility_0_30_after', 'previous_error_diff_deviation', 'pips_candle_0_5_after', 'weekday', 'pips_agg_20_25_after', 'pips_agg_15_20_after']
2019-01-05 15:49:54,557 - INFO - Starting KNeighborsClassifier
2019-01-05 15:56:14,531 - INFO - Starting SVC - rbf
2019-01-05 16:06:13,718 - INFO - Starting DecisionTreeClassifier
2019-01-05 16:06:58,873 - INFO - Starting RandomForestClassifier
2019-01-05 16:27:38,319 - INFO - Starting XGBClassifier
2019-01-05 16:28:37,860 - INFO - Starting GradientBoostingClassifier
2019-01-05 16:31:35,082 - INFO - Starting AdaBoostClassifier
2019-01-05 16:32:29,730 - INFO - X columns for the regression model: ['fe_better', 'pips_candle_20_25_after', 'num_news', 'pips_candle_5_10_after', 'pe_better', 'pips_agg_60_0_before', 'pips_candle_15_20_after', 'fe_worse', 'volatility_15_20_after', 'volatility_0_5_after', 'forecast_error_diff_outlier_class', 'pips_agg_10_15_after', 'Medium', 'volatility_20_25_after', 'Low', 'pips_candle_25_30_after', 'pe_accurate', 'High', 'year', 'volatility_25_30_after', 'pips_agg_25_30_after', 'pips_agg_0_30_after', 'pips_agg_5_10_after', 'pe_worse', 'pips_agg_0_5_after', 'week', 'pips_candle_10_15_after', 'previous_error_diff_outlier_class', 'fe_accurate', 'volatility_5_10_after', 'volatility_60_0_before', 'volatility_10_15_after', 'new_id', 'forecast_error_diff_deviation', 'volatility_0_30_after', 'previous_error_diff_deviation', 'pips_candle_0_5_after', 'weekday', 'pips_agg_20_25_after', 'pips_agg_15_20_after']
2019-01-05 16:32:29,869 - INFO - Starting KNeighborsRegressor
2019-01-05 16:38:28,305 - INFO - Starting SVR - rbf
2019-01-05 16:44:47,304 - INFO - Starting DecisionTreeRegressor
2019-01-05 16:45:20,440 - INFO - Starting RandomForestRegressor
2019-01-05 17:38:52,650 - INFO - Starting XGBRegressor
2019-01-05 17:39:11,403 - INFO - Starting GradientBoostingRegressor
2019-01-05 17:39:54,032 - INFO - Starting AdaBoostRegressor
2019-01-05 17:40:56,711 - INFO - sweep done in: 111.09 min
2019-01-05 17:40:56,717 - INFO - #########################
2019-01-05 17:40:56,718 - INFO - 
2019-01-05 17:40:56,718 - INFO - Starting a new sweep, grouping news by: ALL_NO_3_2_1
2019-01-05 17:41:52,373 - INFO - Starting a new sweep with market features: basic
2019-01-05 17:41:52,373 - INFO - Starting a new sweep, features before the publication are: included
2019-01-05 17:41:52,373 - INFO - Starting a new sweep, delay in between buying-selling is: 30_90
2019-01-05 17:41:52,373 - INFO - Starting a new sweep for grid mode: basic
2019-01-05 17:41:52,374 - INFO - List of dynamic market fields: ['volatility_0_5_after', 'pips_agg_0_5_after', 'volatility_5_10_after', 'pips_agg_5_10_after', 'volatility_10_15_after', 'pips_agg_10_15_after', 'volatility_15_20_after', 'pips_agg_15_20_after', 'volatility_20_25_after', 'pips_agg_20_25_after', 'volatility_25_30_after', 'pips_agg_25_30_after', 'volatility_0_30_after', 'pips_agg_0_30_after', 'volatility_60_0_before', 'pips_agg_60_0_before', 'datetime', 'pips_agg_0_90_after']
2019-01-05 17:41:53,715 - INFO - X columns for the classification model: ['fe_better', 'num_news', 'pe_better', 'pips_agg_60_0_before', 'fe_worse', 'volatility_15_20_after', 'volatility_0_5_after', 'forecast_error_diff_outlier_class', 'pips_agg_10_15_after', 'Medium', 'volatility_20_25_after', 'Low', 'pe_accurate', 'High', 'year', 'volatility_25_30_after', 'pips_agg_25_30_after', 'pips_agg_0_30_after', 'pips_agg_5_10_after', 'pe_worse', 'pips_agg_0_5_after', 'week', 'previous_error_diff_outlier_class', 'fe_accurate', 'volatility_5_10_after', 'volatility_60_0_before', 'volatility_10_15_after', 'new_id', 'forecast_error_diff_deviation', 'volatility_0_30_after', 'previous_error_diff_deviation', 'weekday', 'pips_agg_20_25_after', 'pips_agg_15_20_after']
2019-01-05 17:41:53,832 - INFO - Starting KNeighborsClassifier
2019-01-05 17:46:57,890 - INFO - Starting SVC - rbf
2019-01-05 17:54:21,622 - INFO - Starting DecisionTreeClassifier
2019-01-05 17:54:49,790 - INFO - Starting RandomForestClassifier
2019-01-05 18:12:58,129 - INFO - Starting XGBClassifier
2019-01-05 18:13:41,097 - INFO - Starting GradientBoostingClassifier
2019-01-05 18:15:49,837 - INFO - Starting AdaBoostClassifier
2019-01-05 18:16:29,262 - INFO - X columns for the regression model: ['fe_better', 'num_news', 'pe_better', 'pips_agg_60_0_before', 'fe_worse', 'volatility_15_20_after', 'volatility_0_5_after', 'forecast_error_diff_outlier_class', 'pips_agg_10_15_after', 'Medium', 'volatility_20_25_after', 'Low', 'pe_accurate', 'High', 'year', 'volatility_25_30_after', 'pips_agg_25_30_after', 'pips_agg_0_30_after', 'pips_agg_5_10_after', 'pe_worse', 'pips_agg_0_5_after', 'week', 'previous_error_diff_outlier_class', 'fe_accurate', 'volatility_5_10_after', 'volatility_60_0_before', 'volatility_10_15_after', 'new_id', 'forecast_error_diff_deviation', 'volatility_0_30_after', 'previous_error_diff_deviation', 'weekday', 'pips_agg_20_25_after', 'pips_agg_15_20_after']
2019-01-05 18:16:29,378 - INFO - Starting KNeighborsRegressor
2019-01-05 18:21:12,810 - INFO - Starting SVR - rbf
2019-01-05 18:26:22,133 - INFO - Starting DecisionTreeRegressor
2019-01-05 18:26:48,573 - INFO - Starting RandomForestRegressor
2019-01-05 19:12:25,763 - INFO - Starting XGBRegressor
2019-01-05 19:12:41,776 - INFO - Starting GradientBoostingRegressor
2019-01-05 19:13:17,344 - INFO - Starting AdaBoostRegressor
2019-01-05 19:14:06,238 - INFO - sweep done in: 92.23 min
2019-01-05 19:14:06,241 - INFO - Starting a new sweep with market features: all
2019-01-05 19:14:06,242 - INFO - Starting a new sweep, features before the publication are: included
2019-01-05 19:14:06,242 - INFO - Starting a new sweep, delay in between buying-selling is: 30_90
2019-01-05 19:14:06,242 - INFO - Starting a new sweep for grid mode: basic
2019-01-05 19:14:06,242 - INFO - List of dynamic market fields: ['volatility_0_5_after', 'pips_agg_0_5_after', 'pips_candle_0_5_after', 'volatility_5_10_after', 'pips_agg_5_10_after', 'pips_candle_5_10_after', 'volatility_10_15_after', 'pips_agg_10_15_after', 'pips_candle_10_15_after', 'volatility_15_20_after', 'pips_agg_15_20_after', 'pips_candle_15_20_after', 'volatility_20_25_after', 'pips_agg_20_25_after', 'pips_candle_20_25_after', 'volatility_25_30_after', 'pips_agg_25_30_after', 'pips_candle_25_30_after', 'volatility_0_30_after', 'pips_agg_0_30_after', 'volatility_60_0_before', 'pips_agg_60_0_before', 'datetime', 'pips_agg_0_90_after']
2019-01-05 19:14:08,028 - INFO - X columns for the classification model: ['fe_better', 'pips_candle_20_25_after', 'num_news', 'pips_candle_5_10_after', 'pe_better', 'pips_agg_60_0_before', 'pips_candle_15_20_after', 'fe_worse', 'volatility_15_20_after', 'volatility_0_5_after', 'forecast_error_diff_outlier_class', 'pips_agg_10_15_after', 'Medium', 'volatility_20_25_after', 'Low', 'pips_candle_25_30_after', 'pe_accurate', 'High', 'year', 'volatility_25_30_after', 'pips_agg_25_30_after', 'pips_agg_0_30_after', 'pips_agg_5_10_after', 'pe_worse', 'pips_agg_0_5_after', 'week', 'pips_candle_10_15_after', 'previous_error_diff_outlier_class', 'fe_accurate', 'volatility_5_10_after', 'volatility_60_0_before', 'volatility_10_15_after', 'new_id', 'forecast_error_diff_deviation', 'volatility_0_30_after', 'previous_error_diff_deviation', 'pips_candle_0_5_after', 'weekday', 'pips_agg_20_25_after', 'pips_agg_15_20_after']
2019-01-05 19:14:08,206 - INFO - Starting KNeighborsClassifier
2019-01-05 19:19:37,653 - INFO - Starting SVC - rbf
2019-01-05 19:27:50,213 - INFO - Starting DecisionTreeClassifier
2019-01-05 19:28:21,925 - INFO - Starting RandomForestClassifier
2019-01-05 19:47:38,513 - INFO - Starting XGBClassifier
2019-01-05 19:48:29,890 - INFO - Starting GradientBoostingClassifier
2019-01-05 19:51:28,642 - INFO - Starting AdaBoostClassifier
2019-01-05 19:52:14,904 - INFO - X columns for the regression model: ['fe_better', 'pips_candle_20_25_after', 'num_news', 'pips_candle_5_10_after', 'pe_better', 'pips_agg_60_0_before', 'pips_candle_15_20_after', 'fe_worse', 'volatility_15_20_after', 'volatility_0_5_after', 'forecast_error_diff_outlier_class', 'pips_agg_10_15_after', 'Medium', 'volatility_20_25_after', 'Low', 'pips_candle_25_30_after', 'pe_accurate', 'High', 'year', 'volatility_25_30_after', 'pips_agg_25_30_after', 'pips_agg_0_30_after', 'pips_agg_5_10_after', 'pe_worse', 'pips_agg_0_5_after', 'week', 'pips_candle_10_15_after', 'previous_error_diff_outlier_class', 'fe_accurate', 'volatility_5_10_after', 'volatility_60_0_before', 'volatility_10_15_after', 'new_id', 'forecast_error_diff_deviation', 'volatility_0_30_after', 'previous_error_diff_deviation', 'pips_candle_0_5_after', 'weekday', 'pips_agg_20_25_after', 'pips_agg_15_20_after']
2019-01-05 19:52:15,034 - INFO - Starting KNeighborsRegressor
2019-01-05 19:58:14,570 - INFO - Starting SVR - rbf
2019-01-05 20:04:05,770 - INFO - Starting DecisionTreeRegressor
2019-01-05 20:04:36,881 - INFO - Starting RandomForestRegressor
2019-01-05 20:58:25,576 - INFO - Starting XGBRegressor
2019-01-05 20:58:44,055 - INFO - Starting GradientBoostingRegressor
2019-01-05 20:59:26,401 - INFO - Starting AdaBoostRegressor
2019-01-05 21:00:31,186 - INFO - sweep done in: 106.42 min
2019-01-05 21:00:31,193 - INFO - #########################
2019-01-05 21:00:31,194 - INFO - 
2019-01-05 21:00:31,194 - INFO - Starting a new sweep, grouping news by: ALL_YES_1_1_1
2019-01-05 21:01:25,396 - INFO - Starting a new sweep with market features: basic
2019-01-05 21:01:25,396 - INFO - Starting a new sweep, features before the publication are: included
2019-01-05 21:01:25,396 - INFO - Starting a new sweep, delay in between buying-selling is: 30_90
2019-01-05 21:01:25,396 - INFO - Starting a new sweep for grid mode: basic
2019-01-05 21:01:25,397 - INFO - List of dynamic market fields: ['volatility_0_5_after', 'pips_agg_0_5_after', 'volatility_5_10_after', 'pips_agg_5_10_after', 'volatility_10_15_after', 'pips_agg_10_15_after', 'volatility_15_20_after', 'pips_agg_15_20_after', 'volatility_20_25_after', 'pips_agg_20_25_after', 'volatility_25_30_after', 'pips_agg_25_30_after', 'volatility_0_30_after', 'pips_agg_0_30_after', 'volatility_60_0_before', 'pips_agg_60_0_before', 'datetime', 'pips_agg_0_90_after']
2019-01-05 21:01:26,359 - INFO - X columns for the classification model: ['fe_better', 'num_news', 'pe_better', 'pips_agg_60_0_before', 'fe_worse', 'volatility_15_20_after', 'volatility_0_5_after', 'forecast_error_diff_outlier_class', 'pips_agg_10_15_after', 'Medium', 'volatility_20_25_after', 'Low', 'pe_accurate', 'High', 'year', 'volatility_25_30_after', 'pips_agg_25_30_after', 'pips_agg_0_30_after', 'pips_agg_5_10_after', 'pe_worse', 'pips_agg_0_5_after', 'week', 'previous_error_diff_outlier_class', 'fe_accurate', 'volatility_5_10_after', 'volatility_60_0_before', 'volatility_10_15_after', 'new_id', 'forecast_error_diff_deviation', 'volatility_0_30_after', 'previous_error_diff_deviation', 'weekday', 'pips_agg_20_25_after', 'pips_agg_15_20_after']
2019-01-05 21:01:26,498 - INFO - Starting KNeighborsClassifier
2019-01-05 21:04:37,941 - INFO - Starting SVC - rbf
2019-01-05 21:08:08,023 - INFO - Starting DecisionTreeClassifier
2019-01-05 21:08:26,235 - INFO - Starting RandomForestClassifier
2019-01-05 21:20:43,271 - INFO - Starting XGBClassifier
2019-01-05 21:21:15,758 - INFO - Starting GradientBoostingClassifier
2019-01-05 21:22:45,685 - INFO - Starting AdaBoostClassifier
2019-01-05 21:23:14,646 - INFO - X columns for the regression model: ['fe_better', 'num_news', 'pe_better', 'pips_agg_60_0_before', 'fe_worse', 'volatility_15_20_after', 'volatility_0_5_after', 'forecast_error_diff_outlier_class', 'pips_agg_10_15_after', 'Medium', 'volatility_20_25_after', 'Low', 'pe_accurate', 'High', 'year', 'volatility_25_30_after', 'pips_agg_25_30_after', 'pips_agg_0_30_after', 'pips_agg_5_10_after', 'pe_worse', 'pips_agg_0_5_after', 'week', 'previous_error_diff_outlier_class', 'fe_accurate', 'volatility_5_10_after', 'volatility_60_0_before', 'volatility_10_15_after', 'new_id', 'forecast_error_diff_deviation', 'volatility_0_30_after', 'previous_error_diff_deviation', 'weekday', 'pips_agg_20_25_after', 'pips_agg_15_20_after']
2019-01-05 21:23:14,720 - INFO - Starting KNeighborsRegressor
2019-01-05 21:26:32,257 - INFO - Starting SVR - rbf
2019-01-05 21:29:12,002 - INFO - Starting DecisionTreeRegressor
2019-01-05 21:29:30,475 - INFO - Starting RandomForestRegressor
2019-01-05 21:58:45,347 - INFO - Starting XGBRegressor
2019-01-05 21:58:56,612 - INFO - Starting GradientBoostingRegressor
2019-01-05 21:59:19,716 - INFO - Starting AdaBoostRegressor
2019-01-05 21:59:57,592 - INFO - sweep done in: 58.54 min
2019-01-05 21:59:57,596 - INFO - Starting a new sweep with market features: all
2019-01-05 21:59:57,596 - INFO - Starting a new sweep, features before the publication are: included
2019-01-05 21:59:57,596 - INFO - Starting a new sweep, delay in between buying-selling is: 30_90
2019-01-05 21:59:57,596 - INFO - Starting a new sweep for grid mode: basic
2019-01-05 21:59:57,599 - INFO - List of dynamic market fields: ['volatility_0_5_after', 'pips_agg_0_5_after', 'pips_candle_0_5_after', 'volatility_5_10_after', 'pips_agg_5_10_after', 'pips_candle_5_10_after', 'volatility_10_15_after', 'pips_agg_10_15_after', 'pips_candle_10_15_after', 'volatility_15_20_after', 'pips_agg_15_20_after', 'pips_candle_15_20_after', 'volatility_20_25_after', 'pips_agg_20_25_after', 'pips_candle_20_25_after', 'volatility_25_30_after', 'pips_agg_25_30_after', 'pips_candle_25_30_after', 'volatility_0_30_after', 'pips_agg_0_30_after', 'volatility_60_0_before', 'pips_agg_60_0_before', 'datetime', 'pips_agg_0_90_after']
2019-01-05 21:59:58,763 - INFO - X columns for the classification model: ['fe_better', 'pips_candle_20_25_after', 'num_news', 'pips_candle_5_10_after', 'pe_better', 'pips_agg_60_0_before', 'pips_candle_15_20_after', 'fe_worse', 'volatility_15_20_after', 'volatility_0_5_after', 'forecast_error_diff_outlier_class', 'pips_agg_10_15_after', 'Medium', 'volatility_20_25_after', 'Low', 'pips_candle_25_30_after', 'pe_accurate', 'High', 'year', 'volatility_25_30_after', 'pips_agg_25_30_after', 'pips_agg_0_30_after', 'pips_agg_5_10_after', 'pe_worse', 'pips_agg_0_5_after', 'week', 'pips_candle_10_15_after', 'previous_error_diff_outlier_class', 'fe_accurate', 'volatility_5_10_after', 'volatility_60_0_before', 'volatility_10_15_after', 'new_id', 'forecast_error_diff_deviation', 'volatility_0_30_after', 'previous_error_diff_deviation', 'pips_candle_0_5_after', 'weekday', 'pips_agg_20_25_after', 'pips_agg_15_20_after']
2019-01-05 21:59:58,879 - INFO - Starting KNeighborsClassifier
2019-01-05 22:04:29,755 - INFO - Starting SVC - rbf
2019-01-05 22:08:28,526 - INFO - Starting DecisionTreeClassifier
2019-01-05 22:08:49,980 - INFO - Starting RandomForestClassifier
2019-01-05 22:20:33,671 - INFO - Starting XGBClassifier
2019-01-05 22:20:58,532 - INFO - Starting GradientBoostingClassifier
2019-01-05 22:22:10,198 - INFO - Starting AdaBoostClassifier
2019-01-05 22:22:33,079 - INFO - X columns for the regression model: ['fe_better', 'pips_candle_20_25_after', 'num_news', 'pips_candle_5_10_after', 'pe_better', 'pips_agg_60_0_before', 'pips_candle_15_20_after', 'fe_worse', 'volatility_15_20_after', 'volatility_0_5_after', 'forecast_error_diff_outlier_class', 'pips_agg_10_15_after', 'Medium', 'volatility_20_25_after', 'Low', 'pips_candle_25_30_after', 'pe_accurate', 'High', 'year', 'volatility_25_30_after', 'pips_agg_25_30_after', 'pips_agg_0_30_after', 'pips_agg_5_10_after', 'pe_worse', 'pips_agg_0_5_after', 'week', 'pips_candle_10_15_after', 'previous_error_diff_outlier_class', 'fe_accurate', 'volatility_5_10_after', 'volatility_60_0_before', 'volatility_10_15_after', 'new_id', 'forecast_error_diff_deviation', 'volatility_0_30_after', 'previous_error_diff_deviation', 'pips_candle_0_5_after', 'weekday', 'pips_agg_20_25_after', 'pips_agg_15_20_after']
2019-01-05 22:22:33,137 - INFO - Starting KNeighborsRegressor
2019-01-05 22:25:21,171 - INFO - Starting SVR - rbf
2019-01-05 22:27:28,298 - INFO - Starting DecisionTreeRegressor
2019-01-05 22:27:44,174 - INFO - Starting RandomForestRegressor
2019-01-05 22:52:27,989 - INFO - Starting XGBRegressor
2019-01-05 22:52:37,222 - INFO - Starting GradientBoostingRegressor
2019-01-05 22:52:56,404 - INFO - Starting AdaBoostRegressor
2019-01-05 22:53:27,449 - INFO - sweep done in: 53.50 min
2019-01-05 22:53:27,458 - INFO - #########################
2019-01-05 22:53:27,458 - INFO - 
2019-01-05 22:53:27,458 - INFO - Starting a new sweep, grouping news by: ALL_YES_3_2_1
2019-01-05 22:54:05,064 - INFO - Starting a new sweep with market features: basic
2019-01-05 22:54:05,064 - INFO - Starting a new sweep, features before the publication are: included
2019-01-05 22:54:05,064 - INFO - Starting a new sweep, delay in between buying-selling is: 30_90
2019-01-05 22:54:05,065 - INFO - Starting a new sweep for grid mode: basic
2019-01-05 22:54:05,065 - INFO - List of dynamic market fields: ['volatility_0_5_after', 'pips_agg_0_5_after', 'volatility_5_10_after', 'pips_agg_5_10_after', 'volatility_10_15_after', 'pips_agg_10_15_after', 'volatility_15_20_after', 'pips_agg_15_20_after', 'volatility_20_25_after', 'pips_agg_20_25_after', 'volatility_25_30_after', 'pips_agg_25_30_after', 'volatility_0_30_after', 'pips_agg_0_30_after', 'volatility_60_0_before', 'pips_agg_60_0_before', 'datetime', 'pips_agg_0_90_after']
2019-01-05 22:54:05,978 - INFO - X columns for the classification model: ['fe_better', 'num_news', 'pe_better', 'pips_agg_60_0_before', 'fe_worse', 'volatility_15_20_after', 'volatility_0_5_after', 'forecast_error_diff_outlier_class', 'pips_agg_10_15_after', 'Medium', 'volatility_20_25_after', 'Low', 'pe_accurate', 'High', 'year', 'volatility_25_30_after', 'pips_agg_25_30_after', 'pips_agg_0_30_after', 'pips_agg_5_10_after', 'pe_worse', 'pips_agg_0_5_after', 'week', 'previous_error_diff_outlier_class', 'fe_accurate', 'volatility_5_10_after', 'volatility_60_0_before', 'volatility_10_15_after', 'new_id', 'forecast_error_diff_deviation', 'volatility_0_30_after', 'previous_error_diff_deviation', 'weekday', 'pips_agg_20_25_after', 'pips_agg_15_20_after']
2019-01-05 22:54:06,034 - INFO - Starting KNeighborsClassifier
2019-01-05 22:56:44,999 - INFO - Starting SVC - rbf
2019-01-05 22:59:14,156 - INFO - Starting DecisionTreeClassifier
2019-01-05 22:59:27,018 - INFO - Starting RandomForestClassifier
2019-01-05 23:08:11,047 - INFO - Starting XGBClassifier
2019-01-05 23:08:34,240 - INFO - Starting GradientBoostingClassifier
2019-01-05 23:09:37,834 - INFO - Starting AdaBoostClassifier
2019-01-05 23:09:58,617 - INFO - X columns for the regression model: ['fe_better', 'num_news', 'pe_better', 'pips_agg_60_0_before', 'fe_worse', 'volatility_15_20_after', 'volatility_0_5_after', 'forecast_error_diff_outlier_class', 'pips_agg_10_15_after', 'Medium', 'volatility_20_25_after', 'Low', 'pe_accurate', 'High', 'year', 'volatility_25_30_after', 'pips_agg_25_30_after', 'pips_agg_0_30_after', 'pips_agg_5_10_after', 'pe_worse', 'pips_agg_0_5_after', 'week', 'previous_error_diff_outlier_class', 'fe_accurate', 'volatility_5_10_after', 'volatility_60_0_before', 'volatility_10_15_after', 'new_id', 'forecast_error_diff_deviation', 'volatility_0_30_after', 'previous_error_diff_deviation', 'weekday', 'pips_agg_20_25_after', 'pips_agg_15_20_after']
2019-01-05 23:09:58,680 - INFO - Starting KNeighborsRegressor
2019-01-05 23:12:40,228 - INFO - Starting SVR - rbf
2019-01-05 23:14:33,844 - INFO - Starting DecisionTreeRegressor
2019-01-05 23:14:47,217 - INFO - Starting RandomForestRegressor
2019-01-05 23:36:13,265 - INFO - Starting XGBRegressor
2019-01-05 23:36:21,473 - INFO - Starting GradientBoostingRegressor
2019-01-05 23:36:38,465 - INFO - Starting AdaBoostRegressor
2019-01-05 23:37:06,700 - INFO - sweep done in: 43.03 min
2019-01-05 23:37:06,705 - INFO - Starting a new sweep with market features: all
2019-01-05 23:37:06,706 - INFO - Starting a new sweep, features before the publication are: included
2019-01-05 23:37:06,706 - INFO - Starting a new sweep, delay in between buying-selling is: 30_90
2019-01-05 23:37:06,706 - INFO - Starting a new sweep for grid mode: basic
2019-01-05 23:37:06,706 - INFO - List of dynamic market fields: ['volatility_0_5_after', 'pips_agg_0_5_after', 'pips_candle_0_5_after', 'volatility_5_10_after', 'pips_agg_5_10_after', 'pips_candle_5_10_after', 'volatility_10_15_after', 'pips_agg_10_15_after', 'pips_candle_10_15_after', 'volatility_15_20_after', 'pips_agg_15_20_after', 'pips_candle_15_20_after', 'volatility_20_25_after', 'pips_agg_20_25_after', 'pips_candle_20_25_after', 'volatility_25_30_after', 'pips_agg_25_30_after', 'pips_candle_25_30_after', 'volatility_0_30_after', 'pips_agg_0_30_after', 'volatility_60_0_before', 'pips_agg_60_0_before', 'datetime', 'pips_agg_0_90_after']
2019-01-05 23:37:07,568 - INFO - X columns for the classification model: ['fe_better', 'pips_candle_20_25_after', 'num_news', 'pips_candle_5_10_after', 'pe_better', 'pips_agg_60_0_before', 'pips_candle_15_20_after', 'fe_worse', 'volatility_15_20_after', 'volatility_0_5_after', 'forecast_error_diff_outlier_class', 'pips_agg_10_15_after', 'Medium', 'volatility_20_25_after', 'Low', 'pips_candle_25_30_after', 'pe_accurate', 'High', 'year', 'volatility_25_30_after', 'pips_agg_25_30_after', 'pips_agg_0_30_after', 'pips_agg_5_10_after', 'pe_worse', 'pips_agg_0_5_after', 'week', 'pips_candle_10_15_after', 'previous_error_diff_outlier_class', 'fe_accurate', 'volatility_5_10_after', 'volatility_60_0_before', 'volatility_10_15_after', 'new_id', 'forecast_error_diff_deviation', 'volatility_0_30_after', 'previous_error_diff_deviation', 'pips_candle_0_5_after', 'weekday', 'pips_agg_20_25_after', 'pips_agg_15_20_after']
2019-01-05 23:37:07,642 - INFO - Starting KNeighborsClassifier
2019-01-05 23:41:32,071 - INFO - Starting SVC - rbf
2019-01-05 23:44:37,196 - INFO - Starting DecisionTreeClassifier
2019-01-05 23:44:53,575 - INFO - Starting RandomForestClassifier
2019-01-05 23:54:33,149 - INFO - Starting XGBClassifier
2019-01-05 23:54:58,481 - INFO - Starting GradientBoostingClassifier
2019-01-05 23:56:10,445 - INFO - Starting AdaBoostClassifier
2019-01-05 23:56:33,765 - INFO - X columns for the regression model: ['fe_better', 'pips_candle_20_25_after', 'num_news', 'pips_candle_5_10_after', 'pe_better', 'pips_agg_60_0_before', 'pips_candle_15_20_after', 'fe_worse', 'volatility_15_20_after', 'volatility_0_5_after', 'forecast_error_diff_outlier_class', 'pips_agg_10_15_after', 'Medium', 'volatility_20_25_after', 'Low', 'pips_candle_25_30_after', 'pe_accurate', 'High', 'year', 'volatility_25_30_after', 'pips_agg_25_30_after', 'pips_agg_0_30_after', 'pips_agg_5_10_after', 'pe_worse', 'pips_agg_0_5_after', 'week', 'pips_candle_10_15_after', 'previous_error_diff_outlier_class', 'fe_accurate', 'volatility_5_10_after', 'volatility_60_0_before', 'volatility_10_15_after', 'new_id', 'forecast_error_diff_deviation', 'volatility_0_30_after', 'previous_error_diff_deviation', 'pips_candle_0_5_after', 'weekday', 'pips_agg_20_25_after', 'pips_agg_15_20_after']
2019-01-05 23:56:33,830 - INFO - Starting KNeighborsRegressor
2019-01-06 00:00:00,883 - INFO - Starting SVR - rbf
2019-01-06 00:02:10,077 - INFO - Starting DecisionTreeRegressor
2019-01-06 00:02:25,716 - INFO - Starting RandomForestRegressor
2019-01-06 00:27:38,162 - INFO - Starting XGBRegressor
2019-01-06 00:27:47,989 - INFO - Starting GradientBoostingRegressor
2019-01-06 00:28:08,305 - INFO - Starting AdaBoostRegressor
2019-01-06 00:28:40,876 - INFO - sweep done in: 51.57 min
2019-01-06 00:28:40,887 - INFO - #########################
2019-01-06 00:28:40,887 - INFO - 
2019-01-06 00:28:40,887 - INFO - Starting a new sweep, grouping news by: High_NO_1_1_1
2019-01-06 00:28:51,022 - INFO - Starting a new sweep with market features: basic
2019-01-06 00:28:51,022 - INFO - Starting a new sweep, features before the publication are: included
2019-01-06 00:28:51,022 - INFO - Starting a new sweep, delay in between buying-selling is: 30_90
2019-01-06 00:28:51,022 - INFO - Starting a new sweep for grid mode: basic
2019-01-06 00:28:51,023 - INFO - List of dynamic market fields: ['volatility_0_5_after', 'pips_agg_0_5_after', 'volatility_5_10_after', 'pips_agg_5_10_after', 'volatility_10_15_after', 'pips_agg_10_15_after', 'volatility_15_20_after', 'pips_agg_15_20_after', 'volatility_20_25_after', 'pips_agg_20_25_after', 'volatility_25_30_after', 'pips_agg_25_30_after', 'volatility_0_30_after', 'pips_agg_0_30_after', 'volatility_60_0_before', 'pips_agg_60_0_before', 'datetime', 'pips_agg_0_90_after']
2019-01-06 00:28:51,465 - INFO - X columns for the classification model: ['fe_better', 'num_news', 'pe_better', 'pips_agg_60_0_before', 'fe_worse', 'volatility_15_20_after', 'volatility_0_5_after', 'forecast_error_diff_outlier_class', 'pips_agg_10_15_after', 'volatility_20_25_after', 'pe_accurate', 'High', 'year', 'volatility_25_30_after', 'pips_agg_25_30_after', 'pips_agg_0_30_after', 'pips_agg_5_10_after', 'pe_worse', 'pips_agg_0_5_after', 'week', 'previous_error_diff_outlier_class', 'fe_accurate', 'volatility_5_10_after', 'volatility_60_0_before', 'volatility_10_15_after', 'new_id', 'forecast_error_diff_deviation', 'volatility_0_30_after', 'previous_error_diff_deviation', 'weekday', 'pips_agg_20_25_after', 'pips_agg_15_20_after']
2019-01-06 00:28:51,506 - INFO - Starting KNeighborsClassifier
2019-01-06 00:29:27,928 - INFO - Starting SVC - rbf
2019-01-06 00:30:13,330 - INFO - Starting DecisionTreeClassifier
2019-01-06 00:30:21,330 - INFO - Starting RandomForestClassifier
2019-01-06 00:37:19,345 - INFO - Starting XGBClassifier
2019-01-06 00:37:31,568 - INFO - Starting GradientBoostingClassifier
2019-01-06 00:38:12,122 - INFO - Starting AdaBoostClassifier
2019-01-06 00:38:26,850 - INFO - X columns for the regression model: ['fe_better', 'num_news', 'pe_better', 'pips_agg_60_0_before', 'fe_worse', 'volatility_15_20_after', 'volatility_0_5_after', 'forecast_error_diff_outlier_class', 'pips_agg_10_15_after', 'volatility_20_25_after', 'pe_accurate', 'High', 'year', 'volatility_25_30_after', 'pips_agg_25_30_after', 'pips_agg_0_30_after', 'pips_agg_5_10_after', 'pe_worse', 'pips_agg_0_5_after', 'week', 'previous_error_diff_outlier_class', 'fe_accurate', 'volatility_5_10_after', 'volatility_60_0_before', 'volatility_10_15_after', 'new_id', 'forecast_error_diff_deviation', 'volatility_0_30_after', 'previous_error_diff_deviation', 'weekday', 'pips_agg_20_25_after', 'pips_agg_15_20_after']
2019-01-06 00:38:26,879 - INFO - Starting KNeighborsRegressor
2019-01-06 00:38:58,711 - INFO - Starting SVR - rbf
2019-01-06 00:39:32,239 - INFO - Starting DecisionTreeRegressor
2019-01-06 00:39:39,421 - INFO - Starting RandomForestRegressor
2019-01-06 00:51:43,333 - INFO - Starting XGBRegressor
2019-01-06 00:51:47,802 - INFO - Starting GradientBoostingRegressor
2019-01-06 00:51:57,026 - INFO - Starting AdaBoostRegressor
2019-01-06 00:52:09,999 - INFO - sweep done in: 23.32 min
2019-01-06 00:52:10,005 - INFO - Starting a new sweep with market features: all
2019-01-06 00:52:10,005 - INFO - Starting a new sweep, features before the publication are: included
2019-01-06 00:52:10,006 - INFO - Starting a new sweep, delay in between buying-selling is: 30_90
2019-01-06 00:52:10,006 - INFO - Starting a new sweep for grid mode: basic
2019-01-06 00:52:10,006 - INFO - List of dynamic market fields: ['volatility_0_5_after', 'pips_agg_0_5_after', 'pips_candle_0_5_after', 'volatility_5_10_after', 'pips_agg_5_10_after', 'pips_candle_5_10_after', 'volatility_10_15_after', 'pips_agg_10_15_after', 'pips_candle_10_15_after', 'volatility_15_20_after', 'pips_agg_15_20_after', 'pips_candle_15_20_after', 'volatility_20_25_after', 'pips_agg_20_25_after', 'pips_candle_20_25_after', 'volatility_25_30_after', 'pips_agg_25_30_after', 'pips_candle_25_30_after', 'volatility_0_30_after', 'pips_agg_0_30_after', 'volatility_60_0_before', 'pips_agg_60_0_before', 'datetime', 'pips_agg_0_90_after']
2019-01-06 00:52:10,566 - INFO - X columns for the classification model: ['fe_better', 'pips_candle_20_25_after', 'num_news', 'pips_candle_5_10_after', 'pe_better', 'pips_agg_60_0_before', 'pips_candle_15_20_after', 'fe_worse', 'volatility_15_20_after', 'volatility_0_5_after', 'forecast_error_diff_outlier_class', 'pips_agg_10_15_after', 'volatility_20_25_after', 'pips_candle_25_30_after', 'pe_accurate', 'High', 'year', 'volatility_25_30_after', 'pips_agg_25_30_after', 'pips_agg_0_30_after', 'pips_agg_5_10_after', 'pe_worse', 'pips_agg_0_5_after', 'week', 'pips_candle_10_15_after', 'previous_error_diff_outlier_class', 'fe_accurate', 'volatility_5_10_after', 'volatility_60_0_before', 'volatility_10_15_after', 'new_id', 'forecast_error_diff_deviation', 'volatility_0_30_after', 'previous_error_diff_deviation', 'pips_candle_0_5_after', 'weekday', 'pips_agg_20_25_after', 'pips_agg_15_20_after']
2019-01-06 00:52:10,600 - INFO - Starting KNeighborsClassifier
2019-01-06 00:52:47,893 - INFO - Starting SVC - rbf
2019-01-06 00:53:33,911 - INFO - Starting DecisionTreeClassifier
2019-01-06 00:53:42,557 - INFO - Starting RandomForestClassifier
2019-01-06 01:00:35,686 - INFO - Starting XGBClassifier
2019-01-06 01:00:50,253 - INFO - Starting GradientBoostingClassifier
2019-01-06 01:01:37,384 - INFO - Starting AdaBoostClassifier
2019-01-06 01:01:53,755 - INFO - X columns for the regression model: ['fe_better', 'pips_candle_20_25_after', 'num_news', 'pips_candle_5_10_after', 'pe_better', 'pips_agg_60_0_before', 'pips_candle_15_20_after', 'fe_worse', 'volatility_15_20_after', 'volatility_0_5_after', 'forecast_error_diff_outlier_class', 'pips_agg_10_15_after', 'volatility_20_25_after', 'pips_candle_25_30_after', 'pe_accurate', 'High', 'year', 'volatility_25_30_after', 'pips_agg_25_30_after', 'pips_agg_0_30_after', 'pips_agg_5_10_after', 'pe_worse', 'pips_agg_0_5_after', 'week', 'pips_candle_10_15_after', 'previous_error_diff_outlier_class', 'fe_accurate', 'volatility_5_10_after', 'volatility_60_0_before', 'volatility_10_15_after', 'new_id', 'forecast_error_diff_deviation', 'volatility_0_30_after', 'previous_error_diff_deviation', 'pips_candle_0_5_after', 'weekday', 'pips_agg_20_25_after', 'pips_agg_15_20_after']
2019-01-06 01:01:53,792 - INFO - Starting KNeighborsRegressor
2019-01-06 01:02:30,772 - INFO - Starting SVR - rbf
2019-01-06 01:03:07,374 - INFO - Starting DecisionTreeRegressor
2019-01-06 01:03:15,993 - INFO - Starting RandomForestRegressor
2019-01-06 01:17:21,198 - INFO - Starting XGBRegressor
2019-01-06 01:17:26,391 - INFO - Starting GradientBoostingRegressor
2019-01-06 01:17:36,990 - INFO - Starting AdaBoostRegressor
2019-01-06 01:17:55,303 - INFO - sweep done in: 25.75 min
2019-01-06 01:17:55,311 - INFO - #########################
2019-01-06 01:17:55,312 - INFO - 
2019-01-06 01:17:55,312 - INFO - Starting a new sweep, grouping news by: High_YES_1_1_1
2019-01-06 01:18:05,169 - INFO - Starting a new sweep with market features: basic
2019-01-06 01:18:05,169 - INFO - Starting a new sweep, features before the publication are: included
2019-01-06 01:18:05,170 - INFO - Starting a new sweep, delay in between buying-selling is: 30_90
2019-01-06 01:18:05,170 - INFO - Starting a new sweep for grid mode: basic
2019-01-06 01:18:05,170 - INFO - List of dynamic market fields: ['volatility_0_5_after', 'pips_agg_0_5_after', 'volatility_5_10_after', 'pips_agg_5_10_after', 'volatility_10_15_after', 'pips_agg_10_15_after', 'volatility_15_20_after', 'pips_agg_15_20_after', 'volatility_20_25_after', 'pips_agg_20_25_after', 'volatility_25_30_after', 'pips_agg_25_30_after', 'volatility_0_30_after', 'pips_agg_0_30_after', 'volatility_60_0_before', 'pips_agg_60_0_before', 'datetime', 'pips_agg_0_90_after']
2019-01-06 01:18:05,538 - INFO - X columns for the classification model: ['fe_better', 'num_news', 'pe_better', 'pips_agg_60_0_before', 'fe_worse', 'volatility_15_20_after', 'volatility_0_5_after', 'forecast_error_diff_outlier_class', 'pips_agg_10_15_after', 'volatility_20_25_after', 'pe_accurate', 'High', 'year', 'volatility_25_30_after', 'pips_agg_25_30_after', 'pips_agg_0_30_after', 'pips_agg_5_10_after', 'pe_worse', 'pips_agg_0_5_after', 'week', 'previous_error_diff_outlier_class', 'fe_accurate', 'volatility_5_10_after', 'volatility_60_0_before', 'volatility_10_15_after', 'new_id', 'forecast_error_diff_deviation', 'volatility_0_30_after', 'previous_error_diff_deviation', 'weekday', 'pips_agg_20_25_after', 'pips_agg_15_20_after']
2019-01-06 01:18:05,567 - INFO - Starting KNeighborsClassifier
2019-01-06 01:18:33,930 - INFO - Starting SVC - rbf
2019-01-06 01:19:00,031 - INFO - Starting DecisionTreeClassifier
2019-01-06 01:19:05,557 - INFO - Starting RandomForestClassifier
2019-01-06 01:24:43,315 - INFO - Starting XGBClassifier
2019-01-06 01:24:53,702 - INFO - Starting GradientBoostingClassifier
2019-01-06 01:25:27,102 - INFO - Starting AdaBoostClassifier
2019-01-06 01:25:40,047 - INFO - X columns for the regression model: ['fe_better', 'num_news', 'pe_better', 'pips_agg_60_0_before', 'fe_worse', 'volatility_15_20_after', 'volatility_0_5_after', 'forecast_error_diff_outlier_class', 'pips_agg_10_15_after', 'volatility_20_25_after', 'pe_accurate', 'High', 'year', 'volatility_25_30_after', 'pips_agg_25_30_after', 'pips_agg_0_30_after', 'pips_agg_5_10_after', 'pe_worse', 'pips_agg_0_5_after', 'week', 'previous_error_diff_outlier_class', 'fe_accurate', 'volatility_5_10_after', 'volatility_60_0_before', 'volatility_10_15_after', 'new_id', 'forecast_error_diff_deviation', 'volatility_0_30_after', 'previous_error_diff_deviation', 'weekday', 'pips_agg_20_25_after', 'pips_agg_15_20_after']
2019-01-06 01:25:40,075 - INFO - Starting KNeighborsRegressor
2019-01-06 01:26:08,793 - INFO - Starting SVR - rbf
2019-01-06 01:26:29,621 - INFO - Starting DecisionTreeRegressor
2019-01-06 01:26:35,107 - INFO - Starting RandomForestRegressor
2019-01-06 01:35:47,365 - INFO - Starting XGBRegressor
2019-01-06 01:35:51,005 - INFO - Starting GradientBoostingRegressor
2019-01-06 01:35:58,184 - INFO - Starting AdaBoostRegressor
2019-01-06 01:36:10,198 - INFO - sweep done in: 18.08 min
2019-01-06 01:36:10,206 - INFO - Starting a new sweep with market features: all
2019-01-06 01:36:10,206 - INFO - Starting a new sweep, features before the publication are: included
2019-01-06 01:36:10,206 - INFO - Starting a new sweep, delay in between buying-selling is: 30_90
2019-01-06 01:36:10,207 - INFO - Starting a new sweep for grid mode: basic
2019-01-06 01:36:10,207 - INFO - List of dynamic market fields: ['volatility_0_5_after', 'pips_agg_0_5_after', 'pips_candle_0_5_after', 'volatility_5_10_after', 'pips_agg_5_10_after', 'pips_candle_5_10_after', 'volatility_10_15_after', 'pips_agg_10_15_after', 'pips_candle_10_15_after', 'volatility_15_20_after', 'pips_agg_15_20_after', 'pips_candle_15_20_after', 'volatility_20_25_after', 'pips_agg_20_25_after', 'pips_candle_20_25_after', 'volatility_25_30_after', 'pips_agg_25_30_after', 'pips_candle_25_30_after', 'volatility_0_30_after', 'pips_agg_0_30_after', 'volatility_60_0_before', 'pips_agg_60_0_before', 'datetime', 'pips_agg_0_90_after']
2019-01-06 01:36:10,612 - INFO - X columns for the classification model: ['fe_better', 'pips_candle_20_25_after', 'num_news', 'pips_candle_5_10_after', 'pe_better', 'pips_agg_60_0_before', 'pips_candle_15_20_after', 'fe_worse', 'volatility_15_20_after', 'volatility_0_5_after', 'forecast_error_diff_outlier_class', 'pips_agg_10_15_after', 'volatility_20_25_after', 'pips_candle_25_30_after', 'pe_accurate', 'High', 'year', 'volatility_25_30_after', 'pips_agg_25_30_after', 'pips_agg_0_30_after', 'pips_agg_5_10_after', 'pe_worse', 'pips_agg_0_5_after', 'week', 'pips_candle_10_15_after', 'previous_error_diff_outlier_class', 'fe_accurate', 'volatility_5_10_after', 'volatility_60_0_before', 'volatility_10_15_after', 'new_id', 'forecast_error_diff_deviation', 'volatility_0_30_after', 'previous_error_diff_deviation', 'pips_candle_0_5_after', 'weekday', 'pips_agg_20_25_after', 'pips_agg_15_20_after']
2019-01-06 01:36:10,644 - INFO - Starting KNeighborsClassifier
2019-01-06 01:36:43,443 - INFO - Starting SVC - rbf
2019-01-06 01:37:11,693 - INFO - Starting DecisionTreeClassifier
2019-01-06 01:37:18,221 - INFO - Starting RandomForestClassifier
2019-01-06 01:43:18,195 - INFO - Starting XGBClassifier
2019-01-06 01:43:29,986 - INFO - Starting GradientBoostingClassifier
2019-01-06 01:44:07,399 - INFO - Starting AdaBoostClassifier
2019-01-06 01:44:21,077 - INFO - X columns for the regression model: ['fe_better', 'pips_candle_20_25_after', 'num_news', 'pips_candle_5_10_after', 'pe_better', 'pips_agg_60_0_before', 'pips_candle_15_20_after', 'fe_worse', 'volatility_15_20_after', 'volatility_0_5_after', 'forecast_error_diff_outlier_class', 'pips_agg_10_15_after', 'volatility_20_25_after', 'pips_candle_25_30_after', 'pe_accurate', 'High', 'year', 'volatility_25_30_after', 'pips_agg_25_30_after', 'pips_agg_0_30_after', 'pips_agg_5_10_after', 'pe_worse', 'pips_agg_0_5_after', 'week', 'pips_candle_10_15_after', 'previous_error_diff_outlier_class', 'fe_accurate', 'volatility_5_10_after', 'volatility_60_0_before', 'volatility_10_15_after', 'new_id', 'forecast_error_diff_deviation', 'volatility_0_30_after', 'previous_error_diff_deviation', 'pips_candle_0_5_after', 'weekday', 'pips_agg_20_25_after', 'pips_agg_15_20_after']
2019-01-06 01:44:21,108 - INFO - Starting KNeighborsRegressor
2019-01-06 01:44:52,898 - INFO - Starting SVR - rbf
2019-01-06 01:45:15,444 - INFO - Starting DecisionTreeRegressor
2019-01-06 01:45:21,754 - INFO - Starting RandomForestRegressor
2019-01-06 01:55:49,599 - INFO - Starting XGBRegressor
2019-01-06 01:55:53,788 - INFO - Starting GradientBoostingRegressor
2019-01-06 01:56:02,230 - INFO - Starting AdaBoostRegressor
2019-01-06 01:56:17,024 - INFO - sweep done in: 20.11 min
