2018-10-07 18:38:39,636 - INFO - Scraping data for link: calendar.php?week=sep30.2018
2018-10-07 18:38:41,893 - INFO - Scraping data for link: calendar.php?week=sep23.2018
2018-10-07 18:38:44,611 - INFO - Scraping data for link: calendar.php?week=sep16.2018
2018-10-07 18:38:47,504 - INFO - Scraping data for link: calendar.php?week=sep9.2018
2018-10-07 18:38:48,920 - INFO - Scraping data for link: calendar.php?week=sep2.2018
2018-10-07 18:38:50,673 - INFO - Scraping data for link: calendar.php?week=aug26.2018
2018-10-07 18:38:51,917 - INFO - Scraping data for link: calendar.php?week=aug19.2018
2018-10-07 18:38:53,636 - INFO - Scraping data for link: calendar.php?week=aug12.2018
2018-10-07 18:38:54,985 - INFO - Scraping data for link: calendar.php?week=aug5.2018
2018-10-07 18:38:56,280 - INFO - Scraping data for link: calendar.php?week=jul29.2018
2018-10-07 18:38:57,995 - INFO - Scraping data for link: calendar.php?week=jul22.2018
2018-10-07 18:38:59,441 - INFO - Scraping data for link: calendar.php?week=jul15.2018
2018-10-07 18:39:01,366 - INFO - Scraping data for link: calendar.php?week=jul8.2018
2018-10-07 18:39:03,085 - INFO - Scraping data for link: calendar.php?week=jul1.2018
2018-10-07 18:39:06,566 - INFO - Scraping data for link: calendar.php?week=jun24.2018
2018-10-07 18:39:08,822 - INFO - Scraping data for link: calendar.php?week=jun17.2018
2018-10-07 18:39:10,821 - INFO - Scraping data for link: calendar.php?week=jun10.2018
2018-10-07 18:39:12,293 - INFO - Scraping data for link: calendar.php?week=jun3.2018
2018-10-07 18:39:16,192 - INFO - Scraping data for link: calendar.php?week=may27.2018
2018-10-07 18:39:18,517 - INFO - Scraping data for link: calendar.php?week=may20.2018
2018-10-07 18:39:22,492 - INFO - Scraping data for link: calendar.php?week=may13.2018
2018-10-07 18:39:26,704 - INFO - Scraping data for link: calendar.php?week=may6.2018
2018-10-07 18:39:28,192 - INFO - Scraping data for link: calendar.php?week=apr29.2018
2018-10-07 18:39:31,378 - INFO - Scraping data for link: calendar.php?week=apr22.2018
2018-10-07 18:39:34,546 - INFO - Scraping data for link: calendar.php?week=apr15.2018
2018-10-07 18:39:36,770 - INFO - Scraping data for link: calendar.php?week=apr8.2018
2018-10-07 18:39:38,683 - INFO - Scraping data for link: calendar.php?week=apr1.2018
2018-10-07 18:39:40,356 - INFO - Scraping data for link: calendar.php?week=mar25.2018
2018-10-07 18:39:47,362 - INFO - Scraping data for link: calendar.php?week=mar18.2018
2018-10-07 18:39:50,079 - INFO - Scraping data for link: calendar.php?week=mar11.2018
2018-10-07 18:39:53,325 - INFO - Scraping data for link: calendar.php?week=mar4.2018
2018-10-07 18:39:57,336 - INFO - Scraping data for link: calendar.php?week=feb25.2018
2018-10-07 18:40:04,939 - INFO - Scraping data for link: calendar.php?week=feb18.2018
2018-10-07 18:40:09,165 - INFO - Scraping data for link: calendar.php?week=feb11.2018
2018-10-07 18:40:12,601 - INFO - Scraping data for link: calendar.php?week=feb4.2018
2018-10-07 18:40:14,378 - INFO - Scraping data for link: calendar.php?week=jan28.2018
2018-10-07 18:40:16,075 - INFO - Scraping data for link: calendar.php?week=jan21.2018
2018-10-07 18:40:18,365 - INFO - Scraping data for link: calendar.php?week=jan14.2018
2018-10-07 18:40:20,561 - INFO - Scraping data for link: calendar.php?week=jan7.2018
2018-10-07 18:40:23,701 - INFO - Scraping data for link: calendar.php?week=dec31.2017
2018-10-07 18:40:25,632 - INFO - Successfully retrieved data for year: 2018
2018-10-07 18:40:25,817 - INFO - Scraping data for link: calendar.php?week=dec24.2017
2018-10-07 18:40:27,213 - INFO - Scraping data for link: calendar.php?week=dec17.2017
2018-10-07 18:40:29,647 - INFO - Scraping data for link: calendar.php?week=dec10.2017
2018-10-07 18:40:32,143 - INFO - Scraping data for link: calendar.php?week=dec3.2017
2018-10-07 18:40:36,613 - INFO - Scraping data for link: calendar.php?week=nov26.2017
2018-10-07 18:40:40,543 - INFO - Scraping data for link: calendar.php?week=nov19.2017
2018-10-07 18:40:42,303 - INFO - Scraping data for link: calendar.php?week=nov12.2017
2018-10-07 18:40:50,509 - INFO - Scraping data for link: calendar.php?week=nov5.2017
2018-10-07 18:40:52,339 - INFO - Scraping data for link: calendar.php?week=oct29.2017
2018-10-07 18:40:56,201 - INFO - Scraping data for link: calendar.php?week=oct22.2017
2018-10-07 18:40:58,294 - INFO - Scraping data for link: calendar.php?week=oct15.2017
2018-10-07 18:41:02,989 - INFO - Scraping data for link: calendar.php?week=oct8.2017
2018-10-07 18:41:04,949 - INFO - Scraping data for link: calendar.php?week=oct1.2017
2018-10-07 18:41:13,461 - INFO - Scraping data for link: calendar.php?week=sep24.2017
2018-10-07 18:41:15,866 - INFO - Scraping data for link: calendar.php?week=sep17.2017
2018-10-07 18:41:17,433 - INFO - Scraping data for link: calendar.php?week=sep10.2017
2018-10-07 18:41:19,980 - INFO - Scraping data for link: calendar.php?week=sep3.2017
2018-10-07 18:41:22,753 - INFO - Scraping data for link: calendar.php?week=aug27.2017
2018-10-07 18:41:26,466 - INFO - Scraping data for link: calendar.php?week=aug20.2017
2018-10-07 18:41:29,124 - INFO - Scraping data for link: calendar.php?week=aug13.2017
2018-10-07 18:41:33,300 - INFO - Scraping data for link: calendar.php?week=aug6.2017
2018-10-07 18:41:37,491 - INFO - Scraping data for link: calendar.php?week=jul30.2017
2018-10-07 18:41:39,359 - INFO - Scraping data for link: calendar.php?week=jul23.2017
2018-10-07 18:41:41,725 - INFO - Scraping data for link: calendar.php?week=jul16.2017
2018-10-07 18:41:43,146 - INFO - Scraping data for link: calendar.php?week=jul9.2017
2018-10-07 18:41:44,962 - INFO - Scraping data for link: calendar.php?week=jul2.2017
2018-10-07 18:41:46,704 - INFO - Scraping data for link: calendar.php?week=jun25.2017
2018-10-07 18:41:48,322 - INFO - Scraping data for link: calendar.php?week=jun18.2017
2018-10-07 18:41:50,065 - INFO - Scraping data for link: calendar.php?week=jun11.2017
2018-10-07 18:41:53,321 - INFO - Scraping data for link: calendar.php?week=jun4.2017
2018-10-07 18:41:56,218 - INFO - Scraping data for link: calendar.php?week=may28.2017
2018-10-07 18:41:58,242 - INFO - Scraping data for link: calendar.php?week=may21.2017
2018-10-07 18:42:02,986 - INFO - Scraping data for link: calendar.php?week=may14.2017
2018-10-07 18:42:04,645 - INFO - Scraping data for link: calendar.php?week=may7.2017
2018-10-07 18:42:06,371 - INFO - Scraping data for link: calendar.php?week=apr30.2017
2018-10-07 18:42:09,801 - INFO - Scraping data for link: calendar.php?week=apr23.2017
2018-10-07 18:42:11,376 - INFO - Scraping data for link: calendar.php?week=apr16.2017
2018-10-07 18:42:13,462 - INFO - Scraping data for link: calendar.php?week=apr9.2017
2018-10-07 18:42:16,090 - INFO - Scraping data for link: calendar.php?week=apr2.2017
2018-10-07 18:42:19,723 - INFO - Scraping data for link: calendar.php?week=mar26.2017
2018-10-07 18:42:21,705 - INFO - Scraping data for link: calendar.php?week=mar19.2017
2018-10-07 18:42:24,118 - INFO - Scraping data for link: calendar.php?week=mar12.2017
2018-10-07 18:42:25,779 - INFO - Scraping data for link: calendar.php?week=mar5.2017
2018-10-07 18:42:29,231 - INFO - Scraping data for link: calendar.php?week=feb26.2017
2018-10-07 18:42:32,159 - INFO - Scraping data for link: calendar.php?week=feb19.2017
2018-10-07 18:42:34,877 - INFO - Scraping data for link: calendar.php?week=feb12.2017
2018-10-07 18:42:36,544 - INFO - Scraping data for link: calendar.php?week=feb5.2017
2018-10-07 18:42:41,505 - INFO - Scraping data for link: calendar.php?week=jan29.2017
2018-10-07 18:42:44,115 - INFO - Scraping data for link: calendar.php?week=jan22.2017
2018-10-07 18:42:45,561 - INFO - Scraping data for link: calendar.php?week=jan15.2017
2018-10-07 18:42:47,215 - INFO - Scraping data for link: calendar.php?week=jan8.2017
2018-10-07 18:42:48,974 - INFO - Scraping data for link: calendar.php?week=jan1.2017
2018-10-07 18:42:51,605 - INFO - Scraping data for link: calendar.php?week=dec25.2016
2018-10-07 18:42:53,889 - INFO - Successfully retrieved data for year: 2017
2018-10-07 18:42:54,007 - INFO - Scraping data for link: calendar.php?week=dec18.2016
2018-10-07 18:42:55,557 - INFO - Scraping data for link: calendar.php?week=dec11.2016
2018-10-07 18:42:57,285 - INFO - Scraping data for link: calendar.php?week=dec4.2016
2018-10-07 18:42:59,355 - INFO - Scraping data for link: calendar.php?week=nov27.2016
2018-10-07 18:43:03,173 - INFO - Scraping data for link: calendar.php?week=nov20.2016
2018-10-07 18:43:06,883 - INFO - Scraping data for link: calendar.php?week=nov13.2016
2018-10-07 18:43:08,459 - INFO - Scraping data for link: calendar.php?week=nov6.2016
2018-10-07 18:43:10,778 - INFO - Scraping data for link: calendar.php?week=oct30.2016
