2018-12-23 22:48:06,122 - INFO - #########################
2018-12-23 22:48:06,122 - INFO - 
2018-12-23 22:48:06,123 - INFO - Starting a new sweep grouping News: ALL_NO_3_2_1
2018-12-23 22:48:42,249 - INFO - Starting a new sweep for market variables: market_basic
2018-12-23 22:48:42,249 - INFO - Starting a new sweep, features before the publication are: excluded
2018-12-23 22:48:42,250 - INFO - Starting a new sweep for delay in between buying-selling: 15_60
2018-12-23 22:48:42,250 - INFO - List of dynamic market fields: ['volatility_0_5_after', 'pips_agg_0_5_after', 'direction_agg_0_5_after', 'volatility_5_10_after', 'pips_agg_5_10_after', 'direction_agg_5_10_after', 'volatility_10_15_after', 'pips_agg_10_15_after', 'direction_agg_10_15_after', 'datetime', 'direction_agg_30_60_after', 'pips_agg_30_60_after']
2018-12-23 22:48:42,651 - INFO - X columns for the model: ['forecast_error_ratio', 'Medium', 'direction_agg_5_10_after', 'total_error_ratio', 'num_news', 'volatility_0_5_after', 'fe_worse', 'direction_agg_0_5_after', 'pe_better', 'previous_error_ratio', 'total_error_ratio_zscore', 'fe_accurate', 'new_id', 'High', 'direction_agg_10_15_after', 'fe_better', 'volatility_5_10_after', 'pips_agg_5_10_after', 'volatility_10_15_after', 'pips_agg_0_5_after', 'forecast_error_ratio_zscore', 'pe_worse', 'pe_accurate', 'pips_agg_10_15_after', 'Low']
2018-12-23 22:48:42,717 - INFO - Starting KNeighborsClassifier
2018-12-23 22:49:13,190 - INFO - Starting DecisionTreeClassifier
2018-12-23 22:49:24,875 - INFO - Starting RandomForestClassifier
2018-12-23 23:01:11,524 - INFO - Starting XGBClassifier
2018-12-23 23:02:38,287 - INFO - Starting GradientBoostingClassifier
2018-12-23 23:04:44,461 - INFO - Starting AdaBoostClassifier
2018-12-23 23:05:09,757 - INFO - sweep done in: 16.46 min
2018-12-23 23:05:09,760 - INFO - Starting a new sweep for delay in between buying-selling: 30_60
2018-12-23 23:05:09,760 - INFO - List of dynamic market fields: ['volatility_0_5_after', 'pips_agg_0_5_after', 'direction_agg_0_5_after', 'volatility_5_10_after', 'pips_agg_5_10_after', 'direction_agg_5_10_after', 'volatility_10_15_after', 'pips_agg_10_15_after', 'direction_agg_10_15_after', 'volatility_15_20_after', 'pips_agg_15_20_after', 'direction_agg_15_20_after', 'volatility_20_25_after', 'pips_agg_20_25_after', 'direction_agg_20_25_after', 'volatility_25_30_after', 'pips_agg_25_30_after', 'direction_agg_25_30_after', 'datetime', 'direction_agg_30_60_after', 'pips_agg_30_60_after']
2018-12-23 23:05:10,180 - INFO - X columns for the model: ['direction_agg_20_25_after', 'forecast_error_ratio', 'direction_agg_5_10_after', 'total_error_ratio', 'volatility_15_20_after', 'volatility_0_5_after', 'direction_agg_0_5_after', 'pips_agg_25_30_after', 'pips_agg_15_20_after', 'total_error_ratio_zscore', 'fe_accurate', 'new_id', 'direction_agg_15_20_after', 'direction_agg_10_15_after', 'fe_better', 'pips_agg_5_10_after', 'volatility_10_15_after', 'pips_agg_0_5_after', 'num_news', 'pe_worse', 'Low', 'Medium', 'fe_worse', 'pe_better', 'pips_agg_20_25_after', 'previous_error_ratio', 'High', 'volatility_20_25_after', 'volatility_5_10_after', 'forecast_error_ratio_zscore', 'pe_accurate', 'pips_agg_10_15_after', 'direction_agg_25_30_after', 'volatility_25_30_after']
2018-12-23 23:05:10,260 - INFO - Starting KNeighborsClassifier
2018-12-23 23:05:52,921 - INFO - Starting DecisionTreeClassifier
2018-12-23 23:06:11,924 - INFO - Starting RandomForestClassifier
2018-12-23 23:17:10,547 - INFO - Starting XGBClassifier
2018-12-23 23:18:58,194 - INFO - Starting GradientBoostingClassifier
2018-12-23 23:21:17,617 - INFO - Starting AdaBoostClassifier
2018-12-23 23:21:46,344 - INFO - sweep done in: 16.61 min
2018-12-23 23:21:46,346 - INFO - Starting a new sweep for delay in between buying-selling: 30_90
2018-12-23 23:21:46,347 - INFO - List of dynamic market fields: ['volatility_0_5_after', 'pips_agg_0_5_after', 'direction_agg_0_5_after', 'volatility_5_10_after', 'pips_agg_5_10_after', 'direction_agg_5_10_after', 'volatility_10_15_after', 'pips_agg_10_15_after', 'direction_agg_10_15_after', 'volatility_15_20_after', 'pips_agg_15_20_after', 'direction_agg_15_20_after', 'volatility_20_25_after', 'pips_agg_20_25_after', 'direction_agg_20_25_after', 'volatility_25_30_after', 'pips_agg_25_30_after', 'direction_agg_25_30_after', 'datetime', 'direction_agg_60_90_after', 'pips_agg_60_90_after']
2018-12-23 23:21:46,761 - INFO - X columns for the model: ['direction_agg_20_25_after', 'forecast_error_ratio', 'direction_agg_5_10_after', 'total_error_ratio', 'volatility_15_20_after', 'volatility_0_5_after', 'direction_agg_0_5_after', 'pips_agg_25_30_after', 'pips_agg_15_20_after', 'total_error_ratio_zscore', 'fe_accurate', 'new_id', 'direction_agg_15_20_after', 'direction_agg_10_15_after', 'fe_better', 'pips_agg_5_10_after', 'volatility_10_15_after', 'pips_agg_0_5_after', 'num_news', 'pe_worse', 'Low', 'Medium', 'fe_worse', 'pe_better', 'pips_agg_20_25_after', 'previous_error_ratio', 'High', 'volatility_20_25_after', 'volatility_5_10_after', 'forecast_error_ratio_zscore', 'pe_accurate', 'pips_agg_10_15_after', 'direction_agg_25_30_after', 'volatility_25_30_after']
2018-12-23 23:21:46,832 - INFO - Starting KNeighborsClassifier
2018-12-23 23:22:28,769 - INFO - Starting DecisionTreeClassifier
2018-12-23 23:22:42,813 - INFO - Starting RandomForestClassifier
2018-12-23 23:33:21,384 - INFO - Starting XGBClassifier
2018-12-23 23:35:10,214 - INFO - Starting GradientBoostingClassifier
2018-12-23 23:37:32,360 - INFO - Starting AdaBoostClassifier
2018-12-23 23:38:00,756 - INFO - sweep done in: 16.24 min
2018-12-23 23:38:00,759 - INFO - Starting a new sweep for delay in between buying-selling: 30_120
2018-12-23 23:38:00,760 - INFO - List of dynamic market fields: ['volatility_0_5_after', 'pips_agg_0_5_after', 'direction_agg_0_5_after', 'volatility_5_10_after', 'pips_agg_5_10_after', 'direction_agg_5_10_after', 'volatility_10_15_after', 'pips_agg_10_15_after', 'direction_agg_10_15_after', 'volatility_15_20_after', 'pips_agg_15_20_after', 'direction_agg_15_20_after', 'volatility_20_25_after', 'pips_agg_20_25_after', 'direction_agg_20_25_after', 'volatility_25_30_after', 'pips_agg_25_30_after', 'direction_agg_25_30_after', 'datetime', 'direction_agg_90_120_after', 'pips_agg_90_120_after']
2018-12-23 23:38:01,379 - INFO - X columns for the model: ['direction_agg_20_25_after', 'forecast_error_ratio', 'direction_agg_5_10_after', 'total_error_ratio', 'volatility_15_20_after', 'volatility_0_5_after', 'direction_agg_0_5_after', 'pips_agg_25_30_after', 'pips_agg_15_20_after', 'total_error_ratio_zscore', 'fe_accurate', 'new_id', 'direction_agg_15_20_after', 'direction_agg_10_15_after', 'fe_better', 'pips_agg_5_10_after', 'volatility_10_15_after', 'pips_agg_0_5_after', 'num_news', 'pe_worse', 'Low', 'Medium', 'fe_worse', 'pe_better', 'pips_agg_20_25_after', 'previous_error_ratio', 'High', 'volatility_20_25_after', 'volatility_5_10_after', 'forecast_error_ratio_zscore', 'pe_accurate', 'pips_agg_10_15_after', 'direction_agg_25_30_after', 'volatility_25_30_after']
2018-12-23 23:38:01,453 - INFO - Starting KNeighborsClassifier
2018-12-23 23:38:47,834 - INFO - Starting DecisionTreeClassifier
2018-12-23 23:39:02,474 - INFO - Starting RandomForestClassifier
2018-12-23 23:49:49,148 - INFO - Starting XGBClassifier
2018-12-23 23:51:36,786 - INFO - Starting GradientBoostingClassifier
2018-12-23 23:54:07,335 - INFO - Starting AdaBoostClassifier
2018-12-23 23:54:36,080 - INFO - sweep done in: 16.59 min
2018-12-23 23:54:36,082 - INFO - Starting a new sweep for delay in between buying-selling: 60_120
2018-12-23 23:54:36,082 - INFO - List of dynamic market fields: ['volatility_0_5_after', 'pips_agg_0_5_after', 'direction_agg_0_5_after', 'volatility_5_10_after', 'pips_agg_5_10_after', 'direction_agg_5_10_after', 'volatility_10_15_after', 'pips_agg_10_15_after', 'direction_agg_10_15_after', 'volatility_15_20_after', 'pips_agg_15_20_after', 'direction_agg_15_20_after', 'volatility_20_25_after', 'pips_agg_20_25_after', 'direction_agg_20_25_after', 'volatility_25_30_after', 'pips_agg_25_30_after', 'direction_agg_25_30_after', 'volatility_30_45_after', 'pips_agg_30_45_after', 'direction_agg_30_45_after', 'volatility_45_60_after', 'pips_agg_45_60_after', 'direction_agg_45_60_after', 'volatility_30_60_after', 'pips_agg_30_60_after', 'direction_agg_30_60_after', 'datetime', 'direction_agg_90_120_after', 'pips_agg_90_120_after']
2018-12-23 23:54:36,458 - INFO - X columns for the model: ['direction_agg_20_25_after', 'forecast_error_ratio', 'direction_agg_5_10_after', 'total_error_ratio', 'volatility_15_20_after', 'volatility_0_5_after', 'direction_agg_0_5_after', 'pips_agg_25_30_after', 'pips_agg_15_20_after', 'pips_agg_45_60_after', 'total_error_ratio_zscore', 'volatility_30_45_after', 'fe_accurate', 'new_id', 'direction_agg_15_20_after', 'direction_agg_30_45_after', 'direction_agg_10_15_after', 'fe_better', 'pips_agg_5_10_after', 'volatility_10_15_after', 'pips_agg_0_5_after', 'num_news', 'pe_worse', 'Low', 'Medium', 'direction_agg_45_60_after', 'volatility_45_60_after', 'fe_worse', 'pe_better', 'pips_agg_30_60_after', 'pips_agg_20_25_after', 'previous_error_ratio', 'direction_agg_30_60_after', 'pips_agg_30_45_after', 'High', 'volatility_20_25_after', 'volatility_5_10_after', 'volatility_30_60_after', 'forecast_error_ratio_zscore', 'pe_accurate', 'pips_agg_10_15_after', 'direction_agg_25_30_after', 'volatility_25_30_after']
2018-12-23 23:54:36,552 - INFO - Starting KNeighborsClassifier
2018-12-23 23:55:39,602 - INFO - Starting DecisionTreeClassifier
2018-12-23 23:55:57,212 - INFO - Starting RandomForestClassifier
2018-12-24 00:07:10,103 - INFO - Starting XGBClassifier
2018-12-24 00:08:32,553 - INFO - Starting GradientBoostingClassifier
2018-12-24 00:10:21,323 - INFO - Starting AdaBoostClassifier
2018-12-24 00:10:42,840 - INFO - sweep done in: 16.11 min
2018-12-24 00:10:42,842 - INFO - Starting a new sweep for delay in between buying-selling: 60_240
2018-12-24 00:10:42,842 - INFO - List of dynamic market fields: ['volatility_0_5_after', 'pips_agg_0_5_after', 'direction_agg_0_5_after', 'volatility_5_10_after', 'pips_agg_5_10_after', 'direction_agg_5_10_after', 'volatility_10_15_after', 'pips_agg_10_15_after', 'direction_agg_10_15_after', 'volatility_15_20_after', 'pips_agg_15_20_after', 'direction_agg_15_20_after', 'volatility_20_25_after', 'pips_agg_20_25_after', 'direction_agg_20_25_after', 'volatility_25_30_after', 'pips_agg_25_30_after', 'direction_agg_25_30_after', 'volatility_30_45_after', 'pips_agg_30_45_after', 'direction_agg_30_45_after', 'volatility_45_60_after', 'pips_agg_45_60_after', 'direction_agg_45_60_after', 'volatility_30_60_after', 'pips_agg_30_60_after', 'direction_agg_30_60_after', 'datetime', 'direction_agg_210_240_after', 'pips_agg_210_240_after']
2018-12-24 00:10:43,149 - INFO - X columns for the model: ['direction_agg_20_25_after', 'forecast_error_ratio', 'direction_agg_5_10_after', 'total_error_ratio', 'volatility_15_20_after', 'volatility_0_5_after', 'direction_agg_0_5_after', 'pips_agg_25_30_after', 'pips_agg_15_20_after', 'pips_agg_45_60_after', 'total_error_ratio_zscore', 'volatility_30_45_after', 'fe_accurate', 'new_id', 'direction_agg_15_20_after', 'direction_agg_30_45_after', 'direction_agg_10_15_after', 'fe_better', 'pips_agg_5_10_after', 'volatility_10_15_after', 'pips_agg_0_5_after', 'num_news', 'pe_worse', 'Low', 'Medium', 'direction_agg_45_60_after', 'volatility_45_60_after', 'fe_worse', 'pe_better', 'pips_agg_30_60_after', 'pips_agg_20_25_after', 'previous_error_ratio', 'direction_agg_30_60_after', 'pips_agg_30_45_after', 'High', 'volatility_20_25_after', 'volatility_5_10_after', 'volatility_30_60_after', 'forecast_error_ratio_zscore', 'pe_accurate', 'pips_agg_10_15_after', 'direction_agg_25_30_after', 'volatility_25_30_after']
2018-12-24 00:10:43,206 - INFO - Starting KNeighborsClassifier
2018-12-24 00:11:18,304 - INFO - Starting DecisionTreeClassifier
2018-12-24 00:11:29,711 - INFO - Starting RandomForestClassifier
2018-12-24 00:18:56,816 - INFO - Starting XGBClassifier
2018-12-24 00:20:19,441 - INFO - Starting GradientBoostingClassifier
2018-12-24 00:22:02,147 - INFO - Starting AdaBoostClassifier
2018-12-24 00:22:21,378 - INFO - sweep done in: 11.64 min
