2018-12-23 22:47:29,987 - INFO - #########################
2018-12-23 22:47:29,988 - INFO - 
2018-12-23 22:47:29,988 - INFO - Starting a new sweep grouping News: ALL_NO_1_1_1
2018-12-23 22:47:47,424 - INFO - Starting a new sweep for market variables: market_basic
2018-12-23 22:47:47,424 - INFO - Starting a new sweep, features before the publication are: excluded
2018-12-23 22:47:47,425 - INFO - Starting a new sweep for delay in between buying-selling: 15_60
2018-12-23 22:47:47,425 - INFO - List of dynamic market fields: ['volatility_0_5_after', 'pips_agg_0_5_after', 'direction_agg_0_5_after', 'volatility_5_10_after', 'pips_agg_5_10_after', 'direction_agg_5_10_after', 'volatility_10_15_after', 'pips_agg_10_15_after', 'direction_agg_10_15_after', 'datetime', 'direction_agg_30_60_after', 'pips_agg_30_60_after']
2018-12-23 22:47:47,609 - INFO - X columns for the model: ['forecast_error_ratio_zscore', 'volatility_0_5_after', 'fe_worse', 'pe_worse', 'direction_agg_0_5_after', 'pips_agg_10_15_after', 'fe_better', 'fe_accurate', 'pe_accurate', 'Low', 'pips_agg_5_10_after', 'volatility_5_10_after', 'new_id', 'total_error_ratio_zscore', 'pe_better', 'num_news', 'previous_error_ratio', 'forecast_error_ratio', 'High', 'direction_agg_5_10_after', 'Medium', 'direction_agg_10_15_after', 'pips_agg_0_5_after', 'total_error_ratio', 'volatility_10_15_after']
2018-12-23 22:47:47,669 - INFO - Starting KNeighborsClassifier
2018-12-23 22:48:07,007 - INFO - Starting DecisionTreeClassifier
2018-12-23 22:48:18,624 - INFO - Starting RandomForestClassifier
2018-12-23 22:59:56,604 - INFO - Starting XGBClassifier
2018-12-23 23:01:27,512 - INFO - Starting GradientBoostingClassifier
2018-12-23 23:03:23,737 - INFO - Starting AdaBoostClassifier
2018-12-23 23:03:50,746 - INFO - sweep done in: 16.06 min
2018-12-23 23:03:50,750 - INFO - Starting a new sweep for delay in between buying-selling: 30_60
2018-12-23 23:03:50,750 - INFO - List of dynamic market fields: ['volatility_0_5_after', 'pips_agg_0_5_after', 'direction_agg_0_5_after', 'volatility_5_10_after', 'pips_agg_5_10_after', 'direction_agg_5_10_after', 'volatility_10_15_after', 'pips_agg_10_15_after', 'direction_agg_10_15_after', 'volatility_15_20_after', 'pips_agg_15_20_after', 'direction_agg_15_20_after', 'volatility_20_25_after', 'pips_agg_20_25_after', 'direction_agg_20_25_after', 'volatility_25_30_after', 'pips_agg_25_30_after', 'direction_agg_25_30_after', 'datetime', 'direction_agg_30_60_after', 'pips_agg_30_60_after']
2018-12-23 23:03:51,206 - INFO - X columns for the model: ['forecast_error_ratio_zscore', 'volatility_0_5_after', 'Low', 'direction_agg_20_25_after', 'direction_agg_15_20_after', 'pips_agg_25_30_after', 'volatility_5_10_after', 'new_id', 'previous_error_ratio', 'direction_agg_5_10_after', 'Medium', 'direction_agg_25_30_after', 'direction_agg_10_15_after', 'fe_worse', 'pe_worse', 'direction_agg_0_5_after', 'pips_agg_10_15_after', 'fe_better', 'fe_accurate', 'pe_accurate', 'volatility_20_25_after', 'pips_agg_5_10_after', 'volatility_25_30_after', 'total_error_ratio_zscore', 'pe_better', 'pips_agg_20_25_after', 'num_news', 'volatility_15_20_after', 'forecast_error_ratio', 'High', 'pips_agg_15_20_after', 'pips_agg_0_5_after', 'total_error_ratio', 'volatility_10_15_after']
2018-12-23 23:03:51,282 - INFO - Starting KNeighborsClassifier
2018-12-23 23:04:39,219 - INFO - Starting DecisionTreeClassifier
2018-12-23 23:04:53,849 - INFO - Starting RandomForestClassifier
2018-12-23 23:16:01,680 - INFO - Starting XGBClassifier
2018-12-23 23:17:45,666 - INFO - Starting GradientBoostingClassifier
2018-12-23 23:20:02,587 - INFO - Starting AdaBoostClassifier
2018-12-23 23:20:29,953 - INFO - sweep done in: 16.65 min
2018-12-23 23:20:29,956 - INFO - Starting a new sweep for delay in between buying-selling: 30_90
2018-12-23 23:20:29,956 - INFO - List of dynamic market fields: ['volatility_0_5_after', 'pips_agg_0_5_after', 'direction_agg_0_5_after', 'volatility_5_10_after', 'pips_agg_5_10_after', 'direction_agg_5_10_after', 'volatility_10_15_after', 'pips_agg_10_15_after', 'direction_agg_10_15_after', 'volatility_15_20_after', 'pips_agg_15_20_after', 'direction_agg_15_20_after', 'volatility_20_25_after', 'pips_agg_20_25_after', 'direction_agg_20_25_after', 'volatility_25_30_after', 'pips_agg_25_30_after', 'direction_agg_25_30_after', 'datetime', 'direction_agg_60_90_after', 'pips_agg_60_90_after']
2018-12-23 23:20:30,420 - INFO - X columns for the model: ['forecast_error_ratio_zscore', 'volatility_0_5_after', 'Low', 'direction_agg_20_25_after', 'direction_agg_15_20_after', 'pips_agg_25_30_after', 'volatility_5_10_after', 'new_id', 'previous_error_ratio', 'direction_agg_5_10_after', 'Medium', 'direction_agg_25_30_after', 'direction_agg_10_15_after', 'fe_worse', 'pe_worse', 'direction_agg_0_5_after', 'pips_agg_10_15_after', 'fe_better', 'fe_accurate', 'pe_accurate', 'volatility_20_25_after', 'pips_agg_5_10_after', 'volatility_25_30_after', 'total_error_ratio_zscore', 'pe_better', 'pips_agg_20_25_after', 'num_news', 'volatility_15_20_after', 'forecast_error_ratio', 'High', 'pips_agg_15_20_after', 'pips_agg_0_5_after', 'total_error_ratio', 'volatility_10_15_after']
2018-12-23 23:20:30,491 - INFO - Starting KNeighborsClassifier
2018-12-23 23:21:16,985 - INFO - Starting DecisionTreeClassifier
2018-12-23 23:21:31,156 - INFO - Starting RandomForestClassifier
2018-12-23 23:32:10,111 - INFO - Starting XGBClassifier
2018-12-23 23:33:54,592 - INFO - Starting GradientBoostingClassifier
2018-12-23 23:36:11,093 - INFO - Starting AdaBoostClassifier
2018-12-23 23:36:39,277 - INFO - sweep done in: 16.16 min
2018-12-23 23:36:39,280 - INFO - Starting a new sweep for delay in between buying-selling: 30_120
2018-12-23 23:36:39,280 - INFO - List of dynamic market fields: ['volatility_0_5_after', 'pips_agg_0_5_after', 'direction_agg_0_5_after', 'volatility_5_10_after', 'pips_agg_5_10_after', 'direction_agg_5_10_after', 'volatility_10_15_after', 'pips_agg_10_15_after', 'direction_agg_10_15_after', 'volatility_15_20_after', 'pips_agg_15_20_after', 'direction_agg_15_20_after', 'volatility_20_25_after', 'pips_agg_20_25_after', 'direction_agg_20_25_after', 'volatility_25_30_after', 'pips_agg_25_30_after', 'direction_agg_25_30_after', 'datetime', 'direction_agg_90_120_after', 'pips_agg_90_120_after']
2018-12-23 23:36:39,660 - INFO - X columns for the model: ['forecast_error_ratio_zscore', 'volatility_0_5_after', 'Low', 'direction_agg_20_25_after', 'direction_agg_15_20_after', 'pips_agg_25_30_after', 'volatility_5_10_after', 'new_id', 'previous_error_ratio', 'direction_agg_5_10_after', 'Medium', 'direction_agg_25_30_after', 'direction_agg_10_15_after', 'fe_worse', 'pe_worse', 'direction_agg_0_5_after', 'pips_agg_10_15_after', 'fe_better', 'fe_accurate', 'pe_accurate', 'volatility_20_25_after', 'pips_agg_5_10_after', 'volatility_25_30_after', 'total_error_ratio_zscore', 'pe_better', 'pips_agg_20_25_after', 'num_news', 'volatility_15_20_after', 'forecast_error_ratio', 'High', 'pips_agg_15_20_after', 'pips_agg_0_5_after', 'total_error_ratio', 'volatility_10_15_after']
2018-12-23 23:36:39,743 - INFO - Starting KNeighborsClassifier
2018-12-23 23:37:28,824 - INFO - Starting DecisionTreeClassifier
2018-12-23 23:37:42,607 - INFO - Starting RandomForestClassifier
2018-12-23 23:48:28,727 - INFO - Starting XGBClassifier
2018-12-23 23:50:16,287 - INFO - Starting GradientBoostingClassifier
2018-12-23 23:52:44,276 - INFO - Starting AdaBoostClassifier
2018-12-23 23:53:14,123 - INFO - sweep done in: 16.58 min
2018-12-23 23:53:14,126 - INFO - Starting a new sweep for delay in between buying-selling: 60_120
2018-12-23 23:53:14,126 - INFO - List of dynamic market fields: ['volatility_0_5_after', 'pips_agg_0_5_after', 'direction_agg_0_5_after', 'volatility_5_10_after', 'pips_agg_5_10_after', 'direction_agg_5_10_after', 'volatility_10_15_after', 'pips_agg_10_15_after', 'direction_agg_10_15_after', 'volatility_15_20_after', 'pips_agg_15_20_after', 'direction_agg_15_20_after', 'volatility_20_25_after', 'pips_agg_20_25_after', 'direction_agg_20_25_after', 'volatility_25_30_after', 'pips_agg_25_30_after', 'direction_agg_25_30_after', 'volatility_30_45_after', 'pips_agg_30_45_after', 'direction_agg_30_45_after', 'volatility_45_60_after', 'pips_agg_45_60_after', 'direction_agg_45_60_after', 'volatility_30_60_after', 'pips_agg_30_60_after', 'direction_agg_30_60_after', 'datetime', 'direction_agg_90_120_after', 'pips_agg_90_120_after']
2018-12-23 23:53:14,525 - INFO - X columns for the model: ['forecast_error_ratio_zscore', 'volatility_0_5_after', 'Low', 'direction_agg_20_25_after', 'direction_agg_15_20_after', 'pips_agg_25_30_after', 'volatility_5_10_after', 'new_id', 'direction_agg_30_60_after', 'previous_error_ratio', 'volatility_30_45_after', 'direction_agg_5_10_after', 'volatility_30_60_after', 'Medium', 'direction_agg_25_30_after', 'direction_agg_10_15_after', 'direction_agg_30_45_after', 'fe_worse', 'pe_worse', 'direction_agg_0_5_after', 'pips_agg_10_15_after', 'fe_better', 'fe_accurate', 'pe_accurate', 'volatility_20_25_after', 'pips_agg_5_10_after', 'volatility_25_30_after', 'pips_agg_30_45_after', 'pips_agg_30_60_after', 'total_error_ratio_zscore', 'pe_better', 'pips_agg_20_25_after', 'num_news', 'volatility_15_20_after', 'forecast_error_ratio', 'pips_agg_45_60_after', 'High', 'volatility_45_60_after', 'direction_agg_45_60_after', 'pips_agg_15_20_after', 'pips_agg_0_5_after', 'total_error_ratio', 'volatility_10_15_after']
2018-12-23 23:53:14,613 - INFO - Starting KNeighborsClassifier
2018-12-23 23:54:27,419 - INFO - Starting DecisionTreeClassifier
2018-12-23 23:54:45,209 - INFO - Starting RandomForestClassifier
2018-12-24 00:06:22,901 - INFO - Starting XGBClassifier
2018-12-24 00:07:44,833 - INFO - Starting GradientBoostingClassifier
2018-12-24 00:09:29,086 - INFO - Starting AdaBoostClassifier
2018-12-24 00:09:50,163 - INFO - sweep done in: 16.60 min
2018-12-24 00:09:50,165 - INFO - Starting a new sweep for delay in between buying-selling: 60_240
2018-12-24 00:09:50,165 - INFO - List of dynamic market fields: ['volatility_0_5_after', 'pips_agg_0_5_after', 'direction_agg_0_5_after', 'volatility_5_10_after', 'pips_agg_5_10_after', 'direction_agg_5_10_after', 'volatility_10_15_after', 'pips_agg_10_15_after', 'direction_agg_10_15_after', 'volatility_15_20_after', 'pips_agg_15_20_after', 'direction_agg_15_20_after', 'volatility_20_25_after', 'pips_agg_20_25_after', 'direction_agg_20_25_after', 'volatility_25_30_after', 'pips_agg_25_30_after', 'direction_agg_25_30_after', 'volatility_30_45_after', 'pips_agg_30_45_after', 'direction_agg_30_45_after', 'volatility_45_60_after', 'pips_agg_45_60_after', 'direction_agg_45_60_after', 'volatility_30_60_after', 'pips_agg_30_60_after', 'direction_agg_30_60_after', 'datetime', 'direction_agg_210_240_after', 'pips_agg_210_240_after']
2018-12-24 00:09:50,479 - INFO - X columns for the model: ['forecast_error_ratio_zscore', 'volatility_0_5_after', 'Low', 'direction_agg_20_25_after', 'direction_agg_15_20_after', 'pips_agg_25_30_after', 'volatility_5_10_after', 'new_id', 'direction_agg_30_60_after', 'previous_error_ratio', 'volatility_30_45_after', 'direction_agg_5_10_after', 'volatility_30_60_after', 'Medium', 'direction_agg_25_30_after', 'direction_agg_10_15_after', 'direction_agg_30_45_after', 'fe_worse', 'pe_worse', 'direction_agg_0_5_after', 'pips_agg_10_15_after', 'fe_better', 'fe_accurate', 'pe_accurate', 'volatility_20_25_after', 'pips_agg_5_10_after', 'volatility_25_30_after', 'pips_agg_30_45_after', 'pips_agg_30_60_after', 'total_error_ratio_zscore', 'pe_better', 'pips_agg_20_25_after', 'num_news', 'volatility_15_20_after', 'forecast_error_ratio', 'pips_agg_45_60_after', 'High', 'volatility_45_60_after', 'direction_agg_45_60_after', 'pips_agg_15_20_after', 'pips_agg_0_5_after', 'total_error_ratio', 'volatility_10_15_after']
2018-12-24 00:09:50,548 - INFO - Starting KNeighborsClassifier
2018-12-24 00:10:29,169 - INFO - Starting DecisionTreeClassifier
2018-12-24 00:10:40,501 - INFO - Starting RandomForestClassifier
2018-12-24 00:18:05,760 - INFO - Starting XGBClassifier
2018-12-24 00:19:27,579 - INFO - Starting GradientBoostingClassifier
2018-12-24 00:21:10,002 - INFO - Starting AdaBoostClassifier
2018-12-24 00:21:31,199 - INFO - sweep done in: 11.68 min
