2018-12-23 22:48:06,078 - INFO - #########################
2018-12-23 22:48:06,078 - INFO - 
2018-12-23 22:48:06,078 - INFO - Starting a new sweep grouping News: ALL_YES_1_1_1
2018-12-23 22:48:41,245 - INFO - Starting a new sweep for market variables: market_basic
2018-12-23 22:48:41,245 - INFO - Starting a new sweep, features before the publication are: excluded
2018-12-23 22:48:41,246 - INFO - Starting a new sweep for delay in between buying-selling: 15_60
2018-12-23 22:48:41,246 - INFO - List of dynamic market fields: ['volatility_0_5_after', 'pips_agg_0_5_after', 'direction_agg_0_5_after', 'volatility_5_10_after', 'pips_agg_5_10_after', 'direction_agg_5_10_after', 'volatility_10_15_after', 'pips_agg_10_15_after', 'direction_agg_10_15_after', 'datetime', 'direction_agg_30_60_after', 'pips_agg_30_60_after']
2018-12-23 22:48:41,545 - INFO - X columns for the model: ['Low', 'pe_worse', 'Medium', 'volatility_5_10_after', 'pips_agg_5_10_after', 'fe_better', 'forecast_error_ratio', 'pe_accurate', 'pe_better', 'volatility_0_5_after', 'direction_agg_0_5_after', 'pips_agg_10_15_after', 'pips_agg_0_5_after', 'High', 'volatility_10_15_after', 'forecast_error_ratio_zscore', 'fe_worse', 'num_news', 'fe_accurate', 'direction_agg_5_10_after', 'direction_agg_10_15_after', 'total_error_ratio', 'new_id', 'previous_error_ratio', 'total_error_ratio_zscore']
2018-12-23 22:48:41,583 - INFO - Starting KNeighborsClassifier
2018-12-23 22:49:07,066 - INFO - Starting DecisionTreeClassifier
2018-12-23 22:49:14,759 - INFO - Starting RandomForestClassifier
2018-12-23 22:58:28,676 - INFO - Starting XGBClassifier
2018-12-23 22:59:30,536 - INFO - Starting GradientBoostingClassifier
2018-12-23 23:00:49,785 - INFO - Starting AdaBoostClassifier
2018-12-23 23:01:08,396 - INFO - sweep done in: 12.45 min
2018-12-23 23:01:08,398 - INFO - Starting a new sweep for delay in between buying-selling: 30_60
2018-12-23 23:01:08,399 - INFO - List of dynamic market fields: ['volatility_0_5_after', 'pips_agg_0_5_after', 'direction_agg_0_5_after', 'volatility_5_10_after', 'pips_agg_5_10_after', 'direction_agg_5_10_after', 'volatility_10_15_after', 'pips_agg_10_15_after', 'direction_agg_10_15_after', 'volatility_15_20_after', 'pips_agg_15_20_after', 'direction_agg_15_20_after', 'volatility_20_25_after', 'pips_agg_20_25_after', 'direction_agg_20_25_after', 'volatility_25_30_after', 'pips_agg_25_30_after', 'direction_agg_25_30_after', 'datetime', 'direction_agg_30_60_after', 'pips_agg_30_60_after']
2018-12-23 23:01:08,694 - INFO - X columns for the model: ['Low', 'pe_worse', 'volatility_5_10_after', 'pips_agg_5_10_after', 'fe_better', 'pips_agg_25_30_after', 'forecast_error_ratio', 'pe_accurate', 'pe_better', 'volatility_15_20_after', 'pips_agg_10_15_after', 'pips_agg_0_5_after', 'High', 'volatility_10_15_after', 'forecast_error_ratio_zscore', 'num_news', 'direction_agg_15_20_after', 'direction_agg_20_25_after', 'direction_agg_10_15_after', 'direction_agg_25_30_after', 'Medium', 'total_error_ratio_zscore', 'pips_agg_15_20_after', 'volatility_0_5_after', 'direction_agg_0_5_after', 'fe_worse', 'volatility_20_25_after', 'pips_agg_20_25_after', 'fe_accurate', 'direction_agg_5_10_after', 'total_error_ratio', 'new_id', 'volatility_25_30_after', 'previous_error_ratio']
2018-12-23 23:01:08,754 - INFO - Starting KNeighborsClassifier
2018-12-23 23:01:41,496 - INFO - Starting DecisionTreeClassifier
2018-12-23 23:01:51,557 - INFO - Starting RandomForestClassifier
2018-12-23 23:10:54,913 - INFO - Starting XGBClassifier
2018-12-23 23:12:08,694 - INFO - Starting GradientBoostingClassifier
2018-12-23 23:13:42,300 - INFO - Starting AdaBoostClassifier
2018-12-23 23:14:02,408 - INFO - sweep done in: 12.90 min
2018-12-23 23:14:02,411 - INFO - Starting a new sweep for delay in between buying-selling: 30_90
2018-12-23 23:14:02,411 - INFO - List of dynamic market fields: ['volatility_0_5_after', 'pips_agg_0_5_after', 'direction_agg_0_5_after', 'volatility_5_10_after', 'pips_agg_5_10_after', 'direction_agg_5_10_after', 'volatility_10_15_after', 'pips_agg_10_15_after', 'direction_agg_10_15_after', 'volatility_15_20_after', 'pips_agg_15_20_after', 'direction_agg_15_20_after', 'volatility_20_25_after', 'pips_agg_20_25_after', 'direction_agg_20_25_after', 'volatility_25_30_after', 'pips_agg_25_30_after', 'direction_agg_25_30_after', 'datetime', 'direction_agg_60_90_after', 'pips_agg_60_90_after']
2018-12-23 23:14:02,858 - INFO - X columns for the model: ['Low', 'pe_worse', 'volatility_5_10_after', 'pips_agg_5_10_after', 'fe_better', 'pips_agg_25_30_after', 'forecast_error_ratio', 'pe_accurate', 'pe_better', 'volatility_15_20_after', 'pips_agg_10_15_after', 'pips_agg_0_5_after', 'High', 'volatility_10_15_after', 'forecast_error_ratio_zscore', 'num_news', 'direction_agg_15_20_after', 'direction_agg_20_25_after', 'direction_agg_10_15_after', 'direction_agg_25_30_after', 'Medium', 'total_error_ratio_zscore', 'pips_agg_15_20_after', 'volatility_0_5_after', 'direction_agg_0_5_after', 'fe_worse', 'volatility_20_25_after', 'pips_agg_20_25_after', 'fe_accurate', 'direction_agg_5_10_after', 'total_error_ratio', 'new_id', 'volatility_25_30_after', 'previous_error_ratio']
2018-12-23 23:14:02,996 - INFO - Starting KNeighborsClassifier
2018-12-23 23:14:36,941 - INFO - Starting DecisionTreeClassifier
2018-12-23 23:14:46,274 - INFO - Starting RandomForestClassifier
2018-12-23 23:23:03,521 - INFO - Starting XGBClassifier
2018-12-23 23:24:19,187 - INFO - Starting GradientBoostingClassifier
2018-12-23 23:25:55,036 - INFO - Starting AdaBoostClassifier
2018-12-23 23:26:15,651 - INFO - sweep done in: 12.22 min
2018-12-23 23:26:15,653 - INFO - Starting a new sweep for delay in between buying-selling: 30_120
2018-12-23 23:26:15,654 - INFO - List of dynamic market fields: ['volatility_0_5_after', 'pips_agg_0_5_after', 'direction_agg_0_5_after', 'volatility_5_10_after', 'pips_agg_5_10_after', 'direction_agg_5_10_after', 'volatility_10_15_after', 'pips_agg_10_15_after', 'direction_agg_10_15_after', 'volatility_15_20_after', 'pips_agg_15_20_after', 'direction_agg_15_20_after', 'volatility_20_25_after', 'pips_agg_20_25_after', 'direction_agg_20_25_after', 'volatility_25_30_after', 'pips_agg_25_30_after', 'direction_agg_25_30_after', 'datetime', 'direction_agg_90_120_after', 'pips_agg_90_120_after']
2018-12-23 23:26:15,954 - INFO - X columns for the model: ['Low', 'pe_worse', 'volatility_5_10_after', 'pips_agg_5_10_after', 'fe_better', 'pips_agg_25_30_after', 'forecast_error_ratio', 'pe_accurate', 'pe_better', 'volatility_15_20_after', 'pips_agg_10_15_after', 'pips_agg_0_5_after', 'High', 'volatility_10_15_after', 'forecast_error_ratio_zscore', 'num_news', 'direction_agg_15_20_after', 'direction_agg_20_25_after', 'direction_agg_10_15_after', 'direction_agg_25_30_after', 'Medium', 'total_error_ratio_zscore', 'pips_agg_15_20_after', 'volatility_0_5_after', 'direction_agg_0_5_after', 'fe_worse', 'volatility_20_25_after', 'pips_agg_20_25_after', 'fe_accurate', 'direction_agg_5_10_after', 'total_error_ratio', 'new_id', 'volatility_25_30_after', 'previous_error_ratio']
2018-12-23 23:26:16,003 - INFO - Starting KNeighborsClassifier
2018-12-23 23:26:50,526 - INFO - Starting DecisionTreeClassifier
2018-12-23 23:26:59,819 - INFO - Starting RandomForestClassifier
2018-12-23 23:35:13,639 - INFO - Starting XGBClassifier
2018-12-23 23:36:26,774 - INFO - Starting GradientBoostingClassifier
2018-12-23 23:38:01,330 - INFO - Starting AdaBoostClassifier
2018-12-23 23:38:22,292 - INFO - sweep done in: 12.11 min
2018-12-23 23:38:22,295 - INFO - Starting a new sweep for delay in between buying-selling: 60_120
2018-12-23 23:38:22,296 - INFO - List of dynamic market fields: ['volatility_0_5_after', 'pips_agg_0_5_after', 'direction_agg_0_5_after', 'volatility_5_10_after', 'pips_agg_5_10_after', 'direction_agg_5_10_after', 'volatility_10_15_after', 'pips_agg_10_15_after', 'direction_agg_10_15_after', 'volatility_15_20_after', 'pips_agg_15_20_after', 'direction_agg_15_20_after', 'volatility_20_25_after', 'pips_agg_20_25_after', 'direction_agg_20_25_after', 'volatility_25_30_after', 'pips_agg_25_30_after', 'direction_agg_25_30_after', 'volatility_30_45_after', 'pips_agg_30_45_after', 'direction_agg_30_45_after', 'volatility_45_60_after', 'pips_agg_45_60_after', 'direction_agg_45_60_after', 'volatility_30_60_after', 'pips_agg_30_60_after', 'direction_agg_30_60_after', 'datetime', 'direction_agg_90_120_after', 'pips_agg_90_120_after']
2018-12-23 23:38:22,605 - INFO - X columns for the model: ['Low', 'pe_worse', 'volatility_5_10_after', 'pips_agg_5_10_after', 'fe_better', 'direction_agg_30_45_after', 'pips_agg_25_30_after', 'forecast_error_ratio', 'pe_accurate', 'pe_better', 'pips_agg_30_45_after', 'volatility_45_60_after', 'volatility_15_20_after', 'pips_agg_10_15_after', 'pips_agg_0_5_after', 'High', 'volatility_10_15_after', 'forecast_error_ratio_zscore', 'pips_agg_30_60_after', 'num_news', 'direction_agg_15_20_after', 'direction_agg_45_60_after', 'direction_agg_20_25_after', 'direction_agg_10_15_after', 'volatility_30_45_after', 'direction_agg_25_30_after', 'Medium', 'total_error_ratio_zscore', 'pips_agg_15_20_after', 'volatility_0_5_after', 'direction_agg_0_5_after', 'pips_agg_45_60_after', 'fe_worse', 'volatility_20_25_after', 'pips_agg_20_25_after', 'direction_agg_30_60_after', 'fe_accurate', 'direction_agg_5_10_after', 'total_error_ratio', 'new_id', 'volatility_30_60_after', 'volatility_25_30_after', 'previous_error_ratio']
2018-12-23 23:38:22,674 - INFO - Starting KNeighborsClassifier
2018-12-23 23:39:13,927 - INFO - Starting DecisionTreeClassifier
2018-12-23 23:39:25,479 - INFO - Starting RandomForestClassifier
2018-12-23 23:48:23,012 - INFO - Starting XGBClassifier
2018-12-23 23:49:54,633 - INFO - Starting GradientBoostingClassifier
2018-12-23 23:51:53,312 - INFO - Starting AdaBoostClassifier
2018-12-23 23:52:17,736 - INFO - sweep done in: 13.92 min
2018-12-23 23:52:17,739 - INFO - Starting a new sweep for delay in between buying-selling: 60_240
2018-12-23 23:52:17,739 - INFO - List of dynamic market fields: ['volatility_0_5_after', 'pips_agg_0_5_after', 'direction_agg_0_5_after', 'volatility_5_10_after', 'pips_agg_5_10_after', 'direction_agg_5_10_after', 'volatility_10_15_after', 'pips_agg_10_15_after', 'direction_agg_10_15_after', 'volatility_15_20_after', 'pips_agg_15_20_after', 'direction_agg_15_20_after', 'volatility_20_25_after', 'pips_agg_20_25_after', 'direction_agg_20_25_after', 'volatility_25_30_after', 'pips_agg_25_30_after', 'direction_agg_25_30_after', 'volatility_30_45_after', 'pips_agg_30_45_after', 'direction_agg_30_45_after', 'volatility_45_60_after', 'pips_agg_45_60_after', 'direction_agg_45_60_after', 'volatility_30_60_after', 'pips_agg_30_60_after', 'direction_agg_30_60_after', 'datetime', 'direction_agg_210_240_after', 'pips_agg_210_240_after']
2018-12-23 23:52:18,061 - INFO - X columns for the model: ['Low', 'pe_worse', 'volatility_5_10_after', 'pips_agg_5_10_after', 'fe_better', 'direction_agg_30_45_after', 'pips_agg_25_30_after', 'forecast_error_ratio', 'pe_accurate', 'pe_better', 'pips_agg_30_45_after', 'volatility_45_60_after', 'volatility_15_20_after', 'pips_agg_10_15_after', 'pips_agg_0_5_after', 'High', 'volatility_10_15_after', 'forecast_error_ratio_zscore', 'pips_agg_30_60_after', 'num_news', 'direction_agg_15_20_after', 'direction_agg_45_60_after', 'direction_agg_20_25_after', 'direction_agg_10_15_after', 'volatility_30_45_after', 'direction_agg_25_30_after', 'Medium', 'total_error_ratio_zscore', 'pips_agg_15_20_after', 'volatility_0_5_after', 'direction_agg_0_5_after', 'pips_agg_45_60_after', 'fe_worse', 'volatility_20_25_after', 'pips_agg_20_25_after', 'direction_agg_30_60_after', 'fe_accurate', 'direction_agg_5_10_after', 'total_error_ratio', 'new_id', 'volatility_30_60_after', 'volatility_25_30_after', 'previous_error_ratio']
2018-12-23 23:52:18,119 - INFO - Starting KNeighborsClassifier
2018-12-23 23:53:15,155 - INFO - Starting DecisionTreeClassifier
2018-12-23 23:53:27,611 - INFO - Starting RandomForestClassifier
2018-12-24 00:02:31,886 - INFO - Starting XGBClassifier
2018-12-24 00:04:00,778 - INFO - Starting GradientBoostingClassifier
2018-12-24 00:05:56,036 - INFO - Starting AdaBoostClassifier
2018-12-24 00:06:19,738 - INFO - sweep done in: 14.03 min
