2019-01-13 20:31:07,270 - INFO - Scrapping data for link: calendar.php?week=dec23.2018
2019-01-13 20:31:09,157 - INFO - Scrapping data for link: calendar.php?week=dec16.2018
2019-01-13 20:31:12,508 - INFO - Scrapping data for link: calendar.php?week=dec9.2018
2019-01-13 20:31:15,904 - INFO - Scrapping data for link: calendar.php?week=dec2.2018
2019-01-13 20:31:19,942 - INFO - Scrapping data for link: calendar.php?week=nov25.2018
2019-01-13 20:31:23,284 - INFO - Scrapping data for link: calendar.php?week=nov18.2018
2019-01-13 20:31:26,015 - INFO - Scrapping data for link: calendar.php?week=nov11.2018
2019-01-13 20:31:29,322 - INFO - Scrapping data for link: calendar.php?week=nov4.2018
2019-01-13 20:31:32,351 - INFO - Scrapping data for link: calendar.php?week=oct28.2018
2019-01-13 20:31:35,703 - INFO - Scrapping data for link: calendar.php?week=oct21.2018
2019-01-13 20:31:38,379 - INFO - Scrapping data for link: calendar.php?week=oct14.2018
2019-01-13 20:31:41,428 - INFO - Scrapping data for link: calendar.php?week=oct7.2018
2019-01-13 20:31:44,150 - INFO - Scrapping data for link: calendar.php?week=sep30.2018
2019-01-13 20:31:47,618 - INFO - Scrapping data for link: calendar.php?week=sep23.2018
2019-01-13 20:31:50,547 - INFO - Scrapping data for link: calendar.php?week=sep16.2018
2019-01-13 20:31:54,061 - INFO - Scrapping data for link: calendar.php?week=sep9.2018
2019-01-13 20:31:57,106 - INFO - Scrapping data for link: calendar.php?week=sep2.2018
2019-01-13 20:32:00,603 - INFO - Scrapping data for link: calendar.php?week=aug26.2018
2019-01-13 20:32:06,361 - INFO - Scrapping data for link: calendar.php?week=aug19.2018
2019-01-13 20:32:08,699 - INFO - Scrapping data for link: calendar.php?week=aug12.2018
2019-01-13 20:32:11,870 - INFO - Scrapping data for link: calendar.php?week=aug5.2018
2019-01-13 20:32:16,683 - INFO - Scrapping data for link: calendar.php?week=jul29.2018
2019-01-13 20:32:20,551 - INFO - Scrapping data for link: calendar.php?week=jul22.2018
2019-01-13 20:32:22,712 - INFO - Scrapping data for link: calendar.php?week=jul15.2018
2019-01-13 20:32:25,540 - INFO - Scrapping data for link: calendar.php?week=jul8.2018
2019-01-13 20:32:28,280 - INFO - Scrapping data for link: calendar.php?week=jul1.2018
2019-01-13 20:32:31,487 - INFO - Scrapping data for link: calendar.php?week=jun24.2018
2019-01-13 20:32:34,734 - INFO - Scrapping data for link: calendar.php?week=jun17.2018
2019-01-13 20:32:37,563 - INFO - Scrapping data for link: calendar.php?week=jun10.2018
2019-01-13 20:32:40,715 - INFO - Scrapping data for link: calendar.php?week=jun3.2018
2019-01-13 20:32:43,583 - INFO - Scrapping data for link: calendar.php?week=may27.2018
2019-01-13 20:32:46,854 - INFO - Scrapping data for link: calendar.php?week=may20.2018
2019-01-13 20:32:49,989 - INFO - Scrapping data for link: calendar.php?week=may13.2018
2019-01-13 20:32:52,787 - INFO - Scrapping data for link: calendar.php?week=may6.2018
2019-01-13 20:32:55,728 - INFO - Scrapping data for link: calendar.php?week=apr29.2018
2019-01-13 20:32:59,571 - INFO - Scrapping data for link: calendar.php?week=apr22.2018
2019-01-13 20:33:02,495 - INFO - Scrapping data for link: calendar.php?week=apr15.2018
2019-01-13 20:33:06,284 - INFO - Scrapping data for link: calendar.php?week=apr8.2018
2019-01-13 20:33:09,059 - INFO - Scrapping data for link: calendar.php?week=apr1.2018
2019-01-13 20:33:12,130 - INFO - Scrapping data for link: calendar.php?week=mar25.2018
2019-01-13 20:33:15,233 - INFO - Scrapping data for link: calendar.php?week=mar18.2018
2019-01-13 20:33:18,406 - INFO - Scrapping data for link: calendar.php?week=mar11.2018
2019-01-13 20:33:21,268 - INFO - Scrapping data for link: calendar.php?week=mar4.2018
2019-01-13 20:33:25,051 - INFO - Scrapping data for link: calendar.php?week=feb25.2018
2019-01-13 20:33:28,543 - INFO - Scrapping data for link: calendar.php?week=feb18.2018
2019-01-13 20:33:31,627 - INFO - Scrapping data for link: calendar.php?week=feb11.2018
2019-01-13 20:33:34,562 - INFO - Scrapping data for link: calendar.php?week=feb4.2018
2019-01-13 20:33:37,857 - INFO - Scrapping data for link: calendar.php?week=jan28.2018
2019-01-13 20:33:41,586 - INFO - Scrapping data for link: calendar.php?week=jan21.2018
2019-01-13 20:33:44,555 - INFO - Scrapping data for link: calendar.php?week=jan14.2018
2019-01-13 20:33:47,491 - INFO - Scrapping data for link: calendar.php?week=jan7.2018
2019-01-13 20:33:50,754 - INFO - Scrapping data for link: calendar.php?week=dec31.2017
2019-01-13 20:33:53,663 - INFO - Successfully retrieved data for year: 2018
2019-01-13 20:33:54,033 - INFO - Scrapping data for link: calendar.php?week=dec24.2017
2019-01-13 20:33:56,291 - INFO - Scrapping data for link: calendar.php?week=dec17.2017
2019-01-13 20:34:00,110 - INFO - Scrapping data for link: calendar.php?week=dec10.2017
2019-01-13 20:34:03,328 - INFO - Scrapping data for link: calendar.php?week=dec3.2017
2019-01-13 20:34:06,490 - INFO - Scrapping data for link: calendar.php?week=nov26.2017
2019-01-13 20:34:10,201 - INFO - Scrapping data for link: calendar.php?week=nov19.2017
2019-01-13 20:34:12,623 - INFO - Scrapping data for link: calendar.php?week=nov12.2017
2019-01-13 20:34:16,112 - INFO - Scrapping data for link: calendar.php?week=nov5.2017
2019-01-13 20:34:19,156 - INFO - Scrapping data for link: calendar.php?week=oct29.2017
2019-01-13 20:34:22,753 - INFO - Scrapping data for link: calendar.php?week=oct22.2017
2019-01-13 20:34:25,630 - INFO - Scrapping data for link: calendar.php?week=oct15.2017
2019-01-13 20:34:29,133 - INFO - Scrapping data for link: calendar.php?week=oct8.2017
2019-01-13 20:34:32,274 - INFO - Scrapping data for link: calendar.php?week=oct1.2017
2019-01-13 20:34:36,355 - INFO - Scrapping data for link: calendar.php?week=sep24.2017
2019-01-13 20:34:39,660 - INFO - Scrapping data for link: calendar.php?week=sep17.2017
2019-01-13 20:34:42,566 - INFO - Scrapping data for link: calendar.php?week=sep10.2017
2019-01-13 20:34:45,700 - INFO - Scrapping data for link: calendar.php?week=sep3.2017
2019-01-13 20:34:49,048 - INFO - Scrapping data for link: calendar.php?week=aug27.2017
2019-01-13 20:34:52,489 - INFO - Scrapping data for link: calendar.php?week=aug20.2017
2019-01-13 20:34:54,962 - INFO - Scrapping data for link: calendar.php?week=aug13.2017
2019-01-13 20:34:57,714 - INFO - Scrapping data for link: calendar.php?week=aug6.2017
2019-01-13 20:35:01,285 - INFO - Scrapping data for link: calendar.php?week=jul30.2017
2019-01-13 20:35:04,623 - INFO - Scrapping data for link: calendar.php?week=jul23.2017
2019-01-13 20:35:07,381 - INFO - Scrapping data for link: calendar.php?week=jul16.2017
2019-01-13 20:35:10,355 - INFO - Scrapping data for link: calendar.php?week=jul9.2017
2019-01-13 20:35:13,077 - INFO - Scrapping data for link: calendar.php?week=jul2.2017
2019-01-13 20:35:16,146 - INFO - Scrapping data for link: calendar.php?week=jun25.2017
2019-01-13 20:35:19,404 - INFO - Scrapping data for link: calendar.php?week=jun18.2017
2019-01-13 20:35:22,330 - INFO - Scrapping data for link: calendar.php?week=jun11.2017
2019-01-13 20:35:25,754 - INFO - Scrapping data for link: calendar.php?week=jun4.2017
2019-01-13 20:35:29,522 - INFO - Scrapping data for link: calendar.php?week=may28.2017
2019-01-13 20:35:32,759 - INFO - Scrapping data for link: calendar.php?week=may21.2017
2019-01-13 20:35:35,658 - INFO - Scrapping data for link: calendar.php?week=may14.2017
2019-01-13 20:35:38,749 - INFO - Scrapping data for link: calendar.php?week=may7.2017
2019-01-13 20:35:42,628 - INFO - Scrapping data for link: calendar.php?week=apr30.2017
2019-01-13 20:35:46,760 - INFO - Scrapping data for link: calendar.php?week=apr23.2017
2019-01-13 20:35:50,423 - INFO - Scrapping data for link: calendar.php?week=apr16.2017
2019-01-13 20:35:53,071 - INFO - Scrapping data for link: calendar.php?week=apr9.2017
2019-01-13 20:35:56,312 - INFO - Scrapping data for link: calendar.php?week=apr2.2017
2019-01-13 20:36:00,718 - INFO - Scrapping data for link: calendar.php?week=mar26.2017
2019-01-13 20:36:03,647 - INFO - Scrapping data for link: calendar.php?week=mar19.2017
2019-01-13 20:36:07,017 - INFO - Scrapping data for link: calendar.php?week=mar12.2017
2019-01-13 20:36:09,798 - INFO - Scrapping data for link: calendar.php?week=mar5.2017
2019-01-13 20:36:12,920 - INFO - Scrapping data for link: calendar.php?week=feb26.2017
2019-01-13 20:36:16,541 - INFO - Scrapping data for link: calendar.php?week=feb19.2017
2019-01-13 20:36:19,333 - INFO - Scrapping data for link: calendar.php?week=feb12.2017
2019-01-13 20:36:22,816 - INFO - Scrapping data for link: calendar.php?week=feb5.2017
2019-01-13 20:36:25,842 - INFO - Scrapping data for link: calendar.php?week=jan29.2017
2019-01-13 20:36:29,821 - INFO - Scrapping data for link: calendar.php?week=jan22.2017
2019-01-13 20:36:33,242 - INFO - Scrapping data for link: calendar.php?week=jan15.2017
2019-01-13 20:36:36,288 - INFO - Scrapping data for link: calendar.php?week=jan8.2017
2019-01-13 20:36:39,532 - INFO - Scrapping data for link: calendar.php?week=jan1.2017
2019-01-13 20:36:42,487 - INFO - Successfully retrieved data for year: 2017
2019-01-13 20:36:42,883 - INFO - Scrapping data for link: calendar.php?week=dec25.2016
2019-01-13 20:36:45,398 - INFO - Scrapping data for link: calendar.php?week=dec18.2016
2019-01-13 20:36:48,338 - INFO - Scrapping data for link: calendar.php?week=dec11.2016
2019-01-13 20:36:52,216 - INFO - Scrapping data for link: calendar.php?week=dec4.2016
2019-01-13 20:36:55,482 - INFO - Scrapping data for link: calendar.php?week=nov27.2016
2019-01-13 20:36:59,706 - INFO - Scrapping data for link: calendar.php?week=nov20.2016
2019-01-13 20:37:02,186 - INFO - Scrapping data for link: calendar.php?week=nov13.2016
2019-01-13 20:37:06,139 - INFO - Scrapping data for link: calendar.php?week=nov6.2016
2019-01-13 20:37:09,611 - INFO - Scrapping data for link: calendar.php?week=oct30.2016
2019-01-13 20:37:13,322 - INFO - Scrapping data for link: calendar.php?week=oct23.2016
2019-01-13 20:37:16,359 - INFO - Scrapping data for link: calendar.php?week=oct16.2016
2019-01-13 20:37:19,403 - INFO - Scrapping data for link: calendar.php?week=oct9.2016
2019-01-13 20:37:22,311 - INFO - Scrapping data for link: calendar.php?week=oct2.2016
2019-01-13 20:37:26,299 - INFO - Scrapping data for link: calendar.php?week=sep25.2016
2019-01-13 20:37:29,360 - INFO - Scrapping data for link: calendar.php?week=sep18.2016
2019-01-13 20:37:31,801 - INFO - Scrapping data for link: calendar.php?week=sep11.2016
2019-01-13 20:37:34,989 - INFO - Scrapping data for link: calendar.php?week=sep4.2016
2019-01-13 20:37:38,077 - INFO - Scrapping data for link: calendar.php?week=aug28.2016
2019-01-13 20:37:41,183 - INFO - Scrapping data for link: calendar.php?week=aug21.2016
2019-01-13 20:37:43,874 - INFO - Scrapping data for link: calendar.php?week=aug14.2016
2019-01-13 20:37:46,451 - INFO - Scrapping data for link: calendar.php?week=aug7.2016
2019-01-13 20:37:49,703 - INFO - Scrapping data for link: calendar.php?week=jul31.2016
2019-01-13 20:37:53,728 - INFO - Scrapping data for link: calendar.php?week=jul24.2016
2019-01-13 20:37:56,707 - INFO - Scrapping data for link: calendar.php?week=jul17.2016
2019-01-13 20:37:59,122 - INFO - Scrapping data for link: calendar.php?week=jul10.2016
2019-01-13 20:38:02,411 - INFO - Scrapping data for link: calendar.php?week=jul3.2016
2019-01-13 20:38:05,297 - INFO - Scrapping data for link: calendar.php?week=jun26.2016
2019-01-13 20:38:08,764 - INFO - Scrapping data for link: calendar.php?week=jun19.2016
2019-01-13 20:38:11,467 - INFO - Scrapping data for link: calendar.php?week=jun12.2016
2019-01-13 20:38:14,904 - INFO - Scrapping data for link: calendar.php?week=jun5.2016
2019-01-13 20:38:18,347 - INFO - Scrapping data for link: calendar.php?week=may29.2016
2019-01-13 20:38:21,893 - INFO - Scrapping data for link: calendar.php?week=may22.2016
2019-01-13 20:38:24,533 - INFO - Scrapping data for link: calendar.php?week=may15.2016
2019-01-13 20:38:27,540 - INFO - Scrapping data for link: calendar.php?week=may8.2016
2019-01-13 20:38:30,666 - INFO - Scrapping data for link: calendar.php?week=may1.2016
2019-01-13 20:38:33,800 - INFO - Scrapping data for link: calendar.php?week=apr24.2016
2019-01-13 20:38:37,114 - INFO - Scrapping data for link: calendar.php?week=apr17.2016
2019-01-13 20:38:39,616 - INFO - Scrapping data for link: calendar.php?week=apr10.2016
2019-01-13 20:38:43,021 - INFO - Scrapping data for link: calendar.php?week=apr3.2016
2019-01-13 20:38:45,804 - INFO - Scrapping data for link: calendar.php?week=mar27.2016
2019-01-13 20:38:48,666 - INFO - Scrapping data for link: calendar.php?week=mar20.2016
2019-01-13 20:38:51,647 - INFO - Scrapping data for link: calendar.php?week=mar13.2016
2019-01-13 20:38:54,444 - INFO - Scrapping data for link: calendar.php?week=mar6.2016
2019-01-13 20:38:57,485 - INFO - Scrapping data for link: calendar.php?week=feb28.2016
2019-01-13 20:39:01,017 - INFO - Scrapping data for link: calendar.php?week=feb21.2016
2019-01-13 20:39:03,665 - INFO - Scrapping data for link: calendar.php?week=feb14.2016
2019-01-13 20:39:06,467 - INFO - Scrapping data for link: calendar.php?week=feb7.2016
2019-01-13 20:39:09,470 - INFO - Scrapping data for link: calendar.php?week=jan31.2016
2019-01-13 20:39:13,012 - INFO - Scrapping data for link: calendar.php?week=jan24.2016
2019-01-13 20:39:16,451 - INFO - Scrapping data for link: calendar.php?week=jan17.2016
2019-01-13 20:39:20,092 - INFO - Scrapping data for link: calendar.php?week=jan10.2016
2019-01-13 20:39:22,888 - INFO - Scrapping data for link: calendar.php?week=jan3.2016
2019-01-13 20:39:26,548 - INFO - Scrapping data for link: calendar.php?week=dec27.2015
2019-01-13 20:39:28,545 - INFO - Successfully retrieved data for year: 2016
2019-01-13 20:39:28,953 - INFO - Scrapping data for link: calendar.php?week=dec20.2015
2019-01-13 20:39:31,815 - INFO - Scrapping data for link: calendar.php?week=dec13.2015
2019-01-13 20:39:34,556 - INFO - Scrapping data for link: calendar.php?week=dec6.2015
2019-01-13 20:39:38,300 - INFO - Scrapping data for link: calendar.php?week=nov29.2015
2019-01-13 20:39:42,656 - INFO - Scrapping data for link: calendar.php?week=nov22.2015
2019-01-13 20:39:45,607 - INFO - Scrapping data for link: calendar.php?week=nov15.2015
2019-01-13 20:39:48,483 - INFO - Scrapping data for link: calendar.php?week=nov8.2015
2019-01-13 20:39:51,500 - INFO - Scrapping data for link: calendar.php?week=nov1.2015
2019-01-13 20:39:55,861 - INFO - Scrapping data for link: calendar.php?week=oct25.2015
2019-01-13 20:39:58,888 - INFO - Scrapping data for link: calendar.php?week=oct18.2015
2019-01-13 20:40:01,516 - INFO - Scrapping data for link: calendar.php?week=oct11.2015
2019-01-13 20:40:05,001 - INFO - Scrapping data for link: calendar.php?week=oct4.2015
2019-01-13 20:40:08,131 - INFO - Scrapping data for link: calendar.php?week=sep27.2015
2019-01-13 20:40:11,766 - INFO - Scrapping data for link: calendar.php?week=sep20.2015
2019-01-13 20:40:14,236 - INFO - Scrapping data for link: calendar.php?week=sep13.2015
2019-01-13 20:40:17,136 - INFO - Scrapping data for link: calendar.php?week=sep6.2015
2019-01-13 20:40:20,477 - INFO - Scrapping data for link: calendar.php?week=aug30.2015
2019-01-13 20:40:23,724 - INFO - Scrapping data for link: calendar.php?week=aug23.2015
2019-01-13 20:40:26,130 - INFO - Scrapping data for link: calendar.php?week=aug16.2015
2019-01-13 20:40:28,818 - INFO - Scrapping data for link: calendar.php?week=aug9.2015
2019-01-13 20:40:31,700 - INFO - Scrapping data for link: calendar.php?week=aug2.2015
2019-01-13 20:40:35,317 - INFO - Scrapping data for link: calendar.php?week=jul26.2015
2019-01-13 20:40:37,799 - INFO - Scrapping data for link: calendar.php?week=jul19.2015
2019-01-13 20:40:39,909 - INFO - Scrapping data for link: calendar.php?week=jul12.2015
2019-01-13 20:40:42,960 - INFO - Scrapping data for link: calendar.php?week=jul5.2015
2019-01-13 20:40:46,061 - INFO - Scrapping data for link: calendar.php?week=jun28.2015
2019-01-13 20:40:49,298 - INFO - Scrapping data for link: calendar.php?week=jun21.2015
2019-01-13 20:40:52,122 - INFO - Scrapping data for link: calendar.php?week=jun14.2015
2019-01-13 20:40:55,044 - INFO - Scrapping data for link: calendar.php?week=jun7.2015
2019-01-13 20:40:58,618 - INFO - Scrapping data for link: calendar.php?week=may31.2015
2019-01-13 20:41:03,805 - INFO - Scrapping data for link: calendar.php?week=may24.2015
2019-01-13 20:41:07,047 - INFO - Scrapping data for link: calendar.php?week=may17.2015
2019-01-13 20:41:10,011 - INFO - Scrapping data for link: calendar.php?week=may10.2015
2019-01-13 20:41:13,199 - INFO - Scrapping data for link: calendar.php?week=may3.2015
2019-01-13 20:41:16,431 - INFO - Scrapping data for link: calendar.php?week=apr26.2015
2019-01-13 20:41:19,893 - INFO - Scrapping data for link: calendar.php?week=apr19.2015
2019-01-13 20:41:22,245 - INFO - Scrapping data for link: calendar.php?week=apr12.2015
2019-01-13 20:41:25,384 - INFO - Scrapping data for link: calendar.php?week=apr5.2015
2019-01-13 20:41:28,674 - INFO - Scrapping data for link: calendar.php?week=mar29.2015
2019-01-13 20:41:31,774 - INFO - Scrapping data for link: calendar.php?week=mar22.2015
2019-01-13 20:41:34,403 - INFO - Scrapping data for link: calendar.php?week=mar15.2015
2019-01-13 20:41:37,360 - INFO - Scrapping data for link: calendar.php?week=mar8.2015
2019-01-13 20:41:41,264 - INFO - Scrapping data for link: calendar.php?week=mar1.2015
2019-01-13 20:41:45,963 - INFO - Scrapping data for link: calendar.php?week=feb22.2015
2019-01-13 20:41:50,278 - INFO - Scrapping data for link: calendar.php?week=feb15.2015
2019-01-13 20:41:53,083 - INFO - Scrapping data for link: calendar.php?week=feb8.2015
2019-01-13 20:41:56,803 - INFO - Scrapping data for link: calendar.php?week=feb1.2015
2019-01-13 20:42:00,416 - INFO - Scrapping data for link: calendar.php?week=jan25.2015
2019-01-13 20:42:03,150 - INFO - Scrapping data for link: calendar.php?week=jan18.2015
2019-01-13 20:42:06,859 - INFO - Scrapping data for link: calendar.php?week=jan11.2015
2019-01-13 20:42:09,591 - INFO - Scrapping data for link: calendar.php?week=jan4.2015
2019-01-13 20:42:12,606 - INFO - Scrapping data for link: calendar.php?week=dec28.2014
2019-01-13 20:42:16,418 - INFO - Successfully retrieved data for year: 2015
2019-01-13 20:42:16,811 - INFO - Scrapping data for link: calendar.php?week=dec21.2014
2019-01-13 20:42:19,261 - INFO - Scrapping data for link: calendar.php?week=dec14.2014
2019-01-13 20:42:22,630 - INFO - Scrapping data for link: calendar.php?week=dec7.2014
2019-01-13 20:42:26,356 - INFO - Scrapping data for link: calendar.php?week=nov30.2014
2019-01-13 20:42:29,623 - INFO - Scrapping data for link: calendar.php?week=nov23.2014
2019-01-13 20:42:33,349 - INFO - Scrapping data for link: calendar.php?week=nov16.2014
2019-01-13 20:42:36,792 - INFO - Scrapping data for link: calendar.php?week=nov9.2014
2019-01-13 20:42:39,719 - INFO - Scrapping data for link: calendar.php?week=nov2.2014
2019-01-13 20:42:43,710 - INFO - Scrapping data for link: calendar.php?week=oct26.2014
2019-01-13 20:42:46,586 - INFO - Scrapping data for link: calendar.php?week=oct19.2014
2019-01-13 20:42:49,518 - INFO - Scrapping data for link: calendar.php?week=oct12.2014
2019-01-13 20:42:52,829 - INFO - Scrapping data for link: calendar.php?week=oct5.2014
2019-01-13 20:42:55,721 - INFO - Scrapping data for link: calendar.php?week=sep28.2014
2019-01-13 20:42:59,242 - INFO - Scrapping data for link: calendar.php?week=sep21.2014
2019-01-13 20:43:01,795 - INFO - Scrapping data for link: calendar.php?week=sep14.2014
2019-01-13 20:43:04,495 - INFO - Scrapping data for link: calendar.php?week=sep7.2014
2019-01-13 20:43:07,610 - INFO - Scrapping data for link: calendar.php?week=aug31.2014
2019-01-13 20:43:11,093 - INFO - Scrapping data for link: calendar.php?week=aug24.2014
2019-01-13 20:43:13,670 - INFO - Scrapping data for link: calendar.php?week=aug17.2014
2019-01-13 20:43:17,072 - INFO - Scrapping data for link: calendar.php?week=aug10.2014
2019-01-13 20:43:21,099 - INFO - Scrapping data for link: calendar.php?week=aug3.2014
2019-01-13 20:43:24,257 - INFO - Scrapping data for link: calendar.php?week=jul27.2014
2019-01-13 20:43:27,189 - INFO - Scrapping data for link: calendar.php?week=jul20.2014
2019-01-13 20:43:30,544 - INFO - Scrapping data for link: calendar.php?week=jul13.2014
2019-01-13 20:43:33,475 - INFO - Scrapping data for link: calendar.php?week=jul6.2014
2019-01-13 20:43:36,729 - INFO - Scrapping data for link: calendar.php?week=jun29.2014
2019-01-13 20:43:40,225 - INFO - Scrapping data for link: calendar.php?week=jun22.2014
2019-01-13 20:43:43,250 - INFO - Scrapping data for link: calendar.php?week=jun15.2014
2019-01-13 20:43:45,845 - INFO - Scrapping data for link: calendar.php?week=jun8.2014
2019-01-13 20:43:49,600 - INFO - Scrapping data for link: calendar.php?week=jun1.2014
2019-01-13 20:43:52,919 - INFO - Scrapping data for link: calendar.php?week=may25.2014
2019-01-13 20:43:56,014 - INFO - Scrapping data for link: calendar.php?week=may18.2014
2019-01-13 20:43:58,787 - INFO - Scrapping data for link: calendar.php?week=may11.2014
2019-01-13 20:44:01,818 - INFO - Scrapping data for link: calendar.php?week=may4.2014
2019-01-13 20:44:05,540 - INFO - Scrapping data for link: calendar.php?week=apr27.2014
2019-01-13 20:44:08,990 - INFO - Scrapping data for link: calendar.php?week=apr20.2014
2019-01-13 20:44:11,435 - INFO - Scrapping data for link: calendar.php?week=apr13.2014
2019-01-13 20:44:14,862 - INFO - Scrapping data for link: calendar.php?week=apr6.2014
2019-01-13 20:44:18,042 - INFO - Scrapping data for link: calendar.php?week=mar30.2014
2019-01-13 20:44:21,693 - INFO - Scrapping data for link: calendar.php?week=mar23.2014
2019-01-13 20:44:25,249 - INFO - Scrapping data for link: calendar.php?week=mar16.2014
2019-01-13 20:44:28,145 - INFO - Scrapping data for link: calendar.php?week=mar9.2014
2019-01-13 20:44:31,338 - INFO - Scrapping data for link: calendar.php?week=mar2.2014
2019-01-13 20:44:35,350 - INFO - Scrapping data for link: calendar.php?week=feb23.2014
2019-01-13 20:44:38,280 - INFO - Scrapping data for link: calendar.php?week=feb16.2014
2019-01-13 20:44:41,830 - INFO - Scrapping data for link: calendar.php?week=feb9.2014
2019-01-13 20:44:44,574 - INFO - Scrapping data for link: calendar.php?week=feb2.2014
2019-01-13 20:44:48,024 - INFO - Scrapping data for link: calendar.php?week=jan26.2014
2019-01-13 20:44:51,360 - INFO - Scrapping data for link: calendar.php?week=jan19.2014
2019-01-13 20:44:54,040 - INFO - Scrapping data for link: calendar.php?week=jan12.2014
2019-01-13 20:44:57,300 - INFO - Scrapping data for link: calendar.php?week=jan5.2014
2019-01-13 20:45:01,653 - INFO - Scrapping data for link: calendar.php?week=dec29.2013
2019-01-13 20:45:04,009 - INFO - Successfully retrieved data for year: 2014
2019-01-13 20:45:04,334 - INFO - Scrapping data for link: calendar.php?week=dec22.2013
2019-01-13 20:45:06,482 - INFO - Scrapping data for link: calendar.php?week=dec15.2013
2019-01-13 20:45:11,299 - INFO - Scrapping data for link: calendar.php?week=dec8.2013
2019-01-13 20:45:14,473 - INFO - Scrapping data for link: calendar.php?week=dec1.2013
2019-01-13 20:45:18,580 - INFO - Scrapping data for link: calendar.php?week=nov24.2013
2019-01-13 20:45:21,637 - INFO - Scrapping data for link: calendar.php?week=nov17.2013
2019-01-13 20:45:24,492 - INFO - Scrapping data for link: calendar.php?week=nov10.2013
2019-01-13 20:45:27,670 - INFO - Scrapping data for link: calendar.php?week=nov3.2013
2019-01-13 20:45:31,021 - INFO - Scrapping data for link: calendar.php?week=oct27.2013
2019-01-13 20:45:33,827 - INFO - Scrapping data for link: calendar.php?week=oct20.2013
2019-01-13 20:45:36,824 - INFO - Scrapping data for link: calendar.php?week=oct13.2013
2019-01-13 20:45:39,391 - INFO - Scrapping data for link: calendar.php?week=oct6.2013
2019-01-13 20:45:42,474 - INFO - Scrapping data for link: calendar.php?week=sep29.2013
2019-01-13 20:45:45,972 - INFO - Scrapping data for link: calendar.php?week=sep22.2013
2019-01-13 20:45:48,631 - INFO - Scrapping data for link: calendar.php?week=sep15.2013
2019-01-13 20:45:51,376 - INFO - Scrapping data for link: calendar.php?week=sep8.2013
2019-01-13 20:45:54,784 - INFO - Scrapping data for link: calendar.php?week=sep1.2013
2019-01-13 20:45:58,645 - INFO - Scrapping data for link: calendar.php?week=aug25.2013
2019-01-13 20:46:01,788 - INFO - Scrapping data for link: calendar.php?week=aug18.2013
2019-01-13 20:46:05,181 - INFO - Scrapping data for link: calendar.php?week=aug11.2013
2019-01-13 20:46:08,236 - INFO - Scrapping data for link: calendar.php?week=aug4.2013
2019-01-13 20:46:12,042 - INFO - Scrapping data for link: calendar.php?week=jul28.2013
2019-01-13 20:46:15,273 - INFO - Scrapping data for link: calendar.php?week=jul21.2013
2019-01-13 20:46:17,466 - INFO - Scrapping data for link: calendar.php?week=jul14.2013
2019-01-13 20:46:20,342 - INFO - Scrapping data for link: calendar.php?week=jul7.2013
2019-01-13 20:46:23,625 - INFO - Scrapping data for link: calendar.php?week=jun30.2013
2019-01-13 20:46:27,278 - INFO - Scrapping data for link: calendar.php?week=jun23.2013
2019-01-13 20:46:30,475 - INFO - Scrapping data for link: calendar.php?week=jun16.2013
2019-01-13 20:46:33,418 - INFO - Scrapping data for link: calendar.php?week=jun9.2013
2019-01-13 20:46:36,537 - INFO - Scrapping data for link: calendar.php?week=jun2.2013
2019-01-13 20:46:40,114 - INFO - Scrapping data for link: calendar.php?week=may26.2013
2019-01-13 20:46:42,781 - INFO - Scrapping data for link: calendar.php?week=may19.2013
2019-01-13 20:46:45,433 - INFO - Scrapping data for link: calendar.php?week=may12.2013
2019-01-13 20:46:48,606 - INFO - Scrapping data for link: calendar.php?week=may5.2013
2019-01-13 20:46:51,476 - INFO - Scrapping data for link: calendar.php?week=apr28.2013
2019-01-13 20:46:55,212 - INFO - Scrapping data for link: calendar.php?week=apr21.2013
2019-01-13 20:46:57,750 - INFO - Scrapping data for link: calendar.php?week=apr14.2013
2019-01-13 20:47:00,930 - INFO - Scrapping data for link: calendar.php?week=apr7.2013
2019-01-13 20:47:06,565 - INFO - Scrapping data for link: calendar.php?week=mar31.2013
2019-01-13 20:47:10,466 - INFO - Scrapping data for link: calendar.php?week=mar24.2013
2019-01-13 20:47:13,388 - INFO - Scrapping data for link: calendar.php?week=mar17.2013
2019-01-13 20:47:16,747 - INFO - Scrapping data for link: calendar.php?week=mar10.2013
2019-01-13 20:47:20,422 - INFO - Scrapping data for link: calendar.php?week=mar3.2013
2019-01-13 20:47:23,679 - INFO - Scrapping data for link: calendar.php?week=feb24.2013
2019-01-13 20:47:27,548 - INFO - Scrapping data for link: calendar.php?week=feb17.2013
2019-01-13 20:47:30,189 - INFO - Scrapping data for link: calendar.php?week=feb10.2013
2019-01-13 20:47:33,521 - INFO - Scrapping data for link: calendar.php?week=feb3.2013
2019-01-13 20:47:37,417 - INFO - Scrapping data for link: calendar.php?week=jan27.2013
2019-01-13 20:47:40,406 - INFO - Scrapping data for link: calendar.php?week=jan20.2013
2019-01-13 20:47:43,397 - INFO - Scrapping data for link: calendar.php?week=jan13.2013
2019-01-13 20:47:46,142 - INFO - Scrapping data for link: calendar.php?week=jan6.2013
2019-01-13 20:47:48,581 - INFO - Scrapping data for link: calendar.php?week=dec30.2012
2019-01-13 20:47:51,625 - INFO - Successfully retrieved data for year: 2013
2019-01-13 20:47:51,943 - INFO - Scrapping data for link: calendar.php?week=dec23.2012
2019-01-13 20:47:53,905 - INFO - Scrapping data for link: calendar.php?week=dec16.2012
2019-01-13 20:47:57,152 - INFO - Scrapping data for link: calendar.php?week=dec9.2012
2019-01-13 20:48:01,144 - INFO - Scrapping data for link: calendar.php?week=dec2.2012
2019-01-13 20:48:04,804 - INFO - Scrapping data for link: calendar.php?week=nov25.2012
2019-01-13 20:48:07,760 - INFO - Scrapping data for link: calendar.php?week=nov18.2012
2019-01-13 20:48:10,848 - INFO - Scrapping data for link: calendar.php?week=nov11.2012
2019-01-13 20:48:14,270 - INFO - Scrapping data for link: calendar.php?week=nov4.2012
2019-01-13 20:48:17,899 - INFO - Scrapping data for link: calendar.php?week=oct28.2012
2019-01-13 20:48:22,348 - INFO - Scrapping data for link: calendar.php?week=oct21.2012
2019-01-13 20:48:25,661 - INFO - Scrapping data for link: calendar.php?week=oct14.2012
2019-01-13 20:48:30,958 - INFO - Scrapping data for link: calendar.php?week=oct7.2012
2019-01-13 20:48:33,832 - INFO - Scrapping data for link: calendar.php?week=sep30.2012
2019-01-13 20:48:36,842 - INFO - Scrapping data for link: calendar.php?week=sep23.2012
2019-01-13 20:48:39,946 - INFO - Scrapping data for link: calendar.php?week=sep16.2012
2019-01-13 20:48:42,570 - INFO - Scrapping data for link: calendar.php?week=sep9.2012
2019-01-13 20:48:45,793 - INFO - Scrapping data for link: calendar.php?week=sep2.2012
2019-01-13 20:48:49,420 - INFO - Scrapping data for link: calendar.php?week=aug26.2012
2019-01-13 20:48:52,112 - INFO - Scrapping data for link: calendar.php?week=aug19.2012
2019-01-13 20:48:54,358 - INFO - Scrapping data for link: calendar.php?week=aug12.2012
2019-01-13 20:48:57,894 - INFO - Scrapping data for link: calendar.php?week=aug5.2012
2019-01-13 20:49:00,788 - INFO - Scrapping data for link: calendar.php?week=jul29.2012
2019-01-13 20:49:03,859 - INFO - Scrapping data for link: calendar.php?week=jul22.2012
2019-01-13 20:49:06,610 - INFO - Scrapping data for link: calendar.php?week=jul15.2012
2019-01-13 20:49:09,066 - INFO - Scrapping data for link: calendar.php?week=jul8.2012
2019-01-13 20:49:11,922 - INFO - Scrapping data for link: calendar.php?week=jul1.2012
2019-01-13 20:49:15,147 - INFO - Scrapping data for link: calendar.php?week=jun24.2012
2019-01-13 20:49:17,829 - INFO - Scrapping data for link: calendar.php?week=jun17.2012
2019-01-13 20:49:20,598 - INFO - Scrapping data for link: calendar.php?week=jun10.2012
2019-01-13 20:49:23,752 - INFO - Scrapping data for link: calendar.php?week=jun3.2012
2019-01-13 20:49:26,821 - INFO - Scrapping data for link: calendar.php?week=may27.2012
2019-01-13 20:49:30,194 - INFO - Scrapping data for link: calendar.php?week=may20.2012
2019-01-13 20:49:32,837 - INFO - Scrapping data for link: calendar.php?week=may13.2012
2019-01-13 20:49:35,610 - INFO - Scrapping data for link: calendar.php?week=may6.2012
2019-01-13 20:49:38,890 - INFO - Scrapping data for link: calendar.php?week=apr29.2012
2019-01-13 20:49:42,129 - INFO - Scrapping data for link: calendar.php?week=apr22.2012
2019-01-13 20:49:45,050 - INFO - Scrapping data for link: calendar.php?week=apr15.2012
2019-01-13 20:49:48,198 - INFO - Scrapping data for link: calendar.php?week=apr8.2012
2019-01-13 20:49:51,056 - INFO - Scrapping data for link: calendar.php?week=apr1.2012
2019-01-13 20:49:54,126 - INFO - Scrapping data for link: calendar.php?week=mar25.2012
2019-01-13 20:49:57,535 - INFO - Scrapping data for link: calendar.php?week=mar18.2012
2019-01-13 20:50:00,873 - INFO - Scrapping data for link: calendar.php?week=mar11.2012
2019-01-13 20:50:03,967 - INFO - Scrapping data for link: calendar.php?week=mar4.2012
2019-01-13 20:50:07,172 - INFO - Scrapping data for link: calendar.php?week=feb26.2012
2019-01-13 20:50:10,858 - INFO - Scrapping data for link: calendar.php?week=feb19.2012
2019-01-13 20:50:13,664 - INFO - Scrapping data for link: calendar.php?week=feb12.2012
2019-01-13 20:50:16,631 - INFO - Scrapping data for link: calendar.php?week=feb5.2012
2019-01-13 20:50:19,415 - INFO - Scrapping data for link: calendar.php?week=jan29.2012
2019-01-13 20:50:23,024 - INFO - Scrapping data for link: calendar.php?week=jan22.2012
2019-01-13 20:50:25,903 - INFO - Scrapping data for link: calendar.php?week=jan15.2012
2019-01-13 20:50:28,651 - INFO - Scrapping data for link: calendar.php?week=jan8.2012
2019-01-13 20:50:31,787 - INFO - Scrapping data for link: calendar.php?week=jan1.2012
2019-01-13 20:50:34,453 - INFO - Successfully retrieved data for year: 2012
2019-01-13 20:50:34,772 - INFO - Scrapping data for link: calendar.php?week=dec25.2011
2019-01-13 20:50:36,921 - INFO - Scrapping data for link: calendar.php?week=dec18.2011
2019-01-13 20:50:39,831 - INFO - Scrapping data for link: calendar.php?week=dec11.2011
2019-01-13 20:50:42,917 - INFO - Scrapping data for link: calendar.php?week=dec4.2011
2019-01-13 20:50:46,422 - INFO - Scrapping data for link: calendar.php?week=nov27.2011
2019-01-13 20:50:50,349 - INFO - Scrapping data for link: calendar.php?week=nov20.2011
2019-01-13 20:50:52,861 - INFO - Scrapping data for link: calendar.php?week=nov13.2011
2019-01-13 20:50:55,938 - INFO - Scrapping data for link: calendar.php?week=nov6.2011
2019-01-13 20:50:59,196 - INFO - Scrapping data for link: calendar.php?week=oct30.2011
2019-01-13 20:51:02,658 - INFO - Scrapping data for link: calendar.php?week=oct23.2011
2019-01-13 20:51:06,679 - INFO - Scrapping data for link: calendar.php?week=oct16.2011
2019-01-13 20:51:09,654 - INFO - Scrapping data for link: calendar.php?week=oct9.2011
2019-01-13 20:51:12,518 - INFO - Scrapping data for link: calendar.php?week=oct2.2011
2019-01-13 20:51:15,990 - INFO - Scrapping data for link: calendar.php?week=sep25.2011
2019-01-13 20:51:18,921 - INFO - Scrapping data for link: calendar.php?week=sep18.2011
2019-01-13 20:51:21,656 - INFO - Scrapping data for link: calendar.php?week=sep11.2011
2019-01-13 20:51:24,972 - INFO - Scrapping data for link: calendar.php?week=sep4.2011
2019-01-13 20:51:28,032 - INFO - Scrapping data for link: calendar.php?week=aug28.2011
2019-01-13 20:51:31,163 - INFO - Scrapping data for link: calendar.php?week=aug21.2011
2019-01-13 20:51:34,283 - INFO - Scrapping data for link: calendar.php?week=aug14.2011
2019-01-13 20:51:37,120 - INFO - Scrapping data for link: calendar.php?week=aug7.2011
2019-01-13 20:51:40,369 - INFO - Scrapping data for link: calendar.php?week=jul31.2011
2019-01-13 20:51:43,582 - INFO - Scrapping data for link: calendar.php?week=jul24.2011
2019-01-13 20:51:46,353 - INFO - Scrapping data for link: calendar.php?week=jul17.2011
2019-01-13 20:51:49,077 - INFO - Scrapping data for link: calendar.php?week=jul10.2011
2019-01-13 20:51:52,044 - INFO - Scrapping data for link: calendar.php?week=jul3.2011
2019-01-13 20:51:55,373 - INFO - Scrapping data for link: calendar.php?week=jun26.2011
2019-01-13 20:51:58,910 - INFO - Scrapping data for link: calendar.php?week=jun19.2011
2019-01-13 20:52:01,514 - INFO - Scrapping data for link: calendar.php?week=jun12.2011
2019-01-13 20:52:06,559 - INFO - Scrapping data for link: calendar.php?week=jun5.2011
2019-01-13 20:52:09,818 - INFO - Scrapping data for link: calendar.php?week=may29.2011
2019-01-13 20:52:13,068 - INFO - Scrapping data for link: calendar.php?week=may22.2011
2019-01-13 20:52:16,313 - INFO - Scrapping data for link: calendar.php?week=may15.2011
2019-01-13 20:52:19,206 - INFO - Scrapping data for link: calendar.php?week=may8.2011
2019-01-13 20:52:23,045 - INFO - Scrapping data for link: calendar.php?week=may1.2011
2019-01-13 20:52:27,477 - INFO - Scrapping data for link: calendar.php?week=apr24.2011
2019-01-13 20:52:30,307 - INFO - Scrapping data for link: calendar.php?week=apr17.2011
2019-01-13 20:52:32,735 - INFO - Scrapping data for link: calendar.php?week=apr10.2011
2019-01-13 20:52:36,354 - INFO - Scrapping data for link: calendar.php?week=apr3.2011
2019-01-13 20:52:39,504 - INFO - Scrapping data for link: calendar.php?week=mar27.2011
2019-01-13 20:52:42,697 - INFO - Scrapping data for link: calendar.php?week=mar20.2011
2019-01-13 20:52:45,998 - INFO - Scrapping data for link: calendar.php?week=mar13.2011
2019-01-13 20:52:48,973 - INFO - Scrapping data for link: calendar.php?week=mar6.2011
2019-01-13 20:52:53,050 - INFO - Scrapping data for link: calendar.php?week=feb27.2011
2019-01-13 20:52:56,884 - INFO - Scrapping data for link: calendar.php?week=feb20.2011
2019-01-13 20:52:59,655 - INFO - Scrapping data for link: calendar.php?week=feb13.2011
2019-01-13 20:53:03,185 - INFO - Scrapping data for link: calendar.php?week=feb6.2011
2019-01-13 20:53:05,910 - INFO - Scrapping data for link: calendar.php?week=jan30.2011
2019-01-13 20:53:09,182 - INFO - Scrapping data for link: calendar.php?week=jan23.2011
2019-01-13 20:53:12,167 - INFO - Scrapping data for link: calendar.php?week=jan16.2011
2019-01-13 20:53:14,803 - INFO - Scrapping data for link: calendar.php?week=jan9.2011
2019-01-13 20:53:18,150 - INFO - Scrapping data for link: calendar.php?week=jan2.2011
2019-01-13 20:53:21,014 - INFO - Scrapping data for link: calendar.php?week=dec26.2010
2019-01-13 20:53:22,938 - INFO - Successfully retrieved data for year: 2011
2019-01-13 20:53:23,281 - INFO - Scrapping data for link: calendar.php?week=dec19.2010
2019-01-13 20:53:25,656 - INFO - Scrapping data for link: calendar.php?week=dec12.2010
2019-01-13 20:53:29,094 - INFO - Scrapping data for link: calendar.php?week=dec5.2010
2019-01-13 20:53:32,159 - INFO - Scrapping data for link: calendar.php?week=nov28.2010
2019-01-13 20:53:35,864 - INFO - Scrapping data for link: calendar.php?week=nov21.2010
2019-01-13 20:53:38,289 - INFO - Scrapping data for link: calendar.php?week=nov14.2010
2019-01-13 20:53:41,135 - INFO - Scrapping data for link: calendar.php?week=nov7.2010
2019-01-13 20:53:44,293 - INFO - Scrapping data for link: calendar.php?week=oct31.2010
2019-01-13 20:53:47,342 - INFO - Scrapping data for link: calendar.php?week=oct24.2010
2019-01-13 20:53:50,218 - INFO - Scrapping data for link: calendar.php?week=oct17.2010
2019-01-13 20:53:53,378 - INFO - Scrapping data for link: calendar.php?week=oct10.2010
2019-01-13 20:53:56,198 - INFO - Scrapping data for link: calendar.php?week=oct3.2010
2019-01-13 20:53:59,656 - INFO - Scrapping data for link: calendar.php?week=sep26.2010
2019-01-13 20:54:02,653 - INFO - Scrapping data for link: calendar.php?week=sep19.2010
2019-01-13 20:54:05,189 - INFO - Scrapping data for link: calendar.php?week=sep12.2010
2019-01-13 20:54:08,572 - INFO - Scrapping data for link: calendar.php?week=sep5.2010
2019-01-13 20:54:11,734 - INFO - Scrapping data for link: calendar.php?week=aug29.2010
2019-01-13 20:54:15,437 - INFO - Scrapping data for link: calendar.php?week=aug22.2010
2019-01-13 20:54:18,406 - INFO - Scrapping data for link: calendar.php?week=aug15.2010
2019-01-13 20:54:21,174 - INFO - Scrapping data for link: calendar.php?week=aug8.2010
2019-01-13 20:54:24,687 - INFO - Scrapping data for link: calendar.php?week=aug1.2010
2019-01-13 20:54:28,139 - INFO - Scrapping data for link: calendar.php?week=jul25.2010
2019-01-13 20:54:30,655 - INFO - Scrapping data for link: calendar.php?week=jul18.2010
2019-01-13 20:54:33,381 - INFO - Scrapping data for link: calendar.php?week=jul11.2010
2019-01-13 20:54:37,513 - INFO - Scrapping data for link: calendar.php?week=jul4.2010
2019-01-13 20:54:40,171 - INFO - Scrapping data for link: calendar.php?week=jun27.2010
2019-01-13 20:54:42,862 - INFO - Scrapping data for link: calendar.php?week=jun20.2010
2019-01-13 20:54:45,738 - INFO - Scrapping data for link: calendar.php?week=jun13.2010
2019-01-13 20:54:48,587 - INFO - Scrapping data for link: calendar.php?week=jun6.2010
2019-01-13 20:54:51,792 - INFO - Scrapping data for link: calendar.php?week=may30.2010
2019-01-13 20:54:55,319 - INFO - Scrapping data for link: calendar.php?week=may23.2010
2019-01-13 20:54:57,952 - INFO - Scrapping data for link: calendar.php?week=may16.2010
2019-01-13 20:55:01,249 - INFO - Scrapping data for link: calendar.php?week=may9.2010
2019-01-13 20:55:04,456 - INFO - Scrapping data for link: calendar.php?week=may2.2010
2019-01-13 20:55:07,680 - INFO - Scrapping data for link: calendar.php?week=apr25.2010
2019-01-13 20:55:10,884 - INFO - Scrapping data for link: calendar.php?week=apr18.2010
2019-01-13 20:55:13,793 - INFO - Scrapping data for link: calendar.php?week=apr11.2010
2019-01-13 20:55:16,726 - INFO - Scrapping data for link: calendar.php?week=apr4.2010
2019-01-13 20:55:19,912 - INFO - Scrapping data for link: calendar.php?week=mar28.2010
2019-01-13 20:55:22,760 - INFO - Scrapping data for link: calendar.php?week=mar21.2010
2019-01-13 20:55:25,451 - INFO - Scrapping data for link: calendar.php?week=mar14.2010
2019-01-13 20:55:29,474 - INFO - Scrapping data for link: calendar.php?week=mar7.2010
2019-01-13 20:55:33,162 - INFO - Scrapping data for link: calendar.php?week=feb28.2010
2019-01-13 20:55:36,848 - INFO - Scrapping data for link: calendar.php?week=feb21.2010
2019-01-13 20:55:39,591 - INFO - Scrapping data for link: calendar.php?week=feb14.2010
2019-01-13 20:55:42,524 - INFO - Scrapping data for link: calendar.php?week=feb7.2010
2019-01-13 20:55:45,776 - INFO - Scrapping data for link: calendar.php?week=jan31.2010
2019-01-13 20:55:48,990 - INFO - Scrapping data for link: calendar.php?week=jan24.2010
2019-01-13 20:55:51,809 - INFO - Scrapping data for link: calendar.php?week=jan17.2010
2019-01-13 20:55:55,054 - INFO - Scrapping data for link: calendar.php?week=jan10.2010
2019-01-13 20:55:57,724 - INFO - Scrapping data for link: calendar.php?week=jan3.2010
2019-01-13 20:56:01,087 - INFO - Scrapping data for link: calendar.php?week=dec27.2009
2019-01-13 20:56:03,100 - INFO - Successfully retrieved data for year: 2010
2019-01-13 20:56:03,431 - INFO - Scrapping data for link: calendar.php?week=dec20.2009
2019-01-13 20:56:06,701 - INFO - Scrapping data for link: calendar.php?week=dec13.2009
2019-01-13 20:56:09,712 - INFO - Scrapping data for link: calendar.php?week=dec6.2009
2019-01-13 20:56:13,472 - INFO - Scrapping data for link: calendar.php?week=nov29.2009
2019-01-13 20:56:16,613 - INFO - Scrapping data for link: calendar.php?week=nov22.2009
2019-01-13 20:56:19,641 - INFO - Scrapping data for link: calendar.php?week=nov15.2009
2019-01-13 20:56:22,364 - INFO - Scrapping data for link: calendar.php?week=nov8.2009
2019-01-13 20:56:25,446 - INFO - Scrapping data for link: calendar.php?week=nov1.2009
2019-01-13 20:56:30,171 - INFO - Scrapping data for link: calendar.php?week=oct25.2009
2019-01-13 20:56:32,917 - INFO - Scrapping data for link: calendar.php?week=oct18.2009
2019-01-13 20:56:35,486 - INFO - Scrapping data for link: calendar.php?week=oct11.2009
2019-01-13 20:56:38,450 - INFO - Scrapping data for link: calendar.php?week=oct4.2009
2019-01-13 20:56:41,258 - INFO - Scrapping data for link: calendar.php?week=sep27.2009
2019-01-13 20:56:44,917 - INFO - Scrapping data for link: calendar.php?week=sep20.2009
2019-01-13 20:56:47,394 - INFO - Scrapping data for link: calendar.php?week=sep13.2009
2019-01-13 20:56:50,171 - INFO - Scrapping data for link: calendar.php?week=sep6.2009
2019-01-13 20:56:53,760 - INFO - Scrapping data for link: calendar.php?week=aug30.2009
2019-01-13 20:56:56,674 - INFO - Scrapping data for link: calendar.php?week=aug23.2009
2019-01-13 20:56:59,408 - INFO - Scrapping data for link: calendar.php?week=aug16.2009
2019-01-13 20:57:03,110 - INFO - Scrapping data for link: calendar.php?week=aug9.2009
2019-01-13 20:57:07,357 - INFO - Scrapping data for link: calendar.php?week=aug2.2009
2019-01-13 20:57:10,515 - INFO - Scrapping data for link: calendar.php?week=jul26.2009
2019-01-13 20:57:13,988 - INFO - Scrapping data for link: calendar.php?week=jul19.2009
2019-01-13 20:57:16,293 - INFO - Scrapping data for link: calendar.php?week=jul12.2009
2019-01-13 20:57:19,011 - INFO - Scrapping data for link: calendar.php?week=jul5.2009
2019-01-13 20:57:22,203 - INFO - Scrapping data for link: calendar.php?week=jun28.2009
2019-01-13 20:57:25,312 - INFO - Scrapping data for link: calendar.php?week=jun21.2009
2019-01-13 20:57:28,069 - INFO - Scrapping data for link: calendar.php?week=jun14.2009
2019-01-13 20:57:31,038 - INFO - Scrapping data for link: calendar.php?week=jun7.2009
2019-01-13 20:57:34,266 - INFO - Scrapping data for link: calendar.php?week=may31.2009
2019-01-13 20:57:37,722 - INFO - Scrapping data for link: calendar.php?week=may24.2009
2019-01-13 20:57:40,589 - INFO - Scrapping data for link: calendar.php?week=may17.2009
2019-01-13 20:57:43,139 - INFO - Scrapping data for link: calendar.php?week=may10.2009
2019-01-13 20:57:46,401 - INFO - Scrapping data for link: calendar.php?week=may3.2009
2019-01-13 20:57:49,530 - INFO - Scrapping data for link: calendar.php?week=apr26.2009
2019-01-13 20:57:52,312 - INFO - Scrapping data for link: calendar.php?week=apr19.2009
2019-01-13 20:57:55,373 - INFO - Scrapping data for link: calendar.php?week=apr12.2009
2019-01-13 20:57:58,155 - INFO - Scrapping data for link: calendar.php?week=apr5.2009
2019-01-13 20:58:00,966 - INFO - Scrapping data for link: calendar.php?week=mar29.2009
2019-01-13 20:58:04,291 - INFO - Scrapping data for link: calendar.php?week=mar22.2009
2019-01-13 20:58:07,251 - INFO - Scrapping data for link: calendar.php?week=mar15.2009
2019-01-13 20:58:10,540 - INFO - Scrapping data for link: calendar.php?week=mar8.2009
2019-01-13 20:58:14,386 - INFO - Scrapping data for link: calendar.php?week=mar1.2009
2019-01-13 20:58:18,131 - INFO - Scrapping data for link: calendar.php?week=feb22.2009
2019-01-13 20:58:21,331 - INFO - Scrapping data for link: calendar.php?week=feb15.2009
2019-01-13 20:58:24,078 - INFO - Scrapping data for link: calendar.php?week=feb8.2009
2019-01-13 20:58:26,994 - INFO - Scrapping data for link: calendar.php?week=feb1.2009
2019-01-13 20:58:30,360 - INFO - Scrapping data for link: calendar.php?week=jan25.2009
2019-01-13 20:58:33,722 - INFO - Scrapping data for link: calendar.php?week=jan18.2009
2019-01-13 20:58:37,099 - INFO - Scrapping data for link: calendar.php?week=jan11.2009
2019-01-13 20:58:40,593 - INFO - Scrapping data for link: calendar.php?week=jan4.2009
2019-01-13 20:58:44,407 - INFO - Scrapping data for link: calendar.php?week=dec28.2008
2019-01-13 20:58:46,529 - INFO - Successfully retrieved data for year: 2009
2019-01-13 20:58:46,893 - INFO - Scrapping data for link: calendar.php?week=dec21.2008
2019-01-13 20:58:49,896 - INFO - Scrapping data for link: calendar.php?week=dec14.2008
2019-01-13 20:58:53,018 - INFO - Scrapping data for link: calendar.php?week=dec7.2008
2019-01-13 20:58:55,937 - INFO - Scrapping data for link: calendar.php?week=nov30.2008
2019-01-13 20:58:59,508 - INFO - Scrapping data for link: calendar.php?week=nov23.2008
2019-01-13 20:59:02,466 - INFO - Scrapping data for link: calendar.php?week=nov16.2008
2019-01-13 20:59:05,435 - INFO - Scrapping data for link: calendar.php?week=nov9.2008
2019-01-13 20:59:08,451 - INFO - Scrapping data for link: calendar.php?week=nov2.2008
2019-01-13 20:59:11,444 - INFO - Scrapping data for link: calendar.php?week=oct26.2008
2019-01-13 20:59:14,316 - INFO - Scrapping data for link: calendar.php?week=oct19.2008
2019-01-13 20:59:17,111 - INFO - Scrapping data for link: calendar.php?week=oct12.2008
2019-01-13 20:59:19,893 - INFO - Scrapping data for link: calendar.php?week=oct5.2008
2019-01-13 20:59:22,941 - INFO - Scrapping data for link: calendar.php?week=sep28.2008
2019-01-13 20:59:26,183 - INFO - Scrapping data for link: calendar.php?week=sep21.2008
2019-01-13 20:59:28,656 - INFO - Scrapping data for link: calendar.php?week=sep14.2008
2019-01-13 20:59:31,541 - INFO - Scrapping data for link: calendar.php?week=sep7.2008
2019-01-13 20:59:34,492 - INFO - Scrapping data for link: calendar.php?week=aug31.2008
2019-01-13 20:59:37,752 - INFO - Scrapping data for link: calendar.php?week=aug24.2008
2019-01-13 20:59:40,360 - INFO - Scrapping data for link: calendar.php?week=aug17.2008
2019-01-13 20:59:43,030 - INFO - Scrapping data for link: calendar.php?week=aug10.2008
2019-01-13 20:59:46,280 - INFO - Scrapping data for link: calendar.php?week=aug3.2008
2019-01-13 20:59:48,896 - INFO - Scrapping data for link: calendar.php?week=jul27.2008
2019-01-13 20:59:51,460 - INFO - Scrapping data for link: calendar.php?week=jul20.2008
2019-01-13 20:59:54,103 - INFO - Scrapping data for link: calendar.php?week=jul13.2008
2019-01-13 20:59:57,316 - INFO - Scrapping data for link: calendar.php?week=jul6.2008
2019-01-13 20:59:59,743 - INFO - Scrapping data for link: calendar.php?week=jun29.2008
2019-01-13 21:00:02,806 - INFO - Scrapping data for link: calendar.php?week=jun22.2008
2019-01-13 21:00:05,796 - INFO - Scrapping data for link: calendar.php?week=jun15.2008
2019-01-13 21:00:08,475 - INFO - Scrapping data for link: calendar.php?week=jun8.2008
2019-01-13 21:00:11,876 - INFO - Scrapping data for link: calendar.php?week=jun1.2008
2019-01-13 21:00:15,229 - INFO - Scrapping data for link: calendar.php?week=may25.2008
2019-01-13 21:00:17,756 - INFO - Scrapping data for link: calendar.php?week=may18.2008
2019-01-13 21:00:20,610 - INFO - Scrapping data for link: calendar.php?week=may11.2008
2019-01-13 21:00:24,266 - INFO - Scrapping data for link: calendar.php?week=may4.2008
2019-01-13 21:00:27,115 - INFO - Scrapping data for link: calendar.php?week=apr27.2008
2019-01-13 21:00:30,534 - INFO - Scrapping data for link: calendar.php?week=apr20.2008
2019-01-13 21:00:33,246 - INFO - Scrapping data for link: calendar.php?week=apr13.2008
2019-01-13 21:00:36,288 - INFO - Scrapping data for link: calendar.php?week=apr6.2008
2019-01-13 21:00:39,257 - INFO - Scrapping data for link: calendar.php?week=mar30.2008
2019-01-13 21:00:42,280 - INFO - Scrapping data for link: calendar.php?week=mar23.2008
2019-01-13 21:00:45,314 - INFO - Scrapping data for link: calendar.php?week=mar16.2008
2019-01-13 21:00:48,506 - INFO - Scrapping data for link: calendar.php?week=mar9.2008
2019-01-13 21:00:52,216 - INFO - Scrapping data for link: calendar.php?week=mar2.2008
2019-01-13 21:00:55,613 - INFO - Scrapping data for link: calendar.php?week=feb24.2008
2019-01-13 21:00:58,351 - INFO - Scrapping data for link: calendar.php?week=feb17.2008
2019-01-13 21:01:00,679 - INFO - Scrapping data for link: calendar.php?week=feb10.2008
2019-01-13 21:01:04,044 - INFO - Scrapping data for link: calendar.php?week=feb3.2008
2019-01-13 21:01:07,654 - INFO - Scrapping data for link: calendar.php?week=jan27.2008
2019-01-13 21:01:10,303 - INFO - Scrapping data for link: calendar.php?week=jan20.2008
2019-01-13 21:01:13,392 - INFO - Scrapping data for link: calendar.php?week=jan13.2008
2019-01-13 21:01:16,373 - INFO - Scrapping data for link: calendar.php?week=jan6.2008
2019-01-13 21:01:18,911 - INFO - Scrapping data for link: calendar.php?week=dec30.2007
2019-01-13 21:01:22,029 - INFO - Successfully retrieved data for year: 2008
2019-01-13 21:01:22,373 - INFO - Scrapping data for link: calendar.php?week=dec23.2007
2019-01-13 21:01:24,410 - INFO - Scrapping data for link: calendar.php?week=dec16.2007
2019-01-13 21:01:27,185 - INFO - Scrapping data for link: calendar.php?week=dec9.2007
2019-01-13 21:01:30,870 - INFO - Scrapping data for link: calendar.php?week=dec2.2007
2019-01-13 21:01:33,862 - INFO - Scrapping data for link: calendar.php?week=nov25.2007
2019-01-13 21:01:36,885 - INFO - Scrapping data for link: calendar.php?week=nov18.2007
2019-01-13 21:01:39,357 - INFO - Scrapping data for link: calendar.php?week=nov11.2007
2019-01-13 21:01:42,467 - INFO - Scrapping data for link: calendar.php?week=nov4.2007
2019-01-13 21:01:46,132 - INFO - Scrapping data for link: calendar.php?week=oct28.2007
2019-01-13 21:01:50,116 - INFO - Scrapping data for link: calendar.php?week=oct21.2007
2019-01-13 21:01:52,552 - INFO - Scrapping data for link: calendar.php?week=oct14.2007
2019-01-13 21:01:55,121 - INFO - Scrapping data for link: calendar.php?week=oct7.2007
2019-01-13 21:01:58,218 - INFO - Scrapping data for link: calendar.php?week=sep30.2007
2019-01-13 21:02:00,947 - INFO - Scrapping data for link: calendar.php?week=sep23.2007
2019-01-13 21:02:06,204 - INFO - Scrapping data for link: calendar.php?week=sep16.2007
2019-01-13 21:02:09,219 - INFO - Scrapping data for link: calendar.php?week=sep9.2007
2019-01-13 21:02:12,096 - INFO - Scrapping data for link: calendar.php?week=sep2.2007
2019-01-13 21:02:15,954 - INFO - Scrapping data for link: calendar.php?week=aug26.2007
2019-01-13 21:02:18,831 - INFO - Scrapping data for link: calendar.php?week=aug19.2007
2019-01-13 21:02:21,097 - INFO - Scrapping data for link: calendar.php?week=aug12.2007
2019-01-13 21:02:23,782 - INFO - Scrapping data for link: calendar.php?week=aug5.2007
2019-01-13 21:02:26,454 - INFO - Scrapping data for link: calendar.php?week=jul29.2007
2019-01-13 21:02:29,288 - INFO - Scrapping data for link: calendar.php?week=jul22.2007
2019-01-13 21:02:31,548 - INFO - Scrapping data for link: calendar.php?week=jul15.2007
2019-01-13 21:02:34,990 - INFO - Scrapping data for link: calendar.php?week=jul8.2007
2019-01-13 21:02:37,639 - INFO - Scrapping data for link: calendar.php?week=jul1.2007
2019-01-13 21:02:40,395 - INFO - Scrapping data for link: calendar.php?week=jun24.2007
2019-01-13 21:02:43,323 - INFO - Scrapping data for link: calendar.php?week=jun17.2007
2019-01-13 21:02:45,585 - INFO - Scrapping data for link: calendar.php?week=jun10.2007
2019-01-13 21:02:48,706 - INFO - Scrapping data for link: calendar.php?week=jun3.2007
2019-01-13 21:02:51,925 - INFO - Scrapping data for link: calendar.php?week=may27.2007
2019-01-13 21:02:54,721 - INFO - Scrapping data for link: calendar.php?week=may20.2007
2019-01-13 21:02:56,936 - INFO - Scrapping data for link: calendar.php?week=may13.2007
2019-01-13 21:03:00,577 - INFO - Scrapping data for link: calendar.php?week=may6.2007
2019-01-13 21:03:03,261 - INFO - Scrapping data for link: calendar.php?week=apr29.2007
2019-01-13 21:03:05,890 - INFO - Scrapping data for link: calendar.php?week=apr22.2007
2019-01-13 21:03:08,764 - INFO - Scrapping data for link: calendar.php?week=apr15.2007
2019-01-13 21:03:11,560 - INFO - Scrapping data for link: calendar.php?week=apr8.2007
2019-01-13 21:03:14,191 - INFO - Scrapping data for link: calendar.php?week=apr1.2007
2019-01-13 21:03:17,003 - INFO - Scrapping data for link: calendar.php?week=mar25.2007
2019-01-13 21:03:19,701 - INFO - Scrapping data for link: calendar.php?week=mar18.2007
2019-01-13 21:03:22,204 - INFO - Scrapping data for link: calendar.php?week=mar11.2007
2019-01-13 21:03:25,341 - INFO - Scrapping data for link: calendar.php?week=mar4.2007
2019-01-13 21:03:28,035 - INFO - Scrapping data for link: calendar.php?week=feb25.2007
2019-01-13 21:03:31,199 - INFO - Scrapping data for link: calendar.php?week=feb18.2007
2019-01-13 21:03:34,042 - INFO - Scrapping data for link: calendar.php?week=feb11.2007
2019-01-13 21:03:37,524 - INFO - Scrapping data for link: calendar.php?week=feb4.2007
2019-01-13 21:03:40,234 - INFO - Scrapping data for link: calendar.php?week=jan28.2007
2019-01-13 21:03:43,389 - INFO - Scrapping data for link: calendar.php?week=jan21.2007
2019-01-13 21:03:45,818 - INFO - Scrapping data for link: calendar.php?week=jan14.2007
2019-01-13 21:03:48,695 - INFO - Scrapping data for link: calendar.php?week=jan7.2007
2019-01-13 21:03:51,652 - INFO - Scrapping data for link: calendar.php?week=dec31.2006
2019-01-13 21:03:52,613 - INFO - No more data available in the server
