2018-12-30 00:48:10,249 - INFO - #########################
2018-12-30 00:48:10,249 - INFO - 
2018-12-30 00:48:10,249 - INFO - Starting a new sweep, grouping news by: ALL_YES_3_2_1
2018-12-30 00:48:50,865 - INFO - Starting a new sweep with market features: all
2018-12-30 00:48:50,866 - INFO - Starting a new sweep, features before the publication are: included
2018-12-30 00:48:50,866 - INFO - Starting a new sweep, delay in between buying-selling is: 0_60
2018-12-30 00:48:50,866 - INFO - Starting a new sweep for grid mode: basic
2018-12-30 00:48:50,866 - INFO - List of dynamic market fields: ['volatility_60_0_before', 'pips_agg_60_0_before', 'datetime', 'pips_agg_0_60_after']
2018-12-30 00:48:51,731 - INFO - X columns for the model: ['new_id', 'weekday', 'year', 'pe_worse', 'fe_better', 'pips_agg_60_0_before', 'num_news', 'forecast_error_ratio_zscore', 'volatility_60_0_before', 'fe_accurate', 'Medium', 'week', 'fe_worse', 'High', 'total_error_ratio_zscore', 'pe_better', 'Low', 'pe_accurate']
2018-12-30 00:48:51,786 - INFO - Starting KNeighborsClassifier
2018-12-30 00:49:14,023 - INFO - There are no predictions for class -1
2018-12-30 00:49:14,031 - INFO - Starting SVC - rbf
2018-12-30 00:52:33,544 - INFO - There are no predictions for class -2
2018-12-30 00:52:33,545 - INFO - There are no predictions for class -1
2018-12-30 00:52:33,545 - INFO - There are no predictions for class 1
2018-12-30 00:52:33,546 - INFO - There are no predictions for class 2
2018-12-30 00:52:33,556 - INFO - Starting DecisionTreeClassifier
2018-12-30 00:52:41,537 - INFO - There are no predictions for class -1
2018-12-30 00:52:41,538 - INFO - There are no predictions for class 1
2018-12-30 00:52:41,557 - INFO - Starting RandomForestClassifier
2018-12-30 01:01:16,985 - INFO - There are no predictions for class -1
2018-12-30 01:01:16,985 - INFO - There are no predictions for class 1
2018-12-30 01:01:17,003 - INFO - Starting XGBClassifier
2018-12-30 01:02:14,558 - INFO - Starting GradientBoostingClassifier
2018-12-30 01:03:37,683 - INFO - Starting AdaBoostClassifier
2018-12-30 01:04:00,963 - INFO - sweep done in: 15.17 min
2018-12-30 01:04:00,965 - INFO - Starting a new sweep, delay in between buying-selling is: 15_60
2018-12-30 01:04:00,965 - INFO - Starting a new sweep for grid mode: basic
2018-12-30 01:04:00,969 - INFO - List of dynamic market fields: ['volatility_0_5_after', 'pips_agg_0_5_after', 'pips_candle_0_5_after', 'direction_candle_0_5_after', 'direction_agg_0_5_after', 'volatility_5_10_after', 'pips_agg_5_10_after', 'pips_candle_5_10_after', 'direction_candle_5_10_after', 'direction_agg_5_10_after', 'volatility_10_15_after', 'pips_agg_10_15_after', 'pips_candle_10_15_after', 'direction_candle_10_15_after', 'direction_agg_10_15_after', 'volatility_60_0_before', 'pips_agg_60_0_before', 'datetime', 'pips_agg_0_60_after']
2018-12-30 01:04:02,078 - INFO - X columns for the model: ['new_id', 'weekday', 'direction_candle_10_15_after', 'year', 'pips_agg_60_0_before', 'num_news', 'pips_candle_10_15_after', 'fe_accurate', 'Medium', 'direction_candle_5_10_after', 'volatility_5_10_after', 'High', 'total_error_ratio_zscore', 'pe_better', 'volatility_0_5_after', 'Low', 'pips_candle_5_10_after', 'direction_agg_5_10_after', 'pips_agg_5_10_after', 'direction_agg_10_15_after', 'pe_worse', 'fe_better', 'direction_candle_0_5_after', 'pe_accurate', 'forecast_error_ratio_zscore', 'volatility_60_0_before', 'week', 'fe_worse', 'direction_agg_0_5_after', 'pips_agg_10_15_after', 'pips_candle_0_5_after', 'volatility_10_15_after', 'pips_agg_0_5_after']
2018-12-30 01:04:02,152 - INFO - Starting KNeighborsClassifier
2018-12-30 01:05:06,155 - INFO - Starting SVC - rbf
2018-12-30 01:08:39,520 - INFO - There are no predictions for class -2
2018-12-30 01:08:39,521 - INFO - There are no predictions for class -1
2018-12-30 01:08:39,521 - INFO - There are no predictions for class 1
2018-12-30 01:08:39,522 - INFO - There are no predictions for class 2
2018-12-30 01:08:39,533 - INFO - Starting DecisionTreeClassifier
2018-12-30 01:08:51,404 - INFO - There are no predictions for class -1
2018-12-30 01:08:51,406 - INFO - There are no predictions for class 1
2018-12-30 01:08:51,419 - INFO - Starting RandomForestClassifier
2018-12-30 01:18:16,192 - INFO - There are no predictions for class -1
2018-12-30 01:18:16,192 - INFO - There are no predictions for class 1
2018-12-30 01:18:16,203 - INFO - Starting XGBClassifier
2018-12-30 01:19:55,347 - INFO - Starting GradientBoostingClassifier
2018-12-30 01:21:58,061 - INFO - Starting AdaBoostClassifier
2018-12-30 01:22:24,274 - INFO - There are no predictions for class 1
2018-12-30 01:22:24,299 - INFO - sweep done in: 18.39 min
2018-12-30 01:22:24,301 - INFO - Starting a new sweep, delay in between buying-selling is: 30_60
2018-12-30 01:22:24,302 - INFO - Starting a new sweep for grid mode: basic
2018-12-30 01:22:24,302 - INFO - List of dynamic market fields: ['volatility_0_5_after', 'pips_agg_0_5_after', 'pips_candle_0_5_after', 'direction_candle_0_5_after', 'direction_agg_0_5_after', 'volatility_5_10_after', 'pips_agg_5_10_after', 'pips_candle_5_10_after', 'direction_candle_5_10_after', 'direction_agg_5_10_after', 'volatility_10_15_after', 'pips_agg_10_15_after', 'pips_candle_10_15_after', 'direction_candle_10_15_after', 'direction_agg_10_15_after', 'volatility_15_20_after', 'pips_agg_15_20_after', 'pips_candle_15_20_after', 'direction_candle_15_20_after', 'direction_agg_15_20_after', 'volatility_20_25_after', 'pips_agg_20_25_after', 'pips_candle_20_25_after', 'direction_candle_20_25_after', 'direction_agg_20_25_after', 'volatility_25_30_after', 'pips_agg_25_30_after', 'pips_candle_25_30_after', 'direction_candle_25_30_after', 'direction_agg_25_30_after', 'volatility_60_0_before', 'pips_agg_60_0_before', 'datetime', 'pips_agg_0_60_after']
2018-12-30 01:22:25,648 - INFO - X columns for the model: ['new_id', 'weekday', 'direction_candle_10_15_after', 'pips_candle_15_20_after', 'year', 'pips_candle_25_30_after', 'direction_agg_20_25_after', 'pips_agg_60_0_before', 'num_news', 'direction_candle_15_20_after', 'pips_candle_10_15_after', 'fe_accurate', 'Medium', 'pips_candle_20_25_after', 'volatility_25_30_after', 'direction_candle_5_10_after', 'direction_candle_25_30_after', 'volatility_5_10_after', 'High', 'total_error_ratio_zscore', 'pe_better', 'volatility_0_5_after', 'pips_agg_25_30_after', 'Low', 'pips_candle_5_10_after', 'direction_agg_5_10_after', 'pips_agg_5_10_after', 'direction_agg_10_15_after', 'pe_worse', 'fe_better', 'direction_candle_0_5_after', 'pips_agg_20_25_after', 'pe_accurate', 'direction_agg_25_30_after', 'pips_agg_15_20_after', 'forecast_error_ratio_zscore', 'direction_agg_15_20_after', 'volatility_60_0_before', 'volatility_20_25_after', 'week', 'fe_worse', 'direction_agg_0_5_after', 'direction_candle_20_25_after', 'pips_agg_10_15_after', 'pips_candle_0_5_after', 'volatility_10_15_after', 'pips_agg_0_5_after', 'volatility_15_20_after']
2018-12-30 01:22:25,739 - INFO - Starting KNeighborsClassifier
2018-12-30 01:24:19,504 - INFO - Starting SVC - rbf
2018-12-30 01:29:06,001 - INFO - There are no predictions for class -2
2018-12-30 01:29:06,001 - INFO - There are no predictions for class -1
2018-12-30 01:29:06,001 - INFO - There are no predictions for class 1
2018-12-30 01:29:06,002 - INFO - There are no predictions for class 2
2018-12-30 01:29:06,018 - INFO - Starting DecisionTreeClassifier
2018-12-30 01:29:23,227 - INFO - Starting RandomForestClassifier
2018-12-30 01:39:08,630 - INFO - Starting XGBClassifier
2018-12-30 01:41:21,237 - INFO - Starting GradientBoostingClassifier
2018-12-30 01:44:27,440 - INFO - Starting AdaBoostClassifier
2018-12-30 01:45:01,661 - INFO - There are no predictions for class -1
2018-12-30 01:45:01,696 - INFO - sweep done in: 22.62 min
2018-12-30 01:45:01,699 - INFO - Starting a new sweep, delay in between buying-selling is: 30_90
2018-12-30 01:45:01,699 - INFO - Starting a new sweep for grid mode: basic
2018-12-30 01:45:01,699 - INFO - List of dynamic market fields: ['volatility_0_5_after', 'pips_agg_0_5_after', 'pips_candle_0_5_after', 'direction_candle_0_5_after', 'direction_agg_0_5_after', 'volatility_5_10_after', 'pips_agg_5_10_after', 'pips_candle_5_10_after', 'direction_candle_5_10_after', 'direction_agg_5_10_after', 'volatility_10_15_after', 'pips_agg_10_15_after', 'pips_candle_10_15_after', 'direction_candle_10_15_after', 'direction_agg_10_15_after', 'volatility_15_20_after', 'pips_agg_15_20_after', 'pips_candle_15_20_after', 'direction_candle_15_20_after', 'direction_agg_15_20_after', 'volatility_20_25_after', 'pips_agg_20_25_after', 'pips_candle_20_25_after', 'direction_candle_20_25_after', 'direction_agg_20_25_after', 'volatility_25_30_after', 'pips_agg_25_30_after', 'pips_candle_25_30_after', 'direction_candle_25_30_after', 'direction_agg_25_30_after', 'volatility_60_0_before', 'pips_agg_60_0_before', 'datetime', 'pips_agg_0_90_after']
2018-12-30 01:45:03,263 - INFO - X columns for the model: ['new_id', 'weekday', 'direction_candle_10_15_after', 'pips_candle_15_20_after', 'year', 'pips_candle_25_30_after', 'direction_agg_20_25_after', 'pips_agg_60_0_before', 'num_news', 'direction_candle_15_20_after', 'pips_candle_10_15_after', 'fe_accurate', 'Medium', 'pips_candle_20_25_after', 'volatility_25_30_after', 'direction_candle_5_10_after', 'direction_candle_25_30_after', 'volatility_5_10_after', 'High', 'total_error_ratio_zscore', 'pe_better', 'volatility_0_5_after', 'pips_agg_25_30_after', 'Low', 'pips_candle_5_10_after', 'direction_agg_5_10_after', 'pips_agg_5_10_after', 'direction_agg_10_15_after', 'pe_worse', 'fe_better', 'direction_candle_0_5_after', 'pips_agg_20_25_after', 'pe_accurate', 'direction_agg_25_30_after', 'pips_agg_15_20_after', 'forecast_error_ratio_zscore', 'direction_agg_15_20_after', 'volatility_60_0_before', 'volatility_20_25_after', 'week', 'fe_worse', 'direction_agg_0_5_after', 'direction_candle_20_25_after', 'pips_agg_10_15_after', 'pips_candle_0_5_after', 'volatility_10_15_after', 'pips_agg_0_5_after', 'volatility_15_20_after']
2018-12-30 01:45:03,377 - INFO - Starting KNeighborsClassifier
2018-12-30 01:47:26,492 - INFO - Starting SVC - rbf
2018-12-30 01:52:11,161 - INFO - There are no predictions for class -2
2018-12-30 01:52:11,162 - INFO - There are no predictions for class -1
2018-12-30 01:52:11,162 - INFO - There are no predictions for class 1
2018-12-30 01:52:11,163 - INFO - There are no predictions for class 2
2018-12-30 01:52:11,178 - INFO - Starting DecisionTreeClassifier
2018-12-30 01:52:28,523 - INFO - Starting RandomForestClassifier
2018-12-30 02:02:19,171 - INFO - Starting XGBClassifier
2018-12-30 02:04:37,149 - INFO - Starting GradientBoostingClassifier
2018-12-30 02:07:24,567 - INFO - Starting AdaBoostClassifier
2018-12-30 02:07:56,201 - INFO - There are no predictions for class -1
2018-12-30 02:07:56,208 - INFO - There are no predictions for class 1
2018-12-30 02:07:56,228 - INFO - sweep done in: 22.91 min
2018-12-30 02:07:56,231 - INFO - Starting a new sweep, delay in between buying-selling is: 30_120
2018-12-30 02:07:56,232 - INFO - Starting a new sweep for grid mode: basic
2018-12-30 02:07:56,232 - INFO - List of dynamic market fields: ['volatility_0_5_after', 'pips_agg_0_5_after', 'pips_candle_0_5_after', 'direction_candle_0_5_after', 'direction_agg_0_5_after', 'volatility_5_10_after', 'pips_agg_5_10_after', 'pips_candle_5_10_after', 'direction_candle_5_10_after', 'direction_agg_5_10_after', 'volatility_10_15_after', 'pips_agg_10_15_after', 'pips_candle_10_15_after', 'direction_candle_10_15_after', 'direction_agg_10_15_after', 'volatility_15_20_after', 'pips_agg_15_20_after', 'pips_candle_15_20_after', 'direction_candle_15_20_after', 'direction_agg_15_20_after', 'volatility_20_25_after', 'pips_agg_20_25_after', 'pips_candle_20_25_after', 'direction_candle_20_25_after', 'direction_agg_20_25_after', 'volatility_25_30_after', 'pips_agg_25_30_after', 'pips_candle_25_30_after', 'direction_candle_25_30_after', 'direction_agg_25_30_after', 'volatility_60_0_before', 'pips_agg_60_0_before', 'datetime', 'pips_agg_0_120_after']
2018-12-30 02:07:57,522 - INFO - X columns for the model: ['new_id', 'weekday', 'direction_candle_10_15_after', 'pips_candle_15_20_after', 'year', 'pips_candle_25_30_after', 'direction_agg_20_25_after', 'pips_agg_60_0_before', 'num_news', 'direction_candle_15_20_after', 'pips_candle_10_15_after', 'fe_accurate', 'Medium', 'pips_candle_20_25_after', 'volatility_25_30_after', 'direction_candle_5_10_after', 'direction_candle_25_30_after', 'volatility_5_10_after', 'High', 'total_error_ratio_zscore', 'pe_better', 'volatility_0_5_after', 'pips_agg_25_30_after', 'Low', 'pips_candle_5_10_after', 'direction_agg_5_10_after', 'pips_agg_5_10_after', 'direction_agg_10_15_after', 'pe_worse', 'fe_better', 'direction_candle_0_5_after', 'pips_agg_20_25_after', 'pe_accurate', 'direction_agg_25_30_after', 'pips_agg_15_20_after', 'forecast_error_ratio_zscore', 'direction_agg_15_20_after', 'volatility_60_0_before', 'volatility_20_25_after', 'week', 'fe_worse', 'direction_agg_0_5_after', 'direction_candle_20_25_after', 'pips_agg_10_15_after', 'pips_candle_0_5_after', 'volatility_10_15_after', 'pips_agg_0_5_after', 'volatility_15_20_after']
2018-12-30 02:07:57,624 - INFO - Starting KNeighborsClassifier
2018-12-30 02:10:05,341 - INFO - Starting SVC - rbf
2018-12-30 02:14:49,129 - INFO - There are no predictions for class -2
2018-12-30 02:14:49,130 - INFO - There are no predictions for class -1
2018-12-30 02:14:49,130 - INFO - There are no predictions for class 1
2018-12-30 02:14:49,131 - INFO - There are no predictions for class 2
2018-12-30 02:14:49,140 - INFO - Starting DecisionTreeClassifier
2018-12-30 02:15:06,919 - INFO - There are no predictions for class -1
2018-12-30 02:15:06,920 - INFO - There are no predictions for class 1
2018-12-30 02:15:06,936 - INFO - Starting RandomForestClassifier
2018-12-30 02:25:12,201 - INFO - There are no predictions for class -1
2018-12-30 02:25:12,201 - INFO - There are no predictions for class 1
2018-12-30 02:25:12,212 - INFO - Starting XGBClassifier
2018-12-30 02:27:23,241 - INFO - Starting GradientBoostingClassifier
2018-12-30 02:30:09,334 - INFO - Starting AdaBoostClassifier
2018-12-30 02:30:40,509 - INFO - There are no predictions for class -1
2018-12-30 02:30:40,534 - INFO - sweep done in: 22.74 min
2018-12-30 02:30:40,544 - INFO - Starting a new sweep, delay in between buying-selling is: 30_120
2018-12-30 02:30:40,545 - INFO - Starting a new sweep for grid mode: basic
2018-12-30 02:30:40,545 - INFO - List of dynamic market fields: ['volatility_0_5_after', 'pips_agg_0_5_after', 'pips_candle_0_5_after', 'direction_candle_0_5_after', 'direction_agg_0_5_after', 'volatility_5_10_after', 'pips_agg_5_10_after', 'pips_candle_5_10_after', 'direction_candle_5_10_after', 'direction_agg_5_10_after', 'volatility_10_15_after', 'pips_agg_10_15_after', 'pips_candle_10_15_after', 'direction_candle_10_15_after', 'direction_agg_10_15_after', 'volatility_15_20_after', 'pips_agg_15_20_after', 'pips_candle_15_20_after', 'direction_candle_15_20_after', 'direction_agg_15_20_after', 'volatility_20_25_after', 'pips_agg_20_25_after', 'pips_candle_20_25_after', 'direction_candle_20_25_after', 'direction_agg_20_25_after', 'volatility_25_30_after', 'pips_agg_25_30_after', 'pips_candle_25_30_after', 'direction_candle_25_30_after', 'direction_agg_25_30_after', 'volatility_60_0_before', 'pips_agg_60_0_before', 'datetime', 'pips_agg_0_120_after']
2018-12-30 02:30:41,829 - INFO - X columns for the model: ['new_id', 'weekday', 'direction_candle_10_15_after', 'pips_candle_15_20_after', 'year', 'pips_candle_25_30_after', 'direction_agg_20_25_after', 'pips_agg_60_0_before', 'num_news', 'direction_candle_15_20_after', 'pips_candle_10_15_after', 'fe_accurate', 'Medium', 'pips_candle_20_25_after', 'volatility_25_30_after', 'direction_candle_5_10_after', 'direction_candle_25_30_after', 'volatility_5_10_after', 'High', 'total_error_ratio_zscore', 'pe_better', 'volatility_0_5_after', 'pips_agg_25_30_after', 'Low', 'pips_candle_5_10_after', 'direction_agg_5_10_after', 'pips_agg_5_10_after', 'direction_agg_10_15_after', 'pe_worse', 'fe_better', 'direction_candle_0_5_after', 'pips_agg_20_25_after', 'pe_accurate', 'direction_agg_25_30_after', 'pips_agg_15_20_after', 'forecast_error_ratio_zscore', 'direction_agg_15_20_after', 'volatility_60_0_before', 'volatility_20_25_after', 'week', 'fe_worse', 'direction_agg_0_5_after', 'direction_candle_20_25_after', 'pips_agg_10_15_after', 'pips_candle_0_5_after', 'volatility_10_15_after', 'pips_agg_0_5_after', 'volatility_15_20_after']
2018-12-30 02:30:41,931 - INFO - Starting KNeighborsClassifier
2018-12-30 02:32:42,263 - INFO - Starting SVC - rbf
2018-12-30 02:37:03,452 - INFO - There are no predictions for class -2
2018-12-30 02:37:03,452 - INFO - There are no predictions for class -1
2018-12-30 02:37:03,453 - INFO - There are no predictions for class 1
2018-12-30 02:37:03,453 - INFO - There are no predictions for class 2
2018-12-30 02:37:03,467 - INFO - Starting DecisionTreeClassifier
2018-12-30 02:37:20,388 - INFO - There are no predictions for class -1
2018-12-30 02:37:20,388 - INFO - There are no predictions for class 1
2018-12-30 02:37:20,400 - INFO - Starting RandomForestClassifier
2018-12-30 02:47:15,335 - INFO - There are no predictions for class -1
2018-12-30 02:47:15,335 - INFO - There are no predictions for class 1
2018-12-30 02:47:15,348 - INFO - Starting XGBClassifier
2018-12-30 02:49:30,044 - INFO - Starting GradientBoostingClassifier
2018-12-30 02:52:34,339 - INFO - Starting AdaBoostClassifier
2018-12-30 02:53:08,381 - INFO - There are no predictions for class -1
2018-12-30 02:53:08,412 - INFO - sweep done in: 22.46 min
2018-12-30 02:53:08,419 - INFO - Starting a new sweep, delay in between buying-selling is: 30_240
2018-12-30 02:53:08,419 - INFO - Starting a new sweep for grid mode: basic
2018-12-30 02:53:08,420 - INFO - List of dynamic market fields: ['volatility_0_5_after', 'pips_agg_0_5_after', 'pips_candle_0_5_after', 'direction_candle_0_5_after', 'direction_agg_0_5_after', 'volatility_5_10_after', 'pips_agg_5_10_after', 'pips_candle_5_10_after', 'direction_candle_5_10_after', 'direction_agg_5_10_after', 'volatility_10_15_after', 'pips_agg_10_15_after', 'pips_candle_10_15_after', 'direction_candle_10_15_after', 'direction_agg_10_15_after', 'volatility_15_20_after', 'pips_agg_15_20_after', 'pips_candle_15_20_after', 'direction_candle_15_20_after', 'direction_agg_15_20_after', 'volatility_20_25_after', 'pips_agg_20_25_after', 'pips_candle_20_25_after', 'direction_candle_20_25_after', 'direction_agg_20_25_after', 'volatility_25_30_after', 'pips_agg_25_30_after', 'pips_candle_25_30_after', 'direction_candle_25_30_after', 'direction_agg_25_30_after', 'volatility_60_0_before', 'pips_agg_60_0_before', 'datetime', 'pips_agg_0_240_after']
2018-12-30 02:53:09,803 - INFO - X columns for the model: ['new_id', 'weekday', 'direction_candle_10_15_after', 'pips_candle_15_20_after', 'year', 'pips_candle_25_30_after', 'direction_agg_20_25_after', 'pips_agg_60_0_before', 'num_news', 'direction_candle_15_20_after', 'pips_candle_10_15_after', 'fe_accurate', 'Medium', 'pips_candle_20_25_after', 'volatility_25_30_after', 'direction_candle_5_10_after', 'direction_candle_25_30_after', 'volatility_5_10_after', 'High', 'total_error_ratio_zscore', 'pe_better', 'volatility_0_5_after', 'pips_agg_25_30_after', 'Low', 'pips_candle_5_10_after', 'direction_agg_5_10_after', 'pips_agg_5_10_after', 'direction_agg_10_15_after', 'pe_worse', 'fe_better', 'direction_candle_0_5_after', 'pips_agg_20_25_after', 'pe_accurate', 'direction_agg_25_30_after', 'pips_agg_15_20_after', 'forecast_error_ratio_zscore', 'direction_agg_15_20_after', 'volatility_60_0_before', 'volatility_20_25_after', 'week', 'fe_worse', 'direction_agg_0_5_after', 'direction_candle_20_25_after', 'pips_agg_10_15_after', 'pips_candle_0_5_after', 'volatility_10_15_after', 'pips_agg_0_5_after', 'volatility_15_20_after']
2018-12-30 02:53:09,902 - INFO - Starting KNeighborsClassifier
2018-12-30 02:55:28,363 - INFO - There are no predictions for class -1
2018-12-30 02:55:28,375 - INFO - Starting SVC - rbf
2018-12-30 02:59:50,840 - INFO - There are no predictions for class -2
2018-12-30 02:59:50,840 - INFO - There are no predictions for class -1
2018-12-30 02:59:50,841 - INFO - There are no predictions for class 1
2018-12-30 02:59:50,841 - INFO - There are no predictions for class 2
2018-12-30 02:59:50,853 - INFO - Starting DecisionTreeClassifier
2018-12-30 03:00:07,615 - INFO - There are no predictions for class -1
2018-12-30 03:00:07,615 - INFO - There are no predictions for class 1
2018-12-30 03:00:07,630 - INFO - Starting RandomForestClassifier
2018-12-30 03:09:42,618 - INFO - There are no predictions for class -1
2018-12-30 03:09:42,618 - INFO - There are no predictions for class 1
2018-12-30 03:09:42,629 - INFO - Starting XGBClassifier
2018-12-30 03:12:01,124 - INFO - Starting GradientBoostingClassifier
2018-12-30 03:14:46,383 - INFO - Starting AdaBoostClassifier
2018-12-30 03:15:17,486 - INFO - There are no predictions for class -1
2018-12-30 03:15:17,486 - INFO - There are no predictions for class 1
2018-12-30 03:15:17,514 - INFO - sweep done in: 22.15 min
2018-12-30 03:15:17,525 - INFO - Starting a new sweep, features before the publication are: excluded
2018-12-30 03:15:17,525 - INFO - Starting a new sweep, delay in between buying-selling is: 0_60
2018-12-30 03:15:17,525 - INFO - Starting a new sweep for grid mode: basic
2018-12-30 03:15:17,526 - INFO - List of dynamic market fields: ['datetime', 'pips_agg_0_60_after']
2018-12-30 03:15:18,186 - INFO - X columns for the model: ['new_id', 'weekday', 'pe_worse', 'year', 'fe_better', 'num_news', 'forecast_error_ratio_zscore', 'fe_accurate', 'Medium', 'week', 'fe_worse', 'High', 'total_error_ratio_zscore', 'pe_better', 'Low', 'pe_accurate']
2018-12-30 03:15:18,233 - INFO - Starting KNeighborsClassifier
2018-12-30 03:15:30,225 - INFO - There are no predictions for class -1
2018-12-30 03:15:30,225 - INFO - There are no predictions for class 1
2018-12-30 03:15:30,225 - INFO - There are no predictions for class 2
2018-12-30 03:15:30,234 - INFO - Starting SVC - rbf
2018-12-30 03:18:44,745 - INFO - There are no predictions for class -2
2018-12-30 03:18:44,746 - INFO - There are no predictions for class -1
2018-12-30 03:18:44,746 - INFO - There are no predictions for class 1
2018-12-30 03:18:44,747 - INFO - There are no predictions for class 2
2018-12-30 03:18:44,762 - INFO - Starting DecisionTreeClassifier
2018-12-30 03:18:51,747 - INFO - There are no predictions for class -1
2018-12-30 03:18:51,748 - INFO - There are no predictions for class 1
2018-12-30 03:18:51,763 - INFO - Starting RandomForestClassifier
2018-12-30 03:27:18,591 - INFO - There are no predictions for class -1
2018-12-30 03:27:18,592 - INFO - There are no predictions for class 1
2018-12-30 03:27:18,606 - INFO - Starting XGBClassifier
2018-12-30 03:28:13,677 - INFO - There are no predictions for class 1
2018-12-30 03:28:13,693 - INFO - Starting GradientBoostingClassifier
2018-12-30 03:29:33,222 - INFO - Starting AdaBoostClassifier
2018-12-30 03:29:51,854 - INFO - There are no predictions for class -1
2018-12-30 03:29:51,854 - INFO - There are no predictions for class 1
2018-12-30 03:29:51,880 - INFO - sweep done in: 14.57 min
2018-12-30 03:29:51,883 - INFO - Starting a new sweep, delay in between buying-selling is: 15_60
2018-12-30 03:29:51,884 - INFO - Starting a new sweep for grid mode: basic
2018-12-30 03:29:51,884 - INFO - List of dynamic market fields: ['volatility_0_5_after', 'pips_agg_0_5_after', 'pips_candle_0_5_after', 'direction_candle_0_5_after', 'direction_agg_0_5_after', 'volatility_5_10_after', 'pips_agg_5_10_after', 'pips_candle_5_10_after', 'direction_candle_5_10_after', 'direction_agg_5_10_after', 'volatility_10_15_after', 'pips_agg_10_15_after', 'pips_candle_10_15_after', 'direction_candle_10_15_after', 'direction_agg_10_15_after', 'datetime', 'pips_agg_0_60_after']
2018-12-30 03:29:52,838 - INFO - X columns for the model: ['new_id', 'weekday', 'direction_candle_10_15_after', 'year', 'num_news', 'pips_candle_10_15_after', 'fe_accurate', 'Medium', 'direction_candle_5_10_after', 'volatility_5_10_after', 'High', 'total_error_ratio_zscore', 'pe_better', 'volatility_0_5_after', 'Low', 'pips_candle_5_10_after', 'direction_agg_5_10_after', 'pips_agg_5_10_after', 'direction_agg_10_15_after', 'pe_worse', 'fe_better', 'direction_candle_0_5_after', 'pe_accurate', 'forecast_error_ratio_zscore', 'week', 'fe_worse', 'direction_agg_0_5_after', 'pips_agg_10_15_after', 'pips_candle_0_5_after', 'volatility_10_15_after', 'pips_agg_0_5_after']
2018-12-30 03:29:52,900 - INFO - Starting KNeighborsClassifier
2018-12-30 03:30:47,260 - INFO - Starting SVC - rbf
2018-12-30 03:34:27,751 - INFO - There are no predictions for class -2
2018-12-30 03:34:27,751 - INFO - There are no predictions for class -1
2018-12-30 03:34:27,752 - INFO - There are no predictions for class 1
2018-12-30 03:34:27,752 - INFO - There are no predictions for class 2
2018-12-30 03:34:27,763 - INFO - Starting DecisionTreeClassifier
2018-12-30 03:34:39,035 - INFO - There are no predictions for class -1
2018-12-30 03:34:39,036 - INFO - There are no predictions for class 1
2018-12-30 03:34:39,049 - INFO - Starting RandomForestClassifier
2018-12-30 03:43:15,596 - INFO - There are no predictions for class -1
2018-12-30 03:43:15,605 - INFO - Starting XGBClassifier
2018-12-30 03:44:44,145 - INFO - Starting GradientBoostingClassifier
2018-12-30 03:46:42,848 - INFO - Starting AdaBoostClassifier
2018-12-30 03:47:07,669 - INFO - There are no predictions for class 1
2018-12-30 03:47:07,692 - INFO - sweep done in: 17.26 min
2018-12-30 03:47:07,701 - INFO - Starting a new sweep, delay in between buying-selling is: 30_60
2018-12-30 03:47:07,701 - INFO - Starting a new sweep for grid mode: basic
2018-12-30 03:47:07,701 - INFO - List of dynamic market fields: ['volatility_0_5_after', 'pips_agg_0_5_after', 'pips_candle_0_5_after', 'direction_candle_0_5_after', 'direction_agg_0_5_after', 'volatility_5_10_after', 'pips_agg_5_10_after', 'pips_candle_5_10_after', 'direction_candle_5_10_after', 'direction_agg_5_10_after', 'volatility_10_15_after', 'pips_agg_10_15_after', 'pips_candle_10_15_after', 'direction_candle_10_15_after', 'direction_agg_10_15_after', 'volatility_15_20_after', 'pips_agg_15_20_after', 'pips_candle_15_20_after', 'direction_candle_15_20_after', 'direction_agg_15_20_after', 'volatility_20_25_after', 'pips_agg_20_25_after', 'pips_candle_20_25_after', 'direction_candle_20_25_after', 'direction_agg_20_25_after', 'volatility_25_30_after', 'pips_agg_25_30_after', 'pips_candle_25_30_after', 'direction_candle_25_30_after', 'direction_agg_25_30_after', 'datetime', 'pips_agg_0_60_after']
2018-12-30 03:47:09,016 - INFO - X columns for the model: ['new_id', 'weekday', 'direction_candle_10_15_after', 'pips_candle_15_20_after', 'year', 'pips_candle_25_30_after', 'direction_agg_20_25_after', 'num_news', 'direction_candle_15_20_after', 'pips_candle_10_15_after', 'fe_accurate', 'Medium', 'pips_candle_20_25_after', 'volatility_25_30_after', 'direction_candle_5_10_after', 'direction_candle_25_30_after', 'volatility_5_10_after', 'High', 'total_error_ratio_zscore', 'pe_better', 'volatility_0_5_after', 'pips_agg_25_30_after', 'Low', 'pips_candle_5_10_after', 'direction_agg_5_10_after', 'pips_agg_5_10_after', 'direction_agg_10_15_after', 'pe_worse', 'fe_better', 'direction_candle_0_5_after', 'pips_agg_20_25_after', 'pe_accurate', 'direction_agg_25_30_after', 'pips_agg_15_20_after', 'forecast_error_ratio_zscore', 'direction_agg_15_20_after', 'volatility_20_25_after', 'week', 'fe_worse', 'direction_agg_0_5_after', 'direction_candle_20_25_after', 'pips_agg_10_15_after', 'pips_candle_0_5_after', 'volatility_10_15_after', 'pips_agg_0_5_after', 'volatility_15_20_after']
2018-12-30 03:47:09,149 - INFO - Starting KNeighborsClassifier
2018-12-30 03:49:00,339 - INFO - Starting SVC - rbf
2018-12-30 03:53:41,922 - INFO - There are no predictions for class -2
2018-12-30 03:53:41,923 - INFO - There are no predictions for class -1
2018-12-30 03:53:41,924 - INFO - There are no predictions for class 1
2018-12-30 03:53:41,924 - INFO - There are no predictions for class 2
2018-12-30 03:53:41,937 - INFO - Starting DecisionTreeClassifier
2018-12-30 03:53:58,815 - INFO - Starting RandomForestClassifier
2018-12-30 04:03:51,289 - INFO - Starting XGBClassifier
2018-12-30 04:05:53,341 - INFO - Starting GradientBoostingClassifier
2018-12-30 04:08:33,389 - INFO - Starting AdaBoostClassifier
2018-12-30 04:09:03,558 - INFO - There are no predictions for class -1
2018-12-30 04:09:03,581 - INFO - sweep done in: 21.93 min
2018-12-30 04:09:03,590 - INFO - Starting a new sweep, delay in between buying-selling is: 30_90
2018-12-30 04:09:03,590 - INFO - Starting a new sweep for grid mode: basic
2018-12-30 04:09:03,590 - INFO - List of dynamic market fields: ['volatility_0_5_after', 'pips_agg_0_5_after', 'pips_candle_0_5_after', 'direction_candle_0_5_after', 'direction_agg_0_5_after', 'volatility_5_10_after', 'pips_agg_5_10_after', 'pips_candle_5_10_after', 'direction_candle_5_10_after', 'direction_agg_5_10_after', 'volatility_10_15_after', 'pips_agg_10_15_after', 'pips_candle_10_15_after', 'direction_candle_10_15_after', 'direction_agg_10_15_after', 'volatility_15_20_after', 'pips_agg_15_20_after', 'pips_candle_15_20_after', 'direction_candle_15_20_after', 'direction_agg_15_20_after', 'volatility_20_25_after', 'pips_agg_20_25_after', 'pips_candle_20_25_after', 'direction_candle_20_25_after', 'direction_agg_20_25_after', 'volatility_25_30_after', 'pips_agg_25_30_after', 'pips_candle_25_30_after', 'direction_candle_25_30_after', 'direction_agg_25_30_after', 'datetime', 'pips_agg_0_90_after']
2018-12-30 04:09:05,015 - INFO - X columns for the model: ['new_id', 'weekday', 'direction_candle_10_15_after', 'pips_candle_15_20_after', 'year', 'pips_candle_25_30_after', 'direction_agg_20_25_after', 'num_news', 'direction_candle_15_20_after', 'pips_candle_10_15_after', 'fe_accurate', 'Medium', 'pips_candle_20_25_after', 'volatility_25_30_after', 'direction_candle_5_10_after', 'direction_candle_25_30_after', 'volatility_5_10_after', 'High', 'total_error_ratio_zscore', 'pe_better', 'volatility_0_5_after', 'pips_agg_25_30_after', 'Low', 'pips_candle_5_10_after', 'direction_agg_5_10_after', 'pips_agg_5_10_after', 'direction_agg_10_15_after', 'pe_worse', 'fe_better', 'direction_candle_0_5_after', 'pips_agg_20_25_after', 'pe_accurate', 'direction_agg_25_30_after', 'pips_agg_15_20_after', 'forecast_error_ratio_zscore', 'direction_agg_15_20_after', 'volatility_20_25_after', 'week', 'fe_worse', 'direction_agg_0_5_after', 'direction_candle_20_25_after', 'pips_agg_10_15_after', 'pips_candle_0_5_after', 'volatility_10_15_after', 'pips_agg_0_5_after', 'volatility_15_20_after']
2018-12-30 04:09:05,110 - INFO - Starting KNeighborsClassifier
2018-12-30 04:10:48,265 - INFO - Starting SVC - rbf
2018-12-30 04:15:02,561 - INFO - There are no predictions for class -2
2018-12-30 04:15:02,561 - INFO - There are no predictions for class -1
2018-12-30 04:15:02,562 - INFO - There are no predictions for class 1
2018-12-30 04:15:02,562 - INFO - There are no predictions for class 2
2018-12-30 04:15:02,576 - INFO - Starting DecisionTreeClassifier
2018-12-30 04:15:18,583 - INFO - Starting RandomForestClassifier
2018-12-30 04:24:49,351 - INFO - Starting XGBClassifier
2018-12-30 04:26:52,796 - INFO - Starting GradientBoostingClassifier
2018-12-30 04:29:32,944 - INFO - Starting AdaBoostClassifier
2018-12-30 04:30:03,001 - INFO - There are no predictions for class 1
2018-12-30 04:30:03,027 - INFO - sweep done in: 20.99 min
2018-12-30 04:30:03,035 - INFO - Starting a new sweep, delay in between buying-selling is: 30_120
2018-12-30 04:30:03,035 - INFO - Starting a new sweep for grid mode: basic
2018-12-30 04:30:03,035 - INFO - List of dynamic market fields: ['volatility_0_5_after', 'pips_agg_0_5_after', 'pips_candle_0_5_after', 'direction_candle_0_5_after', 'direction_agg_0_5_after', 'volatility_5_10_after', 'pips_agg_5_10_after', 'pips_candle_5_10_after', 'direction_candle_5_10_after', 'direction_agg_5_10_after', 'volatility_10_15_after', 'pips_agg_10_15_after', 'pips_candle_10_15_after', 'direction_candle_10_15_after', 'direction_agg_10_15_after', 'volatility_15_20_after', 'pips_agg_15_20_after', 'pips_candle_15_20_after', 'direction_candle_15_20_after', 'direction_agg_15_20_after', 'volatility_20_25_after', 'pips_agg_20_25_after', 'pips_candle_20_25_after', 'direction_candle_20_25_after', 'direction_agg_20_25_after', 'volatility_25_30_after', 'pips_agg_25_30_after', 'pips_candle_25_30_after', 'direction_candle_25_30_after', 'direction_agg_25_30_after', 'datetime', 'pips_agg_0_120_after']
2018-12-30 04:30:04,386 - INFO - X columns for the model: ['new_id', 'weekday', 'direction_candle_10_15_after', 'pips_candle_15_20_after', 'year', 'pips_candle_25_30_after', 'direction_agg_20_25_after', 'num_news', 'direction_candle_15_20_after', 'pips_candle_10_15_after', 'fe_accurate', 'Medium', 'pips_candle_20_25_after', 'volatility_25_30_after', 'direction_candle_5_10_after', 'direction_candle_25_30_after', 'volatility_5_10_after', 'High', 'total_error_ratio_zscore', 'pe_better', 'volatility_0_5_after', 'pips_agg_25_30_after', 'Low', 'pips_candle_5_10_after', 'direction_agg_5_10_after', 'pips_agg_5_10_after', 'direction_agg_10_15_after', 'pe_worse', 'fe_better', 'direction_candle_0_5_after', 'pips_agg_20_25_after', 'pe_accurate', 'direction_agg_25_30_after', 'pips_agg_15_20_after', 'forecast_error_ratio_zscore', 'direction_agg_15_20_after', 'volatility_20_25_after', 'week', 'fe_worse', 'direction_agg_0_5_after', 'direction_candle_20_25_after', 'pips_agg_10_15_after', 'pips_candle_0_5_after', 'volatility_10_15_after', 'pips_agg_0_5_after', 'volatility_15_20_after']
2018-12-30 04:30:04,472 - INFO - Starting KNeighborsClassifier
2018-12-30 04:31:46,902 - INFO - Starting SVC - rbf
2018-12-30 04:35:58,618 - INFO - There are no predictions for class -2
2018-12-30 04:35:58,619 - INFO - There are no predictions for class -1
2018-12-30 04:35:58,619 - INFO - There are no predictions for class 1
2018-12-30 04:35:58,619 - INFO - There are no predictions for class 2
2018-12-30 04:35:58,627 - INFO - Starting DecisionTreeClassifier
2018-12-30 04:36:14,676 - INFO - There are no predictions for class -1
2018-12-30 04:36:14,676 - INFO - There are no predictions for class 1
2018-12-30 04:36:14,686 - INFO - Starting RandomForestClassifier
2018-12-30 04:45:54,887 - INFO - There are no predictions for class -1
2018-12-30 04:45:54,887 - INFO - There are no predictions for class 1
2018-12-30 04:45:54,905 - INFO - Starting XGBClassifier
2018-12-30 04:47:59,817 - INFO - There are no predictions for class -1
2018-12-30 04:47:59,818 - INFO - There are no predictions for class 1
2018-12-30 04:47:59,834 - INFO - Starting GradientBoostingClassifier
2018-12-30 04:50:43,127 - INFO - Starting AdaBoostClassifier
2018-12-30 04:51:12,760 - INFO - There are no predictions for class -1
2018-12-30 04:51:12,790 - INFO - sweep done in: 21.16 min
2018-12-30 04:51:12,801 - INFO - Starting a new sweep, delay in between buying-selling is: 30_120
2018-12-30 04:51:12,801 - INFO - Starting a new sweep for grid mode: basic
2018-12-30 04:51:12,801 - INFO - List of dynamic market fields: ['volatility_0_5_after', 'pips_agg_0_5_after', 'pips_candle_0_5_after', 'direction_candle_0_5_after', 'direction_agg_0_5_after', 'volatility_5_10_after', 'pips_agg_5_10_after', 'pips_candle_5_10_after', 'direction_candle_5_10_after', 'direction_agg_5_10_after', 'volatility_10_15_after', 'pips_agg_10_15_after', 'pips_candle_10_15_after', 'direction_candle_10_15_after', 'direction_agg_10_15_after', 'volatility_15_20_after', 'pips_agg_15_20_after', 'pips_candle_15_20_after', 'direction_candle_15_20_after', 'direction_agg_15_20_after', 'volatility_20_25_after', 'pips_agg_20_25_after', 'pips_candle_20_25_after', 'direction_candle_20_25_after', 'direction_agg_20_25_after', 'volatility_25_30_after', 'pips_agg_25_30_after', 'pips_candle_25_30_after', 'direction_candle_25_30_after', 'direction_agg_25_30_after', 'datetime', 'pips_agg_0_120_after']
2018-12-30 04:51:14,086 - INFO - X columns for the model: ['new_id', 'weekday', 'direction_candle_10_15_after', 'pips_candle_15_20_after', 'year', 'pips_candle_25_30_after', 'direction_agg_20_25_after', 'num_news', 'direction_candle_15_20_after', 'pips_candle_10_15_after', 'fe_accurate', 'Medium', 'pips_candle_20_25_after', 'volatility_25_30_after', 'direction_candle_5_10_after', 'direction_candle_25_30_after', 'volatility_5_10_after', 'High', 'total_error_ratio_zscore', 'pe_better', 'volatility_0_5_after', 'pips_agg_25_30_after', 'Low', 'pips_candle_5_10_after', 'direction_agg_5_10_after', 'pips_agg_5_10_after', 'direction_agg_10_15_after', 'pe_worse', 'fe_better', 'direction_candle_0_5_after', 'pips_agg_20_25_after', 'pe_accurate', 'direction_agg_25_30_after', 'pips_agg_15_20_after', 'forecast_error_ratio_zscore', 'direction_agg_15_20_after', 'volatility_20_25_after', 'week', 'fe_worse', 'direction_agg_0_5_after', 'direction_candle_20_25_after', 'pips_agg_10_15_after', 'pips_candle_0_5_after', 'volatility_10_15_after', 'pips_agg_0_5_after', 'volatility_15_20_after']
2018-12-30 04:51:14,233 - INFO - Starting KNeighborsClassifier
2018-12-30 04:52:55,404 - INFO - Starting SVC - rbf
2018-12-30 04:57:05,054 - INFO - There are no predictions for class -2
2018-12-30 04:57:05,055 - INFO - There are no predictions for class -1
2018-12-30 04:57:05,055 - INFO - There are no predictions for class 1
2018-12-30 04:57:05,055 - INFO - There are no predictions for class 2
2018-12-30 04:57:05,073 - INFO - Starting DecisionTreeClassifier
2018-12-30 04:57:21,010 - INFO - There are no predictions for class -1
2018-12-30 04:57:21,010 - INFO - There are no predictions for class 1
2018-12-30 04:57:21,024 - INFO - Starting RandomForestClassifier
2018-12-30 05:06:47,462 - INFO - There are no predictions for class -1
2018-12-30 05:06:47,462 - INFO - There are no predictions for class 1
2018-12-30 05:06:47,481 - INFO - Starting XGBClassifier
2018-12-30 05:08:54,205 - INFO - There are no predictions for class -1
2018-12-30 05:08:54,206 - INFO - There are no predictions for class 1
2018-12-30 05:08:54,219 - INFO - Starting GradientBoostingClassifier
2018-12-30 05:11:47,464 - INFO - Starting AdaBoostClassifier
2018-12-30 05:12:16,013 - INFO - There are no predictions for class -1
2018-12-30 05:12:16,039 - INFO - sweep done in: 21.05 min
