2018-12-30 00:48:10,235 - INFO - #########################
2018-12-30 00:48:10,236 - INFO - 
2018-12-30 00:48:10,236 - INFO - Starting a new sweep, grouping news by: High_NO_1_1_1
2018-12-30 00:48:21,248 - INFO - Starting a new sweep with market features: all
2018-12-30 00:48:21,249 - INFO - Starting a new sweep, features before the publication are: included
2018-12-30 00:48:21,249 - INFO - Starting a new sweep, delay in between buying-selling is: 0_60
2018-12-30 00:48:21,249 - INFO - Starting a new sweep for grid mode: basic
2018-12-30 00:48:21,249 - INFO - List of dynamic market fields: ['volatility_60_0_before', 'pips_agg_60_0_before', 'datetime', 'pips_agg_0_60_after']
2018-12-30 00:48:21,811 - INFO - X columns for the model: ['pe_worse', 'fe_accurate', 'total_error_ratio_zscore', 'fe_better', 'num_news', 'week', 'fe_worse', 'weekday', 'pips_agg_60_0_before', 'High', 'volatility_60_0_before', 'pe_accurate', 'forecast_error_ratio_zscore', 'year', 'pe_better', 'new_id']
2018-12-30 00:48:21,825 - INFO - Starting KNeighborsClassifier
2018-12-30 00:48:29,045 - INFO - There are no predictions for class -1
2018-12-30 00:48:29,045 - INFO - There are no predictions for class 1
2018-12-30 00:48:29,056 - INFO - Starting SVC - rbf
2018-12-30 00:49:23,617 - INFO - There are no predictions for class -2
2018-12-30 00:49:23,617 - INFO - There are no predictions for class -1
2018-12-30 00:49:23,618 - INFO - There are no predictions for class 1
2018-12-30 00:49:23,618 - INFO - There are no predictions for class 2
2018-12-30 00:49:23,639 - INFO - Starting DecisionTreeClassifier
2018-12-30 00:49:28,308 - INFO - There are no predictions for class -1
2018-12-30 00:49:28,308 - INFO - There are no predictions for class 1
2018-12-30 00:49:28,319 - INFO - Starting RandomForestClassifier
2018-12-30 00:56:24,322 - INFO - There are no predictions for class -1
2018-12-30 00:56:24,323 - INFO - There are no predictions for class 1
2018-12-30 00:56:24,348 - INFO - Starting XGBClassifier
2018-12-30 00:56:59,678 - INFO - Starting GradientBoostingClassifier
2018-12-30 00:57:54,494 - INFO - There are no predictions for class 1
2018-12-30 00:57:54,509 - INFO - Starting AdaBoostClassifier
2018-12-30 00:58:08,324 - INFO - There are no predictions for class -1
2018-12-30 00:58:08,347 - INFO - sweep done in: 9.78 min
2018-12-30 00:58:08,349 - INFO - Starting a new sweep, delay in between buying-selling is: 15_60
2018-12-30 00:58:08,349 - INFO - Starting a new sweep for grid mode: basic
2018-12-30 00:58:08,349 - INFO - List of dynamic market fields: ['volatility_0_5_after', 'pips_agg_0_5_after', 'pips_candle_0_5_after', 'direction_candle_0_5_after', 'direction_agg_0_5_after', 'volatility_5_10_after', 'pips_agg_5_10_after', 'pips_candle_5_10_after', 'direction_candle_5_10_after', 'direction_agg_5_10_after', 'volatility_10_15_after', 'pips_agg_10_15_after', 'pips_candle_10_15_after', 'direction_candle_10_15_after', 'direction_agg_10_15_after', 'volatility_60_0_before', 'pips_agg_60_0_before', 'datetime', 'pips_agg_0_60_after']
2018-12-30 00:58:09,011 - INFO - X columns for the model: ['pe_worse', 'direction_agg_0_5_after', 'pips_agg_0_5_after', 'num_news', 'pips_candle_5_10_after', 'direction_candle_5_10_after', 'fe_worse', 'pips_agg_5_10_after', 'direction_agg_5_10_after', 'pips_agg_60_0_before', 'High', 'volatility_60_0_before', 'direction_candle_10_15_after', 'pe_accurate', 'volatility_5_10_after', 'pe_better', 'fe_accurate', 'total_error_ratio_zscore', 'fe_better', 'week', 'direction_agg_10_15_after', 'pips_candle_10_15_after', 'volatility_10_15_after', 'pips_candle_0_5_after', 'volatility_0_5_after', 'weekday', 'pips_agg_10_15_after', 'forecast_error_ratio_zscore', 'year', 'new_id', 'direction_candle_0_5_after']
2018-12-30 00:58:09,057 - INFO - Starting KNeighborsClassifier
2018-12-30 00:58:24,898 - INFO - Starting SVC - rbf
2018-12-30 00:59:23,788 - INFO - There are no predictions for class -2
2018-12-30 00:59:23,788 - INFO - There are no predictions for class -1
2018-12-30 00:59:23,788 - INFO - There are no predictions for class 1
2018-12-30 00:59:23,789 - INFO - There are no predictions for class 2
2018-12-30 00:59:23,801 - INFO - Starting DecisionTreeClassifier
2018-12-30 00:59:30,757 - INFO - There are no predictions for class -1
2018-12-30 00:59:30,758 - INFO - There are no predictions for class 1
2018-12-30 00:59:30,766 - INFO - Starting RandomForestClassifier
2018-12-30 01:05:55,239 - INFO - Starting XGBClassifier
2018-12-30 01:06:47,543 - INFO - Starting GradientBoostingClassifier
2018-12-30 01:08:04,056 - INFO - Starting AdaBoostClassifier
2018-12-30 01:08:21,710 - INFO - There are no predictions for class 1
2018-12-30 01:08:21,726 - INFO - sweep done in: 10.22 min
2018-12-30 01:08:21,728 - INFO - Starting a new sweep, delay in between buying-selling is: 30_60
2018-12-30 01:08:21,737 - INFO - Starting a new sweep for grid mode: basic
2018-12-30 01:08:21,737 - INFO - List of dynamic market fields: ['volatility_0_5_after', 'pips_agg_0_5_after', 'pips_candle_0_5_after', 'direction_candle_0_5_after', 'direction_agg_0_5_after', 'volatility_5_10_after', 'pips_agg_5_10_after', 'pips_candle_5_10_after', 'direction_candle_5_10_after', 'direction_agg_5_10_after', 'volatility_10_15_after', 'pips_agg_10_15_after', 'pips_candle_10_15_after', 'direction_candle_10_15_after', 'direction_agg_10_15_after', 'volatility_15_20_after', 'pips_agg_15_20_after', 'pips_candle_15_20_after', 'direction_candle_15_20_after', 'direction_agg_15_20_after', 'volatility_20_25_after', 'pips_agg_20_25_after', 'pips_candle_20_25_after', 'direction_candle_20_25_after', 'direction_agg_20_25_after', 'volatility_25_30_after', 'pips_agg_25_30_after', 'pips_candle_25_30_after', 'direction_candle_25_30_after', 'direction_agg_25_30_after', 'volatility_60_0_before', 'pips_agg_60_0_before', 'datetime', 'pips_agg_0_60_after']
2018-12-30 01:08:22,689 - INFO - X columns for the model: ['pe_worse', 'direction_agg_0_5_after', 'direction_candle_25_30_after', 'pips_agg_0_5_after', 'direction_agg_20_25_after', 'num_news', 'pips_candle_5_10_after', 'direction_candle_5_10_after', 'fe_worse', 'pips_agg_5_10_after', 'pips_agg_20_25_after', 'pips_candle_25_30_after', 'direction_agg_5_10_after', 'pips_agg_60_0_before', 'High', 'direction_candle_20_25_after', 'volatility_60_0_before', 'direction_candle_10_15_after', 'pe_accurate', 'volatility_5_10_after', 'direction_candle_0_5_after', 'pe_better', 'pips_agg_15_20_after', 'direction_agg_15_20_after', 'volatility_15_20_after', 'volatility_20_25_after', 'fe_accurate', 'total_error_ratio_zscore', 'fe_better', 'week', 'direction_agg_10_15_after', 'pips_candle_10_15_after', 'pips_candle_20_25_after', 'pips_agg_25_30_after', 'direction_agg_25_30_after', 'volatility_10_15_after', 'pips_candle_0_5_after', 'volatility_0_5_after', 'weekday', 'direction_candle_15_20_after', 'pips_candle_15_20_after', 'pips_agg_10_15_after', 'forecast_error_ratio_zscore', 'year', 'new_id', 'volatility_25_30_after']
2018-12-30 01:08:22,741 - INFO - Starting KNeighborsClassifier
2018-12-30 01:08:44,749 - INFO - Starting SVC - rbf
2018-12-30 01:09:58,473 - INFO - There are no predictions for class -2
2018-12-30 01:09:58,473 - INFO - There are no predictions for class -1
2018-12-30 01:09:58,473 - INFO - There are no predictions for class 1
2018-12-30 01:09:58,474 - INFO - There are no predictions for class 2
2018-12-30 01:09:58,491 - INFO - Starting DecisionTreeClassifier
2018-12-30 01:10:07,909 - INFO - Starting RandomForestClassifier
2018-12-30 01:17:24,681 - INFO - There are no predictions for class 1
2018-12-30 01:17:24,695 - INFO - Starting XGBClassifier
2018-12-30 01:18:44,330 - INFO - Starting GradientBoostingClassifier
2018-12-30 01:20:24,408 - INFO - Starting AdaBoostClassifier
2018-12-30 01:20:45,382 - INFO - sweep done in: 12.39 min
2018-12-30 01:20:45,385 - INFO - Starting a new sweep, delay in between buying-selling is: 30_90
2018-12-30 01:20:45,385 - INFO - Starting a new sweep for grid mode: basic
2018-12-30 01:20:45,386 - INFO - List of dynamic market fields: ['volatility_0_5_after', 'pips_agg_0_5_after', 'pips_candle_0_5_after', 'direction_candle_0_5_after', 'direction_agg_0_5_after', 'volatility_5_10_after', 'pips_agg_5_10_after', 'pips_candle_5_10_after', 'direction_candle_5_10_after', 'direction_agg_5_10_after', 'volatility_10_15_after', 'pips_agg_10_15_after', 'pips_candle_10_15_after', 'direction_candle_10_15_after', 'direction_agg_10_15_after', 'volatility_15_20_after', 'pips_agg_15_20_after', 'pips_candle_15_20_after', 'direction_candle_15_20_after', 'direction_agg_15_20_after', 'volatility_20_25_after', 'pips_agg_20_25_after', 'pips_candle_20_25_after', 'direction_candle_20_25_after', 'direction_agg_20_25_after', 'volatility_25_30_after', 'pips_agg_25_30_after', 'pips_candle_25_30_after', 'direction_candle_25_30_after', 'direction_agg_25_30_after', 'volatility_60_0_before', 'pips_agg_60_0_before', 'datetime', 'pips_agg_0_90_after']
2018-12-30 01:20:46,223 - INFO - X columns for the model: ['pe_worse', 'direction_agg_0_5_after', 'direction_candle_25_30_after', 'pips_agg_0_5_after', 'direction_agg_20_25_after', 'num_news', 'pips_candle_5_10_after', 'direction_candle_5_10_after', 'fe_worse', 'pips_agg_5_10_after', 'pips_agg_20_25_after', 'pips_candle_25_30_after', 'direction_agg_5_10_after', 'pips_agg_60_0_before', 'High', 'direction_candle_20_25_after', 'volatility_60_0_before', 'direction_candle_10_15_after', 'pe_accurate', 'volatility_5_10_after', 'direction_candle_0_5_after', 'pe_better', 'pips_agg_15_20_after', 'direction_agg_15_20_after', 'volatility_15_20_after', 'volatility_20_25_after', 'fe_accurate', 'total_error_ratio_zscore', 'fe_better', 'week', 'direction_agg_10_15_after', 'pips_candle_10_15_after', 'pips_candle_20_25_after', 'pips_agg_25_30_after', 'direction_agg_25_30_after', 'volatility_10_15_after', 'pips_candle_0_5_after', 'volatility_0_5_after', 'weekday', 'direction_candle_15_20_after', 'pips_candle_15_20_after', 'pips_agg_10_15_after', 'forecast_error_ratio_zscore', 'year', 'new_id', 'volatility_25_30_after']
2018-12-30 01:20:46,282 - INFO - Starting KNeighborsClassifier
2018-12-30 01:21:08,059 - INFO - Starting SVC - rbf
2018-12-30 01:22:23,102 - INFO - There are no predictions for class -2
2018-12-30 01:22:23,102 - INFO - There are no predictions for class -1
2018-12-30 01:22:23,103 - INFO - There are no predictions for class 1
2018-12-30 01:22:23,103 - INFO - There are no predictions for class 2
2018-12-30 01:22:23,111 - INFO - Starting DecisionTreeClassifier
2018-12-30 01:22:34,158 - INFO - There are no predictions for class -1
2018-12-30 01:22:34,159 - INFO - There are no predictions for class 1
2018-12-30 01:22:34,177 - INFO - Starting RandomForestClassifier
2018-12-30 01:29:48,641 - INFO - Starting XGBClassifier
2018-12-30 01:30:59,734 - INFO - Starting GradientBoostingClassifier
2018-12-30 01:32:37,503 - INFO - Starting AdaBoostClassifier
2018-12-30 01:32:59,045 - INFO - There are no predictions for class -1
2018-12-30 01:32:59,046 - INFO - There are no predictions for class 1
2018-12-30 01:32:59,069 - INFO - sweep done in: 12.23 min
2018-12-30 01:32:59,072 - INFO - Starting a new sweep, delay in between buying-selling is: 30_120
2018-12-30 01:32:59,072 - INFO - Starting a new sweep for grid mode: basic
2018-12-30 01:32:59,073 - INFO - List of dynamic market fields: ['volatility_0_5_after', 'pips_agg_0_5_after', 'pips_candle_0_5_after', 'direction_candle_0_5_after', 'direction_agg_0_5_after', 'volatility_5_10_after', 'pips_agg_5_10_after', 'pips_candle_5_10_after', 'direction_candle_5_10_after', 'direction_agg_5_10_after', 'volatility_10_15_after', 'pips_agg_10_15_after', 'pips_candle_10_15_after', 'direction_candle_10_15_after', 'direction_agg_10_15_after', 'volatility_15_20_after', 'pips_agg_15_20_after', 'pips_candle_15_20_after', 'direction_candle_15_20_after', 'direction_agg_15_20_after', 'volatility_20_25_after', 'pips_agg_20_25_after', 'pips_candle_20_25_after', 'direction_candle_20_25_after', 'direction_agg_20_25_after', 'volatility_25_30_after', 'pips_agg_25_30_after', 'pips_candle_25_30_after', 'direction_candle_25_30_after', 'direction_agg_25_30_after', 'volatility_60_0_before', 'pips_agg_60_0_before', 'datetime', 'pips_agg_0_120_after']
2018-12-30 01:32:59,999 - INFO - X columns for the model: ['pe_worse', 'direction_agg_0_5_after', 'direction_candle_25_30_after', 'pips_agg_0_5_after', 'direction_agg_20_25_after', 'num_news', 'pips_candle_5_10_after', 'direction_candle_5_10_after', 'fe_worse', 'pips_agg_5_10_after', 'pips_agg_20_25_after', 'pips_candle_25_30_after', 'direction_agg_5_10_after', 'pips_agg_60_0_before', 'High', 'direction_candle_20_25_after', 'volatility_60_0_before', 'direction_candle_10_15_after', 'pe_accurate', 'volatility_5_10_after', 'direction_candle_0_5_after', 'pe_better', 'pips_agg_15_20_after', 'direction_agg_15_20_after', 'volatility_15_20_after', 'volatility_20_25_after', 'fe_accurate', 'total_error_ratio_zscore', 'fe_better', 'week', 'direction_agg_10_15_after', 'pips_candle_10_15_after', 'pips_candle_20_25_after', 'pips_agg_25_30_after', 'direction_agg_25_30_after', 'volatility_10_15_after', 'pips_candle_0_5_after', 'volatility_0_5_after', 'weekday', 'direction_candle_15_20_after', 'pips_candle_15_20_after', 'pips_agg_10_15_after', 'forecast_error_ratio_zscore', 'year', 'new_id', 'volatility_25_30_after']
2018-12-30 01:33:00,046 - INFO - Starting KNeighborsClassifier
2018-12-30 01:33:23,734 - INFO - Starting SVC - rbf
2018-12-30 01:34:35,538 - INFO - There are no predictions for class -2
2018-12-30 01:34:35,539 - INFO - There are no predictions for class -1
2018-12-30 01:34:35,539 - INFO - There are no predictions for class 1
2018-12-30 01:34:35,539 - INFO - There are no predictions for class 2
2018-12-30 01:34:35,548 - INFO - Starting DecisionTreeClassifier
2018-12-30 01:34:45,248 - INFO - There are no predictions for class -1
2018-12-30 01:34:45,249 - INFO - There are no predictions for class 1
2018-12-30 01:34:45,261 - INFO - Starting RandomForestClassifier
2018-12-30 01:41:58,989 - INFO - There are no predictions for class -1
2018-12-30 01:41:59,002 - INFO - Starting XGBClassifier
2018-12-30 01:43:20,014 - INFO - Starting GradientBoostingClassifier
2018-12-30 01:45:12,551 - INFO - Starting AdaBoostClassifier
2018-12-30 01:45:36,233 - INFO - There are no predictions for class 1
2018-12-30 01:45:36,254 - INFO - sweep done in: 12.62 min
2018-12-30 01:45:36,257 - INFO - Starting a new sweep, delay in between buying-selling is: 30_120
2018-12-30 01:45:36,257 - INFO - Starting a new sweep for grid mode: basic
2018-12-30 01:45:36,258 - INFO - List of dynamic market fields: ['volatility_0_5_after', 'pips_agg_0_5_after', 'pips_candle_0_5_after', 'direction_candle_0_5_after', 'direction_agg_0_5_after', 'volatility_5_10_after', 'pips_agg_5_10_after', 'pips_candle_5_10_after', 'direction_candle_5_10_after', 'direction_agg_5_10_after', 'volatility_10_15_after', 'pips_agg_10_15_after', 'pips_candle_10_15_after', 'direction_candle_10_15_after', 'direction_agg_10_15_after', 'volatility_15_20_after', 'pips_agg_15_20_after', 'pips_candle_15_20_after', 'direction_candle_15_20_after', 'direction_agg_15_20_after', 'volatility_20_25_after', 'pips_agg_20_25_after', 'pips_candle_20_25_after', 'direction_candle_20_25_after', 'direction_agg_20_25_after', 'volatility_25_30_after', 'pips_agg_25_30_after', 'pips_candle_25_30_after', 'direction_candle_25_30_after', 'direction_agg_25_30_after', 'volatility_60_0_before', 'pips_agg_60_0_before', 'datetime', 'pips_agg_0_120_after']
2018-12-30 01:45:37,483 - INFO - X columns for the model: ['pe_worse', 'direction_agg_0_5_after', 'direction_candle_25_30_after', 'pips_agg_0_5_after', 'direction_agg_20_25_after', 'num_news', 'pips_candle_5_10_after', 'direction_candle_5_10_after', 'fe_worse', 'pips_agg_5_10_after', 'pips_agg_20_25_after', 'pips_candle_25_30_after', 'direction_agg_5_10_after', 'pips_agg_60_0_before', 'High', 'direction_candle_20_25_after', 'volatility_60_0_before', 'direction_candle_10_15_after', 'pe_accurate', 'volatility_5_10_after', 'direction_candle_0_5_after', 'pe_better', 'pips_agg_15_20_after', 'direction_agg_15_20_after', 'volatility_15_20_after', 'volatility_20_25_after', 'fe_accurate', 'total_error_ratio_zscore', 'fe_better', 'week', 'direction_agg_10_15_after', 'pips_candle_10_15_after', 'pips_candle_20_25_after', 'pips_agg_25_30_after', 'direction_agg_25_30_after', 'volatility_10_15_after', 'pips_candle_0_5_after', 'volatility_0_5_after', 'weekday', 'direction_candle_15_20_after', 'pips_candle_15_20_after', 'pips_agg_10_15_after', 'forecast_error_ratio_zscore', 'year', 'new_id', 'volatility_25_30_after']
2018-12-30 01:45:37,553 - INFO - Starting KNeighborsClassifier
2018-12-30 01:46:06,811 - INFO - Starting SVC - rbf
2018-12-30 01:47:28,712 - INFO - There are no predictions for class -2
2018-12-30 01:47:28,713 - INFO - There are no predictions for class -1
2018-12-30 01:47:28,713 - INFO - There are no predictions for class 1
2018-12-30 01:47:28,720 - INFO - There are no predictions for class 2
2018-12-30 01:47:28,730 - INFO - Starting DecisionTreeClassifier
2018-12-30 01:47:39,606 - INFO - There are no predictions for class -1
2018-12-30 01:47:39,616 - INFO - There are no predictions for class 1
2018-12-30 01:47:39,629 - INFO - Starting RandomForestClassifier
2018-12-30 01:55:00,778 - INFO - There are no predictions for class -1
2018-12-30 01:55:00,791 - INFO - Starting XGBClassifier
2018-12-30 01:56:16,329 - INFO - Starting GradientBoostingClassifier
2018-12-30 01:57:59,328 - INFO - Starting AdaBoostClassifier
2018-12-30 01:58:20,599 - INFO - There are no predictions for class 1
2018-12-30 01:58:20,638 - INFO - sweep done in: 12.74 min
2018-12-30 01:58:20,641 - INFO - Starting a new sweep, delay in between buying-selling is: 30_240
2018-12-30 01:58:20,641 - INFO - Starting a new sweep for grid mode: basic
2018-12-30 01:58:20,641 - INFO - List of dynamic market fields: ['volatility_0_5_after', 'pips_agg_0_5_after', 'pips_candle_0_5_after', 'direction_candle_0_5_after', 'direction_agg_0_5_after', 'volatility_5_10_after', 'pips_agg_5_10_after', 'pips_candle_5_10_after', 'direction_candle_5_10_after', 'direction_agg_5_10_after', 'volatility_10_15_after', 'pips_agg_10_15_after', 'pips_candle_10_15_after', 'direction_candle_10_15_after', 'direction_agg_10_15_after', 'volatility_15_20_after', 'pips_agg_15_20_after', 'pips_candle_15_20_after', 'direction_candle_15_20_after', 'direction_agg_15_20_after', 'volatility_20_25_after', 'pips_agg_20_25_after', 'pips_candle_20_25_after', 'direction_candle_20_25_after', 'direction_agg_20_25_after', 'volatility_25_30_after', 'pips_agg_25_30_after', 'pips_candle_25_30_after', 'direction_candle_25_30_after', 'direction_agg_25_30_after', 'volatility_60_0_before', 'pips_agg_60_0_before', 'datetime', 'pips_agg_0_240_after']
2018-12-30 01:58:21,758 - INFO - X columns for the model: ['pe_worse', 'direction_agg_0_5_after', 'direction_candle_25_30_after', 'pips_agg_0_5_after', 'direction_agg_20_25_after', 'num_news', 'pips_candle_5_10_after', 'direction_candle_5_10_after', 'fe_worse', 'pips_agg_5_10_after', 'pips_agg_20_25_after', 'pips_candle_25_30_after', 'direction_agg_5_10_after', 'pips_agg_60_0_before', 'High', 'direction_candle_20_25_after', 'volatility_60_0_before', 'direction_candle_10_15_after', 'pe_accurate', 'volatility_5_10_after', 'direction_candle_0_5_after', 'pe_better', 'pips_agg_15_20_after', 'direction_agg_15_20_after', 'volatility_15_20_after', 'volatility_20_25_after', 'fe_accurate', 'total_error_ratio_zscore', 'fe_better', 'week', 'direction_agg_10_15_after', 'pips_candle_10_15_after', 'pips_candle_20_25_after', 'pips_agg_25_30_after', 'direction_agg_25_30_after', 'volatility_10_15_after', 'pips_candle_0_5_after', 'volatility_0_5_after', 'weekday', 'direction_candle_15_20_after', 'pips_candle_15_20_after', 'pips_agg_10_15_after', 'forecast_error_ratio_zscore', 'year', 'new_id', 'volatility_25_30_after']
2018-12-30 01:58:21,809 - INFO - Starting KNeighborsClassifier
2018-12-30 01:58:44,556 - INFO - Starting SVC - rbf
2018-12-30 01:59:59,573 - INFO - There are no predictions for class -2
2018-12-30 01:59:59,574 - INFO - There are no predictions for class -1
2018-12-30 01:59:59,574 - INFO - There are no predictions for class 0
2018-12-30 01:59:59,574 - INFO - There are no predictions for class 1
2018-12-30 01:59:59,591 - INFO - Starting DecisionTreeClassifier
2018-12-30 02:00:09,793 - INFO - There are no predictions for class -1
2018-12-30 02:00:09,794 - INFO - There are no predictions for class 1
2018-12-30 02:00:09,813 - INFO - Starting RandomForestClassifier
2018-12-30 02:07:14,783 - INFO - There are no predictions for class -1
2018-12-30 02:07:14,783 - INFO - There are no predictions for class 1
2018-12-30 02:07:14,802 - INFO - Starting XGBClassifier
2018-12-30 02:08:28,938 - INFO - There are no predictions for class -1
2018-12-30 02:08:28,938 - INFO - There are no predictions for class 1
2018-12-30 02:08:28,950 - INFO - Starting GradientBoostingClassifier
2018-12-30 02:10:11,610 - INFO - There are no predictions for class -1
2018-12-30 02:10:11,623 - INFO - Starting AdaBoostClassifier
2018-12-30 02:10:34,810 - INFO - There are no predictions for class -1
2018-12-30 02:10:34,835 - INFO - sweep done in: 12.24 min
2018-12-30 02:10:34,841 - INFO - Starting a new sweep, features before the publication are: excluded
2018-12-30 02:10:34,841 - INFO - Starting a new sweep, delay in between buying-selling is: 0_60
2018-12-30 02:10:34,841 - INFO - Starting a new sweep for grid mode: basic
2018-12-30 02:10:34,842 - INFO - List of dynamic market fields: ['datetime', 'pips_agg_0_60_after']
2018-12-30 02:10:35,398 - INFO - X columns for the model: ['pe_worse', 'pe_better', 'weekday', 'fe_accurate', 'High', 'total_error_ratio_zscore', 'fe_better', 'num_news', 'week', 'pe_accurate', 'forecast_error_ratio_zscore', 'year', 'fe_worse', 'new_id']
2018-12-30 02:10:35,418 - INFO - Starting KNeighborsClassifier
2018-12-30 02:10:40,807 - INFO - There are no predictions for class -1
2018-12-30 02:10:40,808 - INFO - There are no predictions for class 1
2018-12-30 02:10:40,823 - INFO - Starting SVC - rbf
2018-12-30 02:11:37,372 - INFO - There are no predictions for class -1
2018-12-30 02:11:37,376 - INFO - There are no predictions for class 1
2018-12-30 02:11:37,395 - INFO - Starting DecisionTreeClassifier
2018-12-30 02:11:41,509 - INFO - There are no predictions for class -1
2018-12-30 02:11:41,509 - INFO - There are no predictions for class 1
2018-12-30 02:11:41,526 - INFO - Starting RandomForestClassifier
2018-12-30 02:17:59,897 - INFO - There are no predictions for class -1
2018-12-30 02:17:59,897 - INFO - There are no predictions for class 1
2018-12-30 02:17:59,915 - INFO - Starting XGBClassifier
2018-12-30 02:18:27,997 - INFO - There are no predictions for class 1
2018-12-30 02:18:28,012 - INFO - Starting GradientBoostingClassifier
2018-12-30 02:19:22,540 - INFO - Starting AdaBoostClassifier
2018-12-30 02:19:37,314 - INFO - There are no predictions for class 1
2018-12-30 02:19:37,336 - INFO - sweep done in: 9.04 min
2018-12-30 02:19:37,345 - INFO - Starting a new sweep, delay in between buying-selling is: 15_60
2018-12-30 02:19:37,345 - INFO - Starting a new sweep for grid mode: basic
2018-12-30 02:19:37,345 - INFO - List of dynamic market fields: ['volatility_0_5_after', 'pips_agg_0_5_after', 'pips_candle_0_5_after', 'direction_candle_0_5_after', 'direction_agg_0_5_after', 'volatility_5_10_after', 'pips_agg_5_10_after', 'pips_candle_5_10_after', 'direction_candle_5_10_after', 'direction_agg_5_10_after', 'volatility_10_15_after', 'pips_agg_10_15_after', 'pips_candle_10_15_after', 'direction_candle_10_15_after', 'direction_agg_10_15_after', 'datetime', 'pips_agg_0_60_after']
2018-12-30 02:19:38,022 - INFO - X columns for the model: ['pe_worse', 'direction_agg_0_5_after', 'pips_agg_0_5_after', 'fe_accurate', 'total_error_ratio_zscore', 'fe_better', 'num_news', 'pips_candle_5_10_after', 'direction_candle_5_10_after', 'week', 'direction_agg_10_15_after', 'pips_candle_10_15_after', 'fe_worse', 'pips_agg_5_10_after', 'volatility_10_15_after', 'direction_agg_5_10_after', 'pips_candle_0_5_after', 'volatility_0_5_after', 'weekday', 'High', 'direction_candle_10_15_after', 'pe_accurate', 'pips_agg_10_15_after', 'forecast_error_ratio_zscore', 'volatility_5_10_after', 'year', 'pe_better', 'new_id', 'direction_candle_0_5_after']
2018-12-30 02:19:38,091 - INFO - Starting KNeighborsClassifier
2018-12-30 02:19:53,040 - INFO - Starting SVC - rbf
2018-12-30 02:20:54,282 - INFO - There are no predictions for class -2
2018-12-30 02:20:54,283 - INFO - There are no predictions for class -1
2018-12-30 02:20:54,283 - INFO - There are no predictions for class 1
2018-12-30 02:20:54,284 - INFO - There are no predictions for class 2
2018-12-30 02:20:54,295 - INFO - Starting DecisionTreeClassifier
2018-12-30 02:21:00,997 - INFO - There are no predictions for class -1
2018-12-30 02:21:01,005 - INFO - There are no predictions for class 1
2018-12-30 02:21:01,015 - INFO - Starting RandomForestClassifier
2018-12-30 02:27:25,333 - INFO - There are no predictions for class -1
2018-12-30 02:27:25,333 - INFO - There are no predictions for class 1
2018-12-30 02:27:25,347 - INFO - Starting XGBClassifier
2018-12-30 02:28:13,173 - INFO - Starting GradientBoostingClassifier
2018-12-30 02:29:26,701 - INFO - Starting AdaBoostClassifier
2018-12-30 02:29:43,952 - INFO - There are no predictions for class 1
2018-12-30 02:29:43,970 - INFO - sweep done in: 10.11 min
2018-12-30 02:29:43,974 - INFO - Starting a new sweep, delay in between buying-selling is: 30_60
2018-12-30 02:29:43,974 - INFO - Starting a new sweep for grid mode: basic
2018-12-30 02:29:43,974 - INFO - List of dynamic market fields: ['volatility_0_5_after', 'pips_agg_0_5_after', 'pips_candle_0_5_after', 'direction_candle_0_5_after', 'direction_agg_0_5_after', 'volatility_5_10_after', 'pips_agg_5_10_after', 'pips_candle_5_10_after', 'direction_candle_5_10_after', 'direction_agg_5_10_after', 'volatility_10_15_after', 'pips_agg_10_15_after', 'pips_candle_10_15_after', 'direction_candle_10_15_after', 'direction_agg_10_15_after', 'volatility_15_20_after', 'pips_agg_15_20_after', 'pips_candle_15_20_after', 'direction_candle_15_20_after', 'direction_agg_15_20_after', 'volatility_20_25_after', 'pips_agg_20_25_after', 'pips_candle_20_25_after', 'direction_candle_20_25_after', 'direction_agg_20_25_after', 'volatility_25_30_after', 'pips_agg_25_30_after', 'pips_candle_25_30_after', 'direction_candle_25_30_after', 'direction_agg_25_30_after', 'datetime', 'pips_agg_0_60_after']
2018-12-30 02:29:45,041 - INFO - X columns for the model: ['pe_worse', 'direction_agg_0_5_after', 'direction_candle_25_30_after', 'pips_agg_0_5_after', 'direction_agg_20_25_after', 'num_news', 'pips_candle_5_10_after', 'direction_candle_5_10_after', 'fe_worse', 'pips_agg_5_10_after', 'pips_agg_20_25_after', 'pips_candle_25_30_after', 'direction_agg_5_10_after', 'High', 'direction_candle_20_25_after', 'direction_candle_10_15_after', 'pe_accurate', 'volatility_5_10_after', 'direction_candle_0_5_after', 'pe_better', 'pips_agg_15_20_after', 'direction_agg_15_20_after', 'volatility_15_20_after', 'volatility_20_25_after', 'fe_accurate', 'total_error_ratio_zscore', 'fe_better', 'week', 'direction_agg_10_15_after', 'pips_candle_10_15_after', 'pips_candle_20_25_after', 'pips_agg_25_30_after', 'direction_agg_25_30_after', 'volatility_10_15_after', 'pips_candle_0_5_after', 'volatility_0_5_after', 'weekday', 'direction_candle_15_20_after', 'pips_candle_15_20_after', 'pips_agg_10_15_after', 'forecast_error_ratio_zscore', 'year', 'new_id', 'volatility_25_30_after']
2018-12-30 02:29:45,105 - INFO - Starting KNeighborsClassifier
2018-12-30 02:30:06,118 - INFO - Starting SVC - rbf
2018-12-30 02:31:20,083 - INFO - There are no predictions for class -2
2018-12-30 02:31:20,084 - INFO - There are no predictions for class -1
2018-12-30 02:31:20,084 - INFO - There are no predictions for class 1
2018-12-30 02:31:20,084 - INFO - There are no predictions for class 2
2018-12-30 02:31:20,096 - INFO - Starting DecisionTreeClassifier
2018-12-30 02:31:29,491 - INFO - There are no predictions for class 1
2018-12-30 02:31:29,500 - INFO - Starting RandomForestClassifier
2018-12-30 02:38:28,853 - INFO - Starting XGBClassifier
2018-12-30 02:39:37,730 - INFO - Starting GradientBoostingClassifier
2018-12-30 02:41:14,736 - INFO - Starting AdaBoostClassifier
2018-12-30 02:41:35,266 - INFO - sweep done in: 11.85 min
2018-12-30 02:41:35,271 - INFO - Starting a new sweep, delay in between buying-selling is: 30_90
2018-12-30 02:41:35,272 - INFO - Starting a new sweep for grid mode: basic
2018-12-30 02:41:35,272 - INFO - List of dynamic market fields: ['volatility_0_5_after', 'pips_agg_0_5_after', 'pips_candle_0_5_after', 'direction_candle_0_5_after', 'direction_agg_0_5_after', 'volatility_5_10_after', 'pips_agg_5_10_after', 'pips_candle_5_10_after', 'direction_candle_5_10_after', 'direction_agg_5_10_after', 'volatility_10_15_after', 'pips_agg_10_15_after', 'pips_candle_10_15_after', 'direction_candle_10_15_after', 'direction_agg_10_15_after', 'volatility_15_20_after', 'pips_agg_15_20_after', 'pips_candle_15_20_after', 'direction_candle_15_20_after', 'direction_agg_15_20_after', 'volatility_20_25_after', 'pips_agg_20_25_after', 'pips_candle_20_25_after', 'direction_candle_20_25_after', 'direction_agg_20_25_after', 'volatility_25_30_after', 'pips_agg_25_30_after', 'pips_candle_25_30_after', 'direction_candle_25_30_after', 'direction_agg_25_30_after', 'datetime', 'pips_agg_0_90_after']
2018-12-30 02:41:36,097 - INFO - X columns for the model: ['pe_worse', 'direction_agg_0_5_after', 'direction_candle_25_30_after', 'pips_agg_0_5_after', 'direction_agg_20_25_after', 'num_news', 'pips_candle_5_10_after', 'direction_candle_5_10_after', 'fe_worse', 'pips_agg_5_10_after', 'pips_agg_20_25_after', 'pips_candle_25_30_after', 'direction_agg_5_10_after', 'High', 'direction_candle_20_25_after', 'direction_candle_10_15_after', 'pe_accurate', 'volatility_5_10_after', 'direction_candle_0_5_after', 'pe_better', 'pips_agg_15_20_after', 'direction_agg_15_20_after', 'volatility_15_20_after', 'volatility_20_25_after', 'fe_accurate', 'total_error_ratio_zscore', 'fe_better', 'week', 'direction_agg_10_15_after', 'pips_candle_10_15_after', 'pips_candle_20_25_after', 'pips_agg_25_30_after', 'direction_agg_25_30_after', 'volatility_10_15_after', 'pips_candle_0_5_after', 'volatility_0_5_after', 'weekday', 'direction_candle_15_20_after', 'pips_candle_15_20_after', 'pips_agg_10_15_after', 'forecast_error_ratio_zscore', 'year', 'new_id', 'volatility_25_30_after']
2018-12-30 02:41:36,149 - INFO - Starting KNeighborsClassifier
2018-12-30 02:41:57,995 - INFO - Starting SVC - rbf
2018-12-30 02:43:10,415 - INFO - There are no predictions for class -2
2018-12-30 02:43:10,416 - INFO - There are no predictions for class -1
2018-12-30 02:43:10,416 - INFO - There are no predictions for class 1
2018-12-30 02:43:10,417 - INFO - There are no predictions for class 2
2018-12-30 02:43:10,433 - INFO - Starting DecisionTreeClassifier
2018-12-30 02:43:19,596 - INFO - There are no predictions for class -1
2018-12-30 02:43:19,613 - INFO - Starting RandomForestClassifier
2018-12-30 02:50:32,140 - INFO - There are no predictions for class -1
2018-12-30 02:50:32,155 - INFO - Starting XGBClassifier
2018-12-30 02:51:43,977 - INFO - Starting GradientBoostingClassifier
2018-12-30 02:53:29,117 - INFO - Starting AdaBoostClassifier
2018-12-30 02:53:52,436 - INFO - There are no predictions for class -1
2018-12-30 02:53:52,453 - INFO - sweep done in: 12.29 min
2018-12-30 02:53:52,457 - INFO - Starting a new sweep, delay in between buying-selling is: 30_120
2018-12-30 02:53:52,457 - INFO - Starting a new sweep for grid mode: basic
2018-12-30 02:53:52,458 - INFO - List of dynamic market fields: ['volatility_0_5_after', 'pips_agg_0_5_after', 'pips_candle_0_5_after', 'direction_candle_0_5_after', 'direction_agg_0_5_after', 'volatility_5_10_after', 'pips_agg_5_10_after', 'pips_candle_5_10_after', 'direction_candle_5_10_after', 'direction_agg_5_10_after', 'volatility_10_15_after', 'pips_agg_10_15_after', 'pips_candle_10_15_after', 'direction_candle_10_15_after', 'direction_agg_10_15_after', 'volatility_15_20_after', 'pips_agg_15_20_after', 'pips_candle_15_20_after', 'direction_candle_15_20_after', 'direction_agg_15_20_after', 'volatility_20_25_after', 'pips_agg_20_25_after', 'pips_candle_20_25_after', 'direction_candle_20_25_after', 'direction_agg_20_25_after', 'volatility_25_30_after', 'pips_agg_25_30_after', 'pips_candle_25_30_after', 'direction_candle_25_30_after', 'direction_agg_25_30_after', 'datetime', 'pips_agg_0_120_after']
2018-12-30 02:53:53,331 - INFO - X columns for the model: ['pe_worse', 'direction_agg_0_5_after', 'direction_candle_25_30_after', 'pips_agg_0_5_after', 'direction_agg_20_25_after', 'num_news', 'pips_candle_5_10_after', 'direction_candle_5_10_after', 'fe_worse', 'pips_agg_5_10_after', 'pips_agg_20_25_after', 'pips_candle_25_30_after', 'direction_agg_5_10_after', 'High', 'direction_candle_20_25_after', 'direction_candle_10_15_after', 'pe_accurate', 'volatility_5_10_after', 'direction_candle_0_5_after', 'pe_better', 'pips_agg_15_20_after', 'direction_agg_15_20_after', 'volatility_15_20_after', 'volatility_20_25_after', 'fe_accurate', 'total_error_ratio_zscore', 'fe_better', 'week', 'direction_agg_10_15_after', 'pips_candle_10_15_after', 'pips_candle_20_25_after', 'pips_agg_25_30_after', 'direction_agg_25_30_after', 'volatility_10_15_after', 'pips_candle_0_5_after', 'volatility_0_5_after', 'weekday', 'direction_candle_15_20_after', 'pips_candle_15_20_after', 'pips_agg_10_15_after', 'forecast_error_ratio_zscore', 'year', 'new_id', 'volatility_25_30_after']
2018-12-30 02:53:53,415 - INFO - Starting KNeighborsClassifier
2018-12-30 02:54:20,534 - INFO - Starting SVC - rbf
2018-12-30 02:55:37,234 - INFO - There are no predictions for class -2
2018-12-30 02:55:37,235 - INFO - There are no predictions for class -1
2018-12-30 02:55:37,236 - INFO - There are no predictions for class 1
2018-12-30 02:55:37,236 - INFO - There are no predictions for class 2
2018-12-30 02:55:37,249 - INFO - Starting DecisionTreeClassifier
2018-12-30 02:55:47,003 - INFO - There are no predictions for class -1
2018-12-30 02:55:47,014 - INFO - Starting RandomForestClassifier
2018-12-30 03:02:42,680 - INFO - There are no predictions for class -1
2018-12-30 03:02:42,696 - INFO - Starting XGBClassifier
2018-12-30 03:03:52,370 - INFO - Starting GradientBoostingClassifier
2018-12-30 03:05:27,818 - INFO - Starting AdaBoostClassifier
2018-12-30 03:05:47,890 - INFO - There are no predictions for class 1
2018-12-30 03:05:47,914 - INFO - sweep done in: 11.92 min
2018-12-30 03:05:47,919 - INFO - Starting a new sweep, delay in between buying-selling is: 30_120
2018-12-30 03:05:47,920 - INFO - Starting a new sweep for grid mode: basic
2018-12-30 03:05:47,920 - INFO - List of dynamic market fields: ['volatility_0_5_after', 'pips_agg_0_5_after', 'pips_candle_0_5_after', 'direction_candle_0_5_after', 'direction_agg_0_5_after', 'volatility_5_10_after', 'pips_agg_5_10_after', 'pips_candle_5_10_after', 'direction_candle_5_10_after', 'direction_agg_5_10_after', 'volatility_10_15_after', 'pips_agg_10_15_after', 'pips_candle_10_15_after', 'direction_candle_10_15_after', 'direction_agg_10_15_after', 'volatility_15_20_after', 'pips_agg_15_20_after', 'pips_candle_15_20_after', 'direction_candle_15_20_after', 'direction_agg_15_20_after', 'volatility_20_25_after', 'pips_agg_20_25_after', 'pips_candle_20_25_after', 'direction_candle_20_25_after', 'direction_agg_20_25_after', 'volatility_25_30_after', 'pips_agg_25_30_after', 'pips_candle_25_30_after', 'direction_candle_25_30_after', 'direction_agg_25_30_after', 'datetime', 'pips_agg_0_120_after']
2018-12-30 03:05:48,800 - INFO - X columns for the model: ['pe_worse', 'direction_agg_0_5_after', 'direction_candle_25_30_after', 'pips_agg_0_5_after', 'direction_agg_20_25_after', 'num_news', 'pips_candle_5_10_after', 'direction_candle_5_10_after', 'fe_worse', 'pips_agg_5_10_after', 'pips_agg_20_25_after', 'pips_candle_25_30_after', 'direction_agg_5_10_after', 'High', 'direction_candle_20_25_after', 'direction_candle_10_15_after', 'pe_accurate', 'volatility_5_10_after', 'direction_candle_0_5_after', 'pe_better', 'pips_agg_15_20_after', 'direction_agg_15_20_after', 'volatility_15_20_after', 'volatility_20_25_after', 'fe_accurate', 'total_error_ratio_zscore', 'fe_better', 'week', 'direction_agg_10_15_after', 'pips_candle_10_15_after', 'pips_candle_20_25_after', 'pips_agg_25_30_after', 'direction_agg_25_30_after', 'volatility_10_15_after', 'pips_candle_0_5_after', 'volatility_0_5_after', 'weekday', 'direction_candle_15_20_after', 'pips_candle_15_20_after', 'pips_agg_10_15_after', 'forecast_error_ratio_zscore', 'year', 'new_id', 'volatility_25_30_after']
2018-12-30 03:05:48,846 - INFO - Starting KNeighborsClassifier
2018-12-30 03:06:08,936 - INFO - Starting SVC - rbf
2018-12-30 03:07:18,650 - INFO - There are no predictions for class -2
2018-12-30 03:07:18,650 - INFO - There are no predictions for class -1
2018-12-30 03:07:18,651 - INFO - There are no predictions for class 1
2018-12-30 03:07:18,651 - INFO - There are no predictions for class 2
2018-12-30 03:07:18,665 - INFO - Starting DecisionTreeClassifier
2018-12-30 03:07:27,662 - INFO - There are no predictions for class -1
2018-12-30 03:07:27,676 - INFO - Starting RandomForestClassifier
2018-12-30 03:14:18,968 - INFO - There are no predictions for class -1
2018-12-30 03:14:18,983 - INFO - Starting XGBClassifier
2018-12-30 03:15:30,785 - INFO - Starting GradientBoostingClassifier
2018-12-30 03:17:07,306 - INFO - Starting AdaBoostClassifier
2018-12-30 03:17:27,920 - INFO - There are no predictions for class 1
2018-12-30 03:17:27,942 - INFO - sweep done in: 11.67 min
2018-12-30 03:17:27,948 - INFO - Starting a new sweep, delay in between buying-selling is: 30_240
2018-12-30 03:17:27,949 - INFO - Starting a new sweep for grid mode: basic
2018-12-30 03:17:27,949 - INFO - List of dynamic market fields: ['volatility_0_5_after', 'pips_agg_0_5_after', 'pips_candle_0_5_after', 'direction_candle_0_5_after', 'direction_agg_0_5_after', 'volatility_5_10_after', 'pips_agg_5_10_after', 'pips_candle_5_10_after', 'direction_candle_5_10_after', 'direction_agg_5_10_after', 'volatility_10_15_after', 'pips_agg_10_15_after', 'pips_candle_10_15_after', 'direction_candle_10_15_after', 'direction_agg_10_15_after', 'volatility_15_20_after', 'pips_agg_15_20_after', 'pips_candle_15_20_after', 'direction_candle_15_20_after', 'direction_agg_15_20_after', 'volatility_20_25_after', 'pips_agg_20_25_after', 'pips_candle_20_25_after', 'direction_candle_20_25_after', 'direction_agg_20_25_after', 'volatility_25_30_after', 'pips_agg_25_30_after', 'pips_candle_25_30_after', 'direction_candle_25_30_after', 'direction_agg_25_30_after', 'datetime', 'pips_agg_0_240_after']
2018-12-30 03:17:28,949 - INFO - X columns for the model: ['pe_worse', 'direction_agg_0_5_after', 'direction_candle_25_30_after', 'pips_agg_0_5_after', 'direction_agg_20_25_after', 'num_news', 'pips_candle_5_10_after', 'direction_candle_5_10_after', 'fe_worse', 'pips_agg_5_10_after', 'pips_agg_20_25_after', 'pips_candle_25_30_after', 'direction_agg_5_10_after', 'High', 'direction_candle_20_25_after', 'direction_candle_10_15_after', 'pe_accurate', 'volatility_5_10_after', 'direction_candle_0_5_after', 'pe_better', 'pips_agg_15_20_after', 'direction_agg_15_20_after', 'volatility_15_20_after', 'volatility_20_25_after', 'fe_accurate', 'total_error_ratio_zscore', 'fe_better', 'week', 'direction_agg_10_15_after', 'pips_candle_10_15_after', 'pips_candle_20_25_after', 'pips_agg_25_30_after', 'direction_agg_25_30_after', 'volatility_10_15_after', 'pips_candle_0_5_after', 'volatility_0_5_after', 'weekday', 'direction_candle_15_20_after', 'pips_candle_15_20_after', 'pips_agg_10_15_after', 'forecast_error_ratio_zscore', 'year', 'new_id', 'volatility_25_30_after']
2018-12-30 03:17:29,008 - INFO - Starting KNeighborsClassifier
2018-12-30 03:17:51,196 - INFO - Starting SVC - rbf
2018-12-30 03:19:05,870 - INFO - There are no predictions for class -2
2018-12-30 03:19:05,870 - INFO - There are no predictions for class -1
2018-12-30 03:19:05,871 - INFO - There are no predictions for class 0
2018-12-30 03:19:05,871 - INFO - There are no predictions for class 1
2018-12-30 03:19:05,881 - INFO - Starting DecisionTreeClassifier
2018-12-30 03:19:15,567 - INFO - There are no predictions for class -1
2018-12-30 03:19:15,568 - INFO - There are no predictions for class 1
2018-12-30 03:19:15,580 - INFO - Starting RandomForestClassifier
2018-12-30 03:26:35,707 - INFO - There are no predictions for class -1
2018-12-30 03:26:35,707 - INFO - There are no predictions for class 1
2018-12-30 03:26:35,725 - INFO - Starting XGBClassifier
2018-12-30 03:27:44,962 - INFO - There are no predictions for class -1
2018-12-30 03:27:44,963 - INFO - There are no predictions for class 1
2018-12-30 03:27:44,977 - INFO - Starting GradientBoostingClassifier
2018-12-30 03:29:19,506 - INFO - There are no predictions for class -1
2018-12-30 03:29:19,519 - INFO - Starting AdaBoostClassifier
2018-12-30 03:29:39,751 - INFO - There are no predictions for class -1
2018-12-30 03:29:39,772 - INFO - sweep done in: 12.20 min
2018-12-30 03:29:39,786 - INFO - Starting a new sweep with market features: basic
2018-12-30 03:29:39,786 - INFO - Starting a new sweep, features before the publication are: included
2018-12-30 03:29:39,786 - INFO - Starting a new sweep, delay in between buying-selling is: 0_60
2018-12-30 03:29:39,786 - INFO - Starting a new sweep for grid mode: basic
2018-12-30 03:29:39,786 - INFO - List of dynamic market fields: ['volatility_60_0_before', 'pips_agg_60_0_before', 'datetime', 'pips_agg_0_60_after']
2018-12-30 03:29:40,280 - INFO - X columns for the model: ['pe_worse', 'fe_accurate', 'total_error_ratio_zscore', 'fe_better', 'num_news', 'week', 'fe_worse', 'weekday', 'pips_agg_60_0_before', 'High', 'volatility_60_0_before', 'pe_accurate', 'forecast_error_ratio_zscore', 'year', 'pe_better', 'new_id']
2018-12-30 03:29:40,313 - INFO - Starting KNeighborsClassifier
2018-12-30 03:29:47,762 - INFO - There are no predictions for class -1
2018-12-30 03:29:47,763 - INFO - There are no predictions for class 1
2018-12-30 03:29:47,774 - INFO - Starting SVC - rbf
2018-12-30 03:30:38,070 - INFO - There are no predictions for class -2
2018-12-30 03:30:38,071 - INFO - There are no predictions for class -1
2018-12-30 03:30:38,071 - INFO - There are no predictions for class 1
2018-12-30 03:30:38,072 - INFO - There are no predictions for class 2
2018-12-30 03:30:38,080 - INFO - Starting DecisionTreeClassifier
2018-12-30 03:30:42,469 - INFO - There are no predictions for class -1
2018-12-30 03:30:42,469 - INFO - There are no predictions for class 1
2018-12-30 03:30:42,483 - INFO - Starting RandomForestClassifier
2018-12-30 03:36:51,917 - INFO - There are no predictions for class -1
2018-12-30 03:36:51,917 - INFO - There are no predictions for class 1
2018-12-30 03:36:51,930 - INFO - Starting XGBClassifier
2018-12-30 03:37:21,665 - INFO - Starting GradientBoostingClassifier
2018-12-30 03:38:15,254 - INFO - There are no predictions for class 1
2018-12-30 03:38:15,265 - INFO - Starting AdaBoostClassifier
2018-12-30 03:38:29,390 - INFO - There are no predictions for class -1
2018-12-30 03:38:29,404 - INFO - sweep done in: 8.83 min
2018-12-30 03:38:29,417 - INFO - Starting a new sweep, delay in between buying-selling is: 15_60
2018-12-30 03:38:29,418 - INFO - Starting a new sweep for grid mode: basic
2018-12-30 03:38:29,418 - INFO - List of dynamic market fields: ['volatility_0_5_after', 'pips_agg_0_5_after', 'pips_candle_0_5_after', 'volatility_5_10_after', 'pips_agg_5_10_after', 'pips_candle_5_10_after', 'volatility_10_15_after', 'pips_agg_10_15_after', 'pips_candle_10_15_after', 'volatility_60_0_before', 'pips_agg_60_0_before', 'datetime', 'pips_agg_0_60_after']
2018-12-30 03:38:30,243 - INFO - X columns for the model: ['pe_worse', 'pips_agg_0_5_after', 'fe_accurate', 'total_error_ratio_zscore', 'fe_better', 'num_news', 'pips_candle_5_10_after', 'week', 'pips_candle_10_15_after', 'fe_worse', 'pips_agg_5_10_after', 'volatility_10_15_after', 'pips_candle_0_5_after', 'volatility_0_5_after', 'pips_agg_60_0_before', 'weekday', 'High', 'volatility_60_0_before', 'pe_accurate', 'pips_agg_10_15_after', 'forecast_error_ratio_zscore', 'volatility_5_10_after', 'year', 'pe_better', 'new_id']
2018-12-30 03:38:30,278 - INFO - Starting KNeighborsClassifier
2018-12-30 03:38:43,797 - INFO - Starting SVC - rbf
2018-12-30 03:39:37,629 - INFO - There are no predictions for class -2
2018-12-30 03:39:37,630 - INFO - There are no predictions for class -1
2018-12-30 03:39:37,630 - INFO - There are no predictions for class 1
2018-12-30 03:39:37,631 - INFO - There are no predictions for class 2
2018-12-30 03:39:37,648 - INFO - Starting DecisionTreeClassifier
2018-12-30 03:39:43,762 - INFO - There are no predictions for class -1
2018-12-30 03:39:43,763 - INFO - There are no predictions for class 1
2018-12-30 03:39:43,778 - INFO - Starting RandomForestClassifier
2018-12-30 03:46:18,314 - INFO - There are no predictions for class -1
2018-12-30 03:46:18,315 - INFO - There are no predictions for class 1
2018-12-30 03:46:18,334 - INFO - Starting XGBClassifier
2018-12-30 03:47:04,076 - INFO - Starting GradientBoostingClassifier
2018-12-30 03:48:17,270 - INFO - Starting AdaBoostClassifier
2018-12-30 03:48:35,400 - INFO - There are no predictions for class 1
2018-12-30 03:48:35,424 - INFO - sweep done in: 10.10 min
2018-12-30 03:48:35,430 - INFO - Starting a new sweep, delay in between buying-selling is: 30_60
2018-12-30 03:48:35,430 - INFO - Starting a new sweep for grid mode: basic
2018-12-30 03:48:35,430 - INFO - List of dynamic market fields: ['volatility_0_5_after', 'pips_agg_0_5_after', 'pips_candle_0_5_after', 'volatility_5_10_after', 'pips_agg_5_10_after', 'pips_candle_5_10_after', 'volatility_10_15_after', 'pips_agg_10_15_after', 'pips_candle_10_15_after', 'volatility_15_20_after', 'pips_agg_15_20_after', 'pips_candle_15_20_after', 'volatility_20_25_after', 'pips_agg_20_25_after', 'pips_candle_20_25_after', 'volatility_25_30_after', 'pips_agg_25_30_after', 'pips_candle_25_30_after', 'volatility_60_0_before', 'pips_agg_60_0_before', 'datetime', 'pips_agg_0_60_after']
2018-12-30 03:48:36,335 - INFO - X columns for the model: ['pe_worse', 'pips_agg_0_5_after', 'num_news', 'pips_candle_5_10_after', 'fe_worse', 'pips_agg_5_10_after', 'pips_agg_20_25_after', 'pips_candle_25_30_after', 'pips_agg_60_0_before', 'High', 'volatility_60_0_before', 'pe_accurate', 'volatility_5_10_after', 'pe_better', 'pips_agg_15_20_after', 'volatility_15_20_after', 'volatility_20_25_after', 'fe_accurate', 'total_error_ratio_zscore', 'fe_better', 'week', 'pips_candle_10_15_after', 'pips_candle_20_25_after', 'pips_agg_25_30_after', 'volatility_10_15_after', 'pips_candle_0_5_after', 'volatility_0_5_after', 'weekday', 'pips_candle_15_20_after', 'pips_agg_10_15_after', 'forecast_error_ratio_zscore', 'year', 'new_id', 'volatility_25_30_after']
2018-12-30 03:48:36,388 - INFO - Starting KNeighborsClassifier
2018-12-30 03:48:55,732 - INFO - Starting SVC - rbf
2018-12-30 03:50:03,043 - INFO - There are no predictions for class -2
2018-12-30 03:50:03,044 - INFO - There are no predictions for class -1
2018-12-30 03:50:03,044 - INFO - There are no predictions for class 1
2018-12-30 03:50:03,044 - INFO - There are no predictions for class 2
2018-12-30 03:50:03,058 - INFO - Starting DecisionTreeClassifier
2018-12-30 03:50:12,154 - INFO - Starting RandomForestClassifier
2018-12-30 03:57:36,905 - INFO - Starting XGBClassifier
2018-12-30 03:58:34,853 - INFO - Starting GradientBoostingClassifier
2018-12-30 04:00:04,501 - INFO - Starting AdaBoostClassifier
2018-12-30 04:00:24,592 - INFO - sweep done in: 11.82 min
2018-12-30 04:00:24,606 - INFO - Starting a new sweep, delay in between buying-selling is: 30_90
2018-12-30 04:00:24,607 - INFO - Starting a new sweep for grid mode: basic
2018-12-30 04:00:24,607 - INFO - List of dynamic market fields: ['volatility_0_5_after', 'pips_agg_0_5_after', 'pips_candle_0_5_after', 'volatility_5_10_after', 'pips_agg_5_10_after', 'pips_candle_5_10_after', 'volatility_10_15_after', 'pips_agg_10_15_after', 'pips_candle_10_15_after', 'volatility_15_20_after', 'pips_agg_15_20_after', 'pips_candle_15_20_after', 'volatility_20_25_after', 'pips_agg_20_25_after', 'pips_candle_20_25_after', 'volatility_25_30_after', 'pips_agg_25_30_after', 'pips_candle_25_30_after', 'volatility_60_0_before', 'pips_agg_60_0_before', 'datetime', 'pips_agg_0_90_after']
2018-12-30 04:00:25,392 - INFO - X columns for the model: ['pe_worse', 'pips_agg_0_5_after', 'num_news', 'pips_candle_5_10_after', 'fe_worse', 'pips_agg_5_10_after', 'pips_agg_20_25_after', 'pips_candle_25_30_after', 'pips_agg_60_0_before', 'High', 'volatility_60_0_before', 'pe_accurate', 'volatility_5_10_after', 'pe_better', 'pips_agg_15_20_after', 'volatility_15_20_after', 'volatility_20_25_after', 'fe_accurate', 'total_error_ratio_zscore', 'fe_better', 'week', 'pips_candle_10_15_after', 'pips_candle_20_25_after', 'pips_agg_25_30_after', 'volatility_10_15_after', 'pips_candle_0_5_after', 'volatility_0_5_after', 'weekday', 'pips_candle_15_20_after', 'pips_agg_10_15_after', 'forecast_error_ratio_zscore', 'year', 'new_id', 'volatility_25_30_after']
2018-12-30 04:00:25,440 - INFO - Starting KNeighborsClassifier
2018-12-30 04:00:44,179 - INFO - Starting SVC - rbf
2018-12-30 04:01:46,102 - INFO - There are no predictions for class -2
2018-12-30 04:01:46,103 - INFO - There are no predictions for class -1
2018-12-30 04:01:46,103 - INFO - There are no predictions for class 1
2018-12-30 04:01:46,103 - INFO - There are no predictions for class 2
2018-12-30 04:01:46,119 - INFO - Starting DecisionTreeClassifier
2018-12-30 04:01:54,166 - INFO - There are no predictions for class -1
2018-12-30 04:01:54,166 - INFO - There are no predictions for class 1
2018-12-30 04:01:54,183 - INFO - Starting RandomForestClassifier
2018-12-30 04:08:40,404 - INFO - There are no predictions for class -1
2018-12-30 04:08:40,414 - INFO - Starting XGBClassifier
2018-12-30 04:09:38,356 - INFO - Starting GradientBoostingClassifier
2018-12-30 04:11:04,989 - INFO - Starting AdaBoostClassifier
2018-12-30 04:11:25,625 - INFO - There are no predictions for class -1
2018-12-30 04:11:25,626 - INFO - There are no predictions for class 1
2018-12-30 04:11:25,645 - INFO - sweep done in: 11.02 min
2018-12-30 04:11:25,653 - INFO - Starting a new sweep, delay in between buying-selling is: 30_120
2018-12-30 04:11:25,653 - INFO - Starting a new sweep for grid mode: basic
2018-12-30 04:11:25,654 - INFO - List of dynamic market fields: ['volatility_0_5_after', 'pips_agg_0_5_after', 'pips_candle_0_5_after', 'volatility_5_10_after', 'pips_agg_5_10_after', 'pips_candle_5_10_after', 'volatility_10_15_after', 'pips_agg_10_15_after', 'pips_candle_10_15_after', 'volatility_15_20_after', 'pips_agg_15_20_after', 'pips_candle_15_20_after', 'volatility_20_25_after', 'pips_agg_20_25_after', 'pips_candle_20_25_after', 'volatility_25_30_after', 'pips_agg_25_30_after', 'pips_candle_25_30_after', 'volatility_60_0_before', 'pips_agg_60_0_before', 'datetime', 'pips_agg_0_120_after']
2018-12-30 04:11:26,401 - INFO - X columns for the model: ['pe_worse', 'pips_agg_0_5_after', 'num_news', 'pips_candle_5_10_after', 'fe_worse', 'pips_agg_5_10_after', 'pips_agg_20_25_after', 'pips_candle_25_30_after', 'pips_agg_60_0_before', 'High', 'volatility_60_0_before', 'pe_accurate', 'volatility_5_10_after', 'pe_better', 'pips_agg_15_20_after', 'volatility_15_20_after', 'volatility_20_25_after', 'fe_accurate', 'total_error_ratio_zscore', 'fe_better', 'week', 'pips_candle_10_15_after', 'pips_candle_20_25_after', 'pips_agg_25_30_after', 'volatility_10_15_after', 'pips_candle_0_5_after', 'volatility_0_5_after', 'weekday', 'pips_candle_15_20_after', 'pips_agg_10_15_after', 'forecast_error_ratio_zscore', 'year', 'new_id', 'volatility_25_30_after']
2018-12-30 04:11:26,462 - INFO - Starting KNeighborsClassifier
2018-12-30 04:11:46,038 - INFO - Starting SVC - rbf
2018-12-30 04:12:47,305 - INFO - There are no predictions for class -2
2018-12-30 04:12:47,305 - INFO - There are no predictions for class -1
2018-12-30 04:12:47,306 - INFO - There are no predictions for class 1
2018-12-30 04:12:47,306 - INFO - There are no predictions for class 2
2018-12-30 04:12:47,317 - INFO - Starting DecisionTreeClassifier
2018-12-30 04:12:55,534 - INFO - There are no predictions for class -1
2018-12-30 04:12:55,535 - INFO - There are no predictions for class 1
2018-12-30 04:12:55,547 - INFO - Starting RandomForestClassifier
2018-12-30 04:19:42,154 - INFO - There are no predictions for class -1
2018-12-30 04:19:42,173 - INFO - Starting XGBClassifier
2018-12-30 04:20:40,501 - INFO - Starting GradientBoostingClassifier
2018-12-30 04:22:07,285 - INFO - Starting AdaBoostClassifier
2018-12-30 04:22:27,494 - INFO - There are no predictions for class 1
2018-12-30 04:22:27,512 - INFO - sweep done in: 11.03 min
2018-12-30 04:22:27,524 - INFO - Starting a new sweep, delay in between buying-selling is: 30_120
2018-12-30 04:22:27,525 - INFO - Starting a new sweep for grid mode: basic
2018-12-30 04:22:27,525 - INFO - List of dynamic market fields: ['volatility_0_5_after', 'pips_agg_0_5_after', 'pips_candle_0_5_after', 'volatility_5_10_after', 'pips_agg_5_10_after', 'pips_candle_5_10_after', 'volatility_10_15_after', 'pips_agg_10_15_after', 'pips_candle_10_15_after', 'volatility_15_20_after', 'pips_agg_15_20_after', 'pips_candle_15_20_after', 'volatility_20_25_after', 'pips_agg_20_25_after', 'pips_candle_20_25_after', 'volatility_25_30_after', 'pips_agg_25_30_after', 'pips_candle_25_30_after', 'volatility_60_0_before', 'pips_agg_60_0_before', 'datetime', 'pips_agg_0_120_after']
2018-12-30 04:22:28,246 - INFO - X columns for the model: ['pe_worse', 'pips_agg_0_5_after', 'num_news', 'pips_candle_5_10_after', 'fe_worse', 'pips_agg_5_10_after', 'pips_agg_20_25_after', 'pips_candle_25_30_after', 'pips_agg_60_0_before', 'High', 'volatility_60_0_before', 'pe_accurate', 'volatility_5_10_after', 'pe_better', 'pips_agg_15_20_after', 'volatility_15_20_after', 'volatility_20_25_after', 'fe_accurate', 'total_error_ratio_zscore', 'fe_better', 'week', 'pips_candle_10_15_after', 'pips_candle_20_25_after', 'pips_agg_25_30_after', 'volatility_10_15_after', 'pips_candle_0_5_after', 'volatility_0_5_after', 'weekday', 'pips_candle_15_20_after', 'pips_agg_10_15_after', 'forecast_error_ratio_zscore', 'year', 'new_id', 'volatility_25_30_after']
2018-12-30 04:22:28,292 - INFO - Starting KNeighborsClassifier
2018-12-30 04:22:46,028 - INFO - Starting SVC - rbf
2018-12-30 04:23:46,830 - INFO - There are no predictions for class -2
2018-12-30 04:23:46,831 - INFO - There are no predictions for class -1
2018-12-30 04:23:46,831 - INFO - There are no predictions for class 1
2018-12-30 04:23:46,835 - INFO - There are no predictions for class 2
2018-12-30 04:23:46,852 - INFO - Starting DecisionTreeClassifier
2018-12-30 04:23:54,986 - INFO - There are no predictions for class -1
2018-12-30 04:23:54,987 - INFO - There are no predictions for class 1
2018-12-30 04:23:55,004 - INFO - Starting RandomForestClassifier
2018-12-30 04:30:48,776 - INFO - There are no predictions for class -1
2018-12-30 04:30:48,791 - INFO - Starting XGBClassifier
2018-12-30 04:31:47,949 - INFO - Starting GradientBoostingClassifier
2018-12-30 04:33:16,698 - INFO - Starting AdaBoostClassifier
2018-12-30 04:33:36,852 - INFO - There are no predictions for class 1
2018-12-30 04:33:36,878 - INFO - sweep done in: 11.16 min
2018-12-30 04:33:36,885 - INFO - Starting a new sweep, delay in between buying-selling is: 30_240
2018-12-30 04:33:36,885 - INFO - Starting a new sweep for grid mode: basic
2018-12-30 04:33:36,886 - INFO - List of dynamic market fields: ['volatility_0_5_after', 'pips_agg_0_5_after', 'pips_candle_0_5_after', 'volatility_5_10_after', 'pips_agg_5_10_after', 'pips_candle_5_10_after', 'volatility_10_15_after', 'pips_agg_10_15_after', 'pips_candle_10_15_after', 'volatility_15_20_after', 'pips_agg_15_20_after', 'pips_candle_15_20_after', 'volatility_20_25_after', 'pips_agg_20_25_after', 'pips_candle_20_25_after', 'volatility_25_30_after', 'pips_agg_25_30_after', 'pips_candle_25_30_after', 'volatility_60_0_before', 'pips_agg_60_0_before', 'datetime', 'pips_agg_0_240_after']
2018-12-30 04:33:37,616 - INFO - X columns for the model: ['pe_worse', 'pips_agg_0_5_after', 'num_news', 'pips_candle_5_10_after', 'fe_worse', 'pips_agg_5_10_after', 'pips_agg_20_25_after', 'pips_candle_25_30_after', 'pips_agg_60_0_before', 'High', 'volatility_60_0_before', 'pe_accurate', 'volatility_5_10_after', 'pe_better', 'pips_agg_15_20_after', 'volatility_15_20_after', 'volatility_20_25_after', 'fe_accurate', 'total_error_ratio_zscore', 'fe_better', 'week', 'pips_candle_10_15_after', 'pips_candle_20_25_after', 'pips_agg_25_30_after', 'volatility_10_15_after', 'pips_candle_0_5_after', 'volatility_0_5_after', 'weekday', 'pips_candle_15_20_after', 'pips_agg_10_15_after', 'forecast_error_ratio_zscore', 'year', 'new_id', 'volatility_25_30_after']
2018-12-30 04:33:37,663 - INFO - Starting KNeighborsClassifier
2018-12-30 04:33:56,042 - INFO - Starting SVC - rbf
2018-12-30 04:34:58,254 - INFO - There are no predictions for class -2
2018-12-30 04:34:58,255 - INFO - There are no predictions for class -1
2018-12-30 04:34:58,255 - INFO - There are no predictions for class 0
2018-12-30 04:34:58,255 - INFO - There are no predictions for class 1
2018-12-30 04:34:58,273 - INFO - Starting DecisionTreeClassifier
2018-12-30 04:35:06,434 - INFO - There are no predictions for class -1
2018-12-30 04:35:06,435 - INFO - There are no predictions for class 1
2018-12-30 04:35:06,445 - INFO - Starting RandomForestClassifier
2018-12-30 04:41:52,342 - INFO - There are no predictions for class -1
2018-12-30 04:41:52,343 - INFO - There are no predictions for class 1
2018-12-30 04:41:52,354 - INFO - Starting XGBClassifier
2018-12-30 04:42:50,218 - INFO - There are no predictions for class -1
2018-12-30 04:42:50,218 - INFO - There are no predictions for class 1
2018-12-30 04:42:50,229 - INFO - Starting GradientBoostingClassifier
2018-12-30 04:44:16,937 - INFO - There are no predictions for class -1
2018-12-30 04:44:16,945 - INFO - Starting AdaBoostClassifier
2018-12-30 04:44:37,528 - INFO - There are no predictions for class -1
2018-12-30 04:44:37,547 - INFO - sweep done in: 11.01 min
2018-12-30 04:44:37,566 - INFO - Starting a new sweep, features before the publication are: excluded
2018-12-30 04:44:37,566 - INFO - Starting a new sweep, delay in between buying-selling is: 0_60
2018-12-30 04:44:37,566 - INFO - Starting a new sweep for grid mode: basic
2018-12-30 04:44:37,566 - INFO - List of dynamic market fields: ['datetime', 'pips_agg_0_60_after']
2018-12-30 04:44:38,096 - INFO - X columns for the model: ['pe_worse', 'pe_better', 'weekday', 'fe_accurate', 'High', 'total_error_ratio_zscore', 'fe_better', 'num_news', 'week', 'pe_accurate', 'forecast_error_ratio_zscore', 'year', 'fe_worse', 'new_id']
2018-12-30 04:44:38,121 - INFO - Starting KNeighborsClassifier
2018-12-30 04:44:43,475 - INFO - There are no predictions for class -1
2018-12-30 04:44:43,476 - INFO - There are no predictions for class 1
2018-12-30 04:44:43,495 - INFO - Starting SVC - rbf
2018-12-30 04:45:37,935 - INFO - There are no predictions for class -1
2018-12-30 04:45:37,936 - INFO - There are no predictions for class 1
2018-12-30 04:45:37,952 - INFO - Starting DecisionTreeClassifier
2018-12-30 04:45:41,977 - INFO - There are no predictions for class -1
2018-12-30 04:45:41,978 - INFO - There are no predictions for class 1
2018-12-30 04:45:41,994 - INFO - Starting RandomForestClassifier
2018-12-30 04:51:39,400 - INFO - There are no predictions for class -1
2018-12-30 04:51:39,400 - INFO - There are no predictions for class 1
2018-12-30 04:51:39,413 - INFO - Starting XGBClassifier
2018-12-30 04:52:07,499 - INFO - There are no predictions for class 1
2018-12-30 04:52:07,518 - INFO - Starting GradientBoostingClassifier
2018-12-30 04:53:00,478 - INFO - Starting AdaBoostClassifier
2018-12-30 04:53:14,813 - INFO - There are no predictions for class 1
2018-12-30 04:53:14,831 - INFO - sweep done in: 8.62 min
2018-12-30 04:53:14,840 - INFO - Starting a new sweep, delay in between buying-selling is: 15_60
2018-12-30 04:53:14,841 - INFO - Starting a new sweep for grid mode: basic
2018-12-30 04:53:14,841 - INFO - List of dynamic market fields: ['volatility_0_5_after', 'pips_agg_0_5_after', 'pips_candle_0_5_after', 'volatility_5_10_after', 'pips_agg_5_10_after', 'pips_candle_5_10_after', 'volatility_10_15_after', 'pips_agg_10_15_after', 'pips_candle_10_15_after', 'datetime', 'pips_agg_0_60_after']
2018-12-30 04:53:15,621 - INFO - X columns for the model: ['pe_worse', 'pips_agg_0_5_after', 'fe_accurate', 'total_error_ratio_zscore', 'fe_better', 'num_news', 'pips_candle_5_10_after', 'week', 'pips_candle_10_15_after', 'fe_worse', 'pips_agg_5_10_after', 'volatility_10_15_after', 'pips_candle_0_5_after', 'volatility_0_5_after', 'weekday', 'High', 'pe_accurate', 'pips_agg_10_15_after', 'forecast_error_ratio_zscore', 'volatility_5_10_after', 'year', 'pe_better', 'new_id']
2018-12-30 04:53:15,676 - INFO - Starting KNeighborsClassifier
2018-12-30 04:53:27,860 - INFO - Starting SVC - rbf
2018-12-30 04:54:21,760 - INFO - There are no predictions for class -2
2018-12-30 04:54:21,761 - INFO - There are no predictions for class -1
2018-12-30 04:54:21,761 - INFO - There are no predictions for class 1
2018-12-30 04:54:21,762 - INFO - There are no predictions for class 2
2018-12-30 04:54:21,777 - INFO - Starting DecisionTreeClassifier
2018-12-30 04:54:27,594 - INFO - There are no predictions for class -1
2018-12-30 04:54:27,594 - INFO - There are no predictions for class 1
2018-12-30 04:54:27,603 - INFO - Starting RandomForestClassifier
2018-12-30 05:00:39,208 - INFO - There are no predictions for class -1
2018-12-30 05:00:39,216 - INFO - There are no predictions for class 1
2018-12-30 05:00:39,224 - INFO - Starting XGBClassifier
2018-12-30 05:01:20,096 - INFO - Starting GradientBoostingClassifier
2018-12-30 05:02:25,974 - INFO - Starting AdaBoostClassifier
2018-12-30 05:02:42,096 - INFO - There are no predictions for class 1
2018-12-30 05:02:42,121 - INFO - sweep done in: 9.45 min
2018-12-30 05:02:42,129 - INFO - Starting a new sweep, delay in between buying-selling is: 30_60
2018-12-30 05:02:42,129 - INFO - Starting a new sweep for grid mode: basic
2018-12-30 05:02:42,129 - INFO - List of dynamic market fields: ['volatility_0_5_after', 'pips_agg_0_5_after', 'pips_candle_0_5_after', 'volatility_5_10_after', 'pips_agg_5_10_after', 'pips_candle_5_10_after', 'volatility_10_15_after', 'pips_agg_10_15_after', 'pips_candle_10_15_after', 'volatility_15_20_after', 'pips_agg_15_20_after', 'pips_candle_15_20_after', 'volatility_20_25_after', 'pips_agg_20_25_after', 'pips_candle_20_25_after', 'volatility_25_30_after', 'pips_agg_25_30_after', 'pips_candle_25_30_after', 'datetime', 'pips_agg_0_60_after']
2018-12-30 05:02:42,826 - INFO - X columns for the model: ['pe_worse', 'pips_agg_0_5_after', 'num_news', 'pips_candle_5_10_after', 'fe_worse', 'pips_agg_5_10_after', 'pips_agg_20_25_after', 'pips_candle_25_30_after', 'High', 'pe_accurate', 'volatility_5_10_after', 'pe_better', 'pips_agg_15_20_after', 'volatility_15_20_after', 'volatility_20_25_after', 'fe_accurate', 'total_error_ratio_zscore', 'fe_better', 'week', 'pips_candle_10_15_after', 'pips_candle_20_25_after', 'pips_agg_25_30_after', 'volatility_10_15_after', 'pips_candle_0_5_after', 'volatility_0_5_after', 'weekday', 'pips_candle_15_20_after', 'pips_agg_10_15_after', 'forecast_error_ratio_zscore', 'year', 'new_id', 'volatility_25_30_after']
2018-12-30 05:02:42,870 - INFO - Starting KNeighborsClassifier
2018-12-30 05:02:58,685 - INFO - Starting SVC - rbf
2018-12-30 05:03:59,204 - INFO - There are no predictions for class -2
2018-12-30 05:03:59,205 - INFO - There are no predictions for class -1
2018-12-30 05:03:59,205 - INFO - There are no predictions for class 1
2018-12-30 05:03:59,214 - INFO - There are no predictions for class 2
2018-12-30 05:03:59,225 - INFO - Starting DecisionTreeClassifier
2018-12-30 05:04:07,068 - INFO - There are no predictions for class 1
2018-12-30 05:04:07,077 - INFO - Starting RandomForestClassifier
2018-12-30 05:11:09,731 - INFO - Starting XGBClassifier
2018-12-30 05:11:57,477 - INFO - Starting GradientBoostingClassifier
2018-12-30 05:13:06,487 - INFO - Starting AdaBoostClassifier
2018-12-30 05:13:22,179 - INFO - sweep done in: 10.67 min
