2018-12-30 00:48:10,269 - INFO - #########################
2018-12-30 00:48:10,269 - INFO - 
2018-12-30 00:48:10,269 - INFO - Starting a new sweep, grouping news by: High_YES_1_1_1
2018-12-30 00:48:21,426 - INFO - Starting a new sweep with market features: all
2018-12-30 00:48:21,427 - INFO - Starting a new sweep, features before the publication are: included
2018-12-30 00:48:21,427 - INFO - Starting a new sweep, delay in between buying-selling is: 0_60
2018-12-30 00:48:21,427 - INFO - Starting a new sweep for grid mode: basic
2018-12-30 00:48:21,427 - INFO - List of dynamic market fields: ['volatility_60_0_before', 'pips_agg_60_0_before', 'datetime', 'pips_agg_0_60_after']
2018-12-30 00:48:21,906 - INFO - X columns for the model: ['High', 'fe_accurate', 'pe_accurate', 'volatility_60_0_before', 'new_id', 'year', 'fe_worse', 'pe_worse', 'num_news', 'pe_better', 'total_error_ratio_zscore', 'week', 'pips_agg_60_0_before', 'forecast_error_ratio_zscore', 'fe_better', 'weekday']
2018-12-30 00:48:21,930 - INFO - Starting KNeighborsClassifier
2018-12-30 00:48:27,792 - INFO - Starting SVC - rbf
2018-12-30 00:49:01,241 - INFO - There are no predictions for class -2
2018-12-30 00:49:01,241 - INFO - There are no predictions for class -1
2018-12-30 00:49:01,242 - INFO - There are no predictions for class 1
2018-12-30 00:49:01,242 - INFO - There are no predictions for class 2
2018-12-30 00:49:01,251 - INFO - Starting DecisionTreeClassifier
2018-12-30 00:49:05,400 - INFO - There are no predictions for class -1
2018-12-30 00:49:05,400 - INFO - There are no predictions for class 1
2018-12-30 00:49:05,417 - INFO - Starting RandomForestClassifier
2018-12-30 00:55:17,143 - INFO - There are no predictions for class -1
2018-12-30 00:55:17,143 - INFO - There are no predictions for class 1
2018-12-30 00:55:17,155 - INFO - Starting XGBClassifier
2018-12-30 00:55:47,522 - INFO - Starting GradientBoostingClassifier
2018-12-30 00:56:40,338 - INFO - Starting AdaBoostClassifier
2018-12-30 00:56:55,961 - INFO - There are no predictions for class 1
2018-12-30 00:56:55,983 - INFO - sweep done in: 8.58 min
2018-12-30 00:56:55,985 - INFO - Starting a new sweep, delay in between buying-selling is: 15_60
2018-12-30 00:56:55,985 - INFO - Starting a new sweep for grid mode: basic
2018-12-30 00:56:55,985 - INFO - List of dynamic market fields: ['volatility_0_5_after', 'pips_agg_0_5_after', 'pips_candle_0_5_after', 'direction_candle_0_5_after', 'direction_agg_0_5_after', 'volatility_5_10_after', 'pips_agg_5_10_after', 'pips_candle_5_10_after', 'direction_candle_5_10_after', 'direction_agg_5_10_after', 'volatility_10_15_after', 'pips_agg_10_15_after', 'pips_candle_10_15_after', 'direction_candle_10_15_after', 'direction_agg_10_15_after', 'volatility_60_0_before', 'pips_agg_60_0_before', 'datetime', 'pips_agg_0_60_after']
2018-12-30 00:56:56,624 - INFO - X columns for the model: ['volatility_5_10_after', 'pips_candle_5_10_after', 'direction_candle_0_5_after', 'pips_candle_0_5_after', 'volatility_60_0_before', 'pips_agg_10_15_after', 'new_id', 'year', 'direction_candle_5_10_after', 'fe_worse', 'num_news', 'pe_better', 'volatility_10_15_after', 'pips_agg_0_5_after', 'High', 'volatility_0_5_after', 'fe_accurate', 'pe_accurate', 'pe_worse', 'direction_agg_10_15_after', 'pips_candle_10_15_after', 'total_error_ratio_zscore', 'direction_agg_0_5_after', 'direction_candle_10_15_after', 'week', 'pips_agg_60_0_before', 'forecast_error_ratio_zscore', 'fe_better', 'pips_agg_5_10_after', 'weekday', 'direction_agg_5_10_after']
2018-12-30 00:56:56,650 - INFO - Starting KNeighborsClassifier
2018-12-30 00:57:11,168 - INFO - Starting SVC - rbf
2018-12-30 00:57:48,162 - INFO - There are no predictions for class -2
2018-12-30 00:57:48,162 - INFO - There are no predictions for class -1
2018-12-30 00:57:48,163 - INFO - There are no predictions for class 1
2018-12-30 00:57:48,163 - INFO - There are no predictions for class 2
2018-12-30 00:57:48,175 - INFO - Starting DecisionTreeClassifier
2018-12-30 00:57:53,602 - INFO - There are no predictions for class -1
2018-12-30 00:57:53,602 - INFO - There are no predictions for class 1
2018-12-30 00:57:53,619 - INFO - Starting RandomForestClassifier
2018-12-30 01:03:27,526 - INFO - There are no predictions for class 1
2018-12-30 01:03:27,534 - INFO - Starting XGBClassifier
2018-12-30 01:04:12,833 - INFO - Starting GradientBoostingClassifier
2018-12-30 01:05:18,396 - INFO - Starting AdaBoostClassifier
2018-12-30 01:05:33,798 - INFO - There are no predictions for class 1
2018-12-30 01:05:33,822 - INFO - sweep done in: 8.63 min
2018-12-30 01:05:33,829 - INFO - Starting a new sweep, delay in between buying-selling is: 30_60
2018-12-30 01:05:33,829 - INFO - Starting a new sweep for grid mode: basic
2018-12-30 01:05:33,830 - INFO - List of dynamic market fields: ['volatility_0_5_after', 'pips_agg_0_5_after', 'pips_candle_0_5_after', 'direction_candle_0_5_after', 'direction_agg_0_5_after', 'volatility_5_10_after', 'pips_agg_5_10_after', 'pips_candle_5_10_after', 'direction_candle_5_10_after', 'direction_agg_5_10_after', 'volatility_10_15_after', 'pips_agg_10_15_after', 'pips_candle_10_15_after', 'direction_candle_10_15_after', 'direction_agg_10_15_after', 'volatility_15_20_after', 'pips_agg_15_20_after', 'pips_candle_15_20_after', 'direction_candle_15_20_after', 'direction_agg_15_20_after', 'volatility_20_25_after', 'pips_agg_20_25_after', 'pips_candle_20_25_after', 'direction_candle_20_25_after', 'direction_agg_20_25_after', 'volatility_25_30_after', 'pips_agg_25_30_after', 'pips_candle_25_30_after', 'direction_candle_25_30_after', 'direction_agg_25_30_after', 'volatility_60_0_before', 'pips_agg_60_0_before', 'datetime', 'pips_agg_0_60_after']
2018-12-30 01:05:35,187 - INFO - X columns for the model: ['volatility_5_10_after', 'pips_candle_5_10_after', 'pips_agg_25_30_after', 'direction_candle_0_5_after', 'pips_candle_0_5_after', 'volatility_60_0_before', 'pips_agg_10_15_after', 'new_id', 'year', 'direction_candle_5_10_after', 'fe_worse', 'num_news', 'volatility_25_30_after', 'pips_agg_15_20_after', 'pe_better', 'direction_agg_15_20_after', 'pips_candle_15_20_after', 'volatility_10_15_after', 'pips_agg_0_5_after', 'pips_candle_25_30_after', 'High', 'volatility_0_5_after', 'fe_accurate', 'pe_accurate', 'pips_candle_20_25_after', 'direction_agg_20_25_after', 'direction_agg_25_30_after', 'pe_worse', 'direction_agg_10_15_after', 'volatility_20_25_after', 'pips_agg_20_25_after', 'pips_candle_10_15_after', 'direction_candle_20_25_after', 'total_error_ratio_zscore', 'direction_agg_0_5_after', 'direction_candle_10_15_after', 'week', 'direction_candle_25_30_after', 'pips_agg_60_0_before', 'forecast_error_ratio_zscore', 'volatility_15_20_after', 'fe_better', 'pips_agg_5_10_after', 'direction_candle_15_20_after', 'weekday', 'direction_agg_5_10_after']
2018-12-30 01:05:35,242 - INFO - Starting KNeighborsClassifier
2018-12-30 01:05:55,727 - INFO - Starting SVC - rbf
2018-12-30 01:06:40,392 - INFO - There are no predictions for class -2
2018-12-30 01:06:40,393 - INFO - There are no predictions for class -1
2018-12-30 01:06:40,393 - INFO - There are no predictions for class 1
2018-12-30 01:06:40,393 - INFO - There are no predictions for class 2
2018-12-30 01:06:40,411 - INFO - Starting DecisionTreeClassifier
2018-12-30 01:06:47,800 - INFO - Starting RandomForestClassifier
2018-12-30 01:13:00,299 - INFO - Starting XGBClassifier
2018-12-30 01:13:56,871 - INFO - Starting GradientBoostingClassifier
2018-12-30 01:15:25,606 - INFO - Starting AdaBoostClassifier
2018-12-30 01:15:43,932 - INFO - sweep done in: 10.17 min
2018-12-30 01:15:43,940 - INFO - Starting a new sweep, delay in between buying-selling is: 30_90
2018-12-30 01:15:43,940 - INFO - Starting a new sweep for grid mode: basic
2018-12-30 01:15:43,941 - INFO - List of dynamic market fields: ['volatility_0_5_after', 'pips_agg_0_5_after', 'pips_candle_0_5_after', 'direction_candle_0_5_after', 'direction_agg_0_5_after', 'volatility_5_10_after', 'pips_agg_5_10_after', 'pips_candle_5_10_after', 'direction_candle_5_10_after', 'direction_agg_5_10_after', 'volatility_10_15_after', 'pips_agg_10_15_after', 'pips_candle_10_15_after', 'direction_candle_10_15_after', 'direction_agg_10_15_after', 'volatility_15_20_after', 'pips_agg_15_20_after', 'pips_candle_15_20_after', 'direction_candle_15_20_after', 'direction_agg_15_20_after', 'volatility_20_25_after', 'pips_agg_20_25_after', 'pips_candle_20_25_after', 'direction_candle_20_25_after', 'direction_agg_20_25_after', 'volatility_25_30_after', 'pips_agg_25_30_after', 'pips_candle_25_30_after', 'direction_candle_25_30_after', 'direction_agg_25_30_after', 'volatility_60_0_before', 'pips_agg_60_0_before', 'datetime', 'pips_agg_0_90_after']
2018-12-30 01:15:44,759 - INFO - X columns for the model: ['volatility_5_10_after', 'pips_candle_5_10_after', 'pips_agg_25_30_after', 'direction_candle_0_5_after', 'pips_candle_0_5_after', 'volatility_60_0_before', 'pips_agg_10_15_after', 'new_id', 'year', 'direction_candle_5_10_after', 'fe_worse', 'num_news', 'volatility_25_30_after', 'pips_agg_15_20_after', 'pe_better', 'direction_agg_15_20_after', 'pips_candle_15_20_after', 'volatility_10_15_after', 'pips_agg_0_5_after', 'pips_candle_25_30_after', 'High', 'volatility_0_5_after', 'fe_accurate', 'pe_accurate', 'pips_candle_20_25_after', 'direction_agg_20_25_after', 'direction_agg_25_30_after', 'pe_worse', 'direction_agg_10_15_after', 'volatility_20_25_after', 'pips_agg_20_25_after', 'pips_candle_10_15_after', 'direction_candle_20_25_after', 'total_error_ratio_zscore', 'direction_agg_0_5_after', 'direction_candle_10_15_after', 'week', 'direction_candle_25_30_after', 'pips_agg_60_0_before', 'forecast_error_ratio_zscore', 'volatility_15_20_after', 'fe_better', 'pips_agg_5_10_after', 'direction_candle_15_20_after', 'weekday', 'direction_agg_5_10_after']
2018-12-30 01:15:44,808 - INFO - Starting KNeighborsClassifier
2018-12-30 01:16:08,309 - INFO - Starting SVC - rbf
2018-12-30 01:16:55,202 - INFO - There are no predictions for class -2
2018-12-30 01:16:55,202 - INFO - There are no predictions for class -1
2018-12-30 01:16:55,203 - INFO - There are no predictions for class 1
2018-12-30 01:16:55,203 - INFO - There are no predictions for class 2
2018-12-30 01:16:55,217 - INFO - Starting DecisionTreeClassifier
2018-12-30 01:17:02,940 - INFO - There are no predictions for class -1
2018-12-30 01:17:02,940 - INFO - There are no predictions for class 1
2018-12-30 01:17:02,957 - INFO - Starting RandomForestClassifier
2018-12-30 01:23:26,129 - INFO - Starting XGBClassifier
2018-12-30 01:24:24,392 - INFO - Starting GradientBoostingClassifier
2018-12-30 01:25:50,399 - INFO - Starting AdaBoostClassifier
2018-12-30 01:26:10,605 - INFO - There are no predictions for class -1
2018-12-30 01:26:10,605 - INFO - There are no predictions for class 1
2018-12-30 01:26:10,651 - INFO - sweep done in: 10.45 min
2018-12-30 01:26:10,654 - INFO - Starting a new sweep, delay in between buying-selling is: 30_120
2018-12-30 01:26:10,655 - INFO - Starting a new sweep for grid mode: basic
2018-12-30 01:26:10,655 - INFO - List of dynamic market fields: ['volatility_0_5_after', 'pips_agg_0_5_after', 'pips_candle_0_5_after', 'direction_candle_0_5_after', 'direction_agg_0_5_after', 'volatility_5_10_after', 'pips_agg_5_10_after', 'pips_candle_5_10_after', 'direction_candle_5_10_after', 'direction_agg_5_10_after', 'volatility_10_15_after', 'pips_agg_10_15_after', 'pips_candle_10_15_after', 'direction_candle_10_15_after', 'direction_agg_10_15_after', 'volatility_15_20_after', 'pips_agg_15_20_after', 'pips_candle_15_20_after', 'direction_candle_15_20_after', 'direction_agg_15_20_after', 'volatility_20_25_after', 'pips_agg_20_25_after', 'pips_candle_20_25_after', 'direction_candle_20_25_after', 'direction_agg_20_25_after', 'volatility_25_30_after', 'pips_agg_25_30_after', 'pips_candle_25_30_after', 'direction_candle_25_30_after', 'direction_agg_25_30_after', 'volatility_60_0_before', 'pips_agg_60_0_before', 'datetime', 'pips_agg_0_120_after']
2018-12-30 01:26:11,469 - INFO - X columns for the model: ['volatility_5_10_after', 'pips_candle_5_10_after', 'pips_agg_25_30_after', 'direction_candle_0_5_after', 'pips_candle_0_5_after', 'volatility_60_0_before', 'pips_agg_10_15_after', 'new_id', 'year', 'direction_candle_5_10_after', 'fe_worse', 'num_news', 'volatility_25_30_after', 'pips_agg_15_20_after', 'pe_better', 'direction_agg_15_20_after', 'pips_candle_15_20_after', 'volatility_10_15_after', 'pips_agg_0_5_after', 'pips_candle_25_30_after', 'High', 'volatility_0_5_after', 'fe_accurate', 'pe_accurate', 'pips_candle_20_25_after', 'direction_agg_20_25_after', 'direction_agg_25_30_after', 'pe_worse', 'direction_agg_10_15_after', 'volatility_20_25_after', 'pips_agg_20_25_after', 'pips_candle_10_15_after', 'direction_candle_20_25_after', 'total_error_ratio_zscore', 'direction_agg_0_5_after', 'direction_candle_10_15_after', 'week', 'direction_candle_25_30_after', 'pips_agg_60_0_before', 'forecast_error_ratio_zscore', 'volatility_15_20_after', 'fe_better', 'pips_agg_5_10_after', 'direction_candle_15_20_after', 'weekday', 'direction_agg_5_10_after']
2018-12-30 01:26:11,511 - INFO - Starting KNeighborsClassifier
2018-12-30 01:26:34,078 - INFO - Starting SVC - rbf
2018-12-30 01:27:18,241 - INFO - There are no predictions for class -2
2018-12-30 01:27:18,242 - INFO - There are no predictions for class -1
2018-12-30 01:27:18,242 - INFO - There are no predictions for class 1
2018-12-30 01:27:18,243 - INFO - There are no predictions for class 2
2018-12-30 01:27:18,257 - INFO - Starting DecisionTreeClassifier
2018-12-30 01:27:25,898 - INFO - There are no predictions for class -1
2018-12-30 01:27:25,898 - INFO - There are no predictions for class 1
2018-12-30 01:27:25,916 - INFO - Starting RandomForestClassifier
2018-12-30 01:33:37,995 - INFO - There are no predictions for class -1
2018-12-30 01:33:38,009 - INFO - Starting XGBClassifier
2018-12-30 01:34:36,767 - INFO - Starting GradientBoostingClassifier
2018-12-30 01:35:59,747 - INFO - Starting AdaBoostClassifier
2018-12-30 01:36:18,550 - INFO - There are no predictions for class 1
2018-12-30 01:36:18,567 - INFO - sweep done in: 10.13 min
2018-12-30 01:36:18,575 - INFO - Starting a new sweep, delay in between buying-selling is: 30_120
2018-12-30 01:36:18,575 - INFO - Starting a new sweep for grid mode: basic
2018-12-30 01:36:18,576 - INFO - List of dynamic market fields: ['volatility_0_5_after', 'pips_agg_0_5_after', 'pips_candle_0_5_after', 'direction_candle_0_5_after', 'direction_agg_0_5_after', 'volatility_5_10_after', 'pips_agg_5_10_after', 'pips_candle_5_10_after', 'direction_candle_5_10_after', 'direction_agg_5_10_after', 'volatility_10_15_after', 'pips_agg_10_15_after', 'pips_candle_10_15_after', 'direction_candle_10_15_after', 'direction_agg_10_15_after', 'volatility_15_20_after', 'pips_agg_15_20_after', 'pips_candle_15_20_after', 'direction_candle_15_20_after', 'direction_agg_15_20_after', 'volatility_20_25_after', 'pips_agg_20_25_after', 'pips_candle_20_25_after', 'direction_candle_20_25_after', 'direction_agg_20_25_after', 'volatility_25_30_after', 'pips_agg_25_30_after', 'pips_candle_25_30_after', 'direction_candle_25_30_after', 'direction_agg_25_30_after', 'volatility_60_0_before', 'pips_agg_60_0_before', 'datetime', 'pips_agg_0_120_after']
2018-12-30 01:36:19,485 - INFO - X columns for the model: ['volatility_5_10_after', 'pips_candle_5_10_after', 'pips_agg_25_30_after', 'direction_candle_0_5_after', 'pips_candle_0_5_after', 'volatility_60_0_before', 'pips_agg_10_15_after', 'new_id', 'year', 'direction_candle_5_10_after', 'fe_worse', 'num_news', 'volatility_25_30_after', 'pips_agg_15_20_after', 'pe_better', 'direction_agg_15_20_after', 'pips_candle_15_20_after', 'volatility_10_15_after', 'pips_agg_0_5_after', 'pips_candle_25_30_after', 'High', 'volatility_0_5_after', 'fe_accurate', 'pe_accurate', 'pips_candle_20_25_after', 'direction_agg_20_25_after', 'direction_agg_25_30_after', 'pe_worse', 'direction_agg_10_15_after', 'volatility_20_25_after', 'pips_agg_20_25_after', 'pips_candle_10_15_after', 'direction_candle_20_25_after', 'total_error_ratio_zscore', 'direction_agg_0_5_after', 'direction_candle_10_15_after', 'week', 'direction_candle_25_30_after', 'pips_agg_60_0_before', 'forecast_error_ratio_zscore', 'volatility_15_20_after', 'fe_better', 'pips_agg_5_10_after', 'direction_candle_15_20_after', 'weekday', 'direction_agg_5_10_after']
2018-12-30 01:36:19,531 - INFO - Starting KNeighborsClassifier
2018-12-30 01:36:39,446 - INFO - Starting SVC - rbf
2018-12-30 01:37:23,931 - INFO - There are no predictions for class -2
2018-12-30 01:37:23,932 - INFO - There are no predictions for class -1
2018-12-30 01:37:23,932 - INFO - There are no predictions for class 1
2018-12-30 01:37:23,932 - INFO - There are no predictions for class 2
2018-12-30 01:37:23,954 - INFO - Starting DecisionTreeClassifier
2018-12-30 01:37:31,743 - INFO - There are no predictions for class -1
2018-12-30 01:37:31,744 - INFO - There are no predictions for class 1
2018-12-30 01:37:31,765 - INFO - Starting RandomForestClassifier
2018-12-30 01:44:11,712 - INFO - There are no predictions for class -1
2018-12-30 01:44:11,724 - INFO - Starting XGBClassifier
2018-12-30 01:45:14,102 - INFO - Starting GradientBoostingClassifier
2018-12-30 01:46:44,827 - INFO - Starting AdaBoostClassifier
2018-12-30 01:47:06,198 - INFO - There are no predictions for class 1
2018-12-30 01:47:06,217 - INFO - sweep done in: 10.79 min
2018-12-30 01:47:06,229 - INFO - Starting a new sweep, delay in between buying-selling is: 30_240
2018-12-30 01:47:06,229 - INFO - Starting a new sweep for grid mode: basic
2018-12-30 01:47:06,230 - INFO - List of dynamic market fields: ['volatility_0_5_after', 'pips_agg_0_5_after', 'pips_candle_0_5_after', 'direction_candle_0_5_after', 'direction_agg_0_5_after', 'volatility_5_10_after', 'pips_agg_5_10_after', 'pips_candle_5_10_after', 'direction_candle_5_10_after', 'direction_agg_5_10_after', 'volatility_10_15_after', 'pips_agg_10_15_after', 'pips_candle_10_15_after', 'direction_candle_10_15_after', 'direction_agg_10_15_after', 'volatility_15_20_after', 'pips_agg_15_20_after', 'pips_candle_15_20_after', 'direction_candle_15_20_after', 'direction_agg_15_20_after', 'volatility_20_25_after', 'pips_agg_20_25_after', 'pips_candle_20_25_after', 'direction_candle_20_25_after', 'direction_agg_20_25_after', 'volatility_25_30_after', 'pips_agg_25_30_after', 'pips_candle_25_30_after', 'direction_candle_25_30_after', 'direction_agg_25_30_after', 'volatility_60_0_before', 'pips_agg_60_0_before', 'datetime', 'pips_agg_0_240_after']
2018-12-30 01:47:07,214 - INFO - X columns for the model: ['volatility_5_10_after', 'pips_candle_5_10_after', 'pips_agg_25_30_after', 'direction_candle_0_5_after', 'pips_candle_0_5_after', 'volatility_60_0_before', 'pips_agg_10_15_after', 'new_id', 'year', 'direction_candle_5_10_after', 'fe_worse', 'num_news', 'volatility_25_30_after', 'pips_agg_15_20_after', 'pe_better', 'direction_agg_15_20_after', 'pips_candle_15_20_after', 'volatility_10_15_after', 'pips_agg_0_5_after', 'pips_candle_25_30_after', 'High', 'volatility_0_5_after', 'fe_accurate', 'pe_accurate', 'pips_candle_20_25_after', 'direction_agg_20_25_after', 'direction_agg_25_30_after', 'pe_worse', 'direction_agg_10_15_after', 'volatility_20_25_after', 'pips_agg_20_25_after', 'pips_candle_10_15_after', 'direction_candle_20_25_after', 'total_error_ratio_zscore', 'direction_agg_0_5_after', 'direction_candle_10_15_after', 'week', 'direction_candle_25_30_after', 'pips_agg_60_0_before', 'forecast_error_ratio_zscore', 'volatility_15_20_after', 'fe_better', 'pips_agg_5_10_after', 'direction_candle_15_20_after', 'weekday', 'direction_agg_5_10_after']
2018-12-30 01:47:07,263 - INFO - Starting KNeighborsClassifier
2018-12-30 01:47:33,739 - INFO - There are no predictions for class -1
2018-12-30 01:47:33,740 - INFO - There are no predictions for class 1
2018-12-30 01:47:33,764 - INFO - Starting SVC - rbf
2018-12-30 01:48:23,351 - INFO - There are no predictions for class -2
2018-12-30 01:48:23,352 - INFO - There are no predictions for class -1
2018-12-30 01:48:23,353 - INFO - There are no predictions for class 0
2018-12-30 01:48:23,353 - INFO - There are no predictions for class 1
2018-12-30 01:48:23,370 - INFO - Starting DecisionTreeClassifier
2018-12-30 01:48:31,466 - INFO - There are no predictions for class -1
2018-12-30 01:48:31,467 - INFO - There are no predictions for class 1
2018-12-30 01:48:31,478 - INFO - Starting RandomForestClassifier
2018-12-30 01:54:58,623 - INFO - There are no predictions for class -1
2018-12-30 01:54:58,623 - INFO - There are no predictions for class 1
2018-12-30 01:54:58,636 - INFO - Starting XGBClassifier
2018-12-30 01:55:56,274 - INFO - Starting GradientBoostingClassifier
2018-12-30 01:57:16,364 - INFO - Starting AdaBoostClassifier
2018-12-30 01:57:34,439 - INFO - There are no predictions for class -1
2018-12-30 01:57:34,458 - INFO - sweep done in: 10.47 min
2018-12-30 01:57:34,468 - INFO - Starting a new sweep, features before the publication are: excluded
2018-12-30 01:57:34,468 - INFO - Starting a new sweep, delay in between buying-selling is: 0_60
2018-12-30 01:57:34,469 - INFO - Starting a new sweep for grid mode: basic
2018-12-30 01:57:34,469 - INFO - List of dynamic market fields: ['datetime', 'pips_agg_0_60_after']
2018-12-30 01:57:35,146 - INFO - X columns for the model: ['High', 'pe_better', 'total_error_ratio_zscore', 'fe_accurate', 'pe_accurate', 'week', 'forecast_error_ratio_zscore', 'fe_better', 'new_id', 'year', 'fe_worse', 'pe_worse', 'num_news', 'weekday']
2018-12-30 01:57:35,180 - INFO - Starting KNeighborsClassifier
2018-12-30 01:57:39,255 - INFO - There are no predictions for class -1
2018-12-30 01:57:39,256 - INFO - There are no predictions for class 1
2018-12-30 01:57:39,256 - INFO - There are no predictions for class 2
2018-12-30 01:57:39,279 - INFO - Starting SVC - rbf
2018-12-30 01:58:15,549 - INFO - There are no predictions for class -2
2018-12-30 01:58:15,550 - INFO - There are no predictions for class -1
2018-12-30 01:58:15,550 - INFO - There are no predictions for class 1
2018-12-30 01:58:15,551 - INFO - There are no predictions for class 2
2018-12-30 01:58:15,567 - INFO - Starting DecisionTreeClassifier
2018-12-30 01:58:18,629 - INFO - There are no predictions for class -2
2018-12-30 01:58:18,630 - INFO - There are no predictions for class -1
2018-12-30 01:58:18,630 - INFO - There are no predictions for class 1
2018-12-30 01:58:18,639 - INFO - Starting RandomForestClassifier
2018-12-30 02:03:36,369 - INFO - There are no predictions for class -1
2018-12-30 02:03:36,369 - INFO - There are no predictions for class 1
2018-12-30 02:03:36,383 - INFO - Starting XGBClassifier
2018-12-30 02:03:59,221 - INFO - Starting GradientBoostingClassifier
2018-12-30 02:04:43,312 - INFO - Starting AdaBoostClassifier
2018-12-30 02:04:56,436 - INFO - There are no predictions for class -1
2018-12-30 02:04:56,462 - INFO - sweep done in: 7.37 min
2018-12-30 02:04:56,467 - INFO - Starting a new sweep, delay in between buying-selling is: 15_60
2018-12-30 02:04:56,467 - INFO - Starting a new sweep for grid mode: basic
2018-12-30 02:04:56,467 - INFO - List of dynamic market fields: ['volatility_0_5_after', 'pips_agg_0_5_after', 'pips_candle_0_5_after', 'direction_candle_0_5_after', 'direction_agg_0_5_after', 'volatility_5_10_after', 'pips_agg_5_10_after', 'pips_candle_5_10_after', 'direction_candle_5_10_after', 'direction_agg_5_10_after', 'volatility_10_15_after', 'pips_agg_10_15_after', 'pips_candle_10_15_after', 'direction_candle_10_15_after', 'direction_agg_10_15_after', 'datetime', 'pips_agg_0_60_after']
2018-12-30 02:04:57,304 - INFO - X columns for the model: ['volatility_5_10_after', 'High', 'volatility_0_5_after', 'pips_candle_5_10_after', 'fe_accurate', 'direction_candle_0_5_after', 'pips_candle_0_5_after', 'pe_accurate', 'pips_agg_10_15_after', 'new_id', 'year', 'direction_candle_5_10_after', 'fe_worse', 'pe_worse', 'direction_agg_10_15_after', 'num_news', 'pips_candle_10_15_after', 'pe_better', 'total_error_ratio_zscore', 'direction_agg_0_5_after', 'direction_candle_10_15_after', 'week', 'volatility_10_15_after', 'forecast_error_ratio_zscore', 'fe_better', 'pips_agg_0_5_after', 'pips_agg_5_10_after', 'weekday', 'direction_agg_5_10_after']
2018-12-30 02:04:57,339 - INFO - Starting KNeighborsClassifier
2018-12-30 02:05:09,964 - INFO - Starting SVC - rbf
2018-12-30 02:05:47,878 - INFO - There are no predictions for class -2
2018-12-30 02:05:47,879 - INFO - There are no predictions for class -1
2018-12-30 02:05:47,880 - INFO - There are no predictions for class 1
2018-12-30 02:05:47,880 - INFO - There are no predictions for class 2
2018-12-30 02:05:47,891 - INFO - Starting DecisionTreeClassifier
2018-12-30 02:05:53,037 - INFO - There are no predictions for class -1
2018-12-30 02:05:53,046 - INFO - There are no predictions for class 1
2018-12-30 02:05:53,056 - INFO - Starting RandomForestClassifier
2018-12-30 02:12:02,218 - INFO - There are no predictions for class 1
2018-12-30 02:12:02,235 - INFO - Starting XGBClassifier
2018-12-30 02:12:42,119 - INFO - Starting GradientBoostingClassifier
2018-12-30 02:13:48,101 - INFO - Starting AdaBoostClassifier
2018-12-30 02:14:04,822 - INFO - There are no predictions for class 1
2018-12-30 02:14:04,842 - INFO - sweep done in: 9.14 min
2018-12-30 02:14:04,854 - INFO - Starting a new sweep, delay in between buying-selling is: 30_60
2018-12-30 02:14:04,854 - INFO - Starting a new sweep for grid mode: basic
2018-12-30 02:14:04,855 - INFO - List of dynamic market fields: ['volatility_0_5_after', 'pips_agg_0_5_after', 'pips_candle_0_5_after', 'direction_candle_0_5_after', 'direction_agg_0_5_after', 'volatility_5_10_after', 'pips_agg_5_10_after', 'pips_candle_5_10_after', 'direction_candle_5_10_after', 'direction_agg_5_10_after', 'volatility_10_15_after', 'pips_agg_10_15_after', 'pips_candle_10_15_after', 'direction_candle_10_15_after', 'direction_agg_10_15_after', 'volatility_15_20_after', 'pips_agg_15_20_after', 'pips_candle_15_20_after', 'direction_candle_15_20_after', 'direction_agg_15_20_after', 'volatility_20_25_after', 'pips_agg_20_25_after', 'pips_candle_20_25_after', 'direction_candle_20_25_after', 'direction_agg_20_25_after', 'volatility_25_30_after', 'pips_agg_25_30_after', 'pips_candle_25_30_after', 'direction_candle_25_30_after', 'direction_agg_25_30_after', 'datetime', 'pips_agg_0_60_after']
2018-12-30 02:14:05,599 - INFO - X columns for the model: ['volatility_5_10_after', 'pips_candle_5_10_after', 'pips_agg_25_30_after', 'direction_candle_0_5_after', 'pips_candle_0_5_after', 'pips_agg_10_15_after', 'new_id', 'year', 'direction_candle_5_10_after', 'fe_worse', 'num_news', 'volatility_25_30_after', 'pips_agg_15_20_after', 'pe_better', 'direction_agg_15_20_after', 'pips_candle_15_20_after', 'volatility_10_15_after', 'pips_agg_0_5_after', 'pips_candle_25_30_after', 'High', 'volatility_0_5_after', 'fe_accurate', 'pe_accurate', 'pips_candle_20_25_after', 'direction_agg_20_25_after', 'direction_agg_25_30_after', 'pe_worse', 'direction_agg_10_15_after', 'volatility_20_25_after', 'pips_agg_20_25_after', 'pips_candle_10_15_after', 'direction_candle_20_25_after', 'total_error_ratio_zscore', 'direction_agg_0_5_after', 'direction_candle_10_15_after', 'week', 'direction_candle_25_30_after', 'forecast_error_ratio_zscore', 'volatility_15_20_after', 'fe_better', 'pips_agg_5_10_after', 'direction_candle_15_20_after', 'weekday', 'direction_agg_5_10_after']
2018-12-30 02:14:05,658 - INFO - Starting KNeighborsClassifier
2018-12-30 02:14:28,521 - INFO - Starting SVC - rbf
2018-12-30 02:15:14,995 - INFO - There are no predictions for class -2
2018-12-30 02:15:14,996 - INFO - There are no predictions for class -1
2018-12-30 02:15:14,996 - INFO - There are no predictions for class 1
2018-12-30 02:15:14,997 - INFO - There are no predictions for class 2
2018-12-30 02:15:15,012 - INFO - Starting DecisionTreeClassifier
2018-12-30 02:15:22,382 - INFO - Starting RandomForestClassifier
2018-12-30 02:21:53,367 - INFO - Starting XGBClassifier
2018-12-30 02:22:50,140 - INFO - Starting GradientBoostingClassifier
2018-12-30 02:24:07,562 - INFO - Starting AdaBoostClassifier
2018-12-30 02:24:24,427 - INFO - sweep done in: 10.33 min
2018-12-30 02:24:24,439 - INFO - Starting a new sweep, delay in between buying-selling is: 30_90
2018-12-30 02:24:24,439 - INFO - Starting a new sweep for grid mode: basic
2018-12-30 02:24:24,439 - INFO - List of dynamic market fields: ['volatility_0_5_after', 'pips_agg_0_5_after', 'pips_candle_0_5_after', 'direction_candle_0_5_after', 'direction_agg_0_5_after', 'volatility_5_10_after', 'pips_agg_5_10_after', 'pips_candle_5_10_after', 'direction_candle_5_10_after', 'direction_agg_5_10_after', 'volatility_10_15_after', 'pips_agg_10_15_after', 'pips_candle_10_15_after', 'direction_candle_10_15_after', 'direction_agg_10_15_after', 'volatility_15_20_after', 'pips_agg_15_20_after', 'pips_candle_15_20_after', 'direction_candle_15_20_after', 'direction_agg_15_20_after', 'volatility_20_25_after', 'pips_agg_20_25_after', 'pips_candle_20_25_after', 'direction_candle_20_25_after', 'direction_agg_20_25_after', 'volatility_25_30_after', 'pips_agg_25_30_after', 'pips_candle_25_30_after', 'direction_candle_25_30_after', 'direction_agg_25_30_after', 'datetime', 'pips_agg_0_90_after']
2018-12-30 02:24:25,227 - INFO - X columns for the model: ['volatility_5_10_after', 'pips_candle_5_10_after', 'pips_agg_25_30_after', 'direction_candle_0_5_after', 'pips_candle_0_5_after', 'pips_agg_10_15_after', 'new_id', 'year', 'direction_candle_5_10_after', 'fe_worse', 'num_news', 'volatility_25_30_after', 'pips_agg_15_20_after', 'pe_better', 'direction_agg_15_20_after', 'pips_candle_15_20_after', 'volatility_10_15_after', 'pips_agg_0_5_after', 'pips_candle_25_30_after', 'High', 'volatility_0_5_after', 'fe_accurate', 'pe_accurate', 'pips_candle_20_25_after', 'direction_agg_20_25_after', 'direction_agg_25_30_after', 'pe_worse', 'direction_agg_10_15_after', 'volatility_20_25_after', 'pips_agg_20_25_after', 'pips_candle_10_15_after', 'direction_candle_20_25_after', 'total_error_ratio_zscore', 'direction_agg_0_5_after', 'direction_candle_10_15_after', 'week', 'direction_candle_25_30_after', 'forecast_error_ratio_zscore', 'volatility_15_20_after', 'fe_better', 'pips_agg_5_10_after', 'direction_candle_15_20_after', 'weekday', 'direction_agg_5_10_after']
2018-12-30 02:24:25,287 - INFO - Starting KNeighborsClassifier
2018-12-30 02:24:43,151 - INFO - Starting SVC - rbf
2018-12-30 02:25:26,556 - INFO - There are no predictions for class -2
2018-12-30 02:25:26,557 - INFO - There are no predictions for class -1
2018-12-30 02:25:26,557 - INFO - There are no predictions for class 1
2018-12-30 02:25:26,558 - INFO - There are no predictions for class 2
2018-12-30 02:25:26,569 - INFO - Starting DecisionTreeClassifier
2018-12-30 02:25:33,527 - INFO - There are no predictions for class -1
2018-12-30 02:25:33,527 - INFO - There are no predictions for class 1
2018-12-30 02:25:33,544 - INFO - Starting RandomForestClassifier
2018-12-30 02:31:40,926 - INFO - Starting XGBClassifier
2018-12-30 02:32:35,710 - INFO - Starting GradientBoostingClassifier
2018-12-30 02:33:54,687 - INFO - Starting AdaBoostClassifier
2018-12-30 02:34:12,861 - INFO - There are no predictions for class -1
2018-12-30 02:34:12,886 - INFO - sweep done in: 9.81 min
2018-12-30 02:34:12,891 - INFO - Starting a new sweep, delay in between buying-selling is: 30_120
2018-12-30 02:34:12,891 - INFO - Starting a new sweep for grid mode: basic
2018-12-30 02:34:12,891 - INFO - List of dynamic market fields: ['volatility_0_5_after', 'pips_agg_0_5_after', 'pips_candle_0_5_after', 'direction_candle_0_5_after', 'direction_agg_0_5_after', 'volatility_5_10_after', 'pips_agg_5_10_after', 'pips_candle_5_10_after', 'direction_candle_5_10_after', 'direction_agg_5_10_after', 'volatility_10_15_after', 'pips_agg_10_15_after', 'pips_candle_10_15_after', 'direction_candle_10_15_after', 'direction_agg_10_15_after', 'volatility_15_20_after', 'pips_agg_15_20_after', 'pips_candle_15_20_after', 'direction_candle_15_20_after', 'direction_agg_15_20_after', 'volatility_20_25_after', 'pips_agg_20_25_after', 'pips_candle_20_25_after', 'direction_candle_20_25_after', 'direction_agg_20_25_after', 'volatility_25_30_after', 'pips_agg_25_30_after', 'pips_candle_25_30_after', 'direction_candle_25_30_after', 'direction_agg_25_30_after', 'datetime', 'pips_agg_0_120_after']
2018-12-30 02:34:13,651 - INFO - X columns for the model: ['volatility_5_10_after', 'pips_candle_5_10_after', 'pips_agg_25_30_after', 'direction_candle_0_5_after', 'pips_candle_0_5_after', 'pips_agg_10_15_after', 'new_id', 'year', 'direction_candle_5_10_after', 'fe_worse', 'num_news', 'volatility_25_30_after', 'pips_agg_15_20_after', 'pe_better', 'direction_agg_15_20_after', 'pips_candle_15_20_after', 'volatility_10_15_after', 'pips_agg_0_5_after', 'pips_candle_25_30_after', 'High', 'volatility_0_5_after', 'fe_accurate', 'pe_accurate', 'pips_candle_20_25_after', 'direction_agg_20_25_after', 'direction_agg_25_30_after', 'pe_worse', 'direction_agg_10_15_after', 'volatility_20_25_after', 'pips_agg_20_25_after', 'pips_candle_10_15_after', 'direction_candle_20_25_after', 'total_error_ratio_zscore', 'direction_agg_0_5_after', 'direction_candle_10_15_after', 'week', 'direction_candle_25_30_after', 'forecast_error_ratio_zscore', 'volatility_15_20_after', 'fe_better', 'pips_agg_5_10_after', 'direction_candle_15_20_after', 'weekday', 'direction_agg_5_10_after']
2018-12-30 02:34:13,689 - INFO - Starting KNeighborsClassifier
2018-12-30 02:34:33,541 - INFO - Starting SVC - rbf
2018-12-30 02:35:17,096 - INFO - There are no predictions for class -2
2018-12-30 02:35:17,096 - INFO - There are no predictions for class -1
2018-12-30 02:35:17,097 - INFO - There are no predictions for class 1
2018-12-30 02:35:17,097 - INFO - There are no predictions for class 2
2018-12-30 02:35:17,113 - INFO - Starting DecisionTreeClassifier
2018-12-30 02:35:24,321 - INFO - There are no predictions for class -1
2018-12-30 02:35:24,322 - INFO - There are no predictions for class 1
2018-12-30 02:35:24,340 - INFO - Starting RandomForestClassifier
2018-12-30 02:41:30,367 - INFO - Starting XGBClassifier
2018-12-30 02:42:26,907 - INFO - Starting GradientBoostingClassifier
2018-12-30 02:43:46,753 - INFO - Starting AdaBoostClassifier
2018-12-30 02:44:04,232 - INFO - There are no predictions for class 1
2018-12-30 02:44:04,257 - INFO - sweep done in: 9.86 min
2018-12-30 02:44:04,265 - INFO - Starting a new sweep, delay in between buying-selling is: 30_120
2018-12-30 02:44:04,265 - INFO - Starting a new sweep for grid mode: basic
2018-12-30 02:44:04,265 - INFO - List of dynamic market fields: ['volatility_0_5_after', 'pips_agg_0_5_after', 'pips_candle_0_5_after', 'direction_candle_0_5_after', 'direction_agg_0_5_after', 'volatility_5_10_after', 'pips_agg_5_10_after', 'pips_candle_5_10_after', 'direction_candle_5_10_after', 'direction_agg_5_10_after', 'volatility_10_15_after', 'pips_agg_10_15_after', 'pips_candle_10_15_after', 'direction_candle_10_15_after', 'direction_agg_10_15_after', 'volatility_15_20_after', 'pips_agg_15_20_after', 'pips_candle_15_20_after', 'direction_candle_15_20_after', 'direction_agg_15_20_after', 'volatility_20_25_after', 'pips_agg_20_25_after', 'pips_candle_20_25_after', 'direction_candle_20_25_after', 'direction_agg_20_25_after', 'volatility_25_30_after', 'pips_agg_25_30_after', 'pips_candle_25_30_after', 'direction_candle_25_30_after', 'direction_agg_25_30_after', 'datetime', 'pips_agg_0_120_after']
2018-12-30 02:44:05,182 - INFO - X columns for the model: ['volatility_5_10_after', 'pips_candle_5_10_after', 'pips_agg_25_30_after', 'direction_candle_0_5_after', 'pips_candle_0_5_after', 'pips_agg_10_15_after', 'new_id', 'year', 'direction_candle_5_10_after', 'fe_worse', 'num_news', 'volatility_25_30_after', 'pips_agg_15_20_after', 'pe_better', 'direction_agg_15_20_after', 'pips_candle_15_20_after', 'volatility_10_15_after', 'pips_agg_0_5_after', 'pips_candle_25_30_after', 'High', 'volatility_0_5_after', 'fe_accurate', 'pe_accurate', 'pips_candle_20_25_after', 'direction_agg_20_25_after', 'direction_agg_25_30_after', 'pe_worse', 'direction_agg_10_15_after', 'volatility_20_25_after', 'pips_agg_20_25_after', 'pips_candle_10_15_after', 'direction_candle_20_25_after', 'total_error_ratio_zscore', 'direction_agg_0_5_after', 'direction_candle_10_15_after', 'week', 'direction_candle_25_30_after', 'forecast_error_ratio_zscore', 'volatility_15_20_after', 'fe_better', 'pips_agg_5_10_after', 'direction_candle_15_20_after', 'weekday', 'direction_agg_5_10_after']
2018-12-30 02:44:05,220 - INFO - Starting KNeighborsClassifier
2018-12-30 02:44:23,641 - INFO - Starting SVC - rbf
2018-12-30 02:45:06,880 - INFO - There are no predictions for class -2
2018-12-30 02:45:06,881 - INFO - There are no predictions for class -1
2018-12-30 02:45:06,881 - INFO - There are no predictions for class 1
2018-12-30 02:45:06,881 - INFO - There are no predictions for class 2
2018-12-30 02:45:06,900 - INFO - Starting DecisionTreeClassifier
2018-12-30 02:45:14,109 - INFO - There are no predictions for class -1
2018-12-30 02:45:14,110 - INFO - There are no predictions for class 1
2018-12-30 02:45:14,122 - INFO - Starting RandomForestClassifier
2018-12-30 02:51:47,388 - INFO - Starting XGBClassifier
2018-12-30 02:52:45,582 - INFO - Starting GradientBoostingClassifier
2018-12-30 02:54:13,797 - INFO - Starting AdaBoostClassifier
2018-12-30 02:54:33,976 - INFO - There are no predictions for class 1
2018-12-30 02:54:33,998 - INFO - sweep done in: 10.50 min
2018-12-30 02:54:34,011 - INFO - Starting a new sweep, delay in between buying-selling is: 30_240
2018-12-30 02:54:34,011 - INFO - Starting a new sweep for grid mode: basic
2018-12-30 02:54:34,011 - INFO - List of dynamic market fields: ['volatility_0_5_after', 'pips_agg_0_5_after', 'pips_candle_0_5_after', 'direction_candle_0_5_after', 'direction_agg_0_5_after', 'volatility_5_10_after', 'pips_agg_5_10_after', 'pips_candle_5_10_after', 'direction_candle_5_10_after', 'direction_agg_5_10_after', 'volatility_10_15_after', 'pips_agg_10_15_after', 'pips_candle_10_15_after', 'direction_candle_10_15_after', 'direction_agg_10_15_after', 'volatility_15_20_after', 'pips_agg_15_20_after', 'pips_candle_15_20_after', 'direction_candle_15_20_after', 'direction_agg_15_20_after', 'volatility_20_25_after', 'pips_agg_20_25_after', 'pips_candle_20_25_after', 'direction_candle_20_25_after', 'direction_agg_20_25_after', 'volatility_25_30_after', 'pips_agg_25_30_after', 'pips_candle_25_30_after', 'direction_candle_25_30_after', 'direction_agg_25_30_after', 'datetime', 'pips_agg_0_240_after']
2018-12-30 02:54:34,765 - INFO - X columns for the model: ['volatility_5_10_after', 'pips_candle_5_10_after', 'pips_agg_25_30_after', 'direction_candle_0_5_after', 'pips_candle_0_5_after', 'pips_agg_10_15_after', 'new_id', 'year', 'direction_candle_5_10_after', 'fe_worse', 'num_news', 'volatility_25_30_after', 'pips_agg_15_20_after', 'pe_better', 'direction_agg_15_20_after', 'pips_candle_15_20_after', 'volatility_10_15_after', 'pips_agg_0_5_after', 'pips_candle_25_30_after', 'High', 'volatility_0_5_after', 'fe_accurate', 'pe_accurate', 'pips_candle_20_25_after', 'direction_agg_20_25_after', 'direction_agg_25_30_after', 'pe_worse', 'direction_agg_10_15_after', 'volatility_20_25_after', 'pips_agg_20_25_after', 'pips_candle_10_15_after', 'direction_candle_20_25_after', 'total_error_ratio_zscore', 'direction_agg_0_5_after', 'direction_candle_10_15_after', 'week', 'direction_candle_25_30_after', 'forecast_error_ratio_zscore', 'volatility_15_20_after', 'fe_better', 'pips_agg_5_10_after', 'direction_candle_15_20_after', 'weekday', 'direction_agg_5_10_after']
2018-12-30 02:54:34,811 - INFO - Starting KNeighborsClassifier
2018-12-30 02:54:55,793 - INFO - There are no predictions for class -1
2018-12-30 02:54:55,794 - INFO - There are no predictions for class 1
2018-12-30 02:54:55,807 - INFO - Starting SVC - rbf
2018-12-30 02:55:42,444 - INFO - There are no predictions for class -2
2018-12-30 02:55:42,445 - INFO - There are no predictions for class -1
2018-12-30 02:55:42,445 - INFO - There are no predictions for class 0
2018-12-30 02:55:42,446 - INFO - There are no predictions for class 1
2018-12-30 02:55:42,458 - INFO - Starting DecisionTreeClassifier
2018-12-30 02:55:49,834 - INFO - There are no predictions for class -1
2018-12-30 02:55:49,835 - INFO - There are no predictions for class 1
2018-12-30 02:55:49,850 - INFO - Starting RandomForestClassifier
2018-12-30 03:02:00,748 - INFO - There are no predictions for class -1
2018-12-30 03:02:00,748 - INFO - There are no predictions for class 1
2018-12-30 03:02:00,761 - INFO - Starting XGBClassifier
2018-12-30 03:02:54,004 - INFO - Starting GradientBoostingClassifier
2018-12-30 03:04:11,348 - INFO - Starting AdaBoostClassifier
2018-12-30 03:04:28,469 - INFO - There are no predictions for class -1
2018-12-30 03:04:28,490 - INFO - sweep done in: 9.91 min
2018-12-30 03:04:28,504 - INFO - Starting a new sweep with market features: basic
2018-12-30 03:04:28,504 - INFO - Starting a new sweep, features before the publication are: included
2018-12-30 03:04:28,504 - INFO - Starting a new sweep, delay in between buying-selling is: 0_60
2018-12-30 03:04:28,504 - INFO - Starting a new sweep for grid mode: basic
2018-12-30 03:04:28,505 - INFO - List of dynamic market fields: ['volatility_60_0_before', 'pips_agg_60_0_before', 'datetime', 'pips_agg_0_60_after']
2018-12-30 03:04:28,978 - INFO - X columns for the model: ['High', 'fe_accurate', 'pe_accurate', 'volatility_60_0_before', 'new_id', 'year', 'fe_worse', 'pe_worse', 'num_news', 'pe_better', 'total_error_ratio_zscore', 'week', 'pips_agg_60_0_before', 'forecast_error_ratio_zscore', 'fe_better', 'weekday']
2018-12-30 03:04:29,005 - INFO - Starting KNeighborsClassifier
2018-12-30 03:04:34,927 - INFO - Starting SVC - rbf
2018-12-30 03:05:05,880 - INFO - There are no predictions for class -2
2018-12-30 03:05:05,881 - INFO - There are no predictions for class -1
2018-12-30 03:05:05,881 - INFO - There are no predictions for class 1
2018-12-30 03:05:05,881 - INFO - There are no predictions for class 2
2018-12-30 03:05:05,891 - INFO - Starting DecisionTreeClassifier
2018-12-30 03:05:09,277 - INFO - There are no predictions for class -1
2018-12-30 03:05:09,277 - INFO - There are no predictions for class 1
2018-12-30 03:05:09,294 - INFO - Starting RandomForestClassifier
2018-12-30 03:10:33,543 - INFO - There are no predictions for class -1
2018-12-30 03:10:33,543 - INFO - There are no predictions for class 1
2018-12-30 03:10:33,556 - INFO - Starting XGBClassifier
2018-12-30 03:10:58,347 - INFO - Starting GradientBoostingClassifier
2018-12-30 03:11:43,891 - INFO - Starting AdaBoostClassifier
2018-12-30 03:11:56,705 - INFO - There are no predictions for class 1
2018-12-30 03:11:56,720 - INFO - sweep done in: 7.47 min
2018-12-30 03:11:56,735 - INFO - Starting a new sweep, delay in between buying-selling is: 15_60
2018-12-30 03:11:56,735 - INFO - Starting a new sweep for grid mode: basic
2018-12-30 03:11:56,735 - INFO - List of dynamic market fields: ['volatility_0_5_after', 'pips_agg_0_5_after', 'pips_candle_0_5_after', 'volatility_5_10_after', 'pips_agg_5_10_after', 'pips_candle_5_10_after', 'volatility_10_15_after', 'pips_agg_10_15_after', 'pips_candle_10_15_after', 'volatility_60_0_before', 'pips_agg_60_0_before', 'datetime', 'pips_agg_0_60_after']
2018-12-30 03:11:57,374 - INFO - X columns for the model: ['volatility_5_10_after', 'High', 'volatility_0_5_after', 'pips_candle_5_10_after', 'fe_accurate', 'pips_candle_0_5_after', 'volatility_60_0_before', 'pe_accurate', 'pips_agg_10_15_after', 'new_id', 'year', 'fe_worse', 'pe_worse', 'num_news', 'pips_candle_10_15_after', 'pe_better', 'total_error_ratio_zscore', 'week', 'pips_agg_60_0_before', 'volatility_10_15_after', 'forecast_error_ratio_zscore', 'fe_better', 'pips_agg_0_5_after', 'pips_agg_5_10_after', 'weekday']
2018-12-30 03:11:57,422 - INFO - Starting KNeighborsClassifier
2018-12-30 03:12:09,809 - INFO - Starting SVC - rbf
2018-12-30 03:12:43,274 - INFO - There are no predictions for class -2
2018-12-30 03:12:43,275 - INFO - There are no predictions for class -1
2018-12-30 03:12:43,276 - INFO - There are no predictions for class 1
2018-12-30 03:12:43,276 - INFO - There are no predictions for class 2
2018-12-30 03:12:43,292 - INFO - Starting DecisionTreeClassifier
2018-12-30 03:12:48,225 - INFO - There are no predictions for class -1
2018-12-30 03:12:48,226 - INFO - There are no predictions for class 1
2018-12-30 03:12:48,239 - INFO - Starting RandomForestClassifier
2018-12-30 03:18:55,585 - INFO - There are no predictions for class 1
2018-12-30 03:18:55,603 - INFO - Starting XGBClassifier
2018-12-30 03:19:31,910 - INFO - Starting GradientBoostingClassifier
2018-12-30 03:20:34,067 - INFO - Starting AdaBoostClassifier
2018-12-30 03:20:50,067 - INFO - There are no predictions for class 1
2018-12-30 03:20:50,093 - INFO - sweep done in: 8.89 min
2018-12-30 03:20:50,113 - INFO - Starting a new sweep, delay in between buying-selling is: 30_60
2018-12-30 03:20:50,113 - INFO - Starting a new sweep for grid mode: basic
2018-12-30 03:20:50,114 - INFO - List of dynamic market fields: ['volatility_0_5_after', 'pips_agg_0_5_after', 'pips_candle_0_5_after', 'volatility_5_10_after', 'pips_agg_5_10_after', 'pips_candle_5_10_after', 'volatility_10_15_after', 'pips_agg_10_15_after', 'pips_candle_10_15_after', 'volatility_15_20_after', 'pips_agg_15_20_after', 'pips_candle_15_20_after', 'volatility_20_25_after', 'pips_agg_20_25_after', 'pips_candle_20_25_after', 'volatility_25_30_after', 'pips_agg_25_30_after', 'pips_candle_25_30_after', 'volatility_60_0_before', 'pips_agg_60_0_before', 'datetime', 'pips_agg_0_60_after']
2018-12-30 03:20:50,955 - INFO - X columns for the model: ['volatility_5_10_after', 'pips_candle_5_10_after', 'pips_agg_25_30_after', 'pips_candle_0_5_after', 'volatility_60_0_before', 'pips_agg_10_15_after', 'new_id', 'year', 'fe_worse', 'num_news', 'volatility_25_30_after', 'pips_agg_15_20_after', 'pe_better', 'pips_candle_15_20_after', 'volatility_10_15_after', 'pips_agg_0_5_after', 'pips_candle_25_30_after', 'High', 'volatility_0_5_after', 'fe_accurate', 'pe_accurate', 'pips_candle_20_25_after', 'pe_worse', 'volatility_20_25_after', 'pips_agg_20_25_after', 'pips_candle_10_15_after', 'total_error_ratio_zscore', 'week', 'pips_agg_60_0_before', 'forecast_error_ratio_zscore', 'volatility_15_20_after', 'fe_better', 'pips_agg_5_10_after', 'weekday']
2018-12-30 03:20:51,000 - INFO - Starting KNeighborsClassifier
2018-12-30 03:21:08,411 - INFO - Starting SVC - rbf
2018-12-30 03:21:48,133 - INFO - There are no predictions for class -2
2018-12-30 03:21:48,134 - INFO - There are no predictions for class -1
2018-12-30 03:21:48,134 - INFO - There are no predictions for class 1
2018-12-30 03:21:48,135 - INFO - There are no predictions for class 2
2018-12-30 03:21:48,149 - INFO - Starting DecisionTreeClassifier
2018-12-30 03:21:54,791 - INFO - Starting RandomForestClassifier
2018-12-30 03:28:22,132 - INFO - Starting XGBClassifier
2018-12-30 03:29:06,503 - INFO - Starting GradientBoostingClassifier
2018-12-30 03:30:18,628 - INFO - Starting AdaBoostClassifier
2018-12-30 03:30:35,645 - INFO - sweep done in: 9.76 min
2018-12-30 03:30:35,657 - INFO - Starting a new sweep, delay in between buying-selling is: 30_90
2018-12-30 03:30:35,658 - INFO - Starting a new sweep for grid mode: basic
2018-12-30 03:30:35,658 - INFO - List of dynamic market fields: ['volatility_0_5_after', 'pips_agg_0_5_after', 'pips_candle_0_5_after', 'volatility_5_10_after', 'pips_agg_5_10_after', 'pips_candle_5_10_after', 'volatility_10_15_after', 'pips_agg_10_15_after', 'pips_candle_10_15_after', 'volatility_15_20_after', 'pips_agg_15_20_after', 'pips_candle_15_20_after', 'volatility_20_25_after', 'pips_agg_20_25_after', 'pips_candle_20_25_after', 'volatility_25_30_after', 'pips_agg_25_30_after', 'pips_candle_25_30_after', 'volatility_60_0_before', 'pips_agg_60_0_before', 'datetime', 'pips_agg_0_90_after']
2018-12-30 03:30:36,387 - INFO - X columns for the model: ['volatility_5_10_after', 'pips_candle_5_10_after', 'pips_agg_25_30_after', 'pips_candle_0_5_after', 'volatility_60_0_before', 'pips_agg_10_15_after', 'new_id', 'year', 'fe_worse', 'num_news', 'volatility_25_30_after', 'pips_agg_15_20_after', 'pe_better', 'pips_candle_15_20_after', 'volatility_10_15_after', 'pips_agg_0_5_after', 'pips_candle_25_30_after', 'High', 'volatility_0_5_after', 'fe_accurate', 'pe_accurate', 'pips_candle_20_25_after', 'pe_worse', 'volatility_20_25_after', 'pips_agg_20_25_after', 'pips_candle_10_15_after', 'total_error_ratio_zscore', 'week', 'pips_agg_60_0_before', 'forecast_error_ratio_zscore', 'volatility_15_20_after', 'fe_better', 'pips_agg_5_10_after', 'weekday']
2018-12-30 03:30:36,435 - INFO - Starting KNeighborsClassifier
2018-12-30 03:30:52,470 - INFO - Starting SVC - rbf
2018-12-30 03:31:30,931 - INFO - There are no predictions for class -2
2018-12-30 03:31:30,932 - INFO - There are no predictions for class -1
2018-12-30 03:31:30,932 - INFO - There are no predictions for class 1
2018-12-30 03:31:30,932 - INFO - There are no predictions for class 2
2018-12-30 03:31:30,948 - INFO - Starting DecisionTreeClassifier
2018-12-30 03:31:37,281 - INFO - There are no predictions for class -1
2018-12-30 03:31:37,281 - INFO - There are no predictions for class 1
2018-12-30 03:31:37,295 - INFO - Starting RandomForestClassifier
2018-12-30 03:37:44,859 - INFO - There are no predictions for class -1
2018-12-30 03:37:44,875 - INFO - Starting XGBClassifier
2018-12-30 03:38:30,189 - INFO - Starting GradientBoostingClassifier
2018-12-30 03:39:38,968 - INFO - Starting AdaBoostClassifier
2018-12-30 03:39:55,339 - INFO - There are no predictions for class -1
2018-12-30 03:39:55,340 - INFO - There are no predictions for class 1
2018-12-30 03:39:55,358 - INFO - sweep done in: 9.33 min
2018-12-30 03:39:55,371 - INFO - Starting a new sweep, delay in between buying-selling is: 30_120
2018-12-30 03:39:55,371 - INFO - Starting a new sweep for grid mode: basic
2018-12-30 03:39:55,371 - INFO - List of dynamic market fields: ['volatility_0_5_after', 'pips_agg_0_5_after', 'pips_candle_0_5_after', 'volatility_5_10_after', 'pips_agg_5_10_after', 'pips_candle_5_10_after', 'volatility_10_15_after', 'pips_agg_10_15_after', 'pips_candle_10_15_after', 'volatility_15_20_after', 'pips_agg_15_20_after', 'pips_candle_15_20_after', 'volatility_20_25_after', 'pips_agg_20_25_after', 'pips_candle_20_25_after', 'volatility_25_30_after', 'pips_agg_25_30_after', 'pips_candle_25_30_after', 'volatility_60_0_before', 'pips_agg_60_0_before', 'datetime', 'pips_agg_0_120_after']
2018-12-30 03:39:56,030 - INFO - X columns for the model: ['volatility_5_10_after', 'pips_candle_5_10_after', 'pips_agg_25_30_after', 'pips_candle_0_5_after', 'volatility_60_0_before', 'pips_agg_10_15_after', 'new_id', 'year', 'fe_worse', 'num_news', 'volatility_25_30_after', 'pips_agg_15_20_after', 'pe_better', 'pips_candle_15_20_after', 'volatility_10_15_after', 'pips_agg_0_5_after', 'pips_candle_25_30_after', 'High', 'volatility_0_5_after', 'fe_accurate', 'pe_accurate', 'pips_candle_20_25_after', 'pe_worse', 'volatility_20_25_after', 'pips_agg_20_25_after', 'pips_candle_10_15_after', 'total_error_ratio_zscore', 'week', 'pips_agg_60_0_before', 'forecast_error_ratio_zscore', 'volatility_15_20_after', 'fe_better', 'pips_agg_5_10_after', 'weekday']
2018-12-30 03:39:56,071 - INFO - Starting KNeighborsClassifier
2018-12-30 03:40:11,559 - INFO - Starting SVC - rbf
2018-12-30 03:40:47,578 - INFO - There are no predictions for class -2
2018-12-30 03:40:47,578 - INFO - There are no predictions for class -1
2018-12-30 03:40:47,578 - INFO - There are no predictions for class 1
2018-12-30 03:40:47,579 - INFO - There are no predictions for class 2
2018-12-30 03:40:47,595 - INFO - Starting DecisionTreeClassifier
2018-12-30 03:40:53,788 - INFO - There are no predictions for class -1
2018-12-30 03:40:53,789 - INFO - There are no predictions for class 1
2018-12-30 03:40:53,797 - INFO - Starting RandomForestClassifier
2018-12-30 03:46:57,604 - INFO - Starting XGBClassifier
2018-12-30 03:47:45,483 - INFO - Starting GradientBoostingClassifier
2018-12-30 03:48:58,053 - INFO - Starting AdaBoostClassifier
2018-12-30 03:49:16,517 - INFO - There are no predictions for class 1
2018-12-30 03:49:16,544 - INFO - sweep done in: 9.35 min
2018-12-30 03:49:16,551 - INFO - Starting a new sweep, delay in between buying-selling is: 30_120
2018-12-30 03:49:16,551 - INFO - Starting a new sweep for grid mode: basic
2018-12-30 03:49:16,551 - INFO - List of dynamic market fields: ['volatility_0_5_after', 'pips_agg_0_5_after', 'pips_candle_0_5_after', 'volatility_5_10_after', 'pips_agg_5_10_after', 'pips_candle_5_10_after', 'volatility_10_15_after', 'pips_agg_10_15_after', 'pips_candle_10_15_after', 'volatility_15_20_after', 'pips_agg_15_20_after', 'pips_candle_15_20_after', 'volatility_20_25_after', 'pips_agg_20_25_after', 'pips_candle_20_25_after', 'volatility_25_30_after', 'pips_agg_25_30_after', 'pips_candle_25_30_after', 'volatility_60_0_before', 'pips_agg_60_0_before', 'datetime', 'pips_agg_0_120_after']
2018-12-30 03:49:17,178 - INFO - X columns for the model: ['volatility_5_10_after', 'pips_candle_5_10_after', 'pips_agg_25_30_after', 'pips_candle_0_5_after', 'volatility_60_0_before', 'pips_agg_10_15_after', 'new_id', 'year', 'fe_worse', 'num_news', 'volatility_25_30_after', 'pips_agg_15_20_after', 'pe_better', 'pips_candle_15_20_after', 'volatility_10_15_after', 'pips_agg_0_5_after', 'pips_candle_25_30_after', 'High', 'volatility_0_5_after', 'fe_accurate', 'pe_accurate', 'pips_candle_20_25_after', 'pe_worse', 'volatility_20_25_after', 'pips_agg_20_25_after', 'pips_candle_10_15_after', 'total_error_ratio_zscore', 'week', 'pips_agg_60_0_before', 'forecast_error_ratio_zscore', 'volatility_15_20_after', 'fe_better', 'pips_agg_5_10_after', 'weekday']
2018-12-30 03:49:17,244 - INFO - Starting KNeighborsClassifier
2018-12-30 03:49:34,896 - INFO - Starting SVC - rbf
2018-12-30 03:50:14,167 - INFO - There are no predictions for class -2
2018-12-30 03:50:14,167 - INFO - There are no predictions for class -1
2018-12-30 03:50:14,168 - INFO - There are no predictions for class 1
2018-12-30 03:50:14,168 - INFO - There are no predictions for class 2
2018-12-30 03:50:14,183 - INFO - Starting DecisionTreeClassifier
2018-12-30 03:50:21,011 - INFO - There are no predictions for class -1
2018-12-30 03:50:21,012 - INFO - There are no predictions for class 1
2018-12-30 03:50:21,029 - INFO - Starting RandomForestClassifier
2018-12-30 03:56:57,224 - INFO - Starting XGBClassifier
2018-12-30 03:57:44,212 - INFO - Starting GradientBoostingClassifier
2018-12-30 03:58:57,166 - INFO - Starting AdaBoostClassifier
2018-12-30 03:59:15,196 - INFO - There are no predictions for class 1
2018-12-30 03:59:15,212 - INFO - sweep done in: 9.98 min
2018-12-30 03:59:15,222 - INFO - Starting a new sweep, delay in between buying-selling is: 30_240
2018-12-30 03:59:15,223 - INFO - Starting a new sweep for grid mode: basic
2018-12-30 03:59:15,223 - INFO - List of dynamic market fields: ['volatility_0_5_after', 'pips_agg_0_5_after', 'pips_candle_0_5_after', 'volatility_5_10_after', 'pips_agg_5_10_after', 'pips_candle_5_10_after', 'volatility_10_15_after', 'pips_agg_10_15_after', 'pips_candle_10_15_after', 'volatility_15_20_after', 'pips_agg_15_20_after', 'pips_candle_15_20_after', 'volatility_20_25_after', 'pips_agg_20_25_after', 'pips_candle_20_25_after', 'volatility_25_30_after', 'pips_agg_25_30_after', 'pips_candle_25_30_after', 'volatility_60_0_before', 'pips_agg_60_0_before', 'datetime', 'pips_agg_0_240_after']
2018-12-30 03:59:15,866 - INFO - X columns for the model: ['volatility_5_10_after', 'pips_candle_5_10_after', 'pips_agg_25_30_after', 'pips_candle_0_5_after', 'volatility_60_0_before', 'pips_agg_10_15_after', 'new_id', 'year', 'fe_worse', 'num_news', 'volatility_25_30_after', 'pips_agg_15_20_after', 'pe_better', 'pips_candle_15_20_after', 'volatility_10_15_after', 'pips_agg_0_5_after', 'pips_candle_25_30_after', 'High', 'volatility_0_5_after', 'fe_accurate', 'pe_accurate', 'pips_candle_20_25_after', 'pe_worse', 'volatility_20_25_after', 'pips_agg_20_25_after', 'pips_candle_10_15_after', 'total_error_ratio_zscore', 'week', 'pips_agg_60_0_before', 'forecast_error_ratio_zscore', 'volatility_15_20_after', 'fe_better', 'pips_agg_5_10_after', 'weekday']
2018-12-30 03:59:15,902 - INFO - Starting KNeighborsClassifier
2018-12-30 03:59:33,225 - INFO - There are no predictions for class -1
2018-12-30 03:59:33,225 - INFO - There are no predictions for class 1
2018-12-30 03:59:33,238 - INFO - Starting SVC - rbf
2018-12-30 04:00:10,997 - INFO - There are no predictions for class -2
2018-12-30 04:00:10,998 - INFO - There are no predictions for class -1
2018-12-30 04:00:10,998 - INFO - There are no predictions for class 0
2018-12-30 04:00:10,999 - INFO - There are no predictions for class 1
2018-12-30 04:00:11,013 - INFO - Starting DecisionTreeClassifier
2018-12-30 04:00:17,385 - INFO - There are no predictions for class -1
2018-12-30 04:00:17,385 - INFO - There are no predictions for class 1
2018-12-30 04:00:17,397 - INFO - Starting RandomForestClassifier
2018-12-30 04:06:17,326 - INFO - There are no predictions for class -1
2018-12-30 04:06:17,327 - INFO - There are no predictions for class 1
2018-12-30 04:06:17,341 - INFO - Starting XGBClassifier
2018-12-30 04:07:02,173 - INFO - Starting GradientBoostingClassifier
2018-12-30 04:08:11,682 - INFO - Starting AdaBoostClassifier
2018-12-30 04:08:29,078 - INFO - There are no predictions for class -1
2018-12-30 04:08:29,107 - INFO - sweep done in: 9.23 min
2018-12-30 04:08:29,121 - INFO - Starting a new sweep, features before the publication are: excluded
2018-12-30 04:08:29,121 - INFO - Starting a new sweep, delay in between buying-selling is: 0_60
2018-12-30 04:08:29,121 - INFO - Starting a new sweep for grid mode: basic
2018-12-30 04:08:29,122 - INFO - List of dynamic market fields: ['datetime', 'pips_agg_0_60_after']
2018-12-30 04:08:29,575 - INFO - X columns for the model: ['High', 'pe_better', 'total_error_ratio_zscore', 'fe_accurate', 'pe_accurate', 'week', 'forecast_error_ratio_zscore', 'fe_better', 'new_id', 'year', 'fe_worse', 'pe_worse', 'num_news', 'weekday']
2018-12-30 04:08:29,589 - INFO - Starting KNeighborsClassifier
2018-12-30 04:08:33,616 - INFO - There are no predictions for class -1
2018-12-30 04:08:33,620 - INFO - There are no predictions for class 1
2018-12-30 04:08:33,620 - INFO - There are no predictions for class 2
2018-12-30 04:08:33,628 - INFO - Starting SVC - rbf
2018-12-30 04:09:09,618 - INFO - There are no predictions for class -2
2018-12-30 04:09:09,618 - INFO - There are no predictions for class -1
2018-12-30 04:09:09,619 - INFO - There are no predictions for class 1
2018-12-30 04:09:09,619 - INFO - There are no predictions for class 2
2018-12-30 04:09:09,628 - INFO - Starting DecisionTreeClassifier
2018-12-30 04:09:12,821 - INFO - There are no predictions for class -2
2018-12-30 04:09:12,822 - INFO - There are no predictions for class -1
2018-12-30 04:09:12,822 - INFO - There are no predictions for class 1
2018-12-30 04:09:12,837 - INFO - Starting RandomForestClassifier
2018-12-30 04:14:34,723 - INFO - There are no predictions for class -1
2018-12-30 04:14:34,723 - INFO - There are no predictions for class 1
2018-12-30 04:14:34,734 - INFO - Starting XGBClassifier
2018-12-30 04:14:56,937 - INFO - Starting GradientBoostingClassifier
2018-12-30 04:15:39,102 - INFO - Starting AdaBoostClassifier
2018-12-30 04:15:51,374 - INFO - There are no predictions for class -1
2018-12-30 04:15:51,397 - INFO - sweep done in: 7.37 min
2018-12-30 04:15:51,409 - INFO - Starting a new sweep, delay in between buying-selling is: 15_60
2018-12-30 04:15:51,409 - INFO - Starting a new sweep for grid mode: basic
2018-12-30 04:15:51,409 - INFO - List of dynamic market fields: ['volatility_0_5_after', 'pips_agg_0_5_after', 'pips_candle_0_5_after', 'volatility_5_10_after', 'pips_agg_5_10_after', 'pips_candle_5_10_after', 'volatility_10_15_after', 'pips_agg_10_15_after', 'pips_candle_10_15_after', 'datetime', 'pips_agg_0_60_after']
2018-12-30 04:15:51,942 - INFO - X columns for the model: ['volatility_5_10_after', 'High', 'volatility_0_5_after', 'pips_candle_5_10_after', 'fe_accurate', 'pips_candle_0_5_after', 'pe_accurate', 'pips_agg_10_15_after', 'new_id', 'year', 'fe_worse', 'pe_worse', 'num_news', 'pips_candle_10_15_after', 'pe_better', 'total_error_ratio_zscore', 'week', 'volatility_10_15_after', 'forecast_error_ratio_zscore', 'fe_better', 'pips_agg_0_5_after', 'pips_agg_5_10_after', 'weekday']
2018-12-30 04:15:51,969 - INFO - Starting KNeighborsClassifier
2018-12-30 04:16:02,434 - INFO - Starting SVC - rbf
2018-12-30 04:16:35,447 - INFO - There are no predictions for class -2
2018-12-30 04:16:35,448 - INFO - There are no predictions for class -1
2018-12-30 04:16:35,448 - INFO - There are no predictions for class 1
2018-12-30 04:16:35,449 - INFO - There are no predictions for class 2
2018-12-30 04:16:35,463 - INFO - Starting DecisionTreeClassifier
2018-12-30 04:16:39,974 - INFO - There are no predictions for class -1
2018-12-30 04:16:39,974 - INFO - There are no predictions for class 1
2018-12-30 04:16:39,992 - INFO - Starting RandomForestClassifier
2018-12-30 04:22:21,921 - INFO - There are no predictions for class 1
2018-12-30 04:22:21,929 - INFO - Starting XGBClassifier
2018-12-30 04:22:54,321 - INFO - Starting GradientBoostingClassifier
2018-12-30 04:23:49,107 - INFO - Starting AdaBoostClassifier
2018-12-30 04:24:03,436 - INFO - There are no predictions for class 1
2018-12-30 04:24:03,459 - INFO - sweep done in: 8.20 min
2018-12-30 04:24:03,470 - INFO - Starting a new sweep, delay in between buying-selling is: 30_60
2018-12-30 04:24:03,470 - INFO - Starting a new sweep for grid mode: basic
2018-12-30 04:24:03,470 - INFO - List of dynamic market fields: ['volatility_0_5_after', 'pips_agg_0_5_after', 'pips_candle_0_5_after', 'volatility_5_10_after', 'pips_agg_5_10_after', 'pips_candle_5_10_after', 'volatility_10_15_after', 'pips_agg_10_15_after', 'pips_candle_10_15_after', 'volatility_15_20_after', 'pips_agg_15_20_after', 'pips_candle_15_20_after', 'volatility_20_25_after', 'pips_agg_20_25_after', 'pips_candle_20_25_after', 'volatility_25_30_after', 'pips_agg_25_30_after', 'pips_candle_25_30_after', 'datetime', 'pips_agg_0_60_after']
2018-12-30 04:24:04,257 - INFO - X columns for the model: ['volatility_5_10_after', 'pips_candle_5_10_after', 'pips_agg_25_30_after', 'pips_candle_0_5_after', 'pips_agg_10_15_after', 'new_id', 'year', 'fe_worse', 'num_news', 'volatility_25_30_after', 'pips_agg_15_20_after', 'pe_better', 'pips_candle_15_20_after', 'volatility_10_15_after', 'pips_agg_0_5_after', 'pips_candle_25_30_after', 'High', 'volatility_0_5_after', 'fe_accurate', 'pe_accurate', 'pips_candle_20_25_after', 'pe_worse', 'volatility_20_25_after', 'pips_agg_20_25_after', 'pips_candle_10_15_after', 'total_error_ratio_zscore', 'week', 'forecast_error_ratio_zscore', 'volatility_15_20_after', 'fe_better', 'pips_agg_5_10_after', 'weekday']
2018-12-30 04:24:04,290 - INFO - Starting KNeighborsClassifier
2018-12-30 04:24:18,839 - INFO - Starting SVC - rbf
2018-12-30 04:24:56,480 - INFO - There are no predictions for class -2
2018-12-30 04:24:56,480 - INFO - There are no predictions for class -1
2018-12-30 04:24:56,481 - INFO - There are no predictions for class 1
2018-12-30 04:24:56,481 - INFO - There are no predictions for class 2
2018-12-30 04:24:56,494 - INFO - Starting DecisionTreeClassifier
2018-12-30 04:25:02,484 - INFO - Starting RandomForestClassifier
2018-12-30 04:31:06,160 - INFO - Starting XGBClassifier
2018-12-30 04:31:51,524 - INFO - Starting GradientBoostingClassifier
2018-12-30 04:33:01,413 - INFO - Starting AdaBoostClassifier
2018-12-30 04:33:17,871 - INFO - sweep done in: 9.24 min
2018-12-30 04:33:17,886 - INFO - Starting a new sweep, delay in between buying-selling is: 30_90
2018-12-30 04:33:17,886 - INFO - Starting a new sweep for grid mode: basic
2018-12-30 04:33:17,886 - INFO - List of dynamic market fields: ['volatility_0_5_after', 'pips_agg_0_5_after', 'pips_candle_0_5_after', 'volatility_5_10_after', 'pips_agg_5_10_after', 'pips_candle_5_10_after', 'volatility_10_15_after', 'pips_agg_10_15_after', 'pips_candle_10_15_after', 'volatility_15_20_after', 'pips_agg_15_20_after', 'pips_candle_15_20_after', 'volatility_20_25_after', 'pips_agg_20_25_after', 'pips_candle_20_25_after', 'volatility_25_30_after', 'pips_agg_25_30_after', 'pips_candle_25_30_after', 'datetime', 'pips_agg_0_90_after']
2018-12-30 04:33:18,531 - INFO - X columns for the model: ['volatility_5_10_after', 'pips_candle_5_10_after', 'pips_agg_25_30_after', 'pips_candle_0_5_after', 'pips_agg_10_15_after', 'new_id', 'year', 'fe_worse', 'num_news', 'volatility_25_30_after', 'pips_agg_15_20_after', 'pe_better', 'pips_candle_15_20_after', 'volatility_10_15_after', 'pips_agg_0_5_after', 'pips_candle_25_30_after', 'High', 'volatility_0_5_after', 'fe_accurate', 'pe_accurate', 'pips_candle_20_25_after', 'pe_worse', 'volatility_20_25_after', 'pips_agg_20_25_after', 'pips_candle_10_15_after', 'total_error_ratio_zscore', 'week', 'forecast_error_ratio_zscore', 'volatility_15_20_after', 'fe_better', 'pips_agg_5_10_after', 'weekday']
2018-12-30 04:33:18,563 - INFO - Starting KNeighborsClassifier
2018-12-30 04:33:33,155 - INFO - Starting SVC - rbf
2018-12-30 04:34:11,192 - INFO - There are no predictions for class -2
2018-12-30 04:34:11,192 - INFO - There are no predictions for class -1
2018-12-30 04:34:11,193 - INFO - There are no predictions for class 1
2018-12-30 04:34:11,193 - INFO - There are no predictions for class 2
2018-12-30 04:34:11,211 - INFO - Starting DecisionTreeClassifier
2018-12-30 04:34:17,301 - INFO - There are no predictions for class -1
2018-12-30 04:34:17,301 - INFO - There are no predictions for class 1
2018-12-30 04:34:17,320 - INFO - Starting RandomForestClassifier
2018-12-30 04:40:12,379 - INFO - Starting XGBClassifier
2018-12-30 04:40:54,648 - INFO - Starting GradientBoostingClassifier
2018-12-30 04:42:02,184 - INFO - Starting AdaBoostClassifier
2018-12-30 04:42:18,868 - INFO - There are no predictions for class -1
2018-12-30 04:42:18,893 - INFO - sweep done in: 9.02 min
2018-12-30 04:42:18,910 - INFO - Starting a new sweep, delay in between buying-selling is: 30_120
2018-12-30 04:42:18,911 - INFO - Starting a new sweep for grid mode: basic
2018-12-30 04:42:18,911 - INFO - List of dynamic market fields: ['volatility_0_5_after', 'pips_agg_0_5_after', 'pips_candle_0_5_after', 'volatility_5_10_after', 'pips_agg_5_10_after', 'pips_candle_5_10_after', 'volatility_10_15_after', 'pips_agg_10_15_after', 'pips_candle_10_15_after', 'volatility_15_20_after', 'pips_agg_15_20_after', 'pips_candle_15_20_after', 'volatility_20_25_after', 'pips_agg_20_25_after', 'pips_candle_20_25_after', 'volatility_25_30_after', 'pips_agg_25_30_after', 'pips_candle_25_30_after', 'datetime', 'pips_agg_0_120_after']
2018-12-30 04:42:19,550 - INFO - X columns for the model: ['volatility_5_10_after', 'pips_candle_5_10_after', 'pips_agg_25_30_after', 'pips_candle_0_5_after', 'pips_agg_10_15_after', 'new_id', 'year', 'fe_worse', 'num_news', 'volatility_25_30_after', 'pips_agg_15_20_after', 'pe_better', 'pips_candle_15_20_after', 'volatility_10_15_after', 'pips_agg_0_5_after', 'pips_candle_25_30_after', 'High', 'volatility_0_5_after', 'fe_accurate', 'pe_accurate', 'pips_candle_20_25_after', 'pe_worse', 'volatility_20_25_after', 'pips_agg_20_25_after', 'pips_candle_10_15_after', 'total_error_ratio_zscore', 'week', 'forecast_error_ratio_zscore', 'volatility_15_20_after', 'fe_better', 'pips_agg_5_10_after', 'weekday']
2018-12-30 04:42:19,658 - INFO - Starting KNeighborsClassifier
2018-12-30 04:42:34,237 - INFO - Starting SVC - rbf
2018-12-30 04:43:10,643 - INFO - There are no predictions for class -2
2018-12-30 04:43:10,644 - INFO - There are no predictions for class -1
2018-12-30 04:43:10,644 - INFO - There are no predictions for class 1
2018-12-30 04:43:10,645 - INFO - There are no predictions for class 2
2018-12-30 04:43:10,663 - INFO - Starting DecisionTreeClassifier
2018-12-30 04:43:16,748 - INFO - There are no predictions for class -1
2018-12-30 04:43:16,749 - INFO - There are no predictions for class 1
2018-12-30 04:43:16,767 - INFO - Starting RandomForestClassifier
2018-12-30 04:49:33,677 - INFO - There are no predictions for class -1
2018-12-30 04:49:33,678 - INFO - There are no predictions for class 1
2018-12-30 04:49:33,691 - INFO - Starting XGBClassifier
2018-12-30 04:50:17,221 - INFO - Starting GradientBoostingClassifier
2018-12-30 04:51:24,411 - INFO - Starting AdaBoostClassifier
2018-12-30 04:51:41,002 - INFO - There are no predictions for class 1
2018-12-30 04:51:41,021 - INFO - sweep done in: 9.37 min
2018-12-30 04:51:41,033 - INFO - Starting a new sweep, delay in between buying-selling is: 30_120
2018-12-30 04:51:41,033 - INFO - Starting a new sweep for grid mode: basic
2018-12-30 04:51:41,033 - INFO - List of dynamic market fields: ['volatility_0_5_after', 'pips_agg_0_5_after', 'pips_candle_0_5_after', 'volatility_5_10_after', 'pips_agg_5_10_after', 'pips_candle_5_10_after', 'volatility_10_15_after', 'pips_agg_10_15_after', 'pips_candle_10_15_after', 'volatility_15_20_after', 'pips_agg_15_20_after', 'pips_candle_15_20_after', 'volatility_20_25_after', 'pips_agg_20_25_after', 'pips_candle_20_25_after', 'volatility_25_30_after', 'pips_agg_25_30_after', 'pips_candle_25_30_after', 'datetime', 'pips_agg_0_120_after']
2018-12-30 04:51:41,779 - INFO - X columns for the model: ['volatility_5_10_after', 'pips_candle_5_10_after', 'pips_agg_25_30_after', 'pips_candle_0_5_after', 'pips_agg_10_15_after', 'new_id', 'year', 'fe_worse', 'num_news', 'volatility_25_30_after', 'pips_agg_15_20_after', 'pe_better', 'pips_candle_15_20_after', 'volatility_10_15_after', 'pips_agg_0_5_after', 'pips_candle_25_30_after', 'High', 'volatility_0_5_after', 'fe_accurate', 'pe_accurate', 'pips_candle_20_25_after', 'pe_worse', 'volatility_20_25_after', 'pips_agg_20_25_after', 'pips_candle_10_15_after', 'total_error_ratio_zscore', 'week', 'forecast_error_ratio_zscore', 'volatility_15_20_after', 'fe_better', 'pips_agg_5_10_after', 'weekday']
2018-12-30 04:51:41,856 - INFO - Starting KNeighborsClassifier
2018-12-30 04:51:56,460 - INFO - Starting SVC - rbf
2018-12-30 04:52:32,956 - INFO - There are no predictions for class -2
2018-12-30 04:52:32,956 - INFO - There are no predictions for class -1
2018-12-30 04:52:32,957 - INFO - There are no predictions for class 1
2018-12-30 04:52:32,957 - INFO - There are no predictions for class 2
2018-12-30 04:52:32,976 - INFO - Starting DecisionTreeClassifier
2018-12-30 04:52:38,970 - INFO - There are no predictions for class -1
2018-12-30 04:52:38,971 - INFO - There are no predictions for class 1
2018-12-30 04:52:38,984 - INFO - Starting RandomForestClassifier
2018-12-30 04:58:41,125 - INFO - There are no predictions for class -1
2018-12-30 04:58:41,126 - INFO - There are no predictions for class 1
2018-12-30 04:58:41,140 - INFO - Starting XGBClassifier
2018-12-30 04:59:23,946 - INFO - Starting GradientBoostingClassifier
2018-12-30 05:00:29,049 - INFO - Starting AdaBoostClassifier
2018-12-30 05:00:44,902 - INFO - There are no predictions for class 1
2018-12-30 05:00:44,923 - INFO - sweep done in: 9.06 min
2018-12-30 05:00:44,932 - INFO - Starting a new sweep, delay in between buying-selling is: 30_240
2018-12-30 05:00:44,933 - INFO - Starting a new sweep for grid mode: basic
2018-12-30 05:00:44,933 - INFO - List of dynamic market fields: ['volatility_0_5_after', 'pips_agg_0_5_after', 'pips_candle_0_5_after', 'volatility_5_10_after', 'pips_agg_5_10_after', 'pips_candle_5_10_after', 'volatility_10_15_after', 'pips_agg_10_15_after', 'pips_candle_10_15_after', 'volatility_15_20_after', 'pips_agg_15_20_after', 'pips_candle_15_20_after', 'volatility_20_25_after', 'pips_agg_20_25_after', 'pips_candle_20_25_after', 'volatility_25_30_after', 'pips_agg_25_30_after', 'pips_candle_25_30_after', 'datetime', 'pips_agg_0_240_after']
2018-12-30 05:00:45,523 - INFO - X columns for the model: ['volatility_5_10_after', 'pips_candle_5_10_after', 'pips_agg_25_30_after', 'pips_candle_0_5_after', 'pips_agg_10_15_after', 'new_id', 'year', 'fe_worse', 'num_news', 'volatility_25_30_after', 'pips_agg_15_20_after', 'pe_better', 'pips_candle_15_20_after', 'volatility_10_15_after', 'pips_agg_0_5_after', 'pips_candle_25_30_after', 'High', 'volatility_0_5_after', 'fe_accurate', 'pe_accurate', 'pips_candle_20_25_after', 'pe_worse', 'volatility_20_25_after', 'pips_agg_20_25_after', 'pips_candle_10_15_after', 'total_error_ratio_zscore', 'week', 'forecast_error_ratio_zscore', 'volatility_15_20_after', 'fe_better', 'pips_agg_5_10_after', 'weekday']
2018-12-30 05:00:45,559 - INFO - Starting KNeighborsClassifier
2018-12-30 05:00:59,841 - INFO - There are no predictions for class -1
2018-12-30 05:00:59,841 - INFO - There are no predictions for class 1
2018-12-30 05:00:59,852 - INFO - Starting SVC - rbf
2018-12-30 05:01:36,032 - INFO - There are no predictions for class -2
2018-12-30 05:01:36,033 - INFO - There are no predictions for class -1
2018-12-30 05:01:36,033 - INFO - There are no predictions for class 0
2018-12-30 05:01:36,033 - INFO - There are no predictions for class 1
2018-12-30 05:01:36,047 - INFO - Starting DecisionTreeClassifier
2018-12-30 05:01:41,934 - INFO - There are no predictions for class -1
2018-12-30 05:01:41,934 - INFO - There are no predictions for class 1
2018-12-30 05:01:41,950 - INFO - Starting RandomForestClassifier
2018-12-30 05:07:44,378 - INFO - There are no predictions for class -1
2018-12-30 05:07:44,379 - INFO - There are no predictions for class 1
2018-12-30 05:07:44,399 - INFO - Starting XGBClassifier
2018-12-30 05:08:27,618 - INFO - Starting GradientBoostingClassifier
2018-12-30 05:09:39,866 - INFO - Starting AdaBoostClassifier
2018-12-30 05:09:58,131 - INFO - There are no predictions for class -1
2018-12-30 05:09:58,158 - INFO - sweep done in: 9.22 min
