2019-01-07 19:28:55,855 - INFO - #########################
2019-01-07 19:28:55,858 - INFO - 
2019-01-07 19:28:55,858 - INFO - Starting a new sweep, grouping news by: ALL_NO_1_1_1
2019-01-07 19:29:55,218 - INFO - Starting a new sweep with market features: basic
2019-01-07 19:29:55,219 - INFO - Starting a new sweep, features before the publication are: included
2019-01-07 19:29:55,219 - INFO - Starting a new sweep, delay in between buying-selling is: 60_120
2019-01-07 19:29:55,219 - INFO - Starting a new sweep for grid mode: basic
2019-01-07 19:29:55,219 - INFO - List of dynamic market fields: ['volatility_0_5_after', 'pips_agg_0_5_after', 'volatility_5_10_after', 'pips_agg_5_10_after', 'volatility_10_15_after', 'pips_agg_10_15_after', 'volatility_15_20_after', 'pips_agg_15_20_after', 'volatility_20_25_after', 'pips_agg_20_25_after', 'volatility_25_30_after', 'pips_agg_25_30_after', 'volatility_0_30_after', 'pips_agg_0_30_after', 'volatility_0_60_after', 'pips_agg_0_60_after', 'volatility_60_0_before', 'pips_agg_60_0_before', 'datetime', 'pips_agg_0_120_after']
2019-01-07 19:29:56,807 - INFO - X columns for the classification model: ['volatility_0_5_after', 'pips_agg_0_30_after', 'pips_agg_25_30_after', 'fe_accurate', 'week', 'pips_agg_10_15_after', 'pips_agg_20_25_after', 'num_news', 'volatility_0_30_after', 'pips_agg_0_60_after', 'pips_agg_15_20_after', 'Low', 'pips_agg_0_5_after', 'previous_error_diff_deviation', 'weekday', 'year', 'pe_better', 'pe_accurate', 'High', 'volatility_15_20_after', 'volatility_10_15_after', 'new_id', 'volatility_25_30_after', 'forecast_error_diff_deviation', 'volatility_60_0_before', 'volatility_5_10_after', 'forecast_error_diff_outlier_class', 'pe_worse', 'volatility_0_60_after', 'fe_better', 'fe_worse', 'previous_error_diff_outlier_class', 'Medium', 'pips_agg_60_0_before', 'pips_agg_5_10_after', 'volatility_20_25_after']
2019-01-07 19:29:56,990 - INFO - Starting KNeighborsClassifier
2019-01-07 19:36:08,244 - INFO - Starting SVC - rbf
2019-01-07 19:44:56,980 - INFO - Starting DecisionTreeClassifier
2019-01-07 19:45:25,890 - INFO - Starting RandomForestClassifier
2019-01-07 20:04:51,355 - INFO - Starting XGBClassifier
2019-01-07 20:05:46,476 - INFO - Starting GradientBoostingClassifier
2019-01-07 20:08:20,326 - INFO - Starting AdaBoostClassifier
2019-01-07 20:09:05,803 - INFO - X columns for the regression model: ['volatility_0_5_after', 'pips_agg_0_30_after', 'pips_agg_25_30_after', 'fe_accurate', 'week', 'pips_agg_10_15_after', 'pips_agg_20_25_after', 'num_news', 'volatility_0_30_after', 'pips_agg_0_60_after', 'pips_agg_15_20_after', 'Low', 'pips_agg_0_5_after', 'previous_error_diff_deviation', 'weekday', 'year', 'pe_better', 'pe_accurate', 'High', 'volatility_15_20_after', 'volatility_10_15_after', 'new_id', 'volatility_25_30_after', 'forecast_error_diff_deviation', 'volatility_60_0_before', 'volatility_5_10_after', 'forecast_error_diff_outlier_class', 'pe_worse', 'volatility_0_60_after', 'fe_better', 'fe_worse', 'previous_error_diff_outlier_class', 'Medium', 'pips_agg_60_0_before', 'pips_agg_5_10_after', 'volatility_20_25_after']
2019-01-07 20:09:05,913 - INFO - Starting KNeighborsRegressor
2019-01-07 20:15:20,277 - INFO - Starting SVR - rbf
2019-01-07 20:21:42,842 - INFO - Starting DecisionTreeRegressor
2019-01-07 20:22:16,680 - INFO - Starting RandomForestRegressor
2019-01-07 21:16:35,802 - INFO - Starting XGBRegressor
2019-01-07 21:16:54,203 - INFO - Starting GradientBoostingRegressor
2019-01-07 21:17:42,181 - INFO - Starting AdaBoostRegressor
2019-01-07 21:18:41,232 - INFO - sweep done in: 108.77 min
2019-01-07 21:18:41,235 - INFO - Starting a new sweep with market features: all
2019-01-07 21:18:41,235 - INFO - Starting a new sweep, features before the publication are: included
2019-01-07 21:18:41,235 - INFO - Starting a new sweep, delay in between buying-selling is: 60_120
2019-01-07 21:18:41,235 - INFO - Starting a new sweep for grid mode: basic
2019-01-07 21:18:41,235 - INFO - List of dynamic market fields: ['volatility_0_5_after', 'pips_agg_0_5_after', 'pips_candle_0_5_after', 'volatility_5_10_after', 'pips_agg_5_10_after', 'pips_candle_5_10_after', 'volatility_10_15_after', 'pips_agg_10_15_after', 'pips_candle_10_15_after', 'volatility_15_20_after', 'pips_agg_15_20_after', 'pips_candle_15_20_after', 'volatility_20_25_after', 'pips_agg_20_25_after', 'pips_candle_20_25_after', 'volatility_25_30_after', 'pips_agg_25_30_after', 'pips_candle_25_30_after', 'volatility_0_30_after', 'pips_agg_0_30_after', 'volatility_0_60_after', 'pips_agg_0_60_after', 'volatility_60_0_before', 'pips_agg_60_0_before', 'datetime', 'pips_agg_0_120_after']
2019-01-07 21:18:43,053 - INFO - X columns for the classification model: ['volatility_0_5_after', 'pips_agg_0_30_after', 'pips_agg_25_30_after', 'pips_candle_20_25_after', 'pips_candle_5_10_after', 'fe_accurate', 'week', 'pips_candle_0_5_after', 'pips_agg_10_15_after', 'pips_agg_20_25_after', 'num_news', 'pips_candle_25_30_after', 'volatility_0_30_after', 'pips_agg_15_20_after', 'pips_agg_0_60_after', 'Low', 'pips_agg_0_5_after', 'previous_error_diff_deviation', 'weekday', 'year', 'pe_better', 'pe_accurate', 'High', 'volatility_15_20_after', 'volatility_10_15_after', 'new_id', 'volatility_25_30_after', 'forecast_error_diff_deviation', 'pips_candle_15_20_after', 'volatility_60_0_before', 'volatility_5_10_after', 'forecast_error_diff_outlier_class', 'pe_worse', 'volatility_0_60_after', 'pips_candle_10_15_after', 'fe_better', 'fe_worse', 'previous_error_diff_outlier_class', 'Medium', 'pips_agg_60_0_before', 'pips_agg_5_10_after', 'volatility_20_25_after']
2019-01-07 21:18:43,238 - INFO - Starting KNeighborsClassifier
2019-01-07 21:26:20,679 - INFO - Starting SVC - rbf
2019-01-07 21:37:02,707 - INFO - Starting DecisionTreeClassifier
2019-01-07 21:37:56,372 - INFO - Starting RandomForestClassifier
2019-01-07 22:08:33,519 - INFO - Starting XGBClassifier
2019-01-07 22:09:57,260 - INFO - Starting GradientBoostingClassifier
2019-01-07 22:14:35,656 - INFO - Starting AdaBoostClassifier
2019-01-07 22:15:51,675 - INFO - X columns for the regression model: ['volatility_0_5_after', 'pips_agg_0_30_after', 'pips_agg_25_30_after', 'pips_candle_20_25_after', 'pips_candle_5_10_after', 'fe_accurate', 'week', 'pips_candle_0_5_after', 'pips_agg_10_15_after', 'pips_agg_20_25_after', 'num_news', 'pips_candle_25_30_after', 'volatility_0_30_after', 'pips_agg_15_20_after', 'pips_agg_0_60_after', 'Low', 'pips_agg_0_5_after', 'previous_error_diff_deviation', 'weekday', 'year', 'pe_better', 'pe_accurate', 'High', 'volatility_15_20_after', 'volatility_10_15_after', 'new_id', 'volatility_25_30_after', 'forecast_error_diff_deviation', 'pips_candle_15_20_after', 'volatility_60_0_before', 'volatility_5_10_after', 'forecast_error_diff_outlier_class', 'pe_worse', 'volatility_0_60_after', 'pips_candle_10_15_after', 'fe_better', 'fe_worse', 'previous_error_diff_outlier_class', 'Medium', 'pips_agg_60_0_before', 'pips_agg_5_10_after', 'volatility_20_25_after']
2019-01-07 22:15:51,895 - INFO - Starting KNeighborsRegressor
2019-01-07 22:26:56,058 - INFO - Starting SVR - rbf
2019-01-07 22:37:01,509 - INFO - Starting DecisionTreeRegressor
2019-01-07 22:37:52,956 - INFO - Starting RandomForestRegressor
