2019-01-05 14:14:16,309 - INFO - #########################
2019-01-05 14:14:16,309 - INFO - 
2019-01-05 14:14:16,309 - INFO - Starting a new sweep, grouping news by: ALL_NO_1_1_1
2019-01-05 14:15:13,492 - INFO - Starting a new sweep with market features: basic
2019-01-05 14:15:13,492 - INFO - Starting a new sweep, features before the publication are: included
2019-01-05 14:15:13,492 - INFO - Starting a new sweep, delay in between buying-selling is: 60_240
2019-01-05 14:15:13,493 - INFO - Starting a new sweep for grid mode: basic
2019-01-05 14:15:13,493 - INFO - List of dynamic market fields: ['volatility_0_5_after', 'pips_agg_0_5_after', 'volatility_5_10_after', 'pips_agg_5_10_after', 'volatility_10_15_after', 'pips_agg_10_15_after', 'volatility_15_20_after', 'pips_agg_15_20_after', 'volatility_20_25_after', 'pips_agg_20_25_after', 'volatility_25_30_after', 'pips_agg_25_30_after', 'volatility_0_30_after', 'pips_agg_0_30_after', 'volatility_0_60_after', 'pips_agg_0_60_after', 'volatility_60_0_before', 'pips_agg_60_0_before', 'datetime', 'pips_agg_0_240_after']
2019-01-05 14:15:15,077 - INFO - X columns for the classification model: ['previous_error_diff_outlier_class', 'volatility_0_5_after', 'volatility_0_60_after', 'new_id', 'num_news', 'volatility_5_10_after', 'pips_agg_60_0_before', 'pips_agg_0_30_after', 'pe_accurate', 'forecast_error_diff_outlier_class', 'pips_agg_15_20_after', 'previous_error_diff_deviation', 'pips_agg_0_5_after', 'Medium', 'fe_worse', 'pe_better', 'volatility_25_30_after', 'volatility_10_15_after', 'weekday', 'volatility_60_0_before', 'pips_agg_25_30_after', 'year', 'pips_agg_20_25_after', 'forecast_error_diff_deviation', 'pips_agg_10_15_after', 'volatility_15_20_after', 'pips_agg_0_60_after', 'fe_accurate', 'pips_agg_5_10_after', 'volatility_0_30_after', 'pe_worse', 'High', 'volatility_20_25_after', 'week', 'fe_better', 'Low']
2019-01-05 14:15:15,254 - INFO - Starting KNeighborsClassifier
2019-01-05 14:21:10,151 - INFO - Starting SVC - rbf
2019-01-05 14:29:58,080 - INFO - Starting DecisionTreeClassifier
2019-01-05 14:30:26,404 - INFO - Starting RandomForestClassifier
2019-01-05 14:48:49,877 - INFO - Starting XGBClassifier
2019-01-05 14:49:38,449 - INFO - Starting GradientBoostingClassifier
2019-01-05 14:51:55,236 - INFO - Starting AdaBoostClassifier
2019-01-05 14:52:37,571 - INFO - X columns for the regression model: ['previous_error_diff_outlier_class', 'volatility_0_5_after', 'volatility_0_60_after', 'new_id', 'num_news', 'volatility_5_10_after', 'pips_agg_60_0_before', 'pips_agg_0_30_after', 'pe_accurate', 'forecast_error_diff_outlier_class', 'pips_agg_15_20_after', 'previous_error_diff_deviation', 'pips_agg_0_5_after', 'Medium', 'fe_worse', 'pe_better', 'volatility_25_30_after', 'volatility_10_15_after', 'weekday', 'volatility_60_0_before', 'pips_agg_25_30_after', 'year', 'pips_agg_20_25_after', 'forecast_error_diff_deviation', 'pips_agg_10_15_after', 'volatility_15_20_after', 'pips_agg_0_60_after', 'fe_accurate', 'pips_agg_5_10_after', 'volatility_0_30_after', 'pe_worse', 'High', 'volatility_20_25_after', 'week', 'fe_better', 'Low']
2019-01-05 14:52:37,684 - INFO - Starting KNeighborsRegressor
2019-01-05 14:58:26,452 - INFO - Starting SVR - rbf
2019-01-05 15:04:34,706 - INFO - Starting DecisionTreeRegressor
2019-01-05 15:05:04,824 - INFO - Starting RandomForestRegressor
2019-01-05 15:56:13,444 - INFO - Starting XGBRegressor
2019-01-05 15:56:34,076 - INFO - Starting GradientBoostingRegressor
2019-01-05 15:57:29,121 - INFO - Starting AdaBoostRegressor
2019-01-05 15:58:19,473 - INFO - sweep done in: 103.10 min
2019-01-05 15:58:19,478 - INFO - Starting a new sweep with market features: all
2019-01-05 15:58:19,479 - INFO - Starting a new sweep, features before the publication are: included
2019-01-05 15:58:19,479 - INFO - Starting a new sweep, delay in between buying-selling is: 60_240
2019-01-05 15:58:19,479 - INFO - Starting a new sweep for grid mode: basic
2019-01-05 15:58:19,479 - INFO - List of dynamic market fields: ['volatility_0_5_after', 'pips_agg_0_5_after', 'pips_candle_0_5_after', 'volatility_5_10_after', 'pips_agg_5_10_after', 'pips_candle_5_10_after', 'volatility_10_15_after', 'pips_agg_10_15_after', 'pips_candle_10_15_after', 'volatility_15_20_after', 'pips_agg_15_20_after', 'pips_candle_15_20_after', 'volatility_20_25_after', 'pips_agg_20_25_after', 'pips_candle_20_25_after', 'volatility_25_30_after', 'pips_agg_25_30_after', 'pips_candle_25_30_after', 'volatility_0_30_after', 'pips_agg_0_30_after', 'volatility_0_60_after', 'pips_agg_0_60_after', 'volatility_60_0_before', 'pips_agg_60_0_before', 'datetime', 'pips_agg_0_240_after']
2019-01-05 15:58:21,951 - INFO - X columns for the classification model: ['previous_error_diff_outlier_class', 'volatility_0_5_after', 'volatility_0_60_after', 'new_id', 'num_news', 'volatility_5_10_after', 'pips_candle_25_30_after', 'pips_agg_60_0_before', 'pips_agg_0_30_after', 'pips_candle_0_5_after', 'pe_accurate', 'forecast_error_diff_outlier_class', 'pips_agg_15_20_after', 'previous_error_diff_deviation', 'pips_agg_0_5_after', 'pips_candle_15_20_after', 'Medium', 'fe_worse', 'pe_better', 'volatility_25_30_after', 'volatility_10_15_after', 'weekday', 'volatility_60_0_before', 'pips_candle_20_25_after', 'pips_agg_25_30_after', 'year', 'pips_agg_20_25_after', 'forecast_error_diff_deviation', 'pips_agg_10_15_after', 'volatility_15_20_after', 'pips_agg_0_60_after', 'fe_accurate', 'pips_agg_5_10_after', 'volatility_0_30_after', 'pips_candle_5_10_after', 'pe_worse', 'High', 'volatility_20_25_after', 'week', 'fe_better', 'pips_candle_10_15_after', 'Low']
2019-01-05 15:58:22,160 - INFO - Starting KNeighborsClassifier
2019-01-05 16:06:23,642 - INFO - Starting SVC - rbf
2019-01-05 16:16:07,955 - INFO - Starting DecisionTreeClassifier
2019-01-05 16:16:45,032 - INFO - Starting RandomForestClassifier
2019-01-05 16:37:08,365 - INFO - Starting XGBClassifier
2019-01-05 16:38:05,867 - INFO - Starting GradientBoostingClassifier
2019-01-05 16:41:32,390 - INFO - Starting AdaBoostClassifier
2019-01-05 16:42:24,252 - INFO - X columns for the regression model: ['previous_error_diff_outlier_class', 'volatility_0_5_after', 'volatility_0_60_after', 'new_id', 'num_news', 'volatility_5_10_after', 'pips_candle_25_30_after', 'pips_agg_60_0_before', 'pips_agg_0_30_after', 'pips_candle_0_5_after', 'pe_accurate', 'forecast_error_diff_outlier_class', 'pips_agg_15_20_after', 'previous_error_diff_deviation', 'pips_agg_0_5_after', 'pips_candle_15_20_after', 'Medium', 'fe_worse', 'pe_better', 'volatility_25_30_after', 'volatility_10_15_after', 'weekday', 'volatility_60_0_before', 'pips_candle_20_25_after', 'pips_agg_25_30_after', 'year', 'pips_agg_20_25_after', 'forecast_error_diff_deviation', 'pips_agg_10_15_after', 'volatility_15_20_after', 'pips_agg_0_60_after', 'fe_accurate', 'pips_agg_5_10_after', 'volatility_0_30_after', 'pips_candle_5_10_after', 'pe_worse', 'High', 'volatility_20_25_after', 'week', 'fe_better', 'pips_candle_10_15_after', 'Low']
2019-01-05 16:42:24,399 - INFO - Starting KNeighborsRegressor
2019-01-05 16:49:25,706 - INFO - Starting SVR - rbf
2019-01-05 16:55:53,505 - INFO - Starting DecisionTreeRegressor
2019-01-05 16:56:28,506 - INFO - Starting RandomForestRegressor
2019-01-05 17:53:39,361 - INFO - Starting XGBRegressor
2019-01-05 17:53:59,516 - INFO - Starting GradientBoostingRegressor
2019-01-05 17:54:47,626 - INFO - Starting AdaBoostRegressor
2019-01-05 17:55:53,014 - INFO - sweep done in: 117.56 min
2019-01-05 17:55:53,027 - INFO - #########################
2019-01-05 17:55:53,027 - INFO - 
2019-01-05 17:55:53,027 - INFO - Starting a new sweep, grouping news by: ALL_NO_3_2_1
2019-01-05 17:56:50,172 - INFO - Starting a new sweep with market features: basic
2019-01-05 17:56:50,173 - INFO - Starting a new sweep, features before the publication are: included
2019-01-05 17:56:50,173 - INFO - Starting a new sweep, delay in between buying-selling is: 60_240
2019-01-05 17:56:50,173 - INFO - Starting a new sweep for grid mode: basic
2019-01-05 17:56:50,173 - INFO - List of dynamic market fields: ['volatility_0_5_after', 'pips_agg_0_5_after', 'volatility_5_10_after', 'pips_agg_5_10_after', 'volatility_10_15_after', 'pips_agg_10_15_after', 'volatility_15_20_after', 'pips_agg_15_20_after', 'volatility_20_25_after', 'pips_agg_20_25_after', 'volatility_25_30_after', 'pips_agg_25_30_after', 'volatility_0_30_after', 'pips_agg_0_30_after', 'volatility_0_60_after', 'pips_agg_0_60_after', 'volatility_60_0_before', 'pips_agg_60_0_before', 'datetime', 'pips_agg_0_240_after']
2019-01-05 17:56:51,756 - INFO - X columns for the classification model: ['previous_error_diff_outlier_class', 'volatility_0_5_after', 'volatility_0_60_after', 'new_id', 'num_news', 'volatility_5_10_after', 'pips_agg_60_0_before', 'pips_agg_0_30_after', 'pe_accurate', 'forecast_error_diff_outlier_class', 'pips_agg_15_20_after', 'previous_error_diff_deviation', 'pips_agg_0_5_after', 'Medium', 'fe_worse', 'pe_better', 'volatility_25_30_after', 'volatility_10_15_after', 'weekday', 'volatility_60_0_before', 'pips_agg_25_30_after', 'year', 'pips_agg_20_25_after', 'forecast_error_diff_deviation', 'pips_agg_10_15_after', 'volatility_15_20_after', 'pips_agg_0_60_after', 'fe_accurate', 'pips_agg_5_10_after', 'volatility_0_30_after', 'pe_worse', 'High', 'volatility_20_25_after', 'week', 'fe_better', 'Low']
2019-01-05 17:56:51,905 - INFO - Starting KNeighborsClassifier
2019-01-05 18:02:26,950 - INFO - Starting SVC - rbf
2019-01-05 18:10:44,921 - INFO - Starting DecisionTreeClassifier
2019-01-05 18:11:17,156 - INFO - Starting RandomForestClassifier
2019-01-05 18:29:28,923 - INFO - Starting XGBClassifier
2019-01-05 18:30:20,341 - INFO - Starting GradientBoostingClassifier
2019-01-05 18:32:41,052 - INFO - Starting AdaBoostClassifier
2019-01-05 18:33:23,891 - INFO - X columns for the regression model: ['previous_error_diff_outlier_class', 'volatility_0_5_after', 'volatility_0_60_after', 'new_id', 'num_news', 'volatility_5_10_after', 'pips_agg_60_0_before', 'pips_agg_0_30_after', 'pe_accurate', 'forecast_error_diff_outlier_class', 'pips_agg_15_20_after', 'previous_error_diff_deviation', 'pips_agg_0_5_after', 'Medium', 'fe_worse', 'pe_better', 'volatility_25_30_after', 'volatility_10_15_after', 'weekday', 'volatility_60_0_before', 'pips_agg_25_30_after', 'year', 'pips_agg_20_25_after', 'forecast_error_diff_deviation', 'pips_agg_10_15_after', 'volatility_15_20_after', 'pips_agg_0_60_after', 'fe_accurate', 'pips_agg_5_10_after', 'volatility_0_30_after', 'pe_worse', 'High', 'volatility_20_25_after', 'week', 'fe_better', 'Low']
2019-01-05 18:33:24,003 - INFO - Starting KNeighborsRegressor
2019-01-05 18:38:49,644 - INFO - Starting SVR - rbf
2019-01-05 18:44:27,008 - INFO - Starting DecisionTreeRegressor
2019-01-05 18:44:56,444 - INFO - Starting RandomForestRegressor
2019-01-05 19:33:50,239 - INFO - Starting XGBRegressor
2019-01-05 19:34:07,621 - INFO - Starting GradientBoostingRegressor
2019-01-05 19:34:46,798 - INFO - Starting AdaBoostRegressor
2019-01-05 19:35:36,163 - INFO - sweep done in: 98.77 min
2019-01-05 19:35:36,166 - INFO - Starting a new sweep with market features: all
2019-01-05 19:35:36,166 - INFO - Starting a new sweep, features before the publication are: included
2019-01-05 19:35:36,167 - INFO - Starting a new sweep, delay in between buying-selling is: 60_240
2019-01-05 19:35:36,177 - INFO - Starting a new sweep for grid mode: basic
2019-01-05 19:35:36,177 - INFO - List of dynamic market fields: ['volatility_0_5_after', 'pips_agg_0_5_after', 'pips_candle_0_5_after', 'volatility_5_10_after', 'pips_agg_5_10_after', 'pips_candle_5_10_after', 'volatility_10_15_after', 'pips_agg_10_15_after', 'pips_candle_10_15_after', 'volatility_15_20_after', 'pips_agg_15_20_after', 'pips_candle_15_20_after', 'volatility_20_25_after', 'pips_agg_20_25_after', 'pips_candle_20_25_after', 'volatility_25_30_after', 'pips_agg_25_30_after', 'pips_candle_25_30_after', 'volatility_0_30_after', 'pips_agg_0_30_after', 'volatility_0_60_after', 'pips_agg_0_60_after', 'volatility_60_0_before', 'pips_agg_60_0_before', 'datetime', 'pips_agg_0_240_after']
2019-01-05 19:35:38,065 - INFO - X columns for the classification model: ['previous_error_diff_outlier_class', 'volatility_0_5_after', 'volatility_0_60_after', 'new_id', 'num_news', 'volatility_5_10_after', 'pips_candle_25_30_after', 'pips_agg_60_0_before', 'pips_agg_0_30_after', 'pips_candle_0_5_after', 'pe_accurate', 'forecast_error_diff_outlier_class', 'pips_agg_15_20_after', 'previous_error_diff_deviation', 'pips_agg_0_5_after', 'pips_candle_15_20_after', 'Medium', 'fe_worse', 'pe_better', 'volatility_25_30_after', 'volatility_10_15_after', 'weekday', 'volatility_60_0_before', 'pips_candle_20_25_after', 'pips_agg_25_30_after', 'year', 'pips_agg_20_25_after', 'forecast_error_diff_deviation', 'pips_agg_10_15_after', 'volatility_15_20_after', 'pips_agg_0_60_after', 'fe_accurate', 'pips_agg_5_10_after', 'volatility_0_30_after', 'pips_candle_5_10_after', 'pe_worse', 'High', 'volatility_20_25_after', 'week', 'fe_better', 'pips_candle_10_15_after', 'Low']
2019-01-05 19:35:38,229 - INFO - Starting KNeighborsClassifier
2019-01-05 19:42:41,789 - INFO - Starting SVC - rbf
2019-01-05 19:51:32,259 - INFO - Starting DecisionTreeClassifier
2019-01-05 19:52:07,214 - INFO - Starting RandomForestClassifier
2019-01-05 20:10:44,932 - INFO - Starting XGBClassifier
2019-01-05 20:11:40,550 - INFO - Starting GradientBoostingClassifier
2019-01-05 20:14:26,651 - INFO - Starting AdaBoostClassifier
2019-01-05 20:15:16,275 - INFO - X columns for the regression model: ['previous_error_diff_outlier_class', 'volatility_0_5_after', 'volatility_0_60_after', 'new_id', 'num_news', 'volatility_5_10_after', 'pips_candle_25_30_after', 'pips_agg_60_0_before', 'pips_agg_0_30_after', 'pips_candle_0_5_after', 'pe_accurate', 'forecast_error_diff_outlier_class', 'pips_agg_15_20_after', 'previous_error_diff_deviation', 'pips_agg_0_5_after', 'pips_candle_15_20_after', 'Medium', 'fe_worse', 'pe_better', 'volatility_25_30_after', 'volatility_10_15_after', 'weekday', 'volatility_60_0_before', 'pips_candle_20_25_after', 'pips_agg_25_30_after', 'year', 'pips_agg_20_25_after', 'forecast_error_diff_deviation', 'pips_agg_10_15_after', 'volatility_15_20_after', 'pips_agg_0_60_after', 'fe_accurate', 'pips_agg_5_10_after', 'volatility_0_30_after', 'pips_candle_5_10_after', 'pe_worse', 'High', 'volatility_20_25_after', 'week', 'fe_better', 'pips_candle_10_15_after', 'Low']
2019-01-05 20:15:16,426 - INFO - Starting KNeighborsRegressor
2019-01-05 20:22:00,122 - INFO - Starting SVR - rbf
2019-01-05 20:28:17,739 - INFO - Starting DecisionTreeRegressor
2019-01-05 20:28:52,363 - INFO - Starting RandomForestRegressor
2019-01-05 21:25:28,709 - INFO - Starting XGBRegressor
2019-01-05 21:25:48,602 - INFO - Starting GradientBoostingRegressor
2019-01-05 21:26:35,834 - INFO - Starting AdaBoostRegressor
2019-01-05 21:27:33,024 - INFO - sweep done in: 111.95 min
2019-01-05 21:27:33,029 - INFO - #########################
2019-01-05 21:27:33,030 - INFO - 
2019-01-05 21:27:33,030 - INFO - Starting a new sweep, grouping news by: ALL_YES_1_1_1
2019-01-05 21:28:29,576 - INFO - Starting a new sweep with market features: basic
2019-01-05 21:28:29,576 - INFO - Starting a new sweep, features before the publication are: included
2019-01-05 21:28:29,576 - INFO - Starting a new sweep, delay in between buying-selling is: 60_240
2019-01-05 21:28:29,576 - INFO - Starting a new sweep for grid mode: basic
2019-01-05 21:28:29,576 - INFO - List of dynamic market fields: ['volatility_0_5_after', 'pips_agg_0_5_after', 'volatility_5_10_after', 'pips_agg_5_10_after', 'volatility_10_15_after', 'pips_agg_10_15_after', 'volatility_15_20_after', 'pips_agg_15_20_after', 'volatility_20_25_after', 'pips_agg_20_25_after', 'volatility_25_30_after', 'pips_agg_25_30_after', 'volatility_0_30_after', 'pips_agg_0_30_after', 'volatility_0_60_after', 'pips_agg_0_60_after', 'volatility_60_0_before', 'pips_agg_60_0_before', 'datetime', 'pips_agg_0_240_after']
2019-01-05 21:28:30,768 - INFO - X columns for the classification model: ['previous_error_diff_outlier_class', 'volatility_0_5_after', 'volatility_0_60_after', 'new_id', 'num_news', 'volatility_5_10_after', 'pips_agg_60_0_before', 'pips_agg_0_30_after', 'pe_accurate', 'forecast_error_diff_outlier_class', 'pips_agg_15_20_after', 'previous_error_diff_deviation', 'pips_agg_0_5_after', 'Medium', 'fe_worse', 'pe_better', 'volatility_25_30_after', 'volatility_10_15_after', 'weekday', 'volatility_60_0_before', 'pips_agg_25_30_after', 'year', 'pips_agg_20_25_after', 'forecast_error_diff_deviation', 'pips_agg_10_15_after', 'volatility_15_20_after', 'pips_agg_0_60_after', 'fe_accurate', 'pips_agg_5_10_after', 'volatility_0_30_after', 'pe_worse', 'High', 'volatility_20_25_after', 'week', 'fe_better', 'Low']
2019-01-05 21:28:30,858 - INFO - Starting KNeighborsClassifier
2019-01-05 21:32:19,435 - INFO - Starting SVC - rbf
2019-01-05 21:36:01,022 - INFO - Starting DecisionTreeClassifier
2019-01-05 21:36:20,836 - INFO - Starting RandomForestClassifier
2019-01-05 21:49:46,977 - INFO - Starting XGBClassifier
2019-01-05 21:50:21,164 - INFO - Starting GradientBoostingClassifier
2019-01-05 21:51:53,647 - INFO - Starting AdaBoostClassifier
2019-01-05 21:52:23,998 - INFO - X columns for the regression model: ['previous_error_diff_outlier_class', 'volatility_0_5_after', 'volatility_0_60_after', 'new_id', 'num_news', 'volatility_5_10_after', 'pips_agg_60_0_before', 'pips_agg_0_30_after', 'pe_accurate', 'forecast_error_diff_outlier_class', 'pips_agg_15_20_after', 'previous_error_diff_deviation', 'pips_agg_0_5_after', 'Medium', 'fe_worse', 'pe_better', 'volatility_25_30_after', 'volatility_10_15_after', 'weekday', 'volatility_60_0_before', 'pips_agg_25_30_after', 'year', 'pips_agg_20_25_after', 'forecast_error_diff_deviation', 'pips_agg_10_15_after', 'volatility_15_20_after', 'pips_agg_0_60_after', 'fe_accurate', 'pips_agg_5_10_after', 'volatility_0_30_after', 'pe_worse', 'High', 'volatility_20_25_after', 'week', 'fe_better', 'Low']
2019-01-05 21:52:24,088 - INFO - Starting KNeighborsRegressor
2019-01-05 21:55:57,286 - INFO - Starting SVR - rbf
2019-01-05 21:58:41,145 - INFO - Starting DecisionTreeRegressor
2019-01-05 21:59:00,706 - INFO - Starting RandomForestRegressor
2019-01-05 22:26:40,443 - INFO - Starting XGBRegressor
2019-01-05 22:26:49,167 - INFO - Starting GradientBoostingRegressor
2019-01-05 22:27:07,846 - INFO - Starting AdaBoostRegressor
2019-01-05 22:27:26,958 - INFO - sweep done in: 58.96 min
2019-01-05 22:27:26,967 - INFO - Starting a new sweep with market features: all
2019-01-05 22:27:26,968 - INFO - Starting a new sweep, features before the publication are: included
2019-01-05 22:27:26,968 - INFO - Starting a new sweep, delay in between buying-selling is: 60_240
2019-01-05 22:27:26,968 - INFO - Starting a new sweep for grid mode: basic
2019-01-05 22:27:26,969 - INFO - List of dynamic market fields: ['volatility_0_5_after', 'pips_agg_0_5_after', 'pips_candle_0_5_after', 'volatility_5_10_after', 'pips_agg_5_10_after', 'pips_candle_5_10_after', 'volatility_10_15_after', 'pips_agg_10_15_after', 'pips_candle_10_15_after', 'volatility_15_20_after', 'pips_agg_15_20_after', 'pips_candle_15_20_after', 'volatility_20_25_after', 'pips_agg_20_25_after', 'pips_candle_20_25_after', 'volatility_25_30_after', 'pips_agg_25_30_after', 'pips_candle_25_30_after', 'volatility_0_30_after', 'pips_agg_0_30_after', 'volatility_0_60_after', 'pips_agg_0_60_after', 'volatility_60_0_before', 'pips_agg_60_0_before', 'datetime', 'pips_agg_0_240_after']
2019-01-05 22:27:27,881 - INFO - X columns for the classification model: ['previous_error_diff_outlier_class', 'volatility_0_5_after', 'volatility_0_60_after', 'new_id', 'num_news', 'volatility_5_10_after', 'pips_candle_25_30_after', 'pips_agg_60_0_before', 'pips_agg_0_30_after', 'pips_candle_0_5_after', 'pe_accurate', 'forecast_error_diff_outlier_class', 'pips_agg_15_20_after', 'previous_error_diff_deviation', 'pips_agg_0_5_after', 'pips_candle_15_20_after', 'Medium', 'fe_worse', 'pe_better', 'volatility_25_30_after', 'volatility_10_15_after', 'weekday', 'volatility_60_0_before', 'pips_candle_20_25_after', 'pips_agg_25_30_after', 'year', 'pips_agg_20_25_after', 'forecast_error_diff_deviation', 'pips_agg_10_15_after', 'volatility_15_20_after', 'pips_agg_0_60_after', 'fe_accurate', 'pips_agg_5_10_after', 'volatility_0_30_after', 'pips_candle_5_10_after', 'pe_worse', 'High', 'volatility_20_25_after', 'week', 'fe_better', 'pips_candle_10_15_after', 'Low']
2019-01-05 22:27:27,954 - INFO - Starting KNeighborsClassifier
2019-01-05 22:30:49,272 - INFO - Starting SVC - rbf
2019-01-05 22:33:52,646 - INFO - Starting DecisionTreeClassifier
2019-01-05 22:34:09,439 - INFO - Starting RandomForestClassifier
2019-01-05 22:43:51,847 - INFO - Starting XGBClassifier
2019-01-05 22:44:19,436 - INFO - Starting GradientBoostingClassifier
2019-01-05 22:45:32,900 - INFO - Starting AdaBoostClassifier
2019-01-05 22:45:56,799 - INFO - X columns for the regression model: ['previous_error_diff_outlier_class', 'volatility_0_5_after', 'volatility_0_60_after', 'new_id', 'num_news', 'volatility_5_10_after', 'pips_candle_25_30_after', 'pips_agg_60_0_before', 'pips_agg_0_30_after', 'pips_candle_0_5_after', 'pe_accurate', 'forecast_error_diff_outlier_class', 'pips_agg_15_20_after', 'previous_error_diff_deviation', 'pips_agg_0_5_after', 'pips_candle_15_20_after', 'Medium', 'fe_worse', 'pe_better', 'volatility_25_30_after', 'volatility_10_15_after', 'weekday', 'volatility_60_0_before', 'pips_candle_20_25_after', 'pips_agg_25_30_after', 'year', 'pips_agg_20_25_after', 'forecast_error_diff_deviation', 'pips_agg_10_15_after', 'volatility_15_20_after', 'pips_agg_0_60_after', 'fe_accurate', 'pips_agg_5_10_after', 'volatility_0_30_after', 'pips_candle_5_10_after', 'pe_worse', 'High', 'volatility_20_25_after', 'week', 'fe_better', 'pips_candle_10_15_after', 'Low']
2019-01-05 22:45:56,864 - INFO - Starting KNeighborsRegressor
2019-01-05 22:49:16,402 - INFO - Starting SVR - rbf
2019-01-05 22:51:25,353 - INFO - Starting DecisionTreeRegressor
2019-01-05 22:51:41,443 - INFO - Starting RandomForestRegressor
2019-01-05 23:17:59,858 - INFO - Starting XGBRegressor
2019-01-05 23:18:09,748 - INFO - Starting GradientBoostingRegressor
2019-01-05 23:18:30,215 - INFO - Starting AdaBoostRegressor
2019-01-05 23:18:55,541 - INFO - sweep done in: 51.48 min
2019-01-05 23:18:55,547 - INFO - #########################
2019-01-05 23:18:55,547 - INFO - 
2019-01-05 23:18:55,547 - INFO - Starting a new sweep, grouping news by: ALL_YES_3_2_1
2019-01-05 23:19:35,055 - INFO - Starting a new sweep with market features: basic
2019-01-05 23:19:35,055 - INFO - Starting a new sweep, features before the publication are: included
2019-01-05 23:19:35,056 - INFO - Starting a new sweep, delay in between buying-selling is: 60_240
2019-01-05 23:19:35,056 - INFO - Starting a new sweep for grid mode: basic
2019-01-05 23:19:35,056 - INFO - List of dynamic market fields: ['volatility_0_5_after', 'pips_agg_0_5_after', 'volatility_5_10_after', 'pips_agg_5_10_after', 'volatility_10_15_after', 'pips_agg_10_15_after', 'volatility_15_20_after', 'pips_agg_15_20_after', 'volatility_20_25_after', 'pips_agg_20_25_after', 'volatility_25_30_after', 'pips_agg_25_30_after', 'volatility_0_30_after', 'pips_agg_0_30_after', 'volatility_0_60_after', 'pips_agg_0_60_after', 'volatility_60_0_before', 'pips_agg_60_0_before', 'datetime', 'pips_agg_0_240_after']
2019-01-05 23:19:35,819 - INFO - X columns for the classification model: ['previous_error_diff_outlier_class', 'volatility_0_5_after', 'volatility_0_60_after', 'new_id', 'num_news', 'volatility_5_10_after', 'pips_agg_60_0_before', 'pips_agg_0_30_after', 'pe_accurate', 'forecast_error_diff_outlier_class', 'pips_agg_15_20_after', 'previous_error_diff_deviation', 'pips_agg_0_5_after', 'Medium', 'fe_worse', 'pe_better', 'volatility_25_30_after', 'volatility_10_15_after', 'weekday', 'volatility_60_0_before', 'pips_agg_25_30_after', 'year', 'pips_agg_20_25_after', 'forecast_error_diff_deviation', 'pips_agg_10_15_after', 'volatility_15_20_after', 'pips_agg_0_60_after', 'fe_accurate', 'pips_agg_5_10_after', 'volatility_0_30_after', 'pe_worse', 'High', 'volatility_20_25_after', 'week', 'fe_better', 'Low']
2019-01-05 23:19:35,883 - INFO - Starting KNeighborsClassifier
2019-01-05 23:22:49,589 - INFO - Starting SVC - rbf
2019-01-05 23:25:31,385 - INFO - Starting DecisionTreeClassifier
2019-01-05 23:25:45,948 - INFO - Starting RandomForestClassifier
2019-01-05 23:35:25,588 - INFO - Starting XGBClassifier
2019-01-05 23:35:48,959 - INFO - Starting GradientBoostingClassifier
2019-01-05 23:36:58,214 - INFO - Starting AdaBoostClassifier
2019-01-05 23:37:22,123 - INFO - X columns for the regression model: ['previous_error_diff_outlier_class', 'volatility_0_5_after', 'volatility_0_60_after', 'new_id', 'num_news', 'volatility_5_10_after', 'pips_agg_60_0_before', 'pips_agg_0_30_after', 'pe_accurate', 'forecast_error_diff_outlier_class', 'pips_agg_15_20_after', 'previous_error_diff_deviation', 'pips_agg_0_5_after', 'Medium', 'fe_worse', 'pe_better', 'volatility_25_30_after', 'volatility_10_15_after', 'weekday', 'volatility_60_0_before', 'pips_agg_25_30_after', 'year', 'pips_agg_20_25_after', 'forecast_error_diff_deviation', 'pips_agg_10_15_after', 'volatility_15_20_after', 'pips_agg_0_60_after', 'fe_accurate', 'pips_agg_5_10_after', 'volatility_0_30_after', 'pe_worse', 'High', 'volatility_20_25_after', 'week', 'fe_better', 'Low']
2019-01-05 23:37:22,185 - INFO - Starting KNeighborsRegressor
2019-01-05 23:41:12,892 - INFO - Starting SVR - rbf
2019-01-05 23:43:19,115 - INFO - Starting DecisionTreeRegressor
2019-01-05 23:43:34,367 - INFO - Starting RandomForestRegressor
2019-01-06 00:06:50,059 - INFO - Starting XGBRegressor
2019-01-06 00:06:58,600 - INFO - Starting GradientBoostingRegressor
2019-01-06 00:07:16,531 - INFO - Starting AdaBoostRegressor
2019-01-06 00:07:32,180 - INFO - sweep done in: 47.95 min
2019-01-06 00:07:32,189 - INFO - Starting a new sweep with market features: all
2019-01-06 00:07:32,189 - INFO - Starting a new sweep, features before the publication are: included
2019-01-06 00:07:32,189 - INFO - Starting a new sweep, delay in between buying-selling is: 60_240
2019-01-06 00:07:32,189 - INFO - Starting a new sweep for grid mode: basic
2019-01-06 00:07:32,190 - INFO - List of dynamic market fields: ['volatility_0_5_after', 'pips_agg_0_5_after', 'pips_candle_0_5_after', 'volatility_5_10_after', 'pips_agg_5_10_after', 'pips_candle_5_10_after', 'volatility_10_15_after', 'pips_agg_10_15_after', 'pips_candle_10_15_after', 'volatility_15_20_after', 'pips_agg_15_20_after', 'pips_candle_15_20_after', 'volatility_20_25_after', 'pips_agg_20_25_after', 'pips_candle_20_25_after', 'volatility_25_30_after', 'pips_agg_25_30_after', 'pips_candle_25_30_after', 'volatility_0_30_after', 'pips_agg_0_30_after', 'volatility_0_60_after', 'pips_agg_0_60_after', 'volatility_60_0_before', 'pips_agg_60_0_before', 'datetime', 'pips_agg_0_240_after']
2019-01-06 00:07:33,071 - INFO - X columns for the classification model: ['previous_error_diff_outlier_class', 'volatility_0_5_after', 'volatility_0_60_after', 'new_id', 'num_news', 'volatility_5_10_after', 'pips_candle_25_30_after', 'pips_agg_60_0_before', 'pips_agg_0_30_after', 'pips_candle_0_5_after', 'pe_accurate', 'forecast_error_diff_outlier_class', 'pips_agg_15_20_after', 'previous_error_diff_deviation', 'pips_agg_0_5_after', 'pips_candle_15_20_after', 'Medium', 'fe_worse', 'pe_better', 'volatility_25_30_after', 'volatility_10_15_after', 'weekday', 'volatility_60_0_before', 'pips_candle_20_25_after', 'pips_agg_25_30_after', 'year', 'pips_agg_20_25_after', 'forecast_error_diff_deviation', 'pips_agg_10_15_after', 'volatility_15_20_after', 'pips_agg_0_60_after', 'fe_accurate', 'pips_agg_5_10_after', 'volatility_0_30_after', 'pips_candle_5_10_after', 'pe_worse', 'High', 'volatility_20_25_after', 'week', 'fe_better', 'pips_candle_10_15_after', 'Low']
2019-01-06 00:07:33,144 - INFO - Starting KNeighborsClassifier
2019-01-06 00:11:25,082 - INFO - Starting SVC - rbf
2019-01-06 00:14:26,787 - INFO - Starting DecisionTreeClassifier
2019-01-06 00:14:43,995 - INFO - Starting RandomForestClassifier
2019-01-06 00:24:38,006 - INFO - Starting XGBClassifier
2019-01-06 00:25:04,657 - INFO - Starting GradientBoostingClassifier
2019-01-06 00:26:20,874 - INFO - Starting AdaBoostClassifier
2019-01-06 00:26:45,863 - INFO - X columns for the regression model: ['previous_error_diff_outlier_class', 'volatility_0_5_after', 'volatility_0_60_after', 'new_id', 'num_news', 'volatility_5_10_after', 'pips_candle_25_30_after', 'pips_agg_60_0_before', 'pips_agg_0_30_after', 'pips_candle_0_5_after', 'pe_accurate', 'forecast_error_diff_outlier_class', 'pips_agg_15_20_after', 'previous_error_diff_deviation', 'pips_agg_0_5_after', 'pips_candle_15_20_after', 'Medium', 'fe_worse', 'pe_better', 'volatility_25_30_after', 'volatility_10_15_after', 'weekday', 'volatility_60_0_before', 'pips_candle_20_25_after', 'pips_agg_25_30_after', 'year', 'pips_agg_20_25_after', 'forecast_error_diff_deviation', 'pips_agg_10_15_after', 'volatility_15_20_after', 'pips_agg_0_60_after', 'fe_accurate', 'pips_agg_5_10_after', 'volatility_0_30_after', 'pips_candle_5_10_after', 'pe_worse', 'High', 'volatility_20_25_after', 'week', 'fe_better', 'pips_candle_10_15_after', 'Low']
2019-01-06 00:26:45,932 - INFO - Starting KNeighborsRegressor
2019-01-06 00:30:51,219 - INFO - Starting SVR - rbf
2019-01-06 00:33:02,101 - INFO - Starting DecisionTreeRegressor
2019-01-06 00:33:19,009 - INFO - Starting RandomForestRegressor
2019-01-06 01:00:08,504 - INFO - Starting XGBRegressor
2019-01-06 01:00:18,460 - INFO - Starting GradientBoostingRegressor
2019-01-06 01:00:39,601 - INFO - Starting AdaBoostRegressor
2019-01-06 01:01:07,179 - INFO - sweep done in: 53.58 min
2019-01-06 01:01:07,187 - INFO - #########################
2019-01-06 01:01:07,187 - INFO - 
2019-01-06 01:01:07,187 - INFO - Starting a new sweep, grouping news by: High_NO_1_1_1
2019-01-06 01:01:17,390 - INFO - Starting a new sweep with market features: basic
2019-01-06 01:01:17,391 - INFO - Starting a new sweep, features before the publication are: included
2019-01-06 01:01:17,391 - INFO - Starting a new sweep, delay in between buying-selling is: 60_240
2019-01-06 01:01:17,391 - INFO - Starting a new sweep for grid mode: basic
2019-01-06 01:01:17,391 - INFO - List of dynamic market fields: ['volatility_0_5_after', 'pips_agg_0_5_after', 'volatility_5_10_after', 'pips_agg_5_10_after', 'volatility_10_15_after', 'pips_agg_10_15_after', 'volatility_15_20_after', 'pips_agg_15_20_after', 'volatility_20_25_after', 'pips_agg_20_25_after', 'volatility_25_30_after', 'pips_agg_25_30_after', 'volatility_0_30_after', 'pips_agg_0_30_after', 'volatility_0_60_after', 'pips_agg_0_60_after', 'volatility_60_0_before', 'pips_agg_60_0_before', 'datetime', 'pips_agg_0_240_after']
2019-01-06 01:01:17,844 - INFO - X columns for the classification model: ['previous_error_diff_outlier_class', 'volatility_0_5_after', 'volatility_0_60_after', 'new_id', 'num_news', 'volatility_5_10_after', 'pips_agg_60_0_before', 'pips_agg_0_30_after', 'pe_accurate', 'forecast_error_diff_outlier_class', 'pips_agg_15_20_after', 'previous_error_diff_deviation', 'pips_agg_0_5_after', 'fe_worse', 'pe_better', 'volatility_25_30_after', 'volatility_10_15_after', 'weekday', 'volatility_60_0_before', 'pips_agg_25_30_after', 'year', 'pips_agg_20_25_after', 'forecast_error_diff_deviation', 'pips_agg_10_15_after', 'volatility_15_20_after', 'pips_agg_0_60_after', 'fe_accurate', 'pips_agg_5_10_after', 'volatility_0_30_after', 'pe_worse', 'High', 'volatility_20_25_after', 'week', 'fe_better']
2019-01-06 01:01:17,886 - INFO - Starting KNeighborsClassifier
2019-01-06 01:01:52,505 - INFO - Starting SVC - rbf
2019-01-06 01:02:37,009 - INFO - Starting DecisionTreeClassifier
2019-01-06 01:02:45,214 - INFO - Starting RandomForestClassifier
2019-01-06 01:09:22,907 - INFO - Starting XGBClassifier
2019-01-06 01:09:35,886 - INFO - Starting GradientBoostingClassifier
2019-01-06 01:10:18,050 - INFO - Starting AdaBoostClassifier
2019-01-06 01:10:33,994 - INFO - X columns for the regression model: ['previous_error_diff_outlier_class', 'volatility_0_5_after', 'volatility_0_60_after', 'new_id', 'num_news', 'volatility_5_10_after', 'pips_agg_60_0_before', 'pips_agg_0_30_after', 'pe_accurate', 'forecast_error_diff_outlier_class', 'pips_agg_15_20_after', 'previous_error_diff_deviation', 'pips_agg_0_5_after', 'fe_worse', 'pe_better', 'volatility_25_30_after', 'volatility_10_15_after', 'weekday', 'volatility_60_0_before', 'pips_agg_25_30_after', 'year', 'pips_agg_20_25_after', 'forecast_error_diff_deviation', 'pips_agg_10_15_after', 'volatility_15_20_after', 'pips_agg_0_60_after', 'fe_accurate', 'pips_agg_5_10_after', 'volatility_0_30_after', 'pe_worse', 'High', 'volatility_20_25_after', 'week', 'fe_better']
2019-01-06 01:10:34,026 - INFO - Starting KNeighborsRegressor
2019-01-06 01:11:07,236 - INFO - Starting SVR - rbf
2019-01-06 01:11:40,773 - INFO - Starting DecisionTreeRegressor
2019-01-06 01:11:48,340 - INFO - Starting RandomForestRegressor
2019-01-06 01:24:46,581 - INFO - Starting XGBRegressor
2019-01-06 01:24:51,567 - INFO - Starting GradientBoostingRegressor
2019-01-06 01:25:01,827 - INFO - Starting AdaBoostRegressor
2019-01-06 01:25:13,761 - INFO - sweep done in: 23.94 min
2019-01-06 01:25:13,776 - INFO - Starting a new sweep with market features: all
2019-01-06 01:25:13,776 - INFO - Starting a new sweep, features before the publication are: included
2019-01-06 01:25:13,776 - INFO - Starting a new sweep, delay in between buying-selling is: 60_240
2019-01-06 01:25:13,776 - INFO - Starting a new sweep for grid mode: basic
2019-01-06 01:25:13,777 - INFO - List of dynamic market fields: ['volatility_0_5_after', 'pips_agg_0_5_after', 'pips_candle_0_5_after', 'volatility_5_10_after', 'pips_agg_5_10_after', 'pips_candle_5_10_after', 'volatility_10_15_after', 'pips_agg_10_15_after', 'pips_candle_10_15_after', 'volatility_15_20_after', 'pips_agg_15_20_after', 'pips_candle_15_20_after', 'volatility_20_25_after', 'pips_agg_20_25_after', 'pips_candle_20_25_after', 'volatility_25_30_after', 'pips_agg_25_30_after', 'pips_candle_25_30_after', 'volatility_0_30_after', 'pips_agg_0_30_after', 'volatility_0_60_after', 'pips_agg_0_60_after', 'volatility_60_0_before', 'pips_agg_60_0_before', 'datetime', 'pips_agg_0_240_after']
2019-01-06 01:25:14,318 - INFO - X columns for the classification model: ['previous_error_diff_outlier_class', 'volatility_0_5_after', 'volatility_0_60_after', 'new_id', 'num_news', 'volatility_5_10_after', 'pips_candle_25_30_after', 'pips_agg_60_0_before', 'pips_agg_0_30_after', 'pips_candle_0_5_after', 'pe_accurate', 'forecast_error_diff_outlier_class', 'pips_agg_15_20_after', 'previous_error_diff_deviation', 'pips_agg_0_5_after', 'pips_candle_15_20_after', 'fe_worse', 'pe_better', 'volatility_25_30_after', 'volatility_10_15_after', 'weekday', 'volatility_60_0_before', 'pips_candle_20_25_after', 'pips_agg_25_30_after', 'year', 'pips_agg_20_25_after', 'forecast_error_diff_deviation', 'pips_agg_10_15_after', 'volatility_15_20_after', 'pips_agg_0_60_after', 'fe_accurate', 'pips_agg_5_10_after', 'volatility_0_30_after', 'pips_candle_5_10_after', 'pe_worse', 'High', 'volatility_20_25_after', 'week', 'fe_better', 'pips_candle_10_15_after']
2019-01-06 01:25:14,361 - INFO - Starting KNeighborsClassifier
2019-01-06 01:25:55,136 - INFO - Starting SVC - rbf
2019-01-06 01:26:44,226 - INFO - Starting DecisionTreeClassifier
2019-01-06 01:26:53,367 - INFO - Starting RandomForestClassifier
2019-01-06 01:33:47,562 - INFO - Starting XGBClassifier
2019-01-06 01:34:02,509 - INFO - Starting GradientBoostingClassifier
2019-01-06 01:34:48,453 - INFO - Starting AdaBoostClassifier
2019-01-06 01:35:05,190 - INFO - X columns for the regression model: ['previous_error_diff_outlier_class', 'volatility_0_5_after', 'volatility_0_60_after', 'new_id', 'num_news', 'volatility_5_10_after', 'pips_candle_25_30_after', 'pips_agg_60_0_before', 'pips_agg_0_30_after', 'pips_candle_0_5_after', 'pe_accurate', 'forecast_error_diff_outlier_class', 'pips_agg_15_20_after', 'previous_error_diff_deviation', 'pips_agg_0_5_after', 'pips_candle_15_20_after', 'fe_worse', 'pe_better', 'volatility_25_30_after', 'volatility_10_15_after', 'weekday', 'volatility_60_0_before', 'pips_candle_20_25_after', 'pips_agg_25_30_after', 'year', 'pips_agg_20_25_after', 'forecast_error_diff_deviation', 'pips_agg_10_15_after', 'volatility_15_20_after', 'pips_agg_0_60_after', 'fe_accurate', 'pips_agg_5_10_after', 'volatility_0_30_after', 'pips_candle_5_10_after', 'pe_worse', 'High', 'volatility_20_25_after', 'week', 'fe_better', 'pips_candle_10_15_after']
2019-01-06 01:35:05,223 - INFO - Starting KNeighborsRegressor
2019-01-06 01:35:44,052 - INFO - Starting SVR - rbf
2019-01-06 01:36:21,827 - INFO - Starting DecisionTreeRegressor
2019-01-06 01:36:30,828 - INFO - Starting RandomForestRegressor
2019-01-06 01:51:25,835 - INFO - Starting XGBRegressor
2019-01-06 01:51:31,347 - INFO - Starting GradientBoostingRegressor
2019-01-06 01:51:42,897 - INFO - Starting AdaBoostRegressor
2019-01-06 01:51:58,574 - INFO - sweep done in: 26.75 min
2019-01-06 01:51:58,584 - INFO - #########################
2019-01-06 01:51:58,585 - INFO - 
2019-01-06 01:51:58,585 - INFO - Starting a new sweep, grouping news by: High_YES_1_1_1
2019-01-06 01:52:08,723 - INFO - Starting a new sweep with market features: basic
2019-01-06 01:52:08,723 - INFO - Starting a new sweep, features before the publication are: included
2019-01-06 01:52:08,723 - INFO - Starting a new sweep, delay in between buying-selling is: 60_240
2019-01-06 01:52:08,723 - INFO - Starting a new sweep for grid mode: basic
2019-01-06 01:52:08,723 - INFO - List of dynamic market fields: ['volatility_0_5_after', 'pips_agg_0_5_after', 'volatility_5_10_after', 'pips_agg_5_10_after', 'volatility_10_15_after', 'pips_agg_10_15_after', 'volatility_15_20_after', 'pips_agg_15_20_after', 'volatility_20_25_after', 'pips_agg_20_25_after', 'volatility_25_30_after', 'pips_agg_25_30_after', 'volatility_0_30_after', 'pips_agg_0_30_after', 'volatility_0_60_after', 'pips_agg_0_60_after', 'volatility_60_0_before', 'pips_agg_60_0_before', 'datetime', 'pips_agg_0_240_after']
2019-01-06 01:52:09,112 - INFO - X columns for the classification model: ['previous_error_diff_outlier_class', 'volatility_0_5_after', 'volatility_0_60_after', 'new_id', 'num_news', 'volatility_5_10_after', 'pips_agg_60_0_before', 'pips_agg_0_30_after', 'pe_accurate', 'forecast_error_diff_outlier_class', 'pips_agg_15_20_after', 'previous_error_diff_deviation', 'pips_agg_0_5_after', 'fe_worse', 'pe_better', 'volatility_25_30_after', 'volatility_10_15_after', 'weekday', 'volatility_60_0_before', 'pips_agg_25_30_after', 'year', 'pips_agg_20_25_after', 'forecast_error_diff_deviation', 'pips_agg_10_15_after', 'volatility_15_20_after', 'pips_agg_0_60_after', 'fe_accurate', 'pips_agg_5_10_after', 'volatility_0_30_after', 'pe_worse', 'High', 'volatility_20_25_after', 'week', 'fe_better']
2019-01-06 01:52:09,136 - INFO - Starting KNeighborsClassifier
2019-01-06 01:52:39,108 - INFO - Starting SVC - rbf
2019-01-06 01:53:05,669 - INFO - Starting DecisionTreeClassifier
2019-01-06 01:53:11,525 - INFO - Starting RandomForestClassifier
2019-01-06 01:58:07,308 - INFO - Starting XGBClassifier
2019-01-06 01:58:14,334 - INFO - Starting GradientBoostingClassifier
2019-01-06 01:58:36,816 - INFO - Starting AdaBoostClassifier
2019-01-06 01:58:45,669 - INFO - X columns for the regression model: ['previous_error_diff_outlier_class', 'volatility_0_5_after', 'volatility_0_60_after', 'new_id', 'num_news', 'volatility_5_10_after', 'pips_agg_60_0_before', 'pips_agg_0_30_after', 'pe_accurate', 'forecast_error_diff_outlier_class', 'pips_agg_15_20_after', 'previous_error_diff_deviation', 'pips_agg_0_5_after', 'fe_worse', 'pe_better', 'volatility_25_30_after', 'volatility_10_15_after', 'weekday', 'volatility_60_0_before', 'pips_agg_25_30_after', 'year', 'pips_agg_20_25_after', 'forecast_error_diff_deviation', 'pips_agg_10_15_after', 'volatility_15_20_after', 'pips_agg_0_60_after', 'fe_accurate', 'pips_agg_5_10_after', 'volatility_0_30_after', 'pe_worse', 'High', 'volatility_20_25_after', 'week', 'fe_better']
2019-01-06 01:58:45,688 - INFO - Starting KNeighborsRegressor
2019-01-06 01:59:05,892 - INFO - Starting SVR - rbf
2019-01-06 01:59:20,018 - INFO - Starting DecisionTreeRegressor
2019-01-06 01:59:23,720 - INFO - Starting RandomForestRegressor
2019-01-06 02:06:04,074 - INFO - Starting XGBRegressor
2019-01-06 02:06:06,683 - INFO - Starting GradientBoostingRegressor
2019-01-06 02:06:11,955 - INFO - Starting AdaBoostRegressor
2019-01-06 02:06:20,901 - INFO - sweep done in: 14.20 min
2019-01-06 02:06:20,908 - INFO - Starting a new sweep with market features: all
2019-01-06 02:06:20,909 - INFO - Starting a new sweep, features before the publication are: included
2019-01-06 02:06:20,909 - INFO - Starting a new sweep, delay in between buying-selling is: 60_240
2019-01-06 02:06:20,909 - INFO - Starting a new sweep for grid mode: basic
2019-01-06 02:06:20,909 - INFO - List of dynamic market fields: ['volatility_0_5_after', 'pips_agg_0_5_after', 'pips_candle_0_5_after', 'volatility_5_10_after', 'pips_agg_5_10_after', 'pips_candle_5_10_after', 'volatility_10_15_after', 'pips_agg_10_15_after', 'pips_candle_10_15_after', 'volatility_15_20_after', 'pips_agg_15_20_after', 'pips_candle_15_20_after', 'volatility_20_25_after', 'pips_agg_20_25_after', 'pips_candle_20_25_after', 'volatility_25_30_after', 'pips_agg_25_30_after', 'pips_candle_25_30_after', 'volatility_0_30_after', 'pips_agg_0_30_after', 'volatility_0_60_after', 'pips_agg_0_60_after', 'volatility_60_0_before', 'pips_agg_60_0_before', 'datetime', 'pips_agg_0_240_after']
2019-01-06 02:06:21,319 - INFO - X columns for the classification model: ['previous_error_diff_outlier_class', 'volatility_0_5_after', 'volatility_0_60_after', 'new_id', 'num_news', 'volatility_5_10_after', 'pips_candle_25_30_after', 'pips_agg_60_0_before', 'pips_agg_0_30_after', 'pips_candle_0_5_after', 'pe_accurate', 'forecast_error_diff_outlier_class', 'pips_agg_15_20_after', 'previous_error_diff_deviation', 'pips_agg_0_5_after', 'pips_candle_15_20_after', 'fe_worse', 'pe_better', 'volatility_25_30_after', 'volatility_10_15_after', 'weekday', 'volatility_60_0_before', 'pips_candle_20_25_after', 'pips_agg_25_30_after', 'year', 'pips_agg_20_25_after', 'forecast_error_diff_deviation', 'pips_agg_10_15_after', 'volatility_15_20_after', 'pips_agg_0_60_after', 'fe_accurate', 'pips_agg_5_10_after', 'volatility_0_30_after', 'pips_candle_5_10_after', 'pe_worse', 'High', 'volatility_20_25_after', 'week', 'fe_better', 'pips_candle_10_15_after']
2019-01-06 02:06:21,355 - INFO - Starting KNeighborsClassifier
2019-01-06 02:06:45,233 - INFO - Starting SVC - rbf
2019-01-06 02:07:05,579 - INFO - Starting DecisionTreeClassifier
2019-01-06 02:07:10,175 - INFO - Starting RandomForestClassifier
2019-01-06 02:11:11,427 - INFO - Starting XGBClassifier
2019-01-06 02:11:19,480 - INFO - Starting GradientBoostingClassifier
2019-01-06 02:11:44,699 - INFO - Starting AdaBoostClassifier
2019-01-06 02:11:54,373 - INFO - X columns for the regression model: ['previous_error_diff_outlier_class', 'volatility_0_5_after', 'volatility_0_60_after', 'new_id', 'num_news', 'volatility_5_10_after', 'pips_candle_25_30_after', 'pips_agg_60_0_before', 'pips_agg_0_30_after', 'pips_candle_0_5_after', 'pe_accurate', 'forecast_error_diff_outlier_class', 'pips_agg_15_20_after', 'previous_error_diff_deviation', 'pips_agg_0_5_after', 'pips_candle_15_20_after', 'fe_worse', 'pe_better', 'volatility_25_30_after', 'volatility_10_15_after', 'weekday', 'volatility_60_0_before', 'pips_candle_20_25_after', 'pips_agg_25_30_after', 'year', 'pips_agg_20_25_after', 'forecast_error_diff_deviation', 'pips_agg_10_15_after', 'volatility_15_20_after', 'pips_agg_0_60_after', 'fe_accurate', 'pips_agg_5_10_after', 'volatility_0_30_after', 'pips_candle_5_10_after', 'pe_worse', 'High', 'volatility_20_25_after', 'week', 'fe_better', 'pips_candle_10_15_after']
2019-01-06 02:11:54,396 - INFO - Starting KNeighborsRegressor
2019-01-06 02:12:17,982 - INFO - Starting SVR - rbf
2019-01-06 02:12:33,975 - INFO - Starting DecisionTreeRegressor
2019-01-06 02:12:38,513 - INFO - Starting RandomForestRegressor
2019-01-06 08:27:45,959 - INFO - Starting XGBRegressor
2019-01-06 08:27:48,561 - INFO - Starting GradientBoostingRegressor
2019-01-06 08:27:52,972 - INFO - Starting AdaBoostRegressor
2019-01-06 08:28:00,969 - INFO - sweep done in: 381.67 min
